[1.236s] Invoking command in '/home/suwi/ros2_4dof_arm/build/dobot_description': CMAKE_PREFIX_PATH=${CMAKE_PREFIX_PATH}:/home/suwi/ros2_4dof_arm/install/moveit_configs_utils:/home/suwi/ros2_ws_prac/install/pub_sub:/opt/ros/humble /usr/bin/cmake --build /home/suwi/ros2_4dof_arm/build/dobot_description -- -j8 -l8
[2.059s] Invoked command in '/home/suwi/ros2_4dof_arm/build/dobot_description' returned '0': CMAKE_PREFIX_PATH=${CMAKE_PREFIX_PATH}:/home/suwi/ros2_4dof_arm/install/moveit_configs_utils:/home/suwi/ros2_ws_prac/install/pub_sub:/opt/ros/humble /usr/bin/cmake --build /home/suwi/ros2_4dof_arm/build/dobot_description -- -j8 -l8
[2.060s] Invoking command in '/home/suwi/ros2_4dof_arm/build/dobot_description': CMAKE_PREFIX_PATH=${CMAKE_PREFIX_PATH}:/home/suwi/ros2_4dof_arm/install/moveit_configs_utils:/home/suwi/ros2_ws_prac/install/pub_sub:/opt/ros/humble /usr/bin/cmake --install /home/suwi/ros2_4dof_arm/build/dobot_description
[2.136s] -- Install configuration: ""
[2.143s] -- Up-to-date: /home/suwi/ros2_4dof_arm/install/dobot_description/share/dobot_description/launch
[2.147s] -- Up-to-date: /home/suwi/ros2_4dof_arm/install/dobot_description/share/dobot_description/launch/display.launch.py
[2.154s] -- Up-to-date: /home/suwi/ros2_4dof_arm/install/dobot_description/share/dobot_description/meshes
[2.160s] -- Up-to-date: /home/suwi/ros2_4dof_arm/install/dobot_description/share/dobot_description/meshes/dae
[2.160s] -- Up-to-date: /home/suwi/ros2_4dof_arm/install/dobot_description/share/dobot_description/meshes/dae/jaw_left.dae
[2.162s] -- Up-to-date: /home/suwi/ros2_4dof_arm/install/dobot_description/share/dobot_description/meshes/dae/magicianLink1.dae
[2.162s] -- Up-to-date: /home/suwi/ros2_4dof_arm/install/dobot_description/share/dobot_description/meshes/dae/magicianSuctionCup.dae
[2.163s] -- Up-to-date: /home/suwi/ros2_4dof_arm/install/dobot_description/share/dobot_description/meshes/dae/suction_cup.dae
[2.164s] -- Up-to-date: /home/suwi/ros2_4dof_arm/install/dobot_description/share/dobot_description/meshes/dae/jaw_right.dae
[2.165s] -- Up-to-date: /home/suwi/ros2_4dof_arm/install/dobot_description/share/dobot_description/meshes/dae/IntelRealSenseD435i.dae
[2.165s] -- Up-to-date: /home/suwi/ros2_4dof_arm/install/dobot_description/share/dobot_description/meshes/dae/stl
[2.167s] -- Up-to-date: /home/suwi/ros2_4dof_arm/install/dobot_description/share/dobot_description/meshes/dae/stl/realsense_gripper.stl
[2.167s] -- Up-to-date: /home/suwi/ros2_4dof_arm/install/dobot_description/share/dobot_description/meshes/dae/stl/dobot_gripper_extender.stl
[2.168s] -- Up-to-date: /home/suwi/ros2_4dof_arm/install/dobot_description/share/dobot_description/meshes/dae/magicianGripper.dae
[2.168s] -- Up-to-date: /home/suwi/ros2_4dof_arm/install/dobot_description/share/dobot_description/meshes/dae/magicianLink2.dae
[2.168s] -- Up-to-date: /home/suwi/ros2_4dof_arm/install/dobot_description/share/dobot_description/meshes/dae/magicianLink4.dae
[2.195s] -- Up-to-date: /home/suwi/ros2_4dof_arm/install/dobot_description/share/dobot_description/meshes/dae/magicianLink4_default.dae
[2.195s] -- Up-to-date: /home/suwi/ros2_4dof_arm/install/dobot_description/share/dobot_description/meshes/dae/magicianBase.dae
[2.195s] -- Up-to-date: /home/suwi/ros2_4dof_arm/install/dobot_description/share/dobot_description/meshes/dae/magician_pen.dae
[2.196s] -- Up-to-date: /home/suwi/ros2_4dof_arm/install/dobot_description/share/dobot_description/meshes/dae/moving_gripper.dae
[2.196s] -- Up-to-date: /home/suwi/ros2_4dof_arm/install/dobot_description/share/dobot_description/meshes/dae/gripper_core.dae
[2.196s] -- Up-to-date: /home/suwi/ros2_4dof_arm/install/dobot_description/share/dobot_description/meshes/dae/camera.dae
[2.197s] -- Up-to-date: /home/suwi/ros2_4dof_arm/install/dobot_description/share/dobot_description/meshes/dae/jaw_left_extended.dae
[2.197s] -- Up-to-date: /home/suwi/ros2_4dof_arm/install/dobot_description/share/dobot_description/meshes/dae/jaw_right_extended.dae
[2.197s] -- Up-to-date: /home/suwi/ros2_4dof_arm/install/dobot_description/share/dobot_description/meshes/dae/magicianLink3.dae
[2.198s] -- Up-to-date: /home/suwi/ros2_4dof_arm/install/dobot_description/share/dobot_description/meshes/collision
[2.198s] -- Up-to-date: /home/suwi/ros2_4dof_arm/install/dobot_description/share/dobot_description/meshes/collision/urdf_models
[2.201s] -- Up-to-date: /home/suwi/ros2_4dof_arm/install/dobot_description/share/dobot_description/meshes/collision/urdf_models/gripper.urdf
[2.202s] -- Up-to-date: /home/suwi/ros2_4dof_arm/install/dobot_description/share/dobot_description/meshes/collision/urdf_models/extended_gripper.urdf
[2.202s] -- Up-to-date: /home/suwi/ros2_4dof_arm/install/dobot_description/share/dobot_description/meshes/collision/urdf_models/suction_cup.urdf
[2.202s] -- Up-to-date: /home/suwi/ros2_4dof_arm/install/dobot_description/share/dobot_description/meshes/collision/urdf_models/pen.urdf
[2.202s] -- Up-to-date: /home/suwi/ros2_4dof_arm/install/dobot_description/share/dobot_description/meshes/collision/urdf_models/dobot_with_rail.urdf
[2.203s] -- Up-to-date: /home/suwi/ros2_4dof_arm/install/dobot_description/share/dobot_description/meshes/collision/urdf_models/sliding_rail_draft.urdf
[2.203s] -- Up-to-date: /home/suwi/ros2_4dof_arm/install/dobot_description/share/dobot_description/meshes/collision/urdf_models/3DOF.urdf
[2.203s] -- Up-to-date: /home/suwi/ros2_4dof_arm/install/dobot_description/share/dobot_description/meshes/collision/core
[2.204s] -- Up-to-date: /home/suwi/ros2_4dof_arm/install/dobot_description/share/dobot_description/meshes/collision/core/magicianLink1.dae
[2.204s] -- Up-to-date: /home/suwi/ros2_4dof_arm/install/dobot_description/share/dobot_description/meshes/collision/core/magicianLink2.dae
[2.204s] -- Up-to-date: /home/suwi/ros2_4dof_arm/install/dobot_description/share/dobot_description/meshes/collision/core/magicianBase.dae
[2.204s] -- Up-to-date: /home/suwi/ros2_4dof_arm/install/dobot_description/share/dobot_description/meshes/collision/core/magicianLink3.dae
[2.205s] -- Up-to-date: /home/suwi/ros2_4dof_arm/install/dobot_description/share/dobot_description/meshes/collision/additional_elements
[2.212s] -- Up-to-date: /home/suwi/ros2_4dof_arm/install/dobot_description/share/dobot_description/meshes/collision/additional_elements/sliding_rail.dae
[2.212s] -- Up-to-date: /home/suwi/ros2_4dof_arm/install/dobot_description/share/dobot_description/meshes/collision/end_tools
[2.212s] -- Up-to-date: /home/suwi/ros2_4dof_arm/install/dobot_description/share/dobot_description/meshes/collision/end_tools/pen_collision_part1.dae
[2.212s] -- Up-to-date: /home/suwi/ros2_4dof_arm/install/dobot_description/share/dobot_description/meshes/collision/end_tools/suction_cup_collision_part2.dae
[2.213s] -- Up-to-date: /home/suwi/ros2_4dof_arm/install/dobot_description/share/dobot_description/meshes/collision/end_tools/extended_gripper_collision_part1.dae
[2.213s] -- Up-to-date: /home/suwi/ros2_4dof_arm/install/dobot_description/share/dobot_description/meshes/collision/end_tools/extended_gripper_collision_part2.dae
[2.213s] -- Up-to-date: /home/suwi/ros2_4dof_arm/install/dobot_description/share/dobot_description/meshes/collision/end_tools/pen_collision_part2.dae
[2.213s] -- Up-to-date: /home/suwi/ros2_4dof_arm/install/dobot_description/share/dobot_description/meshes/collision/end_tools/link4_collision.dae
[2.214s] -- Up-to-date: /home/suwi/ros2_4dof_arm/install/dobot_description/share/dobot_description/meshes/collision/end_tools/gripper_collision_part1.dae
[2.214s] -- Up-to-date: /home/suwi/ros2_4dof_arm/install/dobot_description/share/dobot_description/meshes/collision/end_tools/suction_cup_collision_part1.dae
[2.214s] -- Up-to-date: /home/suwi/ros2_4dof_arm/install/dobot_description/share/dobot_description/meshes/collision/end_tools/gripper_collision_part2.dae
[2.214s] -- Up-to-date: /home/suwi/ros2_4dof_arm/install/dobot_description/share/dobot_description/rviz
[2.215s] -- Up-to-date: /home/suwi/ros2_4dof_arm/install/dobot_description/share/dobot_description/rviz/urdf_full.rviz
[2.220s] -- Up-to-date: /home/suwi/ros2_4dof_arm/install/dobot_description/share/dobot_description/rviz/urdf.rviz
[2.220s] -- Up-to-date: /home/suwi/ros2_4dof_arm/install/dobot_description/share/dobot_description/model
[2.220s] -- Up-to-date: /home/suwi/ros2_4dof_arm/install/dobot_description/share/dobot_description/model/dobot_common.urdf.xacro
[2.221s] -- Up-to-date: /home/suwi/ros2_4dof_arm/install/dobot_description/share/dobot_description/model/magician_standalone.urdf.xacro
[2.221s] -- Up-to-date: /home/suwi/ros2_4dof_arm/install/dobot_description/share/dobot_description/model/magician.urdf.xacro
[2.221s] -- Up-to-date: /home/suwi/ros2_4dof_arm/install/dobot_description/share/dobot_description/model/clean_model_no_macros.urdf
[2.221s] -- Up-to-date: /home/suwi/ros2_4dof_arm/install/dobot_description/share/ament_index/resource_index/package_run_dependencies/dobot_description
[2.222s] -- Up-to-date: /home/suwi/ros2_4dof_arm/install/dobot_description/share/ament_index/resource_index/parent_prefix_path/dobot_description
[2.222s] -- Up-to-date: /home/suwi/ros2_4dof_arm/install/dobot_description/share/dobot_description/environment/ament_prefix_path.sh
[2.222s] -- Up-to-date: /home/suwi/ros2_4dof_arm/install/dobot_description/share/dobot_description/environment/ament_prefix_path.dsv
[2.222s] -- Up-to-date: /home/suwi/ros2_4dof_arm/install/dobot_description/share/dobot_description/environment/path.sh
[2.233s] -- Up-to-date: /home/suwi/ros2_4dof_arm/install/dobot_description/share/dobot_description/environment/path.dsv
[2.233s] -- Up-to-date: /home/suwi/ros2_4dof_arm/install/dobot_description/share/dobot_description/local_setup.bash
[2.233s] -- Up-to-date: /home/suwi/ros2_4dof_arm/install/dobot_description/share/dobot_description/local_setup.sh
[2.233s] -- Up-to-date: /home/suwi/ros2_4dof_arm/install/dobot_description/share/dobot_description/local_setup.zsh
[2.233s] -- Up-to-date: /home/suwi/ros2_4dof_arm/install/dobot_description/share/dobot_description/local_setup.dsv
[2.234s] -- Installing: /home/suwi/ros2_4dof_arm/install/dobot_description/share/dobot_description/package.dsv
[2.234s] -- Up-to-date: /home/suwi/ros2_4dof_arm/install/dobot_description/share/ament_index/resource_index/packages/dobot_description
[2.234s] -- Up-to-date: /home/suwi/ros2_4dof_arm/install/dobot_description/share/dobot_description/cmake/dobot_descriptionConfig.cmake
[2.234s] -- Up-to-date: /home/suwi/ros2_4dof_arm/install/dobot_description/share/dobot_description/cmake/dobot_descriptionConfig-version.cmake
[2.235s] -- Up-to-date: /home/suwi/ros2_4dof_arm/install/dobot_description/share/dobot_description/package.xml
[2.321s] Invoked command in '/home/suwi/ros2_4dof_arm/build/dobot_description' returned '0': CMAKE_PREFIX_PATH=${CMAKE_PREFIX_PATH}:/home/suwi/ros2_4dof_arm/install/moveit_configs_utils:/home/suwi/ros2_ws_prac/install/pub_sub:/opt/ros/humble /usr/bin/cmake --install /home/suwi/ros2_4dof_arm/build/dobot_description
