[0.037s] Invoking command in '/home/suwi/ros2_4dof_arm/build/moveit_resources_fanuc_description': CMAKE_PREFIX_PATH=${CMAKE_PREFIX_PATH}:/home/suwi/ros2_ws_prac/install/pub_sub /usr/bin/cmake --build /home/suwi/ros2_4dof_arm/build/moveit_resources_fanuc_description -- -j8 -l8
[0.212s] Invoked command in '/home/suwi/ros2_4dof_arm/build/moveit_resources_fanuc_description' returned '0': CMAKE_PREFIX_PATH=${CMAKE_PREFIX_PATH}:/home/suwi/ros2_ws_prac/install/pub_sub /usr/bin/cmake --build /home/suwi/ros2_4dof_arm/build/moveit_resources_fanuc_description -- -j8 -l8
[0.213s] Invoking command in '/home/suwi/ros2_4dof_arm/build/moveit_resources_fanuc_description': CMAKE_PREFIX_PATH=${CMAKE_PREFIX_PATH}:/home/suwi/ros2_ws_prac/install/pub_sub /usr/bin/cmake --install /home/suwi/ros2_4dof_arm/build/moveit_resources_fanuc_description
[0.243s] -- Install configuration: ""
[0.244s] -- Execute custom install script
[0.245s] -- Up-to-date symlink: /home/suwi/ros2_4dof_arm/install/moveit_resources_fanuc_description/share/ament_index/resource_index/package_run_dependencies/moveit_resources_fanuc_description
[0.246s] -- Up-to-date symlink: /home/suwi/ros2_4dof_arm/install/moveit_resources_fanuc_description/share/ament_index/resource_index/parent_prefix_path/moveit_resources_fanuc_description
[0.247s] -- Up-to-date symlink: /home/suwi/ros2_4dof_arm/install/moveit_resources_fanuc_description/share/moveit_resources_fanuc_description/environment/ament_prefix_path.sh
[0.248s] -- Up-to-date symlink: /home/suwi/ros2_4dof_arm/install/moveit_resources_fanuc_description/share/moveit_resources_fanuc_description/environment/ament_prefix_path.dsv
[0.249s] -- Up-to-date symlink: /home/suwi/ros2_4dof_arm/install/moveit_resources_fanuc_description/share/moveit_resources_fanuc_description/environment/path.sh
[0.249s] -- Up-to-date symlink: /home/suwi/ros2_4dof_arm/install/moveit_resources_fanuc_description/share/moveit_resources_fanuc_description/environment/path.dsv
[0.250s] -- Up-to-date symlink: /home/suwi/ros2_4dof_arm/install/moveit_resources_fanuc_description/share/moveit_resources_fanuc_description/local_setup.bash
[0.252s] -- Up-to-date symlink: /home/suwi/ros2_4dof_arm/install/moveit_resources_fanuc_description/share/moveit_resources_fanuc_description/local_setup.sh
[0.252s] -- Up-to-date symlink: /home/suwi/ros2_4dof_arm/install/moveit_resources_fanuc_description/share/moveit_resources_fanuc_description/local_setup.zsh
[0.253s] -- Up-to-date symlink: /home/suwi/ros2_4dof_arm/install/moveit_resources_fanuc_description/share/moveit_resources_fanuc_description/local_setup.dsv
[0.253s] -- Up-to-date symlink: /home/suwi/ros2_4dof_arm/install/moveit_resources_fanuc_description/share/moveit_resources_fanuc_description/package.dsv
[0.254s] -- Up-to-date symlink: /home/suwi/ros2_4dof_arm/install/moveit_resources_fanuc_description/share/ament_index/resource_index/packages/moveit_resources_fanuc_description
[0.255s] -- Up-to-date symlink: /home/suwi/ros2_4dof_arm/install/moveit_resources_fanuc_description/share/moveit_resources_fanuc_description/cmake/moveit_resources_fanuc_descriptionConfig.cmake
[0.256s] -- Up-to-date symlink: /home/suwi/ros2_4dof_arm/install/moveit_resources_fanuc_description/share/moveit_resources_fanuc_description/cmake/moveit_resources_fanuc_descriptionConfig-version.cmake
[0.256s] -- Up-to-date symlink: /home/suwi/ros2_4dof_arm/install/moveit_resources_fanuc_description/share/moveit_resources_fanuc_description/package.xml
[0.258s] -- Up-to-date symlink: /home/suwi/ros2_4dof_arm/install/moveit_resources_fanuc_description/share/moveit_resources_fanuc_description/meshes/collision/base_link.stl
[0.259s] -- Up-to-date symlink: /home/suwi/ros2_4dof_arm/install/moveit_resources_fanuc_description/share/moveit_resources_fanuc_description/meshes/collision/link_1.stl
[0.260s] -- Up-to-date symlink: /home/suwi/ros2_4dof_arm/install/moveit_resources_fanuc_description/share/moveit_resources_fanuc_description/meshes/collision/link_2.stl
[0.261s] -- Up-to-date symlink: /home/suwi/ros2_4dof_arm/install/moveit_resources_fanuc_description/share/moveit_resources_fanuc_description/meshes/collision/link_3.stl
[0.261s] -- Up-to-date symlink: /home/suwi/ros2_4dof_arm/install/moveit_resources_fanuc_description/share/moveit_resources_fanuc_description/meshes/collision/link_4.stl
[0.262s] -- Up-to-date symlink: /home/suwi/ros2_4dof_arm/install/moveit_resources_fanuc_description/share/moveit_resources_fanuc_description/meshes/collision/link_5.stl
[0.263s] -- Up-to-date symlink: /home/suwi/ros2_4dof_arm/install/moveit_resources_fanuc_description/share/moveit_resources_fanuc_description/meshes/collision/link_6.stl
[0.263s] -- Up-to-date symlink: /home/suwi/ros2_4dof_arm/install/moveit_resources_fanuc_description/share/moveit_resources_fanuc_description/meshes/visual/base_link.stl
[0.264s] -- Up-to-date symlink: /home/suwi/ros2_4dof_arm/install/moveit_resources_fanuc_description/share/moveit_resources_fanuc_description/meshes/visual/link_1.stl
[0.265s] -- Up-to-date symlink: /home/suwi/ros2_4dof_arm/install/moveit_resources_fanuc_description/share/moveit_resources_fanuc_description/meshes/visual/link_2.stl
[0.266s] -- Up-to-date symlink: /home/suwi/ros2_4dof_arm/install/moveit_resources_fanuc_description/share/moveit_resources_fanuc_description/meshes/visual/link_3.stl
[0.266s] -- Up-to-date symlink: /home/suwi/ros2_4dof_arm/install/moveit_resources_fanuc_description/share/moveit_resources_fanuc_description/meshes/visual/link_4.stl
[0.267s] -- Up-to-date symlink: /home/suwi/ros2_4dof_arm/install/moveit_resources_fanuc_description/share/moveit_resources_fanuc_description/meshes/visual/link_5.stl
[0.268s] -- Up-to-date symlink: /home/suwi/ros2_4dof_arm/install/moveit_resources_fanuc_description/share/moveit_resources_fanuc_description/meshes/visual/link_6.stl
[0.269s] -- Up-to-date symlink: /home/suwi/ros2_4dof_arm/install/moveit_resources_fanuc_description/share/moveit_resources_fanuc_description/urdf/fanuc.urdf
[0.274s] Invoked command in '/home/suwi/ros2_4dof_arm/build/moveit_resources_fanuc_description' returned '0': CMAKE_PREFIX_PATH=${CMAKE_PREFIX_PATH}:/home/suwi/ros2_ws_prac/install/pub_sub /usr/bin/cmake --install /home/suwi/ros2_4dof_arm/build/moveit_resources_fanuc_description
