[0.400s] Invoking command in '/home/suwi/ros2_4dof_arm/build/four_dof_arm': CMAKE_PREFIX_PATH=${CMAKE_PREFIX_PATH}:/home/suwi/ros2_4dof_arm/install/moveit_configs_utils:/home/suwi/ros2_ws_prac/install/pub_sub:/opt/ros/humble /usr/bin/cmake --build /home/suwi/ros2_4dof_arm/build/four_dof_arm -- -j8 -l8
[0.615s] -- Found ament_cmake: 1.3.11 (/opt/ros/humble/share/ament_cmake/cmake)
[0.992s] -- Override CMake install command with custom implementation using symlinks instead of copying resources
[1.041s] -- Found rclcpp: 16.0.12 (/opt/ros/humble/share/rclcpp/cmake)
[1.150s] -- Found rosidl_generator_c: 3.1.6 (/opt/ros/humble/share/rosidl_generator_c/cmake)
[1.159s] -- Found rosidl_adapter: 3.1.6 (/opt/ros/humble/share/rosidl_adapter/cmake)
[1.182s] -- Found rosidl_generator_cpp: 3.1.6 (/opt/ros/humble/share/rosidl_generator_cpp/cmake)
[1.220s] -- Using all available rosidl_typesupport_c: rosidl_typesupport_fastrtps_c;rosidl_typesupport_introspection_c
[1.264s] -- Using all available rosidl_typesupport_cpp: rosidl_typesupport_fastrtps_cpp;rosidl_typesupport_introspection_cpp
[1.383s] -- Found rmw_implementation_cmake: 6.1.2 (/opt/ros/humble/share/rmw_implementation_cmake/cmake)
[1.388s] -- Found rmw_fastrtps_cpp: 6.2.7 (/opt/ros/humble/share/rmw_fastrtps_cpp/cmake)
[2.148s] -- Using RMW implementation 'rmw_fastrtps_cpp' as default
[2.288s] -- Found rclpy: 3.3.16 (/opt/ros/humble/share/rclpy/cmake)
[2.289s] -- Found ament_lint_auto: 0.12.12 (/opt/ros/humble/share/ament_lint_auto/cmake)
[2.641s] -- Added test 'copyright' to check source files copyright and LICENSE
[2.666s] -- Added test 'flake8' to check Python code syntax and style conventions
[2.673s] -- Added test 'lint_cmake' to check CMake code style
[2.673s] -- Added test 'pep257' to check Python code against some of the docstring style conventions in PEP 257
[2.689s] -- Added test 'xmllint' to check XML markup files
[2.710s] -- Configuring done
[2.785s] -- Generating done
[2.794s] -- Build files have been written to: /home/suwi/ros2_4dof_arm/build/four_dof_arm
[2.944s] Invoked command in '/home/suwi/ros2_4dof_arm/build/four_dof_arm' returned '0': CMAKE_PREFIX_PATH=${CMAKE_PREFIX_PATH}:/home/suwi/ros2_4dof_arm/install/moveit_configs_utils:/home/suwi/ros2_ws_prac/install/pub_sub:/opt/ros/humble /usr/bin/cmake --build /home/suwi/ros2_4dof_arm/build/four_dof_arm -- -j8 -l8
[2.950s] Invoking command in '/home/suwi/ros2_4dof_arm/build/four_dof_arm': CMAKE_PREFIX_PATH=${CMAKE_PREFIX_PATH}:/home/suwi/ros2_4dof_arm/install/moveit_configs_utils:/home/suwi/ros2_ws_prac/install/pub_sub:/opt/ros/humble /usr/bin/cmake --install /home/suwi/ros2_4dof_arm/build/four_dof_arm
[3.015s] -- Install configuration: ""
[3.016s] -- Execute custom install script
[3.017s] [31mCMake Error at ament_cmake_symlink_install/ament_cmake_symlink_install.cmake:204 (message):
[3.018s]   ament_cmake_symlink_install_programs() can't find
[3.018s]   '/home/suwi/ros2_4dof_arm/src/four_dof_arm/scripts/gesture_joint_publisher.py'
[3.018s] Call Stack (most recent call first):
[3.018s]   ament_cmake_symlink_install/ament_cmake_symlink_install.cmake:314 (ament_cmake_symlink_install_programs)
[3.019s]   cmake_install.cmake:46 (include)
[3.019s] 
[3.019s] [0m
[3.025s] Invoked command in '/home/suwi/ros2_4dof_arm/build/four_dof_arm' returned '1': CMAKE_PREFIX_PATH=${CMAKE_PREFIX_PATH}:/home/suwi/ros2_4dof_arm/install/moveit_configs_utils:/home/suwi/ros2_ws_prac/install/pub_sub:/opt/ros/humble /usr/bin/cmake --install /home/suwi/ros2_4dof_arm/build/four_dof_arm
