[0.092s] Invoking command in '/home/suwi/ros2_4dof_arm/build/dobot_description': CMAKE_PREFIX_PATH=${CMAKE_PREFIX_PATH}:/home/suwi/ros2_4dof_arm/install/moveit_configs_utils:/home/suwi/ros2_ws_prac/install/pub_sub:/opt/ros/humble /usr/bin/cmake --build /home/suwi/ros2_4dof_arm/build/dobot_description -- -j8 -l8
[0.401s] Invoked command in '/home/suwi/ros2_4dof_arm/build/dobot_description' returned '0': CMAKE_PREFIX_PATH=${CMAKE_PREFIX_PATH}:/home/suwi/ros2_4dof_arm/install/moveit_configs_utils:/home/suwi/ros2_ws_prac/install/pub_sub:/opt/ros/humble /usr/bin/cmake --build /home/suwi/ros2_4dof_arm/build/dobot_description -- -j8 -l8
[0.472s] Invoking command in '/home/suwi/ros2_4dof_arm/build/dobot_description': CMAKE_PREFIX_PATH=${CMAKE_PREFIX_PATH}:/home/suwi/ros2_4dof_arm/install/moveit_configs_utils:/home/suwi/ros2_ws_prac/install/pub_sub:/opt/ros/humble /usr/bin/cmake --install /home/suwi/ros2_4dof_arm/build/dobot_description
[0.539s] -- Install configuration: ""
[0.540s] -- Up-to-date: /home/suwi/ros2_4dof_arm/install/dobot_description/share/dobot_description/launch
[0.540s] -- Up-to-date: /home/suwi/ros2_4dof_arm/install/dobot_description/share/dobot_description/launch/display.launch.py
[0.540s] -- Up-to-date: /home/suwi/ros2_4dof_arm/install/dobot_description/share/dobot_description/meshes
[0.541s] -- Up-to-date: /home/suwi/ros2_4dof_arm/install/dobot_description/share/dobot_description/meshes/dae
[0.541s] -- Up-to-date: /home/suwi/ros2_4dof_arm/install/dobot_description/share/dobot_description/meshes/dae/jaw_left.dae
[0.541s] -- Up-to-date: /home/suwi/ros2_4dof_arm/install/dobot_description/share/dobot_description/meshes/dae/magicianLink1.dae
[0.542s] -- Up-to-date: /home/suwi/ros2_4dof_arm/install/dobot_description/share/dobot_description/meshes/dae/magicianSuctionCup.dae
[0.542s] -- Up-to-date: /home/suwi/ros2_4dof_arm/install/dobot_description/share/dobot_description/meshes/dae/suction_cup.dae
[0.543s] -- Up-to-date: /home/suwi/ros2_4dof_arm/install/dobot_description/share/dobot_description/meshes/dae/jaw_right.dae
[0.543s] -- Up-to-date: /home/suwi/ros2_4dof_arm/install/dobot_description/share/dobot_description/meshes/dae/IntelRealSenseD435i.dae
[0.544s] -- Up-to-date: /home/suwi/ros2_4dof_arm/install/dobot_description/share/dobot_description/meshes/dae/stl
[0.544s] -- Up-to-date: /home/suwi/ros2_4dof_arm/install/dobot_description/share/dobot_description/meshes/dae/stl/realsense_gripper.stl
[0.544s] -- Up-to-date: /home/suwi/ros2_4dof_arm/install/dobot_description/share/dobot_description/meshes/dae/stl/dobot_gripper_extender.stl
[0.545s] -- Up-to-date: /home/suwi/ros2_4dof_arm/install/dobot_description/share/dobot_description/meshes/dae/magicianGripper.dae
[0.545s] -- Up-to-date: /home/suwi/ros2_4dof_arm/install/dobot_description/share/dobot_description/meshes/dae/magicianLink2.dae
[0.545s] -- Up-to-date: /home/suwi/ros2_4dof_arm/install/dobot_description/share/dobot_description/meshes/dae/magicianLink4.dae
[0.545s] -- Up-to-date: /home/suwi/ros2_4dof_arm/install/dobot_description/share/dobot_description/meshes/dae/magicianLink4_default.dae
[0.546s] -- Up-to-date: /home/suwi/ros2_4dof_arm/install/dobot_description/share/dobot_description/meshes/dae/magicianBase.dae
[0.546s] -- Up-to-date: /home/suwi/ros2_4dof_arm/install/dobot_description/share/dobot_description/meshes/dae/magician_pen.dae
[0.547s] -- Up-to-date: /home/suwi/ros2_4dof_arm/install/dobot_description/share/dobot_description/meshes/dae/moving_gripper.dae
[0.547s] -- Up-to-date: /home/suwi/ros2_4dof_arm/install/dobot_description/share/dobot_description/meshes/dae/gripper_core.dae
[0.548s] -- Up-to-date: /home/suwi/ros2_4dof_arm/install/dobot_description/share/dobot_description/meshes/dae/camera.dae
[0.548s] -- Up-to-date: /home/suwi/ros2_4dof_arm/install/dobot_description/share/dobot_description/meshes/dae/jaw_left_extended.dae
[0.549s] -- Up-to-date: /home/suwi/ros2_4dof_arm/install/dobot_description/share/dobot_description/meshes/dae/jaw_right_extended.dae
[0.549s] -- Up-to-date: /home/suwi/ros2_4dof_arm/install/dobot_description/share/dobot_description/meshes/dae/magicianLink3.dae
[0.549s] -- Up-to-date: /home/suwi/ros2_4dof_arm/install/dobot_description/share/dobot_description/meshes/collision
[0.549s] -- Up-to-date: /home/suwi/ros2_4dof_arm/install/dobot_description/share/dobot_description/meshes/collision/urdf_models
[0.550s] -- Up-to-date: /home/suwi/ros2_4dof_arm/install/dobot_description/share/dobot_description/meshes/collision/urdf_models/gripper.urdf
[0.550s] -- Up-to-date: /home/suwi/ros2_4dof_arm/install/dobot_description/share/dobot_description/meshes/collision/urdf_models/extended_gripper.urdf
[0.551s] -- Up-to-date: /home/suwi/ros2_4dof_arm/install/dobot_description/share/dobot_description/meshes/collision/urdf_models/suction_cup.urdf
[0.552s] -- Up-to-date: /home/suwi/ros2_4dof_arm/install/dobot_description/share/dobot_description/meshes/collision/urdf_models/pen.urdf
[0.553s] -- Up-to-date: /home/suwi/ros2_4dof_arm/install/dobot_description/share/dobot_description/meshes/collision/urdf_models/dobot_with_rail.urdf
[0.553s] -- Up-to-date: /home/suwi/ros2_4dof_arm/install/dobot_description/share/dobot_description/meshes/collision/urdf_models/sliding_rail_draft.urdf
[0.554s] -- Up-to-date: /home/suwi/ros2_4dof_arm/install/dobot_description/share/dobot_description/meshes/collision/urdf_models/3DOF.urdf
[0.555s] -- Up-to-date: /home/suwi/ros2_4dof_arm/install/dobot_description/share/dobot_description/meshes/collision/core
[0.555s] -- Up-to-date: /home/suwi/ros2_4dof_arm/install/dobot_description/share/dobot_description/meshes/collision/core/magicianLink1.dae
[0.555s] -- Up-to-date: /home/suwi/ros2_4dof_arm/install/dobot_description/share/dobot_description/meshes/collision/core/magicianLink2.dae
[0.556s] -- Up-to-date: /home/suwi/ros2_4dof_arm/install/dobot_description/share/dobot_description/meshes/collision/core/magicianBase.dae
[0.556s] -- Up-to-date: /home/suwi/ros2_4dof_arm/install/dobot_description/share/dobot_description/meshes/collision/core/magicianLink3.dae
[0.557s] -- Up-to-date: /home/suwi/ros2_4dof_arm/install/dobot_description/share/dobot_description/meshes/collision/additional_elements
[0.557s] -- Up-to-date: /home/suwi/ros2_4dof_arm/install/dobot_description/share/dobot_description/meshes/collision/additional_elements/sliding_rail.dae
[0.557s] -- Up-to-date: /home/suwi/ros2_4dof_arm/install/dobot_description/share/dobot_description/meshes/collision/end_tools
[0.558s] -- Up-to-date: /home/suwi/ros2_4dof_arm/install/dobot_description/share/dobot_description/meshes/collision/end_tools/pen_collision_part1.dae
[0.558s] -- Up-to-date: /home/suwi/ros2_4dof_arm/install/dobot_description/share/dobot_description/meshes/collision/end_tools/suction_cup_collision_part2.dae
[0.558s] -- Up-to-date: /home/suwi/ros2_4dof_arm/install/dobot_description/share/dobot_description/meshes/collision/end_tools/extended_gripper_collision_part1.dae
[0.559s] -- Up-to-date: /home/suwi/ros2_4dof_arm/install/dobot_description/share/dobot_description/meshes/collision/end_tools/extended_gripper_collision_part2.dae
[0.559s] -- Up-to-date: /home/suwi/ros2_4dof_arm/install/dobot_description/share/dobot_description/meshes/collision/end_tools/pen_collision_part2.dae
[0.559s] -- Up-to-date: /home/suwi/ros2_4dof_arm/install/dobot_description/share/dobot_description/meshes/collision/end_tools/link4_collision.dae
[0.560s] -- Up-to-date: /home/suwi/ros2_4dof_arm/install/dobot_description/share/dobot_description/meshes/collision/end_tools/gripper_collision_part1.dae
[0.561s] -- Up-to-date: /home/suwi/ros2_4dof_arm/install/dobot_description/share/dobot_description/meshes/collision/end_tools/suction_cup_collision_part1.dae
[0.562s] -- Up-to-date: /home/suwi/ros2_4dof_arm/install/dobot_description/share/dobot_description/meshes/collision/end_tools/gripper_collision_part2.dae
[0.564s] -- Up-to-date: /home/suwi/ros2_4dof_arm/install/dobot_description/share/dobot_description/rviz
[0.566s] -- Up-to-date: /home/suwi/ros2_4dof_arm/install/dobot_description/share/dobot_description/rviz/urdf_full.rviz
[0.567s] -- Up-to-date: /home/suwi/ros2_4dof_arm/install/dobot_description/share/dobot_description/rviz/urdf.rviz
[0.568s] -- Up-to-date: /home/suwi/ros2_4dof_arm/install/dobot_description/share/dobot_description/model
[0.570s] -- Up-to-date: /home/suwi/ros2_4dof_arm/install/dobot_description/share/dobot_description/model/dobot_common.urdf.xacro
[0.571s] -- Up-to-date: /home/suwi/ros2_4dof_arm/install/dobot_description/share/dobot_description/model/magician_standalone.urdf.xacro
[0.571s] -- Up-to-date: /home/suwi/ros2_4dof_arm/install/dobot_description/share/dobot_description/model/magician.urdf.xacro
[0.571s] -- Up-to-date: /home/suwi/ros2_4dof_arm/install/dobot_description/share/dobot_description/model/clean_model_no_macros.urdf
[0.572s] -- Up-to-date: /home/suwi/ros2_4dof_arm/install/dobot_description/share/ament_index/resource_index/package_run_dependencies/dobot_description
[0.572s] -- Up-to-date: /home/suwi/ros2_4dof_arm/install/dobot_description/share/ament_index/resource_index/parent_prefix_path/dobot_description
[0.572s] -- Up-to-date: /home/suwi/ros2_4dof_arm/install/dobot_description/share/dobot_description/environment/ament_prefix_path.sh
[0.573s] -- Up-to-date: /home/suwi/ros2_4dof_arm/install/dobot_description/share/dobot_description/environment/ament_prefix_path.dsv
[0.573s] -- Up-to-date: /home/suwi/ros2_4dof_arm/install/dobot_description/share/dobot_description/environment/path.sh
[0.574s] -- Up-to-date: /home/suwi/ros2_4dof_arm/install/dobot_description/share/dobot_description/environment/path.dsv
[0.575s] -- Up-to-date: /home/suwi/ros2_4dof_arm/install/dobot_description/share/dobot_description/local_setup.bash
[0.575s] -- Up-to-date: /home/suwi/ros2_4dof_arm/install/dobot_description/share/dobot_description/local_setup.sh
[0.576s] -- Up-to-date: /home/suwi/ros2_4dof_arm/install/dobot_description/share/dobot_description/local_setup.zsh
[0.577s] -- Up-to-date: /home/suwi/ros2_4dof_arm/install/dobot_description/share/dobot_description/local_setup.dsv
[0.577s] -- Installing: /home/suwi/ros2_4dof_arm/install/dobot_description/share/dobot_description/package.dsv
[0.578s] -- Up-to-date: /home/suwi/ros2_4dof_arm/install/dobot_description/share/ament_index/resource_index/packages/dobot_description
[0.578s] -- Up-to-date: /home/suwi/ros2_4dof_arm/install/dobot_description/share/dobot_description/cmake/dobot_descriptionConfig.cmake
[0.579s] -- Up-to-date: /home/suwi/ros2_4dof_arm/install/dobot_description/share/dobot_description/cmake/dobot_descriptionConfig-version.cmake
[0.579s] -- Up-to-date: /home/suwi/ros2_4dof_arm/install/dobot_description/share/dobot_description/package.xml
[0.580s] Invoked command in '/home/suwi/ros2_4dof_arm/build/dobot_description' returned '0': CMAKE_PREFIX_PATH=${CMAKE_PREFIX_PATH}:/home/suwi/ros2_4dof_arm/install/moveit_configs_utils:/home/suwi/ros2_ws_prac/install/pub_sub:/opt/ros/humble /usr/bin/cmake --install /home/suwi/ros2_4dof_arm/build/dobot_description
