-- Found ament_cmake: 1.3.11 (/opt/ros/humble/share/ament_cmake/cmake)
-- Found builtin_interfaces: 1.2.1 (/opt/ros/humble/share/builtin_interfaces/cmake)
-- Found rosidl_generator_c: 3.1.6 (/opt/ros/humble/share/rosidl_generator_c/cmake)
-- Found rosidl_adapter: 3.1.6 (/opt/ros/humble/share/rosidl_adapter/cmake)
-- Found rosidl_generator_cpp: 3.1.6 (/opt/ros/humble/share/rosidl_generator_cpp/cmake)
-- Using all available rosidl_typesupport_c: rosidl_typesupport_fastrtps_c;rosidl_typesupport_introspection_c
-- Using all available rosidl_typesupport_cpp: rosidl_typesupport_fastrtps_cpp;rosidl_typesupport_introspection_cpp
-- Found rosidl_default_generators: 1.2.0 (/opt/ros/humble/share/rosidl_default_generators/cmake)
-- Found action_msgs: 1.2.1 (/opt/ros/humble/share/action_msgs/cmake)
-- Found geometry_msgs: 4.8.0 (/opt/ros/humble/share/geometry_msgs/cmake)
-- Found sensor_msgs: 4.8.0 (/opt/ros/humble/share/sensor_msgs/cmake)
-- Found shape_msgs: 4.8.0 (/opt/ros/humble/share/shape_msgs/cmake)
-- Found ament_cmake_ros: 0.10.0 (/opt/ros/humble/share/ament_cmake_ros/cmake)
-- Using all available rosidl_typesupport_c: rosidl_typesupport_fastrtps_c;rosidl_typesupport_introspection_c
-- Using all available rosidl_typesupport_cpp: rosidl_typesupport_fastrtps_cpp;rosidl_typesupport_introspection_cpp
-- Found python_cmake_module: 0.10.0 (/opt/ros/humble/share/python_cmake_module/cmake)
-- Using PYTHON_EXECUTABLE: /usr/bin/python3
-- Using PYTHON_INCLUDE_DIRS: /usr/include/python3.10
-- Using PYTHON_LIBRARIES: /usr/lib/x86_64-linux-gnu/libpython3.10.so
-- Configuring done
-- Generating done
-- Build files have been written to: /home/suwi/ros2_4dof_arm/build/object_recognition_msgs
[35m[1mConsolidate compiler generated dependencies of target object_recognition_msgs__rosidl_generator_c[0m
[  1%] Built target object_recognition_msgs__cpp
[  2%] [32mBuilding C object CMakeFiles/object_recognition_msgs__rosidl_generator_c.dir/rosidl_generator_c/object_recognition_msgs/action/detail/object_recognition__functions.c.o[0m
[  3%] [32mBuilding C object CMakeFiles/object_recognition_msgs__rosidl_generator_c.dir/rosidl_generator_c/object_recognition_msgs/srv/detail/get_object_information__functions.c.o[0m
[  4%] [32mBuilding C object CMakeFiles/object_recognition_msgs__rosidl_generator_c.dir/rosidl_generator_c/object_recognition_msgs/msg/detail/recognized_object__functions.c.o[0m
[  6%] [32mBuilding C object CMakeFiles/object_recognition_msgs__rosidl_generator_c.dir/rosidl_generator_c/object_recognition_msgs/msg/detail/recognized_object_array__functions.c.o[0m
[  6%] [32mBuilding C object CMakeFiles/object_recognition_msgs__rosidl_generator_c.dir/rosidl_generator_c/object_recognition_msgs/msg/detail/object_type__functions.c.o[0m
[  8%] [32mBuilding C object CMakeFiles/object_recognition_msgs__rosidl_generator_c.dir/rosidl_generator_c/object_recognition_msgs/msg/detail/object_information__functions.c.o[0m
[  8%] Built target ament_cmake_python_copy_object_recognition_msgs
[35m[1mConsolidate compiler generated dependencies of target object_recognition_msgs__rosidl_typesupport_cpp[0m
[35m[1mConsolidate compiler generated dependencies of target object_recognition_msgs__rosidl_typesupport_fastrtps_cpp[0m
[  9%] [32mBuilding CXX object CMakeFiles/object_recognition_msgs__rosidl_typesupport_cpp.dir/rosidl_typesupport_cpp/object_recognition_msgs/action/object_recognition__type_support.cpp.o[0m
[ 10%] [32mBuilding CXX object CMakeFiles/object_recognition_msgs__rosidl_typesupport_fastrtps_cpp.dir/rosidl_typesupport_fastrtps_cpp/object_recognition_msgs/action/detail/dds_fastrtps/object_recognition__type_support.cpp.o[0m
[35m[1mConsolidate compiler generated dependencies of target object_recognition_msgs__rosidl_typesupport_introspection_cpp[0m
[ 11%] [32mBuilding CXX object CMakeFiles/object_recognition_msgs__rosidl_typesupport_cpp.dir/rosidl_typesupport_cpp/object_recognition_msgs/srv/get_object_information__type_support.cpp.o[0m
[ 12%] [32mBuilding CXX object CMakeFiles/object_recognition_msgs__rosidl_typesupport_cpp.dir/rosidl_typesupport_cpp/object_recognition_msgs/msg/object_type__type_support.cpp.o[0m
[ 13%] [32mBuilding CXX object CMakeFiles/object_recognition_msgs__rosidl_typesupport_fastrtps_cpp.dir/rosidl_typesupport_fastrtps_cpp/object_recognition_msgs/srv/detail/dds_fastrtps/get_object_information__type_support.cpp.o[0m
[ 14%] [32mBuilding CXX object CMakeFiles/object_recognition_msgs__rosidl_typesupport_fastrtps_cpp.dir/rosidl_typesupport_fastrtps_cpp/object_recognition_msgs/msg/detail/dds_fastrtps/object_type__type_support.cpp.o[0m
[ 17%] [32mBuilding CXX object CMakeFiles/object_recognition_msgs__rosidl_typesupport_introspection_cpp.dir/rosidl_typesupport_introspection_cpp/object_recognition_msgs/action/detail/object_recognition__type_support.cpp.o[0m
[ 16%] [32mBuilding CXX object CMakeFiles/object_recognition_msgs__rosidl_typesupport_cpp.dir/rosidl_typesupport_cpp/object_recognition_msgs/msg/object_information__type_support.cpp.o[0m
[ 18%] [32mBuilding CXX object CMakeFiles/object_recognition_msgs__rosidl_typesupport_introspection_cpp.dir/rosidl_typesupport_introspection_cpp/object_recognition_msgs/srv/detail/get_object_information__type_support.cpp.o[0m
[ 19%] [32mBuilding CXX object CMakeFiles/object_recognition_msgs__rosidl_typesupport_introspection_cpp.dir/rosidl_typesupport_introspection_cpp/object_recognition_msgs/msg/detail/object_type__type_support.cpp.o[0m
