[0.174s] Invoking command in '/home/suwi/ros2_4dof_arm/build/moveit_ros_planning': AMENT_PREFIX_PATH=/home/suwi/ros2_4dof_arm/install/moveit_configs_utils:/home/suwi/ros2_4dof_arm/install/pilz_industrial_motion_planner_testutils:/home/suwi/ros2_4dof_arm/install/moveit_runtime:/home/suwi/ros2_4dof_arm/install/moveit:/home/suwi/ros2_4dof_arm/install/moveit_planners:/home/suwi/ros2_4dof_arm/install/pilz_industrial_motion_planner:/home/suwi/ros2_4dof_arm/install/moveit_ros_control_interface:/home/suwi/ros2_4dof_arm/install/moveit_plugins:/home/suwi/ros2_4dof_arm/install/moveit_simple_controller_manager:/home/suwi/ros2_4dof_arm/install/moveit_setup_assistant:/home/suwi/ros2_4dof_arm/install/moveit_setup_srdf_plugins:/home/suwi/ros2_4dof_arm/install/moveit_setup_core_plugins:/home/suwi/ros2_4dof_arm/install/moveit_setup_controllers:/home/suwi/ros2_4dof_arm/install/moveit_setup_app_plugins:/home/suwi/ros2_4dof_arm/install/moveit_setup_framework:/home/suwi/ros2_4dof_arm/install/moveit_servo:/home/suwi/ros2_4dof_arm/install/moveit_ros:/home/suwi/ros2_4dof_arm/install/moveit_ros_visualization:/home/suwi/ros2_4dof_arm/install/moveit_hybrid_planning:/home/suwi/ros2_4dof_arm/install/moveit_ros_planning_interface:/home/suwi/ros2_4dof_arm/install/moveit_ros_benchmarks:/home/suwi/ros2_4dof_arm/install/moveit_ros_warehouse:/home/suwi/ros2_4dof_arm/install/moveit_ros_robot_interaction:/home/suwi/ros2_4dof_arm/install/moveit_ros_perception:/home/suwi/ros2_4dof_arm/install/moveit_resources_prbt_pg70_support:/home/suwi/ros2_4dof_arm/install/moveit_resources_prbt_moveit_config:/home/suwi/ros2_4dof_arm/install/moveit_ros_move_group:/home/suwi/ros2_4dof_arm/install/moveit_planners_ompl:/home/suwi/ros2_4dof_arm/install/moveit_ros_planning:/home/suwi/ros2_4dof_arm/install/moveit_ros_occupancy_map_monitor:/home/suwi/ros2_4dof_arm/install/moveit_resources_prbt_ikfast_manipulator_plugin:/home/suwi/ros2_4dof_arm/install/moveit_planners_chomp:/home/suwi/ros2_4dof_arm/install/moveit_kinematics:/home/suwi/ros2_4dof_arm/install/moveit_chomp_optimizer_adapter:/home/suwi/ros2_4dof_arm/install/chomp_motion_planner:/home/suwi/ros2_4dof_arm/install/moveit_core:/home/suwi/ros2_4dof_arm/install/moveit_msgs:/home/suwi/ros2_4dof_arm/install/moveit_resources_prbt_support:/home/suwi/ros2_4dof_arm/install/moveit_resources:/home/suwi/ros2_4dof_arm/install/moveit_resources_pr2_description:/home/suwi/ros2_4dof_arm/install/moveit_resources_panda_moveit_config:/home/suwi/ros2_4dof_arm/install/moveit_resources_fanuc_moveit_config:/home/suwi/ros2_4dof_arm/install/moveit_resources_fanuc_description:/home/suwi/ros2_4dof_arm/install/moveit_resources_panda_description:/home/suwi/ros2_4dof_arm/install/moveit_common:/home/suwi/ros2_4dof_arm/src/four_dof_arm/install/four_dof_arm:/home/suwi/ros2_4dof_arm/install/four_dof_arm:/home/suwi/ros2_ws_prac/install/pub_sub:/home/suwi/ros2_ws_prac/install/my_robot_control:/opt/ros/humble CMAKE_PREFIX_PATH=/home/suwi/ros2_4dof_arm/install/moveit_ros_occupancy_map_monitor:/home/suwi/ros2_4dof_arm/install/moveit_core:/home/suwi/ros2_4dof_arm/install/moveit_resources_panda_moveit_config:/home/suwi/ros2_4dof_arm/install/moveit_resources_pr2_description:/home/suwi/ros2_4dof_arm/install/moveit_resources_panda_description:/home/suwi/ros2_4dof_arm/install/moveit_msgs:/home/suwi/ros2_4dof_arm/install/moveit_common:/home/suwi/ros2_4dof_arm/install/pilz_industrial_motion_planner_testutils:/home/suwi/ros2_4dof_arm/install/moveit_runtime:/home/suwi/ros2_4dof_arm/install/moveit:/home/suwi/ros2_4dof_arm/install/moveit_planners:/home/suwi/ros2_4dof_arm/install/pilz_industrial_motion_planner:/home/suwi/ros2_4dof_arm/install/moveit_ros_control_interface:/home/suwi/ros2_4dof_arm/install/moveit_plugins:/home/suwi/ros2_4dof_arm/install/moveit_simple_controller_manager:/home/suwi/ros2_4dof_arm/install/moveit_setup_assistant:/home/suwi/ros2_4dof_arm/install/moveit_setup_srdf_plugins:/home/suwi/ros2_4dof_arm/install/moveit_setup_core_plugins:/home/suwi/ros2_4dof_arm/install/moveit_setup_controllers:/home/suwi/ros2_4dof_arm/install/moveit_setup_app_plugins:/home/suwi/ros2_4dof_arm/install/moveit_setup_framework:/home/suwi/ros2_4dof_arm/install/moveit_servo:/home/suwi/ros2_4dof_arm/install/moveit_ros:/home/suwi/ros2_4dof_arm/install/moveit_ros_visualization:/home/suwi/ros2_4dof_arm/install/moveit_hybrid_planning:/home/suwi/ros2_4dof_arm/install/moveit_ros_planning_interface:/home/suwi/ros2_4dof_arm/install/moveit_ros_benchmarks:/home/suwi/ros2_4dof_arm/install/moveit_ros_warehouse:/home/suwi/ros2_4dof_arm/install/moveit_ros_robot_interaction:/home/suwi/ros2_4dof_arm/install/moveit_ros_perception:/home/suwi/ros2_4dof_arm/install/moveit_resources_prbt_pg70_support:/home/suwi/ros2_4dof_arm/install/moveit_resources_prbt_moveit_config:/home/suwi/ros2_4dof_arm/install/moveit_ros_move_group:/home/suwi/ros2_4dof_arm/install/moveit_planners_ompl:/home/suwi/ros2_4dof_arm/install/moveit_ros_planning:/home/suwi/ros2_4dof_arm/install/moveit_resources_prbt_ikfast_manipulator_plugin:/home/suwi/ros2_4dof_arm/install/moveit_planners_chomp:/home/suwi/ros2_4dof_arm/install/moveit_kinematics:/home/suwi/ros2_4dof_arm/install/moveit_chomp_optimizer_adapter:/home/suwi/ros2_4dof_arm/install/chomp_motion_planner:/home/suwi/ros2_4dof_arm/install/moveit_resources_prbt_support:/home/suwi/ros2_4dof_arm/install/moveit_resources:/home/suwi/ros2_4dof_arm/install/moveit_resources_fanuc_moveit_config:/home/suwi/ros2_4dof_arm/install/moveit_resources_fanuc_description:/home/suwi/ros2_4dof_arm/src/four_dof_arm/install/four_dof_arm:/home/suwi/ros2_4dof_arm/install/four_dof_arm:/opt/ros/humble:/opt/ros/humble:/home/suwi/ros2_ws_prac/install/my_robot_control:/path/to/object_recognition_msgs/install:/home/suwi/ros2_4dof_arm/install/moveit_configs_utils:/home/suwi/ros2_ws_prac/install/pub_sub LD_LIBRARY_PATH=/home/suwi/ros2_4dof_arm/install/moveit_ros_occupancy_map_monitor/lib:/home/suwi/ros2_4dof_arm/install/moveit_core/lib:/home/suwi/ros2_4dof_arm/install/moveit_msgs/lib:/home/suwi/ros2_4dof_arm/install/pilz_industrial_motion_planner_testutils/lib:/home/suwi/ros2_4dof_arm/install/pilz_industrial_motion_planner/lib:/home/suwi/ros2_4dof_arm/install/moveit_ros_control_interface/lib:/home/suwi/ros2_4dof_arm/install/moveit_simple_controller_manager/lib:/home/suwi/ros2_4dof_arm/install/moveit_setup_assistant/lib:/home/suwi/ros2_4dof_arm/install/moveit_setup_srdf_plugins/lib:/home/suwi/ros2_4dof_arm/install/moveit_setup_core_plugins/lib:/home/suwi/ros2_4dof_arm/install/moveit_setup_controllers/lib:/home/suwi/ros2_4dof_arm/install/moveit_setup_app_plugins/lib:/home/suwi/ros2_4dof_arm/install/moveit_setup_framework/lib:/home/suwi/ros2_4dof_arm/install/moveit_servo/lib:/home/suwi/ros2_4dof_arm/install/moveit_ros_visualization/lib:/home/suwi/ros2_4dof_arm/install/moveit_hybrid_planning/lib:/home/suwi/ros2_4dof_arm/install/moveit_ros_planning_interface/lib:/home/suwi/ros2_4dof_arm/install/moveit_ros_benchmarks/lib:/home/suwi/ros2_4dof_arm/install/moveit_ros_warehouse/lib:/home/suwi/ros2_4dof_arm/install/moveit_ros_robot_interaction/lib:/home/suwi/ros2_4dof_arm/install/moveit_ros_perception/lib:/home/suwi/ros2_4dof_arm/install/moveit_ros_move_group/lib:/home/suwi/ros2_4dof_arm/install/moveit_planners_ompl/lib:/home/suwi/ros2_4dof_arm/install/moveit_ros_planning/lib:/home/suwi/ros2_4dof_arm/install/moveit_resources_prbt_ikfast_manipulator_plugin/lib:/home/suwi/ros2_4dof_arm/install/moveit_planners_chomp/lib:/home/suwi/ros2_4dof_arm/install/moveit_kinematics/lib:/home/suwi/ros2_4dof_arm/install/moveit_chomp_optimizer_adapter/lib:/home/suwi/ros2_4dof_arm/install/chomp_motion_planner/lib:/opt/ros/humble/opt/rviz_ogre_vendor/lib:/opt/ros/humble/lib/x86_64-linux-gnu:/opt/ros/humble/lib PYTHONPATH=/home/suwi/ros2_4dof_arm/install/moveit_configs_utils/lib/python3.10/site-packages:/home/suwi/ros2_4dof_arm/install/moveit_msgs/local/lib/python3.10/dist-packages:/home/suwi/ros2_ws_prac/build/pub_sub:/home/suwi/ros2_ws_prac/install/pub_sub/lib/python3.10/site-packages:/opt/ros/humble/lib/python3.10/site-packages:/opt/ros/humble/local/lib/python3.10/dist-packages /usr/bin/cmake --build /home/suwi/ros2_4dof_arm/build/moveit_ros_planning -- -j8 -l8
[0.643s] [35m[1mConsolidate compiler generated dependencies of target moveit_collision_plugin_loader[0m
[0.651s] [35m[1mConsolidate compiler generated dependencies of target moveit_rdf_loader[0m
[0.659s] [35m[1mConsolidate compiler generated dependencies of target moveit_list_request_adapter_plugins[0m
[0.663s] [35m[1mConsolidate compiler generated dependencies of target gmock_main[0m
[0.664s] [35m[1mConsolidate compiler generated dependencies of target moveit_planning_pipeline[0m
[0.690s] [35m[1mConsolidate compiler generated dependencies of target gtest_main[0m
[0.694s] [35m[1mConsolidate compiler generated dependencies of target gmock[0m
[0.724s] [35m[1mConsolidate compiler generated dependencies of target moveit_default_planning_request_adapter_plugins[0m
[0.824s] [  2%] Built target gmock_main
[0.839s] [  5%] Built target gtest_main
[0.868s] [ 10%] Built target moveit_rdf_loader
[0.884s] [ 14%] Built target gmock
[0.914s] [ 17%] Built target moveit_collision_plugin_loader
[0.929s] [ 20%] Built target moveit_list_request_adapter_plugins
[0.945s] [ 23%] Built target moveit_planning_pipeline
[0.959s] [35m[1mConsolidate compiler generated dependencies of target gtest[0m
[0.987s] [35m[1mConsolidate compiler generated dependencies of target moveit_kinematics_plugin_loader[0m
[1.005s] [35m[1mConsolidate compiler generated dependencies of target moveit_constraint_sampler_manager_loader[0m
[1.098s] [ 26%] Built target gtest
[1.180s] [ 29%] Built target moveit_kinematics_plugin_loader
[1.194s] [ 45%] Built target moveit_default_planning_request_adapter_plugins
[1.220s] [ 48%] Built target moveit_constraint_sampler_manager_loader
[1.289s] [35m[1mConsolidate compiler generated dependencies of target moveit_robot_model_loader[0m
[1.486s] [ 51%] Built target moveit_robot_model_loader
[1.599s] [35m[1mConsolidate compiler generated dependencies of target moveit_print_planning_model_info[0m
[1.619s] [35m[1mConsolidate compiler generated dependencies of target moveit_planning_scene_monitor[0m
[1.780s] [ 54%] Built target moveit_print_planning_model_info
[2.000s] [ 63%] Built target moveit_planning_scene_monitor
[2.120s] [35m[1mConsolidate compiler generated dependencies of target demo_scene[0m
[2.122s] [35m[1mConsolidate compiler generated dependencies of target trajectory_monitor_tests[0m
[2.136s] [35m[1mConsolidate compiler generated dependencies of target planning_scene_monitor_test[0m
[2.146s] [35m[1mConsolidate compiler generated dependencies of target current_state_monitor_tests[0m
[2.150s] [35m[1mConsolidate compiler generated dependencies of target moveit_display_random_state[0m
[2.154s] [35m[1mConsolidate compiler generated dependencies of target moveit_visualize_robot_collision_volume[0m
[2.154s] [35m[1mConsolidate compiler generated dependencies of target moveit_evaluate_collision_checking_speed[0m
[2.171s] [35m[1mConsolidate compiler generated dependencies of target moveit_print_planning_scene_info[0m
[2.394s] [ 66%] Built target trajectory_monitor_tests
[2.399s] [ 69%] Built target demo_scene
[2.432s] [ 72%] Built target current_state_monitor_tests
[2.439s] [ 75%] Built target planning_scene_monitor_test
[2.458s] [ 77%] Built target moveit_display_random_state
[2.464s] [ 80%] Built target moveit_visualize_robot_collision_volume
[2.469s] [ 83%] Built target moveit_evaluate_collision_checking_speed
[2.478s] [ 86%] Built target moveit_print_planning_scene_info
[2.534s] [35m[1mConsolidate compiler generated dependencies of target moveit_publish_scene_from_text[0m
[2.534s] [35m[1mConsolidate compiler generated dependencies of target moveit_trajectory_execution_manager[0m
[2.788s] [ 89%] Built target moveit_publish_scene_from_text
[2.798s] [ 92%] Built target moveit_trajectory_execution_manager
[2.909s] [35m[1mConsolidate compiler generated dependencies of target moveit_plan_execution[0m
[2.914s] [35m[1mConsolidate compiler generated dependencies of target moveit_cpp[0m
[3.184s] [ 95%] Built target moveit_plan_execution
[3.235s] [100%] Built target moveit_cpp
[3.318s] Invoked command in '/home/suwi/ros2_4dof_arm/build/moveit_ros_planning' returned '0': AMENT_PREFIX_PATH=/home/suwi/ros2_4dof_arm/install/moveit_configs_utils:/home/suwi/ros2_4dof_arm/install/pilz_industrial_motion_planner_testutils:/home/suwi/ros2_4dof_arm/install/moveit_runtime:/home/suwi/ros2_4dof_arm/install/moveit:/home/suwi/ros2_4dof_arm/install/moveit_planners:/home/suwi/ros2_4dof_arm/install/pilz_industrial_motion_planner:/home/suwi/ros2_4dof_arm/install/moveit_ros_control_interface:/home/suwi/ros2_4dof_arm/install/moveit_plugins:/home/suwi/ros2_4dof_arm/install/moveit_simple_controller_manager:/home/suwi/ros2_4dof_arm/install/moveit_setup_assistant:/home/suwi/ros2_4dof_arm/install/moveit_setup_srdf_plugins:/home/suwi/ros2_4dof_arm/install/moveit_setup_core_plugins:/home/suwi/ros2_4dof_arm/install/moveit_setup_controllers:/home/suwi/ros2_4dof_arm/install/moveit_setup_app_plugins:/home/suwi/ros2_4dof_arm/install/moveit_setup_framework:/home/suwi/ros2_4dof_arm/install/moveit_servo:/home/suwi/ros2_4dof_arm/install/moveit_ros:/home/suwi/ros2_4dof_arm/install/moveit_ros_visualization:/home/suwi/ros2_4dof_arm/install/moveit_hybrid_planning:/home/suwi/ros2_4dof_arm/install/moveit_ros_planning_interface:/home/suwi/ros2_4dof_arm/install/moveit_ros_benchmarks:/home/suwi/ros2_4dof_arm/install/moveit_ros_warehouse:/home/suwi/ros2_4dof_arm/install/moveit_ros_robot_interaction:/home/suwi/ros2_4dof_arm/install/moveit_ros_perception:/home/suwi/ros2_4dof_arm/install/moveit_resources_prbt_pg70_support:/home/suwi/ros2_4dof_arm/install/moveit_resources_prbt_moveit_config:/home/suwi/ros2_4dof_arm/install/moveit_ros_move_group:/home/suwi/ros2_4dof_arm/install/moveit_planners_ompl:/home/suwi/ros2_4dof_arm/install/moveit_ros_planning:/home/suwi/ros2_4dof_arm/install/moveit_ros_occupancy_map_monitor:/home/suwi/ros2_4dof_arm/install/moveit_resources_prbt_ikfast_manipulator_plugin:/home/suwi/ros2_4dof_arm/install/moveit_planners_chomp:/home/suwi/ros2_4dof_arm/install/moveit_kinematics:/home/suwi/ros2_4dof_arm/install/moveit_chomp_optimizer_adapter:/home/suwi/ros2_4dof_arm/install/chomp_motion_planner:/home/suwi/ros2_4dof_arm/install/moveit_core:/home/suwi/ros2_4dof_arm/install/moveit_msgs:/home/suwi/ros2_4dof_arm/install/moveit_resources_prbt_support:/home/suwi/ros2_4dof_arm/install/moveit_resources:/home/suwi/ros2_4dof_arm/install/moveit_resources_pr2_description:/home/suwi/ros2_4dof_arm/install/moveit_resources_panda_moveit_config:/home/suwi/ros2_4dof_arm/install/moveit_resources_fanuc_moveit_config:/home/suwi/ros2_4dof_arm/install/moveit_resources_fanuc_description:/home/suwi/ros2_4dof_arm/install/moveit_resources_panda_description:/home/suwi/ros2_4dof_arm/install/moveit_common:/home/suwi/ros2_4dof_arm/src/four_dof_arm/install/four_dof_arm:/home/suwi/ros2_4dof_arm/install/four_dof_arm:/home/suwi/ros2_ws_prac/install/pub_sub:/home/suwi/ros2_ws_prac/install/my_robot_control:/opt/ros/humble CMAKE_PREFIX_PATH=/home/suwi/ros2_4dof_arm/install/moveit_ros_occupancy_map_monitor:/home/suwi/ros2_4dof_arm/install/moveit_core:/home/suwi/ros2_4dof_arm/install/moveit_resources_panda_moveit_config:/home/suwi/ros2_4dof_arm/install/moveit_resources_pr2_description:/home/suwi/ros2_4dof_arm/install/moveit_resources_panda_description:/home/suwi/ros2_4dof_arm/install/moveit_msgs:/home/suwi/ros2_4dof_arm/install/moveit_common:/home/suwi/ros2_4dof_arm/install/pilz_industrial_motion_planner_testutils:/home/suwi/ros2_4dof_arm/install/moveit_runtime:/home/suwi/ros2_4dof_arm/install/moveit:/home/suwi/ros2_4dof_arm/install/moveit_planners:/home/suwi/ros2_4dof_arm/install/pilz_industrial_motion_planner:/home/suwi/ros2_4dof_arm/install/moveit_ros_control_interface:/home/suwi/ros2_4dof_arm/install/moveit_plugins:/home/suwi/ros2_4dof_arm/install/moveit_simple_controller_manager:/home/suwi/ros2_4dof_arm/install/moveit_setup_assistant:/home/suwi/ros2_4dof_arm/install/moveit_setup_srdf_plugins:/home/suwi/ros2_4dof_arm/install/moveit_setup_core_plugins:/home/suwi/ros2_4dof_arm/install/moveit_setup_controllers:/home/suwi/ros2_4dof_arm/install/moveit_setup_app_plugins:/home/suwi/ros2_4dof_arm/install/moveit_setup_framework:/home/suwi/ros2_4dof_arm/install/moveit_servo:/home/suwi/ros2_4dof_arm/install/moveit_ros:/home/suwi/ros2_4dof_arm/install/moveit_ros_visualization:/home/suwi/ros2_4dof_arm/install/moveit_hybrid_planning:/home/suwi/ros2_4dof_arm/install/moveit_ros_planning_interface:/home/suwi/ros2_4dof_arm/install/moveit_ros_benchmarks:/home/suwi/ros2_4dof_arm/install/moveit_ros_warehouse:/home/suwi/ros2_4dof_arm/install/moveit_ros_robot_interaction:/home/suwi/ros2_4dof_arm/install/moveit_ros_perception:/home/suwi/ros2_4dof_arm/install/moveit_resources_prbt_pg70_support:/home/suwi/ros2_4dof_arm/install/moveit_resources_prbt_moveit_config:/home/suwi/ros2_4dof_arm/install/moveit_ros_move_group:/home/suwi/ros2_4dof_arm/install/moveit_planners_ompl:/home/suwi/ros2_4dof_arm/install/moveit_ros_planning:/home/suwi/ros2_4dof_arm/install/moveit_resources_prbt_ikfast_manipulator_plugin:/home/suwi/ros2_4dof_arm/install/moveit_planners_chomp:/home/suwi/ros2_4dof_arm/install/moveit_kinematics:/home/suwi/ros2_4dof_arm/install/moveit_chomp_optimizer_adapter:/home/suwi/ros2_4dof_arm/install/chomp_motion_planner:/home/suwi/ros2_4dof_arm/install/moveit_resources_prbt_support:/home/suwi/ros2_4dof_arm/install/moveit_resources:/home/suwi/ros2_4dof_arm/install/moveit_resources_fanuc_moveit_config:/home/suwi/ros2_4dof_arm/install/moveit_resources_fanuc_description:/home/suwi/ros2_4dof_arm/src/four_dof_arm/install/four_dof_arm:/home/suwi/ros2_4dof_arm/install/four_dof_arm:/opt/ros/humble:/opt/ros/humble:/home/suwi/ros2_ws_prac/install/my_robot_control:/path/to/object_recognition_msgs/install:/home/suwi/ros2_4dof_arm/install/moveit_configs_utils:/home/suwi/ros2_ws_prac/install/pub_sub LD_LIBRARY_PATH=/home/suwi/ros2_4dof_arm/install/moveit_ros_occupancy_map_monitor/lib:/home/suwi/ros2_4dof_arm/install/moveit_core/lib:/home/suwi/ros2_4dof_arm/install/moveit_msgs/lib:/home/suwi/ros2_4dof_arm/install/pilz_industrial_motion_planner_testutils/lib:/home/suwi/ros2_4dof_arm/install/pilz_industrial_motion_planner/lib:/home/suwi/ros2_4dof_arm/install/moveit_ros_control_interface/lib:/home/suwi/ros2_4dof_arm/install/moveit_simple_controller_manager/lib:/home/suwi/ros2_4dof_arm/install/moveit_setup_assistant/lib:/home/suwi/ros2_4dof_arm/install/moveit_setup_srdf_plugins/lib:/home/suwi/ros2_4dof_arm/install/moveit_setup_core_plugins/lib:/home/suwi/ros2_4dof_arm/install/moveit_setup_controllers/lib:/home/suwi/ros2_4dof_arm/install/moveit_setup_app_plugins/lib:/home/suwi/ros2_4dof_arm/install/moveit_setup_framework/lib:/home/suwi/ros2_4dof_arm/install/moveit_servo/lib:/home/suwi/ros2_4dof_arm/install/moveit_ros_visualization/lib:/home/suwi/ros2_4dof_arm/install/moveit_hybrid_planning/lib:/home/suwi/ros2_4dof_arm/install/moveit_ros_planning_interface/lib:/home/suwi/ros2_4dof_arm/install/moveit_ros_benchmarks/lib:/home/suwi/ros2_4dof_arm/install/moveit_ros_warehouse/lib:/home/suwi/ros2_4dof_arm/install/moveit_ros_robot_interaction/lib:/home/suwi/ros2_4dof_arm/install/moveit_ros_perception/lib:/home/suwi/ros2_4dof_arm/install/moveit_ros_move_group/lib:/home/suwi/ros2_4dof_arm/install/moveit_planners_ompl/lib:/home/suwi/ros2_4dof_arm/install/moveit_ros_planning/lib:/home/suwi/ros2_4dof_arm/install/moveit_resources_prbt_ikfast_manipulator_plugin/lib:/home/suwi/ros2_4dof_arm/install/moveit_planners_chomp/lib:/home/suwi/ros2_4dof_arm/install/moveit_kinematics/lib:/home/suwi/ros2_4dof_arm/install/moveit_chomp_optimizer_adapter/lib:/home/suwi/ros2_4dof_arm/install/chomp_motion_planner/lib:/opt/ros/humble/opt/rviz_ogre_vendor/lib:/opt/ros/humble/lib/x86_64-linux-gnu:/opt/ros/humble/lib PYTHONPATH=/home/suwi/ros2_4dof_arm/install/moveit_configs_utils/lib/python3.10/site-packages:/home/suwi/ros2_4dof_arm/install/moveit_msgs/local/lib/python3.10/dist-packages:/home/suwi/ros2_ws_prac/build/pub_sub:/home/suwi/ros2_ws_prac/install/pub_sub/lib/python3.10/site-packages:/opt/ros/humble/lib/python3.10/site-packages:/opt/ros/humble/local/lib/python3.10/dist-packages /usr/bin/cmake --build /home/suwi/ros2_4dof_arm/build/moveit_ros_planning -- -j8 -l8
[3.338s] Invoking command in '/home/suwi/ros2_4dof_arm/build/moveit_ros_planning': AMENT_PREFIX_PATH=/home/suwi/ros2_4dof_arm/install/moveit_configs_utils:/home/suwi/ros2_4dof_arm/install/pilz_industrial_motion_planner_testutils:/home/suwi/ros2_4dof_arm/install/moveit_runtime:/home/suwi/ros2_4dof_arm/install/moveit:/home/suwi/ros2_4dof_arm/install/moveit_planners:/home/suwi/ros2_4dof_arm/install/pilz_industrial_motion_planner:/home/suwi/ros2_4dof_arm/install/moveit_ros_control_interface:/home/suwi/ros2_4dof_arm/install/moveit_plugins:/home/suwi/ros2_4dof_arm/install/moveit_simple_controller_manager:/home/suwi/ros2_4dof_arm/install/moveit_setup_assistant:/home/suwi/ros2_4dof_arm/install/moveit_setup_srdf_plugins:/home/suwi/ros2_4dof_arm/install/moveit_setup_core_plugins:/home/suwi/ros2_4dof_arm/install/moveit_setup_controllers:/home/suwi/ros2_4dof_arm/install/moveit_setup_app_plugins:/home/suwi/ros2_4dof_arm/install/moveit_setup_framework:/home/suwi/ros2_4dof_arm/install/moveit_servo:/home/suwi/ros2_4dof_arm/install/moveit_ros:/home/suwi/ros2_4dof_arm/install/moveit_ros_visualization:/home/suwi/ros2_4dof_arm/install/moveit_hybrid_planning:/home/suwi/ros2_4dof_arm/install/moveit_ros_planning_interface:/home/suwi/ros2_4dof_arm/install/moveit_ros_benchmarks:/home/suwi/ros2_4dof_arm/install/moveit_ros_warehouse:/home/suwi/ros2_4dof_arm/install/moveit_ros_robot_interaction:/home/suwi/ros2_4dof_arm/install/moveit_ros_perception:/home/suwi/ros2_4dof_arm/install/moveit_resources_prbt_pg70_support:/home/suwi/ros2_4dof_arm/install/moveit_resources_prbt_moveit_config:/home/suwi/ros2_4dof_arm/install/moveit_ros_move_group:/home/suwi/ros2_4dof_arm/install/moveit_planners_ompl:/home/suwi/ros2_4dof_arm/install/moveit_ros_planning:/home/suwi/ros2_4dof_arm/install/moveit_ros_occupancy_map_monitor:/home/suwi/ros2_4dof_arm/install/moveit_resources_prbt_ikfast_manipulator_plugin:/home/suwi/ros2_4dof_arm/install/moveit_planners_chomp:/home/suwi/ros2_4dof_arm/install/moveit_kinematics:/home/suwi/ros2_4dof_arm/install/moveit_chomp_optimizer_adapter:/home/suwi/ros2_4dof_arm/install/chomp_motion_planner:/home/suwi/ros2_4dof_arm/install/moveit_core:/home/suwi/ros2_4dof_arm/install/moveit_msgs:/home/suwi/ros2_4dof_arm/install/moveit_resources_prbt_support:/home/suwi/ros2_4dof_arm/install/moveit_resources:/home/suwi/ros2_4dof_arm/install/moveit_resources_pr2_description:/home/suwi/ros2_4dof_arm/install/moveit_resources_panda_moveit_config:/home/suwi/ros2_4dof_arm/install/moveit_resources_fanuc_moveit_config:/home/suwi/ros2_4dof_arm/install/moveit_resources_fanuc_description:/home/suwi/ros2_4dof_arm/install/moveit_resources_panda_description:/home/suwi/ros2_4dof_arm/install/moveit_common:/home/suwi/ros2_4dof_arm/src/four_dof_arm/install/four_dof_arm:/home/suwi/ros2_4dof_arm/install/four_dof_arm:/home/suwi/ros2_ws_prac/install/pub_sub:/home/suwi/ros2_ws_prac/install/my_robot_control:/opt/ros/humble CMAKE_PREFIX_PATH=/home/suwi/ros2_4dof_arm/install/moveit_ros_occupancy_map_monitor:/home/suwi/ros2_4dof_arm/install/moveit_core:/home/suwi/ros2_4dof_arm/install/moveit_resources_panda_moveit_config:/home/suwi/ros2_4dof_arm/install/moveit_resources_pr2_description:/home/suwi/ros2_4dof_arm/install/moveit_resources_panda_description:/home/suwi/ros2_4dof_arm/install/moveit_msgs:/home/suwi/ros2_4dof_arm/install/moveit_common:/home/suwi/ros2_4dof_arm/install/pilz_industrial_motion_planner_testutils:/home/suwi/ros2_4dof_arm/install/moveit_runtime:/home/suwi/ros2_4dof_arm/install/moveit:/home/suwi/ros2_4dof_arm/install/moveit_planners:/home/suwi/ros2_4dof_arm/install/pilz_industrial_motion_planner:/home/suwi/ros2_4dof_arm/install/moveit_ros_control_interface:/home/suwi/ros2_4dof_arm/install/moveit_plugins:/home/suwi/ros2_4dof_arm/install/moveit_simple_controller_manager:/home/suwi/ros2_4dof_arm/install/moveit_setup_assistant:/home/suwi/ros2_4dof_arm/install/moveit_setup_srdf_plugins:/home/suwi/ros2_4dof_arm/install/moveit_setup_core_plugins:/home/suwi/ros2_4dof_arm/install/moveit_setup_controllers:/home/suwi/ros2_4dof_arm/install/moveit_setup_app_plugins:/home/suwi/ros2_4dof_arm/install/moveit_setup_framework:/home/suwi/ros2_4dof_arm/install/moveit_servo:/home/suwi/ros2_4dof_arm/install/moveit_ros:/home/suwi/ros2_4dof_arm/install/moveit_ros_visualization:/home/suwi/ros2_4dof_arm/install/moveit_hybrid_planning:/home/suwi/ros2_4dof_arm/install/moveit_ros_planning_interface:/home/suwi/ros2_4dof_arm/install/moveit_ros_benchmarks:/home/suwi/ros2_4dof_arm/install/moveit_ros_warehouse:/home/suwi/ros2_4dof_arm/install/moveit_ros_robot_interaction:/home/suwi/ros2_4dof_arm/install/moveit_ros_perception:/home/suwi/ros2_4dof_arm/install/moveit_resources_prbt_pg70_support:/home/suwi/ros2_4dof_arm/install/moveit_resources_prbt_moveit_config:/home/suwi/ros2_4dof_arm/install/moveit_ros_move_group:/home/suwi/ros2_4dof_arm/install/moveit_planners_ompl:/home/suwi/ros2_4dof_arm/install/moveit_ros_planning:/home/suwi/ros2_4dof_arm/install/moveit_resources_prbt_ikfast_manipulator_plugin:/home/suwi/ros2_4dof_arm/install/moveit_planners_chomp:/home/suwi/ros2_4dof_arm/install/moveit_kinematics:/home/suwi/ros2_4dof_arm/install/moveit_chomp_optimizer_adapter:/home/suwi/ros2_4dof_arm/install/chomp_motion_planner:/home/suwi/ros2_4dof_arm/install/moveit_resources_prbt_support:/home/suwi/ros2_4dof_arm/install/moveit_resources:/home/suwi/ros2_4dof_arm/install/moveit_resources_fanuc_moveit_config:/home/suwi/ros2_4dof_arm/install/moveit_resources_fanuc_description:/home/suwi/ros2_4dof_arm/src/four_dof_arm/install/four_dof_arm:/home/suwi/ros2_4dof_arm/install/four_dof_arm:/opt/ros/humble:/opt/ros/humble:/home/suwi/ros2_ws_prac/install/my_robot_control:/path/to/object_recognition_msgs/install:/home/suwi/ros2_4dof_arm/install/moveit_configs_utils:/home/suwi/ros2_ws_prac/install/pub_sub LD_LIBRARY_PATH=/home/suwi/ros2_4dof_arm/install/moveit_ros_occupancy_map_monitor/lib:/home/suwi/ros2_4dof_arm/install/moveit_core/lib:/home/suwi/ros2_4dof_arm/install/moveit_msgs/lib:/home/suwi/ros2_4dof_arm/install/pilz_industrial_motion_planner_testutils/lib:/home/suwi/ros2_4dof_arm/install/pilz_industrial_motion_planner/lib:/home/suwi/ros2_4dof_arm/install/moveit_ros_control_interface/lib:/home/suwi/ros2_4dof_arm/install/moveit_simple_controller_manager/lib:/home/suwi/ros2_4dof_arm/install/moveit_setup_assistant/lib:/home/suwi/ros2_4dof_arm/install/moveit_setup_srdf_plugins/lib:/home/suwi/ros2_4dof_arm/install/moveit_setup_core_plugins/lib:/home/suwi/ros2_4dof_arm/install/moveit_setup_controllers/lib:/home/suwi/ros2_4dof_arm/install/moveit_setup_app_plugins/lib:/home/suwi/ros2_4dof_arm/install/moveit_setup_framework/lib:/home/suwi/ros2_4dof_arm/install/moveit_servo/lib:/home/suwi/ros2_4dof_arm/install/moveit_ros_visualization/lib:/home/suwi/ros2_4dof_arm/install/moveit_hybrid_planning/lib:/home/suwi/ros2_4dof_arm/install/moveit_ros_planning_interface/lib:/home/suwi/ros2_4dof_arm/install/moveit_ros_benchmarks/lib:/home/suwi/ros2_4dof_arm/install/moveit_ros_warehouse/lib:/home/suwi/ros2_4dof_arm/install/moveit_ros_robot_interaction/lib:/home/suwi/ros2_4dof_arm/install/moveit_ros_perception/lib:/home/suwi/ros2_4dof_arm/install/moveit_ros_move_group/lib:/home/suwi/ros2_4dof_arm/install/moveit_planners_ompl/lib:/home/suwi/ros2_4dof_arm/install/moveit_ros_planning/lib:/home/suwi/ros2_4dof_arm/install/moveit_resources_prbt_ikfast_manipulator_plugin/lib:/home/suwi/ros2_4dof_arm/install/moveit_planners_chomp/lib:/home/suwi/ros2_4dof_arm/install/moveit_kinematics/lib:/home/suwi/ros2_4dof_arm/install/moveit_chomp_optimizer_adapter/lib:/home/suwi/ros2_4dof_arm/install/chomp_motion_planner/lib:/opt/ros/humble/opt/rviz_ogre_vendor/lib:/opt/ros/humble/lib/x86_64-linux-gnu:/opt/ros/humble/lib PYTHONPATH=/home/suwi/ros2_4dof_arm/install/moveit_configs_utils/lib/python3.10/site-packages:/home/suwi/ros2_4dof_arm/install/moveit_msgs/local/lib/python3.10/dist-packages:/home/suwi/ros2_ws_prac/build/pub_sub:/home/suwi/ros2_ws_prac/install/pub_sub/lib/python3.10/site-packages:/opt/ros/humble/lib/python3.10/site-packages:/opt/ros/humble/local/lib/python3.10/dist-packages /usr/bin/cmake --install /home/suwi/ros2_4dof_arm/build/moveit_ros_planning
[3.408s] -- Install configuration: "Release"
[3.409s] -- Up-to-date: /home/suwi/ros2_4dof_arm/install/moveit_ros_planning/include
[3.410s] -- Up-to-date: /home/suwi/ros2_4dof_arm/install/moveit_ros_planning/include/moveit
[3.410s] -- Up-to-date: /home/suwi/ros2_4dof_arm/install/moveit_ros_planning/include/moveit/rdf_loader
[3.410s] -- Up-to-date: /home/suwi/ros2_4dof_arm/install/moveit_ros_planning/include/moveit/rdf_loader/synchronized_string_parameter.h
[3.412s] -- Up-to-date: /home/suwi/ros2_4dof_arm/install/moveit_ros_planning/include/moveit/rdf_loader/rdf_loader.h
[3.414s] -- Up-to-date: /home/suwi/ros2_4dof_arm/install/moveit_ros_planning/share/moveit_ros_planning/rdf_loader/test/data
[3.416s] -- Up-to-date: /home/suwi/ros2_4dof_arm/install/moveit_ros_planning/share/moveit_ros_planning/rdf_loader/test/data/robin.srdf.xacro
[3.416s] -- Up-to-date: /home/suwi/ros2_4dof_arm/install/moveit_ros_planning/share/moveit_ros_planning/rdf_loader/test/data/kermit.srdf
[3.417s] -- Up-to-date: /home/suwi/ros2_4dof_arm/install/moveit_ros_planning/share/moveit_ros_planning/rdf_loader/test/data/kermit.urdf
[3.417s] -- Up-to-date: /home/suwi/ros2_4dof_arm/install/moveit_ros_planning/share/moveit_ros_planning/rdf_loader/test/data/gonzo.srdf
[3.418s] -- Up-to-date: /home/suwi/ros2_4dof_arm/install/moveit_ros_planning/share/moveit_ros_planning/rdf_loader/test/data/gonzo.urdf
[3.418s] -- Up-to-date: /home/suwi/ros2_4dof_arm/install/moveit_ros_planning/share/moveit_ros_planning/rdf_loader/test/launch
[3.420s] -- Up-to-date: /home/suwi/ros2_4dof_arm/install/moveit_ros_planning/share/moveit_ros_planning/rdf_loader/test/launch/test_rdf_integration.test.py
[3.422s] -- Up-to-date: /home/suwi/ros2_4dof_arm/install/moveit_ros_planning/include
[3.423s] -- Up-to-date: /home/suwi/ros2_4dof_arm/install/moveit_ros_planning/include/moveit
[3.423s] -- Up-to-date: /home/suwi/ros2_4dof_arm/install/moveit_ros_planning/include/moveit/collision_plugin_loader
[3.423s] -- Up-to-date: /home/suwi/ros2_4dof_arm/install/moveit_ros_planning/include/moveit/collision_plugin_loader/collision_plugin_loader.h
[3.424s] -- Up-to-date: /home/suwi/ros2_4dof_arm/install/moveit_ros_planning/include
[3.424s] -- Up-to-date: /home/suwi/ros2_4dof_arm/install/moveit_ros_planning/include/moveit
[3.424s] -- Up-to-date: /home/suwi/ros2_4dof_arm/install/moveit_ros_planning/include/moveit/kinematics_plugin_loader
[3.425s] -- Up-to-date: /home/suwi/ros2_4dof_arm/install/moveit_ros_planning/include/moveit/kinematics_plugin_loader/kinematics_plugin_loader.h
[3.426s] -- Up-to-date: /home/suwi/ros2_4dof_arm/install/moveit_ros_planning/include
[3.428s] -- Up-to-date: /home/suwi/ros2_4dof_arm/install/moveit_ros_planning/include/moveit
[3.428s] -- Up-to-date: /home/suwi/ros2_4dof_arm/install/moveit_ros_planning/include/moveit/robot_model_loader
[3.428s] -- Up-to-date: /home/suwi/ros2_4dof_arm/install/moveit_ros_planning/include/moveit/robot_model_loader/robot_model_loader.h
[3.429s] -- Up-to-date: /home/suwi/ros2_4dof_arm/install/moveit_ros_planning/include
[3.429s] -- Up-to-date: /home/suwi/ros2_4dof_arm/install/moveit_ros_planning/include/moveit
[3.430s] -- Up-to-date: /home/suwi/ros2_4dof_arm/install/moveit_ros_planning/include/moveit/constraint_sampler_manager_loader
[3.431s] -- Up-to-date: /home/suwi/ros2_4dof_arm/install/moveit_ros_planning/include/moveit/constraint_sampler_manager_loader/constraint_sampler_manager_loader.h
[3.432s] -- Up-to-date: /home/suwi/ros2_4dof_arm/install/moveit_ros_planning/include
[3.432s] -- Up-to-date: /home/suwi/ros2_4dof_arm/install/moveit_ros_planning/include/moveit
[3.433s] -- Up-to-date: /home/suwi/ros2_4dof_arm/install/moveit_ros_planning/include/moveit/planning_pipeline
[3.433s] -- Up-to-date: /home/suwi/ros2_4dof_arm/install/moveit_ros_planning/include/moveit/planning_pipeline/planning_pipeline.h
[3.434s] -- Up-to-date: /home/suwi/ros2_4dof_arm/install/moveit_ros_planning/include/moveit_planning_pipeline_export.h
[3.442s] -- Up-to-date: /home/suwi/ros2_4dof_arm/install/moveit_ros_planning/lib/moveit_ros_planning/moveit_list_request_adapter_plugins
[3.450s] -- Up-to-date: /home/suwi/ros2_4dof_arm/install/moveit_ros_planning/lib/moveit_ros_planning/demo_scene
[3.453s] -- Up-to-date: /home/suwi/ros2_4dof_arm/install/moveit_ros_planning/include
[3.454s] -- Up-to-date: /home/suwi/ros2_4dof_arm/install/moveit_ros_planning/include/moveit
[3.454s] -- Up-to-date: /home/suwi/ros2_4dof_arm/install/moveit_ros_planning/include/moveit/planning_scene_monitor
[3.454s] -- Up-to-date: /home/suwi/ros2_4dof_arm/install/moveit_ros_planning/include/moveit/planning_scene_monitor/trajectory_monitor_middleware_handle.hpp
[3.455s] -- Up-to-date: /home/suwi/ros2_4dof_arm/install/moveit_ros_planning/include/moveit/planning_scene_monitor/current_state_monitor_middleware_handle.hpp
[3.455s] -- Up-to-date: /home/suwi/ros2_4dof_arm/install/moveit_ros_planning/include/moveit/planning_scene_monitor/current_state_monitor.h
[3.455s] -- Up-to-date: /home/suwi/ros2_4dof_arm/install/moveit_ros_planning/include/moveit/planning_scene_monitor/planning_scene_monitor.h
[3.456s] -- Up-to-date: /home/suwi/ros2_4dof_arm/install/moveit_ros_planning/include/moveit/planning_scene_monitor/trajectory_monitor.h
[3.456s] -- Up-to-date: /home/suwi/ros2_4dof_arm/install/moveit_ros_planning/include/moveit_planning_scene_monitor_export.h
[3.464s] -- Up-to-date: /home/suwi/ros2_4dof_arm/install/moveit_ros_planning/lib/moveit_ros_planning/moveit_print_planning_model_info
[3.472s] -- Up-to-date: /home/suwi/ros2_4dof_arm/install/moveit_ros_planning/lib/moveit_ros_planning/moveit_print_planning_scene_info
[3.479s] -- Up-to-date: /home/suwi/ros2_4dof_arm/install/moveit_ros_planning/lib/moveit_ros_planning/moveit_display_random_state
[3.486s] -- Up-to-date: /home/suwi/ros2_4dof_arm/install/moveit_ros_planning/lib/moveit_ros_planning/moveit_visualize_robot_collision_volume
[3.494s] -- Up-to-date: /home/suwi/ros2_4dof_arm/install/moveit_ros_planning/lib/moveit_ros_planning/moveit_evaluate_collision_checking_speed
[3.500s] -- Up-to-date: /home/suwi/ros2_4dof_arm/install/moveit_ros_planning/lib/moveit_ros_planning/moveit_publish_scene_from_text
[3.505s] -- Up-to-date: /home/suwi/ros2_4dof_arm/install/moveit_ros_planning/include
[3.505s] -- Up-to-date: /home/suwi/ros2_4dof_arm/install/moveit_ros_planning/include/moveit
[3.506s] -- Up-to-date: /home/suwi/ros2_4dof_arm/install/moveit_ros_planning/include/moveit/trajectory_execution_manager
[3.507s] -- Up-to-date: /home/suwi/ros2_4dof_arm/install/moveit_ros_planning/include/moveit/trajectory_execution_manager/trajectory_execution_manager.h
[3.507s] -- Up-to-date: /home/suwi/ros2_4dof_arm/install/moveit_ros_planning/include/moveit_trajectory_execution_manager_export.h
[3.508s] -- Up-to-date: /home/suwi/ros2_4dof_arm/install/moveit_ros_planning/include
[3.508s] -- Up-to-date: /home/suwi/ros2_4dof_arm/install/moveit_ros_planning/include/moveit
[3.509s] -- Up-to-date: /home/suwi/ros2_4dof_arm/install/moveit_ros_planning/include/moveit/plan_execution
[3.509s] -- Up-to-date: /home/suwi/ros2_4dof_arm/install/moveit_ros_planning/include/moveit/plan_execution/plan_representation.h
[3.509s] -- Up-to-date: /home/suwi/ros2_4dof_arm/install/moveit_ros_planning/include/moveit/plan_execution/plan_execution.h
[3.510s] -- Up-to-date: /home/suwi/ros2_4dof_arm/install/moveit_ros_planning/include
[3.510s] -- Up-to-date: /home/suwi/ros2_4dof_arm/install/moveit_ros_planning/include/moveit
[3.511s] -- Up-to-date: /home/suwi/ros2_4dof_arm/install/moveit_ros_planning/include/moveit/moveit_cpp
[3.511s] -- Up-to-date: /home/suwi/ros2_4dof_arm/install/moveit_ros_planning/include/moveit/moveit_cpp/moveit_cpp.h
[3.512s] -- Up-to-date: /home/suwi/ros2_4dof_arm/install/moveit_ros_planning/include/moveit/moveit_cpp/planning_component.h
[3.515s] -- Up-to-date: /home/suwi/ros2_4dof_arm/install/moveit_ros_planning/lib/libmoveit_rdf_loader.so.2.5.8
[3.517s] -- Up-to-date: /home/suwi/ros2_4dof_arm/install/moveit_ros_planning/lib/libmoveit_rdf_loader.so
[3.521s] -- Up-to-date: /home/suwi/ros2_4dof_arm/install/moveit_ros_planning/lib/libmoveit_kinematics_plugin_loader.so.2.5.8
[3.523s] -- Up-to-date: /home/suwi/ros2_4dof_arm/install/moveit_ros_planning/lib/libmoveit_kinematics_plugin_loader.so
[3.526s] -- Up-to-date: /home/suwi/ros2_4dof_arm/install/moveit_ros_planning/lib/libmoveit_robot_model_loader.so.2.5.8
[3.528s] -- Up-to-date: /home/suwi/ros2_4dof_arm/install/moveit_ros_planning/lib/libmoveit_robot_model_loader.so
[3.532s] -- Up-to-date: /home/suwi/ros2_4dof_arm/install/moveit_ros_planning/lib/libmoveit_constraint_sampler_manager_loader.so.2.5.8
[3.534s] -- Up-to-date: /home/suwi/ros2_4dof_arm/install/moveit_ros_planning/lib/libmoveit_constraint_sampler_manager_loader.so
[3.538s] -- Up-to-date: /home/suwi/ros2_4dof_arm/install/moveit_ros_planning/lib/libmoveit_planning_pipeline.so.2.5.8
[3.541s] -- Up-to-date: /home/suwi/ros2_4dof_arm/install/moveit_ros_planning/lib/libmoveit_planning_pipeline.so
[3.544s] -- Up-to-date: /home/suwi/ros2_4dof_arm/install/moveit_ros_planning/lib/libmoveit_trajectory_execution_manager.so.2.5.8
[3.547s] -- Up-to-date: /home/suwi/ros2_4dof_arm/install/moveit_ros_planning/lib/libmoveit_trajectory_execution_manager.so
[3.550s] -- Up-to-date: /home/suwi/ros2_4dof_arm/install/moveit_ros_planning/lib/libmoveit_plan_execution.so.2.5.8
[3.552s] -- Up-to-date: /home/suwi/ros2_4dof_arm/install/moveit_ros_planning/lib/libmoveit_plan_execution.so
[3.556s] -- Up-to-date: /home/suwi/ros2_4dof_arm/install/moveit_ros_planning/lib/libmoveit_planning_scene_monitor.so.2.5.8
[3.560s] -- Up-to-date: /home/suwi/ros2_4dof_arm/install/moveit_ros_planning/lib/libmoveit_planning_scene_monitor.so
[3.562s] -- Up-to-date: /home/suwi/ros2_4dof_arm/install/moveit_ros_planning/lib/libmoveit_collision_plugin_loader.so.2.5.8
[3.565s] -- Up-to-date: /home/suwi/ros2_4dof_arm/install/moveit_ros_planning/lib/libmoveit_collision_plugin_loader.so
[3.568s] -- Up-to-date: /home/suwi/ros2_4dof_arm/install/moveit_ros_planning/lib/libmoveit_default_planning_request_adapter_plugins.so.2.5.8
[3.570s] -- Up-to-date: /home/suwi/ros2_4dof_arm/install/moveit_ros_planning/lib/libmoveit_default_planning_request_adapter_plugins.so
[3.574s] -- Up-to-date: /home/suwi/ros2_4dof_arm/install/moveit_ros_planning/lib/libmoveit_cpp.so.2.5.8
[3.578s] -- Up-to-date: /home/suwi/ros2_4dof_arm/install/moveit_ros_planning/lib/libmoveit_cpp.so
[3.578s] -- Up-to-date: /home/suwi/ros2_4dof_arm/install/moveit_ros_planning/share/moveit_ros_planning/environment/library_path.sh
[3.579s] -- Up-to-date: /home/suwi/ros2_4dof_arm/install/moveit_ros_planning/share/moveit_ros_planning/environment/library_path.dsv
[3.580s] -- Up-to-date: /home/suwi/ros2_4dof_arm/install/moveit_ros_planning/share/moveit_ros_planning/planning_request_adapters_plugin_description.xml
[3.580s] -- Up-to-date: /home/suwi/ros2_4dof_arm/install/moveit_ros_planning/share/ament_index/resource_index/package_run_dependencies/moveit_ros_planning
[3.581s] -- Up-to-date: /home/suwi/ros2_4dof_arm/install/moveit_ros_planning/share/ament_index/resource_index/parent_prefix_path/moveit_ros_planning
[3.581s] -- Up-to-date: /home/suwi/ros2_4dof_arm/install/moveit_ros_planning/share/moveit_ros_planning/environment/ament_prefix_path.sh
[3.582s] -- Up-to-date: /home/suwi/ros2_4dof_arm/install/moveit_ros_planning/share/moveit_ros_planning/environment/ament_prefix_path.dsv
[3.583s] -- Up-to-date: /home/suwi/ros2_4dof_arm/install/moveit_ros_planning/share/moveit_ros_planning/environment/path.sh
[3.583s] -- Up-to-date: /home/suwi/ros2_4dof_arm/install/moveit_ros_planning/share/moveit_ros_planning/environment/path.dsv
[3.583s] -- Up-to-date: /home/suwi/ros2_4dof_arm/install/moveit_ros_planning/share/moveit_ros_planning/local_setup.bash
[3.584s] -- Up-to-date: /home/suwi/ros2_4dof_arm/install/moveit_ros_planning/share/moveit_ros_planning/local_setup.sh
[3.584s] -- Up-to-date: /home/suwi/ros2_4dof_arm/install/moveit_ros_planning/share/moveit_ros_planning/local_setup.zsh
[3.584s] -- Up-to-date: /home/suwi/ros2_4dof_arm/install/moveit_ros_planning/share/moveit_ros_planning/local_setup.dsv
[3.584s] -- Installing: /home/suwi/ros2_4dof_arm/install/moveit_ros_planning/share/moveit_ros_planning/package.dsv
[3.586s] -- Up-to-date: /home/suwi/ros2_4dof_arm/install/moveit_ros_planning/share/ament_index/resource_index/packages/moveit_ros_planning
[3.588s] -- Up-to-date: /home/suwi/ros2_4dof_arm/install/moveit_ros_planning/share/ament_index/resource_index/moveit_core__pluginlib__plugin/moveit_ros_planning
[3.593s] -- Up-to-date: /home/suwi/ros2_4dof_arm/install/moveit_ros_planning/share/moveit_ros_planning/cmake/export_moveit_ros_planningExport.cmake
[3.594s] -- Up-to-date: /home/suwi/ros2_4dof_arm/install/moveit_ros_planning/share/moveit_ros_planning/cmake/export_moveit_ros_planningExport-release.cmake
[3.594s] -- Up-to-date: /home/suwi/ros2_4dof_arm/install/moveit_ros_planning/share/moveit_ros_planning/cmake/ConfigExtras.cmake
[3.594s] -- Up-to-date: /home/suwi/ros2_4dof_arm/install/moveit_ros_planning/share/moveit_ros_planning/cmake/ament_cmake_export_targets-extras.cmake
[3.595s] -- Up-to-date: /home/suwi/ros2_4dof_arm/install/moveit_ros_planning/share/moveit_ros_planning/cmake/ament_cmake_export_dependencies-extras.cmake
[3.595s] -- Up-to-date: /home/suwi/ros2_4dof_arm/install/moveit_ros_planning/share/moveit_ros_planning/cmake/moveit_ros_planningConfig.cmake
[3.595s] -- Up-to-date: /home/suwi/ros2_4dof_arm/install/moveit_ros_planning/share/moveit_ros_planning/cmake/moveit_ros_planningConfig-version.cmake
[3.596s] -- Up-to-date: /home/suwi/ros2_4dof_arm/install/moveit_ros_planning/share/moveit_ros_planning/package.xml
[3.602s] Invoked command in '/home/suwi/ros2_4dof_arm/build/moveit_ros_planning' returned '0': AMENT_PREFIX_PATH=/home/suwi/ros2_4dof_arm/install/moveit_configs_utils:/home/suwi/ros2_4dof_arm/install/pilz_industrial_motion_planner_testutils:/home/suwi/ros2_4dof_arm/install/moveit_runtime:/home/suwi/ros2_4dof_arm/install/moveit:/home/suwi/ros2_4dof_arm/install/moveit_planners:/home/suwi/ros2_4dof_arm/install/pilz_industrial_motion_planner:/home/suwi/ros2_4dof_arm/install/moveit_ros_control_interface:/home/suwi/ros2_4dof_arm/install/moveit_plugins:/home/suwi/ros2_4dof_arm/install/moveit_simple_controller_manager:/home/suwi/ros2_4dof_arm/install/moveit_setup_assistant:/home/suwi/ros2_4dof_arm/install/moveit_setup_srdf_plugins:/home/suwi/ros2_4dof_arm/install/moveit_setup_core_plugins:/home/suwi/ros2_4dof_arm/install/moveit_setup_controllers:/home/suwi/ros2_4dof_arm/install/moveit_setup_app_plugins:/home/suwi/ros2_4dof_arm/install/moveit_setup_framework:/home/suwi/ros2_4dof_arm/install/moveit_servo:/home/suwi/ros2_4dof_arm/install/moveit_ros:/home/suwi/ros2_4dof_arm/install/moveit_ros_visualization:/home/suwi/ros2_4dof_arm/install/moveit_hybrid_planning:/home/suwi/ros2_4dof_arm/install/moveit_ros_planning_interface:/home/suwi/ros2_4dof_arm/install/moveit_ros_benchmarks:/home/suwi/ros2_4dof_arm/install/moveit_ros_warehouse:/home/suwi/ros2_4dof_arm/install/moveit_ros_robot_interaction:/home/suwi/ros2_4dof_arm/install/moveit_ros_perception:/home/suwi/ros2_4dof_arm/install/moveit_resources_prbt_pg70_support:/home/suwi/ros2_4dof_arm/install/moveit_resources_prbt_moveit_config:/home/suwi/ros2_4dof_arm/install/moveit_ros_move_group:/home/suwi/ros2_4dof_arm/install/moveit_planners_ompl:/home/suwi/ros2_4dof_arm/install/moveit_ros_planning:/home/suwi/ros2_4dof_arm/install/moveit_ros_occupancy_map_monitor:/home/suwi/ros2_4dof_arm/install/moveit_resources_prbt_ikfast_manipulator_plugin:/home/suwi/ros2_4dof_arm/install/moveit_planners_chomp:/home/suwi/ros2_4dof_arm/install/moveit_kinematics:/home/suwi/ros2_4dof_arm/install/moveit_chomp_optimizer_adapter:/home/suwi/ros2_4dof_arm/install/chomp_motion_planner:/home/suwi/ros2_4dof_arm/install/moveit_core:/home/suwi/ros2_4dof_arm/install/moveit_msgs:/home/suwi/ros2_4dof_arm/install/moveit_resources_prbt_support:/home/suwi/ros2_4dof_arm/install/moveit_resources:/home/suwi/ros2_4dof_arm/install/moveit_resources_pr2_description:/home/suwi/ros2_4dof_arm/install/moveit_resources_panda_moveit_config:/home/suwi/ros2_4dof_arm/install/moveit_resources_fanuc_moveit_config:/home/suwi/ros2_4dof_arm/install/moveit_resources_fanuc_description:/home/suwi/ros2_4dof_arm/install/moveit_resources_panda_description:/home/suwi/ros2_4dof_arm/install/moveit_common:/home/suwi/ros2_4dof_arm/src/four_dof_arm/install/four_dof_arm:/home/suwi/ros2_4dof_arm/install/four_dof_arm:/home/suwi/ros2_ws_prac/install/pub_sub:/home/suwi/ros2_ws_prac/install/my_robot_control:/opt/ros/humble CMAKE_PREFIX_PATH=/home/suwi/ros2_4dof_arm/install/moveit_ros_occupancy_map_monitor:/home/suwi/ros2_4dof_arm/install/moveit_core:/home/suwi/ros2_4dof_arm/install/moveit_resources_panda_moveit_config:/home/suwi/ros2_4dof_arm/install/moveit_resources_pr2_description:/home/suwi/ros2_4dof_arm/install/moveit_resources_panda_description:/home/suwi/ros2_4dof_arm/install/moveit_msgs:/home/suwi/ros2_4dof_arm/install/moveit_common:/home/suwi/ros2_4dof_arm/install/pilz_industrial_motion_planner_testutils:/home/suwi/ros2_4dof_arm/install/moveit_runtime:/home/suwi/ros2_4dof_arm/install/moveit:/home/suwi/ros2_4dof_arm/install/moveit_planners:/home/suwi/ros2_4dof_arm/install/pilz_industrial_motion_planner:/home/suwi/ros2_4dof_arm/install/moveit_ros_control_interface:/home/suwi/ros2_4dof_arm/install/moveit_plugins:/home/suwi/ros2_4dof_arm/install/moveit_simple_controller_manager:/home/suwi/ros2_4dof_arm/install/moveit_setup_assistant:/home/suwi/ros2_4dof_arm/install/moveit_setup_srdf_plugins:/home/suwi/ros2_4dof_arm/install/moveit_setup_core_plugins:/home/suwi/ros2_4dof_arm/install/moveit_setup_controllers:/home/suwi/ros2_4dof_arm/install/moveit_setup_app_plugins:/home/suwi/ros2_4dof_arm/install/moveit_setup_framework:/home/suwi/ros2_4dof_arm/install/moveit_servo:/home/suwi/ros2_4dof_arm/install/moveit_ros:/home/suwi/ros2_4dof_arm/install/moveit_ros_visualization:/home/suwi/ros2_4dof_arm/install/moveit_hybrid_planning:/home/suwi/ros2_4dof_arm/install/moveit_ros_planning_interface:/home/suwi/ros2_4dof_arm/install/moveit_ros_benchmarks:/home/suwi/ros2_4dof_arm/install/moveit_ros_warehouse:/home/suwi/ros2_4dof_arm/install/moveit_ros_robot_interaction:/home/suwi/ros2_4dof_arm/install/moveit_ros_perception:/home/suwi/ros2_4dof_arm/install/moveit_resources_prbt_pg70_support:/home/suwi/ros2_4dof_arm/install/moveit_resources_prbt_moveit_config:/home/suwi/ros2_4dof_arm/install/moveit_ros_move_group:/home/suwi/ros2_4dof_arm/install/moveit_planners_ompl:/home/suwi/ros2_4dof_arm/install/moveit_ros_planning:/home/suwi/ros2_4dof_arm/install/moveit_resources_prbt_ikfast_manipulator_plugin:/home/suwi/ros2_4dof_arm/install/moveit_planners_chomp:/home/suwi/ros2_4dof_arm/install/moveit_kinematics:/home/suwi/ros2_4dof_arm/install/moveit_chomp_optimizer_adapter:/home/suwi/ros2_4dof_arm/install/chomp_motion_planner:/home/suwi/ros2_4dof_arm/install/moveit_resources_prbt_support:/home/suwi/ros2_4dof_arm/install/moveit_resources:/home/suwi/ros2_4dof_arm/install/moveit_resources_fanuc_moveit_config:/home/suwi/ros2_4dof_arm/install/moveit_resources_fanuc_description:/home/suwi/ros2_4dof_arm/src/four_dof_arm/install/four_dof_arm:/home/suwi/ros2_4dof_arm/install/four_dof_arm:/opt/ros/humble:/opt/ros/humble:/home/suwi/ros2_ws_prac/install/my_robot_control:/path/to/object_recognition_msgs/install:/home/suwi/ros2_4dof_arm/install/moveit_configs_utils:/home/suwi/ros2_ws_prac/install/pub_sub LD_LIBRARY_PATH=/home/suwi/ros2_4dof_arm/install/moveit_ros_occupancy_map_monitor/lib:/home/suwi/ros2_4dof_arm/install/moveit_core/lib:/home/suwi/ros2_4dof_arm/install/moveit_msgs/lib:/home/suwi/ros2_4dof_arm/install/pilz_industrial_motion_planner_testutils/lib:/home/suwi/ros2_4dof_arm/install/pilz_industrial_motion_planner/lib:/home/suwi/ros2_4dof_arm/install/moveit_ros_control_interface/lib:/home/suwi/ros2_4dof_arm/install/moveit_simple_controller_manager/lib:/home/suwi/ros2_4dof_arm/install/moveit_setup_assistant/lib:/home/suwi/ros2_4dof_arm/install/moveit_setup_srdf_plugins/lib:/home/suwi/ros2_4dof_arm/install/moveit_setup_core_plugins/lib:/home/suwi/ros2_4dof_arm/install/moveit_setup_controllers/lib:/home/suwi/ros2_4dof_arm/install/moveit_setup_app_plugins/lib:/home/suwi/ros2_4dof_arm/install/moveit_setup_framework/lib:/home/suwi/ros2_4dof_arm/install/moveit_servo/lib:/home/suwi/ros2_4dof_arm/install/moveit_ros_visualization/lib:/home/suwi/ros2_4dof_arm/install/moveit_hybrid_planning/lib:/home/suwi/ros2_4dof_arm/install/moveit_ros_planning_interface/lib:/home/suwi/ros2_4dof_arm/install/moveit_ros_benchmarks/lib:/home/suwi/ros2_4dof_arm/install/moveit_ros_warehouse/lib:/home/suwi/ros2_4dof_arm/install/moveit_ros_robot_interaction/lib:/home/suwi/ros2_4dof_arm/install/moveit_ros_perception/lib:/home/suwi/ros2_4dof_arm/install/moveit_ros_move_group/lib:/home/suwi/ros2_4dof_arm/install/moveit_planners_ompl/lib:/home/suwi/ros2_4dof_arm/install/moveit_ros_planning/lib:/home/suwi/ros2_4dof_arm/install/moveit_resources_prbt_ikfast_manipulator_plugin/lib:/home/suwi/ros2_4dof_arm/install/moveit_planners_chomp/lib:/home/suwi/ros2_4dof_arm/install/moveit_kinematics/lib:/home/suwi/ros2_4dof_arm/install/moveit_chomp_optimizer_adapter/lib:/home/suwi/ros2_4dof_arm/install/chomp_motion_planner/lib:/opt/ros/humble/opt/rviz_ogre_vendor/lib:/opt/ros/humble/lib/x86_64-linux-gnu:/opt/ros/humble/lib PYTHONPATH=/home/suwi/ros2_4dof_arm/install/moveit_configs_utils/lib/python3.10/site-packages:/home/suwi/ros2_4dof_arm/install/moveit_msgs/local/lib/python3.10/dist-packages:/home/suwi/ros2_ws_prac/build/pub_sub:/home/suwi/ros2_ws_prac/install/pub_sub/lib/python3.10/site-packages:/opt/ros/humble/lib/python3.10/site-packages:/opt/ros/humble/local/lib/python3.10/dist-packages /usr/bin/cmake --install /home/suwi/ros2_4dof_arm/build/moveit_ros_planning
