[0.164s] Invoking command in '/home/suwi/ros2_4dof_arm/build/moveit_resources_pr2_description': CMAKE_PREFIX_PATH=${CMAKE_PREFIX_PATH}:/home/suwi/ros2_ws_prac/install/pub_sub /usr/bin/cmake --build /home/suwi/ros2_4dof_arm/build/moveit_resources_pr2_description -- -j8 -l8
[1.044s] Invoked command in '/home/suwi/ros2_4dof_arm/build/moveit_resources_pr2_description' returned '0': CMAKE_PREFIX_PATH=${CMAKE_PREFIX_PATH}:/home/suwi/ros2_ws_prac/install/pub_sub /usr/bin/cmake --build /home/suwi/ros2_4dof_arm/build/moveit_resources_pr2_description -- -j8 -l8
[1.053s] Invoking command in '/home/suwi/ros2_4dof_arm/build/moveit_resources_pr2_description': CMAKE_PREFIX_PATH=${CMAKE_PREFIX_PATH}:/home/suwi/ros2_ws_prac/install/pub_sub /usr/bin/cmake --install /home/suwi/ros2_4dof_arm/build/moveit_resources_pr2_description
[1.113s] -- Install configuration: ""
[1.114s] -- Execute custom install script
[1.123s] -- Up-to-date symlink: /home/suwi/ros2_4dof_arm/install/moveit_resources_pr2_description/share/ament_index/resource_index/package_run_dependencies/moveit_resources_pr2_description
[1.124s] -- Up-to-date symlink: /home/suwi/ros2_4dof_arm/install/moveit_resources_pr2_description/share/ament_index/resource_index/parent_prefix_path/moveit_resources_pr2_description
[1.163s] -- Up-to-date symlink: /home/suwi/ros2_4dof_arm/install/moveit_resources_pr2_description/share/moveit_resources_pr2_description/environment/ament_prefix_path.sh
[1.167s] -- Up-to-date symlink: /home/suwi/ros2_4dof_arm/install/moveit_resources_pr2_description/share/moveit_resources_pr2_description/environment/ament_prefix_path.dsv
[1.178s] -- Up-to-date symlink: /home/suwi/ros2_4dof_arm/install/moveit_resources_pr2_description/share/moveit_resources_pr2_description/environment/path.sh
[1.179s] -- Up-to-date symlink: /home/suwi/ros2_4dof_arm/install/moveit_resources_pr2_description/share/moveit_resources_pr2_description/environment/path.dsv
[1.179s] -- Up-to-date symlink: /home/suwi/ros2_4dof_arm/install/moveit_resources_pr2_description/share/moveit_resources_pr2_description/local_setup.bash
[1.182s] -- Up-to-date symlink: /home/suwi/ros2_4dof_arm/install/moveit_resources_pr2_description/share/moveit_resources_pr2_description/local_setup.sh
[1.186s] -- Up-to-date symlink: /home/suwi/ros2_4dof_arm/install/moveit_resources_pr2_description/share/moveit_resources_pr2_description/local_setup.zsh
[1.188s] -- Up-to-date symlink: /home/suwi/ros2_4dof_arm/install/moveit_resources_pr2_description/share/moveit_resources_pr2_description/local_setup.dsv
[1.189s] -- Up-to-date symlink: /home/suwi/ros2_4dof_arm/install/moveit_resources_pr2_description/share/moveit_resources_pr2_description/package.dsv
[1.191s] -- Up-to-date symlink: /home/suwi/ros2_4dof_arm/install/moveit_resources_pr2_description/share/ament_index/resource_index/packages/moveit_resources_pr2_description
[1.193s] -- Up-to-date symlink: /home/suwi/ros2_4dof_arm/install/moveit_resources_pr2_description/share/moveit_resources_pr2_description/cmake/moveit_resources_pr2_descriptionConfig.cmake
[1.197s] -- Up-to-date symlink: /home/suwi/ros2_4dof_arm/install/moveit_resources_pr2_description/share/moveit_resources_pr2_description/cmake/moveit_resources_pr2_descriptionConfig-version.cmake
[1.203s] -- Up-to-date symlink: /home/suwi/ros2_4dof_arm/install/moveit_resources_pr2_description/share/moveit_resources_pr2_description/package.xml
[1.212s] -- Up-to-date symlink: /home/suwi/ros2_4dof_arm/install/moveit_resources_pr2_description/share/moveit_resources_pr2_description/srdf/robot.xml
[1.222s] -- Up-to-date symlink: /home/suwi/ros2_4dof_arm/install/moveit_resources_pr2_description/share/moveit_resources_pr2_description/urdf/materials/textures/pr2_caster_texture.png
[1.222s] -- Up-to-date symlink: /home/suwi/ros2_4dof_arm/install/moveit_resources_pr2_description/share/moveit_resources_pr2_description/urdf/materials/textures/pr2_wheel_left.png
[1.222s] -- Up-to-date symlink: /home/suwi/ros2_4dof_arm/install/moveit_resources_pr2_description/share/moveit_resources_pr2_description/urdf/materials/textures/pr2_wheel_right.png
[1.223s] -- Up-to-date symlink: /home/suwi/ros2_4dof_arm/install/moveit_resources_pr2_description/share/moveit_resources_pr2_description/urdf/meshes/base_v0/base.dae
[1.223s] -- Up-to-date symlink: /home/suwi/ros2_4dof_arm/install/moveit_resources_pr2_description/share/moveit_resources_pr2_description/urdf/meshes/base_v0/base.stl
[1.223s] -- Up-to-date symlink: /home/suwi/ros2_4dof_arm/install/moveit_resources_pr2_description/share/moveit_resources_pr2_description/urdf/meshes/base_v0/base_L.stl
[1.224s] -- Up-to-date symlink: /home/suwi/ros2_4dof_arm/install/moveit_resources_pr2_description/share/moveit_resources_pr2_description/urdf/meshes/base_v0/base_color.tif
[1.224s] -- Up-to-date symlink: /home/suwi/ros2_4dof_arm/install/moveit_resources_pr2_description/share/moveit_resources_pr2_description/urdf/meshes/base_v0/base_normals.tif
[1.224s] -- Up-to-date symlink: /home/suwi/ros2_4dof_arm/install/moveit_resources_pr2_description/share/moveit_resources_pr2_description/urdf/meshes/base_v0/caster.stl
[1.224s] -- Up-to-date symlink: /home/suwi/ros2_4dof_arm/install/moveit_resources_pr2_description/share/moveit_resources_pr2_description/urdf/meshes/base_v0/caster_L.stl
[1.225s] -- Up-to-date symlink: /home/suwi/ros2_4dof_arm/install/moveit_resources_pr2_description/share/moveit_resources_pr2_description/urdf/meshes/base_v0/convex/base.dae
[1.226s] -- Up-to-date symlink: /home/suwi/ros2_4dof_arm/install/moveit_resources_pr2_description/share/moveit_resources_pr2_description/urdf/meshes/base_v0/convex/base.xml
[1.233s] -- Up-to-date symlink: /home/suwi/ros2_4dof_arm/install/moveit_resources_pr2_description/share/moveit_resources_pr2_description/urdf/meshes/base_v0/convex/base_L.dae
[1.238s] -- Up-to-date symlink: /home/suwi/ros2_4dof_arm/install/moveit_resources_pr2_description/share/moveit_resources_pr2_description/urdf/meshes/base_v0/convex/base_L.xml
[1.239s] -- Up-to-date symlink: /home/suwi/ros2_4dof_arm/install/moveit_resources_pr2_description/share/moveit_resources_pr2_description/urdf/meshes/base_v0/convex/base_L_convex.stla
[1.239s] -- Up-to-date symlink: /home/suwi/ros2_4dof_arm/install/moveit_resources_pr2_description/share/moveit_resources_pr2_description/urdf/meshes/base_v0/convex/base_L_convex.stlb
[1.239s] -- Up-to-date symlink: /home/suwi/ros2_4dof_arm/install/moveit_resources_pr2_description/share/moveit_resources_pr2_description/urdf/meshes/base_v0/convex/base_convex.stla
[1.240s] -- Up-to-date symlink: /home/suwi/ros2_4dof_arm/install/moveit_resources_pr2_description/share/moveit_resources_pr2_description/urdf/meshes/base_v0/convex/base_convex.stlb
[1.240s] -- Up-to-date symlink: /home/suwi/ros2_4dof_arm/install/moveit_resources_pr2_description/share/moveit_resources_pr2_description/urdf/meshes/base_v0/convex/caster.dae
[1.254s] -- Up-to-date symlink: /home/suwi/ros2_4dof_arm/install/moveit_resources_pr2_description/share/moveit_resources_pr2_description/urdf/meshes/base_v0/convex/caster.xml
[1.254s] -- Up-to-date symlink: /home/suwi/ros2_4dof_arm/install/moveit_resources_pr2_description/share/moveit_resources_pr2_description/urdf/meshes/base_v0/convex/caster_L.dae
[1.254s] -- Up-to-date symlink: /home/suwi/ros2_4dof_arm/install/moveit_resources_pr2_description/share/moveit_resources_pr2_description/urdf/meshes/base_v0/convex/caster_L.xml
[1.260s] -- Up-to-date symlink: /home/suwi/ros2_4dof_arm/install/moveit_resources_pr2_description/share/moveit_resources_pr2_description/urdf/meshes/base_v0/convex/caster_L_convex.stla
[1.261s] -- Up-to-date symlink: /home/suwi/ros2_4dof_arm/install/moveit_resources_pr2_description/share/moveit_resources_pr2_description/urdf/meshes/base_v0/convex/caster_L_convex.stlb
[1.261s] -- Up-to-date symlink: /home/suwi/ros2_4dof_arm/install/moveit_resources_pr2_description/share/moveit_resources_pr2_description/urdf/meshes/base_v0/convex/caster_convex.stla
[1.262s] -- Up-to-date symlink: /home/suwi/ros2_4dof_arm/install/moveit_resources_pr2_description/share/moveit_resources_pr2_description/urdf/meshes/base_v0/convex/caster_convex.stlb
[1.268s] -- Up-to-date symlink: /home/suwi/ros2_4dof_arm/install/moveit_resources_pr2_description/share/moveit_resources_pr2_description/urdf/meshes/base_v0/convex/pr2_wheel.dae
[1.268s] -- Up-to-date symlink: /home/suwi/ros2_4dof_arm/install/moveit_resources_pr2_description/share/moveit_resources_pr2_description/urdf/meshes/base_v0/convex/pr2_wheel.xml
[1.269s] -- Up-to-date symlink: /home/suwi/ros2_4dof_arm/install/moveit_resources_pr2_description/share/moveit_resources_pr2_description/urdf/meshes/base_v0/convex/pr2_wheel_convex.stla
[1.269s] -- Up-to-date symlink: /home/suwi/ros2_4dof_arm/install/moveit_resources_pr2_description/share/moveit_resources_pr2_description/urdf/meshes/base_v0/convex/pr2_wheel_convex.stlb
[1.269s] -- Up-to-date symlink: /home/suwi/ros2_4dof_arm/install/moveit_resources_pr2_description/share/moveit_resources_pr2_description/urdf/meshes/base_v0/convex/wheel.dae
[1.270s] -- Up-to-date symlink: /home/suwi/ros2_4dof_arm/install/moveit_resources_pr2_description/share/moveit_resources_pr2_description/urdf/meshes/base_v0/convex/wheel.xml
[1.270s] -- Up-to-date symlink: /home/suwi/ros2_4dof_arm/install/moveit_resources_pr2_description/share/moveit_resources_pr2_description/urdf/meshes/base_v0/convex/wheel_convex.stla
[1.270s] -- Up-to-date symlink: /home/suwi/ros2_4dof_arm/install/moveit_resources_pr2_description/share/moveit_resources_pr2_description/urdf/meshes/base_v0/convex/wheel_convex.stlb
[1.270s] -- Up-to-date symlink: /home/suwi/ros2_4dof_arm/install/moveit_resources_pr2_description/share/moveit_resources_pr2_description/urdf/meshes/base_v0/pr2_wheel.stl
[1.271s] -- Up-to-date symlink: /home/suwi/ros2_4dof_arm/install/moveit_resources_pr2_description/share/moveit_resources_pr2_description/urdf/meshes/base_v0/wheel.dae
[1.271s] -- Up-to-date symlink: /home/suwi/ros2_4dof_arm/install/moveit_resources_pr2_description/share/moveit_resources_pr2_description/urdf/meshes/base_v0/wheel.stl
[1.271s] -- Up-to-date symlink: /home/suwi/ros2_4dof_arm/install/moveit_resources_pr2_description/share/moveit_resources_pr2_description/urdf/meshes/base_v0/wheel_color.tif
[1.275s] -- Up-to-date symlink: /home/suwi/ros2_4dof_arm/install/moveit_resources_pr2_description/share/moveit_resources_pr2_description/urdf/meshes/base_v0/wheel_h.dae
[1.275s] -- Up-to-date symlink: /home/suwi/ros2_4dof_arm/install/moveit_resources_pr2_description/share/moveit_resources_pr2_description/urdf/meshes/base_v0/wheel_h_color.tif
[1.276s] -- Up-to-date symlink: /home/suwi/ros2_4dof_arm/install/moveit_resources_pr2_description/share/moveit_resources_pr2_description/urdf/meshes/base_v0/wheel_normals.tif
[1.276s] -- Up-to-date symlink: /home/suwi/ros2_4dof_arm/install/moveit_resources_pr2_description/share/moveit_resources_pr2_description/urdf/meshes/forearm_v0/convex/forearm.dae
[1.282s] -- Up-to-date symlink: /home/suwi/ros2_4dof_arm/install/moveit_resources_pr2_description/share/moveit_resources_pr2_description/urdf/meshes/forearm_v0/convex/forearm.xml
[1.289s] -- Up-to-date symlink: /home/suwi/ros2_4dof_arm/install/moveit_resources_pr2_description/share/moveit_resources_pr2_description/urdf/meshes/forearm_v0/convex/forearm_convex.stla
[1.290s] -- Up-to-date symlink: /home/suwi/ros2_4dof_arm/install/moveit_resources_pr2_description/share/moveit_resources_pr2_description/urdf/meshes/forearm_v0/convex/forearm_convex.stlb
[1.291s] -- Up-to-date symlink: /home/suwi/ros2_4dof_arm/install/moveit_resources_pr2_description/share/moveit_resources_pr2_description/urdf/meshes/forearm_v0/convex/wrist_flex.dae
[1.291s] -- Up-to-date symlink: /home/suwi/ros2_4dof_arm/install/moveit_resources_pr2_description/share/moveit_resources_pr2_description/urdf/meshes/forearm_v0/convex/wrist_flex.xml
[1.292s] -- Up-to-date symlink: /home/suwi/ros2_4dof_arm/install/moveit_resources_pr2_description/share/moveit_resources_pr2_description/urdf/meshes/forearm_v0/convex/wrist_flex_convex.stla
[1.292s] -- Up-to-date symlink: /home/suwi/ros2_4dof_arm/install/moveit_resources_pr2_description/share/moveit_resources_pr2_description/urdf/meshes/forearm_v0/convex/wrist_flex_convex.stlb
[1.294s] -- Up-to-date symlink: /home/suwi/ros2_4dof_arm/install/moveit_resources_pr2_description/share/moveit_resources_pr2_description/urdf/meshes/forearm_v0/convex/wrist_roll.dae
[1.295s] -- Up-to-date symlink: /home/suwi/ros2_4dof_arm/install/moveit_resources_pr2_description/share/moveit_resources_pr2_description/urdf/meshes/forearm_v0/convex/wrist_roll.xml
[1.295s] -- Up-to-date symlink: /home/suwi/ros2_4dof_arm/install/moveit_resources_pr2_description/share/moveit_resources_pr2_description/urdf/meshes/forearm_v0/convex/wrist_roll_L.dae
[1.296s] -- Up-to-date symlink: /home/suwi/ros2_4dof_arm/install/moveit_resources_pr2_description/share/moveit_resources_pr2_description/urdf/meshes/forearm_v0/convex/wrist_roll_L.xml
[1.301s] -- Up-to-date symlink: /home/suwi/ros2_4dof_arm/install/moveit_resources_pr2_description/share/moveit_resources_pr2_description/urdf/meshes/forearm_v0/convex/wrist_roll_L_convex.stla
[1.303s] -- Up-to-date symlink: /home/suwi/ros2_4dof_arm/install/moveit_resources_pr2_description/share/moveit_resources_pr2_description/urdf/meshes/forearm_v0/convex/wrist_roll_L_convex.stlb
[1.303s] -- Up-to-date symlink: /home/suwi/ros2_4dof_arm/install/moveit_resources_pr2_description/share/moveit_resources_pr2_description/urdf/meshes/forearm_v0/convex/wrist_roll_convex.stla
[1.303s] -- Up-to-date symlink: /home/suwi/ros2_4dof_arm/install/moveit_resources_pr2_description/share/moveit_resources_pr2_description/urdf/meshes/forearm_v0/convex/wrist_roll_convex.stlb
[1.304s] -- Up-to-date symlink: /home/suwi/ros2_4dof_arm/install/moveit_resources_pr2_description/share/moveit_resources_pr2_description/urdf/meshes/forearm_v0/forearm.dae
[1.304s] -- Up-to-date symlink: /home/suwi/ros2_4dof_arm/install/moveit_resources_pr2_description/share/moveit_resources_pr2_description/urdf/meshes/forearm_v0/forearm.jpg
[1.307s] -- Up-to-date symlink: /home/suwi/ros2_4dof_arm/install/moveit_resources_pr2_description/share/moveit_resources_pr2_description/urdf/meshes/forearm_v0/forearm.stl
[1.307s] -- Up-to-date symlink: /home/suwi/ros2_4dof_arm/install/moveit_resources_pr2_description/share/moveit_resources_pr2_description/urdf/meshes/forearm_v0/forearm_color.tif
[1.307s] -- Up-to-date symlink: /home/suwi/ros2_4dof_arm/install/moveit_resources_pr2_description/share/moveit_resources_pr2_description/urdf/meshes/forearm_v0/forearm_normals.tif
[1.308s] -- Up-to-date symlink: /home/suwi/ros2_4dof_arm/install/moveit_resources_pr2_description/share/moveit_resources_pr2_description/urdf/meshes/forearm_v0/wrist_color.tif
[1.308s] -- Up-to-date symlink: /home/suwi/ros2_4dof_arm/install/moveit_resources_pr2_description/share/moveit_resources_pr2_description/urdf/meshes/forearm_v0/wrist_flex.dae
[1.311s] -- Up-to-date symlink: /home/suwi/ros2_4dof_arm/install/moveit_resources_pr2_description/share/moveit_resources_pr2_description/urdf/meshes/forearm_v0/wrist_flex.stl
[1.312s] -- Up-to-date symlink: /home/suwi/ros2_4dof_arm/install/moveit_resources_pr2_description/share/moveit_resources_pr2_description/urdf/meshes/forearm_v0/wrist_normals.tif
[1.312s] -- Up-to-date symlink: /home/suwi/ros2_4dof_arm/install/moveit_resources_pr2_description/share/moveit_resources_pr2_description/urdf/meshes/forearm_v0/wrist_roll.stl
[1.312s] -- Up-to-date symlink: /home/suwi/ros2_4dof_arm/install/moveit_resources_pr2_description/share/moveit_resources_pr2_description/urdf/meshes/forearm_v0/wrist_roll_L.stl
[1.320s] -- Up-to-date symlink: /home/suwi/ros2_4dof_arm/install/moveit_resources_pr2_description/share/moveit_resources_pr2_description/urdf/meshes/gripper_v0/convex/finger_tip_l.dae
[1.320s] -- Up-to-date symlink: /home/suwi/ros2_4dof_arm/install/moveit_resources_pr2_description/share/moveit_resources_pr2_description/urdf/meshes/gripper_v0/convex/finger_tip_l.xml
[1.321s] -- Up-to-date symlink: /home/suwi/ros2_4dof_arm/install/moveit_resources_pr2_description/share/moveit_resources_pr2_description/urdf/meshes/gripper_v0/convex/finger_tip_l_convex.stla
[1.321s] -- Up-to-date symlink: /home/suwi/ros2_4dof_arm/install/moveit_resources_pr2_description/share/moveit_resources_pr2_description/urdf/meshes/gripper_v0/convex/finger_tip_l_convex.stlb
[1.322s] -- Up-to-date symlink: /home/suwi/ros2_4dof_arm/install/moveit_resources_pr2_description/share/moveit_resources_pr2_description/urdf/meshes/gripper_v0/convex/finger_tip_pad2_l.dae
[1.322s] -- Up-to-date symlink: /home/suwi/ros2_4dof_arm/install/moveit_resources_pr2_description/share/moveit_resources_pr2_description/urdf/meshes/gripper_v0/convex/finger_tip_pad2_l.xml
[1.322s] -- Up-to-date symlink: /home/suwi/ros2_4dof_arm/install/moveit_resources_pr2_description/share/moveit_resources_pr2_description/urdf/meshes/gripper_v0/convex/finger_tip_pad2_l_convex.stla
[1.323s] -- Up-to-date symlink: /home/suwi/ros2_4dof_arm/install/moveit_resources_pr2_description/share/moveit_resources_pr2_description/urdf/meshes/gripper_v0/convex/finger_tip_pad2_l_convex.stlb
[1.323s] -- Up-to-date symlink: /home/suwi/ros2_4dof_arm/install/moveit_resources_pr2_description/share/moveit_resources_pr2_description/urdf/meshes/gripper_v0/convex/finger_tip_pad2_r.dae
[1.323s] -- Up-to-date symlink: /home/suwi/ros2_4dof_arm/install/moveit_resources_pr2_description/share/moveit_resources_pr2_description/urdf/meshes/gripper_v0/convex/finger_tip_pad2_r.xml
[1.323s] -- Up-to-date symlink: /home/suwi/ros2_4dof_arm/install/moveit_resources_pr2_description/share/moveit_resources_pr2_description/urdf/meshes/gripper_v0/convex/finger_tip_pad2_r_convex.stla
[1.324s] -- Up-to-date symlink: /home/suwi/ros2_4dof_arm/install/moveit_resources_pr2_description/share/moveit_resources_pr2_description/urdf/meshes/gripper_v0/convex/finger_tip_pad2_r_convex.stlb
[1.325s] -- Up-to-date symlink: /home/suwi/ros2_4dof_arm/install/moveit_resources_pr2_description/share/moveit_resources_pr2_description/urdf/meshes/gripper_v0/convex/finger_tip_r.dae
[1.326s] -- Up-to-date symlink: /home/suwi/ros2_4dof_arm/install/moveit_resources_pr2_description/share/moveit_resources_pr2_description/urdf/meshes/gripper_v0/convex/finger_tip_r.xml
[1.327s] -- Up-to-date symlink: /home/suwi/ros2_4dof_arm/install/moveit_resources_pr2_description/share/moveit_resources_pr2_description/urdf/meshes/gripper_v0/convex/finger_tip_r_convex.stla
[1.327s] -- Up-to-date symlink: /home/suwi/ros2_4dof_arm/install/moveit_resources_pr2_description/share/moveit_resources_pr2_description/urdf/meshes/gripper_v0/convex/finger_tip_r_convex.stlb
[1.329s] -- Up-to-date symlink: /home/suwi/ros2_4dof_arm/install/moveit_resources_pr2_description/share/moveit_resources_pr2_description/urdf/meshes/gripper_v0/convex/gripper_palm.dae
[1.329s] -- Up-to-date symlink: /home/suwi/ros2_4dof_arm/install/moveit_resources_pr2_description/share/moveit_resources_pr2_description/urdf/meshes/gripper_v0/convex/gripper_palm.xml
[1.329s] -- Up-to-date symlink: /home/suwi/ros2_4dof_arm/install/moveit_resources_pr2_description/share/moveit_resources_pr2_description/urdf/meshes/gripper_v0/convex/gripper_palm_convex.stla
[1.330s] -- Up-to-date symlink: /home/suwi/ros2_4dof_arm/install/moveit_resources_pr2_description/share/moveit_resources_pr2_description/urdf/meshes/gripper_v0/convex/gripper_palm_convex.stlb
[1.330s] -- Up-to-date symlink: /home/suwi/ros2_4dof_arm/install/moveit_resources_pr2_description/share/moveit_resources_pr2_description/urdf/meshes/gripper_v0/convex/l_finger.dae
[1.330s] -- Up-to-date symlink: /home/suwi/ros2_4dof_arm/install/moveit_resources_pr2_description/share/moveit_resources_pr2_description/urdf/meshes/gripper_v0/convex/l_finger.xml
[1.330s] -- Up-to-date symlink: /home/suwi/ros2_4dof_arm/install/moveit_resources_pr2_description/share/moveit_resources_pr2_description/urdf/meshes/gripper_v0/convex/l_finger_convex.stla
[1.331s] -- Up-to-date symlink: /home/suwi/ros2_4dof_arm/install/moveit_resources_pr2_description/share/moveit_resources_pr2_description/urdf/meshes/gripper_v0/convex/l_finger_convex.stlb
[1.331s] -- Up-to-date symlink: /home/suwi/ros2_4dof_arm/install/moveit_resources_pr2_description/share/moveit_resources_pr2_description/urdf/meshes/gripper_v0/convex/l_finger_tip.dae
[1.337s] -- Up-to-date symlink: /home/suwi/ros2_4dof_arm/install/moveit_resources_pr2_description/share/moveit_resources_pr2_description/urdf/meshes/gripper_v0/convex/l_finger_tip.xml
[1.339s] -- Up-to-date symlink: /home/suwi/ros2_4dof_arm/install/moveit_resources_pr2_description/share/moveit_resources_pr2_description/urdf/meshes/gripper_v0/convex/l_finger_tip_convex.stla
[1.340s] -- Up-to-date symlink: /home/suwi/ros2_4dof_arm/install/moveit_resources_pr2_description/share/moveit_resources_pr2_description/urdf/meshes/gripper_v0/convex/l_finger_tip_convex.stlb
[1.341s] -- Up-to-date symlink: /home/suwi/ros2_4dof_arm/install/moveit_resources_pr2_description/share/moveit_resources_pr2_description/urdf/meshes/gripper_v0/convex/l_floating.dae
[1.341s] -- Up-to-date symlink: /home/suwi/ros2_4dof_arm/install/moveit_resources_pr2_description/share/moveit_resources_pr2_description/urdf/meshes/gripper_v0/convex/l_floating.xml
[1.341s] -- Up-to-date symlink: /home/suwi/ros2_4dof_arm/install/moveit_resources_pr2_description/share/moveit_resources_pr2_description/urdf/meshes/gripper_v0/convex/l_floating_convex.stla
[1.342s] -- Up-to-date symlink: /home/suwi/ros2_4dof_arm/install/moveit_resources_pr2_description/share/moveit_resources_pr2_description/urdf/meshes/gripper_v0/convex/l_floating_convex.stlb
[1.342s] -- Up-to-date symlink: /home/suwi/ros2_4dof_arm/install/moveit_resources_pr2_description/share/moveit_resources_pr2_description/urdf/meshes/gripper_v0/convex/upper_finger_l.dae
[1.342s] -- Up-to-date symlink: /home/suwi/ros2_4dof_arm/install/moveit_resources_pr2_description/share/moveit_resources_pr2_description/urdf/meshes/gripper_v0/convex/upper_finger_l.xml
[1.347s] -- Up-to-date symlink: /home/suwi/ros2_4dof_arm/install/moveit_resources_pr2_description/share/moveit_resources_pr2_description/urdf/meshes/gripper_v0/convex/upper_finger_l_convex.stla
[1.347s] -- Up-to-date symlink: /home/suwi/ros2_4dof_arm/install/moveit_resources_pr2_description/share/moveit_resources_pr2_description/urdf/meshes/gripper_v0/convex/upper_finger_l_convex.stlb
[1.347s] -- Up-to-date symlink: /home/suwi/ros2_4dof_arm/install/moveit_resources_pr2_description/share/moveit_resources_pr2_description/urdf/meshes/gripper_v0/convex/upper_finger_r.dae
[1.348s] -- Up-to-date symlink: /home/suwi/ros2_4dof_arm/install/moveit_resources_pr2_description/share/moveit_resources_pr2_description/urdf/meshes/gripper_v0/convex/upper_finger_r.xml
[1.351s] -- Up-to-date symlink: /home/suwi/ros2_4dof_arm/install/moveit_resources_pr2_description/share/moveit_resources_pr2_description/urdf/meshes/gripper_v0/convex/upper_finger_r_convex.stla
[1.352s] -- Up-to-date symlink: /home/suwi/ros2_4dof_arm/install/moveit_resources_pr2_description/share/moveit_resources_pr2_description/urdf/meshes/gripper_v0/convex/upper_finger_r_convex.stlb
[1.354s] -- Up-to-date symlink: /home/suwi/ros2_4dof_arm/install/moveit_resources_pr2_description/share/moveit_resources_pr2_description/urdf/meshes/gripper_v0/finger_H_Color_100430.tif
[1.356s] -- Up-to-date symlink: /home/suwi/ros2_4dof_arm/install/moveit_resources_pr2_description/share/moveit_resources_pr2_description/urdf/meshes/gripper_v0/finger_H_UV_100430.dae
[1.356s] -- Up-to-date symlink: /home/suwi/ros2_4dof_arm/install/moveit_resources_pr2_description/share/moveit_resources_pr2_description/urdf/meshes/gripper_v0/finger_tip_H_UV_100430.dae
[1.356s] -- Up-to-date symlink: /home/suwi/ros2_4dof_arm/install/moveit_resources_pr2_description/share/moveit_resources_pr2_description/urdf/meshes/gripper_v0/finger_tip_l.stl
[1.356s] -- Up-to-date symlink: /home/suwi/ros2_4dof_arm/install/moveit_resources_pr2_description/share/moveit_resources_pr2_description/urdf/meshes/gripper_v0/finger_tip_pad2_l.stl
[1.357s] -- Up-to-date symlink: /home/suwi/ros2_4dof_arm/install/moveit_resources_pr2_description/share/moveit_resources_pr2_description/urdf/meshes/gripper_v0/finger_tip_pad2_r.stl
[1.357s] -- Up-to-date symlink: /home/suwi/ros2_4dof_arm/install/moveit_resources_pr2_description/share/moveit_resources_pr2_description/urdf/meshes/gripper_v0/finger_tip_r.stl
[1.357s] -- Up-to-date symlink: /home/suwi/ros2_4dof_arm/install/moveit_resources_pr2_description/share/moveit_resources_pr2_description/urdf/meshes/gripper_v0/fingertip_H_Color_100430.tif
[1.357s] -- Up-to-date symlink: /home/suwi/ros2_4dof_arm/install/moveit_resources_pr2_description/share/moveit_resources_pr2_description/urdf/meshes/gripper_v0/float_H_Color_100430.tif
[1.358s] -- Up-to-date symlink: /home/suwi/ros2_4dof_arm/install/moveit_resources_pr2_description/share/moveit_resources_pr2_description/urdf/meshes/gripper_v0/float_H_UV_100430.dae
[1.358s] -- Up-to-date symlink: /home/suwi/ros2_4dof_arm/install/moveit_resources_pr2_description/share/moveit_resources_pr2_description/urdf/meshes/gripper_v0/gripper_palm.dae
[1.358s] -- Up-to-date symlink: /home/suwi/ros2_4dof_arm/install/moveit_resources_pr2_description/share/moveit_resources_pr2_description/urdf/meshes/gripper_v0/gripper_palm.stl
[1.366s] -- Up-to-date symlink: /home/suwi/ros2_4dof_arm/install/moveit_resources_pr2_description/share/moveit_resources_pr2_description/urdf/meshes/gripper_v0/gripper_palm_color.tif
[1.367s] -- Up-to-date symlink: /home/suwi/ros2_4dof_arm/install/moveit_resources_pr2_description/share/moveit_resources_pr2_description/urdf/meshes/gripper_v0/gripper_palm_normals.tif
[1.367s] -- Up-to-date symlink: /home/suwi/ros2_4dof_arm/install/moveit_resources_pr2_description/share/moveit_resources_pr2_description/urdf/meshes/gripper_v0/l_finger.dae
[1.369s] -- Up-to-date symlink: /home/suwi/ros2_4dof_arm/install/moveit_resources_pr2_description/share/moveit_resources_pr2_description/urdf/meshes/gripper_v0/l_finger.stl
[1.369s] -- Up-to-date symlink: /home/suwi/ros2_4dof_arm/install/moveit_resources_pr2_description/share/moveit_resources_pr2_description/urdf/meshes/gripper_v0/l_finger_color.tif
[1.371s] -- Up-to-date symlink: /home/suwi/ros2_4dof_arm/install/moveit_resources_pr2_description/share/moveit_resources_pr2_description/urdf/meshes/gripper_v0/l_finger_normals.tif
[1.372s] -- Up-to-date symlink: /home/suwi/ros2_4dof_arm/install/moveit_resources_pr2_description/share/moveit_resources_pr2_description/urdf/meshes/gripper_v0/l_finger_tip.dae
[1.373s] -- Up-to-date symlink: /home/suwi/ros2_4dof_arm/install/moveit_resources_pr2_description/share/moveit_resources_pr2_description/urdf/meshes/gripper_v0/l_finger_tip.stl
[1.373s] -- Up-to-date symlink: /home/suwi/ros2_4dof_arm/install/moveit_resources_pr2_description/share/moveit_resources_pr2_description/urdf/meshes/gripper_v0/l_finger_tip_color.tif
[1.375s] -- Up-to-date symlink: /home/suwi/ros2_4dof_arm/install/moveit_resources_pr2_description/share/moveit_resources_pr2_description/urdf/meshes/gripper_v0/l_finger_tip_normals.tif
[1.375s] -- Up-to-date symlink: /home/suwi/ros2_4dof_arm/install/moveit_resources_pr2_description/share/moveit_resources_pr2_description/urdf/meshes/gripper_v0/l_float.dae
[1.375s] -- Up-to-date symlink: /home/suwi/ros2_4dof_arm/install/moveit_resources_pr2_description/share/moveit_resources_pr2_description/urdf/meshes/gripper_v0/l_float_color.tif
[1.376s] -- Up-to-date symlink: /home/suwi/ros2_4dof_arm/install/moveit_resources_pr2_description/share/moveit_resources_pr2_description/urdf/meshes/gripper_v0/l_float_normals.tif
[1.383s] -- Up-to-date symlink: /home/suwi/ros2_4dof_arm/install/moveit_resources_pr2_description/share/moveit_resources_pr2_description/urdf/meshes/gripper_v0/l_floating.stl
[1.384s] -- Up-to-date symlink: /home/suwi/ros2_4dof_arm/install/moveit_resources_pr2_description/share/moveit_resources_pr2_description/urdf/meshes/gripper_v0/palm_H_Color_100430.tif
[1.384s] -- Up-to-date symlink: /home/suwi/ros2_4dof_arm/install/moveit_resources_pr2_description/share/moveit_resources_pr2_description/urdf/meshes/gripper_v0/palm_H_UV_100430.dae
[1.385s] -- Up-to-date symlink: /home/suwi/ros2_4dof_arm/install/moveit_resources_pr2_description/share/moveit_resources_pr2_description/urdf/meshes/gripper_v0/upper_finger_l.stl
[1.385s] -- Up-to-date symlink: /home/suwi/ros2_4dof_arm/install/moveit_resources_pr2_description/share/moveit_resources_pr2_description/urdf/meshes/gripper_v0/upper_finger_r.stl
[1.385s] -- Up-to-date symlink: /home/suwi/ros2_4dof_arm/install/moveit_resources_pr2_description/share/moveit_resources_pr2_description/urdf/meshes/head_v0/convex/head_pan.dae
[1.386s] -- Up-to-date symlink: /home/suwi/ros2_4dof_arm/install/moveit_resources_pr2_description/share/moveit_resources_pr2_description/urdf/meshes/head_v0/convex/head_pan.xml
[1.386s] -- Up-to-date symlink: /home/suwi/ros2_4dof_arm/install/moveit_resources_pr2_description/share/moveit_resources_pr2_description/urdf/meshes/head_v0/convex/head_pan_L.dae
[1.386s] -- Up-to-date symlink: /home/suwi/ros2_4dof_arm/install/moveit_resources_pr2_description/share/moveit_resources_pr2_description/urdf/meshes/head_v0/convex/head_pan_L.xml
[1.386s] -- Up-to-date symlink: /home/suwi/ros2_4dof_arm/install/moveit_resources_pr2_description/share/moveit_resources_pr2_description/urdf/meshes/head_v0/convex/head_pan_L_convex.stla
[1.389s] -- Up-to-date symlink: /home/suwi/ros2_4dof_arm/install/moveit_resources_pr2_description/share/moveit_resources_pr2_description/urdf/meshes/head_v0/convex/head_pan_L_convex.stlb
[1.389s] -- Up-to-date symlink: /home/suwi/ros2_4dof_arm/install/moveit_resources_pr2_description/share/moveit_resources_pr2_description/urdf/meshes/head_v0/convex/head_pan_convex.stla
[1.389s] -- Up-to-date symlink: /home/suwi/ros2_4dof_arm/install/moveit_resources_pr2_description/share/moveit_resources_pr2_description/urdf/meshes/head_v0/convex/head_pan_convex.stlb
[1.389s] -- Up-to-date symlink: /home/suwi/ros2_4dof_arm/install/moveit_resources_pr2_description/share/moveit_resources_pr2_description/urdf/meshes/head_v0/convex/head_tilt.dae
[1.395s] -- Up-to-date symlink: /home/suwi/ros2_4dof_arm/install/moveit_resources_pr2_description/share/moveit_resources_pr2_description/urdf/meshes/head_v0/convex/head_tilt.xml
[1.395s] -- Up-to-date symlink: /home/suwi/ros2_4dof_arm/install/moveit_resources_pr2_description/share/moveit_resources_pr2_description/urdf/meshes/head_v0/convex/head_tilt_L.dae
[1.396s] -- Up-to-date symlink: /home/suwi/ros2_4dof_arm/install/moveit_resources_pr2_description/share/moveit_resources_pr2_description/urdf/meshes/head_v0/convex/head_tilt_L.xml
[1.396s] -- Up-to-date symlink: /home/suwi/ros2_4dof_arm/install/moveit_resources_pr2_description/share/moveit_resources_pr2_description/urdf/meshes/head_v0/convex/head_tilt_L_convex.stla
[1.396s] -- Up-to-date symlink: /home/suwi/ros2_4dof_arm/install/moveit_resources_pr2_description/share/moveit_resources_pr2_description/urdf/meshes/head_v0/convex/head_tilt_L_convex.stlb
[1.397s] -- Up-to-date symlink: /home/suwi/ros2_4dof_arm/install/moveit_resources_pr2_description/share/moveit_resources_pr2_description/urdf/meshes/head_v0/convex/head_tilt_convex.stla
[1.397s] -- Up-to-date symlink: /home/suwi/ros2_4dof_arm/install/moveit_resources_pr2_description/share/moveit_resources_pr2_description/urdf/meshes/head_v0/convex/head_tilt_convex.stlb
[1.397s] -- Up-to-date symlink: /home/suwi/ros2_4dof_arm/install/moveit_resources_pr2_description/share/moveit_resources_pr2_description/urdf/meshes/head_v0/head_pan.dae
[1.397s] -- Up-to-date symlink: /home/suwi/ros2_4dof_arm/install/moveit_resources_pr2_description/share/moveit_resources_pr2_description/urdf/meshes/head_v0/head_pan.stl
[1.398s] -- Up-to-date symlink: /home/suwi/ros2_4dof_arm/install/moveit_resources_pr2_description/share/moveit_resources_pr2_description/urdf/meshes/head_v0/head_pan_L.stl
[1.398s] -- Up-to-date symlink: /home/suwi/ros2_4dof_arm/install/moveit_resources_pr2_description/share/moveit_resources_pr2_description/urdf/meshes/head_v0/head_pan_color.tif
[1.401s] -- Up-to-date symlink: /home/suwi/ros2_4dof_arm/install/moveit_resources_pr2_description/share/moveit_resources_pr2_description/urdf/meshes/head_v0/head_pan_normals.tif
[1.402s] -- Up-to-date symlink: /home/suwi/ros2_4dof_arm/install/moveit_resources_pr2_description/share/moveit_resources_pr2_description/urdf/meshes/head_v0/head_tilt.dae
[1.402s] -- Up-to-date symlink: /home/suwi/ros2_4dof_arm/install/moveit_resources_pr2_description/share/moveit_resources_pr2_description/urdf/meshes/head_v0/head_tilt.stl
[1.402s] -- Up-to-date symlink: /home/suwi/ros2_4dof_arm/install/moveit_resources_pr2_description/share/moveit_resources_pr2_description/urdf/meshes/head_v0/head_tilt_L.stl
[1.403s] -- Up-to-date symlink: /home/suwi/ros2_4dof_arm/install/moveit_resources_pr2_description/share/moveit_resources_pr2_description/urdf/meshes/head_v0/head_tilt_color.tif
[1.403s] -- Up-to-date symlink: /home/suwi/ros2_4dof_arm/install/moveit_resources_pr2_description/share/moveit_resources_pr2_description/urdf/meshes/head_v0/head_tilt_color_red.tif
[1.403s] -- Up-to-date symlink: /home/suwi/ros2_4dof_arm/install/moveit_resources_pr2_description/share/moveit_resources_pr2_description/urdf/meshes/head_v0/head_tilt_color_yellow.tif
[1.403s] -- Up-to-date symlink: /home/suwi/ros2_4dof_arm/install/moveit_resources_pr2_description/share/moveit_resources_pr2_description/urdf/meshes/head_v0/head_tilt_green.tif
[1.403s] -- Up-to-date symlink: /home/suwi/ros2_4dof_arm/install/moveit_resources_pr2_description/share/moveit_resources_pr2_description/urdf/meshes/head_v0/head_tilt_normals.tif
[1.404s] -- Up-to-date symlink: /home/suwi/ros2_4dof_arm/install/moveit_resources_pr2_description/share/moveit_resources_pr2_description/urdf/meshes/sensors/kinect_prosilica_v0/115x100_swept_back--coarse.STL
[1.404s] -- Up-to-date symlink: /home/suwi/ros2_4dof_arm/install/moveit_resources_pr2_description/share/moveit_resources_pr2_description/urdf/meshes/sensors/kinect_prosilica_v0/115x100_swept_back_no_sensors--coarse.STL
[1.404s] -- Up-to-date symlink: /home/suwi/ros2_4dof_arm/install/moveit_resources_pr2_description/share/moveit_resources_pr2_description/urdf/meshes/sensors/kinect_prosilica_v0/115x100_swept_fwd--coarse.STL
[1.405s] -- Up-to-date symlink: /home/suwi/ros2_4dof_arm/install/moveit_resources_pr2_description/share/moveit_resources_pr2_description/urdf/meshes/sensors/kinect_prosilica_v0/115x100_swept_fwd_no_sensors--coarse.STL
[1.405s] -- Up-to-date symlink: /home/suwi/ros2_4dof_arm/install/moveit_resources_pr2_description/share/moveit_resources_pr2_description/urdf/meshes/sensors/kinect_prosilica_v0/68-04546_Kinect_Sensor--coarse.STL
[1.405s] -- Up-to-date symlink: /home/suwi/ros2_4dof_arm/install/moveit_resources_pr2_description/share/moveit_resources_pr2_description/urdf/meshes/sensors/kinect_prosilica_v0/Prosilica_w_Lens--coarse.STL
[1.414s] -- Up-to-date symlink: /home/suwi/ros2_4dof_arm/install/moveit_resources_pr2_description/share/moveit_resources_pr2_description/urdf/meshes/sensors/kinect_v0/kinect.dae
[1.415s] -- Up-to-date symlink: /home/suwi/ros2_4dof_arm/install/moveit_resources_pr2_description/share/moveit_resources_pr2_description/urdf/meshes/sensors/kinect_v0/kinect.tga
[1.417s] -- Up-to-date symlink: /home/suwi/ros2_4dof_arm/install/moveit_resources_pr2_description/share/moveit_resources_pr2_description/urdf/meshes/sensors/kinect_v0/kinect_color.tga
[1.418s] -- Up-to-date symlink: /home/suwi/ros2_4dof_arm/install/moveit_resources_pr2_description/share/moveit_resources_pr2_description/urdf/meshes/sensors/kinect_v0/kinect_mount.stl
[1.420s] -- Up-to-date symlink: /home/suwi/ros2_4dof_arm/install/moveit_resources_pr2_description/share/moveit_resources_pr2_description/urdf/meshes/shoulder_v0/convex/shoulder_lift.dae
[1.424s] -- Up-to-date symlink: /home/suwi/ros2_4dof_arm/install/moveit_resources_pr2_description/share/moveit_resources_pr2_description/urdf/meshes/shoulder_v0/convex/shoulder_lift.xml
[1.425s] -- Up-to-date symlink: /home/suwi/ros2_4dof_arm/install/moveit_resources_pr2_description/share/moveit_resources_pr2_description/urdf/meshes/shoulder_v0/convex/shoulder_lift_convex.stla
[1.425s] -- Up-to-date symlink: /home/suwi/ros2_4dof_arm/install/moveit_resources_pr2_description/share/moveit_resources_pr2_description/urdf/meshes/shoulder_v0/convex/shoulder_lift_convex.stlb
[1.425s] -- Up-to-date symlink: /home/suwi/ros2_4dof_arm/install/moveit_resources_pr2_description/share/moveit_resources_pr2_description/urdf/meshes/shoulder_v0/convex/shoulder_pan.dae
[1.426s] -- Up-to-date symlink: /home/suwi/ros2_4dof_arm/install/moveit_resources_pr2_description/share/moveit_resources_pr2_description/urdf/meshes/shoulder_v0/convex/shoulder_pan.xml
[1.426s] -- Up-to-date symlink: /home/suwi/ros2_4dof_arm/install/moveit_resources_pr2_description/share/moveit_resources_pr2_description/urdf/meshes/shoulder_v0/convex/shoulder_pan_convex.stla
[1.426s] -- Up-to-date symlink: /home/suwi/ros2_4dof_arm/install/moveit_resources_pr2_description/share/moveit_resources_pr2_description/urdf/meshes/shoulder_v0/convex/shoulder_pan_convex.stlb
[1.427s] -- Up-to-date symlink: /home/suwi/ros2_4dof_arm/install/moveit_resources_pr2_description/share/moveit_resources_pr2_description/urdf/meshes/shoulder_v0/convex/shoulder_yaw.dae
[1.427s] -- Up-to-date symlink: /home/suwi/ros2_4dof_arm/install/moveit_resources_pr2_description/share/moveit_resources_pr2_description/urdf/meshes/shoulder_v0/convex/shoulder_yaw.xml
[1.433s] -- Up-to-date symlink: /home/suwi/ros2_4dof_arm/install/moveit_resources_pr2_description/share/moveit_resources_pr2_description/urdf/meshes/shoulder_v0/convex/shoulder_yaw_convex.stla
[1.433s] -- Up-to-date symlink: /home/suwi/ros2_4dof_arm/install/moveit_resources_pr2_description/share/moveit_resources_pr2_description/urdf/meshes/shoulder_v0/convex/shoulder_yaw_convex.stlb
[1.433s] -- Up-to-date symlink: /home/suwi/ros2_4dof_arm/install/moveit_resources_pr2_description/share/moveit_resources_pr2_description/urdf/meshes/shoulder_v0/convex/upper_arm_roll.dae
[1.433s] -- Up-to-date symlink: /home/suwi/ros2_4dof_arm/install/moveit_resources_pr2_description/share/moveit_resources_pr2_description/urdf/meshes/shoulder_v0/convex/upper_arm_roll.xml
[1.434s] -- Up-to-date symlink: /home/suwi/ros2_4dof_arm/install/moveit_resources_pr2_description/share/moveit_resources_pr2_description/urdf/meshes/shoulder_v0/convex/upper_arm_roll_L.dae
[1.435s] -- Up-to-date symlink: /home/suwi/ros2_4dof_arm/install/moveit_resources_pr2_description/share/moveit_resources_pr2_description/urdf/meshes/shoulder_v0/convex/upper_arm_roll_L.xml
[1.435s] -- Up-to-date symlink: /home/suwi/ros2_4dof_arm/install/moveit_resources_pr2_description/share/moveit_resources_pr2_description/urdf/meshes/shoulder_v0/convex/upper_arm_roll_L_convex.stla
[1.435s] -- Up-to-date symlink: /home/suwi/ros2_4dof_arm/install/moveit_resources_pr2_description/share/moveit_resources_pr2_description/urdf/meshes/shoulder_v0/convex/upper_arm_roll_L_convex.stlb
[1.436s] -- Up-to-date symlink: /home/suwi/ros2_4dof_arm/install/moveit_resources_pr2_description/share/moveit_resources_pr2_description/urdf/meshes/shoulder_v0/convex/upper_arm_roll_convex.stla
[1.436s] -- Up-to-date symlink: /home/suwi/ros2_4dof_arm/install/moveit_resources_pr2_description/share/moveit_resources_pr2_description/urdf/meshes/shoulder_v0/convex/upper_arm_roll_convex.stlb
[1.436s] -- Up-to-date symlink: /home/suwi/ros2_4dof_arm/install/moveit_resources_pr2_description/share/moveit_resources_pr2_description/urdf/meshes/shoulder_v0/shoulder_lift.dae
[1.439s] -- Up-to-date symlink: /home/suwi/ros2_4dof_arm/install/moveit_resources_pr2_description/share/moveit_resources_pr2_description/urdf/meshes/shoulder_v0/shoulder_lift.stl
[1.439s] -- Up-to-date symlink: /home/suwi/ros2_4dof_arm/install/moveit_resources_pr2_description/share/moveit_resources_pr2_description/urdf/meshes/shoulder_v0/shoulder_lift_color.tif
[1.440s] -- Up-to-date symlink: /home/suwi/ros2_4dof_arm/install/moveit_resources_pr2_description/share/moveit_resources_pr2_description/urdf/meshes/shoulder_v0/shoulder_lift_normals.tif
[1.440s] -- Up-to-date symlink: /home/suwi/ros2_4dof_arm/install/moveit_resources_pr2_description/share/moveit_resources_pr2_description/urdf/meshes/shoulder_v0/shoulder_pan.dae
[1.440s] -- Up-to-date symlink: /home/suwi/ros2_4dof_arm/install/moveit_resources_pr2_description/share/moveit_resources_pr2_description/urdf/meshes/shoulder_v0/shoulder_pan.stl
[1.440s] -- Up-to-date symlink: /home/suwi/ros2_4dof_arm/install/moveit_resources_pr2_description/share/moveit_resources_pr2_description/urdf/meshes/shoulder_v0/shoulder_pan_color.tif
[1.445s] -- Up-to-date symlink: /home/suwi/ros2_4dof_arm/install/moveit_resources_pr2_description/share/moveit_resources_pr2_description/urdf/meshes/shoulder_v0/shoulder_pan_normals.tif
[1.446s] -- Up-to-date symlink: /home/suwi/ros2_4dof_arm/install/moveit_resources_pr2_description/share/moveit_resources_pr2_description/urdf/meshes/shoulder_v0/shoulder_yaw.stl
[1.446s] -- Up-to-date symlink: /home/suwi/ros2_4dof_arm/install/moveit_resources_pr2_description/share/moveit_resources_pr2_description/urdf/meshes/shoulder_v0/upper_arm_roll.dae
[1.446s] -- Up-to-date symlink: /home/suwi/ros2_4dof_arm/install/moveit_resources_pr2_description/share/moveit_resources_pr2_description/urdf/meshes/shoulder_v0/upper_arm_roll.stl
[1.450s] -- Up-to-date symlink: /home/suwi/ros2_4dof_arm/install/moveit_resources_pr2_description/share/moveit_resources_pr2_description/urdf/meshes/shoulder_v0/upper_arm_roll_L.stl
[1.450s] -- Up-to-date symlink: /home/suwi/ros2_4dof_arm/install/moveit_resources_pr2_description/share/moveit_resources_pr2_description/urdf/meshes/shoulder_v0/upper_arm_roll_color.tif
[1.451s] -- Up-to-date symlink: /home/suwi/ros2_4dof_arm/install/moveit_resources_pr2_description/share/moveit_resources_pr2_description/urdf/meshes/shoulder_v0/upper_arm_roll_normals.tif
[1.453s] -- Up-to-date symlink: /home/suwi/ros2_4dof_arm/install/moveit_resources_pr2_description/share/moveit_resources_pr2_description/urdf/meshes/tilting_laser_v0/convex/hok_tilt.dae
[1.454s] -- Up-to-date symlink: /home/suwi/ros2_4dof_arm/install/moveit_resources_pr2_description/share/moveit_resources_pr2_description/urdf/meshes/tilting_laser_v0/convex/hok_tilt.xml
[1.455s] -- Up-to-date symlink: /home/suwi/ros2_4dof_arm/install/moveit_resources_pr2_description/share/moveit_resources_pr2_description/urdf/meshes/tilting_laser_v0/convex/hok_tilt_convex.stla
[1.460s] -- Up-to-date symlink: /home/suwi/ros2_4dof_arm/install/moveit_resources_pr2_description/share/moveit_resources_pr2_description/urdf/meshes/tilting_laser_v0/convex/hok_tilt_convex.stlb
[1.460s] -- Up-to-date symlink: /home/suwi/ros2_4dof_arm/install/moveit_resources_pr2_description/share/moveit_resources_pr2_description/urdf/meshes/tilting_laser_v0/convex/tilting_hokuyo.dae
[1.461s] -- Up-to-date symlink: /home/suwi/ros2_4dof_arm/install/moveit_resources_pr2_description/share/moveit_resources_pr2_description/urdf/meshes/tilting_laser_v0/convex/tilting_hokuyo.xml
[1.461s] -- Up-to-date symlink: /home/suwi/ros2_4dof_arm/install/moveit_resources_pr2_description/share/moveit_resources_pr2_description/urdf/meshes/tilting_laser_v0/convex/tilting_hokuyo_L.dae
[1.461s] -- Up-to-date symlink: /home/suwi/ros2_4dof_arm/install/moveit_resources_pr2_description/share/moveit_resources_pr2_description/urdf/meshes/tilting_laser_v0/convex/tilting_hokuyo_L.xml
[1.463s] -- Up-to-date symlink: /home/suwi/ros2_4dof_arm/install/moveit_resources_pr2_description/share/moveit_resources_pr2_description/urdf/meshes/tilting_laser_v0/convex/tilting_hokuyo_L_convex.stla
[1.471s] -- Up-to-date symlink: /home/suwi/ros2_4dof_arm/install/moveit_resources_pr2_description/share/moveit_resources_pr2_description/urdf/meshes/tilting_laser_v0/convex/tilting_hokuyo_L_convex.stlb
[1.471s] -- Up-to-date symlink: /home/suwi/ros2_4dof_arm/install/moveit_resources_pr2_description/share/moveit_resources_pr2_description/urdf/meshes/tilting_laser_v0/convex/tilting_hokuyo_convex.stla
[1.471s] -- Up-to-date symlink: /home/suwi/ros2_4dof_arm/install/moveit_resources_pr2_description/share/moveit_resources_pr2_description/urdf/meshes/tilting_laser_v0/convex/tilting_hokuyo_convex.stlb
[1.483s] -- Up-to-date symlink: /home/suwi/ros2_4dof_arm/install/moveit_resources_pr2_description/share/moveit_resources_pr2_description/urdf/meshes/tilting_laser_v0/hok_tilt.stl
[1.484s] -- Up-to-date symlink: /home/suwi/ros2_4dof_arm/install/moveit_resources_pr2_description/share/moveit_resources_pr2_description/urdf/meshes/tilting_laser_v0/tilting_hokuyo.dae
[1.484s] -- Up-to-date symlink: /home/suwi/ros2_4dof_arm/install/moveit_resources_pr2_description/share/moveit_resources_pr2_description/urdf/meshes/tilting_laser_v0/tilting_hokuyo.stl
[1.484s] -- Up-to-date symlink: /home/suwi/ros2_4dof_arm/install/moveit_resources_pr2_description/share/moveit_resources_pr2_description/urdf/meshes/tilting_laser_v0/tilting_hokuyo_L.stl
[1.485s] -- Up-to-date symlink: /home/suwi/ros2_4dof_arm/install/moveit_resources_pr2_description/share/moveit_resources_pr2_description/urdf/meshes/tilting_laser_v0/tilting_hokuyo_color.tif
[1.489s] -- Up-to-date symlink: /home/suwi/ros2_4dof_arm/install/moveit_resources_pr2_description/share/moveit_resources_pr2_description/urdf/meshes/tilting_laser_v0/tilting_hokuyo_normals.tif
[1.490s] -- Up-to-date symlink: /home/suwi/ros2_4dof_arm/install/moveit_resources_pr2_description/share/moveit_resources_pr2_description/urdf/meshes/torso_v0/convex/torso.dae
[1.491s] -- Up-to-date symlink: /home/suwi/ros2_4dof_arm/install/moveit_resources_pr2_description/share/moveit_resources_pr2_description/urdf/meshes/torso_v0/convex/torso.xml
[1.492s] -- Up-to-date symlink: /home/suwi/ros2_4dof_arm/install/moveit_resources_pr2_description/share/moveit_resources_pr2_description/urdf/meshes/torso_v0/convex/torso_convex.stla
[1.495s] -- Up-to-date symlink: /home/suwi/ros2_4dof_arm/install/moveit_resources_pr2_description/share/moveit_resources_pr2_description/urdf/meshes/torso_v0/convex/torso_convex.stlb
[1.495s] -- Up-to-date symlink: /home/suwi/ros2_4dof_arm/install/moveit_resources_pr2_description/share/moveit_resources_pr2_description/urdf/meshes/torso_v0/convex/torso_lift.dae
[1.500s] -- Up-to-date symlink: /home/suwi/ros2_4dof_arm/install/moveit_resources_pr2_description/share/moveit_resources_pr2_description/urdf/meshes/torso_v0/convex/torso_lift.xml
[1.504s] -- Up-to-date symlink: /home/suwi/ros2_4dof_arm/install/moveit_resources_pr2_description/share/moveit_resources_pr2_description/urdf/meshes/torso_v0/convex/torso_lift_L.dae
[1.507s] -- Up-to-date symlink: /home/suwi/ros2_4dof_arm/install/moveit_resources_pr2_description/share/moveit_resources_pr2_description/urdf/meshes/torso_v0/convex/torso_lift_L.xml
[1.508s] -- Up-to-date symlink: /home/suwi/ros2_4dof_arm/install/moveit_resources_pr2_description/share/moveit_resources_pr2_description/urdf/meshes/torso_v0/convex/torso_lift_L_convex.stla
[1.508s] -- Up-to-date symlink: /home/suwi/ros2_4dof_arm/install/moveit_resources_pr2_description/share/moveit_resources_pr2_description/urdf/meshes/torso_v0/convex/torso_lift_L_convex.stlb
[1.509s] -- Up-to-date symlink: /home/suwi/ros2_4dof_arm/install/moveit_resources_pr2_description/share/moveit_resources_pr2_description/urdf/meshes/torso_v0/convex/torso_lift_convex.stla
[1.509s] -- Up-to-date symlink: /home/suwi/ros2_4dof_arm/install/moveit_resources_pr2_description/share/moveit_resources_pr2_description/urdf/meshes/torso_v0/convex/torso_lift_convex.stlb
[1.510s] -- Up-to-date symlink: /home/suwi/ros2_4dof_arm/install/moveit_resources_pr2_description/share/moveit_resources_pr2_description/urdf/meshes/torso_v0/torso.stl
[1.511s] -- Up-to-date symlink: /home/suwi/ros2_4dof_arm/install/moveit_resources_pr2_description/share/moveit_resources_pr2_description/urdf/meshes/torso_v0/torso_lift.dae
[1.512s] -- Up-to-date symlink: /home/suwi/ros2_4dof_arm/install/moveit_resources_pr2_description/share/moveit_resources_pr2_description/urdf/meshes/torso_v0/torso_lift.stl
[1.512s] -- Up-to-date symlink: /home/suwi/ros2_4dof_arm/install/moveit_resources_pr2_description/share/moveit_resources_pr2_description/urdf/meshes/torso_v0/torso_lift_L.stl
[1.512s] -- Up-to-date symlink: /home/suwi/ros2_4dof_arm/install/moveit_resources_pr2_description/share/moveit_resources_pr2_description/urdf/meshes/torso_v0/torso_lift_color.tif
[1.513s] -- Up-to-date symlink: /home/suwi/ros2_4dof_arm/install/moveit_resources_pr2_description/share/moveit_resources_pr2_description/urdf/meshes/torso_v0/torso_lift_normals.tif
[1.513s] -- Up-to-date symlink: /home/suwi/ros2_4dof_arm/install/moveit_resources_pr2_description/share/moveit_resources_pr2_description/urdf/meshes/upper_arm_v0/convex/elbow_flex.dae
[1.514s] -- Up-to-date symlink: /home/suwi/ros2_4dof_arm/install/moveit_resources_pr2_description/share/moveit_resources_pr2_description/urdf/meshes/upper_arm_v0/convex/elbow_flex.xml
[1.514s] -- Up-to-date symlink: /home/suwi/ros2_4dof_arm/install/moveit_resources_pr2_description/share/moveit_resources_pr2_description/urdf/meshes/upper_arm_v0/convex/elbow_flex_convex.stla
[1.515s] -- Up-to-date symlink: /home/suwi/ros2_4dof_arm/install/moveit_resources_pr2_description/share/moveit_resources_pr2_description/urdf/meshes/upper_arm_v0/convex/elbow_flex_convex.stlb
[1.516s] -- Up-to-date symlink: /home/suwi/ros2_4dof_arm/install/moveit_resources_pr2_description/share/moveit_resources_pr2_description/urdf/meshes/upper_arm_v0/convex/forearm_roll.dae
[1.516s] -- Up-to-date symlink: /home/suwi/ros2_4dof_arm/install/moveit_resources_pr2_description/share/moveit_resources_pr2_description/urdf/meshes/upper_arm_v0/convex/forearm_roll.xml
[1.517s] -- Up-to-date symlink: /home/suwi/ros2_4dof_arm/install/moveit_resources_pr2_description/share/moveit_resources_pr2_description/urdf/meshes/upper_arm_v0/convex/forearm_roll_L.dae
[1.517s] -- Up-to-date symlink: /home/suwi/ros2_4dof_arm/install/moveit_resources_pr2_description/share/moveit_resources_pr2_description/urdf/meshes/upper_arm_v0/convex/forearm_roll_L.xml
[1.518s] -- Up-to-date symlink: /home/suwi/ros2_4dof_arm/install/moveit_resources_pr2_description/share/moveit_resources_pr2_description/urdf/meshes/upper_arm_v0/convex/forearm_roll_L_convex.stla
[1.519s] -- Up-to-date symlink: /home/suwi/ros2_4dof_arm/install/moveit_resources_pr2_description/share/moveit_resources_pr2_description/urdf/meshes/upper_arm_v0/convex/forearm_roll_L_convex.stlb
[1.520s] -- Up-to-date symlink: /home/suwi/ros2_4dof_arm/install/moveit_resources_pr2_description/share/moveit_resources_pr2_description/urdf/meshes/upper_arm_v0/convex/forearm_roll_convex.stla
[1.520s] -- Up-to-date symlink: /home/suwi/ros2_4dof_arm/install/moveit_resources_pr2_description/share/moveit_resources_pr2_description/urdf/meshes/upper_arm_v0/convex/forearm_roll_convex.stlb
[1.521s] -- Up-to-date symlink: /home/suwi/ros2_4dof_arm/install/moveit_resources_pr2_description/share/moveit_resources_pr2_description/urdf/meshes/upper_arm_v0/convex/upper_arm.dae
[1.522s] -- Up-to-date symlink: /home/suwi/ros2_4dof_arm/install/moveit_resources_pr2_description/share/moveit_resources_pr2_description/urdf/meshes/upper_arm_v0/convex/upper_arm.xml
[1.523s] -- Up-to-date symlink: /home/suwi/ros2_4dof_arm/install/moveit_resources_pr2_description/share/moveit_resources_pr2_description/urdf/meshes/upper_arm_v0/convex/upper_arm_convex.stla
[1.523s] -- Up-to-date symlink: /home/suwi/ros2_4dof_arm/install/moveit_resources_pr2_description/share/moveit_resources_pr2_description/urdf/meshes/upper_arm_v0/convex/upper_arm_convex.stlb
[1.524s] -- Up-to-date symlink: /home/suwi/ros2_4dof_arm/install/moveit_resources_pr2_description/share/moveit_resources_pr2_description/urdf/meshes/upper_arm_v0/elbow_flex.dae
[1.524s] -- Up-to-date symlink: /home/suwi/ros2_4dof_arm/install/moveit_resources_pr2_description/share/moveit_resources_pr2_description/urdf/meshes/upper_arm_v0/elbow_flex.stl
[1.524s] -- Up-to-date symlink: /home/suwi/ros2_4dof_arm/install/moveit_resources_pr2_description/share/moveit_resources_pr2_description/urdf/meshes/upper_arm_v0/elbow_flex_color.tif
[1.525s] -- Up-to-date symlink: /home/suwi/ros2_4dof_arm/install/moveit_resources_pr2_description/share/moveit_resources_pr2_description/urdf/meshes/upper_arm_v0/elbow_flex_normals.tif
[1.525s] -- Up-to-date symlink: /home/suwi/ros2_4dof_arm/install/moveit_resources_pr2_description/share/moveit_resources_pr2_description/urdf/meshes/upper_arm_v0/forearm_roll.stl
[1.525s] -- Up-to-date symlink: /home/suwi/ros2_4dof_arm/install/moveit_resources_pr2_description/share/moveit_resources_pr2_description/urdf/meshes/upper_arm_v0/forearm_roll_L.stl
[1.526s] -- Up-to-date symlink: /home/suwi/ros2_4dof_arm/install/moveit_resources_pr2_description/share/moveit_resources_pr2_description/urdf/meshes/upper_arm_v0/upper_arm.dae
[1.528s] -- Up-to-date symlink: /home/suwi/ros2_4dof_arm/install/moveit_resources_pr2_description/share/moveit_resources_pr2_description/urdf/meshes/upper_arm_v0/upper_arm.jpg
[1.529s] -- Up-to-date symlink: /home/suwi/ros2_4dof_arm/install/moveit_resources_pr2_description/share/moveit_resources_pr2_description/urdf/meshes/upper_arm_v0/upper_arm.stl
[1.529s] -- Up-to-date symlink: /home/suwi/ros2_4dof_arm/install/moveit_resources_pr2_description/share/moveit_resources_pr2_description/urdf/meshes/upper_arm_v0/upper_arm_color.tif
[1.530s] -- Up-to-date symlink: /home/suwi/ros2_4dof_arm/install/moveit_resources_pr2_description/share/moveit_resources_pr2_description/urdf/meshes/upper_arm_v0/upper_arm_normals.tif
[1.530s] -- Up-to-date symlink: /home/suwi/ros2_4dof_arm/install/moveit_resources_pr2_description/share/moveit_resources_pr2_description/urdf/robot.xml
[1.531s] -- Up-to-date symlink: /home/suwi/ros2_4dof_arm/install/moveit_resources_pr2_description/share/moveit_resources_pr2_description/kinect.dae
