[0.230s] Invoking command in '/home/suwi/ros2_4dof_arm/build/moveit_ros_planning_interface': AMENT_PREFIX_PATH=/home/suwi/ros2_4dof_arm/install/moveit_ros_move_group:/home/suwi/ros2_4dof_arm/install/moveit_ros_warehouse:/home/suwi/ros2_4dof_arm/install/moveit_planners_ompl:/home/suwi/ros2_4dof_arm/install/moveit_kinematics:/home/suwi/ros2_4dof_arm/install/moveit_ros_planning:/home/suwi/ros2_4dof_arm/install/moveit_simple_controller_manager:/home/suwi/ros2_4dof_arm/install/moveit_ros_occupancy_map_monitor:/home/suwi/ros2_4dof_arm/install/moveit_core:/home/suwi/ros2_4dof_arm/install/moveit_resources_panda_moveit_config:/home/suwi/ros2_4dof_arm/install/moveit_resources_fanuc_moveit_config:/home/suwi/ros2_4dof_arm/install/moveit_resources_pr2_description:/home/suwi/ros2_4dof_arm/install/moveit_resources_fanuc_description:/home/suwi/ros2_4dof_arm/install/moveit_msgs:/home/suwi/ros2_4dof_arm/install/moveit_configs_utils:${AMENT_PREFIX_PATH} CMAKE_PREFIX_PATH=/home/suwi/ros2_4dof_arm/install/moveit_ros_move_group:/home/suwi/ros2_4dof_arm/install/moveit_ros_warehouse:/home/suwi/ros2_4dof_arm/install/moveit_planners_ompl:/home/suwi/ros2_4dof_arm/install/moveit_kinematics:/home/suwi/ros2_4dof_arm/install/moveit_ros_planning:/home/suwi/ros2_4dof_arm/install/moveit_simple_controller_manager:/home/suwi/ros2_4dof_arm/install/moveit_ros_occupancy_map_monitor:/home/suwi/ros2_4dof_arm/install/moveit_core:/home/suwi/ros2_4dof_arm/install/moveit_resources_panda_moveit_config:/home/suwi/ros2_4dof_arm/install/moveit_resources_fanuc_moveit_config:/home/suwi/ros2_4dof_arm/install/moveit_resources_pr2_description:/home/suwi/ros2_4dof_arm/install/moveit_resources_panda_description:/home/suwi/ros2_4dof_arm/install/moveit_resources_fanuc_description:/home/suwi/ros2_4dof_arm/install/moveit_msgs:/home/suwi/ros2_4dof_arm/install/moveit_common:/home/suwi/ros2_4dof_arm/src/four_dof_arm/install/four_dof_arm:/home/suwi/ros2_4dof_arm/install/four_dof_arm:/opt/ros/humble:/opt/ros/humble:/home/suwi/ros2_ws_prac/install/my_robot_control:/path/to/object_recognition_msgs/install:/home/suwi/ros2_ws_prac/install/pub_sub LD_LIBRARY_PATH=/home/suwi/ros2_4dof_arm/install/moveit_ros_move_group/lib:/home/suwi/ros2_4dof_arm/install/moveit_ros_warehouse/lib:/home/suwi/ros2_4dof_arm/install/moveit_planners_ompl/lib:/home/suwi/ros2_4dof_arm/install/moveit_kinematics/lib:/home/suwi/ros2_4dof_arm/install/moveit_ros_planning/lib:/home/suwi/ros2_4dof_arm/install/moveit_simple_controller_manager/lib:/home/suwi/ros2_4dof_arm/install/moveit_ros_occupancy_map_monitor/lib:/home/suwi/ros2_4dof_arm/install/moveit_core/lib:/home/suwi/ros2_4dof_arm/install/moveit_msgs/lib:${LD_LIBRARY_PATH} PATH=/home/suwi/ros2_4dof_arm/install/moveit_core/bin:${PATH} PYTHONPATH=/home/suwi/ros2_4dof_arm/install/moveit_msgs/local/lib/python3.10/dist-packages:/home/suwi/ros2_4dof_arm/install/moveit_configs_utils/lib/python3.10/site-packages:${PYTHONPATH} /usr/bin/cmake /home/suwi/ros2_4dof_arm/src/moveit2/moveit_ros/planning_interface -DCMAKE_INSTALL_PREFIX=/home/suwi/ros2_4dof_arm/install/moveit_ros_planning_interface
[0.501s] -- The C compiler identification is GNU 11.4.0
[0.738s] -- The CXX compiler identification is GNU 11.4.0
[0.766s] -- Detecting C compiler ABI info
[1.128s] -- Detecting C compiler ABI info - done
[1.137s] -- Check for working C compiler: /usr/bin/cc - skipped
[1.138s] -- Detecting C compile features
[1.138s] -- Detecting C compile features - done
[1.146s] -- Detecting CXX compiler ABI info
[1.551s] -- Detecting CXX compiler ABI info - done
[1.560s] -- Check for working CXX compiler: /usr/bin/c++ - skipped
[1.561s] -- Detecting CXX compile features
[1.562s] -- Detecting CXX compile features - done
[1.590s] -- Found moveit_common: 2.5.8 (/home/suwi/ros2_4dof_arm/install/moveit_common/share/moveit_common/cmake)
[1.624s] -- Found ament_cmake: 1.3.11 (/opt/ros/humble/share/ament_cmake/cmake)
[2.123s] -- Found Python3: /usr/bin/python3 (found version "3.10.12") found components: Interpreter 
[2.775s] [0mmoveit_ros_planning_interface: You did not request a specific build type: Choosing 'Release' for maximum performance[0m
[2.797s] -- Found moveit_msgs: 2.2.1 (/home/suwi/ros2_4dof_arm/install/moveit_msgs/share/moveit_msgs/cmake)
[3.157s] -- Found rosidl_generator_c: 3.1.6 (/opt/ros/humble/share/rosidl_generator_c/cmake)
[3.219s] -- Found rosidl_adapter: 3.1.6 (/opt/ros/humble/share/rosidl_adapter/cmake)
[3.294s] -- Found rosidl_generator_cpp: 3.1.6 (/opt/ros/humble/share/rosidl_generator_cpp/cmake)
[3.427s] -- Using all available rosidl_typesupport_c: rosidl_typesupport_fastrtps_c;rosidl_typesupport_introspection_c
[3.550s] -- Using all available rosidl_typesupport_cpp: rosidl_typesupport_fastrtps_cpp;rosidl_typesupport_introspection_cpp
[4.307s] -- Found moveit_core: 2.5.8 (/home/suwi/ros2_4dof_arm/install/moveit_core/share/moveit_core/cmake)
[5.617s] -- Found Boost: /usr/lib/x86_64-linux-gnu/cmake/Boost-1.74.0/BoostConfig.cmake (found version "1.74.0") found components: chrono date_time filesystem iostreams program_options regex serialization system thread 
[6.037s] -- Found parameter_traits: 0.4.0 (/opt/ros/humble/share/parameter_traits/cmake)
[6.430s] -- Found rmw_implementation_cmake: 6.1.2 (/opt/ros/humble/share/rmw_implementation_cmake/cmake)
[6.464s] -- Found rmw_fastrtps_cpp: 6.2.7 (/opt/ros/humble/share/rmw_fastrtps_cpp/cmake)
[7.047s] -- Found OpenSSL: /usr/lib/x86_64-linux-gnu/libcrypto.so (found version "3.0.2")  
[7.146s] -- Found FastRTPS: /opt/ros/humble/include  
[7.308s] -- Using RMW implementation 'rmw_fastrtps_cpp' as default
[7.404s] -- Found Threads: TRUE  
[7.641s] -- Found Eigen3: TRUE (found version "3.4.0") 
[7.667s] -- Found rclcpp_lifecycle: 16.0.12 (/opt/ros/humble/share/rclcpp_lifecycle/cmake)
[7.808s] -- Found Boost: /usr/lib/x86_64-linux-gnu/cmake/Boost-1.74.0/BoostConfig.cmake (found version "1.74.0") found components: filesystem 
[8.374s] -- library: /usr/lib/x86_64-linux-gnu/libcurl.so
[8.554s] -- Ensuring Eigen3 include directory is part of orocos-kdl CMake target
[9.408s] -- Found moveit_ros_planning: 2.5.8 (/home/suwi/ros2_4dof_arm/install/moveit_ros_planning/share/moveit_ros_planning/cmake)
[9.419s] -- Found Boost: /usr/lib/x86_64-linux-gnu/cmake/Boost-1.74.0/BoostConfig.cmake (found version "1.74.0") found components: system filesystem date_time program_options thread chrono 
[9.470s] -- Found moveit_ros_warehouse: 2.5.8 (/home/suwi/ros2_4dof_arm/install/moveit_ros_warehouse/share/moveit_ros_warehouse/cmake)
[9.481s] -- Found Boost: /usr/lib/x86_64-linux-gnu/cmake/Boost-1.74.0/BoostConfig.cmake (found version "1.74.0") found components: thread system filesystem regex date_time program_options 
[9.536s] -- Found moveit_ros_move_group: 2.5.8 (/home/suwi/ros2_4dof_arm/install/moveit_ros_move_group/share/moveit_ros_move_group/cmake)
[9.547s] -- Found Boost: /usr/lib/x86_64-linux-gnu/cmake/Boost-1.74.0/BoostConfig.cmake (found version "1.74.0") found components: system filesystem date_time program_options thread 
[9.656s] -- Found rclpy: 3.3.16 (/opt/ros/humble/share/rclpy/cmake)
[9.671s] -- Found Boost: /usr/lib/x86_64-linux-gnu/cmake/Boost-1.74.0/BoostConfig.cmake (found version "1.74.0") found components: date_time filesystem program_options system thread 
[9.718s] -- Performing Test COMPILER_HAS_HIDDEN_VISIBILITY
[10.177s] -- Performing Test COMPILER_HAS_HIDDEN_VISIBILITY - Success
[10.179s] -- Performing Test COMPILER_HAS_HIDDEN_INLINE_VISIBILITY
[10.645s] -- Performing Test COMPILER_HAS_HIDDEN_INLINE_VISIBILITY - Success
[10.646s] -- Performing Test COMPILER_HAS_DEPRECATED_ATTR
[11.106s] -- Performing Test COMPILER_HAS_DEPRECATED_ATTR - Success
[11.148s] -- Found ament_cmake_gtest: 1.3.11 (/opt/ros/humble/share/ament_cmake_gtest/cmake)
[11.180s] -- Found ros_testing: 0.4.0 (/opt/ros/humble/share/ros_testing/cmake)
[11.205s] -- Found launch_testing_ament_cmake: 1.0.8 (/opt/ros/humble/share/launch_testing_ament_cmake/cmake)
[11.231s] -- Found python_cmake_module: 0.10.0 (/opt/ros/humble/share/python_cmake_module/cmake)
[11.317s] -- Found PythonInterp: /usr/bin/python3 (found suitable version "3.10.12", minimum required is "3.6") 
[11.347s] -- Found PythonLibs: /usr/lib/x86_64-linux-gnu/libpython3.10.so (found suitable version "3.10.12", minimum required is "3.5") 
[11.348s] -- Using PYTHON_EXECUTABLE: /usr/bin/python3
[11.348s] -- Using PYTHON_INCLUDE_DIRS: /usr/include/python3.10
[11.348s] -- Using PYTHON_LIBRARIES: /usr/lib/x86_64-linux-gnu/libpython3.10.so
[11.418s] -- Found PythonExtra: .so  
[11.452s] -- Found ament_lint_auto: 0.12.12 (/opt/ros/humble/share/ament_lint_auto/cmake)
[11.507s] -- Found Boost: /usr/lib/x86_64-linux-gnu/cmake/Boost-1.74.0/BoostConfig.cmake (found version "1.74.0") found components: thread 
[11.745s] -- Configuring done
[12.245s] -- Generating done
[12.278s] -- Build files have been written to: /home/suwi/ros2_4dof_arm/build/moveit_ros_planning_interface
[12.335s] Invoked command in '/home/suwi/ros2_4dof_arm/build/moveit_ros_planning_interface' returned '0': AMENT_PREFIX_PATH=/home/suwi/ros2_4dof_arm/install/moveit_ros_move_group:/home/suwi/ros2_4dof_arm/install/moveit_ros_warehouse:/home/suwi/ros2_4dof_arm/install/moveit_planners_ompl:/home/suwi/ros2_4dof_arm/install/moveit_kinematics:/home/suwi/ros2_4dof_arm/install/moveit_ros_planning:/home/suwi/ros2_4dof_arm/install/moveit_simple_controller_manager:/home/suwi/ros2_4dof_arm/install/moveit_ros_occupancy_map_monitor:/home/suwi/ros2_4dof_arm/install/moveit_core:/home/suwi/ros2_4dof_arm/install/moveit_resources_panda_moveit_config:/home/suwi/ros2_4dof_arm/install/moveit_resources_fanuc_moveit_config:/home/suwi/ros2_4dof_arm/install/moveit_resources_pr2_description:/home/suwi/ros2_4dof_arm/install/moveit_resources_fanuc_description:/home/suwi/ros2_4dof_arm/install/moveit_msgs:/home/suwi/ros2_4dof_arm/install/moveit_configs_utils:${AMENT_PREFIX_PATH} CMAKE_PREFIX_PATH=/home/suwi/ros2_4dof_arm/install/moveit_ros_move_group:/home/suwi/ros2_4dof_arm/install/moveit_ros_warehouse:/home/suwi/ros2_4dof_arm/install/moveit_planners_ompl:/home/suwi/ros2_4dof_arm/install/moveit_kinematics:/home/suwi/ros2_4dof_arm/install/moveit_ros_planning:/home/suwi/ros2_4dof_arm/install/moveit_simple_controller_manager:/home/suwi/ros2_4dof_arm/install/moveit_ros_occupancy_map_monitor:/home/suwi/ros2_4dof_arm/install/moveit_core:/home/suwi/ros2_4dof_arm/install/moveit_resources_panda_moveit_config:/home/suwi/ros2_4dof_arm/install/moveit_resources_fanuc_moveit_config:/home/suwi/ros2_4dof_arm/install/moveit_resources_pr2_description:/home/suwi/ros2_4dof_arm/install/moveit_resources_panda_description:/home/suwi/ros2_4dof_arm/install/moveit_resources_fanuc_description:/home/suwi/ros2_4dof_arm/install/moveit_msgs:/home/suwi/ros2_4dof_arm/install/moveit_common:/home/suwi/ros2_4dof_arm/src/four_dof_arm/install/four_dof_arm:/home/suwi/ros2_4dof_arm/install/four_dof_arm:/opt/ros/humble:/opt/ros/humble:/home/suwi/ros2_ws_prac/install/my_robot_control:/path/to/object_recognition_msgs/install:/home/suwi/ros2_ws_prac/install/pub_sub LD_LIBRARY_PATH=/home/suwi/ros2_4dof_arm/install/moveit_ros_move_group/lib:/home/suwi/ros2_4dof_arm/install/moveit_ros_warehouse/lib:/home/suwi/ros2_4dof_arm/install/moveit_planners_ompl/lib:/home/suwi/ros2_4dof_arm/install/moveit_kinematics/lib:/home/suwi/ros2_4dof_arm/install/moveit_ros_planning/lib:/home/suwi/ros2_4dof_arm/install/moveit_simple_controller_manager/lib:/home/suwi/ros2_4dof_arm/install/moveit_ros_occupancy_map_monitor/lib:/home/suwi/ros2_4dof_arm/install/moveit_core/lib:/home/suwi/ros2_4dof_arm/install/moveit_msgs/lib:${LD_LIBRARY_PATH} PATH=/home/suwi/ros2_4dof_arm/install/moveit_core/bin:${PATH} PYTHONPATH=/home/suwi/ros2_4dof_arm/install/moveit_msgs/local/lib/python3.10/dist-packages:/home/suwi/ros2_4dof_arm/install/moveit_configs_utils/lib/python3.10/site-packages:${PYTHONPATH} /usr/bin/cmake /home/suwi/ros2_4dof_arm/src/moveit2/moveit_ros/planning_interface -DCMAKE_INSTALL_PREFIX=/home/suwi/ros2_4dof_arm/install/moveit_ros_planning_interface
[12.336s] Invoking command in '/home/suwi/ros2_4dof_arm/build/moveit_ros_planning_interface': AMENT_PREFIX_PATH=/home/suwi/ros2_4dof_arm/install/moveit_ros_move_group:/home/suwi/ros2_4dof_arm/install/moveit_ros_warehouse:/home/suwi/ros2_4dof_arm/install/moveit_planners_ompl:/home/suwi/ros2_4dof_arm/install/moveit_kinematics:/home/suwi/ros2_4dof_arm/install/moveit_ros_planning:/home/suwi/ros2_4dof_arm/install/moveit_simple_controller_manager:/home/suwi/ros2_4dof_arm/install/moveit_ros_occupancy_map_monitor:/home/suwi/ros2_4dof_arm/install/moveit_core:/home/suwi/ros2_4dof_arm/install/moveit_resources_panda_moveit_config:/home/suwi/ros2_4dof_arm/install/moveit_resources_fanuc_moveit_config:/home/suwi/ros2_4dof_arm/install/moveit_resources_pr2_description:/home/suwi/ros2_4dof_arm/install/moveit_resources_fanuc_description:/home/suwi/ros2_4dof_arm/install/moveit_msgs:/home/suwi/ros2_4dof_arm/install/moveit_configs_utils:${AMENT_PREFIX_PATH} CMAKE_PREFIX_PATH=/home/suwi/ros2_4dof_arm/install/moveit_ros_move_group:/home/suwi/ros2_4dof_arm/install/moveit_ros_warehouse:/home/suwi/ros2_4dof_arm/install/moveit_planners_ompl:/home/suwi/ros2_4dof_arm/install/moveit_kinematics:/home/suwi/ros2_4dof_arm/install/moveit_ros_planning:/home/suwi/ros2_4dof_arm/install/moveit_simple_controller_manager:/home/suwi/ros2_4dof_arm/install/moveit_ros_occupancy_map_monitor:/home/suwi/ros2_4dof_arm/install/moveit_core:/home/suwi/ros2_4dof_arm/install/moveit_resources_panda_moveit_config:/home/suwi/ros2_4dof_arm/install/moveit_resources_fanuc_moveit_config:/home/suwi/ros2_4dof_arm/install/moveit_resources_pr2_description:/home/suwi/ros2_4dof_arm/install/moveit_resources_panda_description:/home/suwi/ros2_4dof_arm/install/moveit_resources_fanuc_description:/home/suwi/ros2_4dof_arm/install/moveit_msgs:/home/suwi/ros2_4dof_arm/install/moveit_common:/home/suwi/ros2_4dof_arm/src/four_dof_arm/install/four_dof_arm:/home/suwi/ros2_4dof_arm/install/four_dof_arm:/opt/ros/humble:/opt/ros/humble:/home/suwi/ros2_ws_prac/install/my_robot_control:/path/to/object_recognition_msgs/install:/home/suwi/ros2_ws_prac/install/pub_sub LD_LIBRARY_PATH=/home/suwi/ros2_4dof_arm/install/moveit_ros_move_group/lib:/home/suwi/ros2_4dof_arm/install/moveit_ros_warehouse/lib:/home/suwi/ros2_4dof_arm/install/moveit_planners_ompl/lib:/home/suwi/ros2_4dof_arm/install/moveit_kinematics/lib:/home/suwi/ros2_4dof_arm/install/moveit_ros_planning/lib:/home/suwi/ros2_4dof_arm/install/moveit_simple_controller_manager/lib:/home/suwi/ros2_4dof_arm/install/moveit_ros_occupancy_map_monitor/lib:/home/suwi/ros2_4dof_arm/install/moveit_core/lib:/home/suwi/ros2_4dof_arm/install/moveit_msgs/lib:${LD_LIBRARY_PATH} PATH=/home/suwi/ros2_4dof_arm/install/moveit_core/bin:${PATH} PYTHONPATH=/home/suwi/ros2_4dof_arm/install/moveit_msgs/local/lib/python3.10/dist-packages:/home/suwi/ros2_4dof_arm/install/moveit_configs_utils/lib/python3.10/site-packages:${PYTHONPATH} /usr/bin/cmake --build /home/suwi/ros2_4dof_arm/build/moveit_ros_planning_interface -- -j8 -l8
[12.660s] [ 16%] [32mBuilding CXX object common_planning_interface_objects/CMakeFiles/moveit_common_planning_interface_objects.dir/src/common_objects.cpp.o[0m
[12.661s] [ 33%] [32mBuilding CXX object planning_scene_interface/CMakeFiles/moveit_planning_scene_interface.dir/src/planning_scene_interface.cpp.o[0m
[36.316s] [ 50%] [32m[1mLinking CXX shared library libmoveit_planning_scene_interface.so[0m
[37.066s] [ 66%] [32m[1mLinking CXX shared library libmoveit_common_planning_interface_objects.so[0m
[37.396s] [ 66%] Built target moveit_planning_scene_interface
[37.990s] [ 66%] Built target moveit_common_planning_interface_objects
[38.121s] [ 83%] [32mBuilding CXX object move_group_interface/CMakeFiles/moveit_move_group_interface.dir/src/move_group_interface.cpp.o[0m
[88.130s] [100%] [32m[1mLinking CXX shared library libmoveit_move_group_interface.so[0m
[89.439s] [100%] Built target moveit_move_group_interface
[89.494s] Invoked command in '/home/suwi/ros2_4dof_arm/build/moveit_ros_planning_interface' returned '0': AMENT_PREFIX_PATH=/home/suwi/ros2_4dof_arm/install/moveit_ros_move_group:/home/suwi/ros2_4dof_arm/install/moveit_ros_warehouse:/home/suwi/ros2_4dof_arm/install/moveit_planners_ompl:/home/suwi/ros2_4dof_arm/install/moveit_kinematics:/home/suwi/ros2_4dof_arm/install/moveit_ros_planning:/home/suwi/ros2_4dof_arm/install/moveit_simple_controller_manager:/home/suwi/ros2_4dof_arm/install/moveit_ros_occupancy_map_monitor:/home/suwi/ros2_4dof_arm/install/moveit_core:/home/suwi/ros2_4dof_arm/install/moveit_resources_panda_moveit_config:/home/suwi/ros2_4dof_arm/install/moveit_resources_fanuc_moveit_config:/home/suwi/ros2_4dof_arm/install/moveit_resources_pr2_description:/home/suwi/ros2_4dof_arm/install/moveit_resources_fanuc_description:/home/suwi/ros2_4dof_arm/install/moveit_msgs:/home/suwi/ros2_4dof_arm/install/moveit_configs_utils:${AMENT_PREFIX_PATH} CMAKE_PREFIX_PATH=/home/suwi/ros2_4dof_arm/install/moveit_ros_move_group:/home/suwi/ros2_4dof_arm/install/moveit_ros_warehouse:/home/suwi/ros2_4dof_arm/install/moveit_planners_ompl:/home/suwi/ros2_4dof_arm/install/moveit_kinematics:/home/suwi/ros2_4dof_arm/install/moveit_ros_planning:/home/suwi/ros2_4dof_arm/install/moveit_simple_controller_manager:/home/suwi/ros2_4dof_arm/install/moveit_ros_occupancy_map_monitor:/home/suwi/ros2_4dof_arm/install/moveit_core:/home/suwi/ros2_4dof_arm/install/moveit_resources_panda_moveit_config:/home/suwi/ros2_4dof_arm/install/moveit_resources_fanuc_moveit_config:/home/suwi/ros2_4dof_arm/install/moveit_resources_pr2_description:/home/suwi/ros2_4dof_arm/install/moveit_resources_panda_description:/home/suwi/ros2_4dof_arm/install/moveit_resources_fanuc_description:/home/suwi/ros2_4dof_arm/install/moveit_msgs:/home/suwi/ros2_4dof_arm/install/moveit_common:/home/suwi/ros2_4dof_arm/src/four_dof_arm/install/four_dof_arm:/home/suwi/ros2_4dof_arm/install/four_dof_arm:/opt/ros/humble:/opt/ros/humble:/home/suwi/ros2_ws_prac/install/my_robot_control:/path/to/object_recognition_msgs/install:/home/suwi/ros2_ws_prac/install/pub_sub LD_LIBRARY_PATH=/home/suwi/ros2_4dof_arm/install/moveit_ros_move_group/lib:/home/suwi/ros2_4dof_arm/install/moveit_ros_warehouse/lib:/home/suwi/ros2_4dof_arm/install/moveit_planners_ompl/lib:/home/suwi/ros2_4dof_arm/install/moveit_kinematics/lib:/home/suwi/ros2_4dof_arm/install/moveit_ros_planning/lib:/home/suwi/ros2_4dof_arm/install/moveit_simple_controller_manager/lib:/home/suwi/ros2_4dof_arm/install/moveit_ros_occupancy_map_monitor/lib:/home/suwi/ros2_4dof_arm/install/moveit_core/lib:/home/suwi/ros2_4dof_arm/install/moveit_msgs/lib:${LD_LIBRARY_PATH} PATH=/home/suwi/ros2_4dof_arm/install/moveit_core/bin:${PATH} PYTHONPATH=/home/suwi/ros2_4dof_arm/install/moveit_msgs/local/lib/python3.10/dist-packages:/home/suwi/ros2_4dof_arm/install/moveit_configs_utils/lib/python3.10/site-packages:${PYTHONPATH} /usr/bin/cmake --build /home/suwi/ros2_4dof_arm/build/moveit_ros_planning_interface -- -j8 -l8
[89.503s] Invoking command in '/home/suwi/ros2_4dof_arm/build/moveit_ros_planning_interface': AMENT_PREFIX_PATH=/home/suwi/ros2_4dof_arm/install/moveit_ros_move_group:/home/suwi/ros2_4dof_arm/install/moveit_ros_warehouse:/home/suwi/ros2_4dof_arm/install/moveit_planners_ompl:/home/suwi/ros2_4dof_arm/install/moveit_kinematics:/home/suwi/ros2_4dof_arm/install/moveit_ros_planning:/home/suwi/ros2_4dof_arm/install/moveit_simple_controller_manager:/home/suwi/ros2_4dof_arm/install/moveit_ros_occupancy_map_monitor:/home/suwi/ros2_4dof_arm/install/moveit_core:/home/suwi/ros2_4dof_arm/install/moveit_resources_panda_moveit_config:/home/suwi/ros2_4dof_arm/install/moveit_resources_fanuc_moveit_config:/home/suwi/ros2_4dof_arm/install/moveit_resources_pr2_description:/home/suwi/ros2_4dof_arm/install/moveit_resources_fanuc_description:/home/suwi/ros2_4dof_arm/install/moveit_msgs:/home/suwi/ros2_4dof_arm/install/moveit_configs_utils:${AMENT_PREFIX_PATH} CMAKE_PREFIX_PATH=/home/suwi/ros2_4dof_arm/install/moveit_ros_move_group:/home/suwi/ros2_4dof_arm/install/moveit_ros_warehouse:/home/suwi/ros2_4dof_arm/install/moveit_planners_ompl:/home/suwi/ros2_4dof_arm/install/moveit_kinematics:/home/suwi/ros2_4dof_arm/install/moveit_ros_planning:/home/suwi/ros2_4dof_arm/install/moveit_simple_controller_manager:/home/suwi/ros2_4dof_arm/install/moveit_ros_occupancy_map_monitor:/home/suwi/ros2_4dof_arm/install/moveit_core:/home/suwi/ros2_4dof_arm/install/moveit_resources_panda_moveit_config:/home/suwi/ros2_4dof_arm/install/moveit_resources_fanuc_moveit_config:/home/suwi/ros2_4dof_arm/install/moveit_resources_pr2_description:/home/suwi/ros2_4dof_arm/install/moveit_resources_panda_description:/home/suwi/ros2_4dof_arm/install/moveit_resources_fanuc_description:/home/suwi/ros2_4dof_arm/install/moveit_msgs:/home/suwi/ros2_4dof_arm/install/moveit_common:/home/suwi/ros2_4dof_arm/src/four_dof_arm/install/four_dof_arm:/home/suwi/ros2_4dof_arm/install/four_dof_arm:/opt/ros/humble:/opt/ros/humble:/home/suwi/ros2_ws_prac/install/my_robot_control:/path/to/object_recognition_msgs/install:/home/suwi/ros2_ws_prac/install/pub_sub LD_LIBRARY_PATH=/home/suwi/ros2_4dof_arm/install/moveit_ros_move_group/lib:/home/suwi/ros2_4dof_arm/install/moveit_ros_warehouse/lib:/home/suwi/ros2_4dof_arm/install/moveit_planners_ompl/lib:/home/suwi/ros2_4dof_arm/install/moveit_kinematics/lib:/home/suwi/ros2_4dof_arm/install/moveit_ros_planning/lib:/home/suwi/ros2_4dof_arm/install/moveit_simple_controller_manager/lib:/home/suwi/ros2_4dof_arm/install/moveit_ros_occupancy_map_monitor/lib:/home/suwi/ros2_4dof_arm/install/moveit_core/lib:/home/suwi/ros2_4dof_arm/install/moveit_msgs/lib:${LD_LIBRARY_PATH} PATH=/home/suwi/ros2_4dof_arm/install/moveit_core/bin:${PATH} PYTHONPATH=/home/suwi/ros2_4dof_arm/install/moveit_msgs/local/lib/python3.10/dist-packages:/home/suwi/ros2_4dof_arm/install/moveit_configs_utils/lib/python3.10/site-packages:${PYTHONPATH} /usr/bin/cmake --install /home/suwi/ros2_4dof_arm/build/moveit_ros_planning_interface
[89.549s] -- Install configuration: "Release"
[89.550s] -- Installing: /home/suwi/ros2_4dof_arm/install/moveit_ros_planning_interface/include
[89.550s] -- Installing: /home/suwi/ros2_4dof_arm/install/moveit_ros_planning_interface/include/moveit
[89.551s] -- Installing: /home/suwi/ros2_4dof_arm/install/moveit_ros_planning_interface/include/moveit/common_planning_interface_objects
[89.551s] -- Installing: /home/suwi/ros2_4dof_arm/install/moveit_ros_planning_interface/include/moveit/common_planning_interface_objects/common_objects.h
[89.553s] -- Up-to-date: /home/suwi/ros2_4dof_arm/install/moveit_ros_planning_interface/include
[89.553s] -- Up-to-date: /home/suwi/ros2_4dof_arm/install/moveit_ros_planning_interface/include/moveit
[89.553s] -- Installing: /home/suwi/ros2_4dof_arm/install/moveit_ros_planning_interface/include/moveit/planning_scene_interface
[89.554s] -- Installing: /home/suwi/ros2_4dof_arm/install/moveit_ros_planning_interface/include/moveit/planning_scene_interface/planning_scene_interface.h
[89.555s] -- Up-to-date: /home/suwi/ros2_4dof_arm/install/moveit_ros_planning_interface/include
[89.555s] -- Up-to-date: /home/suwi/ros2_4dof_arm/install/moveit_ros_planning_interface/include/moveit
[89.556s] -- Installing: /home/suwi/ros2_4dof_arm/install/moveit_ros_planning_interface/include/moveit/move_group_interface
[89.556s] -- Installing: /home/suwi/ros2_4dof_arm/install/moveit_ros_planning_interface/include/moveit/move_group_interface/move_group_interface.h
[89.558s] -- Installing: /home/suwi/ros2_4dof_arm/install/moveit_ros_planning_interface/include/moveit_move_group_interface_export.h
[89.559s] -- Installing: /home/suwi/ros2_4dof_arm/install/moveit_ros_planning_interface/lib/libmoveit_common_planning_interface_objects.so.2.5.8
[89.564s] -- Set runtime path of "/home/suwi/ros2_4dof_arm/install/moveit_ros_planning_interface/lib/libmoveit_common_planning_interface_objects.so.2.5.8" to ""
[89.565s] -- Installing: /home/suwi/ros2_4dof_arm/install/moveit_ros_planning_interface/lib/libmoveit_common_planning_interface_objects.so
[89.565s] -- Installing: /home/suwi/ros2_4dof_arm/install/moveit_ros_planning_interface/lib/libmoveit_planning_scene_interface.so.2.5.8
[89.574s] -- Set runtime path of "/home/suwi/ros2_4dof_arm/install/moveit_ros_planning_interface/lib/libmoveit_planning_scene_interface.so.2.5.8" to ""
[89.575s] -- Installing: /home/suwi/ros2_4dof_arm/install/moveit_ros_planning_interface/lib/libmoveit_planning_scene_interface.so
[89.576s] -- Installing: /home/suwi/ros2_4dof_arm/install/moveit_ros_planning_interface/lib/libmoveit_move_group_interface.so.2.5.8
[89.591s] -- Set runtime path of "/home/suwi/ros2_4dof_arm/install/moveit_ros_planning_interface/lib/libmoveit_move_group_interface.so.2.5.8" to ""
[89.591s] -- Installing: /home/suwi/ros2_4dof_arm/install/moveit_ros_planning_interface/lib/libmoveit_move_group_interface.so
[89.592s] -- Installing: /home/suwi/ros2_4dof_arm/install/moveit_ros_planning_interface/share/moveit_ros_planning_interface/environment/library_path.sh
[89.593s] -- Installing: /home/suwi/ros2_4dof_arm/install/moveit_ros_planning_interface/share/moveit_ros_planning_interface/environment/library_path.dsv
[89.594s] -- Installing: /home/suwi/ros2_4dof_arm/install/moveit_ros_planning_interface/share/ament_index/resource_index/package_run_dependencies/moveit_ros_planning_interface
[89.595s] -- Installing: /home/suwi/ros2_4dof_arm/install/moveit_ros_planning_interface/share/ament_index/resource_index/parent_prefix_path/moveit_ros_planning_interface
[89.597s] -- Installing: /home/suwi/ros2_4dof_arm/install/moveit_ros_planning_interface/share/moveit_ros_planning_interface/environment/ament_prefix_path.sh
[89.597s] -- Installing: /home/suwi/ros2_4dof_arm/install/moveit_ros_planning_interface/share/moveit_ros_planning_interface/environment/ament_prefix_path.dsv
[89.598s] -- Installing: /home/suwi/ros2_4dof_arm/install/moveit_ros_planning_interface/share/moveit_ros_planning_interface/environment/path.sh
[89.599s] -- Installing: /home/suwi/ros2_4dof_arm/install/moveit_ros_planning_interface/share/moveit_ros_planning_interface/environment/path.dsv
[89.600s] -- Installing: /home/suwi/ros2_4dof_arm/install/moveit_ros_planning_interface/share/moveit_ros_planning_interface/local_setup.bash
[89.601s] -- Installing: /home/suwi/ros2_4dof_arm/install/moveit_ros_planning_interface/share/moveit_ros_planning_interface/local_setup.sh
[89.602s] -- Installing: /home/suwi/ros2_4dof_arm/install/moveit_ros_planning_interface/share/moveit_ros_planning_interface/local_setup.zsh
[89.602s] -- Installing: /home/suwi/ros2_4dof_arm/install/moveit_ros_planning_interface/share/moveit_ros_planning_interface/local_setup.dsv
[89.603s] -- Installing: /home/suwi/ros2_4dof_arm/install/moveit_ros_planning_interface/share/moveit_ros_planning_interface/package.dsv
[89.604s] -- Installing: /home/suwi/ros2_4dof_arm/install/moveit_ros_planning_interface/share/ament_index/resource_index/packages/moveit_ros_planning_interface
[89.605s] -- Installing: /home/suwi/ros2_4dof_arm/install/moveit_ros_planning_interface/share/moveit_ros_planning_interface/cmake/export_moveit_ros_planning_interfaceExport.cmake
[89.607s] -- Installing: /home/suwi/ros2_4dof_arm/install/moveit_ros_planning_interface/share/moveit_ros_planning_interface/cmake/export_moveit_ros_planning_interfaceExport-release.cmake
[89.608s] -- Installing: /home/suwi/ros2_4dof_arm/install/moveit_ros_planning_interface/share/moveit_ros_planning_interface/cmake/ConfigExtras.cmake
[89.609s] -- Installing: /home/suwi/ros2_4dof_arm/install/moveit_ros_planning_interface/share/moveit_ros_planning_interface/cmake/ament_cmake_export_targets-extras.cmake
[89.610s] -- Installing: /home/suwi/ros2_4dof_arm/install/moveit_ros_planning_interface/share/moveit_ros_planning_interface/cmake/ament_cmake_export_dependencies-extras.cmake
[89.611s] -- Installing: /home/suwi/ros2_4dof_arm/install/moveit_ros_planning_interface/share/moveit_ros_planning_interface/cmake/moveit_ros_planning_interfaceConfig.cmake
[89.612s] -- Installing: /home/suwi/ros2_4dof_arm/install/moveit_ros_planning_interface/share/moveit_ros_planning_interface/cmake/moveit_ros_planning_interfaceConfig-version.cmake
[89.613s] -- Installing: /home/suwi/ros2_4dof_arm/install/moveit_ros_planning_interface/share/moveit_ros_planning_interface/package.xml
[89.620s] Invoked command in '/home/suwi/ros2_4dof_arm/build/moveit_ros_planning_interface' returned '0': AMENT_PREFIX_PATH=/home/suwi/ros2_4dof_arm/install/moveit_ros_move_group:/home/suwi/ros2_4dof_arm/install/moveit_ros_warehouse:/home/suwi/ros2_4dof_arm/install/moveit_planners_ompl:/home/suwi/ros2_4dof_arm/install/moveit_kinematics:/home/suwi/ros2_4dof_arm/install/moveit_ros_planning:/home/suwi/ros2_4dof_arm/install/moveit_simple_controller_manager:/home/suwi/ros2_4dof_arm/install/moveit_ros_occupancy_map_monitor:/home/suwi/ros2_4dof_arm/install/moveit_core:/home/suwi/ros2_4dof_arm/install/moveit_resources_panda_moveit_config:/home/suwi/ros2_4dof_arm/install/moveit_resources_fanuc_moveit_config:/home/suwi/ros2_4dof_arm/install/moveit_resources_pr2_description:/home/suwi/ros2_4dof_arm/install/moveit_resources_fanuc_description:/home/suwi/ros2_4dof_arm/install/moveit_msgs:/home/suwi/ros2_4dof_arm/install/moveit_configs_utils:${AMENT_PREFIX_PATH} CMAKE_PREFIX_PATH=/home/suwi/ros2_4dof_arm/install/moveit_ros_move_group:/home/suwi/ros2_4dof_arm/install/moveit_ros_warehouse:/home/suwi/ros2_4dof_arm/install/moveit_planners_ompl:/home/suwi/ros2_4dof_arm/install/moveit_kinematics:/home/suwi/ros2_4dof_arm/install/moveit_ros_planning:/home/suwi/ros2_4dof_arm/install/moveit_simple_controller_manager:/home/suwi/ros2_4dof_arm/install/moveit_ros_occupancy_map_monitor:/home/suwi/ros2_4dof_arm/install/moveit_core:/home/suwi/ros2_4dof_arm/install/moveit_resources_panda_moveit_config:/home/suwi/ros2_4dof_arm/install/moveit_resources_fanuc_moveit_config:/home/suwi/ros2_4dof_arm/install/moveit_resources_pr2_description:/home/suwi/ros2_4dof_arm/install/moveit_resources_panda_description:/home/suwi/ros2_4dof_arm/install/moveit_resources_fanuc_description:/home/suwi/ros2_4dof_arm/install/moveit_msgs:/home/suwi/ros2_4dof_arm/install/moveit_common:/home/suwi/ros2_4dof_arm/src/four_dof_arm/install/four_dof_arm:/home/suwi/ros2_4dof_arm/install/four_dof_arm:/opt/ros/humble:/opt/ros/humble:/home/suwi/ros2_ws_prac/install/my_robot_control:/path/to/object_recognition_msgs/install:/home/suwi/ros2_ws_prac/install/pub_sub LD_LIBRARY_PATH=/home/suwi/ros2_4dof_arm/install/moveit_ros_move_group/lib:/home/suwi/ros2_4dof_arm/install/moveit_ros_warehouse/lib:/home/suwi/ros2_4dof_arm/install/moveit_planners_ompl/lib:/home/suwi/ros2_4dof_arm/install/moveit_kinematics/lib:/home/suwi/ros2_4dof_arm/install/moveit_ros_planning/lib:/home/suwi/ros2_4dof_arm/install/moveit_simple_controller_manager/lib:/home/suwi/ros2_4dof_arm/install/moveit_ros_occupancy_map_monitor/lib:/home/suwi/ros2_4dof_arm/install/moveit_core/lib:/home/suwi/ros2_4dof_arm/install/moveit_msgs/lib:${LD_LIBRARY_PATH} PATH=/home/suwi/ros2_4dof_arm/install/moveit_core/bin:${PATH} PYTHONPATH=/home/suwi/ros2_4dof_arm/install/moveit_msgs/local/lib/python3.10/dist-packages:/home/suwi/ros2_4dof_arm/install/moveit_configs_utils/lib/python3.10/site-packages:${PYTHONPATH} /usr/bin/cmake --install /home/suwi/ros2_4dof_arm/build/moveit_ros_planning_interface
