[0.265s] Invoking command in '/home/suwi/ros2_4dof_arm/build/moveit_setup_controllers': AMENT_PREFIX_PATH=/home/suwi/ros2_4dof_arm/install/moveit_setup_framework:/home/suwi/ros2_4dof_arm/install/moveit_ros_visualization:/home/suwi/ros2_4dof_arm/install/moveit_ros_planning_interface:/home/suwi/ros2_4dof_arm/install/moveit_ros_move_group:/home/suwi/ros2_4dof_arm/install/moveit_ros_warehouse:/home/suwi/ros2_4dof_arm/install/moveit_ros_robot_interaction:/home/suwi/ros2_4dof_arm/install/moveit_planners_ompl:/home/suwi/ros2_4dof_arm/install/moveit_kinematics:/home/suwi/ros2_4dof_arm/install/moveit_ros_planning:/home/suwi/ros2_4dof_arm/install/moveit_simple_controller_manager:/home/suwi/ros2_4dof_arm/install/moveit_ros_occupancy_map_monitor:/home/suwi/ros2_4dof_arm/install/moveit_core:/home/suwi/ros2_4dof_arm/install/moveit_resources_panda_moveit_config:/home/suwi/ros2_4dof_arm/install/moveit_resources_fanuc_moveit_config:/home/suwi/ros2_4dof_arm/install/moveit_resources_pr2_description:/home/suwi/ros2_4dof_arm/install/moveit_resources_fanuc_description:/home/suwi/ros2_4dof_arm/install/moveit_msgs:/home/suwi/ros2_4dof_arm/install/moveit_configs_utils:${AMENT_PREFIX_PATH} CMAKE_PREFIX_PATH=/home/suwi/ros2_4dof_arm/install/moveit_setup_framework:/home/suwi/ros2_4dof_arm/install/moveit_ros_visualization:/home/suwi/ros2_4dof_arm/install/moveit_ros_planning_interface:/home/suwi/ros2_4dof_arm/install/moveit_ros_move_group:/home/suwi/ros2_4dof_arm/install/moveit_ros_warehouse:/home/suwi/ros2_4dof_arm/install/moveit_ros_robot_interaction:/home/suwi/ros2_4dof_arm/install/moveit_planners_ompl:/home/suwi/ros2_4dof_arm/install/moveit_kinematics:/home/suwi/ros2_4dof_arm/install/moveit_ros_planning:/home/suwi/ros2_4dof_arm/install/moveit_simple_controller_manager:/home/suwi/ros2_4dof_arm/install/moveit_ros_occupancy_map_monitor:/home/suwi/ros2_4dof_arm/install/moveit_core:/home/suwi/ros2_4dof_arm/install/moveit_resources_panda_moveit_config:/home/suwi/ros2_4dof_arm/install/moveit_resources_fanuc_moveit_config:/home/suwi/ros2_4dof_arm/install/moveit_resources_pr2_description:/home/suwi/ros2_4dof_arm/install/moveit_resources_panda_description:/home/suwi/ros2_4dof_arm/install/moveit_resources_fanuc_description:/home/suwi/ros2_4dof_arm/install/moveit_msgs:/home/suwi/ros2_4dof_arm/install/moveit_common:/home/suwi/ros2_4dof_arm/src/four_dof_arm/install/four_dof_arm:/home/suwi/ros2_4dof_arm/install/four_dof_arm:/opt/ros/humble:/opt/ros/humble:/home/suwi/ros2_ws_prac/install/my_robot_control:/path/to/object_recognition_msgs/install:/home/suwi/ros2_ws_prac/install/pub_sub LD_LIBRARY_PATH=/home/suwi/ros2_4dof_arm/install/moveit_setup_framework/lib:/home/suwi/ros2_4dof_arm/install/moveit_ros_visualization/lib:/home/suwi/ros2_4dof_arm/install/moveit_ros_planning_interface/lib:/home/suwi/ros2_4dof_arm/install/moveit_ros_move_group/lib:/home/suwi/ros2_4dof_arm/install/moveit_ros_warehouse/lib:/home/suwi/ros2_4dof_arm/install/moveit_ros_robot_interaction/lib:/home/suwi/ros2_4dof_arm/install/moveit_planners_ompl/lib:/home/suwi/ros2_4dof_arm/install/moveit_kinematics/lib:/home/suwi/ros2_4dof_arm/install/moveit_ros_planning/lib:/home/suwi/ros2_4dof_arm/install/moveit_simple_controller_manager/lib:/home/suwi/ros2_4dof_arm/install/moveit_ros_occupancy_map_monitor/lib:/home/suwi/ros2_4dof_arm/install/moveit_core/lib:/home/suwi/ros2_4dof_arm/install/moveit_msgs/lib:${LD_LIBRARY_PATH} PATH=/home/suwi/ros2_4dof_arm/install/moveit_core/bin:${PATH} PYTHONPATH=/home/suwi/ros2_4dof_arm/install/moveit_msgs/local/lib/python3.10/dist-packages:/home/suwi/ros2_4dof_arm/install/moveit_configs_utils/lib/python3.10/site-packages:${PYTHONPATH} /usr/bin/cmake /home/suwi/ros2_4dof_arm/src/moveit2/moveit_setup_assistant/moveit_setup_controllers -DCMAKE_INSTALL_PREFIX=/home/suwi/ros2_4dof_arm/install/moveit_setup_controllers
[0.549s] -- The C compiler identification is GNU 11.4.0
[0.798s] -- The CXX compiler identification is GNU 11.4.0
[0.828s] -- Detecting C compiler ABI info
[1.208s] -- Detecting C compiler ABI info - done
[1.217s] -- Check for working C compiler: /usr/bin/cc - skipped
[1.218s] -- Detecting C compile features
[1.219s] -- Detecting C compile features - done
[1.227s] -- Detecting CXX compiler ABI info
[1.659s] -- Detecting CXX compiler ABI info - done
[1.668s] -- Check for working CXX compiler: /usr/bin/c++ - skipped
[1.669s] -- Detecting CXX compile features
[1.670s] -- Detecting CXX compile features - done
[1.694s] -- Found moveit_common: 2.5.8 (/home/suwi/ros2_4dof_arm/install/moveit_common/share/moveit_common/cmake)
[1.723s] -- Found ament_cmake: 1.3.11 (/opt/ros/humble/share/ament_cmake/cmake)
[2.232s] -- Found Python3: /usr/bin/python3 (found version "3.10.12") found components: Interpreter 
[2.953s] [0mmoveit_setup_controllers: You did not request a specific build type: Choosing 'Release' for maximum performance[0m
[2.981s] -- Found ament_cmake_ros: 0.10.0 (/opt/ros/humble/share/ament_cmake_ros/cmake)
[3.099s] -- Found ament_index_cpp: 1.4.0 (/opt/ros/humble/share/ament_index_cpp/cmake)
[3.103s] -- Found moveit_setup_framework: 2.5.8 (/home/suwi/ros2_4dof_arm/install/moveit_setup_framework/share/moveit_setup_framework/cmake)
[3.485s] -- Found rosidl_generator_c: 3.1.6 (/opt/ros/humble/share/rosidl_generator_c/cmake)
[3.546s] -- Found rosidl_adapter: 3.1.6 (/opt/ros/humble/share/rosidl_adapter/cmake)
[3.613s] -- Found rosidl_generator_cpp: 3.1.6 (/opt/ros/humble/share/rosidl_generator_cpp/cmake)
[3.694s] -- Using all available rosidl_typesupport_c: rosidl_typesupport_fastrtps_c;rosidl_typesupport_introspection_c
[3.810s] -- Using all available rosidl_typesupport_cpp: rosidl_typesupport_fastrtps_cpp;rosidl_typesupport_introspection_cpp
[4.152s] -- Found rmw_implementation_cmake: 6.1.2 (/opt/ros/humble/share/rmw_implementation_cmake/cmake)
[4.182s] -- Found rmw_fastrtps_cpp: 6.2.7 (/opt/ros/humble/share/rmw_fastrtps_cpp/cmake)
[4.762s] -- Found OpenSSL: /usr/lib/x86_64-linux-gnu/libcrypto.so (found version "3.0.2")  
[4.865s] -- Found FastRTPS: /opt/ros/humble/include  
[5.038s] -- Using RMW implementation 'rmw_fastrtps_cpp' as default
[5.135s] -- Looking for pthread.h
[5.607s] -- Looking for pthread.h - found
[5.608s] -- Performing Test CMAKE_HAVE_LIBC_PTHREAD
[6.086s] -- Performing Test CMAKE_HAVE_LIBC_PTHREAD - Success
[6.091s] -- Found Threads: TRUE  
[6.781s] -- Found Boost: /usr/lib/x86_64-linux-gnu/cmake/Boost-1.74.0/BoostConfig.cmake (found version "1.74.0") found components: chrono date_time filesystem iostreams program_options regex serialization system thread 
[7.124s] -- Found parameter_traits: 0.4.0 (/opt/ros/humble/share/parameter_traits/cmake)
[7.221s] -- Found Eigen3: TRUE (found version "3.4.0") 
[7.251s] -- Found rclcpp_lifecycle: 16.0.12 (/opt/ros/humble/share/rclcpp_lifecycle/cmake)
[7.374s] -- Found Boost: /usr/lib/x86_64-linux-gnu/cmake/Boost-1.74.0/BoostConfig.cmake (found version "1.74.0") found components: filesystem 
[8.017s] -- library: /usr/lib/x86_64-linux-gnu/libcurl.so
[8.284s] -- Ensuring Eigen3 include directory is part of orocos-kdl CMake target
[9.418s] -- Found Boost: /usr/lib/x86_64-linux-gnu/cmake/Boost-1.74.0/BoostConfig.cmake (found version "1.74.0") found components: system filesystem date_time program_options thread chrono 
[9.473s] -- Found Boost: /usr/lib/x86_64-linux-gnu/cmake/Boost-1.74.0/BoostConfig.cmake (found version "1.74.0") found components: thread date_time system filesystem 
[9.529s] -- Found Boost: /usr/lib/x86_64-linux-gnu/cmake/Boost-1.74.0/BoostConfig.cmake (found version "1.74.0") found components: date_time filesystem program_options system thread 
[9.558s] -- Found Boost: /usr/lib/x86_64-linux-gnu/cmake/Boost-1.74.0/BoostConfig.cmake (found version "1.74.0") found components: thread system filesystem regex date_time program_options 
[9.620s] -- Found Boost: /usr/lib/x86_64-linux-gnu/cmake/Boost-1.74.0/BoostConfig.cmake (found version "1.74.0") found components: system filesystem date_time program_options thread 
[9.805s] -- Setting OGRE_DIR to: '/opt/ros/humble/share/rviz_ogre_vendor/cmake/../../../opt/rviz_ogre_vendor/lib/OGRE/cmake'
[9.808s] -- Found OGRE
[9.809s] --   static     : OFF
[9.809s] --   components : HLMS;MeshLodGenerator;Overlay;Paging;Property;RTShaderSystem;Terrain;Volume
[9.810s] --   plugins    : Plugin_BSPSceneManager;Plugin_OctreeSceneManager;Plugin_PCZSceneManager;Plugin_ParticleFX;RenderSystem_GL;RenderSystem_GL3Plus;Codec_STBI
[9.810s] --   media      : /opt/ros/humble/opt/rviz_ogre_vendor/share/OGRE/Media
[9.810s] -- OGRE_LIBRARIES: OgreHLMS;OgreMeshLodGenerator;OgreOverlay;OgrePaging;OgreProperty;OgreRTShaderSystem;OgreTerrain;OgreVolume;OgreMain
[9.811s] -- OGRE_LIBRARY_DIRS: /opt/ros/humble/opt/rviz_ogre_vendor/lib
[9.811s] -- OGRE_PLUGINS: Plugin_BSPSceneManager;Plugin_OctreeSceneManager;Plugin_PCZSceneManager;Plugin_ParticleFX;RenderSystem_GL;RenderSystem_GL3Plus;Codec_STBI
[9.811s] -- OGRE_PLUGIN_DIR: /opt/ros/humble/opt/rviz_ogre_vendor/lib/OGRE
[9.811s] -- rviz_ogre_vendor::OgreOverlay for IMPORTED_LOCATION_RELEASE: /opt/ros/humble/opt/rviz_ogre_vendor/lib/libOgreOverlay.so
[9.812s] -- rviz_ogre_vendor::OgreOverlay for IMPORTED_LOCATION_DEBUG: /opt/ros/humble/opt/rviz_ogre_vendor/lib/libOgreOverlay.so
[9.812s] -- rviz_ogre_vendor::OgreMain for IMPORTED_LOCATION_RELEASE: /opt/ros/humble/opt/rviz_ogre_vendor/lib/libOgreMain.so
[9.812s] -- rviz_ogre_vendor::OgreMain for IMPORTED_LOCATION_DEBUG: /opt/ros/humble/opt/rviz_ogre_vendor/lib/libOgreMain.so
[9.897s] -- Found ZLIB: /usr/lib/x86_64-linux-gnu/libz.so (found version "1.2.11") 
[9.921s] -- Found OpenGL: /usr/lib/x86_64-linux-gnu/libOpenGL.so   
[10.491s] -- Found X11: /usr/include   
[10.492s] -- Looking for XOpenDisplay in /usr/lib/x86_64-linux-gnu/libX11.so;/usr/lib/x86_64-linux-gnu/libXext.so
[10.967s] -- Looking for XOpenDisplay in /usr/lib/x86_64-linux-gnu/libX11.so;/usr/lib/x86_64-linux-gnu/libXext.so - found
[10.967s] -- Looking for gethostbyname
[11.419s] -- Looking for gethostbyname - found
[11.420s] -- Looking for connect
[11.861s] -- Looking for connect - found
[11.862s] -- Looking for remove
[12.320s] -- Looking for remove - found
[12.321s] -- Looking for shmat
[12.768s] -- Looking for shmat - found
[12.768s] -- Looking for IceConnectionNumber in ICE
[13.215s] -- Looking for IceConnectionNumber in ICE - found
[13.356s] -- Setting assimp_DIR to: '/opt/ros/humble/share/rviz_assimp_vendor/cmake/../../../opt/rviz_assimp_vendor/lib/cmake/assimp-4.1'
[13.779s] -- Found ament_lint_auto: 0.12.12 (/opt/ros/humble/share/ament_lint_auto/cmake)
[13.999s] -- Found gtest sources under '/opt/ros/humble/src/gtest_vendor': C++ tests using 'Google Test' will be built
[14.036s] -- Added test 'lint_cmake' to check CMake code style
[14.041s] -- Added test 'xmllint' to check XML markup files
[14.059s] -- Configuring done
[14.857s] -- Generating done
[14.892s] -- Build files have been written to: /home/suwi/ros2_4dof_arm/build/moveit_setup_controllers
[14.971s] Invoked command in '/home/suwi/ros2_4dof_arm/build/moveit_setup_controllers' returned '0': AMENT_PREFIX_PATH=/home/suwi/ros2_4dof_arm/install/moveit_setup_framework:/home/suwi/ros2_4dof_arm/install/moveit_ros_visualization:/home/suwi/ros2_4dof_arm/install/moveit_ros_planning_interface:/home/suwi/ros2_4dof_arm/install/moveit_ros_move_group:/home/suwi/ros2_4dof_arm/install/moveit_ros_warehouse:/home/suwi/ros2_4dof_arm/install/moveit_ros_robot_interaction:/home/suwi/ros2_4dof_arm/install/moveit_planners_ompl:/home/suwi/ros2_4dof_arm/install/moveit_kinematics:/home/suwi/ros2_4dof_arm/install/moveit_ros_planning:/home/suwi/ros2_4dof_arm/install/moveit_simple_controller_manager:/home/suwi/ros2_4dof_arm/install/moveit_ros_occupancy_map_monitor:/home/suwi/ros2_4dof_arm/install/moveit_core:/home/suwi/ros2_4dof_arm/install/moveit_resources_panda_moveit_config:/home/suwi/ros2_4dof_arm/install/moveit_resources_fanuc_moveit_config:/home/suwi/ros2_4dof_arm/install/moveit_resources_pr2_description:/home/suwi/ros2_4dof_arm/install/moveit_resources_fanuc_description:/home/suwi/ros2_4dof_arm/install/moveit_msgs:/home/suwi/ros2_4dof_arm/install/moveit_configs_utils:${AMENT_PREFIX_PATH} CMAKE_PREFIX_PATH=/home/suwi/ros2_4dof_arm/install/moveit_setup_framework:/home/suwi/ros2_4dof_arm/install/moveit_ros_visualization:/home/suwi/ros2_4dof_arm/install/moveit_ros_planning_interface:/home/suwi/ros2_4dof_arm/install/moveit_ros_move_group:/home/suwi/ros2_4dof_arm/install/moveit_ros_warehouse:/home/suwi/ros2_4dof_arm/install/moveit_ros_robot_interaction:/home/suwi/ros2_4dof_arm/install/moveit_planners_ompl:/home/suwi/ros2_4dof_arm/install/moveit_kinematics:/home/suwi/ros2_4dof_arm/install/moveit_ros_planning:/home/suwi/ros2_4dof_arm/install/moveit_simple_controller_manager:/home/suwi/ros2_4dof_arm/install/moveit_ros_occupancy_map_monitor:/home/suwi/ros2_4dof_arm/install/moveit_core:/home/suwi/ros2_4dof_arm/install/moveit_resources_panda_moveit_config:/home/suwi/ros2_4dof_arm/install/moveit_resources_fanuc_moveit_config:/home/suwi/ros2_4dof_arm/install/moveit_resources_pr2_description:/home/suwi/ros2_4dof_arm/install/moveit_resources_panda_description:/home/suwi/ros2_4dof_arm/install/moveit_resources_fanuc_description:/home/suwi/ros2_4dof_arm/install/moveit_msgs:/home/suwi/ros2_4dof_arm/install/moveit_common:/home/suwi/ros2_4dof_arm/src/four_dof_arm/install/four_dof_arm:/home/suwi/ros2_4dof_arm/install/four_dof_arm:/opt/ros/humble:/opt/ros/humble:/home/suwi/ros2_ws_prac/install/my_robot_control:/path/to/object_recognition_msgs/install:/home/suwi/ros2_ws_prac/install/pub_sub LD_LIBRARY_PATH=/home/suwi/ros2_4dof_arm/install/moveit_setup_framework/lib:/home/suwi/ros2_4dof_arm/install/moveit_ros_visualization/lib:/home/suwi/ros2_4dof_arm/install/moveit_ros_planning_interface/lib:/home/suwi/ros2_4dof_arm/install/moveit_ros_move_group/lib:/home/suwi/ros2_4dof_arm/install/moveit_ros_warehouse/lib:/home/suwi/ros2_4dof_arm/install/moveit_ros_robot_interaction/lib:/home/suwi/ros2_4dof_arm/install/moveit_planners_ompl/lib:/home/suwi/ros2_4dof_arm/install/moveit_kinematics/lib:/home/suwi/ros2_4dof_arm/install/moveit_ros_planning/lib:/home/suwi/ros2_4dof_arm/install/moveit_simple_controller_manager/lib:/home/suwi/ros2_4dof_arm/install/moveit_ros_occupancy_map_monitor/lib:/home/suwi/ros2_4dof_arm/install/moveit_core/lib:/home/suwi/ros2_4dof_arm/install/moveit_msgs/lib:${LD_LIBRARY_PATH} PATH=/home/suwi/ros2_4dof_arm/install/moveit_core/bin:${PATH} PYTHONPATH=/home/suwi/ros2_4dof_arm/install/moveit_msgs/local/lib/python3.10/dist-packages:/home/suwi/ros2_4dof_arm/install/moveit_configs_utils/lib/python3.10/site-packages:${PYTHONPATH} /usr/bin/cmake /home/suwi/ros2_4dof_arm/src/moveit2/moveit_setup_assistant/moveit_setup_controllers -DCMAKE_INSTALL_PREFIX=/home/suwi/ros2_4dof_arm/install/moveit_setup_controllers
[14.977s] Invoking command in '/home/suwi/ros2_4dof_arm/build/moveit_setup_controllers': AMENT_PREFIX_PATH=/home/suwi/ros2_4dof_arm/install/moveit_setup_framework:/home/suwi/ros2_4dof_arm/install/moveit_ros_visualization:/home/suwi/ros2_4dof_arm/install/moveit_ros_planning_interface:/home/suwi/ros2_4dof_arm/install/moveit_ros_move_group:/home/suwi/ros2_4dof_arm/install/moveit_ros_warehouse:/home/suwi/ros2_4dof_arm/install/moveit_ros_robot_interaction:/home/suwi/ros2_4dof_arm/install/moveit_planners_ompl:/home/suwi/ros2_4dof_arm/install/moveit_kinematics:/home/suwi/ros2_4dof_arm/install/moveit_ros_planning:/home/suwi/ros2_4dof_arm/install/moveit_simple_controller_manager:/home/suwi/ros2_4dof_arm/install/moveit_ros_occupancy_map_monitor:/home/suwi/ros2_4dof_arm/install/moveit_core:/home/suwi/ros2_4dof_arm/install/moveit_resources_panda_moveit_config:/home/suwi/ros2_4dof_arm/install/moveit_resources_fanuc_moveit_config:/home/suwi/ros2_4dof_arm/install/moveit_resources_pr2_description:/home/suwi/ros2_4dof_arm/install/moveit_resources_fanuc_description:/home/suwi/ros2_4dof_arm/install/moveit_msgs:/home/suwi/ros2_4dof_arm/install/moveit_configs_utils:${AMENT_PREFIX_PATH} CMAKE_PREFIX_PATH=/home/suwi/ros2_4dof_arm/install/moveit_setup_framework:/home/suwi/ros2_4dof_arm/install/moveit_ros_visualization:/home/suwi/ros2_4dof_arm/install/moveit_ros_planning_interface:/home/suwi/ros2_4dof_arm/install/moveit_ros_move_group:/home/suwi/ros2_4dof_arm/install/moveit_ros_warehouse:/home/suwi/ros2_4dof_arm/install/moveit_ros_robot_interaction:/home/suwi/ros2_4dof_arm/install/moveit_planners_ompl:/home/suwi/ros2_4dof_arm/install/moveit_kinematics:/home/suwi/ros2_4dof_arm/install/moveit_ros_planning:/home/suwi/ros2_4dof_arm/install/moveit_simple_controller_manager:/home/suwi/ros2_4dof_arm/install/moveit_ros_occupancy_map_monitor:/home/suwi/ros2_4dof_arm/install/moveit_core:/home/suwi/ros2_4dof_arm/install/moveit_resources_panda_moveit_config:/home/suwi/ros2_4dof_arm/install/moveit_resources_fanuc_moveit_config:/home/suwi/ros2_4dof_arm/install/moveit_resources_pr2_description:/home/suwi/ros2_4dof_arm/install/moveit_resources_panda_description:/home/suwi/ros2_4dof_arm/install/moveit_resources_fanuc_description:/home/suwi/ros2_4dof_arm/install/moveit_msgs:/home/suwi/ros2_4dof_arm/install/moveit_common:/home/suwi/ros2_4dof_arm/src/four_dof_arm/install/four_dof_arm:/home/suwi/ros2_4dof_arm/install/four_dof_arm:/opt/ros/humble:/opt/ros/humble:/home/suwi/ros2_ws_prac/install/my_robot_control:/path/to/object_recognition_msgs/install:/home/suwi/ros2_ws_prac/install/pub_sub LD_LIBRARY_PATH=/home/suwi/ros2_4dof_arm/install/moveit_setup_framework/lib:/home/suwi/ros2_4dof_arm/install/moveit_ros_visualization/lib:/home/suwi/ros2_4dof_arm/install/moveit_ros_planning_interface/lib:/home/suwi/ros2_4dof_arm/install/moveit_ros_move_group/lib:/home/suwi/ros2_4dof_arm/install/moveit_ros_warehouse/lib:/home/suwi/ros2_4dof_arm/install/moveit_ros_robot_interaction/lib:/home/suwi/ros2_4dof_arm/install/moveit_planners_ompl/lib:/home/suwi/ros2_4dof_arm/install/moveit_kinematics/lib:/home/suwi/ros2_4dof_arm/install/moveit_ros_planning/lib:/home/suwi/ros2_4dof_arm/install/moveit_simple_controller_manager/lib:/home/suwi/ros2_4dof_arm/install/moveit_ros_occupancy_map_monitor/lib:/home/suwi/ros2_4dof_arm/install/moveit_core/lib:/home/suwi/ros2_4dof_arm/install/moveit_msgs/lib:${LD_LIBRARY_PATH} PATH=/home/suwi/ros2_4dof_arm/install/moveit_core/bin:${PATH} PYTHONPATH=/home/suwi/ros2_4dof_arm/install/moveit_msgs/local/lib/python3.10/dist-packages:/home/suwi/ros2_4dof_arm/install/moveit_configs_utils/lib/python3.10/site-packages:${PYTHONPATH} /usr/bin/cmake --build /home/suwi/ros2_4dof_arm/build/moveit_setup_controllers -- -j8 -l8
[15.327s] [  3%] [34m[1mAutomatic MOC for target moveit_setup_controllers[0m
[15.330s] [  6%] [34m[1mAutomatic MOC for target gtest_main[0m
[15.331s] [  9%] [34m[1mAutomatic MOC for target gtest[0m
[15.507s] [  9%] Built target gtest_autogen
[15.511s] [  9%] Built target gtest_main_autogen
[15.519s] [  9%] Built target moveit_setup_controllers_autogen
[15.599s] [ 12%] [34m[1mGenerating include/moveit_setup_controllers/moc_urdf_modifications_widget.cpp[0m
[15.603s] [ 15%] [34m[1mGenerating include/moveit_setup_controllers/moc_controllers_widget.cpp[0m
[15.604s] [ 18%] [34m[1mGenerating include/moveit_setup_controllers/moc_controller_edit_widget.cpp[0m
[15.660s] [ 24%] [32mBuilding CXX object gtest/CMakeFiles/gtest.dir/src/gtest-all.cc.o[0m
[15.661s] [ 24%] [32mBuilding CXX object gtest/CMakeFiles/gtest.dir/gtest_autogen/mocs_compilation.cpp.o[0m
[15.665s] [ 30%] [32mBuilding CXX object gtest/CMakeFiles/gtest_main.dir/src/gtest_main.cc.o[0m
[15.665s] [ 30%] [32mBuilding CXX object gtest/CMakeFiles/gtest_main.dir/gtest_main_autogen/mocs_compilation.cpp.o[0m
[15.784s] [ 36%] [32mBuilding CXX object CMakeFiles/moveit_setup_controllers.dir/moveit_setup_controllers_autogen/mocs_compilation.cpp.o[0m
[15.785s] [ 36%] [32mBuilding CXX object CMakeFiles/moveit_setup_controllers.dir/src/control_xacro_config.cpp.o[0m
[15.786s] [ 39%] [32mBuilding CXX object CMakeFiles/moveit_setup_controllers.dir/src/controller_edit_widget.cpp.o[0m
[15.800s] [ 42%] [32mBuilding CXX object CMakeFiles/moveit_setup_controllers.dir/src/controllers.cpp.o[0m
[15.815s] [ 45%] [32mBuilding CXX object CMakeFiles/moveit_setup_controllers.dir/src/controllers_config.cpp.o[0m
[15.820s] [ 48%] [32mBuilding CXX object CMakeFiles/moveit_setup_controllers.dir/src/controllers_widget.cpp.o[0m
[15.942s] [ 51%] [32mBuilding CXX object CMakeFiles/moveit_setup_controllers.dir/src/modified_urdf_config.cpp.o[0m
[18.164s] [ 54%] [32m[1mLinking CXX static library libgtest_main.a[0m
[18.455s] [ 54%] Built target gtest_main
[18.530s] [ 57%] [32mBuilding CXX object CMakeFiles/moveit_setup_controllers.dir/src/moveit_controllers_config.cpp.o[0m
[28.837s] [ 60%] [32m[1mLinking CXX static library libgtest.a[0m
[29.144s] [ 60%] Built target gtest
[29.217s] [ 63%] [32mBuilding CXX object CMakeFiles/moveit_setup_controllers.dir/src/moveit_controllers_widget.cpp.o[0m
[31.617s] [ 66%] [32mBuilding CXX object CMakeFiles/moveit_setup_controllers.dir/src/ros2_controllers_config.cpp.o[0m
[43.368s] [ 69%] [32mBuilding CXX object CMakeFiles/moveit_setup_controllers.dir/src/ros2_controllers_widget.cpp.o[0m
[44.860s] [ 72%] [32mBuilding CXX object CMakeFiles/moveit_setup_controllers.dir/src/urdf_modifications.cpp.o[0m
[47.718s] [ 75%] [32mBuilding CXX object CMakeFiles/moveit_setup_controllers.dir/src/urdf_modifications_widget.cpp.o[0m
[49.728s] [ 78%] [32mBuilding CXX object CMakeFiles/moveit_setup_controllers.dir/include/moveit_setup_controllers/moc_controller_edit_widget.cpp.o[0m
[50.261s] [ 81%] [32mBuilding CXX object CMakeFiles/moveit_setup_controllers.dir/include/moveit_setup_controllers/moc_controllers_widget.cpp.o[0m
[61.264s] [ 84%] [32mBuilding CXX object CMakeFiles/moveit_setup_controllers.dir/include/moveit_setup_controllers/moc_urdf_modifications_widget.cpp.o[0m
[95.635s] [ 87%] [32m[1mLinking CXX shared library libmoveit_setup_controllers.so[0m
[97.575s] [ 87%] Built target moveit_setup_controllers
[97.716s] [ 90%] [34m[1mAutomatic MOC for target test_controllers[0m
[97.910s] [ 90%] Built target test_controllers_autogen
[98.060s] [ 93%] [32mBuilding CXX object CMakeFiles/test_controllers.dir/test_controllers_autogen/mocs_compilation.cpp.o[0m
[98.063s] [ 96%] [32mBuilding CXX object CMakeFiles/test_controllers.dir/test/test_controllers.cpp.o[0m
[128.654s] [100%] [32m[1mLinking CXX executable test_controllers[0m
[130.762s] [100%] Built target test_controllers
[130.824s] Invoked command in '/home/suwi/ros2_4dof_arm/build/moveit_setup_controllers' returned '0': AMENT_PREFIX_PATH=/home/suwi/ros2_4dof_arm/install/moveit_setup_framework:/home/suwi/ros2_4dof_arm/install/moveit_ros_visualization:/home/suwi/ros2_4dof_arm/install/moveit_ros_planning_interface:/home/suwi/ros2_4dof_arm/install/moveit_ros_move_group:/home/suwi/ros2_4dof_arm/install/moveit_ros_warehouse:/home/suwi/ros2_4dof_arm/install/moveit_ros_robot_interaction:/home/suwi/ros2_4dof_arm/install/moveit_planners_ompl:/home/suwi/ros2_4dof_arm/install/moveit_kinematics:/home/suwi/ros2_4dof_arm/install/moveit_ros_planning:/home/suwi/ros2_4dof_arm/install/moveit_simple_controller_manager:/home/suwi/ros2_4dof_arm/install/moveit_ros_occupancy_map_monitor:/home/suwi/ros2_4dof_arm/install/moveit_core:/home/suwi/ros2_4dof_arm/install/moveit_resources_panda_moveit_config:/home/suwi/ros2_4dof_arm/install/moveit_resources_fanuc_moveit_config:/home/suwi/ros2_4dof_arm/install/moveit_resources_pr2_description:/home/suwi/ros2_4dof_arm/install/moveit_resources_fanuc_description:/home/suwi/ros2_4dof_arm/install/moveit_msgs:/home/suwi/ros2_4dof_arm/install/moveit_configs_utils:${AMENT_PREFIX_PATH} CMAKE_PREFIX_PATH=/home/suwi/ros2_4dof_arm/install/moveit_setup_framework:/home/suwi/ros2_4dof_arm/install/moveit_ros_visualization:/home/suwi/ros2_4dof_arm/install/moveit_ros_planning_interface:/home/suwi/ros2_4dof_arm/install/moveit_ros_move_group:/home/suwi/ros2_4dof_arm/install/moveit_ros_warehouse:/home/suwi/ros2_4dof_arm/install/moveit_ros_robot_interaction:/home/suwi/ros2_4dof_arm/install/moveit_planners_ompl:/home/suwi/ros2_4dof_arm/install/moveit_kinematics:/home/suwi/ros2_4dof_arm/install/moveit_ros_planning:/home/suwi/ros2_4dof_arm/install/moveit_simple_controller_manager:/home/suwi/ros2_4dof_arm/install/moveit_ros_occupancy_map_monitor:/home/suwi/ros2_4dof_arm/install/moveit_core:/home/suwi/ros2_4dof_arm/install/moveit_resources_panda_moveit_config:/home/suwi/ros2_4dof_arm/install/moveit_resources_fanuc_moveit_config:/home/suwi/ros2_4dof_arm/install/moveit_resources_pr2_description:/home/suwi/ros2_4dof_arm/install/moveit_resources_panda_description:/home/suwi/ros2_4dof_arm/install/moveit_resources_fanuc_description:/home/suwi/ros2_4dof_arm/install/moveit_msgs:/home/suwi/ros2_4dof_arm/install/moveit_common:/home/suwi/ros2_4dof_arm/src/four_dof_arm/install/four_dof_arm:/home/suwi/ros2_4dof_arm/install/four_dof_arm:/opt/ros/humble:/opt/ros/humble:/home/suwi/ros2_ws_prac/install/my_robot_control:/path/to/object_recognition_msgs/install:/home/suwi/ros2_ws_prac/install/pub_sub LD_LIBRARY_PATH=/home/suwi/ros2_4dof_arm/install/moveit_setup_framework/lib:/home/suwi/ros2_4dof_arm/install/moveit_ros_visualization/lib:/home/suwi/ros2_4dof_arm/install/moveit_ros_planning_interface/lib:/home/suwi/ros2_4dof_arm/install/moveit_ros_move_group/lib:/home/suwi/ros2_4dof_arm/install/moveit_ros_warehouse/lib:/home/suwi/ros2_4dof_arm/install/moveit_ros_robot_interaction/lib:/home/suwi/ros2_4dof_arm/install/moveit_planners_ompl/lib:/home/suwi/ros2_4dof_arm/install/moveit_kinematics/lib:/home/suwi/ros2_4dof_arm/install/moveit_ros_planning/lib:/home/suwi/ros2_4dof_arm/install/moveit_simple_controller_manager/lib:/home/suwi/ros2_4dof_arm/install/moveit_ros_occupancy_map_monitor/lib:/home/suwi/ros2_4dof_arm/install/moveit_core/lib:/home/suwi/ros2_4dof_arm/install/moveit_msgs/lib:${LD_LIBRARY_PATH} PATH=/home/suwi/ros2_4dof_arm/install/moveit_core/bin:${PATH} PYTHONPATH=/home/suwi/ros2_4dof_arm/install/moveit_msgs/local/lib/python3.10/dist-packages:/home/suwi/ros2_4dof_arm/install/moveit_configs_utils/lib/python3.10/site-packages:${PYTHONPATH} /usr/bin/cmake --build /home/suwi/ros2_4dof_arm/build/moveit_setup_controllers -- -j8 -l8
[130.832s] Invoking command in '/home/suwi/ros2_4dof_arm/build/moveit_setup_controllers': AMENT_PREFIX_PATH=/home/suwi/ros2_4dof_arm/install/moveit_setup_framework:/home/suwi/ros2_4dof_arm/install/moveit_ros_visualization:/home/suwi/ros2_4dof_arm/install/moveit_ros_planning_interface:/home/suwi/ros2_4dof_arm/install/moveit_ros_move_group:/home/suwi/ros2_4dof_arm/install/moveit_ros_warehouse:/home/suwi/ros2_4dof_arm/install/moveit_ros_robot_interaction:/home/suwi/ros2_4dof_arm/install/moveit_planners_ompl:/home/suwi/ros2_4dof_arm/install/moveit_kinematics:/home/suwi/ros2_4dof_arm/install/moveit_ros_planning:/home/suwi/ros2_4dof_arm/install/moveit_simple_controller_manager:/home/suwi/ros2_4dof_arm/install/moveit_ros_occupancy_map_monitor:/home/suwi/ros2_4dof_arm/install/moveit_core:/home/suwi/ros2_4dof_arm/install/moveit_resources_panda_moveit_config:/home/suwi/ros2_4dof_arm/install/moveit_resources_fanuc_moveit_config:/home/suwi/ros2_4dof_arm/install/moveit_resources_pr2_description:/home/suwi/ros2_4dof_arm/install/moveit_resources_fanuc_description:/home/suwi/ros2_4dof_arm/install/moveit_msgs:/home/suwi/ros2_4dof_arm/install/moveit_configs_utils:${AMENT_PREFIX_PATH} CMAKE_PREFIX_PATH=/home/suwi/ros2_4dof_arm/install/moveit_setup_framework:/home/suwi/ros2_4dof_arm/install/moveit_ros_visualization:/home/suwi/ros2_4dof_arm/install/moveit_ros_planning_interface:/home/suwi/ros2_4dof_arm/install/moveit_ros_move_group:/home/suwi/ros2_4dof_arm/install/moveit_ros_warehouse:/home/suwi/ros2_4dof_arm/install/moveit_ros_robot_interaction:/home/suwi/ros2_4dof_arm/install/moveit_planners_ompl:/home/suwi/ros2_4dof_arm/install/moveit_kinematics:/home/suwi/ros2_4dof_arm/install/moveit_ros_planning:/home/suwi/ros2_4dof_arm/install/moveit_simple_controller_manager:/home/suwi/ros2_4dof_arm/install/moveit_ros_occupancy_map_monitor:/home/suwi/ros2_4dof_arm/install/moveit_core:/home/suwi/ros2_4dof_arm/install/moveit_resources_panda_moveit_config:/home/suwi/ros2_4dof_arm/install/moveit_resources_fanuc_moveit_config:/home/suwi/ros2_4dof_arm/install/moveit_resources_pr2_description:/home/suwi/ros2_4dof_arm/install/moveit_resources_panda_description:/home/suwi/ros2_4dof_arm/install/moveit_resources_fanuc_description:/home/suwi/ros2_4dof_arm/install/moveit_msgs:/home/suwi/ros2_4dof_arm/install/moveit_common:/home/suwi/ros2_4dof_arm/src/four_dof_arm/install/four_dof_arm:/home/suwi/ros2_4dof_arm/install/four_dof_arm:/opt/ros/humble:/opt/ros/humble:/home/suwi/ros2_ws_prac/install/my_robot_control:/path/to/object_recognition_msgs/install:/home/suwi/ros2_ws_prac/install/pub_sub LD_LIBRARY_PATH=/home/suwi/ros2_4dof_arm/install/moveit_setup_framework/lib:/home/suwi/ros2_4dof_arm/install/moveit_ros_visualization/lib:/home/suwi/ros2_4dof_arm/install/moveit_ros_planning_interface/lib:/home/suwi/ros2_4dof_arm/install/moveit_ros_move_group/lib:/home/suwi/ros2_4dof_arm/install/moveit_ros_warehouse/lib:/home/suwi/ros2_4dof_arm/install/moveit_ros_robot_interaction/lib:/home/suwi/ros2_4dof_arm/install/moveit_planners_ompl/lib:/home/suwi/ros2_4dof_arm/install/moveit_kinematics/lib:/home/suwi/ros2_4dof_arm/install/moveit_ros_planning/lib:/home/suwi/ros2_4dof_arm/install/moveit_simple_controller_manager/lib:/home/suwi/ros2_4dof_arm/install/moveit_ros_occupancy_map_monitor/lib:/home/suwi/ros2_4dof_arm/install/moveit_core/lib:/home/suwi/ros2_4dof_arm/install/moveit_msgs/lib:${LD_LIBRARY_PATH} PATH=/home/suwi/ros2_4dof_arm/install/moveit_core/bin:${PATH} PYTHONPATH=/home/suwi/ros2_4dof_arm/install/moveit_msgs/local/lib/python3.10/dist-packages:/home/suwi/ros2_4dof_arm/install/moveit_configs_utils/lib/python3.10/site-packages:${PYTHONPATH} /usr/bin/cmake --install /home/suwi/ros2_4dof_arm/build/moveit_setup_controllers
[130.876s] -- Install configuration: "Release"
[130.877s] -- Installing: /home/suwi/ros2_4dof_arm/install/moveit_setup_controllers/share/moveit_setup_controllers/templates
[130.877s] -- Installing: /home/suwi/ros2_4dof_arm/install/moveit_setup_controllers/share/moveit_setup_controllers/templates/config
[130.877s] -- Installing: /home/suwi/ros2_4dof_arm/install/moveit_setup_controllers/share/moveit_setup_controllers/templates/config/gazebo_controllers.yaml
[130.879s] -- Installing: /home/suwi/ros2_4dof_arm/install/moveit_setup_controllers/share/moveit_setup_controllers/templates/config/modified.urdf.xacro
[130.881s] -- Installing: /home/suwi/ros2_4dof_arm/install/moveit_setup_controllers/share/moveit_setup_controllers/templates/config/ros2_control.xacro
[130.883s] -- Installing: /home/suwi/ros2_4dof_arm/install/moveit_setup_controllers/lib/libmoveit_setup_controllers.so
[130.897s] -- Set runtime path of "/home/suwi/ros2_4dof_arm/install/moveit_setup_controllers/lib/libmoveit_setup_controllers.so" to ""
[130.897s] -- Installing: /home/suwi/ros2_4dof_arm/install/moveit_setup_controllers/share/moveit_setup_controllers/moveit_setup_framework_plugins.xml
[130.898s] -- Installing: /home/suwi/ros2_4dof_arm/install/moveit_setup_controllers/include
[130.899s] -- Installing: /home/suwi/ros2_4dof_arm/install/moveit_setup_controllers/include/moveit_setup_controllers
[130.899s] -- Installing: /home/suwi/ros2_4dof_arm/install/moveit_setup_controllers/include/moveit_setup_controllers/controller_edit_widget.hpp
[130.900s] -- Installing: /home/suwi/ros2_4dof_arm/install/moveit_setup_controllers/include/moveit_setup_controllers/controllers_widget.hpp
[130.901s] -- Installing: /home/suwi/ros2_4dof_arm/install/moveit_setup_controllers/include/moveit_setup_controllers/included_xacro_config.hpp
[130.902s] -- Installing: /home/suwi/ros2_4dof_arm/install/moveit_setup_controllers/include/moveit_setup_controllers/modified_urdf_config.hpp
[130.903s] -- Installing: /home/suwi/ros2_4dof_arm/install/moveit_setup_controllers/include/moveit_setup_controllers/urdf_modifications_widget.hpp
[130.904s] -- Installing: /home/suwi/ros2_4dof_arm/install/moveit_setup_controllers/include/moveit_setup_controllers/controllers_config.hpp
[130.905s] -- Installing: /home/suwi/ros2_4dof_arm/install/moveit_setup_controllers/include/moveit_setup_controllers/urdf_modifications.hpp
[130.906s] -- Installing: /home/suwi/ros2_4dof_arm/install/moveit_setup_controllers/include/moveit_setup_controllers/controllers.hpp
[130.907s] -- Installing: /home/suwi/ros2_4dof_arm/install/moveit_setup_controllers/include/moveit_setup_controllers/control_xacro_config.hpp
[130.908s] -- Installing: /home/suwi/ros2_4dof_arm/install/moveit_setup_controllers/include/moveit_setup_controllers/moveit_controllers.hpp
[130.909s] -- Installing: /home/suwi/ros2_4dof_arm/install/moveit_setup_controllers/include/moveit_setup_controllers/ros2_controllers.hpp
[130.909s] -- Installing: /home/suwi/ros2_4dof_arm/install/moveit_setup_controllers/include/moveit_setup_controllers/ros2_controllers_config.hpp
[130.910s] -- Installing: /home/suwi/ros2_4dof_arm/install/moveit_setup_controllers/include/moveit_setup_controllers/moveit_controllers_config.hpp
[130.911s] -- Installing: /home/suwi/ros2_4dof_arm/install/moveit_setup_controllers/share/moveit_setup_controllers/launch
[130.912s] -- Installing: /home/suwi/ros2_4dof_arm/install/moveit_setup_controllers/share/moveit_setup_controllers/launch/control.launch.py
[130.914s] -- Installing: /home/suwi/ros2_4dof_arm/install/moveit_setup_controllers/share/moveit_setup_controllers/environment/library_path.sh
[130.916s] -- Installing: /home/suwi/ros2_4dof_arm/install/moveit_setup_controllers/share/moveit_setup_controllers/environment/library_path.dsv
[130.916s] -- Up-to-date: /home/suwi/ros2_4dof_arm/install/moveit_setup_controllers/share/moveit_setup_controllers/moveit_setup_framework_plugins.xml
[130.918s] -- Installing: /home/suwi/ros2_4dof_arm/install/moveit_setup_controllers/share/ament_index/resource_index/package_run_dependencies/moveit_setup_controllers
[130.918s] -- Installing: /home/suwi/ros2_4dof_arm/install/moveit_setup_controllers/share/ament_index/resource_index/parent_prefix_path/moveit_setup_controllers
[130.919s] -- Installing: /home/suwi/ros2_4dof_arm/install/moveit_setup_controllers/share/moveit_setup_controllers/environment/ament_prefix_path.sh
[130.920s] -- Installing: /home/suwi/ros2_4dof_arm/install/moveit_setup_controllers/share/moveit_setup_controllers/environment/ament_prefix_path.dsv
[130.921s] -- Installing: /home/suwi/ros2_4dof_arm/install/moveit_setup_controllers/share/moveit_setup_controllers/environment/path.sh
[130.921s] -- Installing: /home/suwi/ros2_4dof_arm/install/moveit_setup_controllers/share/moveit_setup_controllers/environment/path.dsv
[130.922s] -- Installing: /home/suwi/ros2_4dof_arm/install/moveit_setup_controllers/share/moveit_setup_controllers/local_setup.bash
[130.923s] -- Installing: /home/suwi/ros2_4dof_arm/install/moveit_setup_controllers/share/moveit_setup_controllers/local_setup.sh
[130.924s] -- Installing: /home/suwi/ros2_4dof_arm/install/moveit_setup_controllers/share/moveit_setup_controllers/local_setup.zsh
[130.925s] -- Installing: /home/suwi/ros2_4dof_arm/install/moveit_setup_controllers/share/moveit_setup_controllers/local_setup.dsv
[130.926s] -- Installing: /home/suwi/ros2_4dof_arm/install/moveit_setup_controllers/share/moveit_setup_controllers/package.dsv
[130.927s] -- Installing: /home/suwi/ros2_4dof_arm/install/moveit_setup_controllers/share/ament_index/resource_index/packages/moveit_setup_controllers
[130.928s] -- Installing: /home/suwi/ros2_4dof_arm/install/moveit_setup_controllers/share/ament_index/resource_index/moveit_setup_framework__pluginlib__plugin/moveit_setup_controllers
[130.929s] -- Installing: /home/suwi/ros2_4dof_arm/install/moveit_setup_controllers/share/moveit_setup_controllers/cmake/export_moveit_setup_controllersExport.cmake
[130.930s] -- Installing: /home/suwi/ros2_4dof_arm/install/moveit_setup_controllers/share/moveit_setup_controllers/cmake/export_moveit_setup_controllersExport-release.cmake
[130.931s] -- Installing: /home/suwi/ros2_4dof_arm/install/moveit_setup_controllers/share/moveit_setup_controllers/cmake/ament_cmake_export_include_directories-extras.cmake
[130.932s] -- Installing: /home/suwi/ros2_4dof_arm/install/moveit_setup_controllers/share/moveit_setup_controllers/cmake/ament_cmake_export_libraries-extras.cmake
[130.933s] -- Installing: /home/suwi/ros2_4dof_arm/install/moveit_setup_controllers/share/moveit_setup_controllers/cmake/ament_cmake_export_targets-extras.cmake
[130.933s] -- Installing: /home/suwi/ros2_4dof_arm/install/moveit_setup_controllers/share/moveit_setup_controllers/cmake/moveit_setup_controllersConfig.cmake
[130.934s] -- Installing: /home/suwi/ros2_4dof_arm/install/moveit_setup_controllers/share/moveit_setup_controllers/cmake/moveit_setup_controllersConfig-version.cmake
[130.935s] -- Installing: /home/suwi/ros2_4dof_arm/install/moveit_setup_controllers/share/moveit_setup_controllers/package.xml
[130.942s] Invoked command in '/home/suwi/ros2_4dof_arm/build/moveit_setup_controllers' returned '0': AMENT_PREFIX_PATH=/home/suwi/ros2_4dof_arm/install/moveit_setup_framework:/home/suwi/ros2_4dof_arm/install/moveit_ros_visualization:/home/suwi/ros2_4dof_arm/install/moveit_ros_planning_interface:/home/suwi/ros2_4dof_arm/install/moveit_ros_move_group:/home/suwi/ros2_4dof_arm/install/moveit_ros_warehouse:/home/suwi/ros2_4dof_arm/install/moveit_ros_robot_interaction:/home/suwi/ros2_4dof_arm/install/moveit_planners_ompl:/home/suwi/ros2_4dof_arm/install/moveit_kinematics:/home/suwi/ros2_4dof_arm/install/moveit_ros_planning:/home/suwi/ros2_4dof_arm/install/moveit_simple_controller_manager:/home/suwi/ros2_4dof_arm/install/moveit_ros_occupancy_map_monitor:/home/suwi/ros2_4dof_arm/install/moveit_core:/home/suwi/ros2_4dof_arm/install/moveit_resources_panda_moveit_config:/home/suwi/ros2_4dof_arm/install/moveit_resources_fanuc_moveit_config:/home/suwi/ros2_4dof_arm/install/moveit_resources_pr2_description:/home/suwi/ros2_4dof_arm/install/moveit_resources_fanuc_description:/home/suwi/ros2_4dof_arm/install/moveit_msgs:/home/suwi/ros2_4dof_arm/install/moveit_configs_utils:${AMENT_PREFIX_PATH} CMAKE_PREFIX_PATH=/home/suwi/ros2_4dof_arm/install/moveit_setup_framework:/home/suwi/ros2_4dof_arm/install/moveit_ros_visualization:/home/suwi/ros2_4dof_arm/install/moveit_ros_planning_interface:/home/suwi/ros2_4dof_arm/install/moveit_ros_move_group:/home/suwi/ros2_4dof_arm/install/moveit_ros_warehouse:/home/suwi/ros2_4dof_arm/install/moveit_ros_robot_interaction:/home/suwi/ros2_4dof_arm/install/moveit_planners_ompl:/home/suwi/ros2_4dof_arm/install/moveit_kinematics:/home/suwi/ros2_4dof_arm/install/moveit_ros_planning:/home/suwi/ros2_4dof_arm/install/moveit_simple_controller_manager:/home/suwi/ros2_4dof_arm/install/moveit_ros_occupancy_map_monitor:/home/suwi/ros2_4dof_arm/install/moveit_core:/home/suwi/ros2_4dof_arm/install/moveit_resources_panda_moveit_config:/home/suwi/ros2_4dof_arm/install/moveit_resources_fanuc_moveit_config:/home/suwi/ros2_4dof_arm/install/moveit_resources_pr2_description:/home/suwi/ros2_4dof_arm/install/moveit_resources_panda_description:/home/suwi/ros2_4dof_arm/install/moveit_resources_fanuc_description:/home/suwi/ros2_4dof_arm/install/moveit_msgs:/home/suwi/ros2_4dof_arm/install/moveit_common:/home/suwi/ros2_4dof_arm/src/four_dof_arm/install/four_dof_arm:/home/suwi/ros2_4dof_arm/install/four_dof_arm:/opt/ros/humble:/opt/ros/humble:/home/suwi/ros2_ws_prac/install/my_robot_control:/path/to/object_recognition_msgs/install:/home/suwi/ros2_ws_prac/install/pub_sub LD_LIBRARY_PATH=/home/suwi/ros2_4dof_arm/install/moveit_setup_framework/lib:/home/suwi/ros2_4dof_arm/install/moveit_ros_visualization/lib:/home/suwi/ros2_4dof_arm/install/moveit_ros_planning_interface/lib:/home/suwi/ros2_4dof_arm/install/moveit_ros_move_group/lib:/home/suwi/ros2_4dof_arm/install/moveit_ros_warehouse/lib:/home/suwi/ros2_4dof_arm/install/moveit_ros_robot_interaction/lib:/home/suwi/ros2_4dof_arm/install/moveit_planners_ompl/lib:/home/suwi/ros2_4dof_arm/install/moveit_kinematics/lib:/home/suwi/ros2_4dof_arm/install/moveit_ros_planning/lib:/home/suwi/ros2_4dof_arm/install/moveit_simple_controller_manager/lib:/home/suwi/ros2_4dof_arm/install/moveit_ros_occupancy_map_monitor/lib:/home/suwi/ros2_4dof_arm/install/moveit_core/lib:/home/suwi/ros2_4dof_arm/install/moveit_msgs/lib:${LD_LIBRARY_PATH} PATH=/home/suwi/ros2_4dof_arm/install/moveit_core/bin:${PATH} PYTHONPATH=/home/suwi/ros2_4dof_arm/install/moveit_msgs/local/lib/python3.10/dist-packages:/home/suwi/ros2_4dof_arm/install/moveit_configs_utils/lib/python3.10/site-packages:${PYTHONPATH} /usr/bin/cmake --install /home/suwi/ros2_4dof_arm/build/moveit_setup_controllers
