[0.178s] Invoking command in '/home/suwi/ros2_4dof_arm/build/moveit_msgs': CMAKE_PREFIX_PATH=${CMAKE_PREFIX_PATH}:/home/suwi/ros2_ws_prac/install/pub_sub /usr/bin/cmake /home/suwi/ros2_4dof_arm/src/moveit_msgs -DAMENT_CMAKE_SYMLINK_INSTALL=1 -DCMAKE_INSTALL_PREFIX=/home/suwi/ros2_4dof_arm/install/moveit_msgs
[1.051s] -- The C compiler identification is GNU 11.4.0
[1.051s] -- The CXX compiler identification is GNU 11.4.0
[1.051s] -- Detecting C compiler ABI info
[1.057s] -- Detecting C compiler ABI info - done
[1.067s] -- Check for working C compiler: /usr/bin/cc - skipped
[1.073s] -- Detecting C compile features
[1.074s] -- Detecting C compile features - done
[1.118s] -- Detecting CXX compiler ABI info
[1.663s] -- Detecting CXX compiler ABI info - done
[1.683s] -- Check for working CXX compiler: /usr/bin/c++ - skipped
[1.683s] -- Detecting CXX compile features
[1.683s] -- Detecting CXX compile features - done
[1.698s] -- Found ament_cmake: 1.3.11 (/opt/ros/humble/share/ament_cmake/cmake)
[2.265s] -- Found Python3: /usr/bin/python3 (found version "3.10.12") found components: Interpreter 
[2.466s] -- Override CMake install command with custom implementation using symlinks instead of copying resources
[2.600s] -- Found rosidl_default_generators: 1.2.0 (/opt/ros/humble/share/rosidl_default_generators/cmake)
[2.617s] -- Using all available rosidl_typesupport_c: rosidl_typesupport_fastrtps_c;rosidl_typesupport_introspection_c
[2.646s] -- Found rosidl_adapter: 3.1.6 (/opt/ros/humble/share/rosidl_adapter/cmake)
[2.813s] -- Using all available rosidl_typesupport_cpp: rosidl_typesupport_fastrtps_cpp;rosidl_typesupport_introspection_cpp
[3.007s] -- Found action_msgs: 1.2.1 (/opt/ros/humble/share/action_msgs/cmake)
[3.117s] -- Found std_msgs: 4.8.0 (/opt/ros/humble/share/std_msgs/cmake)
[3.145s] -- Found geometry_msgs: 4.8.0 (/opt/ros/humble/share/geometry_msgs/cmake)
[3.213s] -- Found sensor_msgs: 4.8.0 (/opt/ros/humble/share/sensor_msgs/cmake)
[3.274s] -- Found shape_msgs: 4.8.0 (/opt/ros/humble/share/shape_msgs/cmake)
[3.341s] [31mCMake Error at CMakeLists.txt:24 (find_package):
[3.341s]   By not providing "Findobject_recognition_msgs.cmake" in CMAKE_MODULE_PATH
[3.342s]   this project has asked CMake to find a package configuration file provided
[3.342s]   by "object_recognition_msgs", but CMake did not find one.
[3.342s] 
[3.346s]   Could not find a package configuration file provided by
[3.347s]   "object_recognition_msgs" with any of the following names:
[3.347s] 
[3.347s]     object_recognition_msgsConfig.cmake
[3.347s]     object_recognition_msgs-config.cmake
[3.348s] 
[3.348s]   Add the installation prefix of "object_recognition_msgs" to
[3.350s]   CMAKE_PREFIX_PATH or set "object_recognition_msgs_DIR" to a directory
[3.350s]   containing one of the above files.  If "object_recognition_msgs" provides a
[3.351s]   separate development package or SDK, be sure it has been installed.
[3.351s] -- Configuring incomplete, errors occurred!
[3.351s] See also "/home/suwi/ros2_4dof_arm/build/moveit_msgs/CMakeFiles/CMakeOutput.log".
[3.351s] 
[3.352s] [0m
[3.394s] Invoked command in '/home/suwi/ros2_4dof_arm/build/moveit_msgs' returned '1': CMAKE_PREFIX_PATH=${CMAKE_PREFIX_PATH}:/home/suwi/ros2_ws_prac/install/pub_sub /usr/bin/cmake /home/suwi/ros2_4dof_arm/src/moveit_msgs -DAMENT_CMAKE_SYMLINK_INSTALL=1 -DCMAKE_INSTALL_PREFIX=/home/suwi/ros2_4dof_arm/install/moveit_msgs
