[0.868s] Invoking command in '/home/suwi/ros2_4dof_arm/build/moveit_servo': AMENT_PREFIX_PATH=/home/suwi/ros2_4dof_arm/install/moveit_ros_planning_interface:/home/suwi/ros2_4dof_arm/install/moveit_ros_move_group:/home/suwi/ros2_4dof_arm/install/moveit_ros_warehouse:/home/suwi/ros2_4dof_arm/install/moveit_planners_ompl:/home/suwi/ros2_4dof_arm/install/moveit_kinematics:/home/suwi/ros2_4dof_arm/install/moveit_ros_planning:/home/suwi/ros2_4dof_arm/install/moveit_simple_controller_manager:/home/suwi/ros2_4dof_arm/install/moveit_ros_occupancy_map_monitor:/home/suwi/ros2_4dof_arm/install/moveit_core:/home/suwi/ros2_4dof_arm/install/moveit_resources_panda_moveit_config:/home/suwi/ros2_4dof_arm/install/moveit_resources_fanuc_moveit_config:/home/suwi/ros2_4dof_arm/install/moveit_resources_pr2_description:/home/suwi/ros2_4dof_arm/install/moveit_resources_fanuc_description:/home/suwi/ros2_4dof_arm/install/moveit_msgs:/home/suwi/ros2_4dof_arm/install/moveit_configs_utils:${AMENT_PREFIX_PATH} CMAKE_PREFIX_PATH=/home/suwi/ros2_4dof_arm/install/moveit_ros_planning_interface:/home/suwi/ros2_4dof_arm/install/moveit_ros_move_group:/home/suwi/ros2_4dof_arm/install/moveit_ros_warehouse:/home/suwi/ros2_4dof_arm/install/moveit_planners_ompl:/home/suwi/ros2_4dof_arm/install/moveit_kinematics:/home/suwi/ros2_4dof_arm/install/moveit_ros_planning:/home/suwi/ros2_4dof_arm/install/moveit_simple_controller_manager:/home/suwi/ros2_4dof_arm/install/moveit_ros_occupancy_map_monitor:/home/suwi/ros2_4dof_arm/install/moveit_core:/home/suwi/ros2_4dof_arm/install/moveit_resources_panda_moveit_config:/home/suwi/ros2_4dof_arm/install/moveit_resources_fanuc_moveit_config:/home/suwi/ros2_4dof_arm/install/moveit_resources_pr2_description:/home/suwi/ros2_4dof_arm/install/moveit_resources_panda_description:/home/suwi/ros2_4dof_arm/install/moveit_resources_fanuc_description:/home/suwi/ros2_4dof_arm/install/moveit_msgs:/home/suwi/ros2_4dof_arm/install/moveit_common:/home/suwi/ros2_4dof_arm/src/four_dof_arm/install/four_dof_arm:/home/suwi/ros2_4dof_arm/install/four_dof_arm:/opt/ros/humble:/opt/ros/humble:/home/suwi/ros2_ws_prac/install/my_robot_control:/path/to/object_recognition_msgs/install:/home/suwi/ros2_ws_prac/install/pub_sub LD_LIBRARY_PATH=/home/suwi/ros2_4dof_arm/install/moveit_ros_planning_interface/lib:/home/suwi/ros2_4dof_arm/install/moveit_ros_move_group/lib:/home/suwi/ros2_4dof_arm/install/moveit_ros_warehouse/lib:/home/suwi/ros2_4dof_arm/install/moveit_planners_ompl/lib:/home/suwi/ros2_4dof_arm/install/moveit_kinematics/lib:/home/suwi/ros2_4dof_arm/install/moveit_ros_planning/lib:/home/suwi/ros2_4dof_arm/install/moveit_simple_controller_manager/lib:/home/suwi/ros2_4dof_arm/install/moveit_ros_occupancy_map_monitor/lib:/home/suwi/ros2_4dof_arm/install/moveit_core/lib:/home/suwi/ros2_4dof_arm/install/moveit_msgs/lib:${LD_LIBRARY_PATH} PATH=/home/suwi/ros2_4dof_arm/install/moveit_core/bin:${PATH} PYTHONPATH=/home/suwi/ros2_4dof_arm/install/moveit_msgs/local/lib/python3.10/dist-packages:/home/suwi/ros2_4dof_arm/install/moveit_configs_utils/lib/python3.10/site-packages:${PYTHONPATH} /usr/bin/cmake /home/suwi/ros2_4dof_arm/src/moveit2/moveit_ros/moveit_servo -DCMAKE_INSTALL_PREFIX=/home/suwi/ros2_4dof_arm/install/moveit_servo
[1.384s] -- The C compiler identification is GNU 11.4.0
[1.720s] -- The CXX compiler identification is GNU 11.4.0
[1.780s] -- Detecting C compiler ABI info
[2.267s] -- Detecting C compiler ABI info - done
[2.276s] -- Check for working C compiler: /usr/bin/cc - skipped
[2.277s] -- Detecting C compile features
[2.280s] -- Detecting C compile features - done
[2.292s] -- Detecting CXX compiler ABI info
[2.713s] -- Detecting CXX compiler ABI info - done
[2.722s] -- Check for working CXX compiler: /usr/bin/c++ - skipped
[2.723s] -- Detecting CXX compile features
[2.724s] -- Detecting CXX compile features - done
[2.758s] -- Found moveit_common: 2.5.8 (/home/suwi/ros2_4dof_arm/install/moveit_common/share/moveit_common/cmake)
[2.859s] -- Found ament_cmake: 1.3.11 (/opt/ros/humble/share/ament_cmake/cmake)
[3.534s] -- Found Python3: /usr/bin/python3 (found version "3.10.12") found components: Interpreter 
[4.447s] [0mmoveit_servo: You did not request a specific build type: Choosing 'Release' for maximum performance[0m
[4.477s] -- Found eigen3_cmake_module: 0.1.1 (/opt/ros/humble/share/eigen3_cmake_module/cmake)
[4.536s] -- Found Eigen3: TRUE (found version "3.4.0") 
[4.564s] -- Found control_msgs: 4.8.0 (/opt/ros/humble/share/control_msgs/cmake)
[4.964s] -- Found rosidl_generator_c: 3.1.6 (/opt/ros/humble/share/rosidl_generator_c/cmake)
[5.030s] -- Found rosidl_adapter: 3.1.6 (/opt/ros/humble/share/rosidl_adapter/cmake)
[5.113s] -- Found rosidl_generator_cpp: 3.1.6 (/opt/ros/humble/share/rosidl_generator_cpp/cmake)
[5.266s] -- Using all available rosidl_typesupport_c: rosidl_typesupport_fastrtps_c;rosidl_typesupport_introspection_c
[5.404s] -- Using all available rosidl_typesupport_cpp: rosidl_typesupport_fastrtps_cpp;rosidl_typesupport_introspection_cpp
[6.026s] -- Found control_toolbox: 3.6.0 (/opt/ros/humble/share/control_toolbox/cmake)
[6.528s] -- Found rmw_implementation_cmake: 6.1.2 (/opt/ros/humble/share/rmw_implementation_cmake/cmake)
[6.566s] -- Found rmw_fastrtps_cpp: 6.2.7 (/opt/ros/humble/share/rmw_fastrtps_cpp/cmake)
[7.204s] -- Found OpenSSL: /usr/lib/x86_64-linux-gnu/libcrypto.so (found version "3.0.2")  
[7.310s] -- Found FastRTPS: /opt/ros/humble/include  
[7.481s] -- Using RMW implementation 'rmw_fastrtps_cpp' as default
[7.596s] -- Looking for pthread.h
[8.085s] -- Looking for pthread.h - found
[8.086s] -- Performing Test CMAKE_HAVE_LIBC_PTHREAD
[8.546s] -- Performing Test CMAKE_HAVE_LIBC_PTHREAD - Success
[8.551s] -- Found Threads: TRUE  
[9.393s] -- Found moveit_core: 2.5.8 (/home/suwi/ros2_4dof_arm/install/moveit_core/share/moveit_core/cmake)
[9.832s] -- Found Boost: /usr/lib/x86_64-linux-gnu/cmake/Boost-1.74.0/BoostConfig.cmake (found version "1.74.0") found components: chrono date_time filesystem iostreams program_options regex serialization system thread 
[10.127s] -- Found Boost: /usr/lib/x86_64-linux-gnu/cmake/Boost-1.74.0/BoostConfig.cmake (found version "1.74.0") found components: filesystem 
[10.670s] -- library: /usr/lib/x86_64-linux-gnu/libcurl.so
[10.926s] -- Ensuring Eigen3 include directory is part of orocos-kdl CMake target
[11.882s] -- Found moveit_ros_planning: 2.5.8 (/home/suwi/ros2_4dof_arm/install/moveit_ros_planning/share/moveit_ros_planning/cmake)
[11.896s] -- Found Boost: /usr/lib/x86_64-linux-gnu/cmake/Boost-1.74.0/BoostConfig.cmake (found version "1.74.0") found components: system filesystem date_time program_options thread chrono 
[11.975s] -- Found std_srvs: 4.8.0 (/opt/ros/humble/share/std_srvs/cmake)
[12.254s] -- Found ament_lint_auto: 0.12.12 (/opt/ros/humble/share/ament_lint_auto/cmake)
[12.286s] -- Found ament_cmake_gtest: 1.3.11 (/opt/ros/humble/share/ament_cmake_gtest/cmake)
[12.323s] -- Found ros_testing: 0.4.0 (/opt/ros/humble/share/ros_testing/cmake)
[12.353s] -- Found launch_testing_ament_cmake: 1.0.8 (/opt/ros/humble/share/launch_testing_ament_cmake/cmake)
[12.383s] -- Found python_cmake_module: 0.10.0 (/opt/ros/humble/share/python_cmake_module/cmake)
[12.460s] -- Found PythonInterp: /usr/bin/python3 (found suitable version "3.10.12", minimum required is "3.6") 
[12.494s] -- Found PythonLibs: /usr/lib/x86_64-linux-gnu/libpython3.10.so (found suitable version "3.10.12", minimum required is "3.5") 
[12.494s] -- Using PYTHON_EXECUTABLE: /usr/bin/python3
[12.494s] -- Using PYTHON_INCLUDE_DIRS: /usr/include/python3.10
[12.494s] -- Using PYTHON_LIBRARIES: /usr/lib/x86_64-linux-gnu/libpython3.10.so
[12.563s] -- Found PythonExtra: .so  
[12.580s] -- Found Boost: /usr/lib/x86_64-linux-gnu/cmake/Boost-1.74.0/BoostConfig.cmake (found version "1.74.0") found components: filesystem 
[12.997s] -- Found gtest sources under '/opt/ros/humble/src/gtest_vendor': C++ tests using 'Google Test' will be built
[13.181s] -- Added test 'cppcheck' to perform static code analysis on C / C++ code
[13.182s] -- Configured cppcheck include dirs: /home/suwi/ros2_4dof_arm/src/moveit2/moveit_ros/moveit_servo/include
[13.183s] -- Configured cppcheck exclude dirs and/or files: 
[13.192s] -- Added test 'lint_cmake' to check CMake code style
[13.202s] -- Added test 'pep257' to check Python code against some of the docstring style conventions in PEP 257
[13.209s] -- Added test 'xmllint' to check XML markup files
[13.226s] -- Configuring done
[14.844s] -- Generating done
[14.952s] -- Build files have been written to: /home/suwi/ros2_4dof_arm/build/moveit_servo
[15.004s] Invoked command in '/home/suwi/ros2_4dof_arm/build/moveit_servo' returned '0': AMENT_PREFIX_PATH=/home/suwi/ros2_4dof_arm/install/moveit_ros_planning_interface:/home/suwi/ros2_4dof_arm/install/moveit_ros_move_group:/home/suwi/ros2_4dof_arm/install/moveit_ros_warehouse:/home/suwi/ros2_4dof_arm/install/moveit_planners_ompl:/home/suwi/ros2_4dof_arm/install/moveit_kinematics:/home/suwi/ros2_4dof_arm/install/moveit_ros_planning:/home/suwi/ros2_4dof_arm/install/moveit_simple_controller_manager:/home/suwi/ros2_4dof_arm/install/moveit_ros_occupancy_map_monitor:/home/suwi/ros2_4dof_arm/install/moveit_core:/home/suwi/ros2_4dof_arm/install/moveit_resources_panda_moveit_config:/home/suwi/ros2_4dof_arm/install/moveit_resources_fanuc_moveit_config:/home/suwi/ros2_4dof_arm/install/moveit_resources_pr2_description:/home/suwi/ros2_4dof_arm/install/moveit_resources_fanuc_description:/home/suwi/ros2_4dof_arm/install/moveit_msgs:/home/suwi/ros2_4dof_arm/install/moveit_configs_utils:${AMENT_PREFIX_PATH} CMAKE_PREFIX_PATH=/home/suwi/ros2_4dof_arm/install/moveit_ros_planning_interface:/home/suwi/ros2_4dof_arm/install/moveit_ros_move_group:/home/suwi/ros2_4dof_arm/install/moveit_ros_warehouse:/home/suwi/ros2_4dof_arm/install/moveit_planners_ompl:/home/suwi/ros2_4dof_arm/install/moveit_kinematics:/home/suwi/ros2_4dof_arm/install/moveit_ros_planning:/home/suwi/ros2_4dof_arm/install/moveit_simple_controller_manager:/home/suwi/ros2_4dof_arm/install/moveit_ros_occupancy_map_monitor:/home/suwi/ros2_4dof_arm/install/moveit_core:/home/suwi/ros2_4dof_arm/install/moveit_resources_panda_moveit_config:/home/suwi/ros2_4dof_arm/install/moveit_resources_fanuc_moveit_config:/home/suwi/ros2_4dof_arm/install/moveit_resources_pr2_description:/home/suwi/ros2_4dof_arm/install/moveit_resources_panda_description:/home/suwi/ros2_4dof_arm/install/moveit_resources_fanuc_description:/home/suwi/ros2_4dof_arm/install/moveit_msgs:/home/suwi/ros2_4dof_arm/install/moveit_common:/home/suwi/ros2_4dof_arm/src/four_dof_arm/install/four_dof_arm:/home/suwi/ros2_4dof_arm/install/four_dof_arm:/opt/ros/humble:/opt/ros/humble:/home/suwi/ros2_ws_prac/install/my_robot_control:/path/to/object_recognition_msgs/install:/home/suwi/ros2_ws_prac/install/pub_sub LD_LIBRARY_PATH=/home/suwi/ros2_4dof_arm/install/moveit_ros_planning_interface/lib:/home/suwi/ros2_4dof_arm/install/moveit_ros_move_group/lib:/home/suwi/ros2_4dof_arm/install/moveit_ros_warehouse/lib:/home/suwi/ros2_4dof_arm/install/moveit_planners_ompl/lib:/home/suwi/ros2_4dof_arm/install/moveit_kinematics/lib:/home/suwi/ros2_4dof_arm/install/moveit_ros_planning/lib:/home/suwi/ros2_4dof_arm/install/moveit_simple_controller_manager/lib:/home/suwi/ros2_4dof_arm/install/moveit_ros_occupancy_map_monitor/lib:/home/suwi/ros2_4dof_arm/install/moveit_core/lib:/home/suwi/ros2_4dof_arm/install/moveit_msgs/lib:${LD_LIBRARY_PATH} PATH=/home/suwi/ros2_4dof_arm/install/moveit_core/bin:${PATH} PYTHONPATH=/home/suwi/ros2_4dof_arm/install/moveit_msgs/local/lib/python3.10/dist-packages:/home/suwi/ros2_4dof_arm/install/moveit_configs_utils/lib/python3.10/site-packages:${PYTHONPATH} /usr/bin/cmake /home/suwi/ros2_4dof_arm/src/moveit2/moveit_ros/moveit_servo -DCMAKE_INSTALL_PREFIX=/home/suwi/ros2_4dof_arm/install/moveit_servo
[15.024s] Invoking command in '/home/suwi/ros2_4dof_arm/build/moveit_servo': AMENT_PREFIX_PATH=/home/suwi/ros2_4dof_arm/install/moveit_ros_planning_interface:/home/suwi/ros2_4dof_arm/install/moveit_ros_move_group:/home/suwi/ros2_4dof_arm/install/moveit_ros_warehouse:/home/suwi/ros2_4dof_arm/install/moveit_planners_ompl:/home/suwi/ros2_4dof_arm/install/moveit_kinematics:/home/suwi/ros2_4dof_arm/install/moveit_ros_planning:/home/suwi/ros2_4dof_arm/install/moveit_simple_controller_manager:/home/suwi/ros2_4dof_arm/install/moveit_ros_occupancy_map_monitor:/home/suwi/ros2_4dof_arm/install/moveit_core:/home/suwi/ros2_4dof_arm/install/moveit_resources_panda_moveit_config:/home/suwi/ros2_4dof_arm/install/moveit_resources_fanuc_moveit_config:/home/suwi/ros2_4dof_arm/install/moveit_resources_pr2_description:/home/suwi/ros2_4dof_arm/install/moveit_resources_fanuc_description:/home/suwi/ros2_4dof_arm/install/moveit_msgs:/home/suwi/ros2_4dof_arm/install/moveit_configs_utils:${AMENT_PREFIX_PATH} CMAKE_PREFIX_PATH=/home/suwi/ros2_4dof_arm/install/moveit_ros_planning_interface:/home/suwi/ros2_4dof_arm/install/moveit_ros_move_group:/home/suwi/ros2_4dof_arm/install/moveit_ros_warehouse:/home/suwi/ros2_4dof_arm/install/moveit_planners_ompl:/home/suwi/ros2_4dof_arm/install/moveit_kinematics:/home/suwi/ros2_4dof_arm/install/moveit_ros_planning:/home/suwi/ros2_4dof_arm/install/moveit_simple_controller_manager:/home/suwi/ros2_4dof_arm/install/moveit_ros_occupancy_map_monitor:/home/suwi/ros2_4dof_arm/install/moveit_core:/home/suwi/ros2_4dof_arm/install/moveit_resources_panda_moveit_config:/home/suwi/ros2_4dof_arm/install/moveit_resources_fanuc_moveit_config:/home/suwi/ros2_4dof_arm/install/moveit_resources_pr2_description:/home/suwi/ros2_4dof_arm/install/moveit_resources_panda_description:/home/suwi/ros2_4dof_arm/install/moveit_resources_fanuc_description:/home/suwi/ros2_4dof_arm/install/moveit_msgs:/home/suwi/ros2_4dof_arm/install/moveit_common:/home/suwi/ros2_4dof_arm/src/four_dof_arm/install/four_dof_arm:/home/suwi/ros2_4dof_arm/install/four_dof_arm:/opt/ros/humble:/opt/ros/humble:/home/suwi/ros2_ws_prac/install/my_robot_control:/path/to/object_recognition_msgs/install:/home/suwi/ros2_ws_prac/install/pub_sub LD_LIBRARY_PATH=/home/suwi/ros2_4dof_arm/install/moveit_ros_planning_interface/lib:/home/suwi/ros2_4dof_arm/install/moveit_ros_move_group/lib:/home/suwi/ros2_4dof_arm/install/moveit_ros_warehouse/lib:/home/suwi/ros2_4dof_arm/install/moveit_planners_ompl/lib:/home/suwi/ros2_4dof_arm/install/moveit_kinematics/lib:/home/suwi/ros2_4dof_arm/install/moveit_ros_planning/lib:/home/suwi/ros2_4dof_arm/install/moveit_simple_controller_manager/lib:/home/suwi/ros2_4dof_arm/install/moveit_ros_occupancy_map_monitor/lib:/home/suwi/ros2_4dof_arm/install/moveit_core/lib:/home/suwi/ros2_4dof_arm/install/moveit_msgs/lib:${LD_LIBRARY_PATH} PATH=/home/suwi/ros2_4dof_arm/install/moveit_core/bin:${PATH} PYTHONPATH=/home/suwi/ros2_4dof_arm/install/moveit_msgs/local/lib/python3.10/dist-packages:/home/suwi/ros2_4dof_arm/install/moveit_configs_utils/lib/python3.10/site-packages:${PYTHONPATH} /usr/bin/cmake --build /home/suwi/ros2_4dof_arm/build/moveit_servo -- -j8 -l8
[15.421s] [  6%] [32mBuilding CXX object CMakeFiles/servo_controller_input.dir/src/teleop_demo/joystick_servo_example.cpp.o[0m
[15.423s] [  6%] [32mBuilding CXX object CMakeFiles/moveit_servo_lib_parameters.dir/src/servo_parameters.cpp.o[0m
[15.424s] [  9%] [32mBuilding CXX object CMakeFiles/moveit_servo_lib_parameters.dir/src/parameter_descriptor_builder.cpp.o[0m
[15.437s] [ 12%] [32mBuilding CXX object gtest/CMakeFiles/gtest.dir/src/gtest-all.cc.o[0m
[15.442s] [ 15%] [32mBuilding CXX object CMakeFiles/fake_command_publisher.dir/test/publish_fake_jog_commands.cpp.o[0m
[15.443s] [ 18%] [32mBuilding CXX object gtest/CMakeFiles/gtest_main.dir/src/gtest_main.cc.o[0m
[18.155s] [ 21%] [32m[1mLinking CXX static library libgtest_main.a[0m
[18.417s] [ 21%] Built target gtest_main
[25.653s] [ 24%] [32m[1mLinking CXX executable fake_command_publisher[0m
[26.252s] [ 24%] Built target fake_command_publisher
[26.758s] [ 27%] [32m[1mLinking CXX static library libgtest.a[0m
[27.005s] [ 27%] Built target gtest
[39.600s] [ 30%] [32m[1mLinking CXX shared library libservo_controller_input.so[0m
[40.894s] [ 30%] Built target servo_controller_input
[45.118s] [ 33%] [32m[1mLinking CXX shared library libmoveit_servo_lib_parameters.so[0m
[46.097s] [ 33%] Built target moveit_servo_lib_parameters
[46.231s] [ 36%] [32mBuilding CXX object CMakeFiles/test_servo_integration.dir/test/test_servo_interface.cpp.o[0m
[46.233s] [ 39%] [32mBuilding CXX object CMakeFiles/moveit_servo_lib.dir/src/collision_check.cpp.o[0m
[46.235s] [ 42%] [32mBuilding CXX object CMakeFiles/moveit_servo_lib.dir/src/enforce_limits.cpp.o[0m
[46.237s] [ 45%] [32mBuilding CXX object CMakeFiles/test_servo_collision.dir/test/test_servo_collision.cpp.o[0m
[46.243s] [ 48%] [32mBuilding CXX object CMakeFiles/moveit_servo_lib.dir/src/servo.cpp.o[0m
[46.243s] [ 51%] [32mBuilding CXX object CMakeFiles/moveit_servo_lib.dir/src/servo_calcs.cpp.o[0m
[46.250s] [ 54%] [32mBuilding CXX object CMakeFiles/moveit_servo_lib.dir/src/utilities.cpp.o[0m
[108.852s] [ 57%] [32m[1mLinking CXX executable test_servo_collision[0m
[110.576s] [ 57%] Built target test_servo_collision
[112.622s] [ 60%] [32m[1mLinking CXX executable test_servo_integration[0m
[114.269s] [ 60%] Built target test_servo_integration
[134.883s] [ 63%] [32m[1mLinking CXX shared library libmoveit_servo_lib.so[0m
[136.490s] [ 63%] Built target moveit_servo_lib
[136.623s] [ 66%] [32mBuilding CXX object CMakeFiles/pose_tracking.dir/src/pose_tracking.cpp.o[0m
[136.623s] [ 69%] [32mBuilding CXX object CMakeFiles/servo_node.dir/src/servo_node.cpp.o[0m
[136.629s] [ 72%] [32mBuilding CXX object CMakeFiles/servo_calcs_unit_tests.dir/test/servo_calcs_unit_tests.cpp.o[0m
[169.177s] [ 75%] [32m[1mLinking CXX shared library libservo_node.so[0m
[170.210s] [ 75%] Built target servo_node
[170.348s] [ 78%] [32mBuilding CXX object CMakeFiles/servo_node_main.dir/src/servo_node_main.cpp.o[0m
[180.591s] [ 81%] [32m[1mLinking CXX shared library libpose_tracking.so[0m
[181.738s] [ 81%] Built target pose_tracking
[181.878s] [ 87%] [32mBuilding CXX object CMakeFiles/test_servo_pose_tracking.dir/test/pose_tracking_test.cpp.o[0m
[181.878s] [ 87%] [32mBuilding CXX object CMakeFiles/servo_pose_tracking_demo.dir/src/cpp_interface_demo/pose_tracking_demo.cpp.o[0m
[186.108s] [ 90%] [32m[1mLinking CXX executable servo_calcs_unit_tests[0m
[187.594s] [ 90%] Built target servo_calcs_unit_tests
[201.240s] [ 93%] [32m[1mLinking CXX executable servo_node_main[0m
[202.436s] [ 93%] Built target servo_node_main
[223.596s] [ 96%] [32m[1mLinking CXX executable servo_pose_tracking_demo[0m
[225.073s] [ 96%] Built target servo_pose_tracking_demo
[227.099s] [100%] [32m[1mLinking CXX executable test_servo_pose_tracking[0m
[228.660s] [100%] Built target test_servo_pose_tracking
[228.722s] Invoked command in '/home/suwi/ros2_4dof_arm/build/moveit_servo' returned '0': AMENT_PREFIX_PATH=/home/suwi/ros2_4dof_arm/install/moveit_ros_planning_interface:/home/suwi/ros2_4dof_arm/install/moveit_ros_move_group:/home/suwi/ros2_4dof_arm/install/moveit_ros_warehouse:/home/suwi/ros2_4dof_arm/install/moveit_planners_ompl:/home/suwi/ros2_4dof_arm/install/moveit_kinematics:/home/suwi/ros2_4dof_arm/install/moveit_ros_planning:/home/suwi/ros2_4dof_arm/install/moveit_simple_controller_manager:/home/suwi/ros2_4dof_arm/install/moveit_ros_occupancy_map_monitor:/home/suwi/ros2_4dof_arm/install/moveit_core:/home/suwi/ros2_4dof_arm/install/moveit_resources_panda_moveit_config:/home/suwi/ros2_4dof_arm/install/moveit_resources_fanuc_moveit_config:/home/suwi/ros2_4dof_arm/install/moveit_resources_pr2_description:/home/suwi/ros2_4dof_arm/install/moveit_resources_fanuc_description:/home/suwi/ros2_4dof_arm/install/moveit_msgs:/home/suwi/ros2_4dof_arm/install/moveit_configs_utils:${AMENT_PREFIX_PATH} CMAKE_PREFIX_PATH=/home/suwi/ros2_4dof_arm/install/moveit_ros_planning_interface:/home/suwi/ros2_4dof_arm/install/moveit_ros_move_group:/home/suwi/ros2_4dof_arm/install/moveit_ros_warehouse:/home/suwi/ros2_4dof_arm/install/moveit_planners_ompl:/home/suwi/ros2_4dof_arm/install/moveit_kinematics:/home/suwi/ros2_4dof_arm/install/moveit_ros_planning:/home/suwi/ros2_4dof_arm/install/moveit_simple_controller_manager:/home/suwi/ros2_4dof_arm/install/moveit_ros_occupancy_map_monitor:/home/suwi/ros2_4dof_arm/install/moveit_core:/home/suwi/ros2_4dof_arm/install/moveit_resources_panda_moveit_config:/home/suwi/ros2_4dof_arm/install/moveit_resources_fanuc_moveit_config:/home/suwi/ros2_4dof_arm/install/moveit_resources_pr2_description:/home/suwi/ros2_4dof_arm/install/moveit_resources_panda_description:/home/suwi/ros2_4dof_arm/install/moveit_resources_fanuc_description:/home/suwi/ros2_4dof_arm/install/moveit_msgs:/home/suwi/ros2_4dof_arm/install/moveit_common:/home/suwi/ros2_4dof_arm/src/four_dof_arm/install/four_dof_arm:/home/suwi/ros2_4dof_arm/install/four_dof_arm:/opt/ros/humble:/opt/ros/humble:/home/suwi/ros2_ws_prac/install/my_robot_control:/path/to/object_recognition_msgs/install:/home/suwi/ros2_ws_prac/install/pub_sub LD_LIBRARY_PATH=/home/suwi/ros2_4dof_arm/install/moveit_ros_planning_interface/lib:/home/suwi/ros2_4dof_arm/install/moveit_ros_move_group/lib:/home/suwi/ros2_4dof_arm/install/moveit_ros_warehouse/lib:/home/suwi/ros2_4dof_arm/install/moveit_planners_ompl/lib:/home/suwi/ros2_4dof_arm/install/moveit_kinematics/lib:/home/suwi/ros2_4dof_arm/install/moveit_ros_planning/lib:/home/suwi/ros2_4dof_arm/install/moveit_simple_controller_manager/lib:/home/suwi/ros2_4dof_arm/install/moveit_ros_occupancy_map_monitor/lib:/home/suwi/ros2_4dof_arm/install/moveit_core/lib:/home/suwi/ros2_4dof_arm/install/moveit_msgs/lib:${LD_LIBRARY_PATH} PATH=/home/suwi/ros2_4dof_arm/install/moveit_core/bin:${PATH} PYTHONPATH=/home/suwi/ros2_4dof_arm/install/moveit_msgs/local/lib/python3.10/dist-packages:/home/suwi/ros2_4dof_arm/install/moveit_configs_utils/lib/python3.10/site-packages:${PYTHONPATH} /usr/bin/cmake --build /home/suwi/ros2_4dof_arm/build/moveit_servo -- -j8 -l8
[228.729s] Invoking command in '/home/suwi/ros2_4dof_arm/build/moveit_servo': AMENT_PREFIX_PATH=/home/suwi/ros2_4dof_arm/install/moveit_ros_planning_interface:/home/suwi/ros2_4dof_arm/install/moveit_ros_move_group:/home/suwi/ros2_4dof_arm/install/moveit_ros_warehouse:/home/suwi/ros2_4dof_arm/install/moveit_planners_ompl:/home/suwi/ros2_4dof_arm/install/moveit_kinematics:/home/suwi/ros2_4dof_arm/install/moveit_ros_planning:/home/suwi/ros2_4dof_arm/install/moveit_simple_controller_manager:/home/suwi/ros2_4dof_arm/install/moveit_ros_occupancy_map_monitor:/home/suwi/ros2_4dof_arm/install/moveit_core:/home/suwi/ros2_4dof_arm/install/moveit_resources_panda_moveit_config:/home/suwi/ros2_4dof_arm/install/moveit_resources_fanuc_moveit_config:/home/suwi/ros2_4dof_arm/install/moveit_resources_pr2_description:/home/suwi/ros2_4dof_arm/install/moveit_resources_fanuc_description:/home/suwi/ros2_4dof_arm/install/moveit_msgs:/home/suwi/ros2_4dof_arm/install/moveit_configs_utils:${AMENT_PREFIX_PATH} CMAKE_PREFIX_PATH=/home/suwi/ros2_4dof_arm/install/moveit_ros_planning_interface:/home/suwi/ros2_4dof_arm/install/moveit_ros_move_group:/home/suwi/ros2_4dof_arm/install/moveit_ros_warehouse:/home/suwi/ros2_4dof_arm/install/moveit_planners_ompl:/home/suwi/ros2_4dof_arm/install/moveit_kinematics:/home/suwi/ros2_4dof_arm/install/moveit_ros_planning:/home/suwi/ros2_4dof_arm/install/moveit_simple_controller_manager:/home/suwi/ros2_4dof_arm/install/moveit_ros_occupancy_map_monitor:/home/suwi/ros2_4dof_arm/install/moveit_core:/home/suwi/ros2_4dof_arm/install/moveit_resources_panda_moveit_config:/home/suwi/ros2_4dof_arm/install/moveit_resources_fanuc_moveit_config:/home/suwi/ros2_4dof_arm/install/moveit_resources_pr2_description:/home/suwi/ros2_4dof_arm/install/moveit_resources_panda_description:/home/suwi/ros2_4dof_arm/install/moveit_resources_fanuc_description:/home/suwi/ros2_4dof_arm/install/moveit_msgs:/home/suwi/ros2_4dof_arm/install/moveit_common:/home/suwi/ros2_4dof_arm/src/four_dof_arm/install/four_dof_arm:/home/suwi/ros2_4dof_arm/install/four_dof_arm:/opt/ros/humble:/opt/ros/humble:/home/suwi/ros2_ws_prac/install/my_robot_control:/path/to/object_recognition_msgs/install:/home/suwi/ros2_ws_prac/install/pub_sub LD_LIBRARY_PATH=/home/suwi/ros2_4dof_arm/install/moveit_ros_planning_interface/lib:/home/suwi/ros2_4dof_arm/install/moveit_ros_move_group/lib:/home/suwi/ros2_4dof_arm/install/moveit_ros_warehouse/lib:/home/suwi/ros2_4dof_arm/install/moveit_planners_ompl/lib:/home/suwi/ros2_4dof_arm/install/moveit_kinematics/lib:/home/suwi/ros2_4dof_arm/install/moveit_ros_planning/lib:/home/suwi/ros2_4dof_arm/install/moveit_simple_controller_manager/lib:/home/suwi/ros2_4dof_arm/install/moveit_ros_occupancy_map_monitor/lib:/home/suwi/ros2_4dof_arm/install/moveit_core/lib:/home/suwi/ros2_4dof_arm/install/moveit_msgs/lib:${LD_LIBRARY_PATH} PATH=/home/suwi/ros2_4dof_arm/install/moveit_core/bin:${PATH} PYTHONPATH=/home/suwi/ros2_4dof_arm/install/moveit_msgs/local/lib/python3.10/dist-packages:/home/suwi/ros2_4dof_arm/install/moveit_configs_utils/lib/python3.10/site-packages:${PYTHONPATH} /usr/bin/cmake --install /home/suwi/ros2_4dof_arm/build/moveit_servo
[228.774s] -- Install configuration: "Release"
[228.775s] -- Installing: /home/suwi/ros2_4dof_arm/install/moveit_servo/lib/libmoveit_servo_lib.so.2.5.8
[228.810s] -- Set runtime path of "/home/suwi/ros2_4dof_arm/install/moveit_servo/lib/libmoveit_servo_lib.so.2.5.8" to ""
[228.810s] -- Installing: /home/suwi/ros2_4dof_arm/install/moveit_servo/lib/libmoveit_servo_lib.so
[228.810s] -- Installing: /home/suwi/ros2_4dof_arm/install/moveit_servo/lib/libmoveit_servo_lib_parameters.so.2.5.8
[228.816s] -- Set runtime path of "/home/suwi/ros2_4dof_arm/install/moveit_servo/lib/libmoveit_servo_lib_parameters.so.2.5.8" to ""
[228.817s] -- Installing: /home/suwi/ros2_4dof_arm/install/moveit_servo/lib/libmoveit_servo_lib_parameters.so
[228.818s] -- Installing: /home/suwi/ros2_4dof_arm/install/moveit_servo/lib/libpose_tracking.so
[228.831s] -- Set runtime path of "/home/suwi/ros2_4dof_arm/install/moveit_servo/lib/libpose_tracking.so" to ""
[228.831s] -- Installing: /home/suwi/ros2_4dof_arm/install/moveit_servo/lib/libservo_node.so
[228.840s] -- Set runtime path of "/home/suwi/ros2_4dof_arm/install/moveit_servo/lib/libservo_node.so" to ""
[228.840s] -- Installing: /home/suwi/ros2_4dof_arm/install/moveit_servo/lib/libservo_controller_input.so
[228.855s] -- Set runtime path of "/home/suwi/ros2_4dof_arm/install/moveit_servo/lib/libservo_controller_input.so" to ""
[228.856s] -- Installing: /home/suwi/ros2_4dof_arm/install/moveit_servo/lib/moveit_servo/servo_node_main
[228.862s] -- Set runtime path of "/home/suwi/ros2_4dof_arm/install/moveit_servo/lib/moveit_servo/servo_node_main" to ""
[228.862s] -- Installing: /home/suwi/ros2_4dof_arm/install/moveit_servo/lib/moveit_servo/servo_pose_tracking_demo
[228.874s] -- Set runtime path of "/home/suwi/ros2_4dof_arm/install/moveit_servo/lib/moveit_servo/servo_pose_tracking_demo" to ""
[228.875s] -- Installing: /home/suwi/ros2_4dof_arm/install/moveit_servo/lib/moveit_servo/fake_command_publisher
[228.882s] -- Set runtime path of "/home/suwi/ros2_4dof_arm/install/moveit_servo/lib/moveit_servo/fake_command_publisher" to ""
[228.882s] -- Installing: /home/suwi/ros2_4dof_arm/install/moveit_servo/include
[228.883s] -- Installing: /home/suwi/ros2_4dof_arm/install/moveit_servo/include/moveit_servo
[228.884s] -- Installing: /home/suwi/ros2_4dof_arm/install/moveit_servo/include/moveit_servo/make_shared_from_pool.h
[228.884s] -- Installing: /home/suwi/ros2_4dof_arm/install/moveit_servo/include/moveit_servo/pose_tracking.h
[228.885s] -- Installing: /home/suwi/ros2_4dof_arm/install/moveit_servo/include/moveit_servo/parameter_descriptor_builder.hpp
[228.886s] -- Installing: /home/suwi/ros2_4dof_arm/install/moveit_servo/include/moveit_servo/servo_server.h
[228.887s] -- Installing: /home/suwi/ros2_4dof_arm/install/moveit_servo/include/moveit_servo/collision_check.h
[228.888s] -- Installing: /home/suwi/ros2_4dof_arm/install/moveit_servo/include/moveit_servo/servo_calcs.h
[228.889s] -- Installing: /home/suwi/ros2_4dof_arm/install/moveit_servo/include/moveit_servo/servo_node.h
[228.891s] -- Installing: /home/suwi/ros2_4dof_arm/install/moveit_servo/include/moveit_servo/enforce_limits.hpp
[228.891s] -- Installing: /home/suwi/ros2_4dof_arm/install/moveit_servo/include/moveit_servo/servo.h
[228.892s] -- Installing: /home/suwi/ros2_4dof_arm/install/moveit_servo/include/moveit_servo/status_codes.h
[228.893s] -- Installing: /home/suwi/ros2_4dof_arm/install/moveit_servo/include/moveit_servo/servo_parameters.h
[228.894s] -- Installing: /home/suwi/ros2_4dof_arm/install/moveit_servo/include/moveit_servo/utilities.h
[228.895s] -- Installing: /home/suwi/ros2_4dof_arm/install/moveit_servo/share/moveit_servo/launch
[228.897s] -- Installing: /home/suwi/ros2_4dof_arm/install/moveit_servo/share/moveit_servo/launch/servo_example.launch.py
[228.899s] -- Installing: /home/suwi/ros2_4dof_arm/install/moveit_servo/share/moveit_servo/launch/pose_tracking_example.launch.py
[228.900s] -- Installing: /home/suwi/ros2_4dof_arm/install/moveit_servo/share/moveit_servo/config
[228.901s] -- Installing: /home/suwi/ros2_4dof_arm/install/moveit_servo/share/moveit_servo/config/demo_rviz_pose_tracking.rviz
[228.903s] -- Installing: /home/suwi/ros2_4dof_arm/install/moveit_servo/share/moveit_servo/config/panda_simulated_config_pose_tracking.yaml
[228.905s] -- Installing: /home/suwi/ros2_4dof_arm/install/moveit_servo/share/moveit_servo/config/panda_simulated_config.yaml
[228.906s] -- Installing: /home/suwi/ros2_4dof_arm/install/moveit_servo/share/moveit_servo/config/pose_tracking_settings.yaml
[228.908s] -- Installing: /home/suwi/ros2_4dof_arm/install/moveit_servo/share/moveit_servo/config/demo_rviz_config.rviz
[228.909s] -- Installing: /home/suwi/ros2_4dof_arm/install/moveit_servo/share/moveit_servo/environment/library_path.sh
[228.911s] -- Installing: /home/suwi/ros2_4dof_arm/install/moveit_servo/share/moveit_servo/environment/library_path.dsv
[228.913s] -- Installing: /home/suwi/ros2_4dof_arm/install/moveit_servo/share/ament_index/resource_index/package_run_dependencies/moveit_servo
[228.914s] -- Installing: /home/suwi/ros2_4dof_arm/install/moveit_servo/share/ament_index/resource_index/parent_prefix_path/moveit_servo
[228.915s] -- Installing: /home/suwi/ros2_4dof_arm/install/moveit_servo/share/moveit_servo/environment/ament_prefix_path.sh
[228.916s] -- Installing: /home/suwi/ros2_4dof_arm/install/moveit_servo/share/moveit_servo/environment/ament_prefix_path.dsv
[228.917s] -- Installing: /home/suwi/ros2_4dof_arm/install/moveit_servo/share/moveit_servo/environment/path.sh
[228.918s] -- Installing: /home/suwi/ros2_4dof_arm/install/moveit_servo/share/moveit_servo/environment/path.dsv
[228.919s] -- Installing: /home/suwi/ros2_4dof_arm/install/moveit_servo/share/moveit_servo/local_setup.bash
[228.920s] -- Installing: /home/suwi/ros2_4dof_arm/install/moveit_servo/share/moveit_servo/local_setup.sh
[228.921s] -- Installing: /home/suwi/ros2_4dof_arm/install/moveit_servo/share/moveit_servo/local_setup.zsh
[228.922s] -- Installing: /home/suwi/ros2_4dof_arm/install/moveit_servo/share/moveit_servo/local_setup.dsv
[228.923s] -- Installing: /home/suwi/ros2_4dof_arm/install/moveit_servo/share/moveit_servo/package.dsv
[228.924s] -- Installing: /home/suwi/ros2_4dof_arm/install/moveit_servo/share/ament_index/resource_index/packages/moveit_servo
[228.925s] -- Installing: /home/suwi/ros2_4dof_arm/install/moveit_servo/share/ament_index/resource_index/rclcpp_components/moveit_servo
[228.927s] -- Installing: /home/suwi/ros2_4dof_arm/install/moveit_servo/share/moveit_servo/cmake/export_moveit_servoExport.cmake
[228.929s] -- Installing: /home/suwi/ros2_4dof_arm/install/moveit_servo/share/moveit_servo/cmake/export_moveit_servoExport-release.cmake
[228.930s] -- Installing: /home/suwi/ros2_4dof_arm/install/moveit_servo/share/moveit_servo/cmake/ament_cmake_export_targets-extras.cmake
[228.931s] -- Installing: /home/suwi/ros2_4dof_arm/install/moveit_servo/share/moveit_servo/cmake/ament_cmake_export_dependencies-extras.cmake
[228.932s] -- Installing: /home/suwi/ros2_4dof_arm/install/moveit_servo/share/moveit_servo/cmake/moveit_servoConfig.cmake
[228.932s] -- Installing: /home/suwi/ros2_4dof_arm/install/moveit_servo/share/moveit_servo/cmake/moveit_servoConfig-version.cmake
[228.933s] -- Installing: /home/suwi/ros2_4dof_arm/install/moveit_servo/share/moveit_servo/package.xml
[228.941s] Invoked command in '/home/suwi/ros2_4dof_arm/build/moveit_servo' returned '0': AMENT_PREFIX_PATH=/home/suwi/ros2_4dof_arm/install/moveit_ros_planning_interface:/home/suwi/ros2_4dof_arm/install/moveit_ros_move_group:/home/suwi/ros2_4dof_arm/install/moveit_ros_warehouse:/home/suwi/ros2_4dof_arm/install/moveit_planners_ompl:/home/suwi/ros2_4dof_arm/install/moveit_kinematics:/home/suwi/ros2_4dof_arm/install/moveit_ros_planning:/home/suwi/ros2_4dof_arm/install/moveit_simple_controller_manager:/home/suwi/ros2_4dof_arm/install/moveit_ros_occupancy_map_monitor:/home/suwi/ros2_4dof_arm/install/moveit_core:/home/suwi/ros2_4dof_arm/install/moveit_resources_panda_moveit_config:/home/suwi/ros2_4dof_arm/install/moveit_resources_fanuc_moveit_config:/home/suwi/ros2_4dof_arm/install/moveit_resources_pr2_description:/home/suwi/ros2_4dof_arm/install/moveit_resources_fanuc_description:/home/suwi/ros2_4dof_arm/install/moveit_msgs:/home/suwi/ros2_4dof_arm/install/moveit_configs_utils:${AMENT_PREFIX_PATH} CMAKE_PREFIX_PATH=/home/suwi/ros2_4dof_arm/install/moveit_ros_planning_interface:/home/suwi/ros2_4dof_arm/install/moveit_ros_move_group:/home/suwi/ros2_4dof_arm/install/moveit_ros_warehouse:/home/suwi/ros2_4dof_arm/install/moveit_planners_ompl:/home/suwi/ros2_4dof_arm/install/moveit_kinematics:/home/suwi/ros2_4dof_arm/install/moveit_ros_planning:/home/suwi/ros2_4dof_arm/install/moveit_simple_controller_manager:/home/suwi/ros2_4dof_arm/install/moveit_ros_occupancy_map_monitor:/home/suwi/ros2_4dof_arm/install/moveit_core:/home/suwi/ros2_4dof_arm/install/moveit_resources_panda_moveit_config:/home/suwi/ros2_4dof_arm/install/moveit_resources_fanuc_moveit_config:/home/suwi/ros2_4dof_arm/install/moveit_resources_pr2_description:/home/suwi/ros2_4dof_arm/install/moveit_resources_panda_description:/home/suwi/ros2_4dof_arm/install/moveit_resources_fanuc_description:/home/suwi/ros2_4dof_arm/install/moveit_msgs:/home/suwi/ros2_4dof_arm/install/moveit_common:/home/suwi/ros2_4dof_arm/src/four_dof_arm/install/four_dof_arm:/home/suwi/ros2_4dof_arm/install/four_dof_arm:/opt/ros/humble:/opt/ros/humble:/home/suwi/ros2_ws_prac/install/my_robot_control:/path/to/object_recognition_msgs/install:/home/suwi/ros2_ws_prac/install/pub_sub LD_LIBRARY_PATH=/home/suwi/ros2_4dof_arm/install/moveit_ros_planning_interface/lib:/home/suwi/ros2_4dof_arm/install/moveit_ros_move_group/lib:/home/suwi/ros2_4dof_arm/install/moveit_ros_warehouse/lib:/home/suwi/ros2_4dof_arm/install/moveit_planners_ompl/lib:/home/suwi/ros2_4dof_arm/install/moveit_kinematics/lib:/home/suwi/ros2_4dof_arm/install/moveit_ros_planning/lib:/home/suwi/ros2_4dof_arm/install/moveit_simple_controller_manager/lib:/home/suwi/ros2_4dof_arm/install/moveit_ros_occupancy_map_monitor/lib:/home/suwi/ros2_4dof_arm/install/moveit_core/lib:/home/suwi/ros2_4dof_arm/install/moveit_msgs/lib:${LD_LIBRARY_PATH} PATH=/home/suwi/ros2_4dof_arm/install/moveit_core/bin:${PATH} PYTHONPATH=/home/suwi/ros2_4dof_arm/install/moveit_msgs/local/lib/python3.10/dist-packages:/home/suwi/ros2_4dof_arm/install/moveit_configs_utils/lib/python3.10/site-packages:${PYTHONPATH} /usr/bin/cmake --install /home/suwi/ros2_4dof_arm/build/moveit_servo
