[0.982s] Invoking command in '/home/suwi/ros2_4dof_arm/build/four_dof_arm': CMAKE_PREFIX_PATH=${CMAKE_PREFIX_PATH}:/home/suwi/ros2_ws_prac/install/pub_sub /usr/bin/cmake /home/suwi/ros2_4dof_arm/src/four_dof_arm -DAMENT_CMAKE_SYMLINK_INSTALL=1 -DCMAKE_INSTALL_PREFIX=/home/suwi/ros2_4dof_arm/install/four_dof_arm
[1.447s] -- Found ament_cmake: 1.3.11 (/opt/ros/humble/share/ament_cmake/cmake)
[1.564s] -- Override CMake install command with custom implementation using symlinks instead of copying resources
[1.607s] -- Found rclcpp: 16.0.12 (/opt/ros/humble/share/rclcpp/cmake)
[1.709s] -- Found rosidl_generator_c: 3.1.6 (/opt/ros/humble/share/rosidl_generator_c/cmake)
[1.719s] -- Found rosidl_adapter: 3.1.6 (/opt/ros/humble/share/rosidl_adapter/cmake)
[1.744s] -- Found rosidl_generator_cpp: 3.1.6 (/opt/ros/humble/share/rosidl_generator_cpp/cmake)
[1.775s] -- Using all available rosidl_typesupport_c: rosidl_typesupport_fastrtps_c;rosidl_typesupport_introspection_c
[1.815s] -- Using all available rosidl_typesupport_cpp: rosidl_typesupport_fastrtps_cpp;rosidl_typesupport_introspection_cpp
[1.923s] -- Found rmw_implementation_cmake: 6.1.2 (/opt/ros/humble/share/rmw_implementation_cmake/cmake)
[1.932s] -- Found rmw_fastrtps_cpp: 6.2.7 (/opt/ros/humble/share/rmw_fastrtps_cpp/cmake)
[2.292s] -- Using RMW implementation 'rmw_fastrtps_cpp' as default
[2.417s] -- Found ament_lint_auto: 0.12.12 (/opt/ros/humble/share/ament_lint_auto/cmake)
[2.849s] -- Added test 'cppcheck' to perform static code analysis on C / C++ code
[2.851s] -- Configured cppcheck include dirs: 
[2.862s] -- Configured cppcheck exclude dirs and/or files: 
[2.884s] -- Added test 'flake8' to check Python code syntax and style conventions
[2.896s] -- Added test 'lint_cmake' to check CMake code style
[2.917s] -- Added test 'pep257' to check Python code against some of the docstring style conventions in PEP 257
[3.068s] -- Added test 'uncrustify' to check C / C++ code style
[3.069s] -- Configured uncrustify additional arguments: 
[3.101s] -- Added test 'xmllint' to check XML markup files
[3.102s] -- Configuring done
[3.146s] -- Generating done
[3.152s] -- Build files have been written to: /home/suwi/ros2_4dof_arm/build/four_dof_arm
[3.212s] Invoked command in '/home/suwi/ros2_4dof_arm/build/four_dof_arm' returned '0': CMAKE_PREFIX_PATH=${CMAKE_PREFIX_PATH}:/home/suwi/ros2_ws_prac/install/pub_sub /usr/bin/cmake /home/suwi/ros2_4dof_arm/src/four_dof_arm -DAMENT_CMAKE_SYMLINK_INSTALL=1 -DCMAKE_INSTALL_PREFIX=/home/suwi/ros2_4dof_arm/install/four_dof_arm
[3.214s] Invoking command in '/home/suwi/ros2_4dof_arm/build/four_dof_arm': CMAKE_PREFIX_PATH=${CMAKE_PREFIX_PATH}:/home/suwi/ros2_ws_prac/install/pub_sub /usr/bin/cmake --build /home/suwi/ros2_4dof_arm/build/four_dof_arm -- -j8 -l8
