[0.039s] Invoking command in '/home/suwi/ros2_4dof_arm/build/moveit_common': CMAKE_PREFIX_PATH=${CMAKE_PREFIX_PATH}:/home/suwi/ros2_ws_prac/install/pub_sub /usr/bin/cmake --build /home/suwi/ros2_4dof_arm/build/moveit_common -- -j8 -l8
[0.208s] Invoked command in '/home/suwi/ros2_4dof_arm/build/moveit_common' returned '0': CMAKE_PREFIX_PATH=${CMAKE_PREFIX_PATH}:/home/suwi/ros2_ws_prac/install/pub_sub /usr/bin/cmake --build /home/suwi/ros2_4dof_arm/build/moveit_common -- -j8 -l8
[0.214s] Invoking command in '/home/suwi/ros2_4dof_arm/build/moveit_common': CMAKE_PREFIX_PATH=${CMAKE_PREFIX_PATH}:/home/suwi/ros2_ws_prac/install/pub_sub /usr/bin/cmake --install /home/suwi/ros2_4dof_arm/build/moveit_common
[0.246s] -- Install configuration: ""
[0.247s] -- Execute custom install script
[0.248s] -- Up-to-date symlink: /home/suwi/ros2_4dof_arm/install/moveit_common/share/ament_index/resource_index/package_run_dependencies/moveit_common
[0.249s] -- Up-to-date symlink: /home/suwi/ros2_4dof_arm/install/moveit_common/share/ament_index/resource_index/parent_prefix_path/moveit_common
[0.249s] -- Up-to-date symlink: /home/suwi/ros2_4dof_arm/install/moveit_common/share/moveit_common/environment/ament_prefix_path.sh
[0.251s] -- Up-to-date symlink: /home/suwi/ros2_4dof_arm/install/moveit_common/share/moveit_common/environment/ament_prefix_path.dsv
[0.251s] -- Up-to-date symlink: /home/suwi/ros2_4dof_arm/install/moveit_common/share/moveit_common/environment/path.sh
[0.252s] -- Up-to-date symlink: /home/suwi/ros2_4dof_arm/install/moveit_common/share/moveit_common/environment/path.dsv
[0.253s] -- Up-to-date symlink: /home/suwi/ros2_4dof_arm/install/moveit_common/share/moveit_common/local_setup.bash
[0.254s] -- Up-to-date symlink: /home/suwi/ros2_4dof_arm/install/moveit_common/share/moveit_common/local_setup.sh
[0.255s] -- Up-to-date symlink: /home/suwi/ros2_4dof_arm/install/moveit_common/share/moveit_common/local_setup.zsh
[0.256s] -- Up-to-date symlink: /home/suwi/ros2_4dof_arm/install/moveit_common/share/moveit_common/local_setup.dsv
[0.258s] -- Symlinking: /home/suwi/ros2_4dof_arm/install/moveit_common/share/moveit_common/package.dsv
[0.296s] -- Up-to-date symlink: /home/suwi/ros2_4dof_arm/install/moveit_common/share/ament_index/resource_index/packages/moveit_common
[0.296s] -- Up-to-date symlink: /home/suwi/ros2_4dof_arm/install/moveit_common/share/moveit_common/cmake/moveit_common-extras.cmake
[0.297s] -- Up-to-date symlink: /home/suwi/ros2_4dof_arm/install/moveit_common/share/moveit_common/cmake/moveit_commonConfig.cmake
[0.298s] -- Up-to-date symlink: /home/suwi/ros2_4dof_arm/install/moveit_common/share/moveit_common/cmake/moveit_commonConfig-version.cmake
[0.299s] -- Up-to-date symlink: /home/suwi/ros2_4dof_arm/install/moveit_common/share/moveit_common/package.xml
[0.300s] -- Up-to-date symlink: /home/suwi/ros2_4dof_arm/install/moveit_common/share/moveit_common/cmake/moveit_package.cmake
[0.308s] Invoked command in '/home/suwi/ros2_4dof_arm/build/moveit_common' returned '0': CMAKE_PREFIX_PATH=${CMAKE_PREFIX_PATH}:/home/suwi/ros2_ws_prac/install/pub_sub /usr/bin/cmake --install /home/suwi/ros2_4dof_arm/build/moveit_common
