[1.129s] Invoking command in '/home/suwi/ros2_4dof_arm/build/four_dof_arm': CMAKE_PREFIX_PATH=${CMAKE_PREFIX_PATH}:/home/suwi/ros2_ws_prac/install/pub_sub /usr/bin/cmake /home/suwi/ros2_4dof_arm/src/four_dof_arm -DCMAKE_INSTALL_PREFIX=/home/suwi/ros2_4dof_arm/install/four_dof_arm
[1.198s] -- Found ament_cmake: 1.3.11 (/opt/ros/humble/share/ament_cmake/cmake)
[1.561s] -- Override CMake install command with custom implementation using symlinks instead of copying resources
[1.590s] -- Found rclcpp: 16.0.12 (/opt/ros/humble/share/rclcpp/cmake)
[1.679s] -- Found rosidl_generator_c: 3.1.6 (/opt/ros/humble/share/rosidl_generator_c/cmake)
[1.689s] -- Found rosidl_adapter: 3.1.6 (/opt/ros/humble/share/rosidl_adapter/cmake)
[1.713s] -- Found rosidl_generator_cpp: 3.1.6 (/opt/ros/humble/share/rosidl_generator_cpp/cmake)
[1.747s] -- Using all available rosidl_typesupport_c: rosidl_typesupport_fastrtps_c;rosidl_typesupport_introspection_c
[1.786s] -- Using all available rosidl_typesupport_cpp: rosidl_typesupport_fastrtps_cpp;rosidl_typesupport_introspection_cpp
[1.874s] -- Found rmw_implementation_cmake: 6.1.2 (/opt/ros/humble/share/rmw_implementation_cmake/cmake)
[1.878s] -- Found rmw_fastrtps_cpp: 6.2.7 (/opt/ros/humble/share/rmw_fastrtps_cpp/cmake)
[2.166s] -- Using RMW implementation 'rmw_fastrtps_cpp' as default
[2.265s] -- Found ament_lint_auto: 0.12.12 (/opt/ros/humble/share/ament_lint_auto/cmake)
[2.560s] -- Added test 'cppcheck' to perform static code analysis on C / C++ code
[2.560s] -- Configured cppcheck include dirs: 
[2.560s] -- Configured cppcheck exclude dirs and/or files: 
[2.575s] -- Added test 'flake8' to check Python code syntax and style conventions
[2.604s] -- Added test 'lint_cmake' to check CMake code style
[2.618s] -- Added test 'pep257' to check Python code against some of the docstring style conventions in PEP 257
[2.727s] -- Added test 'uncrustify' to check C / C++ code style
[2.727s] -- Configured uncrustify additional arguments: 
[2.741s] -- Added test 'xmllint' to check XML markup files
[2.744s] -- Configuring done
[2.770s] -- Generating done
[2.777s] -- Build files have been written to: /home/suwi/ros2_4dof_arm/build/four_dof_arm
