[0.195s] Invoking command in '/home/suwi/ros2_4dof_arm/build/moveit_kinematics': AMENT_PREFIX_PATH=/home/suwi/ros2_4dof_arm/install/moveit_ros_planning:/home/suwi/ros2_4dof_arm/install/moveit_ros_occupancy_map_monitor:/home/suwi/ros2_4dof_arm/install/moveit_core:/home/suwi/ros2_4dof_arm/install/moveit_resources_panda_moveit_config:/home/suwi/ros2_4dof_arm/install/moveit_resources_fanuc_moveit_config:/home/suwi/ros2_4dof_arm/install/moveit_resources_pr2_description:/home/suwi/ros2_4dof_arm/install/moveit_resources_fanuc_description:/home/suwi/ros2_4dof_arm/install/moveit_msgs:/home/suwi/ros2_4dof_arm/install/moveit_configs_utils:${AMENT_PREFIX_PATH} CMAKE_PREFIX_PATH=/home/suwi/ros2_4dof_arm/install/moveit_ros_planning:/home/suwi/ros2_4dof_arm/install/moveit_ros_occupancy_map_monitor:/home/suwi/ros2_4dof_arm/install/moveit_core:/home/suwi/ros2_4dof_arm/install/moveit_resources_panda_moveit_config:/home/suwi/ros2_4dof_arm/install/moveit_resources_fanuc_moveit_config:/home/suwi/ros2_4dof_arm/install/moveit_resources_pr2_description:/home/suwi/ros2_4dof_arm/install/moveit_resources_panda_description:/home/suwi/ros2_4dof_arm/install/moveit_resources_fanuc_description:/home/suwi/ros2_4dof_arm/install/moveit_msgs:/home/suwi/ros2_4dof_arm/install/moveit_common:/home/suwi/ros2_4dof_arm/src/four_dof_arm/install/four_dof_arm:/home/suwi/ros2_4dof_arm/install/four_dof_arm:/opt/ros/humble:/opt/ros/humble:/home/suwi/ros2_ws_prac/install/my_robot_control:/path/to/object_recognition_msgs/install:/home/suwi/ros2_ws_prac/install/pub_sub LD_LIBRARY_PATH=/home/suwi/ros2_4dof_arm/install/moveit_ros_planning/lib:/home/suwi/ros2_4dof_arm/install/moveit_ros_occupancy_map_monitor/lib:/home/suwi/ros2_4dof_arm/install/moveit_core/lib:/home/suwi/ros2_4dof_arm/install/moveit_msgs/lib:${LD_LIBRARY_PATH} PATH=/home/suwi/ros2_4dof_arm/install/moveit_core/bin:${PATH} PYTHONPATH=/home/suwi/ros2_4dof_arm/install/moveit_msgs/local/lib/python3.10/dist-packages:/home/suwi/ros2_4dof_arm/install/moveit_configs_utils/lib/python3.10/site-packages:${PYTHONPATH} /usr/bin/cmake /home/suwi/ros2_4dof_arm/src/moveit2/moveit_kinematics -DCMAKE_INSTALL_PREFIX=/home/suwi/ros2_4dof_arm/install/moveit_kinematics
[0.634s] -- The C compiler identification is GNU 11.4.0
[0.868s] -- The CXX compiler identification is GNU 11.4.0
[0.907s] -- Detecting C compiler ABI info
[1.281s] -- Detecting C compiler ABI info - done
[1.291s] -- Check for working C compiler: /usr/bin/cc - skipped
[1.292s] -- Detecting C compile features
[1.294s] -- Detecting C compile features - done
[1.302s] -- Detecting CXX compiler ABI info
[1.691s] -- Detecting CXX compiler ABI info - done
[1.700s] -- Check for working CXX compiler: /usr/bin/c++ - skipped
[1.701s] -- Detecting CXX compile features
[1.702s] -- Detecting CXX compile features - done
[1.726s] -- Found moveit_common: 2.5.8 (/home/suwi/ros2_4dof_arm/install/moveit_common/share/moveit_common/cmake)
[1.756s] -- Found ament_cmake: 1.3.11 (/opt/ros/humble/share/ament_cmake/cmake)
[2.326s] -- Found Python3: /usr/bin/python3 (found version "3.10.12") found components: Interpreter 
[3.073s] [0mmoveit_kinematics: You did not request a specific build type: Choosing 'Release' for maximum performance[0m
[3.163s] -- Found tf2_kdl: 0.25.12 (/opt/ros/humble/share/tf2_kdl/cmake)
[3.405s] -- Found rosidl_generator_c: 3.1.6 (/opt/ros/humble/share/rosidl_generator_c/cmake)
[3.446s] -- Found rosidl_adapter: 3.1.6 (/opt/ros/humble/share/rosidl_adapter/cmake)
[3.501s] -- Found rosidl_generator_cpp: 3.1.6 (/opt/ros/humble/share/rosidl_generator_cpp/cmake)
[3.577s] -- Using all available rosidl_typesupport_c: rosidl_typesupport_fastrtps_c;rosidl_typesupport_introspection_c
[3.675s] -- Using all available rosidl_typesupport_cpp: rosidl_typesupport_fastrtps_cpp;rosidl_typesupport_introspection_cpp
[3.885s] -- Found eigen3_cmake_module: 0.1.1 (/opt/ros/humble/share/eigen3_cmake_module/cmake)
[3.889s] -- Found Eigen3: TRUE (found version "3.4.0") 
[3.890s] -- Ensuring Eigen3 include directory is part of orocos-kdl CMake target
[4.356s] -- Found rmw_implementation_cmake: 6.1.2 (/opt/ros/humble/share/rmw_implementation_cmake/cmake)
[4.381s] -- Found rmw_fastrtps_cpp: 6.2.7 (/opt/ros/humble/share/rmw_fastrtps_cpp/cmake)
[4.853s] -- Found OpenSSL: /usr/lib/x86_64-linux-gnu/libcrypto.so (found version "3.0.2")  
[4.943s] -- Found FastRTPS: /opt/ros/humble/include  
[5.086s] -- Using RMW implementation 'rmw_fastrtps_cpp' as default
[5.156s] -- Looking for pthread.h
[5.578s] -- Looking for pthread.h - found
[5.579s] -- Performing Test CMAKE_HAVE_LIBC_PTHREAD
[6.005s] -- Performing Test CMAKE_HAVE_LIBC_PTHREAD - Success
[6.010s] -- Found Threads: TRUE  
[6.444s] -- Found kdl_parser: 2.6.4 (/opt/ros/humble/share/kdl_parser/cmake)
[6.487s] -- Found random_numbers: 2.0.1 (/opt/ros/humble/share/random_numbers/cmake)
[6.568s] -- Found pluginlib: 5.1.0 (/opt/ros/humble/share/pluginlib/cmake)
[6.641s] -- Found moveit_core: 2.5.8 (/home/suwi/ros2_4dof_arm/install/moveit_core/share/moveit_core/cmake)
[6.878s] -- Found Boost: /usr/lib/x86_64-linux-gnu/cmake/Boost-1.74.0/BoostConfig.cmake (found version "1.74.0") found components: chrono date_time filesystem iostreams program_options regex serialization system thread 
[7.108s] -- Found parameter_traits: 0.4.0 (/opt/ros/humble/share/parameter_traits/cmake)
[7.200s] -- Found rclcpp_lifecycle: 16.0.12 (/opt/ros/humble/share/rclcpp_lifecycle/cmake)
[7.313s] -- Found Boost: /usr/lib/x86_64-linux-gnu/cmake/Boost-1.74.0/BoostConfig.cmake (found version "1.74.0") found components: filesystem 
[7.730s] -- library: /usr/lib/x86_64-linux-gnu/libcurl.so
[8.338s] -- Found moveit_ros_planning: 2.5.8 (/home/suwi/ros2_4dof_arm/install/moveit_ros_planning/share/moveit_ros_planning/cmake)
[8.350s] -- Found Boost: /usr/lib/x86_64-linux-gnu/cmake/Boost-1.74.0/BoostConfig.cmake (found version "1.74.0") found components: system filesystem date_time program_options thread chrono 
[8.395s] -- Found Boost: /usr/lib/x86_64-linux-gnu/cmake/Boost-1.74.0/BoostConfig.cmake (found version "1.74.0") found components: program_options system 
[8.579s] -- Found ament_cmake_gtest: 1.3.11 (/opt/ros/humble/share/ament_cmake_gtest/cmake)
[8.600s] -- Found ros_testing: 0.4.0 (/opt/ros/humble/share/ros_testing/cmake)
[8.618s] -- Found launch_testing_ament_cmake: 1.0.8 (/opt/ros/humble/share/launch_testing_ament_cmake/cmake)
[8.636s] -- Found python_cmake_module: 0.10.0 (/opt/ros/humble/share/python_cmake_module/cmake)
[8.709s] -- Found PythonInterp: /usr/bin/python3 (found suitable version "3.10.12", minimum required is "3.6") 
[8.732s] -- Found PythonLibs: /usr/lib/x86_64-linux-gnu/libpython3.10.so (found suitable version "3.10.12", minimum required is "3.5") 
[8.733s] -- Using PYTHON_EXECUTABLE: /usr/bin/python3
[8.733s] -- Using PYTHON_INCLUDE_DIRS: /usr/include/python3.10
[8.733s] -- Using PYTHON_LIBRARIES: /usr/lib/x86_64-linux-gnu/libpython3.10.so
[8.804s] -- Found PythonExtra: .so  
[8.821s] -- Found moveit_resources_fanuc_description: 2.0.7 (/home/suwi/ros2_4dof_arm/install/moveit_resources_fanuc_description/share/moveit_resources_fanuc_description/cmake)
[8.832s] -- Found moveit_resources_fanuc_moveit_config: 2.0.7 (/home/suwi/ros2_4dof_arm/install/moveit_resources_fanuc_moveit_config/share/moveit_resources_fanuc_moveit_config/cmake)
[8.844s] -- Found moveit_resources_panda_description: 2.0.7 (/home/suwi/ros2_4dof_arm/install/moveit_resources_panda_description/share/moveit_resources_panda_description/cmake)
[8.851s] -- Found moveit_resources_panda_moveit_config: 2.0.7 (/home/suwi/ros2_4dof_arm/install/moveit_resources_panda_moveit_config/share/moveit_resources_panda_moveit_config/cmake)
[8.871s] -- Found gtest sources under '/opt/ros/humble/src/gtest_vendor': C++ tests using 'Google Test' will be built
[8.939s] -- Found ament_lint_auto: 0.12.12 (/opt/ros/humble/share/ament_lint_auto/cmake)
[9.007s] -- Found launch_testing_ament_cmake: 1.0.8 (/opt/ros/humble/share/launch_testing_ament_cmake/cmake)
[9.008s] -- Found python_cmake_module: 0.10.0 (/opt/ros/humble/share/python_cmake_module/cmake)
[9.082s] -- Using PYTHON_EXECUTABLE: /usr/bin/python3
[9.082s] -- Using PYTHON_INCLUDE_DIRS: /usr/include/python3.10
[9.082s] -- Using PYTHON_LIBRARIES: /usr/lib/x86_64-linux-gnu/libpython3.10.so
[9.234s] -- Added test 'cppcheck' to perform static code analysis on C / C++ code
[9.235s] -- Configured cppcheck include dirs: /home/suwi/ros2_4dof_arm/src/moveit2/moveit_kinematics/kdl_kinematics_plugin/include;/home/suwi/ros2_4dof_arm/src/moveit2/moveit_kinematics/lma_kinematics_plugin/include;/home/suwi/ros2_4dof_arm/src/moveit2/moveit_kinematics/srv_kinematics_plugin/include;/home/suwi/ros2_4dof_arm/src/moveit2/moveit_kinematics/cached_ik_kinematics_plugin/include
[9.235s] -- Configured cppcheck exclude dirs and/or files: 
[9.248s] -- Added test 'lint_cmake' to check CMake code style
[9.258s] -- Configuring done
[10.216s] -- Generating done
[10.304s] -- Build files have been written to: /home/suwi/ros2_4dof_arm/build/moveit_kinematics
[10.379s] Invoked command in '/home/suwi/ros2_4dof_arm/build/moveit_kinematics' returned '0': AMENT_PREFIX_PATH=/home/suwi/ros2_4dof_arm/install/moveit_ros_planning:/home/suwi/ros2_4dof_arm/install/moveit_ros_occupancy_map_monitor:/home/suwi/ros2_4dof_arm/install/moveit_core:/home/suwi/ros2_4dof_arm/install/moveit_resources_panda_moveit_config:/home/suwi/ros2_4dof_arm/install/moveit_resources_fanuc_moveit_config:/home/suwi/ros2_4dof_arm/install/moveit_resources_pr2_description:/home/suwi/ros2_4dof_arm/install/moveit_resources_fanuc_description:/home/suwi/ros2_4dof_arm/install/moveit_msgs:/home/suwi/ros2_4dof_arm/install/moveit_configs_utils:${AMENT_PREFIX_PATH} CMAKE_PREFIX_PATH=/home/suwi/ros2_4dof_arm/install/moveit_ros_planning:/home/suwi/ros2_4dof_arm/install/moveit_ros_occupancy_map_monitor:/home/suwi/ros2_4dof_arm/install/moveit_core:/home/suwi/ros2_4dof_arm/install/moveit_resources_panda_moveit_config:/home/suwi/ros2_4dof_arm/install/moveit_resources_fanuc_moveit_config:/home/suwi/ros2_4dof_arm/install/moveit_resources_pr2_description:/home/suwi/ros2_4dof_arm/install/moveit_resources_panda_description:/home/suwi/ros2_4dof_arm/install/moveit_resources_fanuc_description:/home/suwi/ros2_4dof_arm/install/moveit_msgs:/home/suwi/ros2_4dof_arm/install/moveit_common:/home/suwi/ros2_4dof_arm/src/four_dof_arm/install/four_dof_arm:/home/suwi/ros2_4dof_arm/install/four_dof_arm:/opt/ros/humble:/opt/ros/humble:/home/suwi/ros2_ws_prac/install/my_robot_control:/path/to/object_recognition_msgs/install:/home/suwi/ros2_ws_prac/install/pub_sub LD_LIBRARY_PATH=/home/suwi/ros2_4dof_arm/install/moveit_ros_planning/lib:/home/suwi/ros2_4dof_arm/install/moveit_ros_occupancy_map_monitor/lib:/home/suwi/ros2_4dof_arm/install/moveit_core/lib:/home/suwi/ros2_4dof_arm/install/moveit_msgs/lib:${LD_LIBRARY_PATH} PATH=/home/suwi/ros2_4dof_arm/install/moveit_core/bin:${PATH} PYTHONPATH=/home/suwi/ros2_4dof_arm/install/moveit_msgs/local/lib/python3.10/dist-packages:/home/suwi/ros2_4dof_arm/install/moveit_configs_utils/lib/python3.10/site-packages:${PYTHONPATH} /usr/bin/cmake /home/suwi/ros2_4dof_arm/src/moveit2/moveit_kinematics -DCMAKE_INSTALL_PREFIX=/home/suwi/ros2_4dof_arm/install/moveit_kinematics
[10.394s] Invoking command in '/home/suwi/ros2_4dof_arm/build/moveit_kinematics': AMENT_PREFIX_PATH=/home/suwi/ros2_4dof_arm/install/moveit_ros_planning:/home/suwi/ros2_4dof_arm/install/moveit_ros_occupancy_map_monitor:/home/suwi/ros2_4dof_arm/install/moveit_core:/home/suwi/ros2_4dof_arm/install/moveit_resources_panda_moveit_config:/home/suwi/ros2_4dof_arm/install/moveit_resources_fanuc_moveit_config:/home/suwi/ros2_4dof_arm/install/moveit_resources_pr2_description:/home/suwi/ros2_4dof_arm/install/moveit_resources_fanuc_description:/home/suwi/ros2_4dof_arm/install/moveit_msgs:/home/suwi/ros2_4dof_arm/install/moveit_configs_utils:${AMENT_PREFIX_PATH} CMAKE_PREFIX_PATH=/home/suwi/ros2_4dof_arm/install/moveit_ros_planning:/home/suwi/ros2_4dof_arm/install/moveit_ros_occupancy_map_monitor:/home/suwi/ros2_4dof_arm/install/moveit_core:/home/suwi/ros2_4dof_arm/install/moveit_resources_panda_moveit_config:/home/suwi/ros2_4dof_arm/install/moveit_resources_fanuc_moveit_config:/home/suwi/ros2_4dof_arm/install/moveit_resources_pr2_description:/home/suwi/ros2_4dof_arm/install/moveit_resources_panda_description:/home/suwi/ros2_4dof_arm/install/moveit_resources_fanuc_description:/home/suwi/ros2_4dof_arm/install/moveit_msgs:/home/suwi/ros2_4dof_arm/install/moveit_common:/home/suwi/ros2_4dof_arm/src/four_dof_arm/install/four_dof_arm:/home/suwi/ros2_4dof_arm/install/four_dof_arm:/opt/ros/humble:/opt/ros/humble:/home/suwi/ros2_ws_prac/install/my_robot_control:/path/to/object_recognition_msgs/install:/home/suwi/ros2_ws_prac/install/pub_sub LD_LIBRARY_PATH=/home/suwi/ros2_4dof_arm/install/moveit_ros_planning/lib:/home/suwi/ros2_4dof_arm/install/moveit_ros_occupancy_map_monitor/lib:/home/suwi/ros2_4dof_arm/install/moveit_core/lib:/home/suwi/ros2_4dof_arm/install/moveit_msgs/lib:${LD_LIBRARY_PATH} PATH=/home/suwi/ros2_4dof_arm/install/moveit_core/bin:${PATH} PYTHONPATH=/home/suwi/ros2_4dof_arm/install/moveit_msgs/local/lib/python3.10/dist-packages:/home/suwi/ros2_4dof_arm/install/moveit_configs_utils/lib/python3.10/site-packages:${PYTHONPATH} /usr/bin/cmake --build /home/suwi/ros2_4dof_arm/build/moveit_kinematics -- -j8 -l8
[10.692s] [  5%] [32mBuilding CXX object cached_ik_kinematics_plugin/CMakeFiles/moveit_cached_ik_kinematics_base.dir/src/ik_cache.cpp.o[0m
[10.696s] [ 10%] [32mBuilding CXX object srv_kinematics_plugin/CMakeFiles/moveit_srv_kinematics_plugin.dir/src/srv_kinematics_plugin.cpp.o[0m
[10.699s] [ 15%] [32mBuilding CXX object kdl_kinematics_plugin/CMakeFiles/moveit_kdl_kinematics_plugin.dir/src/chainiksolver_vel_mimic_svd.cpp.o[0m
[10.702s] [ 31%] [32mBuilding CXX object lma_kinematics_plugin/CMakeFiles/moveit_lma_kinematics_plugin.dir/src/lma_kinematics_plugin.cpp.o[0m
[10.703s] [ 31%] [32mBuilding CXX object gtest/CMakeFiles/gtest_main.dir/src/gtest_main.cc.o[0m
[10.703s] [ 31%] [32mBuilding CXX object kdl_kinematics_plugin/CMakeFiles/moveit_kdl_kinematics_plugin.dir/src/kdl_kinematics_plugin.cpp.o[0m
[10.707s] [ 36%] [32mBuilding CXX object gtest/CMakeFiles/gtest.dir/src/gtest-all.cc.o[0m
[10.713s] [ 42%] [32mBuilding CXX object test/CMakeFiles/benchmark_ik.dir/benchmark_ik.cpp.o[0m
[13.127s] [ 47%] [32m[1mLinking CXX static library libgtest_main.a[0m
[13.345s] [ 47%] Built target gtest_main
[23.043s] [ 52%] [32m[1mLinking CXX static library libgtest.a[0m
[23.333s] [ 52%] Built target gtest
[34.325s] [ 57%] [32m[1mLinking CXX shared library libmoveit_lma_kinematics_plugin.so[0m
[35.086s] [ 63%] [32m[1mLinking CXX shared library libmoveit_srv_kinematics_plugin.so[0m
[35.251s] [ 63%] Built target moveit_lma_kinematics_plugin
[35.788s] [ 68%] [32m[1mLinking CXX shared library libmoveit_cached_ik_kinematics_base.so[0m
[35.991s] [ 68%] Built target moveit_srv_kinematics_plugin
[36.640s] [ 73%] [32m[1mLinking CXX shared library libmoveit_kdl_kinematics_plugin.so[0m
[36.713s] [ 73%] Built target moveit_cached_ik_kinematics_base
[37.456s] [ 73%] Built target moveit_kdl_kinematics_plugin
[37.576s] [ 78%] [32mBuilding CXX object cached_ik_kinematics_plugin/CMakeFiles/moveit_cached_ik_kinematics_plugin.dir/src/cached_ik_kinematics_plugin.cpp.o[0m
[37.589s] [ 84%] [32mBuilding CXX object test/CMakeFiles/test_kinematics_plugin.dir/test_kinematics_plugin.cpp.o[0m
[41.356s] [ 89%] [32m[1mLinking CXX executable benchmark_ik[0m
[42.486s] [ 89%] Built target benchmark_ik
[57.348s] [ 94%] [32m[1mLinking CXX shared library libmoveit_cached_ik_kinematics_plugin.so[0m
[58.210s] [ 94%] Built target moveit_cached_ik_kinematics_plugin
[74.073s] [100%] [32m[1mLinking CXX executable test_kinematics_plugin[0m
[75.461s] [100%] Built target test_kinematics_plugin
[75.514s] Invoked command in '/home/suwi/ros2_4dof_arm/build/moveit_kinematics' returned '0': AMENT_PREFIX_PATH=/home/suwi/ros2_4dof_arm/install/moveit_ros_planning:/home/suwi/ros2_4dof_arm/install/moveit_ros_occupancy_map_monitor:/home/suwi/ros2_4dof_arm/install/moveit_core:/home/suwi/ros2_4dof_arm/install/moveit_resources_panda_moveit_config:/home/suwi/ros2_4dof_arm/install/moveit_resources_fanuc_moveit_config:/home/suwi/ros2_4dof_arm/install/moveit_resources_pr2_description:/home/suwi/ros2_4dof_arm/install/moveit_resources_fanuc_description:/home/suwi/ros2_4dof_arm/install/moveit_msgs:/home/suwi/ros2_4dof_arm/install/moveit_configs_utils:${AMENT_PREFIX_PATH} CMAKE_PREFIX_PATH=/home/suwi/ros2_4dof_arm/install/moveit_ros_planning:/home/suwi/ros2_4dof_arm/install/moveit_ros_occupancy_map_monitor:/home/suwi/ros2_4dof_arm/install/moveit_core:/home/suwi/ros2_4dof_arm/install/moveit_resources_panda_moveit_config:/home/suwi/ros2_4dof_arm/install/moveit_resources_fanuc_moveit_config:/home/suwi/ros2_4dof_arm/install/moveit_resources_pr2_description:/home/suwi/ros2_4dof_arm/install/moveit_resources_panda_description:/home/suwi/ros2_4dof_arm/install/moveit_resources_fanuc_description:/home/suwi/ros2_4dof_arm/install/moveit_msgs:/home/suwi/ros2_4dof_arm/install/moveit_common:/home/suwi/ros2_4dof_arm/src/four_dof_arm/install/four_dof_arm:/home/suwi/ros2_4dof_arm/install/four_dof_arm:/opt/ros/humble:/opt/ros/humble:/home/suwi/ros2_ws_prac/install/my_robot_control:/path/to/object_recognition_msgs/install:/home/suwi/ros2_ws_prac/install/pub_sub LD_LIBRARY_PATH=/home/suwi/ros2_4dof_arm/install/moveit_ros_planning/lib:/home/suwi/ros2_4dof_arm/install/moveit_ros_occupancy_map_monitor/lib:/home/suwi/ros2_4dof_arm/install/moveit_core/lib:/home/suwi/ros2_4dof_arm/install/moveit_msgs/lib:${LD_LIBRARY_PATH} PATH=/home/suwi/ros2_4dof_arm/install/moveit_core/bin:${PATH} PYTHONPATH=/home/suwi/ros2_4dof_arm/install/moveit_msgs/local/lib/python3.10/dist-packages:/home/suwi/ros2_4dof_arm/install/moveit_configs_utils/lib/python3.10/site-packages:${PYTHONPATH} /usr/bin/cmake --build /home/suwi/ros2_4dof_arm/build/moveit_kinematics -- -j8 -l8
[75.524s] Invoking command in '/home/suwi/ros2_4dof_arm/build/moveit_kinematics': AMENT_PREFIX_PATH=/home/suwi/ros2_4dof_arm/install/moveit_ros_planning:/home/suwi/ros2_4dof_arm/install/moveit_ros_occupancy_map_monitor:/home/suwi/ros2_4dof_arm/install/moveit_core:/home/suwi/ros2_4dof_arm/install/moveit_resources_panda_moveit_config:/home/suwi/ros2_4dof_arm/install/moveit_resources_fanuc_moveit_config:/home/suwi/ros2_4dof_arm/install/moveit_resources_pr2_description:/home/suwi/ros2_4dof_arm/install/moveit_resources_fanuc_description:/home/suwi/ros2_4dof_arm/install/moveit_msgs:/home/suwi/ros2_4dof_arm/install/moveit_configs_utils:${AMENT_PREFIX_PATH} CMAKE_PREFIX_PATH=/home/suwi/ros2_4dof_arm/install/moveit_ros_planning:/home/suwi/ros2_4dof_arm/install/moveit_ros_occupancy_map_monitor:/home/suwi/ros2_4dof_arm/install/moveit_core:/home/suwi/ros2_4dof_arm/install/moveit_resources_panda_moveit_config:/home/suwi/ros2_4dof_arm/install/moveit_resources_fanuc_moveit_config:/home/suwi/ros2_4dof_arm/install/moveit_resources_pr2_description:/home/suwi/ros2_4dof_arm/install/moveit_resources_panda_description:/home/suwi/ros2_4dof_arm/install/moveit_resources_fanuc_description:/home/suwi/ros2_4dof_arm/install/moveit_msgs:/home/suwi/ros2_4dof_arm/install/moveit_common:/home/suwi/ros2_4dof_arm/src/four_dof_arm/install/four_dof_arm:/home/suwi/ros2_4dof_arm/install/four_dof_arm:/opt/ros/humble:/opt/ros/humble:/home/suwi/ros2_ws_prac/install/my_robot_control:/path/to/object_recognition_msgs/install:/home/suwi/ros2_ws_prac/install/pub_sub LD_LIBRARY_PATH=/home/suwi/ros2_4dof_arm/install/moveit_ros_planning/lib:/home/suwi/ros2_4dof_arm/install/moveit_ros_occupancy_map_monitor/lib:/home/suwi/ros2_4dof_arm/install/moveit_core/lib:/home/suwi/ros2_4dof_arm/install/moveit_msgs/lib:${LD_LIBRARY_PATH} PATH=/home/suwi/ros2_4dof_arm/install/moveit_core/bin:${PATH} PYTHONPATH=/home/suwi/ros2_4dof_arm/install/moveit_msgs/local/lib/python3.10/dist-packages:/home/suwi/ros2_4dof_arm/install/moveit_configs_utils/lib/python3.10/site-packages:${PYTHONPATH} /usr/bin/cmake --install /home/suwi/ros2_4dof_arm/build/moveit_kinematics
[75.560s] -- Install configuration: "Release"
[75.561s] -- Installing: /home/suwi/ros2_4dof_arm/install/moveit_kinematics/share/moveit_kinematics/kdl_kinematics_plugin_description.xml
[75.562s] -- Installing: /home/suwi/ros2_4dof_arm/install/moveit_kinematics/share/moveit_kinematics/lma_kinematics_plugin_description.xml
[75.564s] -- Installing: /home/suwi/ros2_4dof_arm/install/moveit_kinematics/share/moveit_kinematics/srv_kinematics_plugin_description.xml
[75.566s] -- Installing: /home/suwi/ros2_4dof_arm/install/moveit_kinematics/share/moveit_kinematics/cached_ik_kinematics_plugin_description.xml
[75.568s] -- Installing: /home/suwi/ros2_4dof_arm/install/moveit_kinematics/include
[75.568s] -- Installing: /home/suwi/ros2_4dof_arm/install/moveit_kinematics/include/moveit
[75.569s] -- Installing: /home/suwi/ros2_4dof_arm/install/moveit_kinematics/include/moveit/cached_ik_kinematics_plugin
[75.569s] -- Installing: /home/suwi/ros2_4dof_arm/install/moveit_kinematics/include/moveit/cached_ik_kinematics_plugin/cached_ik_kinematics_plugin.h
[75.571s] -- Installing: /home/suwi/ros2_4dof_arm/install/moveit_kinematics/include/moveit/cached_ik_kinematics_plugin/detail
[75.572s] -- Installing: /home/suwi/ros2_4dof_arm/install/moveit_kinematics/include/moveit/cached_ik_kinematics_plugin/detail/NearestNeighbors.h
[75.572s] -- Installing: /home/suwi/ros2_4dof_arm/install/moveit_kinematics/include/moveit/cached_ik_kinematics_plugin/detail/GreedyKCenters.h
[75.573s] -- Installing: /home/suwi/ros2_4dof_arm/install/moveit_kinematics/include/moveit/cached_ik_kinematics_plugin/detail/NearestNeighborsGNAT.h
[75.574s] -- Installing: /home/suwi/ros2_4dof_arm/install/moveit_kinematics/include/moveit/cached_ik_kinematics_plugin/cached_ik_kinematics_plugin-inl.h
[75.576s] -- Installing: /home/suwi/ros2_4dof_arm/install/moveit_kinematics/share/moveit_kinematics/launch
[75.576s] -- Installing: /home/suwi/ros2_4dof_arm/install/moveit_kinematics/share/moveit_kinematics/launch/measure_ik_call_cost.launch
[75.579s] -- Installing: /home/suwi/ros2_4dof_arm/install/moveit_kinematics/lib/moveit_kinematics/auto_create_ikfast_moveit_plugin.sh
[75.581s] -- Installing: /home/suwi/ros2_4dof_arm/install/moveit_kinematics/lib/moveit_kinematics/create_ikfast_moveit_plugin.py
[75.582s] -- Installing: /home/suwi/ros2_4dof_arm/install/moveit_kinematics/lib/moveit_kinematics/round_collada_numbers.py
[75.583s] -- Installing: /home/suwi/ros2_4dof_arm/install/moveit_kinematics/share/moveit_kinematics/ikfast_kinematics_plugin/templates
[75.584s] -- Installing: /home/suwi/ros2_4dof_arm/install/moveit_kinematics/share/moveit_kinematics/ikfast_kinematics_plugin/templates/CMakeLists.txt
[75.586s] -- Installing: /home/suwi/ros2_4dof_arm/install/moveit_kinematics/share/moveit_kinematics/ikfast_kinematics_plugin/templates/ikfast61_moveit_plugin_template.cpp
[75.589s] -- Installing: /home/suwi/ros2_4dof_arm/install/moveit_kinematics/share/moveit_kinematics/ikfast_kinematics_plugin/templates/ikfast.h
[75.591s] -- Up-to-date: /home/suwi/ros2_4dof_arm/install/moveit_kinematics/include
[75.592s] -- Up-to-date: /home/suwi/ros2_4dof_arm/install/moveit_kinematics/include/moveit
[75.592s] -- Installing: /home/suwi/ros2_4dof_arm/install/moveit_kinematics/include/moveit/kdl_kinematics_plugin
[75.593s] -- Installing: /home/suwi/ros2_4dof_arm/install/moveit_kinematics/include/moveit/kdl_kinematics_plugin/chainiksolver_vel_mimic_svd.hpp
[75.593s] -- Installing: /home/suwi/ros2_4dof_arm/install/moveit_kinematics/include/moveit/kdl_kinematics_plugin/joint_mimic.hpp
[75.594s] -- Installing: /home/suwi/ros2_4dof_arm/install/moveit_kinematics/include/moveit/kdl_kinematics_plugin/kdl_kinematics_plugin.h
[75.595s] -- Up-to-date: /home/suwi/ros2_4dof_arm/install/moveit_kinematics/include
[75.596s] -- Up-to-date: /home/suwi/ros2_4dof_arm/install/moveit_kinematics/include/moveit
[75.597s] -- Installing: /home/suwi/ros2_4dof_arm/install/moveit_kinematics/include/moveit/lma_kinematics_plugin
[75.597s] -- Installing: /home/suwi/ros2_4dof_arm/install/moveit_kinematics/include/moveit/lma_kinematics_plugin/lma_kinematics_plugin.h
[75.598s] -- Up-to-date: /home/suwi/ros2_4dof_arm/install/moveit_kinematics/include
[75.598s] -- Up-to-date: /home/suwi/ros2_4dof_arm/install/moveit_kinematics/include/moveit
[75.599s] -- Installing: /home/suwi/ros2_4dof_arm/install/moveit_kinematics/include/moveit/srv_kinematics_plugin
[75.599s] -- Installing: /home/suwi/ros2_4dof_arm/install/moveit_kinematics/include/moveit/srv_kinematics_plugin/srv_kinematics_plugin.h
[75.600s] -- Installing: /home/suwi/ros2_4dof_arm/install/moveit_kinematics/share/moveit_kinematics/config
[75.601s] -- Installing: /home/suwi/ros2_4dof_arm/install/moveit_kinematics/share/moveit_kinematics/config/fanuc-lma-test.yaml
[75.603s] -- Installing: /home/suwi/ros2_4dof_arm/install/moveit_kinematics/share/moveit_kinematics/config/panda-lma-singular-test.yaml
[75.604s] -- Installing: /home/suwi/ros2_4dof_arm/install/moveit_kinematics/share/moveit_kinematics/config/fanuc-kdl-test.yaml
[75.606s] -- Installing: /home/suwi/ros2_4dof_arm/install/moveit_kinematics/share/moveit_kinematics/config/panda-kdl-singular-test.yaml
[75.608s] -- Installing: /home/suwi/ros2_4dof_arm/install/moveit_kinematics/share/moveit_kinematics/config/panda-kdl-test.yaml
[75.609s] -- Installing: /home/suwi/ros2_4dof_arm/install/moveit_kinematics/share/moveit_kinematics/config/fanuc-kdl-singular-test.yaml
[75.611s] -- Installing: /home/suwi/ros2_4dof_arm/install/moveit_kinematics/share/moveit_kinematics/config/panda-lma-test.yaml
[75.613s] -- Installing: /home/suwi/ros2_4dof_arm/install/moveit_kinematics/share/moveit_kinematics/config/fanuc-lma-singular-test.yaml
[75.614s] -- Up-to-date: /home/suwi/ros2_4dof_arm/install/moveit_kinematics/share/moveit_kinematics/launch
[75.615s] -- Installing: /home/suwi/ros2_4dof_arm/install/moveit_kinematics/share/moveit_kinematics/launch/panda-lma.test.py
[75.616s] -- Installing: /home/suwi/ros2_4dof_arm/install/moveit_kinematics/share/moveit_kinematics/launch/fanuc-kdl-singular.test.py
[75.617s] -- Installing: /home/suwi/ros2_4dof_arm/install/moveit_kinematics/share/moveit_kinematics/launch/fanuc-lma-singular.test.py
[75.619s] -- Installing: /home/suwi/ros2_4dof_arm/install/moveit_kinematics/share/moveit_kinematics/launch/fanuc-kdl.test.py
[75.619s] -- Installing: /home/suwi/ros2_4dof_arm/install/moveit_kinematics/share/moveit_kinematics/launch/fanuc-lma.test.py
[75.620s] -- Installing: /home/suwi/ros2_4dof_arm/install/moveit_kinematics/share/moveit_kinematics/launch/panda-kdl-singular.test.py
[75.621s] -- Installing: /home/suwi/ros2_4dof_arm/install/moveit_kinematics/share/moveit_kinematics/launch/panda-kdl.test.py
[75.622s] -- Installing: /home/suwi/ros2_4dof_arm/install/moveit_kinematics/share/moveit_kinematics/launch/panda-lma-singular.test.py
[75.623s] -- Installing: /home/suwi/ros2_4dof_arm/install/moveit_kinematics/lib/moveit_kinematics/benchmark_ik
[75.630s] -- Set runtime path of "/home/suwi/ros2_4dof_arm/install/moveit_kinematics/lib/moveit_kinematics/benchmark_ik" to ""
[75.630s] -- Installing: /home/suwi/ros2_4dof_arm/install/moveit_kinematics/lib/moveit_kinematics/test_kinematics_plugin
[75.644s] -- Set runtime path of "/home/suwi/ros2_4dof_arm/install/moveit_kinematics/lib/moveit_kinematics/test_kinematics_plugin" to ""
[75.644s] -- Installing: /home/suwi/ros2_4dof_arm/install/moveit_kinematics/lib/libmoveit_cached_ik_kinematics_base.so.2.5.8
[75.650s] -- Set runtime path of "/home/suwi/ros2_4dof_arm/install/moveit_kinematics/lib/libmoveit_cached_ik_kinematics_base.so.2.5.8" to ""
[75.650s] -- Installing: /home/suwi/ros2_4dof_arm/install/moveit_kinematics/lib/libmoveit_cached_ik_kinematics_base.so
[75.651s] -- Installing: /home/suwi/ros2_4dof_arm/install/moveit_kinematics/lib/libmoveit_cached_ik_kinematics_plugin.so.2.5.8
[75.657s] -- Set runtime path of "/home/suwi/ros2_4dof_arm/install/moveit_kinematics/lib/libmoveit_cached_ik_kinematics_plugin.so.2.5.8" to ""
[75.658s] -- Installing: /home/suwi/ros2_4dof_arm/install/moveit_kinematics/lib/libmoveit_cached_ik_kinematics_plugin.so
[75.658s] -- Installing: /home/suwi/ros2_4dof_arm/install/moveit_kinematics/lib/libmoveit_kdl_kinematics_plugin.so
[75.668s] -- Set runtime path of "/home/suwi/ros2_4dof_arm/install/moveit_kinematics/lib/libmoveit_kdl_kinematics_plugin.so" to ""
[75.669s] -- Installing: /home/suwi/ros2_4dof_arm/install/moveit_kinematics/lib/libmoveit_lma_kinematics_plugin.so.2.5.8
[75.674s] -- Set runtime path of "/home/suwi/ros2_4dof_arm/install/moveit_kinematics/lib/libmoveit_lma_kinematics_plugin.so.2.5.8" to ""
[75.674s] -- Installing: /home/suwi/ros2_4dof_arm/install/moveit_kinematics/lib/libmoveit_lma_kinematics_plugin.so
[75.674s] -- Installing: /home/suwi/ros2_4dof_arm/install/moveit_kinematics/lib/libmoveit_srv_kinematics_plugin.so.2.5.8
[75.682s] -- Set runtime path of "/home/suwi/ros2_4dof_arm/install/moveit_kinematics/lib/libmoveit_srv_kinematics_plugin.so.2.5.8" to ""
[75.682s] -- Installing: /home/suwi/ros2_4dof_arm/install/moveit_kinematics/lib/libmoveit_srv_kinematics_plugin.so
[75.683s] -- Installing: /home/suwi/ros2_4dof_arm/install/moveit_kinematics/share/moveit_kinematics/environment/library_path.sh
[75.683s] -- Installing: /home/suwi/ros2_4dof_arm/install/moveit_kinematics/share/moveit_kinematics/environment/library_path.dsv
[75.684s] -- Installing: /home/suwi/ros2_4dof_arm/install/moveit_kinematics/share/ament_index/resource_index/package_run_dependencies/moveit_kinematics
[75.686s] -- Installing: /home/suwi/ros2_4dof_arm/install/moveit_kinematics/share/ament_index/resource_index/parent_prefix_path/moveit_kinematics
[75.686s] -- Installing: /home/suwi/ros2_4dof_arm/install/moveit_kinematics/share/moveit_kinematics/environment/ament_prefix_path.sh
[75.688s] -- Installing: /home/suwi/ros2_4dof_arm/install/moveit_kinematics/share/moveit_kinematics/environment/ament_prefix_path.dsv
[75.690s] -- Installing: /home/suwi/ros2_4dof_arm/install/moveit_kinematics/share/moveit_kinematics/environment/path.sh
[75.690s] -- Installing: /home/suwi/ros2_4dof_arm/install/moveit_kinematics/share/moveit_kinematics/environment/path.dsv
[75.691s] -- Installing: /home/suwi/ros2_4dof_arm/install/moveit_kinematics/share/moveit_kinematics/local_setup.bash
[75.692s] -- Installing: /home/suwi/ros2_4dof_arm/install/moveit_kinematics/share/moveit_kinematics/local_setup.sh
[75.692s] -- Installing: /home/suwi/ros2_4dof_arm/install/moveit_kinematics/share/moveit_kinematics/local_setup.zsh
[75.693s] -- Installing: /home/suwi/ros2_4dof_arm/install/moveit_kinematics/share/moveit_kinematics/local_setup.dsv
[75.694s] -- Installing: /home/suwi/ros2_4dof_arm/install/moveit_kinematics/share/moveit_kinematics/package.dsv
[75.696s] -- Installing: /home/suwi/ros2_4dof_arm/install/moveit_kinematics/share/ament_index/resource_index/packages/moveit_kinematics
[75.698s] -- Installing: /home/suwi/ros2_4dof_arm/install/moveit_kinematics/share/ament_index/resource_index/moveit_core__pluginlib__plugin/moveit_kinematics
[75.699s] -- Installing: /home/suwi/ros2_4dof_arm/install/moveit_kinematics/share/moveit_kinematics/cmake/export_moveit_kinematicsExport.cmake
[75.700s] -- Installing: /home/suwi/ros2_4dof_arm/install/moveit_kinematics/share/moveit_kinematics/cmake/export_moveit_kinematicsExport-release.cmake
[75.701s] -- Installing: /home/suwi/ros2_4dof_arm/install/moveit_kinematics/share/moveit_kinematics/cmake/ConfigExtras.cmake
[75.702s] -- Installing: /home/suwi/ros2_4dof_arm/install/moveit_kinematics/share/moveit_kinematics/cmake/ament_cmake_export_targets-extras.cmake
[75.703s] -- Installing: /home/suwi/ros2_4dof_arm/install/moveit_kinematics/share/moveit_kinematics/cmake/ament_cmake_export_dependencies-extras.cmake
[75.704s] -- Installing: /home/suwi/ros2_4dof_arm/install/moveit_kinematics/share/moveit_kinematics/cmake/moveit_kinematicsConfig.cmake
[75.705s] -- Installing: /home/suwi/ros2_4dof_arm/install/moveit_kinematics/share/moveit_kinematics/cmake/moveit_kinematicsConfig-version.cmake
[75.706s] -- Installing: /home/suwi/ros2_4dof_arm/install/moveit_kinematics/share/moveit_kinematics/package.xml
[75.713s] Invoked command in '/home/suwi/ros2_4dof_arm/build/moveit_kinematics' returned '0': AMENT_PREFIX_PATH=/home/suwi/ros2_4dof_arm/install/moveit_ros_planning:/home/suwi/ros2_4dof_arm/install/moveit_ros_occupancy_map_monitor:/home/suwi/ros2_4dof_arm/install/moveit_core:/home/suwi/ros2_4dof_arm/install/moveit_resources_panda_moveit_config:/home/suwi/ros2_4dof_arm/install/moveit_resources_fanuc_moveit_config:/home/suwi/ros2_4dof_arm/install/moveit_resources_pr2_description:/home/suwi/ros2_4dof_arm/install/moveit_resources_fanuc_description:/home/suwi/ros2_4dof_arm/install/moveit_msgs:/home/suwi/ros2_4dof_arm/install/moveit_configs_utils:${AMENT_PREFIX_PATH} CMAKE_PREFIX_PATH=/home/suwi/ros2_4dof_arm/install/moveit_ros_planning:/home/suwi/ros2_4dof_arm/install/moveit_ros_occupancy_map_monitor:/home/suwi/ros2_4dof_arm/install/moveit_core:/home/suwi/ros2_4dof_arm/install/moveit_resources_panda_moveit_config:/home/suwi/ros2_4dof_arm/install/moveit_resources_fanuc_moveit_config:/home/suwi/ros2_4dof_arm/install/moveit_resources_pr2_description:/home/suwi/ros2_4dof_arm/install/moveit_resources_panda_description:/home/suwi/ros2_4dof_arm/install/moveit_resources_fanuc_description:/home/suwi/ros2_4dof_arm/install/moveit_msgs:/home/suwi/ros2_4dof_arm/install/moveit_common:/home/suwi/ros2_4dof_arm/src/four_dof_arm/install/four_dof_arm:/home/suwi/ros2_4dof_arm/install/four_dof_arm:/opt/ros/humble:/opt/ros/humble:/home/suwi/ros2_ws_prac/install/my_robot_control:/path/to/object_recognition_msgs/install:/home/suwi/ros2_ws_prac/install/pub_sub LD_LIBRARY_PATH=/home/suwi/ros2_4dof_arm/install/moveit_ros_planning/lib:/home/suwi/ros2_4dof_arm/install/moveit_ros_occupancy_map_monitor/lib:/home/suwi/ros2_4dof_arm/install/moveit_core/lib:/home/suwi/ros2_4dof_arm/install/moveit_msgs/lib:${LD_LIBRARY_PATH} PATH=/home/suwi/ros2_4dof_arm/install/moveit_core/bin:${PATH} PYTHONPATH=/home/suwi/ros2_4dof_arm/install/moveit_msgs/local/lib/python3.10/dist-packages:/home/suwi/ros2_4dof_arm/install/moveit_configs_utils/lib/python3.10/site-packages:${PYTHONPATH} /usr/bin/cmake --install /home/suwi/ros2_4dof_arm/build/moveit_kinematics
