[0.086s] Invoking command in '/home/suwi/ros2_4dof_arm/build/moveit_simple_controller_manager': AMENT_PREFIX_PATH=/home/suwi/ros2_4dof_arm/install/moveit_core:/home/suwi/ros2_4dof_arm/install/moveit_resources_panda_moveit_config:/home/suwi/ros2_4dof_arm/install/moveit_resources_pr2_description:/home/suwi/ros2_4dof_arm/install/moveit_msgs:${AMENT_PREFIX_PATH} CMAKE_PREFIX_PATH=/home/suwi/ros2_4dof_arm/install/moveit_core:/home/suwi/ros2_4dof_arm/install/moveit_resources_panda_moveit_config:/home/suwi/ros2_4dof_arm/install/moveit_resources_pr2_description:/home/suwi/ros2_4dof_arm/install/moveit_resources_panda_description:/home/suwi/ros2_4dof_arm/install/moveit_msgs:/home/suwi/ros2_4dof_arm/install/moveit_common:/home/suwi/ros2_4dof_arm/src/four_dof_arm/install/four_dof_arm:/home/suwi/ros2_4dof_arm/install/four_dof_arm:/opt/ros/humble:/opt/ros/humble:/home/suwi/ros2_ws_prac/install/my_robot_control:/path/to/object_recognition_msgs/install:/home/suwi/ros2_ws_prac/install/pub_sub LD_LIBRARY_PATH=/home/suwi/ros2_4dof_arm/install/moveit_core/lib:/home/suwi/ros2_4dof_arm/install/moveit_msgs/lib:${LD_LIBRARY_PATH} PATH=/home/suwi/ros2_4dof_arm/install/moveit_core/bin:${PATH} PYTHONPATH=/home/suwi/ros2_4dof_arm/install/moveit_msgs/local/lib/python3.10/dist-packages:${PYTHONPATH} /usr/bin/cmake /home/suwi/ros2_4dof_arm/src/moveit2/moveit_plugins/moveit_simple_controller_manager -DCMAKE_INSTALL_PREFIX=/home/suwi/ros2_4dof_arm/install/moveit_simple_controller_manager
[0.317s] -- The C compiler identification is GNU 11.4.0
[0.538s] -- The CXX compiler identification is GNU 11.4.0
[0.565s] -- Detecting C compiler ABI info
[0.876s] -- Detecting C compiler ABI info - done
[0.886s] -- Check for working C compiler: /usr/bin/cc - skipped
[0.887s] -- Detecting C compile features
[0.887s] -- Detecting C compile features - done
[0.896s] -- Detecting CXX compiler ABI info
[1.266s] -- Detecting CXX compiler ABI info - done
[1.276s] -- Check for working CXX compiler: /usr/bin/c++ - skipped
[1.276s] -- Detecting CXX compile features
[1.277s] -- Detecting CXX compile features - done
[1.287s] -- Found moveit_common: 2.5.8 (/home/suwi/ros2_4dof_arm/install/moveit_common/share/moveit_common/cmake)
[1.302s] -- Found ament_cmake: 1.3.11 (/opt/ros/humble/share/ament_cmake/cmake)
[1.798s] -- Found Python3: /usr/bin/python3 (found version "3.10.12") found components: Interpreter 
[2.309s] [0mmoveit_simple_controller_manager: You did not request a specific build type: Choosing 'Release' for maximum performance[0m
[2.311s] -- Found moveit_core: 2.5.8 (/home/suwi/ros2_4dof_arm/install/moveit_core/share/moveit_core/cmake)
[3.316s] -- Found Boost: /usr/lib/x86_64-linux-gnu/cmake/Boost-1.74.0/BoostConfig.cmake (found version "1.74.0") found components: chrono date_time filesystem iostreams program_options regex serialization system thread 
[3.549s] -- Found parameter_traits: 0.4.0 (/opt/ros/humble/share/parameter_traits/cmake)
[3.749s] -- Found rosidl_generator_c: 3.1.6 (/opt/ros/humble/share/rosidl_generator_c/cmake)
[3.779s] -- Found rosidl_adapter: 3.1.6 (/opt/ros/humble/share/rosidl_adapter/cmake)
[3.819s] -- Found rosidl_generator_cpp: 3.1.6 (/opt/ros/humble/share/rosidl_generator_cpp/cmake)
[3.870s] -- Using all available rosidl_typesupport_c: rosidl_typesupport_fastrtps_c;rosidl_typesupport_introspection_c
[3.939s] -- Using all available rosidl_typesupport_cpp: rosidl_typesupport_fastrtps_cpp;rosidl_typesupport_introspection_cpp
[4.131s] -- Found rmw_implementation_cmake: 6.1.2 (/opt/ros/humble/share/rmw_implementation_cmake/cmake)
[4.147s] -- Found rmw_fastrtps_cpp: 6.2.7 (/opt/ros/humble/share/rmw_fastrtps_cpp/cmake)
[4.557s] -- Found OpenSSL: /usr/lib/x86_64-linux-gnu/libcrypto.so (found version "3.0.2")  
[4.635s] -- Found FastRTPS: /opt/ros/humble/include  
[4.771s] -- Using RMW implementation 'rmw_fastrtps_cpp' as default
[4.823s] -- Found Threads: TRUE  
[5.023s] -- Found Eigen3: TRUE (found version "3.4.0") 
[5.048s] -- Found rclcpp_lifecycle: 16.0.12 (/opt/ros/humble/share/rclcpp_lifecycle/cmake)
[5.135s] -- Found Boost: /usr/lib/x86_64-linux-gnu/cmake/Boost-1.74.0/BoostConfig.cmake (found version "1.74.0") found components: filesystem 
[5.651s] -- library: /usr/lib/x86_64-linux-gnu/libcurl.so
[5.838s] -- Ensuring Eigen3 include directory is part of orocos-kdl CMake target
[6.585s] -- Found control_msgs: 4.8.0 (/opt/ros/humble/share/control_msgs/cmake)
[6.650s] -- Found Boost: /usr/lib/x86_64-linux-gnu/cmake/Boost-1.74.0/BoostConfig.cmake (found version "1.74.0") found components: thread 
[6.675s] -- Found ament_lint_auto: 0.12.12 (/opt/ros/humble/share/ament_lint_auto/cmake)
[6.780s] -- Added test 'cppcheck' to perform static code analysis on C / C++ code
[6.782s] -- Configured cppcheck include dirs: /home/suwi/ros2_4dof_arm/src/moveit2/moveit_plugins/moveit_simple_controller_manager/include
[6.782s] -- Configured cppcheck exclude dirs and/or files: 
[6.786s] -- Added test 'lint_cmake' to check CMake code style
[6.790s] -- Added test 'xmllint' to check XML markup files
[6.800s] -- Configuring done
[6.970s] -- Generating done
[6.993s] -- Build files have been written to: /home/suwi/ros2_4dof_arm/build/moveit_simple_controller_manager
[7.031s] Invoked command in '/home/suwi/ros2_4dof_arm/build/moveit_simple_controller_manager' returned '0': AMENT_PREFIX_PATH=/home/suwi/ros2_4dof_arm/install/moveit_core:/home/suwi/ros2_4dof_arm/install/moveit_resources_panda_moveit_config:/home/suwi/ros2_4dof_arm/install/moveit_resources_pr2_description:/home/suwi/ros2_4dof_arm/install/moveit_msgs:${AMENT_PREFIX_PATH} CMAKE_PREFIX_PATH=/home/suwi/ros2_4dof_arm/install/moveit_core:/home/suwi/ros2_4dof_arm/install/moveit_resources_panda_moveit_config:/home/suwi/ros2_4dof_arm/install/moveit_resources_pr2_description:/home/suwi/ros2_4dof_arm/install/moveit_resources_panda_description:/home/suwi/ros2_4dof_arm/install/moveit_msgs:/home/suwi/ros2_4dof_arm/install/moveit_common:/home/suwi/ros2_4dof_arm/src/four_dof_arm/install/four_dof_arm:/home/suwi/ros2_4dof_arm/install/four_dof_arm:/opt/ros/humble:/opt/ros/humble:/home/suwi/ros2_ws_prac/install/my_robot_control:/path/to/object_recognition_msgs/install:/home/suwi/ros2_ws_prac/install/pub_sub LD_LIBRARY_PATH=/home/suwi/ros2_4dof_arm/install/moveit_core/lib:/home/suwi/ros2_4dof_arm/install/moveit_msgs/lib:${LD_LIBRARY_PATH} PATH=/home/suwi/ros2_4dof_arm/install/moveit_core/bin:${PATH} PYTHONPATH=/home/suwi/ros2_4dof_arm/install/moveit_msgs/local/lib/python3.10/dist-packages:${PYTHONPATH} /usr/bin/cmake /home/suwi/ros2_4dof_arm/src/moveit2/moveit_plugins/moveit_simple_controller_manager -DCMAKE_INSTALL_PREFIX=/home/suwi/ros2_4dof_arm/install/moveit_simple_controller_manager
[7.040s] Invoking command in '/home/suwi/ros2_4dof_arm/build/moveit_simple_controller_manager': AMENT_PREFIX_PATH=/home/suwi/ros2_4dof_arm/install/moveit_core:/home/suwi/ros2_4dof_arm/install/moveit_resources_panda_moveit_config:/home/suwi/ros2_4dof_arm/install/moveit_resources_pr2_description:/home/suwi/ros2_4dof_arm/install/moveit_msgs:${AMENT_PREFIX_PATH} CMAKE_PREFIX_PATH=/home/suwi/ros2_4dof_arm/install/moveit_core:/home/suwi/ros2_4dof_arm/install/moveit_resources_panda_moveit_config:/home/suwi/ros2_4dof_arm/install/moveit_resources_pr2_description:/home/suwi/ros2_4dof_arm/install/moveit_resources_panda_description:/home/suwi/ros2_4dof_arm/install/moveit_msgs:/home/suwi/ros2_4dof_arm/install/moveit_common:/home/suwi/ros2_4dof_arm/src/four_dof_arm/install/four_dof_arm:/home/suwi/ros2_4dof_arm/install/four_dof_arm:/opt/ros/humble:/opt/ros/humble:/home/suwi/ros2_ws_prac/install/my_robot_control:/path/to/object_recognition_msgs/install:/home/suwi/ros2_ws_prac/install/pub_sub LD_LIBRARY_PATH=/home/suwi/ros2_4dof_arm/install/moveit_core/lib:/home/suwi/ros2_4dof_arm/install/moveit_msgs/lib:${LD_LIBRARY_PATH} PATH=/home/suwi/ros2_4dof_arm/install/moveit_core/bin:${PATH} PYTHONPATH=/home/suwi/ros2_4dof_arm/install/moveit_msgs/local/lib/python3.10/dist-packages:${PYTHONPATH} /usr/bin/cmake --build /home/suwi/ros2_4dof_arm/build/moveit_simple_controller_manager -- -j8 -l8
[7.311s] [ 33%] [32mBuilding CXX object CMakeFiles/moveit_simple_controller_manager.dir/src/moveit_simple_controller_manager.cpp.o[0m
[7.315s] [ 66%] [32mBuilding CXX object CMakeFiles/moveit_simple_controller_manager.dir/src/follow_joint_trajectory_controller_handle.cpp.o[0m
[25.986s] [100%] [32m[1mLinking CXX shared library libmoveit_simple_controller_manager.so[0m
[26.905s] [100%] Built target moveit_simple_controller_manager
[26.958s] Invoked command in '/home/suwi/ros2_4dof_arm/build/moveit_simple_controller_manager' returned '0': AMENT_PREFIX_PATH=/home/suwi/ros2_4dof_arm/install/moveit_core:/home/suwi/ros2_4dof_arm/install/moveit_resources_panda_moveit_config:/home/suwi/ros2_4dof_arm/install/moveit_resources_pr2_description:/home/suwi/ros2_4dof_arm/install/moveit_msgs:${AMENT_PREFIX_PATH} CMAKE_PREFIX_PATH=/home/suwi/ros2_4dof_arm/install/moveit_core:/home/suwi/ros2_4dof_arm/install/moveit_resources_panda_moveit_config:/home/suwi/ros2_4dof_arm/install/moveit_resources_pr2_description:/home/suwi/ros2_4dof_arm/install/moveit_resources_panda_description:/home/suwi/ros2_4dof_arm/install/moveit_msgs:/home/suwi/ros2_4dof_arm/install/moveit_common:/home/suwi/ros2_4dof_arm/src/four_dof_arm/install/four_dof_arm:/home/suwi/ros2_4dof_arm/install/four_dof_arm:/opt/ros/humble:/opt/ros/humble:/home/suwi/ros2_ws_prac/install/my_robot_control:/path/to/object_recognition_msgs/install:/home/suwi/ros2_ws_prac/install/pub_sub LD_LIBRARY_PATH=/home/suwi/ros2_4dof_arm/install/moveit_core/lib:/home/suwi/ros2_4dof_arm/install/moveit_msgs/lib:${LD_LIBRARY_PATH} PATH=/home/suwi/ros2_4dof_arm/install/moveit_core/bin:${PATH} PYTHONPATH=/home/suwi/ros2_4dof_arm/install/moveit_msgs/local/lib/python3.10/dist-packages:${PYTHONPATH} /usr/bin/cmake --build /home/suwi/ros2_4dof_arm/build/moveit_simple_controller_manager -- -j8 -l8
[26.966s] Invoking command in '/home/suwi/ros2_4dof_arm/build/moveit_simple_controller_manager': AMENT_PREFIX_PATH=/home/suwi/ros2_4dof_arm/install/moveit_core:/home/suwi/ros2_4dof_arm/install/moveit_resources_panda_moveit_config:/home/suwi/ros2_4dof_arm/install/moveit_resources_pr2_description:/home/suwi/ros2_4dof_arm/install/moveit_msgs:${AMENT_PREFIX_PATH} CMAKE_PREFIX_PATH=/home/suwi/ros2_4dof_arm/install/moveit_core:/home/suwi/ros2_4dof_arm/install/moveit_resources_panda_moveit_config:/home/suwi/ros2_4dof_arm/install/moveit_resources_pr2_description:/home/suwi/ros2_4dof_arm/install/moveit_resources_panda_description:/home/suwi/ros2_4dof_arm/install/moveit_msgs:/home/suwi/ros2_4dof_arm/install/moveit_common:/home/suwi/ros2_4dof_arm/src/four_dof_arm/install/four_dof_arm:/home/suwi/ros2_4dof_arm/install/four_dof_arm:/opt/ros/humble:/opt/ros/humble:/home/suwi/ros2_ws_prac/install/my_robot_control:/path/to/object_recognition_msgs/install:/home/suwi/ros2_ws_prac/install/pub_sub LD_LIBRARY_PATH=/home/suwi/ros2_4dof_arm/install/moveit_core/lib:/home/suwi/ros2_4dof_arm/install/moveit_msgs/lib:${LD_LIBRARY_PATH} PATH=/home/suwi/ros2_4dof_arm/install/moveit_core/bin:${PATH} PYTHONPATH=/home/suwi/ros2_4dof_arm/install/moveit_msgs/local/lib/python3.10/dist-packages:${PYTHONPATH} /usr/bin/cmake --install /home/suwi/ros2_4dof_arm/build/moveit_simple_controller_manager
[27.000s] -- Install configuration: "Release"
[27.000s] -- Installing: /home/suwi/ros2_4dof_arm/install/moveit_simple_controller_manager/lib/libmoveit_simple_controller_manager.so.2.5.8
[27.011s] -- Set runtime path of "/home/suwi/ros2_4dof_arm/install/moveit_simple_controller_manager/lib/libmoveit_simple_controller_manager.so.2.5.8" to ""
[27.013s] -- Installing: /home/suwi/ros2_4dof_arm/install/moveit_simple_controller_manager/lib/libmoveit_simple_controller_manager.so
[27.014s] -- Installing: /home/suwi/ros2_4dof_arm/install/moveit_simple_controller_manager/include
[27.014s] -- Installing: /home/suwi/ros2_4dof_arm/install/moveit_simple_controller_manager/include/moveit_simple_controller_manager
[27.014s] -- Installing: /home/suwi/ros2_4dof_arm/install/moveit_simple_controller_manager/include/moveit_simple_controller_manager/action_based_controller_handle.h
[27.015s] -- Installing: /home/suwi/ros2_4dof_arm/install/moveit_simple_controller_manager/include/moveit_simple_controller_manager/gripper_controller_handle.h
[27.016s] -- Installing: /home/suwi/ros2_4dof_arm/install/moveit_simple_controller_manager/include/moveit_simple_controller_manager/follow_joint_trajectory_controller_handle.h
[27.016s] -- Installing: /home/suwi/ros2_4dof_arm/install/moveit_simple_controller_manager/include/moveit_simple_controller_manager/empty_controller_handle.h
[27.018s] -- Installing: /home/suwi/ros2_4dof_arm/install/moveit_simple_controller_manager/share/moveit_simple_controller_manager/environment/library_path.sh
[27.019s] -- Installing: /home/suwi/ros2_4dof_arm/install/moveit_simple_controller_manager/share/moveit_simple_controller_manager/environment/library_path.dsv
[27.020s] -- Installing: /home/suwi/ros2_4dof_arm/install/moveit_simple_controller_manager/share/moveit_simple_controller_manager/moveit_simple_controller_manager_plugin_description.xml
[27.023s] -- Installing: /home/suwi/ros2_4dof_arm/install/moveit_simple_controller_manager/share/ament_index/resource_index/package_run_dependencies/moveit_simple_controller_manager
[27.024s] -- Installing: /home/suwi/ros2_4dof_arm/install/moveit_simple_controller_manager/share/ament_index/resource_index/parent_prefix_path/moveit_simple_controller_manager
[27.025s] -- Installing: /home/suwi/ros2_4dof_arm/install/moveit_simple_controller_manager/share/moveit_simple_controller_manager/environment/ament_prefix_path.sh
[27.026s] -- Installing: /home/suwi/ros2_4dof_arm/install/moveit_simple_controller_manager/share/moveit_simple_controller_manager/environment/ament_prefix_path.dsv
[27.027s] -- Installing: /home/suwi/ros2_4dof_arm/install/moveit_simple_controller_manager/share/moveit_simple_controller_manager/environment/path.sh
[27.027s] -- Installing: /home/suwi/ros2_4dof_arm/install/moveit_simple_controller_manager/share/moveit_simple_controller_manager/environment/path.dsv
[27.028s] -- Installing: /home/suwi/ros2_4dof_arm/install/moveit_simple_controller_manager/share/moveit_simple_controller_manager/local_setup.bash
[27.029s] -- Installing: /home/suwi/ros2_4dof_arm/install/moveit_simple_controller_manager/share/moveit_simple_controller_manager/local_setup.sh
[27.031s] -- Installing: /home/suwi/ros2_4dof_arm/install/moveit_simple_controller_manager/share/moveit_simple_controller_manager/local_setup.zsh
[27.031s] -- Installing: /home/suwi/ros2_4dof_arm/install/moveit_simple_controller_manager/share/moveit_simple_controller_manager/local_setup.dsv
[27.032s] -- Installing: /home/suwi/ros2_4dof_arm/install/moveit_simple_controller_manager/share/moveit_simple_controller_manager/package.dsv
[27.034s] -- Installing: /home/suwi/ros2_4dof_arm/install/moveit_simple_controller_manager/share/ament_index/resource_index/packages/moveit_simple_controller_manager
[27.035s] -- Installing: /home/suwi/ros2_4dof_arm/install/moveit_simple_controller_manager/share/ament_index/resource_index/moveit_core__pluginlib__plugin/moveit_simple_controller_manager
[27.036s] -- Installing: /home/suwi/ros2_4dof_arm/install/moveit_simple_controller_manager/share/moveit_simple_controller_manager/cmake/export_moveit_simple_controller_managerExport.cmake
[27.037s] -- Installing: /home/suwi/ros2_4dof_arm/install/moveit_simple_controller_manager/share/moveit_simple_controller_manager/cmake/export_moveit_simple_controller_managerExport-release.cmake
[27.038s] -- Installing: /home/suwi/ros2_4dof_arm/install/moveit_simple_controller_manager/share/moveit_simple_controller_manager/cmake/ConfigExtras.cmake
[27.039s] -- Installing: /home/suwi/ros2_4dof_arm/install/moveit_simple_controller_manager/share/moveit_simple_controller_manager/cmake/ament_cmake_export_targets-extras.cmake
[27.040s] -- Installing: /home/suwi/ros2_4dof_arm/install/moveit_simple_controller_manager/share/moveit_simple_controller_manager/cmake/ament_cmake_export_dependencies-extras.cmake
[27.040s] -- Installing: /home/suwi/ros2_4dof_arm/install/moveit_simple_controller_manager/share/moveit_simple_controller_manager/cmake/moveit_simple_controller_managerConfig.cmake
[27.041s] -- Installing: /home/suwi/ros2_4dof_arm/install/moveit_simple_controller_manager/share/moveit_simple_controller_manager/cmake/moveit_simple_controller_managerConfig-version.cmake
[27.042s] -- Installing: /home/suwi/ros2_4dof_arm/install/moveit_simple_controller_manager/share/moveit_simple_controller_manager/package.xml
[27.050s] Invoked command in '/home/suwi/ros2_4dof_arm/build/moveit_simple_controller_manager' returned '0': AMENT_PREFIX_PATH=/home/suwi/ros2_4dof_arm/install/moveit_core:/home/suwi/ros2_4dof_arm/install/moveit_resources_panda_moveit_config:/home/suwi/ros2_4dof_arm/install/moveit_resources_pr2_description:/home/suwi/ros2_4dof_arm/install/moveit_msgs:${AMENT_PREFIX_PATH} CMAKE_PREFIX_PATH=/home/suwi/ros2_4dof_arm/install/moveit_core:/home/suwi/ros2_4dof_arm/install/moveit_resources_panda_moveit_config:/home/suwi/ros2_4dof_arm/install/moveit_resources_pr2_description:/home/suwi/ros2_4dof_arm/install/moveit_resources_panda_description:/home/suwi/ros2_4dof_arm/install/moveit_msgs:/home/suwi/ros2_4dof_arm/install/moveit_common:/home/suwi/ros2_4dof_arm/src/four_dof_arm/install/four_dof_arm:/home/suwi/ros2_4dof_arm/install/four_dof_arm:/opt/ros/humble:/opt/ros/humble:/home/suwi/ros2_ws_prac/install/my_robot_control:/path/to/object_recognition_msgs/install:/home/suwi/ros2_ws_prac/install/pub_sub LD_LIBRARY_PATH=/home/suwi/ros2_4dof_arm/install/moveit_core/lib:/home/suwi/ros2_4dof_arm/install/moveit_msgs/lib:${LD_LIBRARY_PATH} PATH=/home/suwi/ros2_4dof_arm/install/moveit_core/bin:${PATH} PYTHONPATH=/home/suwi/ros2_4dof_arm/install/moveit_msgs/local/lib/python3.10/dist-packages:${PYTHONPATH} /usr/bin/cmake --install /home/suwi/ros2_4dof_arm/build/moveit_simple_controller_manager
