[0.182s] Invoking command in '/home/suwi/ros2_4dof_arm/build/moveit_resources': AMENT_PREFIX_PATH=/home/suwi/ros2_4dof_arm/install/moveit_resources_panda_moveit_config:/home/suwi/ros2_4dof_arm/install/moveit_resources_fanuc_moveit_config:/home/suwi/ros2_4dof_arm/install/moveit_resources_pr2_description:/home/suwi/ros2_4dof_arm/install/moveit_resources_fanuc_description:${AMENT_PREFIX_PATH} CMAKE_PREFIX_PATH=/home/suwi/ros2_4dof_arm/install/moveit_resources_panda_moveit_config:/home/suwi/ros2_4dof_arm/install/moveit_resources_fanuc_moveit_config:/home/suwi/ros2_4dof_arm/install/moveit_resources_pr2_description:/home/suwi/ros2_4dof_arm/install/moveit_resources_panda_description:/home/suwi/ros2_4dof_arm/install/moveit_resources_fanuc_description:/home/suwi/ros2_4dof_arm/install/moveit_common:/home/suwi/ros2_4dof_arm/src/four_dof_arm/install/four_dof_arm:/home/suwi/ros2_4dof_arm/install/four_dof_arm:/opt/ros/humble:/opt/ros/humble:/home/suwi/ros2_ws_prac/install/my_robot_control:/path/to/object_recognition_msgs/install:/home/suwi/ros2_ws_prac/install/pub_sub /usr/bin/cmake /home/suwi/ros2_4dof_arm/src/moveit_resources/moveit_resources -DCMAKE_INSTALL_PREFIX=/home/suwi/ros2_4dof_arm/install/moveit_resources
[0.582s] -- The C compiler identification is GNU 11.4.0
[0.858s] -- The CXX compiler identification is GNU 11.4.0
[0.908s] -- Detecting C compiler ABI info
[1.245s] -- Detecting C compiler ABI info - done
[1.254s] -- Check for working C compiler: /usr/bin/cc - skipped
[1.255s] -- Detecting C compile features
[1.257s] -- Detecting C compile features - done
[1.268s] -- Detecting CXX compiler ABI info
[1.609s] -- Detecting CXX compiler ABI info - done
[1.619s] -- Check for working CXX compiler: /usr/bin/c++ - skipped
[1.620s] -- Detecting CXX compile features
[1.621s] -- Detecting CXX compile features - done
[1.672s] -- Found ament_cmake: 1.3.11 (/opt/ros/humble/share/ament_cmake/cmake)
[2.210s] -- Found Python3: /usr/bin/python3 (found version "3.10.12") found components: Interpreter 
[2.887s] -- Configuring done
[2.908s] -- Generating done
[2.916s] -- Build files have been written to: /home/suwi/ros2_4dof_arm/build/moveit_resources
[2.935s] Invoked command in '/home/suwi/ros2_4dof_arm/build/moveit_resources' returned '0': AMENT_PREFIX_PATH=/home/suwi/ros2_4dof_arm/install/moveit_resources_panda_moveit_config:/home/suwi/ros2_4dof_arm/install/moveit_resources_fanuc_moveit_config:/home/suwi/ros2_4dof_arm/install/moveit_resources_pr2_description:/home/suwi/ros2_4dof_arm/install/moveit_resources_fanuc_description:${AMENT_PREFIX_PATH} CMAKE_PREFIX_PATH=/home/suwi/ros2_4dof_arm/install/moveit_resources_panda_moveit_config:/home/suwi/ros2_4dof_arm/install/moveit_resources_fanuc_moveit_config:/home/suwi/ros2_4dof_arm/install/moveit_resources_pr2_description:/home/suwi/ros2_4dof_arm/install/moveit_resources_panda_description:/home/suwi/ros2_4dof_arm/install/moveit_resources_fanuc_description:/home/suwi/ros2_4dof_arm/install/moveit_common:/home/suwi/ros2_4dof_arm/src/four_dof_arm/install/four_dof_arm:/home/suwi/ros2_4dof_arm/install/four_dof_arm:/opt/ros/humble:/opt/ros/humble:/home/suwi/ros2_ws_prac/install/my_robot_control:/path/to/object_recognition_msgs/install:/home/suwi/ros2_ws_prac/install/pub_sub /usr/bin/cmake /home/suwi/ros2_4dof_arm/src/moveit_resources/moveit_resources -DCMAKE_INSTALL_PREFIX=/home/suwi/ros2_4dof_arm/install/moveit_resources
[2.949s] Invoking command in '/home/suwi/ros2_4dof_arm/build/moveit_resources': AMENT_PREFIX_PATH=/home/suwi/ros2_4dof_arm/install/moveit_resources_panda_moveit_config:/home/suwi/ros2_4dof_arm/install/moveit_resources_fanuc_moveit_config:/home/suwi/ros2_4dof_arm/install/moveit_resources_pr2_description:/home/suwi/ros2_4dof_arm/install/moveit_resources_fanuc_description:${AMENT_PREFIX_PATH} CMAKE_PREFIX_PATH=/home/suwi/ros2_4dof_arm/install/moveit_resources_panda_moveit_config:/home/suwi/ros2_4dof_arm/install/moveit_resources_fanuc_moveit_config:/home/suwi/ros2_4dof_arm/install/moveit_resources_pr2_description:/home/suwi/ros2_4dof_arm/install/moveit_resources_panda_description:/home/suwi/ros2_4dof_arm/install/moveit_resources_fanuc_description:/home/suwi/ros2_4dof_arm/install/moveit_common:/home/suwi/ros2_4dof_arm/src/four_dof_arm/install/four_dof_arm:/home/suwi/ros2_4dof_arm/install/four_dof_arm:/opt/ros/humble:/opt/ros/humble:/home/suwi/ros2_ws_prac/install/my_robot_control:/path/to/object_recognition_msgs/install:/home/suwi/ros2_ws_prac/install/pub_sub /usr/bin/cmake --build /home/suwi/ros2_4dof_arm/build/moveit_resources -- -j8 -l8
[3.123s] Invoked command in '/home/suwi/ros2_4dof_arm/build/moveit_resources' returned '0': AMENT_PREFIX_PATH=/home/suwi/ros2_4dof_arm/install/moveit_resources_panda_moveit_config:/home/suwi/ros2_4dof_arm/install/moveit_resources_fanuc_moveit_config:/home/suwi/ros2_4dof_arm/install/moveit_resources_pr2_description:/home/suwi/ros2_4dof_arm/install/moveit_resources_fanuc_description:${AMENT_PREFIX_PATH} CMAKE_PREFIX_PATH=/home/suwi/ros2_4dof_arm/install/moveit_resources_panda_moveit_config:/home/suwi/ros2_4dof_arm/install/moveit_resources_fanuc_moveit_config:/home/suwi/ros2_4dof_arm/install/moveit_resources_pr2_description:/home/suwi/ros2_4dof_arm/install/moveit_resources_panda_description:/home/suwi/ros2_4dof_arm/install/moveit_resources_fanuc_description:/home/suwi/ros2_4dof_arm/install/moveit_common:/home/suwi/ros2_4dof_arm/src/four_dof_arm/install/four_dof_arm:/home/suwi/ros2_4dof_arm/install/four_dof_arm:/opt/ros/humble:/opt/ros/humble:/home/suwi/ros2_ws_prac/install/my_robot_control:/path/to/object_recognition_msgs/install:/home/suwi/ros2_ws_prac/install/pub_sub /usr/bin/cmake --build /home/suwi/ros2_4dof_arm/build/moveit_resources -- -j8 -l8
[3.131s] Invoking command in '/home/suwi/ros2_4dof_arm/build/moveit_resources': AMENT_PREFIX_PATH=/home/suwi/ros2_4dof_arm/install/moveit_resources_panda_moveit_config:/home/suwi/ros2_4dof_arm/install/moveit_resources_fanuc_moveit_config:/home/suwi/ros2_4dof_arm/install/moveit_resources_pr2_description:/home/suwi/ros2_4dof_arm/install/moveit_resources_fanuc_description:${AMENT_PREFIX_PATH} CMAKE_PREFIX_PATH=/home/suwi/ros2_4dof_arm/install/moveit_resources_panda_moveit_config:/home/suwi/ros2_4dof_arm/install/moveit_resources_fanuc_moveit_config:/home/suwi/ros2_4dof_arm/install/moveit_resources_pr2_description:/home/suwi/ros2_4dof_arm/install/moveit_resources_panda_description:/home/suwi/ros2_4dof_arm/install/moveit_resources_fanuc_description:/home/suwi/ros2_4dof_arm/install/moveit_common:/home/suwi/ros2_4dof_arm/src/four_dof_arm/install/four_dof_arm:/home/suwi/ros2_4dof_arm/install/four_dof_arm:/opt/ros/humble:/opt/ros/humble:/home/suwi/ros2_ws_prac/install/my_robot_control:/path/to/object_recognition_msgs/install:/home/suwi/ros2_ws_prac/install/pub_sub /usr/bin/cmake --install /home/suwi/ros2_4dof_arm/build/moveit_resources
[3.162s] -- Install configuration: ""
[3.163s] -- Installing: /home/suwi/ros2_4dof_arm/install/moveit_resources/share/ament_index/resource_index/package_run_dependencies/moveit_resources
[3.164s] -- Installing: /home/suwi/ros2_4dof_arm/install/moveit_resources/share/ament_index/resource_index/parent_prefix_path/moveit_resources
[3.165s] -- Installing: /home/suwi/ros2_4dof_arm/install/moveit_resources/share/moveit_resources/environment/ament_prefix_path.sh
[3.166s] -- Installing: /home/suwi/ros2_4dof_arm/install/moveit_resources/share/moveit_resources/environment/ament_prefix_path.dsv
[3.167s] -- Installing: /home/suwi/ros2_4dof_arm/install/moveit_resources/share/moveit_resources/environment/path.sh
[3.168s] -- Installing: /home/suwi/ros2_4dof_arm/install/moveit_resources/share/moveit_resources/environment/path.dsv
[3.169s] -- Installing: /home/suwi/ros2_4dof_arm/install/moveit_resources/share/moveit_resources/local_setup.bash
[3.170s] -- Installing: /home/suwi/ros2_4dof_arm/install/moveit_resources/share/moveit_resources/local_setup.sh
[3.171s] -- Installing: /home/suwi/ros2_4dof_arm/install/moveit_resources/share/moveit_resources/local_setup.zsh
[3.172s] -- Installing: /home/suwi/ros2_4dof_arm/install/moveit_resources/share/moveit_resources/local_setup.dsv
[3.173s] -- Installing: /home/suwi/ros2_4dof_arm/install/moveit_resources/share/moveit_resources/package.dsv
[3.174s] -- Installing: /home/suwi/ros2_4dof_arm/install/moveit_resources/share/ament_index/resource_index/packages/moveit_resources
[3.175s] -- Installing: /home/suwi/ros2_4dof_arm/install/moveit_resources/share/moveit_resources/cmake/moveit_resourcesConfig.cmake
[3.176s] -- Installing: /home/suwi/ros2_4dof_arm/install/moveit_resources/share/moveit_resources/cmake/moveit_resourcesConfig-version.cmake
[3.177s] -- Installing: /home/suwi/ros2_4dof_arm/install/moveit_resources/share/moveit_resources/package.xml
[3.183s] Invoked command in '/home/suwi/ros2_4dof_arm/build/moveit_resources' returned '0': AMENT_PREFIX_PATH=/home/suwi/ros2_4dof_arm/install/moveit_resources_panda_moveit_config:/home/suwi/ros2_4dof_arm/install/moveit_resources_fanuc_moveit_config:/home/suwi/ros2_4dof_arm/install/moveit_resources_pr2_description:/home/suwi/ros2_4dof_arm/install/moveit_resources_fanuc_description:${AMENT_PREFIX_PATH} CMAKE_PREFIX_PATH=/home/suwi/ros2_4dof_arm/install/moveit_resources_panda_moveit_config:/home/suwi/ros2_4dof_arm/install/moveit_resources_fanuc_moveit_config:/home/suwi/ros2_4dof_arm/install/moveit_resources_pr2_description:/home/suwi/ros2_4dof_arm/install/moveit_resources_panda_description:/home/suwi/ros2_4dof_arm/install/moveit_resources_fanuc_description:/home/suwi/ros2_4dof_arm/install/moveit_common:/home/suwi/ros2_4dof_arm/src/four_dof_arm/install/four_dof_arm:/home/suwi/ros2_4dof_arm/install/four_dof_arm:/opt/ros/humble:/opt/ros/humble:/home/suwi/ros2_ws_prac/install/my_robot_control:/path/to/object_recognition_msgs/install:/home/suwi/ros2_ws_prac/install/pub_sub /usr/bin/cmake --install /home/suwi/ros2_4dof_arm/build/moveit_resources
