[2.264s] Invoking command in '/home/suwi/ros2_4dof_arm/build/moveit_configs_utils': PYTHONPATH=/home/suwi/ros2_4dof_arm/build/moveit_configs_utils/prefix_override:/usr/lib/python3/dist-packages/colcon_core/task/python/colcon_distutils_commands:/home/suwi/ros2_4dof_arm/install/moveit_configs_utils/lib/python3.10/site-packages:${PYTHONPATH} /usr/bin/python3 -W ignore:setup.py install is deprecated -W ignore:easy_install command is deprecated setup.py develop --editable --build-directory /home/suwi/ros2_4dof_arm/build/moveit_configs_utils/build --no-deps symlink_data
[3.222s] running develop
[3.871s] running egg_info
[3.872s] creating moveit_configs_utils.egg-info
[3.873s] writing moveit_configs_utils.egg-info/PKG-INFO
[3.877s] writing dependency_links to moveit_configs_utils.egg-info/dependency_links.txt
[3.877s] writing entry points to moveit_configs_utils.egg-info/entry_points.txt
[3.882s] writing requirements to moveit_configs_utils.egg-info/requires.txt
[3.882s] writing top-level names to moveit_configs_utils.egg-info/top_level.txt
[3.883s] writing manifest file 'moveit_configs_utils.egg-info/SOURCES.txt'
[3.885s] reading manifest file 'moveit_configs_utils.egg-info/SOURCES.txt'
[3.887s] writing manifest file 'moveit_configs_utils.egg-info/SOURCES.txt'
[3.898s] running build_ext
[3.899s] Creating /home/suwi/ros2_4dof_arm/install/moveit_configs_utils/lib/python3.10/site-packages/moveit-configs-utils.egg-link (link to .)
[3.900s] 
[3.902s] Installed /home/suwi/ros2_4dof_arm/build/moveit_configs_utils
[3.905s] running symlink_data
[3.907s] creating /home/suwi/ros2_4dof_arm/install/moveit_configs_utils/share/ament_index
[3.907s] creating /home/suwi/ros2_4dof_arm/install/moveit_configs_utils/share/ament_index/resource_index
[3.908s] creating /home/suwi/ros2_4dof_arm/install/moveit_configs_utils/share/ament_index/resource_index/packages
[3.908s] symbolically linking /home/suwi/ros2_4dof_arm/build/moveit_configs_utils/resource/moveit_configs_utils -> /home/suwi/ros2_4dof_arm/install/moveit_configs_utils/share/ament_index/resource_index/packages
[3.909s] symbolically linking /home/suwi/ros2_4dof_arm/build/moveit_configs_utils/package.xml -> /home/suwi/ros2_4dof_arm/install/moveit_configs_utils/share/moveit_configs_utils
[3.910s] creating /home/suwi/ros2_4dof_arm/install/moveit_configs_utils/share/moveit_configs_utils/default_configs
[3.910s] symbolically linking /home/suwi/ros2_4dof_arm/build/moveit_configs_utils/default_configs/chomp_planning.yaml -> /home/suwi/ros2_4dof_arm/install/moveit_configs_utils/share/moveit_configs_utils/default_configs
[3.911s] symbolically linking /home/suwi/ros2_4dof_arm/build/moveit_configs_utils/default_configs/ompl_defaults.yaml -> /home/suwi/ros2_4dof_arm/install/moveit_configs_utils/share/moveit_configs_utils/default_configs
[3.912s] symbolically linking /home/suwi/ros2_4dof_arm/build/moveit_configs_utils/default_configs/ompl_planning.yaml -> /home/suwi/ros2_4dof_arm/install/moveit_configs_utils/share/moveit_configs_utils/default_configs
[3.913s] symbolically linking /home/suwi/ros2_4dof_arm/build/moveit_configs_utils/default_configs/pilz_industrial_motion_planner_planning.yaml -> /home/suwi/ros2_4dof_arm/install/moveit_configs_utils/share/moveit_configs_utils/default_configs
