[0.083s] Invoking command in '/home/suwi/ros2_4dof_arm/build/moveit_common': CMAKE_PREFIX_PATH=${CMAKE_PREFIX_PATH}:/home/suwi/ros2_4dof_arm/install/moveit_configs_utils:/home/suwi/ros2_ws_prac/install/pub_sub /usr/bin/cmake --build /home/suwi/ros2_4dof_arm/build/moveit_common -- -j8 -l8
[0.407s] Invoked command in '/home/suwi/ros2_4dof_arm/build/moveit_common' returned '0': CMAKE_PREFIX_PATH=${CMAKE_PREFIX_PATH}:/home/suwi/ros2_4dof_arm/install/moveit_configs_utils:/home/suwi/ros2_ws_prac/install/pub_sub /usr/bin/cmake --build /home/suwi/ros2_4dof_arm/build/moveit_common -- -j8 -l8
[0.418s] Invoking command in '/home/suwi/ros2_4dof_arm/build/moveit_common': CMAKE_PREFIX_PATH=${CMAKE_PREFIX_PATH}:/home/suwi/ros2_4dof_arm/install/moveit_configs_utils:/home/suwi/ros2_ws_prac/install/pub_sub /usr/bin/cmake --install /home/suwi/ros2_4dof_arm/build/moveit_common
[0.486s] -- Install configuration: ""
[0.489s] -- Execute custom install script
[0.490s] -- Up-to-date symlink: /home/suwi/ros2_4dof_arm/install/moveit_common/share/ament_index/resource_index/package_run_dependencies/moveit_common
[0.492s] -- Up-to-date symlink: /home/suwi/ros2_4dof_arm/install/moveit_common/share/ament_index/resource_index/parent_prefix_path/moveit_common
[0.493s] -- Up-to-date symlink: /home/suwi/ros2_4dof_arm/install/moveit_common/share/moveit_common/environment/ament_prefix_path.sh
[0.494s] -- Up-to-date symlink: /home/suwi/ros2_4dof_arm/install/moveit_common/share/moveit_common/environment/ament_prefix_path.dsv
[0.495s] -- Up-to-date symlink: /home/suwi/ros2_4dof_arm/install/moveit_common/share/moveit_common/environment/path.sh
[0.496s] -- Up-to-date symlink: /home/suwi/ros2_4dof_arm/install/moveit_common/share/moveit_common/environment/path.dsv
[0.497s] -- Up-to-date symlink: /home/suwi/ros2_4dof_arm/install/moveit_common/share/moveit_common/local_setup.bash
[0.498s] -- Up-to-date symlink: /home/suwi/ros2_4dof_arm/install/moveit_common/share/moveit_common/local_setup.sh
[0.500s] -- Up-to-date symlink: /home/suwi/ros2_4dof_arm/install/moveit_common/share/moveit_common/local_setup.zsh
[0.501s] -- Up-to-date symlink: /home/suwi/ros2_4dof_arm/install/moveit_common/share/moveit_common/local_setup.dsv
[0.501s] -- Symlinking: /home/suwi/ros2_4dof_arm/install/moveit_common/share/moveit_common/package.dsv
[0.572s] -- Up-to-date symlink: /home/suwi/ros2_4dof_arm/install/moveit_common/share/ament_index/resource_index/packages/moveit_common
[0.573s] -- Up-to-date symlink: /home/suwi/ros2_4dof_arm/install/moveit_common/share/moveit_common/cmake/moveit_common-extras.cmake
[0.574s] -- Up-to-date symlink: /home/suwi/ros2_4dof_arm/install/moveit_common/share/moveit_common/cmake/moveit_commonConfig.cmake
[0.575s] -- Up-to-date symlink: /home/suwi/ros2_4dof_arm/install/moveit_common/share/moveit_common/cmake/moveit_commonConfig-version.cmake
[0.576s] -- Up-to-date symlink: /home/suwi/ros2_4dof_arm/install/moveit_common/share/moveit_common/package.xml
[0.578s] -- Up-to-date symlink: /home/suwi/ros2_4dof_arm/install/moveit_common/share/moveit_common/cmake/moveit_package.cmake
[0.585s] Invoked command in '/home/suwi/ros2_4dof_arm/build/moveit_common' returned '0': CMAKE_PREFIX_PATH=${CMAKE_PREFIX_PATH}:/home/suwi/ros2_4dof_arm/install/moveit_configs_utils:/home/suwi/ros2_ws_prac/install/pub_sub /usr/bin/cmake --install /home/suwi/ros2_4dof_arm/build/moveit_common
