[0.038s] Invoking command in '/home/suwi/ros2_4dof_arm/build/moveit_msgs': CMAKE_PREFIX_PATH=${CMAKE_PREFIX_PATH}:/home/suwi/ros2_ws_prac/install/pub_sub /usr/bin/cmake /home/suwi/ros2_4dof_arm/src/moveit_msgs -DCMAKE_INSTALL_PREFIX=/home/suwi/ros2_4dof_arm/install/moveit_msgs
[0.080s] -- Found ament_cmake: 1.3.11 (/opt/ros/humble/share/ament_cmake/cmake)
[0.386s] -- Override CMake install command with custom implementation using symlinks instead of copying resources
[0.414s] -- Found rosidl_default_generators: 1.2.0 (/opt/ros/humble/share/rosidl_default_generators/cmake)
[0.418s] -- Using all available rosidl_typesupport_c: rosidl_typesupport_fastrtps_c;rosidl_typesupport_introspection_c
[0.428s] -- Found rosidl_adapter: 3.1.6 (/opt/ros/humble/share/rosidl_adapter/cmake)
[0.509s] -- Using all available rosidl_typesupport_cpp: rosidl_typesupport_fastrtps_cpp;rosidl_typesupport_introspection_cpp
[0.583s] -- Found action_msgs: 1.2.1 (/opt/ros/humble/share/action_msgs/cmake)
[0.654s] -- Found std_msgs: 4.8.0 (/opt/ros/humble/share/std_msgs/cmake)
[0.675s] -- Found geometry_msgs: 4.8.0 (/opt/ros/humble/share/geometry_msgs/cmake)
[0.699s] -- Found sensor_msgs: 4.8.0 (/opt/ros/humble/share/sensor_msgs/cmake)
[0.732s] -- Found shape_msgs: 4.8.0 (/opt/ros/humble/share/shape_msgs/cmake)
[0.782s] [31mCMake Error at CMakeLists.txt:24 (find_package):
[0.783s]   By not providing "Findobject_recognition_msgs.cmake" in CMAKE_MODULE_PATH
[0.783s]   this project has asked CMake to find a package configuration file provided
[0.783s]   by "object_recognition_msgs", but CMake did not find one.
[0.784s] 
[0.784s]   Could not find a package configuration file provided by
[0.784s]   "object_recognition_msgs" with any of the following names:
[0.784s] 
[0.785s]     object_recognition_msgsConfig.cmake
[0.785s]     object_recognition_msgs-config.cmake
[0.785s] 
[0.785s]   Add the installation prefix of "object_recognition_msgs" to
[0.785s]   CMAKE_PREFIX_PATH or set "object_recognition_msgs_DIR" to a directory
[0.786s]   containing one of the above files.  If "object_recognition_msgs" provides a
[0.786s]   separate development package or SDK, be sure it has been installed.
[0.786s] 
[0.786s] [0m
[0.787s] -- Configuring incomplete, errors occurred!
[0.787s] See also "/home/suwi/ros2_4dof_arm/build/moveit_msgs/CMakeFiles/CMakeOutput.log".
[0.794s] Invoked command in '/home/suwi/ros2_4dof_arm/build/moveit_msgs' returned '1': CMAKE_PREFIX_PATH=${CMAKE_PREFIX_PATH}:/home/suwi/ros2_ws_prac/install/pub_sub /usr/bin/cmake /home/suwi/ros2_4dof_arm/src/moveit_msgs -DCMAKE_INSTALL_PREFIX=/home/suwi/ros2_4dof_arm/install/moveit_msgs
