[0.079s] Invoking command in '/home/suwi/ros2_4dof_arm/build/moveit_resources_panda_description': CMAKE_PREFIX_PATH=${CMAKE_PREFIX_PATH}:/home/suwi/ros2_4dof_arm/install/moveit_configs_utils:/home/suwi/ros2_ws_prac/install/pub_sub /usr/bin/cmake --build /home/suwi/ros2_4dof_arm/build/moveit_resources_panda_description -- -j8 -l8
[0.396s] Invoked command in '/home/suwi/ros2_4dof_arm/build/moveit_resources_panda_description' returned '0': CMAKE_PREFIX_PATH=${CMAKE_PREFIX_PATH}:/home/suwi/ros2_4dof_arm/install/moveit_configs_utils:/home/suwi/ros2_ws_prac/install/pub_sub /usr/bin/cmake --build /home/suwi/ros2_4dof_arm/build/moveit_resources_panda_description -- -j8 -l8
[0.409s] Invoking command in '/home/suwi/ros2_4dof_arm/build/moveit_resources_panda_description': CMAKE_PREFIX_PATH=${CMAKE_PREFIX_PATH}:/home/suwi/ros2_4dof_arm/install/moveit_configs_utils:/home/suwi/ros2_ws_prac/install/pub_sub /usr/bin/cmake --install /home/suwi/ros2_4dof_arm/build/moveit_resources_panda_description
[0.473s] -- Install configuration: ""
[0.475s] -- Execute custom install script
[0.477s] -- Up-to-date symlink: /home/suwi/ros2_4dof_arm/install/moveit_resources_panda_description/share/ament_index/resource_index/package_run_dependencies/moveit_resources_panda_description
[0.479s] -- Up-to-date symlink: /home/suwi/ros2_4dof_arm/install/moveit_resources_panda_description/share/ament_index/resource_index/parent_prefix_path/moveit_resources_panda_description
[0.480s] -- Up-to-date symlink: /home/suwi/ros2_4dof_arm/install/moveit_resources_panda_description/share/moveit_resources_panda_description/environment/ament_prefix_path.sh
[0.480s] -- Up-to-date symlink: /home/suwi/ros2_4dof_arm/install/moveit_resources_panda_description/share/moveit_resources_panda_description/environment/ament_prefix_path.dsv
[0.481s] -- Up-to-date symlink: /home/suwi/ros2_4dof_arm/install/moveit_resources_panda_description/share/moveit_resources_panda_description/environment/path.sh
[0.482s] -- Up-to-date symlink: /home/suwi/ros2_4dof_arm/install/moveit_resources_panda_description/share/moveit_resources_panda_description/environment/path.dsv
[0.484s] -- Up-to-date symlink: /home/suwi/ros2_4dof_arm/install/moveit_resources_panda_description/share/moveit_resources_panda_description/local_setup.bash
[0.484s] -- Up-to-date symlink: /home/suwi/ros2_4dof_arm/install/moveit_resources_panda_description/share/moveit_resources_panda_description/local_setup.sh
[0.486s] -- Up-to-date symlink: /home/suwi/ros2_4dof_arm/install/moveit_resources_panda_description/share/moveit_resources_panda_description/local_setup.zsh
[0.486s] -- Up-to-date symlink: /home/suwi/ros2_4dof_arm/install/moveit_resources_panda_description/share/moveit_resources_panda_description/local_setup.dsv
[0.487s] -- Symlinking: /home/suwi/ros2_4dof_arm/install/moveit_resources_panda_description/share/moveit_resources_panda_description/package.dsv
[0.556s] -- Up-to-date symlink: /home/suwi/ros2_4dof_arm/install/moveit_resources_panda_description/share/ament_index/resource_index/packages/moveit_resources_panda_description
[0.559s] -- Up-to-date symlink: /home/suwi/ros2_4dof_arm/install/moveit_resources_panda_description/share/moveit_resources_panda_description/cmake/moveit_resources_panda_descriptionConfig.cmake
[0.561s] -- Up-to-date symlink: /home/suwi/ros2_4dof_arm/install/moveit_resources_panda_description/share/moveit_resources_panda_description/cmake/moveit_resources_panda_descriptionConfig-version.cmake
[0.563s] -- Up-to-date symlink: /home/suwi/ros2_4dof_arm/install/moveit_resources_panda_description/share/moveit_resources_panda_description/package.xml
[0.572s] -- Up-to-date symlink: /home/suwi/ros2_4dof_arm/install/moveit_resources_panda_description/share/moveit_resources_panda_description/meshes/collision/finger.stl
[0.573s] -- Up-to-date symlink: /home/suwi/ros2_4dof_arm/install/moveit_resources_panda_description/share/moveit_resources_panda_description/meshes/collision/hand.stl
[0.575s] -- Up-to-date symlink: /home/suwi/ros2_4dof_arm/install/moveit_resources_panda_description/share/moveit_resources_panda_description/meshes/collision/link0.stl
[0.577s] -- Up-to-date symlink: /home/suwi/ros2_4dof_arm/install/moveit_resources_panda_description/share/moveit_resources_panda_description/meshes/collision/link1.stl
[0.578s] -- Up-to-date symlink: /home/suwi/ros2_4dof_arm/install/moveit_resources_panda_description/share/moveit_resources_panda_description/meshes/collision/link2.stl
[0.581s] -- Up-to-date symlink: /home/suwi/ros2_4dof_arm/install/moveit_resources_panda_description/share/moveit_resources_panda_description/meshes/collision/link3.stl
[0.582s] -- Up-to-date symlink: /home/suwi/ros2_4dof_arm/install/moveit_resources_panda_description/share/moveit_resources_panda_description/meshes/collision/link4.stl
[0.583s] -- Up-to-date symlink: /home/suwi/ros2_4dof_arm/install/moveit_resources_panda_description/share/moveit_resources_panda_description/meshes/collision/link5.stl
[0.585s] -- Up-to-date symlink: /home/suwi/ros2_4dof_arm/install/moveit_resources_panda_description/share/moveit_resources_panda_description/meshes/collision/link6.stl
[0.586s] -- Up-to-date symlink: /home/suwi/ros2_4dof_arm/install/moveit_resources_panda_description/share/moveit_resources_panda_description/meshes/collision/link7.stl
[0.589s] -- Up-to-date symlink: /home/suwi/ros2_4dof_arm/install/moveit_resources_panda_description/share/moveit_resources_panda_description/meshes/visual/finger.dae
[0.591s] -- Up-to-date symlink: /home/suwi/ros2_4dof_arm/install/moveit_resources_panda_description/share/moveit_resources_panda_description/meshes/visual/hand.dae
[0.592s] -- Up-to-date symlink: /home/suwi/ros2_4dof_arm/install/moveit_resources_panda_description/share/moveit_resources_panda_description/meshes/visual/link0.dae
[0.594s] -- Up-to-date symlink: /home/suwi/ros2_4dof_arm/install/moveit_resources_panda_description/share/moveit_resources_panda_description/meshes/visual/link1.dae
[0.595s] -- Up-to-date symlink: /home/suwi/ros2_4dof_arm/install/moveit_resources_panda_description/share/moveit_resources_panda_description/meshes/visual/link2.dae
[0.597s] -- Up-to-date symlink: /home/suwi/ros2_4dof_arm/install/moveit_resources_panda_description/share/moveit_resources_panda_description/meshes/visual/link3.dae
[0.598s] -- Up-to-date symlink: /home/suwi/ros2_4dof_arm/install/moveit_resources_panda_description/share/moveit_resources_panda_description/meshes/visual/link4.dae
[0.600s] -- Up-to-date symlink: /home/suwi/ros2_4dof_arm/install/moveit_resources_panda_description/share/moveit_resources_panda_description/meshes/visual/link5.dae
[0.602s] -- Up-to-date symlink: /home/suwi/ros2_4dof_arm/install/moveit_resources_panda_description/share/moveit_resources_panda_description/meshes/visual/link6.dae
[0.603s] -- Up-to-date symlink: /home/suwi/ros2_4dof_arm/install/moveit_resources_panda_description/share/moveit_resources_panda_description/meshes/visual/link7.dae
[0.607s] -- Up-to-date symlink: /home/suwi/ros2_4dof_arm/install/moveit_resources_panda_description/share/moveit_resources_panda_description/urdf/panda.urdf
[0.614s] Invoked command in '/home/suwi/ros2_4dof_arm/build/moveit_resources_panda_description' returned '0': CMAKE_PREFIX_PATH=${CMAKE_PREFIX_PATH}:/home/suwi/ros2_4dof_arm/install/moveit_configs_utils:/home/suwi/ros2_ws_prac/install/pub_sub /usr/bin/cmake --install /home/suwi/ros2_4dof_arm/build/moveit_resources_panda_description
