[0.041s] Invoking command in '/home/suwi/ros2_4dof_arm/build/moveit_common': CMAKE_PREFIX_PATH=${CMAKE_PREFIX_PATH}:/home/suwi/ros2_ws_prac/install/pub_sub /usr/bin/cmake --build /home/suwi/ros2_4dof_arm/build/moveit_common -- -j8 -l8
[0.127s] -- Found ament_cmake: 1.3.11 (/opt/ros/humble/share/ament_cmake/cmake)
[0.449s] -- Override CMake install command with custom implementation using symlinks instead of copying resources
[0.478s] -- Found ament_lint_auto: 0.12.12 (/opt/ros/humble/share/ament_lint_auto/cmake)
[0.656s] -- Added test 'copyright' to check source files copyright and LICENSE
[0.666s] -- Added test 'lint_cmake' to check CMake code style
[0.671s] -- Added test 'xmllint' to check XML markup files
[0.677s] -- Configuring done
[0.692s] -- Generating done
[0.700s] -- Build files have been written to: /home/suwi/ros2_4dof_arm/build/moveit_common
[0.793s] Invoked command in '/home/suwi/ros2_4dof_arm/build/moveit_common' returned '0': CMAKE_PREFIX_PATH=${CMAKE_PREFIX_PATH}:/home/suwi/ros2_ws_prac/install/pub_sub /usr/bin/cmake --build /home/suwi/ros2_4dof_arm/build/moveit_common -- -j8 -l8
[0.800s] Invoking command in '/home/suwi/ros2_4dof_arm/build/moveit_common': CMAKE_PREFIX_PATH=${CMAKE_PREFIX_PATH}:/home/suwi/ros2_ws_prac/install/pub_sub /usr/bin/cmake --install /home/suwi/ros2_4dof_arm/build/moveit_common
[0.832s] -- Install configuration: ""
[0.834s] -- Execute custom install script
[0.835s] -- Up-to-date symlink: /home/suwi/ros2_4dof_arm/install/moveit_common/share/ament_index/resource_index/package_run_dependencies/moveit_common
[0.836s] -- Up-to-date symlink: /home/suwi/ros2_4dof_arm/install/moveit_common/share/ament_index/resource_index/parent_prefix_path/moveit_common
[0.837s] -- Up-to-date symlink: /home/suwi/ros2_4dof_arm/install/moveit_common/share/moveit_common/environment/ament_prefix_path.sh
[0.837s] -- Up-to-date symlink: /home/suwi/ros2_4dof_arm/install/moveit_common/share/moveit_common/environment/ament_prefix_path.dsv
[0.838s] -- Up-to-date symlink: /home/suwi/ros2_4dof_arm/install/moveit_common/share/moveit_common/environment/path.sh
[0.839s] -- Up-to-date symlink: /home/suwi/ros2_4dof_arm/install/moveit_common/share/moveit_common/environment/path.dsv
[0.840s] -- Up-to-date symlink: /home/suwi/ros2_4dof_arm/install/moveit_common/share/moveit_common/local_setup.bash
[0.840s] -- Up-to-date symlink: /home/suwi/ros2_4dof_arm/install/moveit_common/share/moveit_common/local_setup.sh
[0.841s] -- Up-to-date symlink: /home/suwi/ros2_4dof_arm/install/moveit_common/share/moveit_common/local_setup.zsh
[0.842s] -- Up-to-date symlink: /home/suwi/ros2_4dof_arm/install/moveit_common/share/moveit_common/local_setup.dsv
[0.842s] -- Symlinking: /home/suwi/ros2_4dof_arm/install/moveit_common/share/moveit_common/package.dsv
[0.881s] -- Up-to-date symlink: /home/suwi/ros2_4dof_arm/install/moveit_common/share/ament_index/resource_index/packages/moveit_common
[0.882s] -- Up-to-date symlink: /home/suwi/ros2_4dof_arm/install/moveit_common/share/moveit_common/cmake/moveit_common-extras.cmake
[0.882s] -- Up-to-date symlink: /home/suwi/ros2_4dof_arm/install/moveit_common/share/moveit_common/cmake/moveit_commonConfig.cmake
[0.883s] -- Up-to-date symlink: /home/suwi/ros2_4dof_arm/install/moveit_common/share/moveit_common/cmake/moveit_commonConfig-version.cmake
[0.883s] -- Up-to-date symlink: /home/suwi/ros2_4dof_arm/install/moveit_common/share/moveit_common/package.xml
[0.885s] -- Up-to-date symlink: /home/suwi/ros2_4dof_arm/install/moveit_common/share/moveit_common/cmake/moveit_package.cmake
[0.893s] Invoked command in '/home/suwi/ros2_4dof_arm/build/moveit_common' returned '0': CMAKE_PREFIX_PATH=${CMAKE_PREFIX_PATH}:/home/suwi/ros2_ws_prac/install/pub_sub /usr/bin/cmake --install /home/suwi/ros2_4dof_arm/build/moveit_common
