running egg_info
creating ../../build/gesture_control_pkg/gesture_control_pkg.egg-info
writing ../../build/gesture_control_pkg/gesture_control_pkg.egg-info/PKG-INFO
writing dependency_links to ../../build/gesture_control_pkg/gesture_control_pkg.egg-info/dependency_links.txt
writing entry points to ../../build/gesture_control_pkg/gesture_control_pkg.egg-info/entry_points.txt
writing requirements to ../../build/gesture_control_pkg/gesture_control_pkg.egg-info/requires.txt
writing top-level names to ../../build/gesture_control_pkg/gesture_control_pkg.egg-info/top_level.txt
writing manifest file '../../build/gesture_control_pkg/gesture_control_pkg.egg-info/SOURCES.txt'
reading manifest file '../../build/gesture_control_pkg/gesture_control_pkg.egg-info/SOURCES.txt'
writing manifest file '../../build/gesture_control_pkg/gesture_control_pkg.egg-info/SOURCES.txt'
running build
running build_py
creating /home/suwi/ros2_4dof_arm/build/gesture_control_pkg/build
creating /home/suwi/ros2_4dof_arm/build/gesture_control_pkg/build/lib
creating /home/suwi/ros2_4dof_arm/build/gesture_control_pkg/build/lib/gesture_control_pkg
copying gesture_control_pkg/gesture_joint_publisher.py -> /home/suwi/ros2_4dof_arm/build/gesture_control_pkg/build/lib/gesture_control_pkg
copying gesture_control_pkg/__init__.py -> /home/suwi/ros2_4dof_arm/build/gesture_control_pkg/build/lib/gesture_control_pkg
running install
running install_lib
creating /home/suwi/ros2_4dof_arm/install/gesture_control_pkg/lib/python3.10/site-packages/gesture_control_pkg
copying /home/suwi/ros2_4dof_arm/build/gesture_control_pkg/build/lib/gesture_control_pkg/gesture_joint_publisher.py -> /home/suwi/ros2_4dof_arm/install/gesture_control_pkg/lib/python3.10/site-packages/gesture_control_pkg
copying /home/suwi/ros2_4dof_arm/build/gesture_control_pkg/build/lib/gesture_control_pkg/__init__.py -> /home/suwi/ros2_4dof_arm/install/gesture_control_pkg/lib/python3.10/site-packages/gesture_control_pkg
byte-compiling /home/suwi/ros2_4dof_arm/install/gesture_control_pkg/lib/python3.10/site-packages/gesture_control_pkg/gesture_joint_publisher.py to gesture_joint_publisher.cpython-310.pyc
byte-compiling /home/suwi/ros2_4dof_arm/install/gesture_control_pkg/lib/python3.10/site-packages/gesture_control_pkg/__init__.py to __init__.cpython-310.pyc
running install_data
creating /home/suwi/ros2_4dof_arm/install/gesture_control_pkg/share/ament_index
creating /home/suwi/ros2_4dof_arm/install/gesture_control_pkg/share/ament_index/resource_index
creating /home/suwi/ros2_4dof_arm/install/gesture_control_pkg/share/ament_index/resource_index/packages
copying resource/gesture_control_pkg -> /home/suwi/ros2_4dof_arm/install/gesture_control_pkg/share/ament_index/resource_index/packages
copying package.xml -> /home/suwi/ros2_4dof_arm/install/gesture_control_pkg/share/gesture_control_pkg
running install_egg_info
Copying ../../build/gesture_control_pkg/gesture_control_pkg.egg-info to /home/suwi/ros2_4dof_arm/install/gesture_control_pkg/lib/python3.10/site-packages/gesture_control_pkg-0.0.0-py3.10.egg-info
running install_scripts
Installing gesture_joint_publisher script to /home/suwi/ros2_4dof_arm/install/gesture_control_pkg/lib/gesture_control_pkg
writing list of installed files to '/home/suwi/ros2_4dof_arm/build/gesture_control_pkg/install.log'
