[2.337s] Invoking command in '/home/suwi/ros2_4dof_arm/src/gesture_control_pkg': PYTHONPATH=/home/suwi/ros2_4dof_arm/build/gesture_control_pkg/prefix_override:/usr/lib/python3/dist-packages/colcon_core/task/python/colcon_distutils_commands:/home/suwi/ros2_4dof_arm/install/gesture_control_pkg/lib/python3.10/site-packages:${PYTHONPATH} /usr/bin/python3 -W ignore:setup.py install is deprecated -W ignore:easy_install command is deprecated setup.py egg_info --egg-base ../../build/gesture_control_pkg build --build-base /home/suwi/ros2_4dof_arm/build/gesture_control_pkg/build install --record /home/suwi/ros2_4dof_arm/build/gesture_control_pkg/install.log --single-version-externally-managed install_data
[3.057s] running egg_info
[3.058s] creating ../../build/gesture_control_pkg/gesture_control_pkg.egg-info
[3.058s] writing ../../build/gesture_control_pkg/gesture_control_pkg.egg-info/PKG-INFO
[3.059s] writing dependency_links to ../../build/gesture_control_pkg/gesture_control_pkg.egg-info/dependency_links.txt
[3.059s] writing entry points to ../../build/gesture_control_pkg/gesture_control_pkg.egg-info/entry_points.txt
[3.060s] writing requirements to ../../build/gesture_control_pkg/gesture_control_pkg.egg-info/requires.txt
[3.060s] writing top-level names to ../../build/gesture_control_pkg/gesture_control_pkg.egg-info/top_level.txt
[3.061s] writing manifest file '../../build/gesture_control_pkg/gesture_control_pkg.egg-info/SOURCES.txt'
[3.064s] reading manifest file '../../build/gesture_control_pkg/gesture_control_pkg.egg-info/SOURCES.txt'
[3.066s] writing manifest file '../../build/gesture_control_pkg/gesture_control_pkg.egg-info/SOURCES.txt'
[3.067s] running build
[3.067s] running build_py
[3.068s] creating /home/suwi/ros2_4dof_arm/build/gesture_control_pkg/build
[3.068s] creating /home/suwi/ros2_4dof_arm/build/gesture_control_pkg/build/lib
[3.068s] creating /home/suwi/ros2_4dof_arm/build/gesture_control_pkg/build/lib/gesture_control_pkg
[3.068s] copying gesture_control_pkg/gesture_joint_publisher.py -> /home/suwi/ros2_4dof_arm/build/gesture_control_pkg/build/lib/gesture_control_pkg
[3.069s] copying gesture_control_pkg/__init__.py -> /home/suwi/ros2_4dof_arm/build/gesture_control_pkg/build/lib/gesture_control_pkg
[3.070s] running install
[3.070s] running install_lib
[3.071s] creating /home/suwi/ros2_4dof_arm/install/gesture_control_pkg/lib/python3.10/site-packages/gesture_control_pkg
[3.071s] copying /home/suwi/ros2_4dof_arm/build/gesture_control_pkg/build/lib/gesture_control_pkg/gesture_joint_publisher.py -> /home/suwi/ros2_4dof_arm/install/gesture_control_pkg/lib/python3.10/site-packages/gesture_control_pkg
[3.072s] copying /home/suwi/ros2_4dof_arm/build/gesture_control_pkg/build/lib/gesture_control_pkg/__init__.py -> /home/suwi/ros2_4dof_arm/install/gesture_control_pkg/lib/python3.10/site-packages/gesture_control_pkg
[3.073s] byte-compiling /home/suwi/ros2_4dof_arm/install/gesture_control_pkg/lib/python3.10/site-packages/gesture_control_pkg/gesture_joint_publisher.py to gesture_joint_publisher.cpython-310.pyc
[3.074s] byte-compiling /home/suwi/ros2_4dof_arm/install/gesture_control_pkg/lib/python3.10/site-packages/gesture_control_pkg/__init__.py to __init__.cpython-310.pyc
[3.075s] running install_data
[3.075s] creating /home/suwi/ros2_4dof_arm/install/gesture_control_pkg/share/ament_index
[3.076s] creating /home/suwi/ros2_4dof_arm/install/gesture_control_pkg/share/ament_index/resource_index
[3.076s] creating /home/suwi/ros2_4dof_arm/install/gesture_control_pkg/share/ament_index/resource_index/packages
[3.076s] copying resource/gesture_control_pkg -> /home/suwi/ros2_4dof_arm/install/gesture_control_pkg/share/ament_index/resource_index/packages
[3.077s] copying package.xml -> /home/suwi/ros2_4dof_arm/install/gesture_control_pkg/share/gesture_control_pkg
[3.077s] running install_egg_info
[3.081s] Copying ../../build/gesture_control_pkg/gesture_control_pkg.egg-info to /home/suwi/ros2_4dof_arm/install/gesture_control_pkg/lib/python3.10/site-packages/gesture_control_pkg-0.0.0-py3.10.egg-info
[3.085s] running install_scripts
[3.129s] Installing gesture_joint_publisher script to /home/suwi/ros2_4dof_arm/install/gesture_control_pkg/lib/gesture_control_pkg
[3.130s] writing list of installed files to '/home/suwi/ros2_4dof_arm/build/gesture_control_pkg/install.log'
