[0.257s] Invoking command in '/home/suwi/ros2_4dof_arm/build/moveit_setup_core_plugins': AMENT_PREFIX_PATH=/home/suwi/ros2_4dof_arm/install/moveit_setup_framework:/home/suwi/ros2_4dof_arm/install/moveit_ros_visualization:/home/suwi/ros2_4dof_arm/install/moveit_ros_planning_interface:/home/suwi/ros2_4dof_arm/install/moveit_ros_move_group:/home/suwi/ros2_4dof_arm/install/moveit_ros_warehouse:/home/suwi/ros2_4dof_arm/install/moveit_ros_robot_interaction:/home/suwi/ros2_4dof_arm/install/moveit_planners_ompl:/home/suwi/ros2_4dof_arm/install/moveit_kinematics:/home/suwi/ros2_4dof_arm/install/moveit_ros_planning:/home/suwi/ros2_4dof_arm/install/moveit_simple_controller_manager:/home/suwi/ros2_4dof_arm/install/moveit_ros_occupancy_map_monitor:/home/suwi/ros2_4dof_arm/install/moveit_core:/home/suwi/ros2_4dof_arm/install/moveit_resources_panda_moveit_config:/home/suwi/ros2_4dof_arm/install/moveit_resources_fanuc_moveit_config:/home/suwi/ros2_4dof_arm/install/moveit_resources_pr2_description:/home/suwi/ros2_4dof_arm/install/moveit_resources_fanuc_description:/home/suwi/ros2_4dof_arm/install/moveit_msgs:/home/suwi/ros2_4dof_arm/install/moveit_configs_utils:${AMENT_PREFIX_PATH} CMAKE_PREFIX_PATH=/home/suwi/ros2_4dof_arm/install/moveit_setup_framework:/home/suwi/ros2_4dof_arm/install/moveit_ros_visualization:/home/suwi/ros2_4dof_arm/install/moveit_ros_planning_interface:/home/suwi/ros2_4dof_arm/install/moveit_ros_move_group:/home/suwi/ros2_4dof_arm/install/moveit_ros_warehouse:/home/suwi/ros2_4dof_arm/install/moveit_ros_robot_interaction:/home/suwi/ros2_4dof_arm/install/moveit_planners_ompl:/home/suwi/ros2_4dof_arm/install/moveit_kinematics:/home/suwi/ros2_4dof_arm/install/moveit_ros_planning:/home/suwi/ros2_4dof_arm/install/moveit_simple_controller_manager:/home/suwi/ros2_4dof_arm/install/moveit_ros_occupancy_map_monitor:/home/suwi/ros2_4dof_arm/install/moveit_core:/home/suwi/ros2_4dof_arm/install/moveit_resources_panda_moveit_config:/home/suwi/ros2_4dof_arm/install/moveit_resources_fanuc_moveit_config:/home/suwi/ros2_4dof_arm/install/moveit_resources_pr2_description:/home/suwi/ros2_4dof_arm/install/moveit_resources_panda_description:/home/suwi/ros2_4dof_arm/install/moveit_resources_fanuc_description:/home/suwi/ros2_4dof_arm/install/moveit_msgs:/home/suwi/ros2_4dof_arm/install/moveit_common:/home/suwi/ros2_4dof_arm/src/four_dof_arm/install/four_dof_arm:/home/suwi/ros2_4dof_arm/install/four_dof_arm:/opt/ros/humble:/opt/ros/humble:/home/suwi/ros2_ws_prac/install/my_robot_control:/path/to/object_recognition_msgs/install:/home/suwi/ros2_ws_prac/install/pub_sub LD_LIBRARY_PATH=/home/suwi/ros2_4dof_arm/install/moveit_setup_framework/lib:/home/suwi/ros2_4dof_arm/install/moveit_ros_visualization/lib:/home/suwi/ros2_4dof_arm/install/moveit_ros_planning_interface/lib:/home/suwi/ros2_4dof_arm/install/moveit_ros_move_group/lib:/home/suwi/ros2_4dof_arm/install/moveit_ros_warehouse/lib:/home/suwi/ros2_4dof_arm/install/moveit_ros_robot_interaction/lib:/home/suwi/ros2_4dof_arm/install/moveit_planners_ompl/lib:/home/suwi/ros2_4dof_arm/install/moveit_kinematics/lib:/home/suwi/ros2_4dof_arm/install/moveit_ros_planning/lib:/home/suwi/ros2_4dof_arm/install/moveit_simple_controller_manager/lib:/home/suwi/ros2_4dof_arm/install/moveit_ros_occupancy_map_monitor/lib:/home/suwi/ros2_4dof_arm/install/moveit_core/lib:/home/suwi/ros2_4dof_arm/install/moveit_msgs/lib:${LD_LIBRARY_PATH} PATH=/home/suwi/ros2_4dof_arm/install/moveit_core/bin:${PATH} PYTHONPATH=/home/suwi/ros2_4dof_arm/install/moveit_msgs/local/lib/python3.10/dist-packages:/home/suwi/ros2_4dof_arm/install/moveit_configs_utils/lib/python3.10/site-packages:${PYTHONPATH} /usr/bin/cmake /home/suwi/ros2_4dof_arm/src/moveit2/moveit_setup_assistant/moveit_setup_core_plugins -DCMAKE_INSTALL_PREFIX=/home/suwi/ros2_4dof_arm/install/moveit_setup_core_plugins
[0.536s] -- The C compiler identification is GNU 11.4.0
[0.790s] -- The CXX compiler identification is GNU 11.4.0
[0.820s] -- Detecting C compiler ABI info
[1.198s] -- Detecting C compiler ABI info - done
[1.208s] -- Check for working C compiler: /usr/bin/cc - skipped
[1.208s] -- Detecting C compile features
[1.209s] -- Detecting C compile features - done
[1.217s] -- Detecting CXX compiler ABI info
[1.635s] -- Detecting CXX compiler ABI info - done
[1.645s] -- Check for working CXX compiler: /usr/bin/c++ - skipped
[1.646s] -- Detecting CXX compile features
[1.647s] -- Detecting CXX compile features - done
[1.673s] -- Found moveit_common: 2.5.8 (/home/suwi/ros2_4dof_arm/install/moveit_common/share/moveit_common/cmake)
[1.704s] -- Found ament_cmake: 1.3.11 (/opt/ros/humble/share/ament_cmake/cmake)
[2.215s] -- Found Python3: /usr/bin/python3 (found version "3.10.12") found components: Interpreter 
[2.937s] [0mmoveit_setup_core_plugins: You did not request a specific build type: Choosing 'Release' for maximum performance[0m
[2.964s] -- Found ament_cmake_ros: 0.10.0 (/opt/ros/humble/share/ament_cmake_ros/cmake)
[3.077s] -- Found ament_index_cpp: 1.4.0 (/opt/ros/humble/share/ament_index_cpp/cmake)
[3.081s] -- Found moveit_ros_visualization: 2.5.8 (/home/suwi/ros2_4dof_arm/install/moveit_ros_visualization/share/moveit_ros_visualization/cmake)
[4.262s] -- Found Boost: /usr/lib/x86_64-linux-gnu/cmake/Boost-1.74.0/BoostConfig.cmake (found version "1.74.0") found components: thread date_time system filesystem 
[4.461s] -- Found Boost: /usr/lib/x86_64-linux-gnu/cmake/Boost-1.74.0/BoostConfig.cmake (found version "1.74.0") found components: filesystem 
[4.894s] -- Found rosidl_generator_c: 3.1.6 (/opt/ros/humble/share/rosidl_generator_c/cmake)
[4.954s] -- Found rosidl_adapter: 3.1.6 (/opt/ros/humble/share/rosidl_adapter/cmake)
[5.023s] -- Found rosidl_generator_cpp: 3.1.6 (/opt/ros/humble/share/rosidl_generator_cpp/cmake)
[5.104s] -- Using all available rosidl_typesupport_c: rosidl_typesupport_fastrtps_c;rosidl_typesupport_introspection_c
[5.184s] -- Using all available rosidl_typesupport_cpp: rosidl_typesupport_fastrtps_cpp;rosidl_typesupport_introspection_cpp
[5.711s] -- Found rmw_implementation_cmake: 6.1.2 (/opt/ros/humble/share/rmw_implementation_cmake/cmake)
[5.743s] -- Found rmw_fastrtps_cpp: 6.2.7 (/opt/ros/humble/share/rmw_fastrtps_cpp/cmake)
[6.309s] -- Found OpenSSL: /usr/lib/x86_64-linux-gnu/libcrypto.so (found version "3.0.2")  
[6.412s] -- Found FastRTPS: /opt/ros/humble/include  
[6.593s] -- Using RMW implementation 'rmw_fastrtps_cpp' as default
[6.692s] -- Found Threads: TRUE  
[7.334s] -- library: /usr/lib/x86_64-linux-gnu/libcurl.so
[7.665s] -- Found Boost: /usr/lib/x86_64-linux-gnu/cmake/Boost-1.74.0/BoostConfig.cmake (found version "1.74.0") found components: system filesystem date_time program_options thread chrono 
[8.472s] -- Found Boost: /usr/lib/x86_64-linux-gnu/cmake/Boost-1.74.0/BoostConfig.cmake (found version "1.74.0") found components: chrono date_time filesystem iostreams program_options regex serialization system thread 
[8.697s] -- Found parameter_traits: 0.4.0 (/opt/ros/humble/share/parameter_traits/cmake)
[8.798s] -- Found Eigen3: TRUE (found version "3.4.0") 
[8.831s] -- Found rclcpp_lifecycle: 16.0.12 (/opt/ros/humble/share/rclcpp_lifecycle/cmake)
[9.022s] -- Ensuring Eigen3 include directory is part of orocos-kdl CMake target
[9.470s] -- Found Boost: /usr/lib/x86_64-linux-gnu/cmake/Boost-1.74.0/BoostConfig.cmake (found version "1.74.0") found components: date_time filesystem program_options system thread 
[9.497s] -- Found Boost: /usr/lib/x86_64-linux-gnu/cmake/Boost-1.74.0/BoostConfig.cmake (found version "1.74.0") found components: thread system filesystem regex date_time program_options 
[9.557s] -- Found Boost: /usr/lib/x86_64-linux-gnu/cmake/Boost-1.74.0/BoostConfig.cmake (found version "1.74.0") found components: system filesystem date_time program_options thread 
[9.744s] -- Setting OGRE_DIR to: '/opt/ros/humble/share/rviz_ogre_vendor/cmake/../../../opt/rviz_ogre_vendor/lib/OGRE/cmake'
[9.748s] -- Found OGRE
[9.749s] --   static     : OFF
[9.749s] --   components : HLMS;MeshLodGenerator;Overlay;Paging;Property;RTShaderSystem;Terrain;Volume
[9.749s] --   plugins    : Plugin_BSPSceneManager;Plugin_OctreeSceneManager;Plugin_PCZSceneManager;Plugin_ParticleFX;RenderSystem_GL;RenderSystem_GL3Plus;Codec_STBI
[9.749s] --   media      : /opt/ros/humble/opt/rviz_ogre_vendor/share/OGRE/Media
[9.750s] -- OGRE_LIBRARIES: OgreHLMS;OgreMeshLodGenerator;OgreOverlay;OgrePaging;OgreProperty;OgreRTShaderSystem;OgreTerrain;OgreVolume;OgreMain
[9.750s] -- OGRE_LIBRARY_DIRS: /opt/ros/humble/opt/rviz_ogre_vendor/lib
[9.750s] -- OGRE_PLUGINS: Plugin_BSPSceneManager;Plugin_OctreeSceneManager;Plugin_PCZSceneManager;Plugin_ParticleFX;RenderSystem_GL;RenderSystem_GL3Plus;Codec_STBI
[9.751s] -- OGRE_PLUGIN_DIR: /opt/ros/humble/opt/rviz_ogre_vendor/lib/OGRE
[9.751s] -- rviz_ogre_vendor::OgreOverlay for IMPORTED_LOCATION_RELEASE: /opt/ros/humble/opt/rviz_ogre_vendor/lib/libOgreOverlay.so
[9.751s] -- rviz_ogre_vendor::OgreOverlay for IMPORTED_LOCATION_DEBUG: /opt/ros/humble/opt/rviz_ogre_vendor/lib/libOgreOverlay.so
[9.751s] -- rviz_ogre_vendor::OgreMain for IMPORTED_LOCATION_RELEASE: /opt/ros/humble/opt/rviz_ogre_vendor/lib/libOgreMain.so
[9.752s] -- rviz_ogre_vendor::OgreMain for IMPORTED_LOCATION_DEBUG: /opt/ros/humble/opt/rviz_ogre_vendor/lib/libOgreMain.so
[9.834s] -- Found ZLIB: /usr/lib/x86_64-linux-gnu/libz.so (found version "1.2.11") 
[9.856s] -- Found OpenGL: /usr/lib/x86_64-linux-gnu/libOpenGL.so   
[10.386s] -- Found X11: /usr/include   
[10.386s] -- Looking for XOpenDisplay in /usr/lib/x86_64-linux-gnu/libX11.so;/usr/lib/x86_64-linux-gnu/libXext.so
[10.870s] -- Looking for XOpenDisplay in /usr/lib/x86_64-linux-gnu/libX11.so;/usr/lib/x86_64-linux-gnu/libXext.so - found
[10.871s] -- Looking for gethostbyname
[11.316s] -- Looking for gethostbyname - found
[11.316s] -- Looking for connect
[11.776s] -- Looking for connect - found
[11.776s] -- Looking for remove
[12.222s] -- Looking for remove - found
[12.223s] -- Looking for shmat
[12.673s] -- Looking for shmat - found
[12.674s] -- Looking for IceConnectionNumber in ICE
[13.130s] -- Looking for IceConnectionNumber in ICE - found
[13.289s] -- Setting assimp_DIR to: '/opt/ros/humble/share/rviz_assimp_vendor/cmake/../../../opt/rviz_assimp_vendor/lib/cmake/assimp-4.1'
[13.657s] -- Found moveit_setup_framework: 2.5.8 (/home/suwi/ros2_4dof_arm/install/moveit_setup_framework/share/moveit_setup_framework/cmake)
[13.723s] -- Found ament_lint_auto: 0.12.12 (/opt/ros/humble/share/ament_lint_auto/cmake)
[13.862s] -- Added test 'lint_cmake' to check CMake code style
[13.866s] -- Added test 'xmllint' to check XML markup files
[13.883s] -- Configuring done
[14.349s] -- Generating done
[14.391s] -- Build files have been written to: /home/suwi/ros2_4dof_arm/build/moveit_setup_core_plugins
[14.460s] Invoked command in '/home/suwi/ros2_4dof_arm/build/moveit_setup_core_plugins' returned '0': AMENT_PREFIX_PATH=/home/suwi/ros2_4dof_arm/install/moveit_setup_framework:/home/suwi/ros2_4dof_arm/install/moveit_ros_visualization:/home/suwi/ros2_4dof_arm/install/moveit_ros_planning_interface:/home/suwi/ros2_4dof_arm/install/moveit_ros_move_group:/home/suwi/ros2_4dof_arm/install/moveit_ros_warehouse:/home/suwi/ros2_4dof_arm/install/moveit_ros_robot_interaction:/home/suwi/ros2_4dof_arm/install/moveit_planners_ompl:/home/suwi/ros2_4dof_arm/install/moveit_kinematics:/home/suwi/ros2_4dof_arm/install/moveit_ros_planning:/home/suwi/ros2_4dof_arm/install/moveit_simple_controller_manager:/home/suwi/ros2_4dof_arm/install/moveit_ros_occupancy_map_monitor:/home/suwi/ros2_4dof_arm/install/moveit_core:/home/suwi/ros2_4dof_arm/install/moveit_resources_panda_moveit_config:/home/suwi/ros2_4dof_arm/install/moveit_resources_fanuc_moveit_config:/home/suwi/ros2_4dof_arm/install/moveit_resources_pr2_description:/home/suwi/ros2_4dof_arm/install/moveit_resources_fanuc_description:/home/suwi/ros2_4dof_arm/install/moveit_msgs:/home/suwi/ros2_4dof_arm/install/moveit_configs_utils:${AMENT_PREFIX_PATH} CMAKE_PREFIX_PATH=/home/suwi/ros2_4dof_arm/install/moveit_setup_framework:/home/suwi/ros2_4dof_arm/install/moveit_ros_visualization:/home/suwi/ros2_4dof_arm/install/moveit_ros_planning_interface:/home/suwi/ros2_4dof_arm/install/moveit_ros_move_group:/home/suwi/ros2_4dof_arm/install/moveit_ros_warehouse:/home/suwi/ros2_4dof_arm/install/moveit_ros_robot_interaction:/home/suwi/ros2_4dof_arm/install/moveit_planners_ompl:/home/suwi/ros2_4dof_arm/install/moveit_kinematics:/home/suwi/ros2_4dof_arm/install/moveit_ros_planning:/home/suwi/ros2_4dof_arm/install/moveit_simple_controller_manager:/home/suwi/ros2_4dof_arm/install/moveit_ros_occupancy_map_monitor:/home/suwi/ros2_4dof_arm/install/moveit_core:/home/suwi/ros2_4dof_arm/install/moveit_resources_panda_moveit_config:/home/suwi/ros2_4dof_arm/install/moveit_resources_fanuc_moveit_config:/home/suwi/ros2_4dof_arm/install/moveit_resources_pr2_description:/home/suwi/ros2_4dof_arm/install/moveit_resources_panda_description:/home/suwi/ros2_4dof_arm/install/moveit_resources_fanuc_description:/home/suwi/ros2_4dof_arm/install/moveit_msgs:/home/suwi/ros2_4dof_arm/install/moveit_common:/home/suwi/ros2_4dof_arm/src/four_dof_arm/install/four_dof_arm:/home/suwi/ros2_4dof_arm/install/four_dof_arm:/opt/ros/humble:/opt/ros/humble:/home/suwi/ros2_ws_prac/install/my_robot_control:/path/to/object_recognition_msgs/install:/home/suwi/ros2_ws_prac/install/pub_sub LD_LIBRARY_PATH=/home/suwi/ros2_4dof_arm/install/moveit_setup_framework/lib:/home/suwi/ros2_4dof_arm/install/moveit_ros_visualization/lib:/home/suwi/ros2_4dof_arm/install/moveit_ros_planning_interface/lib:/home/suwi/ros2_4dof_arm/install/moveit_ros_move_group/lib:/home/suwi/ros2_4dof_arm/install/moveit_ros_warehouse/lib:/home/suwi/ros2_4dof_arm/install/moveit_ros_robot_interaction/lib:/home/suwi/ros2_4dof_arm/install/moveit_planners_ompl/lib:/home/suwi/ros2_4dof_arm/install/moveit_kinematics/lib:/home/suwi/ros2_4dof_arm/install/moveit_ros_planning/lib:/home/suwi/ros2_4dof_arm/install/moveit_simple_controller_manager/lib:/home/suwi/ros2_4dof_arm/install/moveit_ros_occupancy_map_monitor/lib:/home/suwi/ros2_4dof_arm/install/moveit_core/lib:/home/suwi/ros2_4dof_arm/install/moveit_msgs/lib:${LD_LIBRARY_PATH} PATH=/home/suwi/ros2_4dof_arm/install/moveit_core/bin:${PATH} PYTHONPATH=/home/suwi/ros2_4dof_arm/install/moveit_msgs/local/lib/python3.10/dist-packages:/home/suwi/ros2_4dof_arm/install/moveit_configs_utils/lib/python3.10/site-packages:${PYTHONPATH} /usr/bin/cmake /home/suwi/ros2_4dof_arm/src/moveit2/moveit_setup_assistant/moveit_setup_core_plugins -DCMAKE_INSTALL_PREFIX=/home/suwi/ros2_4dof_arm/install/moveit_setup_core_plugins
[14.468s] Invoking command in '/home/suwi/ros2_4dof_arm/build/moveit_setup_core_plugins': AMENT_PREFIX_PATH=/home/suwi/ros2_4dof_arm/install/moveit_setup_framework:/home/suwi/ros2_4dof_arm/install/moveit_ros_visualization:/home/suwi/ros2_4dof_arm/install/moveit_ros_planning_interface:/home/suwi/ros2_4dof_arm/install/moveit_ros_move_group:/home/suwi/ros2_4dof_arm/install/moveit_ros_warehouse:/home/suwi/ros2_4dof_arm/install/moveit_ros_robot_interaction:/home/suwi/ros2_4dof_arm/install/moveit_planners_ompl:/home/suwi/ros2_4dof_arm/install/moveit_kinematics:/home/suwi/ros2_4dof_arm/install/moveit_ros_planning:/home/suwi/ros2_4dof_arm/install/moveit_simple_controller_manager:/home/suwi/ros2_4dof_arm/install/moveit_ros_occupancy_map_monitor:/home/suwi/ros2_4dof_arm/install/moveit_core:/home/suwi/ros2_4dof_arm/install/moveit_resources_panda_moveit_config:/home/suwi/ros2_4dof_arm/install/moveit_resources_fanuc_moveit_config:/home/suwi/ros2_4dof_arm/install/moveit_resources_pr2_description:/home/suwi/ros2_4dof_arm/install/moveit_resources_fanuc_description:/home/suwi/ros2_4dof_arm/install/moveit_msgs:/home/suwi/ros2_4dof_arm/install/moveit_configs_utils:${AMENT_PREFIX_PATH} CMAKE_PREFIX_PATH=/home/suwi/ros2_4dof_arm/install/moveit_setup_framework:/home/suwi/ros2_4dof_arm/install/moveit_ros_visualization:/home/suwi/ros2_4dof_arm/install/moveit_ros_planning_interface:/home/suwi/ros2_4dof_arm/install/moveit_ros_move_group:/home/suwi/ros2_4dof_arm/install/moveit_ros_warehouse:/home/suwi/ros2_4dof_arm/install/moveit_ros_robot_interaction:/home/suwi/ros2_4dof_arm/install/moveit_planners_ompl:/home/suwi/ros2_4dof_arm/install/moveit_kinematics:/home/suwi/ros2_4dof_arm/install/moveit_ros_planning:/home/suwi/ros2_4dof_arm/install/moveit_simple_controller_manager:/home/suwi/ros2_4dof_arm/install/moveit_ros_occupancy_map_monitor:/home/suwi/ros2_4dof_arm/install/moveit_core:/home/suwi/ros2_4dof_arm/install/moveit_resources_panda_moveit_config:/home/suwi/ros2_4dof_arm/install/moveit_resources_fanuc_moveit_config:/home/suwi/ros2_4dof_arm/install/moveit_resources_pr2_description:/home/suwi/ros2_4dof_arm/install/moveit_resources_panda_description:/home/suwi/ros2_4dof_arm/install/moveit_resources_fanuc_description:/home/suwi/ros2_4dof_arm/install/moveit_msgs:/home/suwi/ros2_4dof_arm/install/moveit_common:/home/suwi/ros2_4dof_arm/src/four_dof_arm/install/four_dof_arm:/home/suwi/ros2_4dof_arm/install/four_dof_arm:/opt/ros/humble:/opt/ros/humble:/home/suwi/ros2_ws_prac/install/my_robot_control:/path/to/object_recognition_msgs/install:/home/suwi/ros2_ws_prac/install/pub_sub LD_LIBRARY_PATH=/home/suwi/ros2_4dof_arm/install/moveit_setup_framework/lib:/home/suwi/ros2_4dof_arm/install/moveit_ros_visualization/lib:/home/suwi/ros2_4dof_arm/install/moveit_ros_planning_interface/lib:/home/suwi/ros2_4dof_arm/install/moveit_ros_move_group/lib:/home/suwi/ros2_4dof_arm/install/moveit_ros_warehouse/lib:/home/suwi/ros2_4dof_arm/install/moveit_ros_robot_interaction/lib:/home/suwi/ros2_4dof_arm/install/moveit_planners_ompl/lib:/home/suwi/ros2_4dof_arm/install/moveit_kinematics/lib:/home/suwi/ros2_4dof_arm/install/moveit_ros_planning/lib:/home/suwi/ros2_4dof_arm/install/moveit_simple_controller_manager/lib:/home/suwi/ros2_4dof_arm/install/moveit_ros_occupancy_map_monitor/lib:/home/suwi/ros2_4dof_arm/install/moveit_core/lib:/home/suwi/ros2_4dof_arm/install/moveit_msgs/lib:${LD_LIBRARY_PATH} PATH=/home/suwi/ros2_4dof_arm/install/moveit_core/bin:${PATH} PYTHONPATH=/home/suwi/ros2_4dof_arm/install/moveit_msgs/local/lib/python3.10/dist-packages:/home/suwi/ros2_4dof_arm/install/moveit_configs_utils/lib/python3.10/site-packages:${PYTHONPATH} /usr/bin/cmake --build /home/suwi/ros2_4dof_arm/build/moveit_setup_core_plugins -- -j8 -l8
[14.836s] [  6%] [34m[1mAutomatic MOC for target moveit_setup_core_plugins[0m
[15.024s] [  6%] Built target moveit_setup_core_plugins_autogen
[15.096s] [ 20%] [34m[1mGenerating include/moveit_setup_core_plugins/moc_author_information_widget.cpp[0m
[15.096s] [ 20%] [34m[1mGenerating include/moveit_setup_core_plugins/moc_start_screen_widget.cpp[0m
[15.099s] [ 26%] [34m[1mGenerating include/moveit_setup_core_plugins/moc_configuration_files_widget.cpp[0m
[15.263s] [ 33%] [32mBuilding CXX object CMakeFiles/moveit_setup_core_plugins.dir/src/start_screen.cpp.o[0m
[15.264s] [ 40%] [32mBuilding CXX object CMakeFiles/moveit_setup_core_plugins.dir/moveit_setup_core_plugins_autogen/mocs_compilation.cpp.o[0m
[15.265s] [ 46%] [32mBuilding CXX object CMakeFiles/moveit_setup_core_plugins.dir/src/start_screen_widget.cpp.o[0m
[15.269s] [ 60%] [32mBuilding CXX object CMakeFiles/moveit_setup_core_plugins.dir/src/configuration_files_widget.cpp.o[0m
[15.269s] [ 60%] [32mBuilding CXX object CMakeFiles/moveit_setup_core_plugins.dir/src/configuration_files.cpp.o[0m
[15.272s] [ 66%] [32mBuilding CXX object CMakeFiles/moveit_setup_core_plugins.dir/src/author_information.cpp.o[0m
[15.281s] [ 73%] [32mBuilding CXX object CMakeFiles/moveit_setup_core_plugins.dir/src/author_information_widget.cpp.o[0m
[15.289s] [ 80%] [32mBuilding CXX object CMakeFiles/moveit_setup_core_plugins.dir/include/moveit_setup_core_plugins/moc_start_screen_widget.cpp.o[0m
[15.431s] [ 86%] [32mBuilding CXX object CMakeFiles/moveit_setup_core_plugins.dir/include/moveit_setup_core_plugins/moc_configuration_files_widget.cpp.o[0m
[26.910s] [ 93%] [32mBuilding CXX object CMakeFiles/moveit_setup_core_plugins.dir/include/moveit_setup_core_plugins/moc_author_information_widget.cpp.o[0m
[62.303s] [100%] [32m[1mLinking CXX shared library libmoveit_setup_core_plugins.so[0m
[64.166s] [100%] Built target moveit_setup_core_plugins
[64.227s] Invoked command in '/home/suwi/ros2_4dof_arm/build/moveit_setup_core_plugins' returned '0': AMENT_PREFIX_PATH=/home/suwi/ros2_4dof_arm/install/moveit_setup_framework:/home/suwi/ros2_4dof_arm/install/moveit_ros_visualization:/home/suwi/ros2_4dof_arm/install/moveit_ros_planning_interface:/home/suwi/ros2_4dof_arm/install/moveit_ros_move_group:/home/suwi/ros2_4dof_arm/install/moveit_ros_warehouse:/home/suwi/ros2_4dof_arm/install/moveit_ros_robot_interaction:/home/suwi/ros2_4dof_arm/install/moveit_planners_ompl:/home/suwi/ros2_4dof_arm/install/moveit_kinematics:/home/suwi/ros2_4dof_arm/install/moveit_ros_planning:/home/suwi/ros2_4dof_arm/install/moveit_simple_controller_manager:/home/suwi/ros2_4dof_arm/install/moveit_ros_occupancy_map_monitor:/home/suwi/ros2_4dof_arm/install/moveit_core:/home/suwi/ros2_4dof_arm/install/moveit_resources_panda_moveit_config:/home/suwi/ros2_4dof_arm/install/moveit_resources_fanuc_moveit_config:/home/suwi/ros2_4dof_arm/install/moveit_resources_pr2_description:/home/suwi/ros2_4dof_arm/install/moveit_resources_fanuc_description:/home/suwi/ros2_4dof_arm/install/moveit_msgs:/home/suwi/ros2_4dof_arm/install/moveit_configs_utils:${AMENT_PREFIX_PATH} CMAKE_PREFIX_PATH=/home/suwi/ros2_4dof_arm/install/moveit_setup_framework:/home/suwi/ros2_4dof_arm/install/moveit_ros_visualization:/home/suwi/ros2_4dof_arm/install/moveit_ros_planning_interface:/home/suwi/ros2_4dof_arm/install/moveit_ros_move_group:/home/suwi/ros2_4dof_arm/install/moveit_ros_warehouse:/home/suwi/ros2_4dof_arm/install/moveit_ros_robot_interaction:/home/suwi/ros2_4dof_arm/install/moveit_planners_ompl:/home/suwi/ros2_4dof_arm/install/moveit_kinematics:/home/suwi/ros2_4dof_arm/install/moveit_ros_planning:/home/suwi/ros2_4dof_arm/install/moveit_simple_controller_manager:/home/suwi/ros2_4dof_arm/install/moveit_ros_occupancy_map_monitor:/home/suwi/ros2_4dof_arm/install/moveit_core:/home/suwi/ros2_4dof_arm/install/moveit_resources_panda_moveit_config:/home/suwi/ros2_4dof_arm/install/moveit_resources_fanuc_moveit_config:/home/suwi/ros2_4dof_arm/install/moveit_resources_pr2_description:/home/suwi/ros2_4dof_arm/install/moveit_resources_panda_description:/home/suwi/ros2_4dof_arm/install/moveit_resources_fanuc_description:/home/suwi/ros2_4dof_arm/install/moveit_msgs:/home/suwi/ros2_4dof_arm/install/moveit_common:/home/suwi/ros2_4dof_arm/src/four_dof_arm/install/four_dof_arm:/home/suwi/ros2_4dof_arm/install/four_dof_arm:/opt/ros/humble:/opt/ros/humble:/home/suwi/ros2_ws_prac/install/my_robot_control:/path/to/object_recognition_msgs/install:/home/suwi/ros2_ws_prac/install/pub_sub LD_LIBRARY_PATH=/home/suwi/ros2_4dof_arm/install/moveit_setup_framework/lib:/home/suwi/ros2_4dof_arm/install/moveit_ros_visualization/lib:/home/suwi/ros2_4dof_arm/install/moveit_ros_planning_interface/lib:/home/suwi/ros2_4dof_arm/install/moveit_ros_move_group/lib:/home/suwi/ros2_4dof_arm/install/moveit_ros_warehouse/lib:/home/suwi/ros2_4dof_arm/install/moveit_ros_robot_interaction/lib:/home/suwi/ros2_4dof_arm/install/moveit_planners_ompl/lib:/home/suwi/ros2_4dof_arm/install/moveit_kinematics/lib:/home/suwi/ros2_4dof_arm/install/moveit_ros_planning/lib:/home/suwi/ros2_4dof_arm/install/moveit_simple_controller_manager/lib:/home/suwi/ros2_4dof_arm/install/moveit_ros_occupancy_map_monitor/lib:/home/suwi/ros2_4dof_arm/install/moveit_core/lib:/home/suwi/ros2_4dof_arm/install/moveit_msgs/lib:${LD_LIBRARY_PATH} PATH=/home/suwi/ros2_4dof_arm/install/moveit_core/bin:${PATH} PYTHONPATH=/home/suwi/ros2_4dof_arm/install/moveit_msgs/local/lib/python3.10/dist-packages:/home/suwi/ros2_4dof_arm/install/moveit_configs_utils/lib/python3.10/site-packages:${PYTHONPATH} /usr/bin/cmake --build /home/suwi/ros2_4dof_arm/build/moveit_setup_core_plugins -- -j8 -l8
[64.234s] Invoking command in '/home/suwi/ros2_4dof_arm/build/moveit_setup_core_plugins': AMENT_PREFIX_PATH=/home/suwi/ros2_4dof_arm/install/moveit_setup_framework:/home/suwi/ros2_4dof_arm/install/moveit_ros_visualization:/home/suwi/ros2_4dof_arm/install/moveit_ros_planning_interface:/home/suwi/ros2_4dof_arm/install/moveit_ros_move_group:/home/suwi/ros2_4dof_arm/install/moveit_ros_warehouse:/home/suwi/ros2_4dof_arm/install/moveit_ros_robot_interaction:/home/suwi/ros2_4dof_arm/install/moveit_planners_ompl:/home/suwi/ros2_4dof_arm/install/moveit_kinematics:/home/suwi/ros2_4dof_arm/install/moveit_ros_planning:/home/suwi/ros2_4dof_arm/install/moveit_simple_controller_manager:/home/suwi/ros2_4dof_arm/install/moveit_ros_occupancy_map_monitor:/home/suwi/ros2_4dof_arm/install/moveit_core:/home/suwi/ros2_4dof_arm/install/moveit_resources_panda_moveit_config:/home/suwi/ros2_4dof_arm/install/moveit_resources_fanuc_moveit_config:/home/suwi/ros2_4dof_arm/install/moveit_resources_pr2_description:/home/suwi/ros2_4dof_arm/install/moveit_resources_fanuc_description:/home/suwi/ros2_4dof_arm/install/moveit_msgs:/home/suwi/ros2_4dof_arm/install/moveit_configs_utils:${AMENT_PREFIX_PATH} CMAKE_PREFIX_PATH=/home/suwi/ros2_4dof_arm/install/moveit_setup_framework:/home/suwi/ros2_4dof_arm/install/moveit_ros_visualization:/home/suwi/ros2_4dof_arm/install/moveit_ros_planning_interface:/home/suwi/ros2_4dof_arm/install/moveit_ros_move_group:/home/suwi/ros2_4dof_arm/install/moveit_ros_warehouse:/home/suwi/ros2_4dof_arm/install/moveit_ros_robot_interaction:/home/suwi/ros2_4dof_arm/install/moveit_planners_ompl:/home/suwi/ros2_4dof_arm/install/moveit_kinematics:/home/suwi/ros2_4dof_arm/install/moveit_ros_planning:/home/suwi/ros2_4dof_arm/install/moveit_simple_controller_manager:/home/suwi/ros2_4dof_arm/install/moveit_ros_occupancy_map_monitor:/home/suwi/ros2_4dof_arm/install/moveit_core:/home/suwi/ros2_4dof_arm/install/moveit_resources_panda_moveit_config:/home/suwi/ros2_4dof_arm/install/moveit_resources_fanuc_moveit_config:/home/suwi/ros2_4dof_arm/install/moveit_resources_pr2_description:/home/suwi/ros2_4dof_arm/install/moveit_resources_panda_description:/home/suwi/ros2_4dof_arm/install/moveit_resources_fanuc_description:/home/suwi/ros2_4dof_arm/install/moveit_msgs:/home/suwi/ros2_4dof_arm/install/moveit_common:/home/suwi/ros2_4dof_arm/src/four_dof_arm/install/four_dof_arm:/home/suwi/ros2_4dof_arm/install/four_dof_arm:/opt/ros/humble:/opt/ros/humble:/home/suwi/ros2_ws_prac/install/my_robot_control:/path/to/object_recognition_msgs/install:/home/suwi/ros2_ws_prac/install/pub_sub LD_LIBRARY_PATH=/home/suwi/ros2_4dof_arm/install/moveit_setup_framework/lib:/home/suwi/ros2_4dof_arm/install/moveit_ros_visualization/lib:/home/suwi/ros2_4dof_arm/install/moveit_ros_planning_interface/lib:/home/suwi/ros2_4dof_arm/install/moveit_ros_move_group/lib:/home/suwi/ros2_4dof_arm/install/moveit_ros_warehouse/lib:/home/suwi/ros2_4dof_arm/install/moveit_ros_robot_interaction/lib:/home/suwi/ros2_4dof_arm/install/moveit_planners_ompl/lib:/home/suwi/ros2_4dof_arm/install/moveit_kinematics/lib:/home/suwi/ros2_4dof_arm/install/moveit_ros_planning/lib:/home/suwi/ros2_4dof_arm/install/moveit_simple_controller_manager/lib:/home/suwi/ros2_4dof_arm/install/moveit_ros_occupancy_map_monitor/lib:/home/suwi/ros2_4dof_arm/install/moveit_core/lib:/home/suwi/ros2_4dof_arm/install/moveit_msgs/lib:${LD_LIBRARY_PATH} PATH=/home/suwi/ros2_4dof_arm/install/moveit_core/bin:${PATH} PYTHONPATH=/home/suwi/ros2_4dof_arm/install/moveit_msgs/local/lib/python3.10/dist-packages:/home/suwi/ros2_4dof_arm/install/moveit_configs_utils/lib/python3.10/site-packages:${PYTHONPATH} /usr/bin/cmake --install /home/suwi/ros2_4dof_arm/build/moveit_setup_core_plugins
[64.280s] -- Install configuration: "Release"
[64.281s] -- Installing: /home/suwi/ros2_4dof_arm/install/moveit_setup_core_plugins/lib/libmoveit_setup_core_plugins.so
[64.288s] -- Set runtime path of "/home/suwi/ros2_4dof_arm/install/moveit_setup_core_plugins/lib/libmoveit_setup_core_plugins.so" to ""
[64.289s] -- Installing: /home/suwi/ros2_4dof_arm/install/moveit_setup_core_plugins/share/moveit_setup_core_plugins/moveit_setup_framework_plugins.xml
[64.290s] -- Installing: /home/suwi/ros2_4dof_arm/install/moveit_setup_core_plugins/include
[64.291s] -- Installing: /home/suwi/ros2_4dof_arm/install/moveit_setup_core_plugins/include/moveit_setup_core_plugins
[64.292s] -- Installing: /home/suwi/ros2_4dof_arm/install/moveit_setup_core_plugins/include/moveit_setup_core_plugins/start_screen_widget.hpp
[64.292s] -- Installing: /home/suwi/ros2_4dof_arm/install/moveit_setup_core_plugins/include/moveit_setup_core_plugins/author_information_widget.hpp
[64.293s] -- Installing: /home/suwi/ros2_4dof_arm/install/moveit_setup_core_plugins/include/moveit_setup_core_plugins/configuration_files.hpp
[64.294s] -- Installing: /home/suwi/ros2_4dof_arm/install/moveit_setup_core_plugins/include/moveit_setup_core_plugins/start_screen.hpp
[64.294s] -- Installing: /home/suwi/ros2_4dof_arm/install/moveit_setup_core_plugins/include/moveit_setup_core_plugins/configuration_files_widget.hpp
[64.296s] -- Installing: /home/suwi/ros2_4dof_arm/install/moveit_setup_core_plugins/include/moveit_setup_core_plugins/author_information.hpp
[64.297s] -- Installing: /home/suwi/ros2_4dof_arm/install/moveit_setup_core_plugins/share/moveit_setup_core_plugins/environment/library_path.sh
[64.298s] -- Installing: /home/suwi/ros2_4dof_arm/install/moveit_setup_core_plugins/share/moveit_setup_core_plugins/environment/library_path.dsv
[64.298s] -- Up-to-date: /home/suwi/ros2_4dof_arm/install/moveit_setup_core_plugins/share/moveit_setup_core_plugins/moveit_setup_framework_plugins.xml
[64.299s] -- Installing: /home/suwi/ros2_4dof_arm/install/moveit_setup_core_plugins/share/ament_index/resource_index/package_run_dependencies/moveit_setup_core_plugins
[64.301s] -- Installing: /home/suwi/ros2_4dof_arm/install/moveit_setup_core_plugins/share/ament_index/resource_index/parent_prefix_path/moveit_setup_core_plugins
[64.302s] -- Installing: /home/suwi/ros2_4dof_arm/install/moveit_setup_core_plugins/share/moveit_setup_core_plugins/environment/ament_prefix_path.sh
[64.303s] -- Installing: /home/suwi/ros2_4dof_arm/install/moveit_setup_core_plugins/share/moveit_setup_core_plugins/environment/ament_prefix_path.dsv
[64.304s] -- Installing: /home/suwi/ros2_4dof_arm/install/moveit_setup_core_plugins/share/moveit_setup_core_plugins/environment/path.sh
[64.305s] -- Installing: /home/suwi/ros2_4dof_arm/install/moveit_setup_core_plugins/share/moveit_setup_core_plugins/environment/path.dsv
[64.306s] -- Installing: /home/suwi/ros2_4dof_arm/install/moveit_setup_core_plugins/share/moveit_setup_core_plugins/local_setup.bash
[64.307s] -- Installing: /home/suwi/ros2_4dof_arm/install/moveit_setup_core_plugins/share/moveit_setup_core_plugins/local_setup.sh
[64.308s] -- Installing: /home/suwi/ros2_4dof_arm/install/moveit_setup_core_plugins/share/moveit_setup_core_plugins/local_setup.zsh
[64.309s] -- Installing: /home/suwi/ros2_4dof_arm/install/moveit_setup_core_plugins/share/moveit_setup_core_plugins/local_setup.dsv
[64.310s] -- Installing: /home/suwi/ros2_4dof_arm/install/moveit_setup_core_plugins/share/moveit_setup_core_plugins/package.dsv
[64.312s] -- Installing: /home/suwi/ros2_4dof_arm/install/moveit_setup_core_plugins/share/ament_index/resource_index/packages/moveit_setup_core_plugins
[64.313s] -- Installing: /home/suwi/ros2_4dof_arm/install/moveit_setup_core_plugins/share/ament_index/resource_index/moveit_setup_framework__pluginlib__plugin/moveit_setup_core_plugins
[64.314s] -- Installing: /home/suwi/ros2_4dof_arm/install/moveit_setup_core_plugins/share/moveit_setup_core_plugins/cmake/export_moveit_setup_core_pluginsExport.cmake
[64.315s] -- Installing: /home/suwi/ros2_4dof_arm/install/moveit_setup_core_plugins/share/moveit_setup_core_plugins/cmake/export_moveit_setup_core_pluginsExport-release.cmake
[64.316s] -- Installing: /home/suwi/ros2_4dof_arm/install/moveit_setup_core_plugins/share/moveit_setup_core_plugins/cmake/ament_cmake_export_include_directories-extras.cmake
[64.317s] -- Installing: /home/suwi/ros2_4dof_arm/install/moveit_setup_core_plugins/share/moveit_setup_core_plugins/cmake/ament_cmake_export_libraries-extras.cmake
[64.318s] -- Installing: /home/suwi/ros2_4dof_arm/install/moveit_setup_core_plugins/share/moveit_setup_core_plugins/cmake/ament_cmake_export_targets-extras.cmake
[64.319s] -- Installing: /home/suwi/ros2_4dof_arm/install/moveit_setup_core_plugins/share/moveit_setup_core_plugins/cmake/moveit_setup_core_pluginsConfig.cmake
[64.320s] -- Installing: /home/suwi/ros2_4dof_arm/install/moveit_setup_core_plugins/share/moveit_setup_core_plugins/cmake/moveit_setup_core_pluginsConfig-version.cmake
[64.321s] -- Installing: /home/suwi/ros2_4dof_arm/install/moveit_setup_core_plugins/share/moveit_setup_core_plugins/package.xml
[64.328s] Invoked command in '/home/suwi/ros2_4dof_arm/build/moveit_setup_core_plugins' returned '0': AMENT_PREFIX_PATH=/home/suwi/ros2_4dof_arm/install/moveit_setup_framework:/home/suwi/ros2_4dof_arm/install/moveit_ros_visualization:/home/suwi/ros2_4dof_arm/install/moveit_ros_planning_interface:/home/suwi/ros2_4dof_arm/install/moveit_ros_move_group:/home/suwi/ros2_4dof_arm/install/moveit_ros_warehouse:/home/suwi/ros2_4dof_arm/install/moveit_ros_robot_interaction:/home/suwi/ros2_4dof_arm/install/moveit_planners_ompl:/home/suwi/ros2_4dof_arm/install/moveit_kinematics:/home/suwi/ros2_4dof_arm/install/moveit_ros_planning:/home/suwi/ros2_4dof_arm/install/moveit_simple_controller_manager:/home/suwi/ros2_4dof_arm/install/moveit_ros_occupancy_map_monitor:/home/suwi/ros2_4dof_arm/install/moveit_core:/home/suwi/ros2_4dof_arm/install/moveit_resources_panda_moveit_config:/home/suwi/ros2_4dof_arm/install/moveit_resources_fanuc_moveit_config:/home/suwi/ros2_4dof_arm/install/moveit_resources_pr2_description:/home/suwi/ros2_4dof_arm/install/moveit_resources_fanuc_description:/home/suwi/ros2_4dof_arm/install/moveit_msgs:/home/suwi/ros2_4dof_arm/install/moveit_configs_utils:${AMENT_PREFIX_PATH} CMAKE_PREFIX_PATH=/home/suwi/ros2_4dof_arm/install/moveit_setup_framework:/home/suwi/ros2_4dof_arm/install/moveit_ros_visualization:/home/suwi/ros2_4dof_arm/install/moveit_ros_planning_interface:/home/suwi/ros2_4dof_arm/install/moveit_ros_move_group:/home/suwi/ros2_4dof_arm/install/moveit_ros_warehouse:/home/suwi/ros2_4dof_arm/install/moveit_ros_robot_interaction:/home/suwi/ros2_4dof_arm/install/moveit_planners_ompl:/home/suwi/ros2_4dof_arm/install/moveit_kinematics:/home/suwi/ros2_4dof_arm/install/moveit_ros_planning:/home/suwi/ros2_4dof_arm/install/moveit_simple_controller_manager:/home/suwi/ros2_4dof_arm/install/moveit_ros_occupancy_map_monitor:/home/suwi/ros2_4dof_arm/install/moveit_core:/home/suwi/ros2_4dof_arm/install/moveit_resources_panda_moveit_config:/home/suwi/ros2_4dof_arm/install/moveit_resources_fanuc_moveit_config:/home/suwi/ros2_4dof_arm/install/moveit_resources_pr2_description:/home/suwi/ros2_4dof_arm/install/moveit_resources_panda_description:/home/suwi/ros2_4dof_arm/install/moveit_resources_fanuc_description:/home/suwi/ros2_4dof_arm/install/moveit_msgs:/home/suwi/ros2_4dof_arm/install/moveit_common:/home/suwi/ros2_4dof_arm/src/four_dof_arm/install/four_dof_arm:/home/suwi/ros2_4dof_arm/install/four_dof_arm:/opt/ros/humble:/opt/ros/humble:/home/suwi/ros2_ws_prac/install/my_robot_control:/path/to/object_recognition_msgs/install:/home/suwi/ros2_ws_prac/install/pub_sub LD_LIBRARY_PATH=/home/suwi/ros2_4dof_arm/install/moveit_setup_framework/lib:/home/suwi/ros2_4dof_arm/install/moveit_ros_visualization/lib:/home/suwi/ros2_4dof_arm/install/moveit_ros_planning_interface/lib:/home/suwi/ros2_4dof_arm/install/moveit_ros_move_group/lib:/home/suwi/ros2_4dof_arm/install/moveit_ros_warehouse/lib:/home/suwi/ros2_4dof_arm/install/moveit_ros_robot_interaction/lib:/home/suwi/ros2_4dof_arm/install/moveit_planners_ompl/lib:/home/suwi/ros2_4dof_arm/install/moveit_kinematics/lib:/home/suwi/ros2_4dof_arm/install/moveit_ros_planning/lib:/home/suwi/ros2_4dof_arm/install/moveit_simple_controller_manager/lib:/home/suwi/ros2_4dof_arm/install/moveit_ros_occupancy_map_monitor/lib:/home/suwi/ros2_4dof_arm/install/moveit_core/lib:/home/suwi/ros2_4dof_arm/install/moveit_msgs/lib:${LD_LIBRARY_PATH} PATH=/home/suwi/ros2_4dof_arm/install/moveit_core/bin:${PATH} PYTHONPATH=/home/suwi/ros2_4dof_arm/install/moveit_msgs/local/lib/python3.10/dist-packages:/home/suwi/ros2_4dof_arm/install/moveit_configs_utils/lib/python3.10/site-packages:${PYTHONPATH} /usr/bin/cmake --install /home/suwi/ros2_4dof_arm/build/moveit_setup_core_plugins
