[0.374s] Invoking command in '/home/suwi/ros2_4dof_arm/build/pilz_industrial_motion_planner': AMENT_PREFIX_PATH=/home/suwi/ros2_4dof_arm/install/moveit_configs_utils:/home/suwi/ros2_4dof_arm/install/pilz_industrial_motion_planner_testutils:/home/suwi/ros2_4dof_arm/install/moveit_runtime:/home/suwi/ros2_4dof_arm/install/moveit:/home/suwi/ros2_4dof_arm/install/moveit_planners:/home/suwi/ros2_4dof_arm/install/pilz_industrial_motion_planner:/home/suwi/ros2_4dof_arm/install/moveit_ros_control_interface:/home/suwi/ros2_4dof_arm/install/moveit_plugins:/home/suwi/ros2_4dof_arm/install/moveit_simple_controller_manager:/home/suwi/ros2_4dof_arm/install/moveit_setup_assistant:/home/suwi/ros2_4dof_arm/install/moveit_setup_srdf_plugins:/home/suwi/ros2_4dof_arm/install/moveit_setup_core_plugins:/home/suwi/ros2_4dof_arm/install/moveit_setup_controllers:/home/suwi/ros2_4dof_arm/install/moveit_setup_app_plugins:/home/suwi/ros2_4dof_arm/install/moveit_setup_framework:/home/suwi/ros2_4dof_arm/install/moveit_servo:/home/suwi/ros2_4dof_arm/install/moveit_ros:/home/suwi/ros2_4dof_arm/install/moveit_ros_visualization:/home/suwi/ros2_4dof_arm/install/moveit_hybrid_planning:/home/suwi/ros2_4dof_arm/install/moveit_ros_planning_interface:/home/suwi/ros2_4dof_arm/install/moveit_ros_benchmarks:/home/suwi/ros2_4dof_arm/install/moveit_ros_warehouse:/home/suwi/ros2_4dof_arm/install/moveit_ros_robot_interaction:/home/suwi/ros2_4dof_arm/install/moveit_ros_perception:/home/suwi/ros2_4dof_arm/install/moveit_resources_prbt_pg70_support:/home/suwi/ros2_4dof_arm/install/moveit_resources_prbt_moveit_config:/home/suwi/ros2_4dof_arm/install/moveit_ros_move_group:/home/suwi/ros2_4dof_arm/install/moveit_planners_ompl:/home/suwi/ros2_4dof_arm/install/moveit_ros_planning:/home/suwi/ros2_4dof_arm/install/moveit_ros_occupancy_map_monitor:/home/suwi/ros2_4dof_arm/install/moveit_resources_prbt_ikfast_manipulator_plugin:/home/suwi/ros2_4dof_arm/install/moveit_planners_chomp:/home/suwi/ros2_4dof_arm/install/moveit_kinematics:/home/suwi/ros2_4dof_arm/install/moveit_chomp_optimizer_adapter:/home/suwi/ros2_4dof_arm/install/chomp_motion_planner:/home/suwi/ros2_4dof_arm/install/moveit_core:/home/suwi/ros2_4dof_arm/install/moveit_msgs:/home/suwi/ros2_4dof_arm/install/moveit_resources_prbt_support:/home/suwi/ros2_4dof_arm/install/moveit_resources:/home/suwi/ros2_4dof_arm/install/moveit_resources_pr2_description:/home/suwi/ros2_4dof_arm/install/moveit_resources_panda_moveit_config:/home/suwi/ros2_4dof_arm/install/moveit_resources_fanuc_moveit_config:/home/suwi/ros2_4dof_arm/install/moveit_resources_fanuc_description:/home/suwi/ros2_4dof_arm/install/moveit_resources_panda_description:/home/suwi/ros2_4dof_arm/install/moveit_common:/home/suwi/ros2_4dof_arm/src/four_dof_arm/install/four_dof_arm:/home/suwi/ros2_4dof_arm/install/four_dof_arm:/home/suwi/ros2_ws_prac/install/pub_sub:/home/suwi/ros2_ws_prac/install/my_robot_control:/opt/ros/humble CMAKE_PREFIX_PATH=/home/suwi/ros2_4dof_arm/install/moveit_resources_prbt_pg70_support:/home/suwi/ros2_4dof_arm/install/moveit_ros_planning_interface:/home/suwi/ros2_4dof_arm/install/moveit_resources_prbt_moveit_config:/home/suwi/ros2_4dof_arm/install/moveit_ros_move_group:/home/suwi/ros2_4dof_arm/install/moveit_ros_warehouse:/home/suwi/ros2_4dof_arm/install/moveit_planners_ompl:/home/suwi/ros2_4dof_arm/install/moveit_kinematics:/home/suwi/ros2_4dof_arm/install/moveit_ros_planning:/home/suwi/ros2_4dof_arm/install/pilz_industrial_motion_planner_testutils:/home/suwi/ros2_4dof_arm/install/moveit_simple_controller_manager:/home/suwi/ros2_4dof_arm/install/moveit_ros_occupancy_map_monitor:/home/suwi/ros2_4dof_arm/install/moveit_resources_prbt_ikfast_manipulator_plugin:/home/suwi/ros2_4dof_arm/install/moveit_core:/home/suwi/ros2_4dof_arm/install/moveit_resources_panda_moveit_config:/home/suwi/ros2_4dof_arm/install/moveit_resources_fanuc_moveit_config:/home/suwi/ros2_4dof_arm/install/moveit_resources_prbt_support:/home/suwi/ros2_4dof_arm/install/moveit_resources_pr2_description:/home/suwi/ros2_4dof_arm/install/moveit_resources_panda_description:/home/suwi/ros2_4dof_arm/install/moveit_resources_fanuc_description:/home/suwi/ros2_4dof_arm/install/moveit_msgs:/home/suwi/ros2_4dof_arm/install/moveit_common:/home/suwi/ros2_4dof_arm/install/moveit_runtime:/home/suwi/ros2_4dof_arm/install/moveit:/home/suwi/ros2_4dof_arm/install/moveit_planners:/home/suwi/ros2_4dof_arm/install/pilz_industrial_motion_planner:/home/suwi/ros2_4dof_arm/install/moveit_ros_control_interface:/home/suwi/ros2_4dof_arm/install/moveit_plugins:/home/suwi/ros2_4dof_arm/install/moveit_setup_assistant:/home/suwi/ros2_4dof_arm/install/moveit_setup_srdf_plugins:/home/suwi/ros2_4dof_arm/install/moveit_setup_core_plugins:/home/suwi/ros2_4dof_arm/install/moveit_setup_controllers:/home/suwi/ros2_4dof_arm/install/moveit_setup_app_plugins:/home/suwi/ros2_4dof_arm/install/moveit_setup_framework:/home/suwi/ros2_4dof_arm/install/moveit_servo:/home/suwi/ros2_4dof_arm/install/moveit_ros:/home/suwi/ros2_4dof_arm/install/moveit_ros_visualization:/home/suwi/ros2_4dof_arm/install/moveit_hybrid_planning:/home/suwi/ros2_4dof_arm/install/moveit_ros_benchmarks:/home/suwi/ros2_4dof_arm/install/moveit_ros_robot_interaction:/home/suwi/ros2_4dof_arm/install/moveit_ros_perception:/home/suwi/ros2_4dof_arm/install/moveit_planners_chomp:/home/suwi/ros2_4dof_arm/install/moveit_chomp_optimizer_adapter:/home/suwi/ros2_4dof_arm/install/chomp_motion_planner:/home/suwi/ros2_4dof_arm/install/moveit_resources:/home/suwi/ros2_4dof_arm/src/four_dof_arm/install/four_dof_arm:/home/suwi/ros2_4dof_arm/install/four_dof_arm:/opt/ros/humble:/opt/ros/humble:/home/suwi/ros2_ws_prac/install/my_robot_control:/path/to/object_recognition_msgs/install:/home/suwi/ros2_4dof_arm/install/moveit_configs_utils:/home/suwi/ros2_ws_prac/install/pub_sub LD_LIBRARY_PATH=/home/suwi/ros2_4dof_arm/install/moveit_ros_planning_interface/lib:/home/suwi/ros2_4dof_arm/install/moveit_ros_move_group/lib:/home/suwi/ros2_4dof_arm/install/moveit_ros_warehouse/lib:/home/suwi/ros2_4dof_arm/install/moveit_planners_ompl/lib:/home/suwi/ros2_4dof_arm/install/moveit_kinematics/lib:/home/suwi/ros2_4dof_arm/install/moveit_ros_planning/lib:/home/suwi/ros2_4dof_arm/install/pilz_industrial_motion_planner_testutils/lib:/home/suwi/ros2_4dof_arm/install/moveit_simple_controller_manager/lib:/home/suwi/ros2_4dof_arm/install/moveit_ros_occupancy_map_monitor/lib:/home/suwi/ros2_4dof_arm/install/moveit_resources_prbt_ikfast_manipulator_plugin/lib:/home/suwi/ros2_4dof_arm/install/moveit_core/lib:/home/suwi/ros2_4dof_arm/install/moveit_msgs/lib:/home/suwi/ros2_4dof_arm/install/pilz_industrial_motion_planner/lib:/home/suwi/ros2_4dof_arm/install/moveit_ros_control_interface/lib:/home/suwi/ros2_4dof_arm/install/moveit_setup_assistant/lib:/home/suwi/ros2_4dof_arm/install/moveit_setup_srdf_plugins/lib:/home/suwi/ros2_4dof_arm/install/moveit_setup_core_plugins/lib:/home/suwi/ros2_4dof_arm/install/moveit_setup_controllers/lib:/home/suwi/ros2_4dof_arm/install/moveit_setup_app_plugins/lib:/home/suwi/ros2_4dof_arm/install/moveit_setup_framework/lib:/home/suwi/ros2_4dof_arm/install/moveit_servo/lib:/home/suwi/ros2_4dof_arm/install/moveit_ros_visualization/lib:/home/suwi/ros2_4dof_arm/install/moveit_hybrid_planning/lib:/home/suwi/ros2_4dof_arm/install/moveit_ros_benchmarks/lib:/home/suwi/ros2_4dof_arm/install/moveit_ros_robot_interaction/lib:/home/suwi/ros2_4dof_arm/install/moveit_ros_perception/lib:/home/suwi/ros2_4dof_arm/install/moveit_planners_chomp/lib:/home/suwi/ros2_4dof_arm/install/moveit_chomp_optimizer_adapter/lib:/home/suwi/ros2_4dof_arm/install/chomp_motion_planner/lib:/opt/ros/humble/opt/rviz_ogre_vendor/lib:/opt/ros/humble/lib/x86_64-linux-gnu:/opt/ros/humble/lib PYTHONPATH=/home/suwi/ros2_4dof_arm/install/moveit_configs_utils/lib/python3.10/site-packages:/home/suwi/ros2_4dof_arm/install/moveit_msgs/local/lib/python3.10/dist-packages:/home/suwi/ros2_ws_prac/build/pub_sub:/home/suwi/ros2_ws_prac/install/pub_sub/lib/python3.10/site-packages:/opt/ros/humble/lib/python3.10/site-packages:/opt/ros/humble/local/lib/python3.10/dist-packages /usr/bin/cmake --build /home/suwi/ros2_4dof_arm/build/pilz_industrial_motion_planner -- -j8 -l8
[0.754s] [35m[1mConsolidate compiler generated dependencies of target planning_context_loader_base[0m
[0.763s] [35m[1mConsolidate compiler generated dependencies of target gtest_main[0m
[0.767s] [35m[1mConsolidate compiler generated dependencies of target gtest[0m
[0.767s] [35m[1mConsolidate compiler generated dependencies of target gmock[0m
[0.768s] [35m[1mConsolidate compiler generated dependencies of target gmock_main[0m
[0.778s] [35m[1mConsolidate compiler generated dependencies of target joint_limits_common[0m
[0.781s] [35m[1mConsolidate compiler generated dependencies of target trajectory_generation_common[0m
[0.908s] [  2%] Built target gtest
[0.914s] [  4%] Built target gtest_main
[0.922s] [  7%] Built target gmock_main
[0.928s] [ 10%] Built target gmock
[0.973s] [ 13%] Built target planning_context_loader_base
[1.054s] [ 21%] Built target joint_limits_common
[1.133s] [ 26%] Built target trajectory_generation_common
[1.167s] [35m[1mConsolidate compiler generated dependencies of target pilz_industrial_motion_planner[0m
[1.168s] [35m[1mConsolidate compiler generated dependencies of target unittest_joint_limits_container[0m
[1.168s] [35m[1mConsolidate compiler generated dependencies of target unittest_joint_limit[0m
[1.169s] [35m[1mConsolidate compiler generated dependencies of target unittest_joint_limits_aggregator[0m
[1.173s] [35m[1mConsolidate compiler generated dependencies of target unittest_joint_limits_validator[0m
[1.209s] [35m[1mConsolidate compiler generated dependencies of target unittest_cartesian_limits_aggregator[0m
[1.279s] [35m[1mConsolidate compiler generated dependencies of target command_list_manager[0m
[1.311s] [35m[1mConsolidate compiler generated dependencies of target planning_context_loader_ptp[0m
[1.312s] [ 28%] Built target unittest_joint_limits_container
[1.372s] [ 31%] Built target unittest_joint_limit
[1.403s] [ 33%] Built target unittest_joint_limits_validator
[1.417s] [ 36%] Built target unittest_joint_limits_aggregator
[1.421s] [ 38%] Built target unittest_cartesian_limits_aggregator
[1.434s] [35m[1mConsolidate compiler generated dependencies of target planning_context_loader_lin[0m
[1.451s] [ 40%] Built target pilz_industrial_motion_planner
[1.493s] [35m[1mConsolidate compiler generated dependencies of target planning_context_loader_circ[0m
[1.535s] [35m[1mConsolidate compiler generated dependencies of target pilz_industrial_motion_planner_test_utils[0m
[1.566s] [ 44%] Built target command_list_manager
[1.582s] [35m[1mConsolidate compiler generated dependencies of target unittest_trajectory_generator[0m
[1.607s] [35m[1mConsolidate compiler generated dependencies of target unittest_pilz_industrial_motion_planner[0m
[1.607s] [35m[1mConsolidate compiler generated dependencies of target unittest_velocity_profile_atrap[0m
[1.627s] [ 49%] Built target planning_context_loader_ptp
[1.751s] [35m[1mConsolidate compiler generated dependencies of target unittest_get_solver_tip_frame[0m
[1.752s] [35m[1mConsolidate compiler generated dependencies of target sequence_capability[0m
[1.759s] [ 54%] Built target planning_context_loader_lin
[1.818s] [ 56%] Built target pilz_industrial_motion_planner_test_utils
[1.837s] [ 61%] Built target planning_context_loader_circ
[1.847s] [ 65%] Built target unittest_velocity_profile_atrap
[1.883s] [ 67%] Built target unittest_pilz_industrial_motion_planner
[1.888s] [35m[1mConsolidate compiler generated dependencies of target unittest_pilz_industrial_motion_planner_direct[0m
[1.930s] [ 71%] Built target unittest_trajectory_generator
[1.949s] [35m[1mConsolidate compiler generated dependencies of target unittest_trajectory_functions[0m
[1.985s] [35m[1mConsolidate compiler generated dependencies of target unittest_trajectory_blender_transition_window[0m
[1.990s] [ 73%] Built target unittest_get_solver_tip_frame
[2.008s] [35m[1mConsolidate compiler generated dependencies of target unittest_trajectory_generator_common[0m
[2.041s] [35m[1mConsolidate compiler generated dependencies of target unittest_trajectory_generator_lin[0m
[2.060s] [35m[1mConsolidate compiler generated dependencies of target unittest_trajectory_generator_circ[0m
[2.120s] [ 77%] Built target sequence_capability
[2.121s] [35m[1mConsolidate compiler generated dependencies of target unittest_trajectory_generator_ptp[0m
[2.185s] [ 79%] Built target unittest_pilz_industrial_motion_planner_direct
[2.237s] [ 81%] Built target unittest_trajectory_functions
[2.237s] [35m[1mConsolidate compiler generated dependencies of target unittest_planning_context_loaders[0m
[2.308s] [ 84%] Built target unittest_trajectory_generator_common
[2.309s] [35m[1mConsolidate compiler generated dependencies of target unittest_planning_context[0m
[2.334s] [ 87%] Built target unittest_trajectory_blender_transition_window
[2.366s] [ 92%] Built target unittest_trajectory_generator_lin
[2.366s] [ 92%] Built target unittest_trajectory_generator_ptp
[2.380s] [ 95%] Built target unittest_trajectory_generator_circ
[2.475s] [ 97%] Built target unittest_planning_context_loaders
[2.543s] [100%] Built target unittest_planning_context
[2.627s] Invoked command in '/home/suwi/ros2_4dof_arm/build/pilz_industrial_motion_planner' returned '0': AMENT_PREFIX_PATH=/home/suwi/ros2_4dof_arm/install/moveit_configs_utils:/home/suwi/ros2_4dof_arm/install/pilz_industrial_motion_planner_testutils:/home/suwi/ros2_4dof_arm/install/moveit_runtime:/home/suwi/ros2_4dof_arm/install/moveit:/home/suwi/ros2_4dof_arm/install/moveit_planners:/home/suwi/ros2_4dof_arm/install/pilz_industrial_motion_planner:/home/suwi/ros2_4dof_arm/install/moveit_ros_control_interface:/home/suwi/ros2_4dof_arm/install/moveit_plugins:/home/suwi/ros2_4dof_arm/install/moveit_simple_controller_manager:/home/suwi/ros2_4dof_arm/install/moveit_setup_assistant:/home/suwi/ros2_4dof_arm/install/moveit_setup_srdf_plugins:/home/suwi/ros2_4dof_arm/install/moveit_setup_core_plugins:/home/suwi/ros2_4dof_arm/install/moveit_setup_controllers:/home/suwi/ros2_4dof_arm/install/moveit_setup_app_plugins:/home/suwi/ros2_4dof_arm/install/moveit_setup_framework:/home/suwi/ros2_4dof_arm/install/moveit_servo:/home/suwi/ros2_4dof_arm/install/moveit_ros:/home/suwi/ros2_4dof_arm/install/moveit_ros_visualization:/home/suwi/ros2_4dof_arm/install/moveit_hybrid_planning:/home/suwi/ros2_4dof_arm/install/moveit_ros_planning_interface:/home/suwi/ros2_4dof_arm/install/moveit_ros_benchmarks:/home/suwi/ros2_4dof_arm/install/moveit_ros_warehouse:/home/suwi/ros2_4dof_arm/install/moveit_ros_robot_interaction:/home/suwi/ros2_4dof_arm/install/moveit_ros_perception:/home/suwi/ros2_4dof_arm/install/moveit_resources_prbt_pg70_support:/home/suwi/ros2_4dof_arm/install/moveit_resources_prbt_moveit_config:/home/suwi/ros2_4dof_arm/install/moveit_ros_move_group:/home/suwi/ros2_4dof_arm/install/moveit_planners_ompl:/home/suwi/ros2_4dof_arm/install/moveit_ros_planning:/home/suwi/ros2_4dof_arm/install/moveit_ros_occupancy_map_monitor:/home/suwi/ros2_4dof_arm/install/moveit_resources_prbt_ikfast_manipulator_plugin:/home/suwi/ros2_4dof_arm/install/moveit_planners_chomp:/home/suwi/ros2_4dof_arm/install/moveit_kinematics:/home/suwi/ros2_4dof_arm/install/moveit_chomp_optimizer_adapter:/home/suwi/ros2_4dof_arm/install/chomp_motion_planner:/home/suwi/ros2_4dof_arm/install/moveit_core:/home/suwi/ros2_4dof_arm/install/moveit_msgs:/home/suwi/ros2_4dof_arm/install/moveit_resources_prbt_support:/home/suwi/ros2_4dof_arm/install/moveit_resources:/home/suwi/ros2_4dof_arm/install/moveit_resources_pr2_description:/home/suwi/ros2_4dof_arm/install/moveit_resources_panda_moveit_config:/home/suwi/ros2_4dof_arm/install/moveit_resources_fanuc_moveit_config:/home/suwi/ros2_4dof_arm/install/moveit_resources_fanuc_description:/home/suwi/ros2_4dof_arm/install/moveit_resources_panda_description:/home/suwi/ros2_4dof_arm/install/moveit_common:/home/suwi/ros2_4dof_arm/src/four_dof_arm/install/four_dof_arm:/home/suwi/ros2_4dof_arm/install/four_dof_arm:/home/suwi/ros2_ws_prac/install/pub_sub:/home/suwi/ros2_ws_prac/install/my_robot_control:/opt/ros/humble CMAKE_PREFIX_PATH=/home/suwi/ros2_4dof_arm/install/moveit_resources_prbt_pg70_support:/home/suwi/ros2_4dof_arm/install/moveit_ros_planning_interface:/home/suwi/ros2_4dof_arm/install/moveit_resources_prbt_moveit_config:/home/suwi/ros2_4dof_arm/install/moveit_ros_move_group:/home/suwi/ros2_4dof_arm/install/moveit_ros_warehouse:/home/suwi/ros2_4dof_arm/install/moveit_planners_ompl:/home/suwi/ros2_4dof_arm/install/moveit_kinematics:/home/suwi/ros2_4dof_arm/install/moveit_ros_planning:/home/suwi/ros2_4dof_arm/install/pilz_industrial_motion_planner_testutils:/home/suwi/ros2_4dof_arm/install/moveit_simple_controller_manager:/home/suwi/ros2_4dof_arm/install/moveit_ros_occupancy_map_monitor:/home/suwi/ros2_4dof_arm/install/moveit_resources_prbt_ikfast_manipulator_plugin:/home/suwi/ros2_4dof_arm/install/moveit_core:/home/suwi/ros2_4dof_arm/install/moveit_resources_panda_moveit_config:/home/suwi/ros2_4dof_arm/install/moveit_resources_fanuc_moveit_config:/home/suwi/ros2_4dof_arm/install/moveit_resources_prbt_support:/home/suwi/ros2_4dof_arm/install/moveit_resources_pr2_description:/home/suwi/ros2_4dof_arm/install/moveit_resources_panda_description:/home/suwi/ros2_4dof_arm/install/moveit_resources_fanuc_description:/home/suwi/ros2_4dof_arm/install/moveit_msgs:/home/suwi/ros2_4dof_arm/install/moveit_common:/home/suwi/ros2_4dof_arm/install/moveit_runtime:/home/suwi/ros2_4dof_arm/install/moveit:/home/suwi/ros2_4dof_arm/install/moveit_planners:/home/suwi/ros2_4dof_arm/install/pilz_industrial_motion_planner:/home/suwi/ros2_4dof_arm/install/moveit_ros_control_interface:/home/suwi/ros2_4dof_arm/install/moveit_plugins:/home/suwi/ros2_4dof_arm/install/moveit_setup_assistant:/home/suwi/ros2_4dof_arm/install/moveit_setup_srdf_plugins:/home/suwi/ros2_4dof_arm/install/moveit_setup_core_plugins:/home/suwi/ros2_4dof_arm/install/moveit_setup_controllers:/home/suwi/ros2_4dof_arm/install/moveit_setup_app_plugins:/home/suwi/ros2_4dof_arm/install/moveit_setup_framework:/home/suwi/ros2_4dof_arm/install/moveit_servo:/home/suwi/ros2_4dof_arm/install/moveit_ros:/home/suwi/ros2_4dof_arm/install/moveit_ros_visualization:/home/suwi/ros2_4dof_arm/install/moveit_hybrid_planning:/home/suwi/ros2_4dof_arm/install/moveit_ros_benchmarks:/home/suwi/ros2_4dof_arm/install/moveit_ros_robot_interaction:/home/suwi/ros2_4dof_arm/install/moveit_ros_perception:/home/suwi/ros2_4dof_arm/install/moveit_planners_chomp:/home/suwi/ros2_4dof_arm/install/moveit_chomp_optimizer_adapter:/home/suwi/ros2_4dof_arm/install/chomp_motion_planner:/home/suwi/ros2_4dof_arm/install/moveit_resources:/home/suwi/ros2_4dof_arm/src/four_dof_arm/install/four_dof_arm:/home/suwi/ros2_4dof_arm/install/four_dof_arm:/opt/ros/humble:/opt/ros/humble:/home/suwi/ros2_ws_prac/install/my_robot_control:/path/to/object_recognition_msgs/install:/home/suwi/ros2_4dof_arm/install/moveit_configs_utils:/home/suwi/ros2_ws_prac/install/pub_sub LD_LIBRARY_PATH=/home/suwi/ros2_4dof_arm/install/moveit_ros_planning_interface/lib:/home/suwi/ros2_4dof_arm/install/moveit_ros_move_group/lib:/home/suwi/ros2_4dof_arm/install/moveit_ros_warehouse/lib:/home/suwi/ros2_4dof_arm/install/moveit_planners_ompl/lib:/home/suwi/ros2_4dof_arm/install/moveit_kinematics/lib:/home/suwi/ros2_4dof_arm/install/moveit_ros_planning/lib:/home/suwi/ros2_4dof_arm/install/pilz_industrial_motion_planner_testutils/lib:/home/suwi/ros2_4dof_arm/install/moveit_simple_controller_manager/lib:/home/suwi/ros2_4dof_arm/install/moveit_ros_occupancy_map_monitor/lib:/home/suwi/ros2_4dof_arm/install/moveit_resources_prbt_ikfast_manipulator_plugin/lib:/home/suwi/ros2_4dof_arm/install/moveit_core/lib:/home/suwi/ros2_4dof_arm/install/moveit_msgs/lib:/home/suwi/ros2_4dof_arm/install/pilz_industrial_motion_planner/lib:/home/suwi/ros2_4dof_arm/install/moveit_ros_control_interface/lib:/home/suwi/ros2_4dof_arm/install/moveit_setup_assistant/lib:/home/suwi/ros2_4dof_arm/install/moveit_setup_srdf_plugins/lib:/home/suwi/ros2_4dof_arm/install/moveit_setup_core_plugins/lib:/home/suwi/ros2_4dof_arm/install/moveit_setup_controllers/lib:/home/suwi/ros2_4dof_arm/install/moveit_setup_app_plugins/lib:/home/suwi/ros2_4dof_arm/install/moveit_setup_framework/lib:/home/suwi/ros2_4dof_arm/install/moveit_servo/lib:/home/suwi/ros2_4dof_arm/install/moveit_ros_visualization/lib:/home/suwi/ros2_4dof_arm/install/moveit_hybrid_planning/lib:/home/suwi/ros2_4dof_arm/install/moveit_ros_benchmarks/lib:/home/suwi/ros2_4dof_arm/install/moveit_ros_robot_interaction/lib:/home/suwi/ros2_4dof_arm/install/moveit_ros_perception/lib:/home/suwi/ros2_4dof_arm/install/moveit_planners_chomp/lib:/home/suwi/ros2_4dof_arm/install/moveit_chomp_optimizer_adapter/lib:/home/suwi/ros2_4dof_arm/install/chomp_motion_planner/lib:/opt/ros/humble/opt/rviz_ogre_vendor/lib:/opt/ros/humble/lib/x86_64-linux-gnu:/opt/ros/humble/lib PYTHONPATH=/home/suwi/ros2_4dof_arm/install/moveit_configs_utils/lib/python3.10/site-packages:/home/suwi/ros2_4dof_arm/install/moveit_msgs/local/lib/python3.10/dist-packages:/home/suwi/ros2_ws_prac/build/pub_sub:/home/suwi/ros2_ws_prac/install/pub_sub/lib/python3.10/site-packages:/opt/ros/humble/lib/python3.10/site-packages:/opt/ros/humble/local/lib/python3.10/dist-packages /usr/bin/cmake --build /home/suwi/ros2_4dof_arm/build/pilz_industrial_motion_planner -- -j8 -l8
[2.634s] Invoking command in '/home/suwi/ros2_4dof_arm/build/pilz_industrial_motion_planner': AMENT_PREFIX_PATH=/home/suwi/ros2_4dof_arm/install/moveit_configs_utils:/home/suwi/ros2_4dof_arm/install/pilz_industrial_motion_planner_testutils:/home/suwi/ros2_4dof_arm/install/moveit_runtime:/home/suwi/ros2_4dof_arm/install/moveit:/home/suwi/ros2_4dof_arm/install/moveit_planners:/home/suwi/ros2_4dof_arm/install/pilz_industrial_motion_planner:/home/suwi/ros2_4dof_arm/install/moveit_ros_control_interface:/home/suwi/ros2_4dof_arm/install/moveit_plugins:/home/suwi/ros2_4dof_arm/install/moveit_simple_controller_manager:/home/suwi/ros2_4dof_arm/install/moveit_setup_assistant:/home/suwi/ros2_4dof_arm/install/moveit_setup_srdf_plugins:/home/suwi/ros2_4dof_arm/install/moveit_setup_core_plugins:/home/suwi/ros2_4dof_arm/install/moveit_setup_controllers:/home/suwi/ros2_4dof_arm/install/moveit_setup_app_plugins:/home/suwi/ros2_4dof_arm/install/moveit_setup_framework:/home/suwi/ros2_4dof_arm/install/moveit_servo:/home/suwi/ros2_4dof_arm/install/moveit_ros:/home/suwi/ros2_4dof_arm/install/moveit_ros_visualization:/home/suwi/ros2_4dof_arm/install/moveit_hybrid_planning:/home/suwi/ros2_4dof_arm/install/moveit_ros_planning_interface:/home/suwi/ros2_4dof_arm/install/moveit_ros_benchmarks:/home/suwi/ros2_4dof_arm/install/moveit_ros_warehouse:/home/suwi/ros2_4dof_arm/install/moveit_ros_robot_interaction:/home/suwi/ros2_4dof_arm/install/moveit_ros_perception:/home/suwi/ros2_4dof_arm/install/moveit_resources_prbt_pg70_support:/home/suwi/ros2_4dof_arm/install/moveit_resources_prbt_moveit_config:/home/suwi/ros2_4dof_arm/install/moveit_ros_move_group:/home/suwi/ros2_4dof_arm/install/moveit_planners_ompl:/home/suwi/ros2_4dof_arm/install/moveit_ros_planning:/home/suwi/ros2_4dof_arm/install/moveit_ros_occupancy_map_monitor:/home/suwi/ros2_4dof_arm/install/moveit_resources_prbt_ikfast_manipulator_plugin:/home/suwi/ros2_4dof_arm/install/moveit_planners_chomp:/home/suwi/ros2_4dof_arm/install/moveit_kinematics:/home/suwi/ros2_4dof_arm/install/moveit_chomp_optimizer_adapter:/home/suwi/ros2_4dof_arm/install/chomp_motion_planner:/home/suwi/ros2_4dof_arm/install/moveit_core:/home/suwi/ros2_4dof_arm/install/moveit_msgs:/home/suwi/ros2_4dof_arm/install/moveit_resources_prbt_support:/home/suwi/ros2_4dof_arm/install/moveit_resources:/home/suwi/ros2_4dof_arm/install/moveit_resources_pr2_description:/home/suwi/ros2_4dof_arm/install/moveit_resources_panda_moveit_config:/home/suwi/ros2_4dof_arm/install/moveit_resources_fanuc_moveit_config:/home/suwi/ros2_4dof_arm/install/moveit_resources_fanuc_description:/home/suwi/ros2_4dof_arm/install/moveit_resources_panda_description:/home/suwi/ros2_4dof_arm/install/moveit_common:/home/suwi/ros2_4dof_arm/src/four_dof_arm/install/four_dof_arm:/home/suwi/ros2_4dof_arm/install/four_dof_arm:/home/suwi/ros2_ws_prac/install/pub_sub:/home/suwi/ros2_ws_prac/install/my_robot_control:/opt/ros/humble CMAKE_PREFIX_PATH=/home/suwi/ros2_4dof_arm/install/moveit_resources_prbt_pg70_support:/home/suwi/ros2_4dof_arm/install/moveit_ros_planning_interface:/home/suwi/ros2_4dof_arm/install/moveit_resources_prbt_moveit_config:/home/suwi/ros2_4dof_arm/install/moveit_ros_move_group:/home/suwi/ros2_4dof_arm/install/moveit_ros_warehouse:/home/suwi/ros2_4dof_arm/install/moveit_planners_ompl:/home/suwi/ros2_4dof_arm/install/moveit_kinematics:/home/suwi/ros2_4dof_arm/install/moveit_ros_planning:/home/suwi/ros2_4dof_arm/install/pilz_industrial_motion_planner_testutils:/home/suwi/ros2_4dof_arm/install/moveit_simple_controller_manager:/home/suwi/ros2_4dof_arm/install/moveit_ros_occupancy_map_monitor:/home/suwi/ros2_4dof_arm/install/moveit_resources_prbt_ikfast_manipulator_plugin:/home/suwi/ros2_4dof_arm/install/moveit_core:/home/suwi/ros2_4dof_arm/install/moveit_resources_panda_moveit_config:/home/suwi/ros2_4dof_arm/install/moveit_resources_fanuc_moveit_config:/home/suwi/ros2_4dof_arm/install/moveit_resources_prbt_support:/home/suwi/ros2_4dof_arm/install/moveit_resources_pr2_description:/home/suwi/ros2_4dof_arm/install/moveit_resources_panda_description:/home/suwi/ros2_4dof_arm/install/moveit_resources_fanuc_description:/home/suwi/ros2_4dof_arm/install/moveit_msgs:/home/suwi/ros2_4dof_arm/install/moveit_common:/home/suwi/ros2_4dof_arm/install/moveit_runtime:/home/suwi/ros2_4dof_arm/install/moveit:/home/suwi/ros2_4dof_arm/install/moveit_planners:/home/suwi/ros2_4dof_arm/install/pilz_industrial_motion_planner:/home/suwi/ros2_4dof_arm/install/moveit_ros_control_interface:/home/suwi/ros2_4dof_arm/install/moveit_plugins:/home/suwi/ros2_4dof_arm/install/moveit_setup_assistant:/home/suwi/ros2_4dof_arm/install/moveit_setup_srdf_plugins:/home/suwi/ros2_4dof_arm/install/moveit_setup_core_plugins:/home/suwi/ros2_4dof_arm/install/moveit_setup_controllers:/home/suwi/ros2_4dof_arm/install/moveit_setup_app_plugins:/home/suwi/ros2_4dof_arm/install/moveit_setup_framework:/home/suwi/ros2_4dof_arm/install/moveit_servo:/home/suwi/ros2_4dof_arm/install/moveit_ros:/home/suwi/ros2_4dof_arm/install/moveit_ros_visualization:/home/suwi/ros2_4dof_arm/install/moveit_hybrid_planning:/home/suwi/ros2_4dof_arm/install/moveit_ros_benchmarks:/home/suwi/ros2_4dof_arm/install/moveit_ros_robot_interaction:/home/suwi/ros2_4dof_arm/install/moveit_ros_perception:/home/suwi/ros2_4dof_arm/install/moveit_planners_chomp:/home/suwi/ros2_4dof_arm/install/moveit_chomp_optimizer_adapter:/home/suwi/ros2_4dof_arm/install/chomp_motion_planner:/home/suwi/ros2_4dof_arm/install/moveit_resources:/home/suwi/ros2_4dof_arm/src/four_dof_arm/install/four_dof_arm:/home/suwi/ros2_4dof_arm/install/four_dof_arm:/opt/ros/humble:/opt/ros/humble:/home/suwi/ros2_ws_prac/install/my_robot_control:/path/to/object_recognition_msgs/install:/home/suwi/ros2_4dof_arm/install/moveit_configs_utils:/home/suwi/ros2_ws_prac/install/pub_sub LD_LIBRARY_PATH=/home/suwi/ros2_4dof_arm/install/moveit_ros_planning_interface/lib:/home/suwi/ros2_4dof_arm/install/moveit_ros_move_group/lib:/home/suwi/ros2_4dof_arm/install/moveit_ros_warehouse/lib:/home/suwi/ros2_4dof_arm/install/moveit_planners_ompl/lib:/home/suwi/ros2_4dof_arm/install/moveit_kinematics/lib:/home/suwi/ros2_4dof_arm/install/moveit_ros_planning/lib:/home/suwi/ros2_4dof_arm/install/pilz_industrial_motion_planner_testutils/lib:/home/suwi/ros2_4dof_arm/install/moveit_simple_controller_manager/lib:/home/suwi/ros2_4dof_arm/install/moveit_ros_occupancy_map_monitor/lib:/home/suwi/ros2_4dof_arm/install/moveit_resources_prbt_ikfast_manipulator_plugin/lib:/home/suwi/ros2_4dof_arm/install/moveit_core/lib:/home/suwi/ros2_4dof_arm/install/moveit_msgs/lib:/home/suwi/ros2_4dof_arm/install/pilz_industrial_motion_planner/lib:/home/suwi/ros2_4dof_arm/install/moveit_ros_control_interface/lib:/home/suwi/ros2_4dof_arm/install/moveit_setup_assistant/lib:/home/suwi/ros2_4dof_arm/install/moveit_setup_srdf_plugins/lib:/home/suwi/ros2_4dof_arm/install/moveit_setup_core_plugins/lib:/home/suwi/ros2_4dof_arm/install/moveit_setup_controllers/lib:/home/suwi/ros2_4dof_arm/install/moveit_setup_app_plugins/lib:/home/suwi/ros2_4dof_arm/install/moveit_setup_framework/lib:/home/suwi/ros2_4dof_arm/install/moveit_servo/lib:/home/suwi/ros2_4dof_arm/install/moveit_ros_visualization/lib:/home/suwi/ros2_4dof_arm/install/moveit_hybrid_planning/lib:/home/suwi/ros2_4dof_arm/install/moveit_ros_benchmarks/lib:/home/suwi/ros2_4dof_arm/install/moveit_ros_robot_interaction/lib:/home/suwi/ros2_4dof_arm/install/moveit_ros_perception/lib:/home/suwi/ros2_4dof_arm/install/moveit_planners_chomp/lib:/home/suwi/ros2_4dof_arm/install/moveit_chomp_optimizer_adapter/lib:/home/suwi/ros2_4dof_arm/install/chomp_motion_planner/lib:/opt/ros/humble/opt/rviz_ogre_vendor/lib:/opt/ros/humble/lib/x86_64-linux-gnu:/opt/ros/humble/lib PYTHONPATH=/home/suwi/ros2_4dof_arm/install/moveit_configs_utils/lib/python3.10/site-packages:/home/suwi/ros2_4dof_arm/install/moveit_msgs/local/lib/python3.10/dist-packages:/home/suwi/ros2_ws_prac/build/pub_sub:/home/suwi/ros2_ws_prac/install/pub_sub/lib/python3.10/site-packages:/opt/ros/humble/lib/python3.10/site-packages:/opt/ros/humble/local/lib/python3.10/dist-packages /usr/bin/cmake --install /home/suwi/ros2_4dof_arm/build/pilz_industrial_motion_planner
[2.696s] -- Install configuration: "Release"
[2.697s] -- Up-to-date: /home/suwi/ros2_4dof_arm/install/pilz_industrial_motion_planner/share/pilz_industrial_motion_planner/plugins/pilz_industrial_motion_planner_plugin_description.xml
[2.697s] -- Up-to-date: /home/suwi/ros2_4dof_arm/install/pilz_industrial_motion_planner/share/pilz_industrial_motion_planner/plugins/sequence_capability_plugin_description.xml
[2.697s] -- Up-to-date: /home/suwi/ros2_4dof_arm/install/pilz_industrial_motion_planner/share/pilz_industrial_motion_planner/plugins/planning_context_plugin_description.xml
[2.700s] -- Up-to-date: /home/suwi/ros2_4dof_arm/install/pilz_industrial_motion_planner/lib/libpilz_industrial_motion_planner.so
[2.706s] -- Up-to-date: /home/suwi/ros2_4dof_arm/install/pilz_industrial_motion_planner/lib/libjoint_limits_common.so
[2.710s] -- Up-to-date: /home/suwi/ros2_4dof_arm/install/pilz_industrial_motion_planner/lib/libplanning_context_loader_base.so
[2.714s] -- Up-to-date: /home/suwi/ros2_4dof_arm/install/pilz_industrial_motion_planner/lib/libplanning_context_loader_ptp.so
[2.719s] -- Up-to-date: /home/suwi/ros2_4dof_arm/install/pilz_industrial_motion_planner/lib/libplanning_context_loader_lin.so
[2.724s] -- Up-to-date: /home/suwi/ros2_4dof_arm/install/pilz_industrial_motion_planner/lib/libplanning_context_loader_circ.so
[2.729s] -- Up-to-date: /home/suwi/ros2_4dof_arm/install/pilz_industrial_motion_planner/lib/libcommand_list_manager.so
[2.734s] -- Up-to-date: /home/suwi/ros2_4dof_arm/install/pilz_industrial_motion_planner/lib/libsequence_capability.so
[2.739s] -- Up-to-date: /home/suwi/ros2_4dof_arm/install/pilz_industrial_motion_planner/lib/libtrajectory_generation_common.so
[2.741s] -- Up-to-date: /home/suwi/ros2_4dof_arm/install/pilz_industrial_motion_planner/include
[2.741s] -- Up-to-date: /home/suwi/ros2_4dof_arm/install/pilz_industrial_motion_planner/include/joint_limits_copy
[2.742s] -- Up-to-date: /home/suwi/ros2_4dof_arm/install/pilz_industrial_motion_planner/include/joint_limits_copy/joint_limits_rosparam.hpp
[2.742s] -- Up-to-date: /home/suwi/ros2_4dof_arm/install/pilz_industrial_motion_planner/include/joint_limits_copy/joint_limits.hpp
[2.742s] -- Up-to-date: /home/suwi/ros2_4dof_arm/install/pilz_industrial_motion_planner/include/pilz_industrial_motion_planner
[2.744s] -- Up-to-date: /home/suwi/ros2_4dof_arm/install/pilz_industrial_motion_planner/include/pilz_industrial_motion_planner/trajectory_generator_ptp.h
[2.744s] -- Up-to-date: /home/suwi/ros2_4dof_arm/install/pilz_industrial_motion_planner/include/pilz_industrial_motion_planner/trajectory_functions.h
[2.744s] -- Up-to-date: /home/suwi/ros2_4dof_arm/install/pilz_industrial_motion_planner/include/pilz_industrial_motion_planner/velocity_profile_atrap.h
[2.745s] -- Up-to-date: /home/suwi/ros2_4dof_arm/install/pilz_industrial_motion_planner/include/pilz_industrial_motion_planner/joint_limits_interface_extension.h
[2.746s] -- Up-to-date: /home/suwi/ros2_4dof_arm/install/pilz_industrial_motion_planner/include/pilz_industrial_motion_planner/limits_container.h
[2.746s] -- Up-to-date: /home/suwi/ros2_4dof_arm/install/pilz_industrial_motion_planner/include/pilz_industrial_motion_planner/planning_context_loader_circ.h
[2.747s] -- Up-to-date: /home/suwi/ros2_4dof_arm/install/pilz_industrial_motion_planner/include/pilz_industrial_motion_planner/trajectory_generator_circ.h
[2.747s] -- Up-to-date: /home/suwi/ros2_4dof_arm/install/pilz_industrial_motion_planner/include/pilz_industrial_motion_planner/cartesian_trajectory.h
[2.748s] -- Up-to-date: /home/suwi/ros2_4dof_arm/install/pilz_industrial_motion_planner/include/pilz_industrial_motion_planner/move_group_sequence_service.h
[2.748s] -- Up-to-date: /home/suwi/ros2_4dof_arm/install/pilz_industrial_motion_planner/include/pilz_industrial_motion_planner/trajectory_generation_exceptions.h
[2.749s] -- Up-to-date: /home/suwi/ros2_4dof_arm/install/pilz_industrial_motion_planner/include/pilz_industrial_motion_planner/trajectory_generator.h
[2.749s] -- Up-to-date: /home/suwi/ros2_4dof_arm/install/pilz_industrial_motion_planner/include/pilz_industrial_motion_planner/planning_context_loader_lin.h
[2.749s] -- Up-to-date: /home/suwi/ros2_4dof_arm/install/pilz_industrial_motion_planner/include/pilz_industrial_motion_planner/planning_context_ptp.h
[2.750s] -- Up-to-date: /home/suwi/ros2_4dof_arm/install/pilz_industrial_motion_planner/include/pilz_industrial_motion_planner/cartesian_limit.h
[2.750s] -- Up-to-date: /home/suwi/ros2_4dof_arm/install/pilz_industrial_motion_planner/include/pilz_industrial_motion_planner/trajectory_blend_response.h
[2.751s] -- Up-to-date: /home/suwi/ros2_4dof_arm/install/pilz_industrial_motion_planner/include/pilz_industrial_motion_planner/plan_components_builder.h
[2.751s] -- Up-to-date: /home/suwi/ros2_4dof_arm/install/pilz_industrial_motion_planner/include/pilz_industrial_motion_planner/planning_context_circ.h
[2.752s] -- Up-to-date: /home/suwi/ros2_4dof_arm/install/pilz_industrial_motion_planner/include/pilz_industrial_motion_planner/joint_limits_validator.h
[2.752s] -- Up-to-date: /home/suwi/ros2_4dof_arm/install/pilz_industrial_motion_planner/include/pilz_industrial_motion_planner/planning_context_base.h
[2.752s] -- Up-to-date: /home/suwi/ros2_4dof_arm/install/pilz_industrial_motion_planner/include/pilz_industrial_motion_planner/planning_exceptions.h
[2.753s] -- Up-to-date: /home/suwi/ros2_4dof_arm/install/pilz_industrial_motion_planner/include/pilz_industrial_motion_planner/command_list_manager.h
[2.753s] -- Up-to-date: /home/suwi/ros2_4dof_arm/install/pilz_industrial_motion_planner/include/pilz_industrial_motion_planner/path_circle_generator.h
[2.753s] -- Up-to-date: /home/suwi/ros2_4dof_arm/install/pilz_industrial_motion_planner/include/pilz_industrial_motion_planner/trajectory_blend_request.h
[2.754s] -- Up-to-date: /home/suwi/ros2_4dof_arm/install/pilz_industrial_motion_planner/include/pilz_industrial_motion_planner/trajectory_blender_transition_window.h
[2.754s] -- Up-to-date: /home/suwi/ros2_4dof_arm/install/pilz_industrial_motion_planner/include/pilz_industrial_motion_planner/capability_names.h
[2.754s] -- Up-to-date: /home/suwi/ros2_4dof_arm/install/pilz_industrial_motion_planner/include/pilz_industrial_motion_planner/trajectory_blender.h
[2.754s] -- Up-to-date: /home/suwi/ros2_4dof_arm/install/pilz_industrial_motion_planner/include/pilz_industrial_motion_planner/cartesian_limits_aggregator.h
[2.755s] -- Up-to-date: /home/suwi/ros2_4dof_arm/install/pilz_industrial_motion_planner/include/pilz_industrial_motion_planner/tip_frame_getter.h
[2.755s] -- Up-to-date: /home/suwi/ros2_4dof_arm/install/pilz_industrial_motion_planner/include/pilz_industrial_motion_planner/joint_limits_container.h
[2.755s] -- Up-to-date: /home/suwi/ros2_4dof_arm/install/pilz_industrial_motion_planner/include/pilz_industrial_motion_planner/move_group_sequence_action.h
[2.755s] -- Up-to-date: /home/suwi/ros2_4dof_arm/install/pilz_industrial_motion_planner/include/pilz_industrial_motion_planner/trajectory_generator_lin.h
[2.756s] -- Up-to-date: /home/suwi/ros2_4dof_arm/install/pilz_industrial_motion_planner/include/pilz_industrial_motion_planner/joint_limits_aggregator.h
[2.756s] -- Up-to-date: /home/suwi/ros2_4dof_arm/install/pilz_industrial_motion_planner/include/pilz_industrial_motion_planner/planning_context_loader.h
[2.756s] -- Up-to-date: /home/suwi/ros2_4dof_arm/install/pilz_industrial_motion_planner/include/pilz_industrial_motion_planner/planning_context_loader_ptp.h
[2.757s] -- Up-to-date: /home/suwi/ros2_4dof_arm/install/pilz_industrial_motion_planner/include/pilz_industrial_motion_planner/cartesian_trajectory_point.h
[2.757s] -- Up-to-date: /home/suwi/ros2_4dof_arm/install/pilz_industrial_motion_planner/include/pilz_industrial_motion_planner/pilz_industrial_motion_planner.h
[2.757s] -- Up-to-date: /home/suwi/ros2_4dof_arm/install/pilz_industrial_motion_planner/include/pilz_industrial_motion_planner/planning_context_lin.h
[2.757s] -- Up-to-date: /home/suwi/ros2_4dof_arm/install/pilz_industrial_motion_planner/include/pilz_industrial_motion_planner/joint_limits_extension.h
[2.757s] -- Up-to-date: /home/suwi/ros2_4dof_arm/install/pilz_industrial_motion_planner/share/pilz_industrial_motion_planner/environment/library_path.sh
[2.758s] -- Up-to-date: /home/suwi/ros2_4dof_arm/install/pilz_industrial_motion_planner/share/pilz_industrial_motion_planner/environment/library_path.dsv
[2.759s] -- Up-to-date: /home/suwi/ros2_4dof_arm/install/pilz_industrial_motion_planner/lib/pilz_industrial_motion_planner/unittest_pilz_industrial_motion_planner_direct
[2.764s] -- Up-to-date: /home/suwi/ros2_4dof_arm/install/pilz_industrial_motion_planner/lib/pilz_industrial_motion_planner/unittest_velocity_profile_atrap
[2.768s] -- Up-to-date: /home/suwi/ros2_4dof_arm/install/pilz_industrial_motion_planner/lib/pilz_industrial_motion_planner/unittest_trajectory_generator
[2.773s] -- Up-to-date: /home/suwi/ros2_4dof_arm/install/pilz_industrial_motion_planner/lib/pilz_industrial_motion_planner/unittest_trajectory_functions
[2.779s] -- Up-to-date: /home/suwi/ros2_4dof_arm/install/pilz_industrial_motion_planner/lib/pilz_industrial_motion_planner/unittest_trajectory_blender_transition_window
[2.785s] -- Up-to-date: /home/suwi/ros2_4dof_arm/install/pilz_industrial_motion_planner/lib/pilz_industrial_motion_planner/unittest_trajectory_generator_common
[2.790s] -- Up-to-date: /home/suwi/ros2_4dof_arm/install/pilz_industrial_motion_planner/lib/pilz_industrial_motion_planner/unittest_trajectory_generator_circ
[2.795s] -- Up-to-date: /home/suwi/ros2_4dof_arm/install/pilz_industrial_motion_planner/lib/pilz_industrial_motion_planner/unittest_trajectory_generator_lin
[2.800s] -- Up-to-date: /home/suwi/ros2_4dof_arm/install/pilz_industrial_motion_planner/lib/pilz_industrial_motion_planner/unittest_trajectory_generator_ptp
[2.805s] -- Up-to-date: /home/suwi/ros2_4dof_arm/install/pilz_industrial_motion_planner/lib/pilz_industrial_motion_planner/unittest_pilz_industrial_motion_planner
[2.810s] -- Up-to-date: /home/suwi/ros2_4dof_arm/install/pilz_industrial_motion_planner/lib/pilz_industrial_motion_planner/unittest_joint_limit
[2.815s] -- Up-to-date: /home/suwi/ros2_4dof_arm/install/pilz_industrial_motion_planner/lib/pilz_industrial_motion_planner/unittest_joint_limits_aggregator
[2.819s] -- Up-to-date: /home/suwi/ros2_4dof_arm/install/pilz_industrial_motion_planner/lib/pilz_industrial_motion_planner/unittest_joint_limits_container
[2.823s] -- Up-to-date: /home/suwi/ros2_4dof_arm/install/pilz_industrial_motion_planner/lib/pilz_industrial_motion_planner/unittest_joint_limits_validator
[2.828s] -- Up-to-date: /home/suwi/ros2_4dof_arm/install/pilz_industrial_motion_planner/lib/pilz_industrial_motion_planner/unittest_cartesian_limits_aggregator
[2.833s] -- Up-to-date: /home/suwi/ros2_4dof_arm/install/pilz_industrial_motion_planner/lib/pilz_industrial_motion_planner/unittest_planning_context_loaders
[2.837s] -- Up-to-date: /home/suwi/ros2_4dof_arm/install/pilz_industrial_motion_planner/lib/pilz_industrial_motion_planner/unittest_planning_context
[2.842s] -- Up-to-date: /home/suwi/ros2_4dof_arm/install/pilz_industrial_motion_planner/lib/pilz_industrial_motion_planner/unittest_get_solver_tip_frame
[2.845s] -- Up-to-date: /home/suwi/ros2_4dof_arm/install/pilz_industrial_motion_planner/share/pilz_industrial_motion_planner/config
[2.845s] -- Up-to-date: /home/suwi/ros2_4dof_arm/install/pilz_industrial_motion_planner/share/pilz_industrial_motion_planner/config/unittest_trajectory_blender_transition_window.yaml
[2.845s] -- Up-to-date: /home/suwi/ros2_4dof_arm/install/pilz_industrial_motion_planner/share/pilz_industrial_motion_planner/config/unittest_joint_limits_aggregator.yaml
[2.846s] -- Up-to-date: /home/suwi/ros2_4dof_arm/install/pilz_industrial_motion_planner/share/pilz_industrial_motion_planner/config/unittest_trajectory_functions.yaml
[2.846s] -- Up-to-date: /home/suwi/ros2_4dof_arm/install/pilz_industrial_motion_planner/share/pilz_industrial_motion_planner/config/unittest_trajectory_generator_common.yaml
[2.847s] -- Up-to-date: /home/suwi/ros2_4dof_arm/install/pilz_industrial_motion_planner/share/pilz_industrial_motion_planner/config/unittest_trajectory_generator_lin.yaml
[2.847s] -- Up-to-date: /home/suwi/ros2_4dof_arm/install/pilz_industrial_motion_planner/share/pilz_industrial_motion_planner/config/unittest_trajectory_generator_circ.yaml
[2.848s] -- Up-to-date: /home/suwi/ros2_4dof_arm/install/pilz_industrial_motion_planner/share/pilz_industrial_motion_planner/config/unittest_cartesian_limits_aggregator.yaml
[2.848s] -- Up-to-date: /home/suwi/ros2_4dof_arm/install/pilz_industrial_motion_planner/share/pilz_industrial_motion_planner/config/unittest_joint_limit_config.yaml
[2.849s] -- Up-to-date: /home/suwi/ros2_4dof_arm/install/pilz_industrial_motion_planner/share/pilz_industrial_motion_planner/config/unittest_trajectory_generator_ptp.yaml
[2.849s] -- Up-to-date: /home/suwi/ros2_4dof_arm/install/pilz_industrial_motion_planner/share/pilz_industrial_motion_planner/launch
[2.850s] -- Up-to-date: /home/suwi/ros2_4dof_arm/install/pilz_industrial_motion_planner/share/pilz_industrial_motion_planner/launch/unittest_planning_context.test.py
[2.850s] -- Up-to-date: /home/suwi/ros2_4dof_arm/install/pilz_industrial_motion_planner/share/pilz_industrial_motion_planner/launch/unittest_trajectory_generator_common.test.py
[2.851s] -- Up-to-date: /home/suwi/ros2_4dof_arm/install/pilz_industrial_motion_planner/share/pilz_industrial_motion_planner/launch/unittest_trajectory_blender_transition_window.test.py
[2.851s] -- Up-to-date: /home/suwi/ros2_4dof_arm/install/pilz_industrial_motion_planner/share/pilz_industrial_motion_planner/launch/unittest_planning_context_loaders.test.py
[2.852s] -- Up-to-date: /home/suwi/ros2_4dof_arm/install/pilz_industrial_motion_planner/share/pilz_industrial_motion_planner/launch/common_parameters.py
[2.852s] -- Up-to-date: /home/suwi/ros2_4dof_arm/install/pilz_industrial_motion_planner/share/pilz_industrial_motion_planner/launch/unittest_joint_limits_aggregator.test.py
[2.853s] -- Up-to-date: /home/suwi/ros2_4dof_arm/install/pilz_industrial_motion_planner/share/pilz_industrial_motion_planner/launch/unittest_cartesian_limits_aggregator.test.py
[2.854s] -- Up-to-date: /home/suwi/ros2_4dof_arm/install/pilz_industrial_motion_planner/share/pilz_industrial_motion_planner/launch/unittest_trajectory_generator_ptp.test.py
[2.855s] -- Up-to-date: /home/suwi/ros2_4dof_arm/install/pilz_industrial_motion_planner/share/pilz_industrial_motion_planner/launch/unittest_joint_limit.test.py
[2.855s] -- Up-to-date: /home/suwi/ros2_4dof_arm/install/pilz_industrial_motion_planner/share/pilz_industrial_motion_planner/launch/unittest_trajectory_functions.test.py
[2.855s] -- Up-to-date: /home/suwi/ros2_4dof_arm/install/pilz_industrial_motion_planner/share/pilz_industrial_motion_planner/launch/unittest_pilz_industrial_motion_planner.test.py
[2.856s] -- Up-to-date: /home/suwi/ros2_4dof_arm/install/pilz_industrial_motion_planner/share/pilz_industrial_motion_planner/launch/unittest_trajectory_generator_circ.test.py
[2.856s] -- Up-to-date: /home/suwi/ros2_4dof_arm/install/pilz_industrial_motion_planner/share/pilz_industrial_motion_planner/launch/unittest_trajectory_generator_lin.test.py
[2.857s] -- Up-to-date: /home/suwi/ros2_4dof_arm/install/pilz_industrial_motion_planner/share/pilz_industrial_motion_planner/test_data
[2.858s] -- Up-to-date: /home/suwi/ros2_4dof_arm/install/pilz_industrial_motion_planner/share/pilz_industrial_motion_planner/test_data/testpoints.py
[2.859s] -- Up-to-date: /home/suwi/ros2_4dof_arm/install/pilz_industrial_motion_planner/share/pilz_industrial_motion_planner/test_data/concept_testdata.odp
[2.859s] -- Up-to-date: /home/suwi/ros2_4dof_arm/install/pilz_industrial_motion_planner/share/pilz_industrial_motion_planner/test_data/prbt
[2.859s] -- Up-to-date: /home/suwi/ros2_4dof_arm/install/pilz_industrial_motion_planner/share/pilz_industrial_motion_planner/test_data/prbt/testdata_with_gripper.xml
[2.859s] -- Up-to-date: /home/suwi/ros2_4dof_arm/install/pilz_industrial_motion_planner/share/pilz_industrial_motion_planner/test_data/prbt/testdata_sequence.xml
[2.860s] -- Up-to-date: /home/suwi/ros2_4dof_arm/install/pilz_industrial_motion_planner/share/pilz_industrial_motion_planner/test_data/prbt/testdata_deprecated.xml
[2.860s] -- Up-to-date: /home/suwi/ros2_4dof_arm/install/pilz_industrial_motion_planner/share/pilz_industrial_motion_planner/test_data/concept_testdata.png
[2.861s] -- Up-to-date: /home/suwi/ros2_4dof_arm/install/pilz_industrial_motion_planner/share/pilz_industrial_motion_planner/test_data/frankaemika_panda
[2.861s] -- Up-to-date: /home/suwi/ros2_4dof_arm/install/pilz_industrial_motion_planner/share/pilz_industrial_motion_planner/test_data/frankaemika_panda/testdata_sequence.xml
[2.861s] -- Up-to-date: /home/suwi/ros2_4dof_arm/install/pilz_industrial_motion_planner/share/ament_index/resource_index/package_run_dependencies/pilz_industrial_motion_planner
[2.861s] -- Up-to-date: /home/suwi/ros2_4dof_arm/install/pilz_industrial_motion_planner/share/ament_index/resource_index/parent_prefix_path/pilz_industrial_motion_planner
[2.862s] -- Up-to-date: /home/suwi/ros2_4dof_arm/install/pilz_industrial_motion_planner/share/pilz_industrial_motion_planner/environment/ament_prefix_path.sh
[2.862s] -- Up-to-date: /home/suwi/ros2_4dof_arm/install/pilz_industrial_motion_planner/share/pilz_industrial_motion_planner/environment/ament_prefix_path.dsv
[2.862s] -- Up-to-date: /home/suwi/ros2_4dof_arm/install/pilz_industrial_motion_planner/share/pilz_industrial_motion_planner/environment/path.sh
[2.862s] -- Up-to-date: /home/suwi/ros2_4dof_arm/install/pilz_industrial_motion_planner/share/pilz_industrial_motion_planner/environment/path.dsv
[2.863s] -- Up-to-date: /home/suwi/ros2_4dof_arm/install/pilz_industrial_motion_planner/share/pilz_industrial_motion_planner/local_setup.bash
[2.863s] -- Up-to-date: /home/suwi/ros2_4dof_arm/install/pilz_industrial_motion_planner/share/pilz_industrial_motion_planner/local_setup.sh
[2.864s] -- Up-to-date: /home/suwi/ros2_4dof_arm/install/pilz_industrial_motion_planner/share/pilz_industrial_motion_planner/local_setup.zsh
[2.864s] -- Up-to-date: /home/suwi/ros2_4dof_arm/install/pilz_industrial_motion_planner/share/pilz_industrial_motion_planner/local_setup.dsv
[2.865s] -- Installing: /home/suwi/ros2_4dof_arm/install/pilz_industrial_motion_planner/share/pilz_industrial_motion_planner/package.dsv
[2.865s] -- Up-to-date: /home/suwi/ros2_4dof_arm/install/pilz_industrial_motion_planner/share/ament_index/resource_index/packages/pilz_industrial_motion_planner
[2.866s] -- Up-to-date: /home/suwi/ros2_4dof_arm/install/pilz_industrial_motion_planner/share/ament_index/resource_index/moveit_core__pluginlib__plugin/pilz_industrial_motion_planner
[2.866s] -- Up-to-date: /home/suwi/ros2_4dof_arm/install/pilz_industrial_motion_planner/share/ament_index/resource_index/moveit_ros_move_group__pluginlib__plugin/pilz_industrial_motion_planner
[2.867s] -- Up-to-date: /home/suwi/ros2_4dof_arm/install/pilz_industrial_motion_planner/share/ament_index/resource_index/pilz_industrial_motion_planner__pluginlib__plugin/pilz_industrial_motion_planner
[2.869s] -- Up-to-date: /home/suwi/ros2_4dof_arm/install/pilz_industrial_motion_planner/share/pilz_industrial_motion_planner/cmake/pilz_industrial_motion_plannerTargetsExport.cmake
[2.870s] -- Up-to-date: /home/suwi/ros2_4dof_arm/install/pilz_industrial_motion_planner/share/pilz_industrial_motion_planner/cmake/pilz_industrial_motion_plannerTargetsExport-release.cmake
[2.872s] -- Up-to-date: /home/suwi/ros2_4dof_arm/install/pilz_industrial_motion_planner/share/pilz_industrial_motion_planner/cmake/ament_cmake_export_include_directories-extras.cmake
[2.873s] -- Up-to-date: /home/suwi/ros2_4dof_arm/install/pilz_industrial_motion_planner/share/pilz_industrial_motion_planner/cmake/ament_cmake_export_targets-extras.cmake
[2.873s] -- Up-to-date: /home/suwi/ros2_4dof_arm/install/pilz_industrial_motion_planner/share/pilz_industrial_motion_planner/cmake/ament_cmake_export_dependencies-extras.cmake
[2.874s] -- Up-to-date: /home/suwi/ros2_4dof_arm/install/pilz_industrial_motion_planner/share/pilz_industrial_motion_planner/cmake/pilz_industrial_motion_plannerConfig.cmake
[2.874s] -- Up-to-date: /home/suwi/ros2_4dof_arm/install/pilz_industrial_motion_planner/share/pilz_industrial_motion_planner/cmake/pilz_industrial_motion_plannerConfig-version.cmake
[2.875s] -- Up-to-date: /home/suwi/ros2_4dof_arm/install/pilz_industrial_motion_planner/share/pilz_industrial_motion_planner/package.xml
[2.875s] Invoked command in '/home/suwi/ros2_4dof_arm/build/pilz_industrial_motion_planner' returned '0': AMENT_PREFIX_PATH=/home/suwi/ros2_4dof_arm/install/moveit_configs_utils:/home/suwi/ros2_4dof_arm/install/pilz_industrial_motion_planner_testutils:/home/suwi/ros2_4dof_arm/install/moveit_runtime:/home/suwi/ros2_4dof_arm/install/moveit:/home/suwi/ros2_4dof_arm/install/moveit_planners:/home/suwi/ros2_4dof_arm/install/pilz_industrial_motion_planner:/home/suwi/ros2_4dof_arm/install/moveit_ros_control_interface:/home/suwi/ros2_4dof_arm/install/moveit_plugins:/home/suwi/ros2_4dof_arm/install/moveit_simple_controller_manager:/home/suwi/ros2_4dof_arm/install/moveit_setup_assistant:/home/suwi/ros2_4dof_arm/install/moveit_setup_srdf_plugins:/home/suwi/ros2_4dof_arm/install/moveit_setup_core_plugins:/home/suwi/ros2_4dof_arm/install/moveit_setup_controllers:/home/suwi/ros2_4dof_arm/install/moveit_setup_app_plugins:/home/suwi/ros2_4dof_arm/install/moveit_setup_framework:/home/suwi/ros2_4dof_arm/install/moveit_servo:/home/suwi/ros2_4dof_arm/install/moveit_ros:/home/suwi/ros2_4dof_arm/install/moveit_ros_visualization:/home/suwi/ros2_4dof_arm/install/moveit_hybrid_planning:/home/suwi/ros2_4dof_arm/install/moveit_ros_planning_interface:/home/suwi/ros2_4dof_arm/install/moveit_ros_benchmarks:/home/suwi/ros2_4dof_arm/install/moveit_ros_warehouse:/home/suwi/ros2_4dof_arm/install/moveit_ros_robot_interaction:/home/suwi/ros2_4dof_arm/install/moveit_ros_perception:/home/suwi/ros2_4dof_arm/install/moveit_resources_prbt_pg70_support:/home/suwi/ros2_4dof_arm/install/moveit_resources_prbt_moveit_config:/home/suwi/ros2_4dof_arm/install/moveit_ros_move_group:/home/suwi/ros2_4dof_arm/install/moveit_planners_ompl:/home/suwi/ros2_4dof_arm/install/moveit_ros_planning:/home/suwi/ros2_4dof_arm/install/moveit_ros_occupancy_map_monitor:/home/suwi/ros2_4dof_arm/install/moveit_resources_prbt_ikfast_manipulator_plugin:/home/suwi/ros2_4dof_arm/install/moveit_planners_chomp:/home/suwi/ros2_4dof_arm/install/moveit_kinematics:/home/suwi/ros2_4dof_arm/install/moveit_chomp_optimizer_adapter:/home/suwi/ros2_4dof_arm/install/chomp_motion_planner:/home/suwi/ros2_4dof_arm/install/moveit_core:/home/suwi/ros2_4dof_arm/install/moveit_msgs:/home/suwi/ros2_4dof_arm/install/moveit_resources_prbt_support:/home/suwi/ros2_4dof_arm/install/moveit_resources:/home/suwi/ros2_4dof_arm/install/moveit_resources_pr2_description:/home/suwi/ros2_4dof_arm/install/moveit_resources_panda_moveit_config:/home/suwi/ros2_4dof_arm/install/moveit_resources_fanuc_moveit_config:/home/suwi/ros2_4dof_arm/install/moveit_resources_fanuc_description:/home/suwi/ros2_4dof_arm/install/moveit_resources_panda_description:/home/suwi/ros2_4dof_arm/install/moveit_common:/home/suwi/ros2_4dof_arm/src/four_dof_arm/install/four_dof_arm:/home/suwi/ros2_4dof_arm/install/four_dof_arm:/home/suwi/ros2_ws_prac/install/pub_sub:/home/suwi/ros2_ws_prac/install/my_robot_control:/opt/ros/humble CMAKE_PREFIX_PATH=/home/suwi/ros2_4dof_arm/install/moveit_resources_prbt_pg70_support:/home/suwi/ros2_4dof_arm/install/moveit_ros_planning_interface:/home/suwi/ros2_4dof_arm/install/moveit_resources_prbt_moveit_config:/home/suwi/ros2_4dof_arm/install/moveit_ros_move_group:/home/suwi/ros2_4dof_arm/install/moveit_ros_warehouse:/home/suwi/ros2_4dof_arm/install/moveit_planners_ompl:/home/suwi/ros2_4dof_arm/install/moveit_kinematics:/home/suwi/ros2_4dof_arm/install/moveit_ros_planning:/home/suwi/ros2_4dof_arm/install/pilz_industrial_motion_planner_testutils:/home/suwi/ros2_4dof_arm/install/moveit_simple_controller_manager:/home/suwi/ros2_4dof_arm/install/moveit_ros_occupancy_map_monitor:/home/suwi/ros2_4dof_arm/install/moveit_resources_prbt_ikfast_manipulator_plugin:/home/suwi/ros2_4dof_arm/install/moveit_core:/home/suwi/ros2_4dof_arm/install/moveit_resources_panda_moveit_config:/home/suwi/ros2_4dof_arm/install/moveit_resources_fanuc_moveit_config:/home/suwi/ros2_4dof_arm/install/moveit_resources_prbt_support:/home/suwi/ros2_4dof_arm/install/moveit_resources_pr2_description:/home/suwi/ros2_4dof_arm/install/moveit_resources_panda_description:/home/suwi/ros2_4dof_arm/install/moveit_resources_fanuc_description:/home/suwi/ros2_4dof_arm/install/moveit_msgs:/home/suwi/ros2_4dof_arm/install/moveit_common:/home/suwi/ros2_4dof_arm/install/moveit_runtime:/home/suwi/ros2_4dof_arm/install/moveit:/home/suwi/ros2_4dof_arm/install/moveit_planners:/home/suwi/ros2_4dof_arm/install/pilz_industrial_motion_planner:/home/suwi/ros2_4dof_arm/install/moveit_ros_control_interface:/home/suwi/ros2_4dof_arm/install/moveit_plugins:/home/suwi/ros2_4dof_arm/install/moveit_setup_assistant:/home/suwi/ros2_4dof_arm/install/moveit_setup_srdf_plugins:/home/suwi/ros2_4dof_arm/install/moveit_setup_core_plugins:/home/suwi/ros2_4dof_arm/install/moveit_setup_controllers:/home/suwi/ros2_4dof_arm/install/moveit_setup_app_plugins:/home/suwi/ros2_4dof_arm/install/moveit_setup_framework:/home/suwi/ros2_4dof_arm/install/moveit_servo:/home/suwi/ros2_4dof_arm/install/moveit_ros:/home/suwi/ros2_4dof_arm/install/moveit_ros_visualization:/home/suwi/ros2_4dof_arm/install/moveit_hybrid_planning:/home/suwi/ros2_4dof_arm/install/moveit_ros_benchmarks:/home/suwi/ros2_4dof_arm/install/moveit_ros_robot_interaction:/home/suwi/ros2_4dof_arm/install/moveit_ros_perception:/home/suwi/ros2_4dof_arm/install/moveit_planners_chomp:/home/suwi/ros2_4dof_arm/install/moveit_chomp_optimizer_adapter:/home/suwi/ros2_4dof_arm/install/chomp_motion_planner:/home/suwi/ros2_4dof_arm/install/moveit_resources:/home/suwi/ros2_4dof_arm/src/four_dof_arm/install/four_dof_arm:/home/suwi/ros2_4dof_arm/install/four_dof_arm:/opt/ros/humble:/opt/ros/humble:/home/suwi/ros2_ws_prac/install/my_robot_control:/path/to/object_recognition_msgs/install:/home/suwi/ros2_4dof_arm/install/moveit_configs_utils:/home/suwi/ros2_ws_prac/install/pub_sub LD_LIBRARY_PATH=/home/suwi/ros2_4dof_arm/install/moveit_ros_planning_interface/lib:/home/suwi/ros2_4dof_arm/install/moveit_ros_move_group/lib:/home/suwi/ros2_4dof_arm/install/moveit_ros_warehouse/lib:/home/suwi/ros2_4dof_arm/install/moveit_planners_ompl/lib:/home/suwi/ros2_4dof_arm/install/moveit_kinematics/lib:/home/suwi/ros2_4dof_arm/install/moveit_ros_planning/lib:/home/suwi/ros2_4dof_arm/install/pilz_industrial_motion_planner_testutils/lib:/home/suwi/ros2_4dof_arm/install/moveit_simple_controller_manager/lib:/home/suwi/ros2_4dof_arm/install/moveit_ros_occupancy_map_monitor/lib:/home/suwi/ros2_4dof_arm/install/moveit_resources_prbt_ikfast_manipulator_plugin/lib:/home/suwi/ros2_4dof_arm/install/moveit_core/lib:/home/suwi/ros2_4dof_arm/install/moveit_msgs/lib:/home/suwi/ros2_4dof_arm/install/pilz_industrial_motion_planner/lib:/home/suwi/ros2_4dof_arm/install/moveit_ros_control_interface/lib:/home/suwi/ros2_4dof_arm/install/moveit_setup_assistant/lib:/home/suwi/ros2_4dof_arm/install/moveit_setup_srdf_plugins/lib:/home/suwi/ros2_4dof_arm/install/moveit_setup_core_plugins/lib:/home/suwi/ros2_4dof_arm/install/moveit_setup_controllers/lib:/home/suwi/ros2_4dof_arm/install/moveit_setup_app_plugins/lib:/home/suwi/ros2_4dof_arm/install/moveit_setup_framework/lib:/home/suwi/ros2_4dof_arm/install/moveit_servo/lib:/home/suwi/ros2_4dof_arm/install/moveit_ros_visualization/lib:/home/suwi/ros2_4dof_arm/install/moveit_hybrid_planning/lib:/home/suwi/ros2_4dof_arm/install/moveit_ros_benchmarks/lib:/home/suwi/ros2_4dof_arm/install/moveit_ros_robot_interaction/lib:/home/suwi/ros2_4dof_arm/install/moveit_ros_perception/lib:/home/suwi/ros2_4dof_arm/install/moveit_planners_chomp/lib:/home/suwi/ros2_4dof_arm/install/moveit_chomp_optimizer_adapter/lib:/home/suwi/ros2_4dof_arm/install/chomp_motion_planner/lib:/opt/ros/humble/opt/rviz_ogre_vendor/lib:/opt/ros/humble/lib/x86_64-linux-gnu:/opt/ros/humble/lib PYTHONPATH=/home/suwi/ros2_4dof_arm/install/moveit_configs_utils/lib/python3.10/site-packages:/home/suwi/ros2_4dof_arm/install/moveit_msgs/local/lib/python3.10/dist-packages:/home/suwi/ros2_ws_prac/build/pub_sub:/home/suwi/ros2_ws_prac/install/pub_sub/lib/python3.10/site-packages:/opt/ros/humble/lib/python3.10/site-packages:/opt/ros/humble/local/lib/python3.10/dist-packages /usr/bin/cmake --install /home/suwi/ros2_4dof_arm/build/pilz_industrial_motion_planner
