[0.068s] Invoking command in '/home/suwi/ros2_4dof_arm/build/moveit_core': AMENT_PREFIX_PATH=/home/suwi/ros2_4dof_arm/install/moveit_resources_panda_moveit_config:/home/suwi/ros2_4dof_arm/install/moveit_resources_pr2_description:/home/suwi/ros2_4dof_arm/install/moveit_msgs:${AMENT_PREFIX_PATH} CMAKE_PREFIX_PATH=/home/suwi/ros2_4dof_arm/install/moveit_resources_panda_moveit_config:/home/suwi/ros2_4dof_arm/install/moveit_resources_pr2_description:/home/suwi/ros2_4dof_arm/install/moveit_resources_panda_description:/home/suwi/ros2_4dof_arm/install/moveit_msgs:/home/suwi/ros2_4dof_arm/install/moveit_common:/home/suwi/ros2_4dof_arm/src/four_dof_arm/install/four_dof_arm:/home/suwi/ros2_4dof_arm/install/four_dof_arm:/opt/ros/humble:/opt/ros/humble:/home/suwi/ros2_ws_prac/install/my_robot_control:/path/to/object_recognition_msgs/install:/home/suwi/ros2_ws_prac/install/pub_sub LD_LIBRARY_PATH=/home/suwi/ros2_4dof_arm/install/moveit_msgs/lib:${LD_LIBRARY_PATH} PYTHONPATH=/home/suwi/ros2_4dof_arm/install/moveit_msgs/local/lib/python3.10/dist-packages:${PYTHONPATH} /usr/bin/cmake /home/suwi/ros2_4dof_arm/src/moveit2/moveit_core -DCMAKE_INSTALL_PREFIX=/home/suwi/ros2_4dof_arm/install/moveit_core
[0.342s] -- The CXX compiler identification is GNU 11.4.0
[0.368s] -- Detecting CXX compiler ABI info
[0.729s] -- Detecting CXX compiler ABI info - done
[0.738s] -- Check for working CXX compiler: /usr/bin/c++ - skipped
[0.739s] -- Detecting CXX compile features
[0.740s] -- Detecting CXX compile features - done
[0.748s] -- Found moveit_common: 2.5.8 (/home/suwi/ros2_4dof_arm/install/moveit_common/share/moveit_common/cmake)
[0.763s] -- Found ament_cmake: 1.3.11 (/opt/ros/humble/share/ament_cmake/cmake)
[1.210s] -- Found Python3: /usr/bin/python3 (found version "3.10.12") found components: Interpreter 
[1.703s] [0mmoveit_core: You did not request a specific build type: Choosing 'Release' for maximum performance[0m
[1.716s] -- Found angles: 1.15.0 (/opt/ros/humble/share/angles/cmake)
[1.790s] -- Found Bullet: /usr/lib/x86_64-linux-gnu/libBulletDynamics.so (Required is at least version "2.87") 
[1.802s] -- Found common_interfaces: 4.8.0 (/opt/ros/humble/share/common_interfaces/cmake)
[1.815s] -- Found eigen_stl_containers: 1.1.0 (/opt/ros/humble/share/eigen_stl_containers/cmake)
[1.860s] -- Found eigen3_cmake_module: 0.1.1 (/opt/ros/humble/share/eigen3_cmake_module/cmake)
[1.881s] -- Found Eigen3: TRUE (found version "3.4.0") 
[1.909s] -- Found generate_parameter_library: 0.4.0 (/opt/ros/humble/share/generate_parameter_library/cmake)
[1.940s] -- Found parameter_traits: 0.4.0 (/opt/ros/humble/share/parameter_traits/cmake)
[2.132s] -- Found rosidl_generator_c: 3.1.6 (/opt/ros/humble/share/rosidl_generator_c/cmake)
[2.160s] -- Found rosidl_adapter: 3.1.6 (/opt/ros/humble/share/rosidl_adapter/cmake)
[2.199s] -- Found rosidl_generator_cpp: 3.1.6 (/opt/ros/humble/share/rosidl_generator_cpp/cmake)
[2.249s] -- Using all available rosidl_typesupport_c: rosidl_typesupport_fastrtps_c;rosidl_typesupport_introspection_c
[2.318s] -- Using all available rosidl_typesupport_cpp: rosidl_typesupport_fastrtps_cpp;rosidl_typesupport_introspection_cpp
[2.501s] -- Found rmw_implementation_cmake: 6.1.2 (/opt/ros/humble/share/rmw_implementation_cmake/cmake)
[2.515s] -- Found rmw_fastrtps_cpp: 6.2.7 (/opt/ros/humble/share/rmw_fastrtps_cpp/cmake)
[2.887s] -- Found OpenSSL: /usr/lib/x86_64-linux-gnu/libcrypto.so (found version "3.0.2")  
[2.962s] -- Found FastRTPS: /opt/ros/humble/include  
[3.095s] -- Using RMW implementation 'rmw_fastrtps_cpp' as default
[3.146s] -- Looking for C++ include pthread.h
[3.618s] -- Looking for C++ include pthread.h - found
[3.620s] -- Performing Test CMAKE_HAVE_LIBC_PTHREAD
[4.100s] -- Performing Test CMAKE_HAVE_LIBC_PTHREAD - Success
[4.105s] -- Found Threads: TRUE  
[4.295s] -- Found rclcpp_lifecycle: 16.0.12 (/opt/ros/humble/share/rclcpp_lifecycle/cmake)
[4.372s] -- Found geometric_shapes: 2.3.2 (/opt/ros/humble/share/geometric_shapes/cmake)
[4.449s] -- Found Boost: /usr/lib/x86_64-linux-gnu/cmake/Boost-1.74.0/BoostConfig.cmake (found version "1.74.0") found components: filesystem 
[4.909s] -- library: /usr/lib/x86_64-linux-gnu/libcurl.so
[5.060s] -- Found kdl_parser: 2.6.4 (/opt/ros/humble/share/kdl_parser/cmake)
[5.100s] -- Ensuring Eigen3 include directory is part of orocos-kdl CMake target
[5.122s] -- Found moveit_msgs: 2.2.1 (/home/suwi/ros2_4dof_arm/install/moveit_msgs/share/moveit_msgs/cmake)
[5.418s] -- Found pluginlib: 5.1.0 (/opt/ros/humble/share/pluginlib/cmake)
[5.515s] -- Found srdfdom: 2.0.7 (/opt/ros/humble/share/srdfdom/cmake)
[5.581s] -- Found tf2_eigen: 0.25.12 (/opt/ros/humble/share/tf2_eigen/cmake)
[5.836s] -- Found tf2_geometry_msgs: 0.25.12 (/opt/ros/humble/share/tf2_geometry_msgs/cmake)
[5.858s] -- Found tf2_kdl: 0.25.12 (/opt/ros/humble/share/tf2_kdl/cmake)
[6.054s] -- Found Boost: /usr/lib/x86_64-linux-gnu/cmake/Boost-1.74.0/BoostConfig.cmake (found version "1.74.0") found components: chrono date_time filesystem iostreams program_options regex serialization system thread 
[6.055s] --  *** Building MoveIt 2.5.8-Alpha ***
[6.077s] -- Performing Test COMPILER_HAS_HIDDEN_VISIBILITY
[6.500s] -- Performing Test COMPILER_HAS_HIDDEN_VISIBILITY - Success
[6.503s] -- Performing Test COMPILER_HAS_HIDDEN_INLINE_VISIBILITY
[6.922s] -- Performing Test COMPILER_HAS_HIDDEN_INLINE_VISIBILITY - Success
[6.924s] -- Performing Test COMPILER_HAS_DEPRECATED_ATTR
[7.362s] -- Performing Test COMPILER_HAS_DEPRECATED_ATTR - Success
[7.383s] -- Found ament_cmake_gtest: 1.3.11 (/opt/ros/humble/share/ament_cmake_gtest/cmake)
[7.399s] -- Found gtest sources under '/opt/ros/humble/src/gtest_vendor': C++ tests using 'Google Test' will be built
[7.585s] -- The C compiler identification is GNU 11.4.0
[7.615s] -- Detecting C compiler ABI info
[8.000s] -- Detecting C compiler ABI info - done
[8.009s] -- Check for working C compiler: /usr/bin/cc - skipped
[8.010s] -- Detecting C compile features
[8.011s] -- Detecting C compile features - done
[8.062s] -- Found ament_cmake_gmock: 1.3.11 (/opt/ros/humble/share/ament_cmake_gmock/cmake)
[8.081s] -- Found gmock sources under '/opt/ros/humble/src/gmock_vendor': C++ tests using 'Google Mock' will be built
[8.090s] -- Found ament_cmake_gtest: 1.3.11 (/opt/ros/humble/share/ament_cmake_gtest/cmake)
[8.092s] -- Found gtest sources under '/opt/ros/humble/src/gtest_vendor': C++ tests using 'Google Test' will be built
[8.114s] -- Found ament_cmake_gtest: 1.3.11 (/opt/ros/humble/share/ament_cmake_gtest/cmake)
[8.116s] -- Found gtest sources under '/opt/ros/humble/src/gtest_vendor': C++ tests using 'Google Test' will be built
[8.171s] -- Found ament_cmake_gtest: 1.3.11 (/opt/ros/humble/share/ament_cmake_gtest/cmake)
[8.173s] -- Found gtest sources under '/opt/ros/humble/src/gtest_vendor': C++ tests using 'Google Test' will be built
[8.220s] -- Found ament_lint_auto: 0.12.12 (/opt/ros/humble/share/ament_lint_auto/cmake)
[8.223s] -- Found ament_cmake_gtest: 1.3.11 (/opt/ros/humble/share/ament_cmake_gtest/cmake)
[8.225s] -- Found gtest sources under '/opt/ros/humble/src/gtest_vendor': C++ tests using 'Google Test' will be built
[8.262s] -- Found ament_cmake_gtest: 1.3.11 (/opt/ros/humble/share/ament_cmake_gtest/cmake)
[8.265s] -- Found gtest sources under '/opt/ros/humble/src/gtest_vendor': C++ tests using 'Google Test' will be built
[8.293s] -- Found ament_cmake_gtest: 1.3.11 (/opt/ros/humble/share/ament_cmake_gtest/cmake)
[8.296s] -- Found gtest sources under '/opt/ros/humble/src/gtest_vendor': C++ tests using 'Google Test' will be built
[8.314s] -- Found ament_cmake_gtest: 1.3.11 (/opt/ros/humble/share/ament_cmake_gtest/cmake)
[8.319s] -- Found gmock sources under '/opt/ros/humble/src/gmock_vendor': C++ tests using 'Google Mock' will be built
[8.320s] -- Found gtest sources under '/opt/ros/humble/src/gtest_vendor': C++ tests using 'Google Test' will be built
[8.343s] -- Found gtest sources under '/opt/ros/humble/src/gtest_vendor': C++ tests using 'Google Test' will be built
[8.367s] -- Found gtest sources under '/opt/ros/humble/src/gtest_vendor': C++ tests using 'Google Test' will be built
[8.393s] -- Found ament_cmake_gtest: 1.3.11 (/opt/ros/humble/share/ament_cmake_gtest/cmake)
[8.396s] -- Found gtest sources under '/opt/ros/humble/src/gtest_vendor': C++ tests using 'Google Test' will be built
[8.442s] -- Found gtest sources under '/opt/ros/humble/src/gtest_vendor': C++ tests using 'Google Test' will be built
[8.473s] -- Found gtest sources under '/opt/ros/humble/src/gtest_vendor': C++ tests using 'Google Test' will be built
[8.503s] -- Found gtest sources under '/opt/ros/humble/src/gtest_vendor': C++ tests using 'Google Test' will be built
[8.520s] -- Found ament_lint_auto: 0.12.12 (/opt/ros/humble/share/ament_lint_auto/cmake)
[8.825s] -- Added test 'cppcheck' to perform static code analysis on C / C++ code
[8.827s] -- Configured cppcheck include dirs: /home/suwi/ros2_4dof_arm/src/moveit2/moveit_core/exceptions/include;/home/suwi/ros2_4dof_arm/src/moveit2/moveit_core/collision_detection/include;/home/suwi/ros2_4dof_arm/src/moveit2/moveit_core/collision_detection_fcl/include;/home/suwi/ros2_4dof_arm/src/moveit2/moveit_core/collision_detection_bullet/include;/home/suwi/ros2_4dof_arm/src/moveit2/moveit_core/constraint_samplers/include;/home/suwi/ros2_4dof_arm/src/moveit2/moveit_core/controller_manager/include;/home/suwi/ros2_4dof_arm/src/moveit2/moveit_core/distance_field/include;/home/suwi/ros2_4dof_arm/src/moveit2/moveit_core/collision_distance_field/include;/home/suwi/ros2_4dof_arm/src/moveit2/moveit_core/dynamics_solver/include;/home/suwi/ros2_4dof_arm/src/moveit2/moveit_core/kinematics_base/include;/home/suwi/ros2_4dof_arm/src/moveit2/moveit_core/kinematics_metrics/include;/home/suwi/ros2_4dof_arm/src/moveit2/moveit_core/robot_model/include;/home/suwi/ros2_4dof_arm/src/moveit2/moveit_core/transforms/include;/home/suwi/ros2_4dof_arm/src/moveit2/moveit_core/robot_state/include;/home/suwi/ros2_4dof_arm/src/moveit2/moveit_core/robot_trajectory/include;/home/suwi/ros2_4dof_arm/src/moveit2/moveit_core/kinematic_constraints/include;/home/suwi/ros2_4dof_arm/src/moveit2/moveit_core/macros/include;/home/suwi/ros2_4dof_arm/src/moveit2/moveit_core/online_signal_smoothing/include;/home/suwi/ros2_4dof_arm/src/moveit2/moveit_core/planning_interface/include;/home/suwi/ros2_4dof_arm/src/moveit2/moveit_core/planning_request_adapter/include;/home/suwi/ros2_4dof_arm/src/moveit2/moveit_core/planning_scene/include;/home/suwi/ros2_4dof_arm/src/moveit2/moveit_core/sensor_manager/include;/home/suwi/ros2_4dof_arm/src/moveit2/moveit_core/trajectory_processing/include;/home/suwi/ros2_4dof_arm/src/moveit2/moveit_core/utils/include
[8.827s] -- Configured cppcheck exclude dirs and/or files: 
[8.858s] -- Added test 'pep257' to check Python code against some of the docstring style conventions in PEP 257
[8.888s] -- Added test 'xmllint' to check XML markup files
[8.905s] -- Configuring done
[15.319s] -- Generating done
[15.582s] -- Build files have been written to: /home/suwi/ros2_4dof_arm/build/moveit_core
[15.650s] Invoked command in '/home/suwi/ros2_4dof_arm/build/moveit_core' returned '0': AMENT_PREFIX_PATH=/home/suwi/ros2_4dof_arm/install/moveit_resources_panda_moveit_config:/home/suwi/ros2_4dof_arm/install/moveit_resources_pr2_description:/home/suwi/ros2_4dof_arm/install/moveit_msgs:${AMENT_PREFIX_PATH} CMAKE_PREFIX_PATH=/home/suwi/ros2_4dof_arm/install/moveit_resources_panda_moveit_config:/home/suwi/ros2_4dof_arm/install/moveit_resources_pr2_description:/home/suwi/ros2_4dof_arm/install/moveit_resources_panda_description:/home/suwi/ros2_4dof_arm/install/moveit_msgs:/home/suwi/ros2_4dof_arm/install/moveit_common:/home/suwi/ros2_4dof_arm/src/four_dof_arm/install/four_dof_arm:/home/suwi/ros2_4dof_arm/install/four_dof_arm:/opt/ros/humble:/opt/ros/humble:/home/suwi/ros2_ws_prac/install/my_robot_control:/path/to/object_recognition_msgs/install:/home/suwi/ros2_ws_prac/install/pub_sub LD_LIBRARY_PATH=/home/suwi/ros2_4dof_arm/install/moveit_msgs/lib:${LD_LIBRARY_PATH} PYTHONPATH=/home/suwi/ros2_4dof_arm/install/moveit_msgs/local/lib/python3.10/dist-packages:${PYTHONPATH} /usr/bin/cmake /home/suwi/ros2_4dof_arm/src/moveit2/moveit_core -DCMAKE_INSTALL_PREFIX=/home/suwi/ros2_4dof_arm/install/moveit_core
[15.658s] Invoking command in '/home/suwi/ros2_4dof_arm/build/moveit_core': AMENT_PREFIX_PATH=/home/suwi/ros2_4dof_arm/install/moveit_resources_panda_moveit_config:/home/suwi/ros2_4dof_arm/install/moveit_resources_pr2_description:/home/suwi/ros2_4dof_arm/install/moveit_msgs:${AMENT_PREFIX_PATH} CMAKE_PREFIX_PATH=/home/suwi/ros2_4dof_arm/install/moveit_resources_panda_moveit_config:/home/suwi/ros2_4dof_arm/install/moveit_resources_pr2_description:/home/suwi/ros2_4dof_arm/install/moveit_resources_panda_description:/home/suwi/ros2_4dof_arm/install/moveit_msgs:/home/suwi/ros2_4dof_arm/install/moveit_common:/home/suwi/ros2_4dof_arm/src/four_dof_arm/install/four_dof_arm:/home/suwi/ros2_4dof_arm/install/four_dof_arm:/opt/ros/humble:/opt/ros/humble:/home/suwi/ros2_ws_prac/install/my_robot_control:/path/to/object_recognition_msgs/install:/home/suwi/ros2_ws_prac/install/pub_sub LD_LIBRARY_PATH=/home/suwi/ros2_4dof_arm/install/moveit_msgs/lib:${LD_LIBRARY_PATH} PYTHONPATH=/home/suwi/ros2_4dof_arm/install/moveit_msgs/local/lib/python3.10/dist-packages:${PYTHONPATH} /usr/bin/cmake --build /home/suwi/ros2_4dof_arm/build/moveit_core -- -j8 -l8
[15.941s] [  1%] [32mBuilding CXX object exceptions/CMakeFiles/moveit_exceptions.dir/src/exceptions.cpp.o[0m
[15.942s] [  2%] [32mBuilding CXX object transforms/CMakeFiles/moveit_transforms.dir/src/transforms.cpp.o[0m
[15.946s] [  3%] [32mBuilding CXX object kinematics_base/CMakeFiles/moveit_kinematics_base.dir/src/kinematics_base.cpp.o[0m
[15.948s] [  4%] [32mBuilding CXX object distance_field/CMakeFiles/moveit_distance_field.dir/src/distance_field.cpp.o[0m
[15.948s] [  5%] [32mBuilding CXX object utils/CMakeFiles/moveit_utils.dir/src/lexical_casts.cpp.o[0m
[15.958s] [  5%] [32mBuilding CXX object gtest/CMakeFiles/gtest.dir/src/gtest-all.cc.o[0m
[15.963s] [  6%] [32mBuilding CXX object gtest/CMakeFiles/gtest_main.dir/src/gtest_main.cc.o[0m
[15.986s] [  6%] [32mBuilding CXX object gmock/CMakeFiles/gmock.dir/opt/ros/humble/src/gtest_vendor/src/gtest-all.cc.o[0m
[17.823s] [  6%] [32mBuilding CXX object utils/CMakeFiles/moveit_utils.dir/src/message_checks.cpp.o[0m
[18.921s] [  6%] [32m[1mLinking CXX static library libgtest_main.a[0m
[19.117s] [  6%] [32m[1mLinking CXX shared library libmoveit_exceptions.so[0m
[19.123s] [  6%] Built target gtest_main
[19.169s] [  7%] [32mBuilding CXX object distance_field/CMakeFiles/moveit_distance_field.dir/src/find_internal_points.cpp.o[0m
[19.938s] [  7%] Built target moveit_exceptions
[20.006s] [  8%] [32mBuilding CXX object utils/CMakeFiles/moveit_utils.dir/src/rclcpp_utils.cpp.o[0m
[21.574s] [  8%] [32mBuilding CXX object distance_field/CMakeFiles/moveit_distance_field.dir/src/propagation_distance_field.cpp.o[0m
[22.101s] [  9%] [32m[1mLinking CXX shared library libmoveit_utils.so[0m
[23.745s] [  9%] Built target moveit_utils
[23.830s] [ 10%] [32mBuilding CXX object gmock/CMakeFiles/gmock.dir/src/gmock-all.cc.o[0m
[29.263s] [ 10%] [32mBuilding CXX object gmock/CMakeFiles/gmock_main.dir/src/gmock_main.cc.o[0m
[30.549s] [ 11%] [32m[1mLinking CXX static library libgtest.a[0m
[30.825s] [ 11%] Built target gtest
[30.957s] [ 12%] [32mBuilding CXX object online_signal_smoothing/CMakeFiles/moveit_smoothing_base.dir/src/smoothing_base_class.cpp.o[0m
[31.029s] [ 13%] [34m[1mRunning `/opt/ros/humble/bin/generate_parameter_library_cpp /home/suwi/ros2_4dof_arm/build/moveit_core/online_signal_smoothing/include/moveit_core/moveit_butterworth_parameters.hpp /home/suwi/ros2_4dof_arm/src/moveit2/moveit_core/online_signal_smoothing/src/butterworth_parameters.yaml `[0m
[31.566s] [ 14%] [34m[1mCreating deprecated header file /home/suwi/ros2_4dof_arm/build/moveit_core/online_signal_smoothing/include/moveit_butterworth_parameters.hpp[0m
[31.859s] [ 14%] Built target moveit_butterworth_parameters
[32.016s] [ 14%] [32mBuilding CXX object version/CMakeFiles/moveit_version.dir/version.cpp.o[0m
[32.261s] [ 15%] [32m[1mLinking CXX executable moveit_version[0m
[32.681s] [ 15%] Built target moveit_version
[33.548s] [ 16%] [32m[1mLinking CXX static library libgmock.a[0m
[33.562s] [ 17%] [32m[1mLinking CXX static library libgmock_main.a[0m
[33.821s] [ 17%] Built target gmock_main
[33.886s] [ 17%] Built target gmock
[34.667s] [ 17%] [32m[1mLinking CXX shared library libmoveit_kinematics_base.so[0m
[35.355s] [ 17%] Built target moveit_kinematics_base
[35.507s] [ 17%] [32mBuilding CXX object robot_model/CMakeFiles/moveit_robot_model.dir/src/aabb.cpp.o[0m
[35.528s] [ 18%] [32mBuilding CXX object robot_model/CMakeFiles/moveit_robot_model.dir/src/floating_joint_model.cpp.o[0m
[35.530s] [ 18%] [32mBuilding CXX object robot_model/CMakeFiles/moveit_robot_model.dir/src/joint_model.cpp.o[0m
[35.530s] [ 19%] [32mBuilding CXX object robot_model/CMakeFiles/moveit_robot_model.dir/src/fixed_joint_model.cpp.o[0m
[43.510s] [ 19%] [32m[1mLinking CXX shared library libmoveit_smoothing_base.so[0m
[44.424s] [ 19%] Built target moveit_smoothing_base
[44.486s] [ 19%] [32mBuilding CXX object robot_model/CMakeFiles/moveit_robot_model.dir/src/joint_model_group.cpp.o[0m
[46.924s] [ 19%] [32m[1mLinking CXX shared library libmoveit_transforms.so[0m
[47.194s] [ 20%] [32mBuilding CXX object robot_model/CMakeFiles/moveit_robot_model.dir/src/link_model.cpp.o[0m
[47.567s] [ 21%] [32mBuilding CXX object robot_model/CMakeFiles/moveit_robot_model.dir/src/planar_joint_model.cpp.o[0m
[47.801s] [ 21%] Built target moveit_transforms
[47.853s] [ 21%] [32mBuilding CXX object robot_model/CMakeFiles/moveit_robot_model.dir/src/prismatic_joint_model.cpp.o[0m
[48.518s] [ 21%] [32mBuilding CXX object transforms/CMakeFiles/test_transforms.dir/test/test_transforms.cpp.o[0m
[49.856s] [ 22%] [32mBuilding CXX object robot_model/CMakeFiles/moveit_robot_model.dir/src/revolute_joint_model.cpp.o[0m
[51.356s] [ 22%] [32mBuilding CXX object robot_model/CMakeFiles/moveit_robot_model.dir/src/robot_model.cpp.o[0m
[51.427s] [ 23%] [32m[1mLinking CXX shared library libmoveit_distance_field.so[0m
[52.289s] [ 23%] Built target moveit_distance_field
[52.435s] [ 24%] [32mBuilding CXX object distance_field/CMakeFiles/test_voxel_grid.dir/test/test_voxel_grid.cpp.o[0m
[55.644s] [ 25%] [32mBuilding CXX object distance_field/CMakeFiles/test_distance_field.dir/test/test_distance_field.cpp.o[0m
[58.171s] [ 26%] [32m[1mLinking CXX executable test_transforms[0m
[58.955s] [ 26%] Built target test_transforms
[65.284s] [ 26%] [32m[1mLinking CXX executable test_voxel_grid[0m
[65.939s] [ 26%] Built target test_voxel_grid
[74.109s] [ 27%] [32m[1mLinking CXX shared library libmoveit_robot_model.so[0m
[74.883s] [ 27%] Built target moveit_robot_model
[75.002s] [ 29%] [32mBuilding CXX object robot_state/CMakeFiles/moveit_robot_state.dir/src/attached_body.cpp.o[0m
[75.003s] [ 29%] [32mBuilding CXX object robot_state/CMakeFiles/moveit_robot_state.dir/src/robot_state.cpp.o[0m
[75.003s] [ 30%] [32mBuilding CXX object robot_state/CMakeFiles/moveit_robot_state.dir/src/conversions.cpp.o[0m
[75.003s] [ 30%] [32mBuilding CXX object utils/CMakeFiles/moveit_test_utils.dir/src/robot_model_test_utils.cpp.o[0m
[75.004s] [ 31%] [32mBuilding CXX object online_signal_smoothing/CMakeFiles/moveit_butterworth_filter.dir/src/butterworth_filter.cpp.o[0m
[75.004s] [ 31%] [32mBuilding CXX object robot_state/CMakeFiles/moveit_robot_state.dir/src/cartesian_interpolator.cpp.o[0m
[79.602s] [ 31%] [32m[1mLinking CXX executable test_distance_field[0m
[80.681s] [ 31%] Built target test_distance_field
[92.535s] [ 31%] [32m[1mLinking CXX shared library libmoveit_butterworth_filter.so[0m
[93.384s] [ 31%] Built target moveit_butterworth_filter
[93.510s] [ 31%] [32mBuilding CXX object online_signal_smoothing/CMakeFiles/test_butterworth_filter.dir/test/test_butterworth_filter.cpp.o[0m
[99.930s] [ 32%] [32m[1mLinking CXX shared library libmoveit_test_utils.so[0m
[100.747s] [ 32%] Built target moveit_test_utils
[100.908s] [ 33%] [32mBuilding CXX object robot_model/CMakeFiles/test_robot_model.dir/test/test.cpp.o[0m
[111.462s] [ 34%] [32m[1mLinking CXX executable test_butterworth_filter[0m
[112.203s] [ 34%] Built target test_butterworth_filter
[115.472s] [ 34%] [32m[1mLinking CXX executable test_robot_model[0m
[116.444s] [ 34%] Built target test_robot_model
[122.637s] [ 35%] [32m[1mLinking CXX shared library libmoveit_robot_state.so[0m
[123.449s] [ 35%] Built target moveit_robot_state
[123.583s] [ 36%] [32mBuilding CXX object robot_trajectory/CMakeFiles/moveit_robot_trajectory.dir/src/robot_trajectory.cpp.o[0m
[123.584s] [ 37%] [32mBuilding CXX object robot_state/CMakeFiles/test_robot_state.dir/test/robot_state_test.cpp.o[0m
[123.589s] [ 37%] [32mBuilding CXX object collision_detection/CMakeFiles/moveit_collision_detection.dir/src/allvalid/collision_env_allvalid.cpp.o[0m
[123.592s] [ 37%] [32mBuilding CXX object robot_state/CMakeFiles/test_robot_state_benchmark.dir/test/robot_state_benchmark.cpp.o[0m
[123.592s] [ 38%] [32mBuilding CXX object kinematics_metrics/CMakeFiles/moveit_kinematics_metrics.dir/src/kinematics_metrics.cpp.o[0m
[123.602s] [ 38%] [32mBuilding CXX object robot_state/CMakeFiles/test_robot_state_complex.dir/test/test_kinematic_complex.cpp.o[0m
[123.606s] [ 38%] [32mBuilding CXX object dynamics_solver/CMakeFiles/moveit_dynamics_solver.dir/src/dynamics_solver.cpp.o[0m
[123.617s] [ 38%] [32mBuilding CXX object robot_state/CMakeFiles/test_aabb.dir/test/test_aabb.cpp.o[0m
[148.130s] [ 39%] [32mBuilding CXX object collision_detection/CMakeFiles/moveit_collision_detection.dir/src/collision_common.cpp.o[0m
[148.869s] [ 40%] [32m[1mLinking CXX shared library libmoveit_dynamics_solver.so[0m
[150.053s] [ 40%] Built target moveit_dynamics_solver
[150.109s] [ 40%] [32mBuilding CXX object collision_detection/CMakeFiles/moveit_collision_detection.dir/src/collision_matrix.cpp.o[0m
[153.224s] [ 41%] [32m[1mLinking CXX executable test_robot_state_benchmark[0m
[154.608s] [ 41%] Built target test_robot_state_benchmark
[154.660s] [ 42%] [32mBuilding CXX object collision_detection/CMakeFiles/moveit_collision_detection.dir/src/collision_octomap_filter.cpp.o[0m
[155.255s] [ 43%] [32m[1mLinking CXX executable test_robot_state_complex[0m
[156.755s] [ 43%] Built target test_robot_state_complex
[156.821s] [ 44%] [32mBuilding CXX object collision_detection/CMakeFiles/moveit_collision_detection.dir/src/collision_tools.cpp.o[0m
[157.233s] [ 45%] [32m[1mLinking CXX executable test_aabb[0m
[158.233s] [ 45%] [32m[1mLinking CXX shared library libmoveit_robot_trajectory.so[0m
[158.797s] [ 45%] Built target test_aabb
[158.865s] [ 45%] [32mBuilding CXX object collision_detection/CMakeFiles/moveit_collision_detection.dir/src/world.cpp.o[0m
[159.364s] [ 45%] Built target moveit_robot_trajectory
[159.521s] [ 46%] [32mBuilding CXX object robot_state/CMakeFiles/test_cartesian_interpolator.dir/test/test_cartesian_interpolator.cpp.o[0m
[161.126s] [ 47%] [32m[1mLinking CXX executable test_robot_state[0m
[162.630s] [ 47%] Built target test_robot_state
[162.680s] [ 48%] [32mBuilding CXX object collision_detection/CMakeFiles/moveit_collision_detection.dir/src/world_diff.cpp.o[0m
[165.511s] [ 49%] [32mBuilding CXX object robot_trajectory/CMakeFiles/test_robot_trajectory.dir/test/test_robot_trajectory.cpp.o[0m
[170.000s] [ 49%] [32mBuilding CXX object collision_detection/CMakeFiles/moveit_collision_detection.dir/src/collision_env.cpp.o[0m
[171.493s] [ 50%] [32mBuilding CXX object collision_detection/CMakeFiles/moveit_collision_detection.dir/src/collision_plugin_cache.cpp.o[0m
[179.536s] [ 50%] [32m[1mLinking CXX shared library libmoveit_kinematics_metrics.so[0m
[180.471s] [ 50%] [32m[1mLinking CXX executable test_cartesian_interpolator[0m
[180.479s] [ 50%] Built target moveit_kinematics_metrics
[180.613s] [ 50%] [32mBuilding CXX object trajectory_processing/CMakeFiles/moveit_trajectory_processing.dir/src/iterative_time_parameterization.cpp.o[0m
[180.627s] [ 51%] [32mBuilding CXX object trajectory_processing/CMakeFiles/moveit_trajectory_processing.dir/src/iterative_spline_parameterization.cpp.o[0m
[180.636s] [ 52%] [32mBuilding CXX object planning_interface/CMakeFiles/moveit_planning_interface.dir/src/planning_interface.cpp.o[0m
[181.988s] [ 52%] Built target test_cartesian_interpolator
[182.071s] [ 52%] [32mBuilding CXX object trajectory_processing/CMakeFiles/moveit_trajectory_processing.dir/src/ruckig_traj_smoothing.cpp.o[0m
[182.671s] [ 53%] [32mBuilding CXX object planning_interface/CMakeFiles/moveit_planning_interface.dir/src/planning_response.cpp.o[0m
[190.075s] [ 54%] [32mBuilding CXX object trajectory_processing/CMakeFiles/moveit_trajectory_processing.dir/src/trajectory_tools.cpp.o[0m
[194.684s] [ 54%] [32m[1mLinking CXX executable test_robot_trajectory[0m
[194.892s] [ 54%] [32mBuilding CXX object trajectory_processing/CMakeFiles/moveit_trajectory_processing.dir/src/time_optimal_trajectory_generation.cpp.o[0m
[196.378s] [ 54%] Built target test_robot_trajectory
[209.302s] [ 54%] [32m[1mLinking CXX shared library libmoveit_collision_detection.so[0m
[210.492s] [ 54%] Built target moveit_collision_detection
[210.619s] [ 55%] [32mBuilding CXX object collision_detection_fcl/CMakeFiles/moveit_collision_detection_fcl.dir/src/collision_common.cpp.o[0m
[210.621s] [ 56%] [32mBuilding CXX object collision_detection/CMakeFiles/test_world.dir/test/test_world.cpp.o[0m
[210.628s] [ 57%] [32mBuilding CXX object collision_detection/CMakeFiles/test_world_diff.dir/test/test_world_diff.cpp.o[0m
[213.281s] [ 57%] [32m[1mLinking CXX shared library libmoveit_planning_interface.so[0m
[214.198s] [ 57%] Built target moveit_planning_interface
[214.262s] [ 57%] [32mBuilding CXX object collision_detection_fcl/CMakeFiles/moveit_collision_detection_fcl.dir/src/collision_env_fcl.cpp.o[0m
[214.370s] [ 58%] [32mBuilding CXX object collision_detection_bullet/CMakeFiles/moveit_collision_detection_bullet.dir/src/bullet_integration/bullet_utils.cpp.o[0m
[214.398s] [ 59%] [32mBuilding CXX object collision_detection/CMakeFiles/test_all_valid.dir/test/test_all_valid.cpp.o[0m
[214.419s] [ 60%] [32mBuilding CXX object collision_detection_bullet/CMakeFiles/moveit_collision_detection_bullet.dir/src/bullet_integration/bullet_discrete_bvh_manager.cpp.o[0m
[226.156s] [ 61%] [32m[1mLinking CXX executable test_world_diff[0m
[226.346s] [ 62%] [32m[1mLinking CXX shared library libmoveit_trajectory_processing.so[0m
[227.598s] [ 62%] Built target test_world_diff
[227.635s] [ 62%] Built target moveit_trajectory_processing
[227.654s] [ 62%] [32mBuilding CXX object collision_detection_bullet/CMakeFiles/moveit_collision_detection_bullet.dir/src/bullet_integration/bullet_cast_bvh_manager.cpp.o[0m
[227.778s] [ 62%] [32mBuilding CXX object trajectory_processing/CMakeFiles/test_time_parameterization.dir/test/test_time_parameterization.cpp.o[0m
[229.525s] [ 62%] [32m[1mLinking CXX executable test_world[0m
[230.859s] [ 62%] Built target test_world
[237.693s] [ 62%] [32m[1mLinking CXX executable test_all_valid[0m
[238.764s] [ 62%] Built target test_all_valid
[239.907s] [ 63%] [32mBuilding CXX object trajectory_processing/CMakeFiles/test_time_optimal_trajectory_generation.dir/test/test_time_optimal_trajectory_generation.cpp.o[0m
[240.179s] [ 64%] [32mBuilding CXX object collision_detection_bullet/CMakeFiles/moveit_collision_detection_bullet.dir/src/bullet_integration/contact_checker_common.cpp.o[0m
[240.192s] [ 64%] [32mBuilding CXX object collision_detection_bullet/CMakeFiles/moveit_collision_detection_bullet.dir/src/bullet_integration/bullet_bvh_manager.cpp.o[0m
[241.300s] [ 65%] [32mBuilding CXX object collision_detection_bullet/CMakeFiles/moveit_collision_detection_bullet.dir/src/collision_env_bullet.cpp.o[0m
[242.355s] [ 66%] [32m[1mLinking CXX shared library libmoveit_collision_detection_fcl.so[0m
[244.713s] [ 66%] Built target moveit_collision_detection_fcl
[253.014s] [ 67%] [32m[1mLinking CXX executable test_time_parameterization[0m
[254.152s] [ 67%] Built target test_time_parameterization
[255.275s] [ 68%] [32mBuilding CXX object collision_detection_fcl/CMakeFiles/test_fcl_collision_detection.dir/test/test_fcl_collision_detection_pr2.cpp.o[0m
[256.247s] [ 69%] [32mBuilding CXX object collision_detection_bullet/CMakeFiles/moveit_collision_detection_bullet.dir/src/bullet_integration/ros_bullet_utils.cpp.o[0m
[256.319s] [ 70%] [32mBuilding CXX object collision_detection_fcl/CMakeFiles/test_fcl_collision_detection_panda.dir/test/test_fcl_collision_detection_panda.cpp.o[0m
[264.405s] [ 71%] [32m[1mLinking CXX executable test_time_optimal_trajectory_generation[0m
[265.499s] [ 71%] Built target test_time_optimal_trajectory_generation
[265.624s] [ 72%] [32mBuilding CXX object trajectory_processing/CMakeFiles/test_ruckig_traj_smoothing.dir/test/test_ruckig_traj_smoothing.cpp.o[0m
[265.628s] [ 72%] [32mBuilding CXX object collision_detection_fcl/CMakeFiles/test_fcl_collision_env.dir/test/test_fcl_env.cpp.o[0m
[265.643s] [ 73%] [32mBuilding CXX object kinematic_constraints/CMakeFiles/moveit_kinematic_constraints.dir/src/kinematic_constraint.cpp.o[0m
[265.644s] [ 73%] [32mBuilding CXX object kinematic_constraints/CMakeFiles/moveit_kinematic_constraints.dir/src/utils.cpp.o[0m
[274.226s] [ 73%] [32m[1mLinking CXX shared library libmoveit_collision_detection_bullet.so[0m
[275.374s] [ 73%] Built target moveit_collision_detection_bullet
[275.500s] [ 74%] [32mBuilding CXX object collision_detection_bullet/CMakeFiles/test_bullet_collision_detection.dir/test/test_bullet_collision_detection_pr2.cpp.o[0m
[275.609s] [ 75%] [32mBuilding CXX object collision_detection_bullet/CMakeFiles/test_bullet_collision_detection_panda.dir/test/test_bullet_collision_detection_panda.cpp.o[0m
[287.766s] [ 75%] [32m[1mLinking CXX executable test_fcl_collision_detection[0m
[287.861s] [ 76%] [32m[1mLinking CXX executable test_fcl_collision_detection_panda[0m
[289.346s] [ 76%] Built target test_fcl_collision_detection_panda
[289.378s] [ 76%] Built target test_fcl_collision_detection
[289.485s] [ 76%] [32mBuilding CXX object collision_detection_bullet/CMakeFiles/test_bullet_continuous_collision_checking.dir/test/test_bullet_continuous_collision_checking.cpp.o[0m
[290.446s] [ 76%] [32m[1mLinking CXX executable test_ruckig_traj_smoothing[0m
[291.713s] [ 76%] Built target test_ruckig_traj_smoothing
[296.669s] [ 77%] [32m[1mLinking CXX executable test_fcl_collision_env[0m
[297.889s] [ 77%] Built target test_fcl_collision_env
[302.443s] [ 78%] [32m[1mLinking CXX executable test_bullet_collision_detection_panda[0m
[303.661s] [ 78%] Built target test_bullet_collision_detection_panda
[303.976s] [ 78%] [32m[1mLinking CXX executable test_bullet_collision_detection[0m
[305.172s] [ 78%] Built target test_bullet_collision_detection
[305.858s] [ 79%] [32m[1mLinking CXX shared library libmoveit_kinematic_constraints.so[0m
[306.714s] [ 79%] Built target moveit_kinematic_constraints
[306.828s] [ 80%] [32mBuilding CXX object planning_scene/CMakeFiles/moveit_planning_scene.dir/src/planning_scene.cpp.o[0m
[306.828s] [ 80%] [32mBuilding CXX object kinematic_constraints/CMakeFiles/test_constraints.dir/test/test_constraints.cpp.o[0m
[306.833s] [ 81%] [32mBuilding CXX object kinematic_constraints/CMakeFiles/test_orientation_constraints.dir/test/test_orientation_constraints.cpp.o[0m
[318.123s] [ 82%] [32m[1mLinking CXX executable test_bullet_continuous_collision_checking[0m
[319.525s] [ 82%] Built target test_bullet_continuous_collision_checking
[333.073s] [ 82%] [32m[1mLinking CXX executable test_orientation_constraints[0m
[334.283s] [ 82%] Built target test_orientation_constraints
[334.913s] [ 83%] [32m[1mLinking CXX executable test_constraints[0m
[336.046s] [ 83%] Built target test_constraints
[350.479s] [ 84%] [32m[1mLinking CXX shared library libmoveit_planning_scene.so[0m
[351.389s] [ 84%] Built target moveit_planning_scene
[351.513s] [ 85%] [32mBuilding CXX object constraint_samplers/CMakeFiles/moveit_constraint_samplers.dir/src/constraint_sampler.cpp.o[0m
[351.523s] [ 87%] [32mBuilding CXX object planning_scene/CMakeFiles/test_collision_objects.dir/test/test_collision_objects.cpp.o[0m
[351.524s] [ 87%] [32mBuilding CXX object collision_distance_field/CMakeFiles/moveit_collision_distance_field.dir/src/collision_distance_field_types.cpp.o[0m
[351.531s] [ 88%] [32mBuilding CXX object planning_scene/CMakeFiles/test_planning_scene.dir/test/test_planning_scene.cpp.o[0m
[351.531s] [ 88%] [32mBuilding CXX object planning_scene/CMakeFiles/test_multi_threaded.dir/test/test_multi_threaded.cpp.o[0m
[351.537s] [ 89%] [32mBuilding CXX object planning_request_adapter/CMakeFiles/moveit_planning_request_adapter.dir/src/planning_request_adapter.cpp.o[0m
[351.553s] [ 89%] [32mBuilding CXX object collision_detection_bullet/CMakeFiles/collision_detector_bullet_plugin.dir/src/collision_detector_bullet_plugin_loader.cpp.o[0m
[351.553s] [ 89%] [32mBuilding CXX object collision_detection_fcl/CMakeFiles/collision_detector_fcl_plugin.dir/src/collision_detector_fcl_plugin_loader.cpp.o[0m
[382.294s] [ 89%] [32mBuilding CXX object collision_distance_field/CMakeFiles/moveit_collision_distance_field.dir/src/collision_common_distance_field.cpp.o[0m
[384.073s] [ 89%] [32m[1mLinking CXX shared library libmoveit_planning_request_adapter.so[0m
[384.861s] [ 89%] [32mBuilding CXX object constraint_samplers/CMakeFiles/moveit_constraint_samplers.dir/src/constraint_sampler_manager.cpp.o[0m
[385.442s] [ 89%] Built target moveit_planning_request_adapter
[385.497s] [ 90%] [32mBuilding CXX object constraint_samplers/CMakeFiles/moveit_constraint_samplers.dir/src/constraint_sampler_tools.cpp.o[0m
[386.263s] [ 91%] [32m[1mLinking CXX shared library libcollision_detector_bullet_plugin.so[0m
[387.226s] [ 91%] Built target collision_detector_bullet_plugin
[387.282s] [ 92%] [32mBuilding CXX object collision_distance_field/CMakeFiles/moveit_collision_distance_field.dir/src/collision_env_distance_field.cpp.o[0m
[388.056s] [ 93%] [32m[1mLinking CXX executable test_multi_threaded[0m
[389.419s] [ 93%] Built target test_multi_threaded
[389.477s] [ 93%] [32mBuilding CXX object collision_distance_field/CMakeFiles/moveit_collision_distance_field.dir/src/collision_env_hybrid.cpp.o[0m
[390.064s] [ 94%] [32m[1mLinking CXX shared library libcollision_detector_fcl_plugin.so[0m
[390.940s] [ 94%] Built target collision_detector_fcl_plugin
[390.995s] [ 94%] [32mBuilding CXX object constraint_samplers/CMakeFiles/moveit_constraint_samplers.dir/src/default_constraint_samplers.cpp.o[0m
[395.386s] [ 94%] [32m[1mLinking CXX executable test_collision_objects[0m
[396.918s] [ 94%] Built target test_collision_objects
[396.972s] [ 95%] [32mBuilding CXX object constraint_samplers/CMakeFiles/moveit_constraint_samplers.dir/src/union_constraint_sampler.cpp.o[0m
[404.038s] [ 95%] [32m[1mLinking CXX executable test_planning_scene[0m
[405.578s] [ 95%] Built target test_planning_scene
[421.232s] [ 95%] [32m[1mLinking CXX shared library libmoveit_constraint_samplers.so[0m
[422.065s] [ 95%] Built target moveit_constraint_samplers
[422.189s] [ 96%] [32mBuilding CXX object constraint_samplers/CMakeFiles/test_constraint_samplers.dir/test/test_constraint_samplers.cpp.o[0m
[422.190s] [ 97%] [32mBuilding CXX object constraint_samplers/CMakeFiles/test_constraint_samplers.dir/test/pr2_arm_kinematics_plugin.cpp.o[0m
[422.192s] [ 97%] [32mBuilding CXX object constraint_samplers/CMakeFiles/test_constraint_samplers.dir/test/pr2_arm_ik.cpp.o[0m
[424.407s] [ 98%] [32m[1mLinking CXX shared library libmoveit_collision_distance_field.so[0m
[425.321s] [ 98%] Built target moveit_collision_distance_field
[425.440s] [ 99%] [32mBuilding CXX object collision_distance_field/CMakeFiles/test_collision_distance_field.dir/test/test_collision_distance_field.cpp.o[0m
[453.318s] [ 99%] [32m[1mLinking CXX executable test_collision_distance_field[0m
[454.160s] [100%] [32m[1mLinking CXX executable test_constraint_samplers[0m
[454.430s] [100%] Built target test_collision_distance_field
[455.405s] [100%] Built target test_constraint_samplers
[455.619s] Invoked command in '/home/suwi/ros2_4dof_arm/build/moveit_core' returned '0': AMENT_PREFIX_PATH=/home/suwi/ros2_4dof_arm/install/moveit_resources_panda_moveit_config:/home/suwi/ros2_4dof_arm/install/moveit_resources_pr2_description:/home/suwi/ros2_4dof_arm/install/moveit_msgs:${AMENT_PREFIX_PATH} CMAKE_PREFIX_PATH=/home/suwi/ros2_4dof_arm/install/moveit_resources_panda_moveit_config:/home/suwi/ros2_4dof_arm/install/moveit_resources_pr2_description:/home/suwi/ros2_4dof_arm/install/moveit_resources_panda_description:/home/suwi/ros2_4dof_arm/install/moveit_msgs:/home/suwi/ros2_4dof_arm/install/moveit_common:/home/suwi/ros2_4dof_arm/src/four_dof_arm/install/four_dof_arm:/home/suwi/ros2_4dof_arm/install/four_dof_arm:/opt/ros/humble:/opt/ros/humble:/home/suwi/ros2_ws_prac/install/my_robot_control:/path/to/object_recognition_msgs/install:/home/suwi/ros2_ws_prac/install/pub_sub LD_LIBRARY_PATH=/home/suwi/ros2_4dof_arm/install/moveit_msgs/lib:${LD_LIBRARY_PATH} PYTHONPATH=/home/suwi/ros2_4dof_arm/install/moveit_msgs/local/lib/python3.10/dist-packages:${PYTHONPATH} /usr/bin/cmake --build /home/suwi/ros2_4dof_arm/build/moveit_core -- -j8 -l8
[455.690s] Invoking command in '/home/suwi/ros2_4dof_arm/build/moveit_core': AMENT_PREFIX_PATH=/home/suwi/ros2_4dof_arm/install/moveit_resources_panda_moveit_config:/home/suwi/ros2_4dof_arm/install/moveit_resources_pr2_description:/home/suwi/ros2_4dof_arm/install/moveit_msgs:${AMENT_PREFIX_PATH} CMAKE_PREFIX_PATH=/home/suwi/ros2_4dof_arm/install/moveit_resources_panda_moveit_config:/home/suwi/ros2_4dof_arm/install/moveit_resources_pr2_description:/home/suwi/ros2_4dof_arm/install/moveit_resources_panda_description:/home/suwi/ros2_4dof_arm/install/moveit_msgs:/home/suwi/ros2_4dof_arm/install/moveit_common:/home/suwi/ros2_4dof_arm/src/four_dof_arm/install/four_dof_arm:/home/suwi/ros2_4dof_arm/install/four_dof_arm:/opt/ros/humble:/opt/ros/humble:/home/suwi/ros2_ws_prac/install/my_robot_control:/path/to/object_recognition_msgs/install:/home/suwi/ros2_ws_prac/install/pub_sub LD_LIBRARY_PATH=/home/suwi/ros2_4dof_arm/install/moveit_msgs/lib:${LD_LIBRARY_PATH} PYTHONPATH=/home/suwi/ros2_4dof_arm/install/moveit_msgs/local/lib/python3.10/dist-packages:${PYTHONPATH} /usr/bin/cmake --install /home/suwi/ros2_4dof_arm/build/moveit_core
[455.764s] -- Install configuration: "Release"
[455.770s] -- Installing: /home/suwi/ros2_4dof_arm/install/moveit_core/include/moveit/version.h
[455.774s] -- Up-to-date: /home/suwi/ros2_4dof_arm/install/moveit_core/include
[455.775s] -- Up-to-date: /home/suwi/ros2_4dof_arm/install/moveit_core/include/moveit
[455.775s] -- Installing: /home/suwi/ros2_4dof_arm/install/moveit_core/include/moveit/collision_distance_field
[455.776s] -- Installing: /home/suwi/ros2_4dof_arm/install/moveit_core/include/moveit/collision_distance_field/collision_detector_allocator_distance_field.h
[455.777s] -- Installing: /home/suwi/ros2_4dof_arm/install/moveit_core/include/moveit/collision_distance_field/collision_common_distance_field.h
[455.778s] -- Installing: /home/suwi/ros2_4dof_arm/install/moveit_core/include/moveit/collision_distance_field/collision_detector_allocator_hybrid.h
[455.779s] -- Installing: /home/suwi/ros2_4dof_arm/install/moveit_core/include/moveit/collision_distance_field/collision_env_distance_field.h
[455.780s] -- Installing: /home/suwi/ros2_4dof_arm/install/moveit_core/include/moveit/collision_distance_field/collision_distance_field_types.h
[455.780s] -- Installing: /home/suwi/ros2_4dof_arm/install/moveit_core/include/moveit/collision_distance_field/collision_env_hybrid.h
[455.781s] -- Installing: /home/suwi/ros2_4dof_arm/install/moveit_core/include/moveit_collision_distance_field_export.h
[455.784s] -- Up-to-date: /home/suwi/ros2_4dof_arm/install/moveit_core/include
[455.786s] -- Up-to-date: /home/suwi/ros2_4dof_arm/install/moveit_core/include/moveit
[455.786s] -- Installing: /home/suwi/ros2_4dof_arm/install/moveit_core/include/moveit/constraint_samplers
[455.787s] -- Installing: /home/suwi/ros2_4dof_arm/install/moveit_core/include/moveit/constraint_samplers/constraint_sampler_allocator.h
[455.787s] -- Installing: /home/suwi/ros2_4dof_arm/install/moveit_core/include/moveit/constraint_samplers/constraint_sampler.h
[455.787s] -- Installing: /home/suwi/ros2_4dof_arm/install/moveit_core/include/moveit/constraint_samplers/constraint_sampler_manager.h
[455.788s] -- Installing: /home/suwi/ros2_4dof_arm/install/moveit_core/include/moveit/constraint_samplers/constraint_sampler_tools.h
[455.789s] -- Installing: /home/suwi/ros2_4dof_arm/install/moveit_core/include/moveit/constraint_samplers/default_constraint_samplers.h
[455.790s] -- Installing: /home/suwi/ros2_4dof_arm/install/moveit_core/include/moveit/constraint_samplers/union_constraint_sampler.h
[455.794s] -- Up-to-date: /home/suwi/ros2_4dof_arm/install/moveit_core/include
[455.795s] -- Up-to-date: /home/suwi/ros2_4dof_arm/install/moveit_core/include/moveit
[455.795s] -- Installing: /home/suwi/ros2_4dof_arm/install/moveit_core/include/moveit/controller_manager
[455.796s] -- Installing: /home/suwi/ros2_4dof_arm/install/moveit_core/include/moveit/controller_manager/controller_manager.h
[455.798s] -- Up-to-date: /home/suwi/ros2_4dof_arm/install/moveit_core/include
[455.799s] -- Up-to-date: /home/suwi/ros2_4dof_arm/install/moveit_core/include/moveit
[455.800s] -- Installing: /home/suwi/ros2_4dof_arm/install/moveit_core/include/moveit/distance_field
[455.801s] -- Installing: /home/suwi/ros2_4dof_arm/install/moveit_core/include/moveit/distance_field/find_internal_points.h
[455.801s] -- Installing: /home/suwi/ros2_4dof_arm/install/moveit_core/include/moveit/distance_field/distance_field.h
[455.802s] -- Installing: /home/suwi/ros2_4dof_arm/install/moveit_core/include/moveit/distance_field/propagation_distance_field.h
[455.803s] -- Installing: /home/suwi/ros2_4dof_arm/install/moveit_core/include/moveit/distance_field/voxel_grid.h
[455.806s] -- Up-to-date: /home/suwi/ros2_4dof_arm/install/moveit_core/include
[455.806s] -- Up-to-date: /home/suwi/ros2_4dof_arm/install/moveit_core/include/moveit
[455.806s] -- Installing: /home/suwi/ros2_4dof_arm/install/moveit_core/include/moveit/dynamics_solver
[455.807s] -- Installing: /home/suwi/ros2_4dof_arm/install/moveit_core/include/moveit/dynamics_solver/dynamics_solver.h
[455.810s] -- Up-to-date: /home/suwi/ros2_4dof_arm/install/moveit_core/include
[455.810s] -- Up-to-date: /home/suwi/ros2_4dof_arm/install/moveit_core/include/moveit
[455.811s] -- Installing: /home/suwi/ros2_4dof_arm/install/moveit_core/include/moveit/exceptions
[455.811s] -- Installing: /home/suwi/ros2_4dof_arm/install/moveit_core/include/moveit/exceptions/exceptions.h
[455.812s] -- Up-to-date: /home/suwi/ros2_4dof_arm/install/moveit_core/include
[455.813s] -- Up-to-date: /home/suwi/ros2_4dof_arm/install/moveit_core/include/moveit
[455.813s] -- Installing: /home/suwi/ros2_4dof_arm/install/moveit_core/include/moveit/kinematics_base
[455.814s] -- Installing: /home/suwi/ros2_4dof_arm/install/moveit_core/include/moveit/kinematics_base/kinematics_base.h
[455.815s] -- Installing: /home/suwi/ros2_4dof_arm/install/moveit_core/include/moveit_kinematics_base_export.h
[455.816s] -- Up-to-date: /home/suwi/ros2_4dof_arm/install/moveit_core/include
[455.817s] -- Up-to-date: /home/suwi/ros2_4dof_arm/install/moveit_core/include/moveit
[455.817s] -- Installing: /home/suwi/ros2_4dof_arm/install/moveit_core/include/moveit/kinematic_constraints
[455.818s] -- Installing: /home/suwi/ros2_4dof_arm/install/moveit_core/include/moveit/kinematic_constraints/kinematic_constraint.h
[455.819s] -- Installing: /home/suwi/ros2_4dof_arm/install/moveit_core/include/moveit/kinematic_constraints/utils.h
[455.821s] -- Up-to-date: /home/suwi/ros2_4dof_arm/install/moveit_core/include
[455.822s] -- Up-to-date: /home/suwi/ros2_4dof_arm/install/moveit_core/include/moveit
[455.822s] -- Installing: /home/suwi/ros2_4dof_arm/install/moveit_core/include/moveit/kinematics_metrics
[455.822s] -- Installing: /home/suwi/ros2_4dof_arm/install/moveit_core/include/moveit/kinematics_metrics/kinematics_metrics.h
[455.826s] -- Up-to-date: /home/suwi/ros2_4dof_arm/install/moveit_core/include
[455.826s] -- Up-to-date: /home/suwi/ros2_4dof_arm/install/moveit_core/include/moveit
[455.827s] -- Installing: /home/suwi/ros2_4dof_arm/install/moveit_core/include/moveit/macros
[455.827s] -- Installing: /home/suwi/ros2_4dof_arm/install/moveit_core/include/moveit/macros/declare_ptr.h
[455.829s] -- Installing: /home/suwi/ros2_4dof_arm/install/moveit_core/include/moveit/macros/deprecation.h
[455.830s] -- Installing: /home/suwi/ros2_4dof_arm/install/moveit_core/include/moveit/macros/class_forward.h
[455.831s] -- Installing: /home/suwi/ros2_4dof_arm/install/moveit_core/include/moveit/macros/console_colors.h
[455.834s] -- Installing: /home/suwi/ros2_4dof_arm/install/moveit_core/include/moveit_core
[455.835s] -- Installing: /home/suwi/ros2_4dof_arm/install/moveit_core/include/moveit_core/moveit_butterworth_parameters.hpp
[455.836s] -- Up-to-date: /home/suwi/ros2_4dof_arm/install/moveit_core/include
[455.836s] -- Up-to-date: /home/suwi/ros2_4dof_arm/install/moveit_core/include/moveit
[455.837s] -- Installing: /home/suwi/ros2_4dof_arm/install/moveit_core/include/moveit/online_signal_smoothing
[455.837s] -- Installing: /home/suwi/ros2_4dof_arm/install/moveit_core/include/moveit/online_signal_smoothing/butterworth_filter.h
[455.839s] -- Installing: /home/suwi/ros2_4dof_arm/install/moveit_core/include/moveit/online_signal_smoothing/smoothing_base_class.h
[455.840s] -- Installing: /home/suwi/ros2_4dof_arm/install/moveit_core/include/moveit_smoothing_base_export.h
[455.841s] -- Installing: /home/suwi/ros2_4dof_arm/install/moveit_core/include/moveit_butterworth_filter_export.h
[455.843s] -- Up-to-date: /home/suwi/ros2_4dof_arm/install/moveit_core/include
[455.844s] -- Up-to-date: /home/suwi/ros2_4dof_arm/install/moveit_core/include/moveit
[455.844s] -- Installing: /home/suwi/ros2_4dof_arm/install/moveit_core/include/moveit/planning_interface
[455.845s] -- Installing: /home/suwi/ros2_4dof_arm/install/moveit_core/include/moveit/planning_interface/planning_response.h
[455.845s] -- Installing: /home/suwi/ros2_4dof_arm/install/moveit_core/include/moveit/planning_interface/planning_request.h
[455.846s] -- Installing: /home/suwi/ros2_4dof_arm/install/moveit_core/include/moveit/planning_interface/planning_interface.h
[455.849s] -- Up-to-date: /home/suwi/ros2_4dof_arm/install/moveit_core/include
[455.849s] -- Up-to-date: /home/suwi/ros2_4dof_arm/install/moveit_core/include/moveit
[455.849s] -- Installing: /home/suwi/ros2_4dof_arm/install/moveit_core/include/moveit/planning_request_adapter
[455.850s] -- Installing: /home/suwi/ros2_4dof_arm/install/moveit_core/include/moveit/planning_request_adapter/planning_request_adapter.h
[455.852s] -- Up-to-date: /home/suwi/ros2_4dof_arm/install/moveit_core/include
[455.853s] -- Up-to-date: /home/suwi/ros2_4dof_arm/install/moveit_core/include/moveit
[455.854s] -- Installing: /home/suwi/ros2_4dof_arm/install/moveit_core/include/moveit/planning_scene
[455.854s] -- Installing: /home/suwi/ros2_4dof_arm/install/moveit_core/include/moveit/planning_scene/planning_scene.h
[455.855s] -- Installing: /home/suwi/ros2_4dof_arm/install/moveit_core/include/moveit_planning_scene_export.h
[455.856s] -- Up-to-date: /home/suwi/ros2_4dof_arm/install/moveit_core/include
[455.857s] -- Up-to-date: /home/suwi/ros2_4dof_arm/install/moveit_core/include/moveit
[455.857s] -- Installing: /home/suwi/ros2_4dof_arm/install/moveit_core/include/moveit/robot_model
[455.858s] -- Installing: /home/suwi/ros2_4dof_arm/install/moveit_core/include/moveit/robot_model/revolute_joint_model.h
[455.858s] -- Installing: /home/suwi/ros2_4dof_arm/install/moveit_core/include/moveit/robot_model/link_model.h
[455.859s] -- Installing: /home/suwi/ros2_4dof_arm/install/moveit_core/include/moveit/robot_model/planar_joint_model.h
[455.860s] -- Installing: /home/suwi/ros2_4dof_arm/install/moveit_core/include/moveit/robot_model/fixed_joint_model.h
[455.861s] -- Installing: /home/suwi/ros2_4dof_arm/install/moveit_core/include/moveit/robot_model/floating_joint_model.h
[455.861s] -- Installing: /home/suwi/ros2_4dof_arm/install/moveit_core/include/moveit/robot_model/prismatic_joint_model.h
[455.862s] -- Installing: /home/suwi/ros2_4dof_arm/install/moveit_core/include/moveit/robot_model/aabb.h
[455.863s] -- Installing: /home/suwi/ros2_4dof_arm/install/moveit_core/include/moveit/robot_model/joint_model.h
[455.864s] -- Installing: /home/suwi/ros2_4dof_arm/install/moveit_core/include/moveit/robot_model/robot_model.h
[455.865s] -- Installing: /home/suwi/ros2_4dof_arm/install/moveit_core/include/moveit/robot_model/joint_model_group.h
[455.868s] -- Up-to-date: /home/suwi/ros2_4dof_arm/install/moveit_core/include
[455.869s] -- Up-to-date: /home/suwi/ros2_4dof_arm/install/moveit_core/include/moveit
[455.869s] -- Installing: /home/suwi/ros2_4dof_arm/install/moveit_core/include/moveit/robot_state
[455.870s] -- Installing: /home/suwi/ros2_4dof_arm/install/moveit_core/include/moveit/robot_state/robot_state.h
[455.871s] -- Installing: /home/suwi/ros2_4dof_arm/install/moveit_core/include/moveit/robot_state/cartesian_interpolator.h
[455.872s] -- Installing: /home/suwi/ros2_4dof_arm/install/moveit_core/include/moveit/robot_state/attached_body.h
[455.873s] -- Installing: /home/suwi/ros2_4dof_arm/install/moveit_core/include/moveit/robot_state/conversions.h
[455.875s] -- Up-to-date: /home/suwi/ros2_4dof_arm/install/moveit_core/include
[455.876s] -- Up-to-date: /home/suwi/ros2_4dof_arm/install/moveit_core/include/moveit
[455.876s] -- Installing: /home/suwi/ros2_4dof_arm/install/moveit_core/include/moveit/robot_trajectory
[455.876s] -- Installing: /home/suwi/ros2_4dof_arm/install/moveit_core/include/moveit/robot_trajectory/robot_trajectory.h
[455.878s] -- Up-to-date: /home/suwi/ros2_4dof_arm/install/moveit_core/include
[455.878s] -- Up-to-date: /home/suwi/ros2_4dof_arm/install/moveit_core/include/moveit
[455.879s] -- Installing: /home/suwi/ros2_4dof_arm/install/moveit_core/include/moveit/sensor_manager
[455.879s] -- Installing: /home/suwi/ros2_4dof_arm/install/moveit_core/include/moveit/sensor_manager/sensor_manager.h
[455.883s] -- Up-to-date: /home/suwi/ros2_4dof_arm/install/moveit_core/include
[455.884s] -- Up-to-date: /home/suwi/ros2_4dof_arm/install/moveit_core/include/moveit
[455.884s] -- Installing: /home/suwi/ros2_4dof_arm/install/moveit_core/include/moveit/trajectory_processing
[455.884s] -- Installing: /home/suwi/ros2_4dof_arm/install/moveit_core/include/moveit/trajectory_processing/trajectory_tools.h
[455.885s] -- Installing: /home/suwi/ros2_4dof_arm/install/moveit_core/include/moveit/trajectory_processing/time_optimal_trajectory_generation.h
[455.886s] -- Installing: /home/suwi/ros2_4dof_arm/install/moveit_core/include/moveit/trajectory_processing/iterative_time_parameterization.h
[455.887s] -- Installing: /home/suwi/ros2_4dof_arm/install/moveit_core/include/moveit/trajectory_processing/time_parameterization.h
[455.887s] -- Installing: /home/suwi/ros2_4dof_arm/install/moveit_core/include/moveit/trajectory_processing/iterative_spline_parameterization.h
[455.889s] -- Installing: /home/suwi/ros2_4dof_arm/install/moveit_core/include/moveit/trajectory_processing/ruckig_traj_smoothing.h
[455.891s] -- Up-to-date: /home/suwi/ros2_4dof_arm/install/moveit_core/include
[455.892s] -- Up-to-date: /home/suwi/ros2_4dof_arm/install/moveit_core/include/moveit
[455.892s] -- Installing: /home/suwi/ros2_4dof_arm/install/moveit_core/include/moveit/transforms
[455.892s] -- Installing: /home/suwi/ros2_4dof_arm/install/moveit_core/include/moveit/transforms/transforms.h
[455.894s] -- Up-to-date: /home/suwi/ros2_4dof_arm/install/moveit_core/include
[455.894s] -- Up-to-date: /home/suwi/ros2_4dof_arm/install/moveit_core/include/moveit
[455.895s] -- Installing: /home/suwi/ros2_4dof_arm/install/moveit_core/include/moveit/utils
[455.895s] -- Installing: /home/suwi/ros2_4dof_arm/install/moveit_core/include/moveit/utils/moveit_error_code.h
[455.897s] -- Installing: /home/suwi/ros2_4dof_arm/install/moveit_core/include/moveit/utils/message_checks.h
[455.898s] -- Installing: /home/suwi/ros2_4dof_arm/install/moveit_core/include/moveit/utils/rclcpp_utils.h
[455.900s] -- Installing: /home/suwi/ros2_4dof_arm/install/moveit_core/include/moveit/utils/robot_model_test_utils.h
[455.900s] -- Installing: /home/suwi/ros2_4dof_arm/install/moveit_core/include/moveit/utils/lexical_casts.h
[455.904s] -- Installing: /home/suwi/ros2_4dof_arm/install/moveit_core/bin/moveit_version
[455.906s] -- Up-to-date: /home/suwi/ros2_4dof_arm/install/moveit_core/include
[455.907s] -- Up-to-date: /home/suwi/ros2_4dof_arm/install/moveit_core/include/moveit
[455.907s] -- Installing: /home/suwi/ros2_4dof_arm/install/moveit_core/include/moveit/collision_detection
[455.908s] -- Installing: /home/suwi/ros2_4dof_arm/install/moveit_core/include/moveit/collision_detection/collision_detector_allocator.h
[455.909s] -- Installing: /home/suwi/ros2_4dof_arm/install/moveit_core/include/moveit/collision_detection/test_collision_common_panda.h
[455.910s] -- Installing: /home/suwi/ros2_4dof_arm/install/moveit_core/include/moveit/collision_detection/occupancy_map.h
[455.911s] -- Installing: /home/suwi/ros2_4dof_arm/install/moveit_core/include/moveit/collision_detection/collision_common.h
[455.911s] -- Installing: /home/suwi/ros2_4dof_arm/install/moveit_core/include/moveit/collision_detection/world.h
[455.912s] -- Installing: /home/suwi/ros2_4dof_arm/install/moveit_core/include/moveit/collision_detection/world_diff.h
[455.913s] -- Installing: /home/suwi/ros2_4dof_arm/install/moveit_core/include/moveit/collision_detection/collision_plugin_cache.h
[455.914s] -- Installing: /home/suwi/ros2_4dof_arm/install/moveit_core/include/moveit/collision_detection/allvalid
[455.915s] -- Installing: /home/suwi/ros2_4dof_arm/install/moveit_core/include/moveit/collision_detection/allvalid/collision_detector_allocator_allvalid.h
[455.916s] -- Installing: /home/suwi/ros2_4dof_arm/install/moveit_core/include/moveit/collision_detection/allvalid/collision_env_allvalid.h
[455.918s] -- Installing: /home/suwi/ros2_4dof_arm/install/moveit_core/include/moveit/collision_detection/collision_matrix.h
[455.918s] -- Installing: /home/suwi/ros2_4dof_arm/install/moveit_core/include/moveit/collision_detection/collision_octomap_filter.h
[455.920s] -- Installing: /home/suwi/ros2_4dof_arm/install/moveit_core/include/moveit/collision_detection/test_collision_common_pr2.h
[455.921s] -- Installing: /home/suwi/ros2_4dof_arm/install/moveit_core/include/moveit/collision_detection/collision_env.h
[455.922s] -- Installing: /home/suwi/ros2_4dof_arm/install/moveit_core/include/moveit/collision_detection/collision_plugin.h
[455.923s] -- Installing: /home/suwi/ros2_4dof_arm/install/moveit_core/include/moveit/collision_detection/collision_tools.h
[455.925s] -- Installing: /home/suwi/ros2_4dof_arm/install/moveit_core/include/moveit_collision_detection_export.h
[455.928s] -- Up-to-date: /home/suwi/ros2_4dof_arm/install/moveit_core/include
[455.929s] -- Up-to-date: /home/suwi/ros2_4dof_arm/install/moveit_core/include/moveit
[455.929s] -- Installing: /home/suwi/ros2_4dof_arm/install/moveit_core/include/moveit/collision_detection_bullet
[455.929s] -- Installing: /home/suwi/ros2_4dof_arm/install/moveit_core/include/moveit/collision_detection_bullet/bullet_integration
[455.930s] -- Installing: /home/suwi/ros2_4dof_arm/install/moveit_core/include/moveit/collision_detection_bullet/bullet_integration/bullet_cast_bvh_manager.h
[455.931s] -- Installing: /home/suwi/ros2_4dof_arm/install/moveit_core/include/moveit/collision_detection_bullet/bullet_integration/ros_bullet_utils.h
[455.931s] -- Installing: /home/suwi/ros2_4dof_arm/install/moveit_core/include/moveit/collision_detection_bullet/bullet_integration/contact_checker_common.h
[455.932s] -- Installing: /home/suwi/ros2_4dof_arm/install/moveit_core/include/moveit/collision_detection_bullet/bullet_integration/bullet_bvh_manager.h
[455.932s] -- Installing: /home/suwi/ros2_4dof_arm/install/moveit_core/include/moveit/collision_detection_bullet/bullet_integration/bullet_discrete_bvh_manager.h
[455.933s] -- Installing: /home/suwi/ros2_4dof_arm/install/moveit_core/include/moveit/collision_detection_bullet/bullet_integration/basic_types.h
[455.934s] -- Installing: /home/suwi/ros2_4dof_arm/install/moveit_core/include/moveit/collision_detection_bullet/bullet_integration/bullet_utils.h
[455.935s] -- Installing: /home/suwi/ros2_4dof_arm/install/moveit_core/include/moveit/collision_detection_bullet/collision_env_bullet.h
[455.936s] -- Installing: /home/suwi/ros2_4dof_arm/install/moveit_core/include/moveit/collision_detection_bullet/collision_detector_allocator_bullet.h
[455.937s] -- Installing: /home/suwi/ros2_4dof_arm/install/moveit_core/include/moveit/collision_detection_bullet/collision_detector_bullet_plugin_loader.h
[455.937s] -- Installing: /home/suwi/ros2_4dof_arm/install/moveit_core/include/moveit_collision_detection_bullet_export.h
[455.939s] -- Up-to-date: /home/suwi/ros2_4dof_arm/install/moveit_core/include
[455.940s] -- Up-to-date: /home/suwi/ros2_4dof_arm/install/moveit_core/include/moveit
[455.940s] -- Installing: /home/suwi/ros2_4dof_arm/install/moveit_core/include/moveit/collision_detection_fcl
[455.942s] -- Installing: /home/suwi/ros2_4dof_arm/install/moveit_core/include/moveit/collision_detection_fcl/collision_env_fcl.h
[455.942s] -- Installing: /home/suwi/ros2_4dof_arm/install/moveit_core/include/moveit/collision_detection_fcl/collision_detector_fcl_plugin_loader.h
[455.943s] -- Installing: /home/suwi/ros2_4dof_arm/install/moveit_core/include/moveit/collision_detection_fcl/fcl_compat.h
[455.943s] -- Installing: /home/suwi/ros2_4dof_arm/install/moveit_core/include/moveit/collision_detection_fcl/collision_detector_allocator_fcl.h
[455.944s] -- Installing: /home/suwi/ros2_4dof_arm/install/moveit_core/include/moveit/collision_detection_fcl/collision_common.h
[455.944s] -- Installing: /home/suwi/ros2_4dof_arm/install/moveit_core/include/moveit_collision_detection_fcl_export.h
[455.946s] -- Installing: /home/suwi/ros2_4dof_arm/install/moveit_core/lib/libcollision_detector_bullet_plugin.so.2.5.8
[455.953s] -- Set runtime path of "/home/suwi/ros2_4dof_arm/install/moveit_core/lib/libcollision_detector_bullet_plugin.so.2.5.8" to ""
[455.954s] -- Installing: /home/suwi/ros2_4dof_arm/install/moveit_core/lib/libcollision_detector_bullet_plugin.so
[455.955s] -- Installing: /home/suwi/ros2_4dof_arm/install/moveit_core/lib/libmoveit_butterworth_filter.so.2.5.8
[455.963s] -- Set runtime path of "/home/suwi/ros2_4dof_arm/install/moveit_core/lib/libmoveit_butterworth_filter.so.2.5.8" to ""
[455.964s] -- Installing: /home/suwi/ros2_4dof_arm/install/moveit_core/lib/libmoveit_butterworth_filter.so
[455.964s] -- Installing: /home/suwi/ros2_4dof_arm/install/moveit_core/lib/libmoveit_collision_distance_field.so.2.5.8
[455.973s] -- Set runtime path of "/home/suwi/ros2_4dof_arm/install/moveit_core/lib/libmoveit_collision_distance_field.so.2.5.8" to ""
[455.974s] -- Installing: /home/suwi/ros2_4dof_arm/install/moveit_core/lib/libmoveit_collision_distance_field.so
[455.974s] -- Installing: /home/suwi/ros2_4dof_arm/install/moveit_core/lib/libmoveit_collision_detection.so.2.5.8
[455.988s] -- Set runtime path of "/home/suwi/ros2_4dof_arm/install/moveit_core/lib/libmoveit_collision_detection.so.2.5.8" to ""
[455.989s] -- Installing: /home/suwi/ros2_4dof_arm/install/moveit_core/lib/libmoveit_collision_detection.so
[455.989s] -- Installing: /home/suwi/ros2_4dof_arm/install/moveit_core/lib/libmoveit_collision_detection_fcl.so.2.5.8
[455.998s] -- Set runtime path of "/home/suwi/ros2_4dof_arm/install/moveit_core/lib/libmoveit_collision_detection_fcl.so.2.5.8" to ""
[455.999s] -- Installing: /home/suwi/ros2_4dof_arm/install/moveit_core/lib/libmoveit_collision_detection_fcl.so
[455.999s] -- Installing: /home/suwi/ros2_4dof_arm/install/moveit_core/lib/libmoveit_collision_detection_bullet.so.2.5.8
[456.009s] -- Set runtime path of "/home/suwi/ros2_4dof_arm/install/moveit_core/lib/libmoveit_collision_detection_bullet.so.2.5.8" to ""
[456.009s] -- Installing: /home/suwi/ros2_4dof_arm/install/moveit_core/lib/libmoveit_collision_detection_bullet.so
[456.010s] -- Installing: /home/suwi/ros2_4dof_arm/install/moveit_core/lib/libmoveit_dynamics_solver.so.2.5.8
[456.019s] -- Set runtime path of "/home/suwi/ros2_4dof_arm/install/moveit_core/lib/libmoveit_dynamics_solver.so.2.5.8" to ""
[456.019s] -- Installing: /home/suwi/ros2_4dof_arm/install/moveit_core/lib/libmoveit_dynamics_solver.so
[456.020s] -- Installing: /home/suwi/ros2_4dof_arm/install/moveit_core/lib/libmoveit_constraint_samplers.so.2.5.8
[456.027s] -- Set runtime path of "/home/suwi/ros2_4dof_arm/install/moveit_core/lib/libmoveit_constraint_samplers.so.2.5.8" to ""
[456.027s] -- Installing: /home/suwi/ros2_4dof_arm/install/moveit_core/lib/libmoveit_constraint_samplers.so
[456.028s] -- Installing: /home/suwi/ros2_4dof_arm/install/moveit_core/lib/libmoveit_distance_field.so.2.5.8
[456.043s] -- Set runtime path of "/home/suwi/ros2_4dof_arm/install/moveit_core/lib/libmoveit_distance_field.so.2.5.8" to ""
[456.044s] -- Installing: /home/suwi/ros2_4dof_arm/install/moveit_core/lib/libmoveit_distance_field.so
[456.044s] -- Installing: /home/suwi/ros2_4dof_arm/install/moveit_core/lib/libmoveit_exceptions.so.2.5.8
[456.050s] -- Set runtime path of "/home/suwi/ros2_4dof_arm/install/moveit_core/lib/libmoveit_exceptions.so.2.5.8" to ""
[456.050s] -- Installing: /home/suwi/ros2_4dof_arm/install/moveit_core/lib/libmoveit_exceptions.so
[456.051s] -- Installing: /home/suwi/ros2_4dof_arm/install/moveit_core/lib/libmoveit_kinematics_base.so
[456.059s] -- Set runtime path of "/home/suwi/ros2_4dof_arm/install/moveit_core/lib/libmoveit_kinematics_base.so" to ""
[456.059s] -- Installing: /home/suwi/ros2_4dof_arm/install/moveit_core/lib/libmoveit_kinematic_constraints.so.2.5.8
[456.069s] -- Set runtime path of "/home/suwi/ros2_4dof_arm/install/moveit_core/lib/libmoveit_kinematic_constraints.so.2.5.8" to ""
[456.070s] -- Installing: /home/suwi/ros2_4dof_arm/install/moveit_core/lib/libmoveit_kinematic_constraints.so
[456.071s] -- Installing: /home/suwi/ros2_4dof_arm/install/moveit_core/lib/libmoveit_kinematics_metrics.so.2.5.8
[456.079s] -- Set runtime path of "/home/suwi/ros2_4dof_arm/install/moveit_core/lib/libmoveit_kinematics_metrics.so.2.5.8" to ""
[456.079s] -- Installing: /home/suwi/ros2_4dof_arm/install/moveit_core/lib/libmoveit_kinematics_metrics.so
[456.080s] -- Installing: /home/suwi/ros2_4dof_arm/install/moveit_core/lib/libmoveit_planning_interface.so.2.5.8
[456.087s] -- Set runtime path of "/home/suwi/ros2_4dof_arm/install/moveit_core/lib/libmoveit_planning_interface.so.2.5.8" to ""
[456.087s] -- Installing: /home/suwi/ros2_4dof_arm/install/moveit_core/lib/libmoveit_planning_interface.so
[456.088s] -- Installing: /home/suwi/ros2_4dof_arm/install/moveit_core/lib/libmoveit_planning_scene.so.2.5.8
[456.099s] -- Set runtime path of "/home/suwi/ros2_4dof_arm/install/moveit_core/lib/libmoveit_planning_scene.so.2.5.8" to ""
[456.100s] -- Installing: /home/suwi/ros2_4dof_arm/install/moveit_core/lib/libmoveit_planning_scene.so
[456.101s] -- Installing: /home/suwi/ros2_4dof_arm/install/moveit_core/lib/libmoveit_planning_request_adapter.so.2.5.8
[456.105s] -- Set runtime path of "/home/suwi/ros2_4dof_arm/install/moveit_core/lib/libmoveit_planning_request_adapter.so.2.5.8" to ""
[456.105s] -- Installing: /home/suwi/ros2_4dof_arm/install/moveit_core/lib/libmoveit_planning_request_adapter.so
[456.106s] -- Installing: /home/suwi/ros2_4dof_arm/install/moveit_core/lib/libmoveit_robot_model.so.2.5.8
[456.121s] -- Set runtime path of "/home/suwi/ros2_4dof_arm/install/moveit_core/lib/libmoveit_robot_model.so.2.5.8" to ""
[456.121s] -- Installing: /home/suwi/ros2_4dof_arm/install/moveit_core/lib/libmoveit_robot_model.so
[456.122s] -- Installing: /home/suwi/ros2_4dof_arm/install/moveit_core/lib/libmoveit_robot_state.so.2.5.8
[456.143s] -- Set runtime path of "/home/suwi/ros2_4dof_arm/install/moveit_core/lib/libmoveit_robot_state.so.2.5.8" to ""
[456.143s] -- Installing: /home/suwi/ros2_4dof_arm/install/moveit_core/lib/libmoveit_robot_state.so
[456.144s] -- Installing: /home/suwi/ros2_4dof_arm/install/moveit_core/lib/libmoveit_robot_trajectory.so.2.5.8
[456.152s] -- Set runtime path of "/home/suwi/ros2_4dof_arm/install/moveit_core/lib/libmoveit_robot_trajectory.so.2.5.8" to ""
[456.152s] -- Installing: /home/suwi/ros2_4dof_arm/install/moveit_core/lib/libmoveit_robot_trajectory.so
[456.152s] -- Installing: /home/suwi/ros2_4dof_arm/install/moveit_core/lib/libmoveit_smoothing_base.so.2.5.8
[456.157s] -- Set runtime path of "/home/suwi/ros2_4dof_arm/install/moveit_core/lib/libmoveit_smoothing_base.so.2.5.8" to ""
[456.157s] -- Installing: /home/suwi/ros2_4dof_arm/install/moveit_core/lib/libmoveit_smoothing_base.so
[456.159s] -- Installing: /home/suwi/ros2_4dof_arm/install/moveit_core/lib/libmoveit_test_utils.so.2.5.8
[456.171s] -- Set runtime path of "/home/suwi/ros2_4dof_arm/install/moveit_core/lib/libmoveit_test_utils.so.2.5.8" to ""
[456.171s] -- Installing: /home/suwi/ros2_4dof_arm/install/moveit_core/lib/libmoveit_test_utils.so
[456.171s] -- Installing: /home/suwi/ros2_4dof_arm/install/moveit_core/lib/libmoveit_trajectory_processing.so.2.5.8
[456.180s] -- Set runtime path of "/home/suwi/ros2_4dof_arm/install/moveit_core/lib/libmoveit_trajectory_processing.so.2.5.8" to ""
[456.181s] -- Installing: /home/suwi/ros2_4dof_arm/install/moveit_core/lib/libmoveit_trajectory_processing.so
[456.181s] -- Installing: /home/suwi/ros2_4dof_arm/install/moveit_core/lib/libmoveit_transforms.so.2.5.8
[456.188s] -- Set runtime path of "/home/suwi/ros2_4dof_arm/install/moveit_core/lib/libmoveit_transforms.so.2.5.8" to ""
[456.188s] -- Installing: /home/suwi/ros2_4dof_arm/install/moveit_core/lib/libmoveit_transforms.so
[456.188s] -- Installing: /home/suwi/ros2_4dof_arm/install/moveit_core/lib/libmoveit_utils.so.2.5.8
[456.193s] -- Set runtime path of "/home/suwi/ros2_4dof_arm/install/moveit_core/lib/libmoveit_utils.so.2.5.8" to ""
[456.193s] -- Installing: /home/suwi/ros2_4dof_arm/install/moveit_core/lib/libmoveit_utils.so
[456.199s] -- Installing: /home/suwi/ros2_4dof_arm/install/moveit_core/share/moveit_core/environment/library_path.sh
[456.201s] -- Installing: /home/suwi/ros2_4dof_arm/install/moveit_core/share/moveit_core/environment/library_path.dsv
[456.203s] -- Installing: /home/suwi/ros2_4dof_arm/install/moveit_core/share/moveit_core/collision_detector_fcl_description.xml
[456.205s] -- Installing: /home/suwi/ros2_4dof_arm/install/moveit_core/share/moveit_core/collision_detector_bullet_description.xml
[456.206s] -- Installing: /home/suwi/ros2_4dof_arm/install/moveit_core/share/moveit_core/filter_plugin_butterworth.xml
[456.212s] -- Installing: /home/suwi/ros2_4dof_arm/install/moveit_core/share/ament_index/resource_index/package_run_dependencies/moveit_core
[456.215s] -- Installing: /home/suwi/ros2_4dof_arm/install/moveit_core/share/ament_index/resource_index/parent_prefix_path/moveit_core
[456.222s] -- Installing: /home/suwi/ros2_4dof_arm/install/moveit_core/share/moveit_core/environment/ament_prefix_path.sh
[456.224s] -- Installing: /home/suwi/ros2_4dof_arm/install/moveit_core/share/moveit_core/environment/ament_prefix_path.dsv
[456.226s] -- Installing: /home/suwi/ros2_4dof_arm/install/moveit_core/share/moveit_core/environment/path.sh
[456.227s] -- Installing: /home/suwi/ros2_4dof_arm/install/moveit_core/share/moveit_core/environment/path.dsv
[456.228s] -- Installing: /home/suwi/ros2_4dof_arm/install/moveit_core/share/moveit_core/local_setup.bash
[456.230s] -- Installing: /home/suwi/ros2_4dof_arm/install/moveit_core/share/moveit_core/local_setup.sh
[456.231s] -- Installing: /home/suwi/ros2_4dof_arm/install/moveit_core/share/moveit_core/local_setup.zsh
[456.233s] -- Installing: /home/suwi/ros2_4dof_arm/install/moveit_core/share/moveit_core/local_setup.dsv
[456.235s] -- Installing: /home/suwi/ros2_4dof_arm/install/moveit_core/share/moveit_core/package.dsv
[456.237s] -- Installing: /home/suwi/ros2_4dof_arm/install/moveit_core/share/ament_index/resource_index/packages/moveit_core
[456.240s] -- Installing: /home/suwi/ros2_4dof_arm/install/moveit_core/share/ament_index/resource_index/moveit_core__pluginlib__plugin/moveit_core
[456.245s] -- Installing: /home/suwi/ros2_4dof_arm/install/moveit_core/share/moveit_core/cmake/export_moveit_coreExport.cmake
[456.247s] -- Installing: /home/suwi/ros2_4dof_arm/install/moveit_core/share/moveit_core/cmake/export_moveit_coreExport-release.cmake
[456.249s] -- Installing: /home/suwi/ros2_4dof_arm/install/moveit_core/share/moveit_core/cmake/ConfigExtras.cmake
[456.251s] -- Installing: /home/suwi/ros2_4dof_arm/install/moveit_core/share/moveit_core/cmake/ament_cmake_export_targets-extras.cmake
[456.253s] -- Installing: /home/suwi/ros2_4dof_arm/install/moveit_core/share/moveit_core/cmake/ament_cmake_export_dependencies-extras.cmake
[456.255s] -- Installing: /home/suwi/ros2_4dof_arm/install/moveit_core/share/moveit_core/cmake/moveit_coreConfig.cmake
[456.256s] -- Installing: /home/suwi/ros2_4dof_arm/install/moveit_core/share/moveit_core/cmake/moveit_coreConfig-version.cmake
[456.258s] -- Installing: /home/suwi/ros2_4dof_arm/install/moveit_core/share/moveit_core/package.xml
[456.270s] Invoked command in '/home/suwi/ros2_4dof_arm/build/moveit_core' returned '0': AMENT_PREFIX_PATH=/home/suwi/ros2_4dof_arm/install/moveit_resources_panda_moveit_config:/home/suwi/ros2_4dof_arm/install/moveit_resources_pr2_description:/home/suwi/ros2_4dof_arm/install/moveit_msgs:${AMENT_PREFIX_PATH} CMAKE_PREFIX_PATH=/home/suwi/ros2_4dof_arm/install/moveit_resources_panda_moveit_config:/home/suwi/ros2_4dof_arm/install/moveit_resources_pr2_description:/home/suwi/ros2_4dof_arm/install/moveit_resources_panda_description:/home/suwi/ros2_4dof_arm/install/moveit_msgs:/home/suwi/ros2_4dof_arm/install/moveit_common:/home/suwi/ros2_4dof_arm/src/four_dof_arm/install/four_dof_arm:/home/suwi/ros2_4dof_arm/install/four_dof_arm:/opt/ros/humble:/opt/ros/humble:/home/suwi/ros2_ws_prac/install/my_robot_control:/path/to/object_recognition_msgs/install:/home/suwi/ros2_ws_prac/install/pub_sub LD_LIBRARY_PATH=/home/suwi/ros2_4dof_arm/install/moveit_msgs/lib:${LD_LIBRARY_PATH} PYTHONPATH=/home/suwi/ros2_4dof_arm/install/moveit_msgs/local/lib/python3.10/dist-packages:${PYTHONPATH} /usr/bin/cmake --install /home/suwi/ros2_4dof_arm/build/moveit_core
