[2.383s] Invoking command in '/home/suwi/ros2_4dof_arm/src/moveit2/moveit_configs_utils': PYTHONPATH=/home/suwi/ros2_4dof_arm/build/moveit_configs_utils/prefix_override:/usr/lib/python3/dist-packages/colcon_core/task/python/colcon_distutils_commands:/home/suwi/ros2_4dof_arm/install/moveit_configs_utils/lib/python3.10/site-packages:${PYTHONPATH} /usr/bin/python3 -W ignore:setup.py install is deprecated -W ignore:easy_install command is deprecated setup.py egg_info --egg-base ../../../build/moveit_configs_utils build --build-base /home/suwi/ros2_4dof_arm/build/moveit_configs_utils/build install --record /home/suwi/ros2_4dof_arm/build/moveit_configs_utils/install.log --single-version-externally-managed install_data
[3.097s] running egg_info
[3.098s] writing ../../../build/moveit_configs_utils/moveit_configs_utils.egg-info/PKG-INFO
[3.100s] writing dependency_links to ../../../build/moveit_configs_utils/moveit_configs_utils.egg-info/dependency_links.txt
[3.101s] writing entry points to ../../../build/moveit_configs_utils/moveit_configs_utils.egg-info/entry_points.txt
[3.101s] writing requirements to ../../../build/moveit_configs_utils/moveit_configs_utils.egg-info/requires.txt
[3.101s] writing top-level names to ../../../build/moveit_configs_utils/moveit_configs_utils.egg-info/top_level.txt
[3.107s] reading manifest file '../../../build/moveit_configs_utils/moveit_configs_utils.egg-info/SOURCES.txt'
[3.110s] writing manifest file '../../../build/moveit_configs_utils/moveit_configs_utils.egg-info/SOURCES.txt'
[3.110s] running build
[3.111s] running build_py
[3.117s] running install
[3.118s] running install_lib
[3.126s] running install_data
[3.130s] running install_egg_info
[3.134s] removing '/home/suwi/ros2_4dof_arm/install/moveit_configs_utils/lib/python3.10/site-packages/moveit_configs_utils-2.5.8-py3.10.egg-info' (and everything under it)
[3.135s] Copying ../../../build/moveit_configs_utils/moveit_configs_utils.egg-info to /home/suwi/ros2_4dof_arm/install/moveit_configs_utils/lib/python3.10/site-packages/moveit_configs_utils-2.5.8-py3.10.egg-info
[3.141s] running install_scripts
[3.183s] writing list of installed files to '/home/suwi/ros2_4dof_arm/build/moveit_configs_utils/install.log'
[3.216s] Invoked command in '/home/suwi/ros2_4dof_arm/src/moveit2/moveit_configs_utils' returned '0': PYTHONPATH=/home/suwi/ros2_4dof_arm/build/moveit_configs_utils/prefix_override:/usr/lib/python3/dist-packages/colcon_core/task/python/colcon_distutils_commands:/home/suwi/ros2_4dof_arm/install/moveit_configs_utils/lib/python3.10/site-packages:${PYTHONPATH} /usr/bin/python3 -W ignore:setup.py install is deprecated -W ignore:easy_install command is deprecated setup.py egg_info --egg-base ../../../build/moveit_configs_utils build --build-base /home/suwi/ros2_4dof_arm/build/moveit_configs_utils/build install --record /home/suwi/ros2_4dof_arm/build/moveit_configs_utils/install.log --single-version-externally-managed install_data
