[0.311s] Invoking command in '/home/suwi/ros2_4dof_arm/build/moveit_resources_pr2_description': CMAKE_PREFIX_PATH=${CMAKE_PREFIX_PATH}:/home/suwi/ros2_4dof_arm/install/moveit_configs_utils:/home/suwi/ros2_ws_prac/install/pub_sub:/opt/ros/humble /usr/bin/cmake --build /home/suwi/ros2_4dof_arm/build/moveit_resources_pr2_description -- -j8 -l8
[1.264s] Invoked command in '/home/suwi/ros2_4dof_arm/build/moveit_resources_pr2_description' returned '0': CMAKE_PREFIX_PATH=${CMAKE_PREFIX_PATH}:/home/suwi/ros2_4dof_arm/install/moveit_configs_utils:/home/suwi/ros2_ws_prac/install/pub_sub:/opt/ros/humble /usr/bin/cmake --build /home/suwi/ros2_4dof_arm/build/moveit_resources_pr2_description -- -j8 -l8
[1.366s] Invoking command in '/home/suwi/ros2_4dof_arm/build/moveit_resources_pr2_description': CMAKE_PREFIX_PATH=${CMAKE_PREFIX_PATH}:/home/suwi/ros2_4dof_arm/install/moveit_configs_utils:/home/suwi/ros2_ws_prac/install/pub_sub:/opt/ros/humble /usr/bin/cmake --install /home/suwi/ros2_4dof_arm/build/moveit_resources_pr2_description
[1.449s] -- Install configuration: ""
[1.450s] -- Execute custom install script
[1.450s] -- Up-to-date symlink: /home/suwi/ros2_4dof_arm/install/moveit_resources_pr2_description/share/ament_index/resource_index/package_run_dependencies/moveit_resources_pr2_description
[1.450s] -- Up-to-date symlink: /home/suwi/ros2_4dof_arm/install/moveit_resources_pr2_description/share/ament_index/resource_index/parent_prefix_path/moveit_resources_pr2_description
[1.450s] -- Up-to-date symlink: /home/suwi/ros2_4dof_arm/install/moveit_resources_pr2_description/share/moveit_resources_pr2_description/environment/ament_prefix_path.sh
[1.456s] -- Up-to-date symlink: /home/suwi/ros2_4dof_arm/install/moveit_resources_pr2_description/share/moveit_resources_pr2_description/environment/ament_prefix_path.dsv
[1.456s] -- Up-to-date symlink: /home/suwi/ros2_4dof_arm/install/moveit_resources_pr2_description/share/moveit_resources_pr2_description/environment/path.sh
[1.456s] -- Up-to-date symlink: /home/suwi/ros2_4dof_arm/install/moveit_resources_pr2_description/share/moveit_resources_pr2_description/environment/path.dsv
[1.472s] -- Up-to-date symlink: /home/suwi/ros2_4dof_arm/install/moveit_resources_pr2_description/share/moveit_resources_pr2_description/local_setup.bash
[1.472s] -- Up-to-date symlink: /home/suwi/ros2_4dof_arm/install/moveit_resources_pr2_description/share/moveit_resources_pr2_description/local_setup.sh
[1.479s] -- Up-to-date symlink: /home/suwi/ros2_4dof_arm/install/moveit_resources_pr2_description/share/moveit_resources_pr2_description/local_setup.zsh
[1.479s] -- Up-to-date symlink: /home/suwi/ros2_4dof_arm/install/moveit_resources_pr2_description/share/moveit_resources_pr2_description/local_setup.dsv
[1.479s] -- Symlinking: /home/suwi/ros2_4dof_arm/install/moveit_resources_pr2_description/share/moveit_resources_pr2_description/package.dsv
[1.580s] -- Up-to-date symlink: /home/suwi/ros2_4dof_arm/install/moveit_resources_pr2_description/share/ament_index/resource_index/packages/moveit_resources_pr2_description
[1.583s] -- Up-to-date symlink: /home/suwi/ros2_4dof_arm/install/moveit_resources_pr2_description/share/moveit_resources_pr2_description/cmake/moveit_resources_pr2_descriptionConfig.cmake
[1.584s] -- Up-to-date symlink: /home/suwi/ros2_4dof_arm/install/moveit_resources_pr2_description/share/moveit_resources_pr2_description/cmake/moveit_resources_pr2_descriptionConfig-version.cmake
[1.584s] -- Up-to-date symlink: /home/suwi/ros2_4dof_arm/install/moveit_resources_pr2_description/share/moveit_resources_pr2_description/package.xml
[1.585s] -- Up-to-date symlink: /home/suwi/ros2_4dof_arm/install/moveit_resources_pr2_description/share/moveit_resources_pr2_description/srdf/robot.xml
[1.654s] -- Up-to-date symlink: /home/suwi/ros2_4dof_arm/install/moveit_resources_pr2_description/share/moveit_resources_pr2_description/urdf/materials/textures/pr2_caster_texture.png
[1.655s] -- Up-to-date symlink: /home/suwi/ros2_4dof_arm/install/moveit_resources_pr2_description/share/moveit_resources_pr2_description/urdf/materials/textures/pr2_wheel_left.png
[1.655s] -- Up-to-date symlink: /home/suwi/ros2_4dof_arm/install/moveit_resources_pr2_description/share/moveit_resources_pr2_description/urdf/materials/textures/pr2_wheel_right.png
[1.655s] -- Up-to-date symlink: /home/suwi/ros2_4dof_arm/install/moveit_resources_pr2_description/share/moveit_resources_pr2_description/urdf/meshes/base_v0/base.dae
[1.657s] -- Up-to-date symlink: /home/suwi/ros2_4dof_arm/install/moveit_resources_pr2_description/share/moveit_resources_pr2_description/urdf/meshes/base_v0/base.stl
[1.657s] -- Up-to-date symlink: /home/suwi/ros2_4dof_arm/install/moveit_resources_pr2_description/share/moveit_resources_pr2_description/urdf/meshes/base_v0/base_L.stl
[1.668s] -- Up-to-date symlink: /home/suwi/ros2_4dof_arm/install/moveit_resources_pr2_description/share/moveit_resources_pr2_description/urdf/meshes/base_v0/base_color.tif
[1.686s] -- Up-to-date symlink: /home/suwi/ros2_4dof_arm/install/moveit_resources_pr2_description/share/moveit_resources_pr2_description/urdf/meshes/base_v0/base_normals.tif
[1.687s] -- Up-to-date symlink: /home/suwi/ros2_4dof_arm/install/moveit_resources_pr2_description/share/moveit_resources_pr2_description/urdf/meshes/base_v0/caster.stl
[1.695s] -- Up-to-date symlink: /home/suwi/ros2_4dof_arm/install/moveit_resources_pr2_description/share/moveit_resources_pr2_description/urdf/meshes/base_v0/caster_L.stl
[1.697s] -- Up-to-date symlink: /home/suwi/ros2_4dof_arm/install/moveit_resources_pr2_description/share/moveit_resources_pr2_description/urdf/meshes/base_v0/convex/base.dae
[1.698s] -- Up-to-date symlink: /home/suwi/ros2_4dof_arm/install/moveit_resources_pr2_description/share/moveit_resources_pr2_description/urdf/meshes/base_v0/convex/base.xml
[1.698s] -- Up-to-date symlink: /home/suwi/ros2_4dof_arm/install/moveit_resources_pr2_description/share/moveit_resources_pr2_description/urdf/meshes/base_v0/convex/base_L.dae
[1.706s] -- Up-to-date symlink: /home/suwi/ros2_4dof_arm/install/moveit_resources_pr2_description/share/moveit_resources_pr2_description/urdf/meshes/base_v0/convex/base_L.xml
[1.706s] -- Up-to-date symlink: /home/suwi/ros2_4dof_arm/install/moveit_resources_pr2_description/share/moveit_resources_pr2_description/urdf/meshes/base_v0/convex/base_L_convex.stla
[1.706s] -- Up-to-date symlink: /home/suwi/ros2_4dof_arm/install/moveit_resources_pr2_description/share/moveit_resources_pr2_description/urdf/meshes/base_v0/convex/base_L_convex.stlb
[1.706s] -- Up-to-date symlink: /home/suwi/ros2_4dof_arm/install/moveit_resources_pr2_description/share/moveit_resources_pr2_description/urdf/meshes/base_v0/convex/base_convex.stla
[1.708s] -- Up-to-date symlink: /home/suwi/ros2_4dof_arm/install/moveit_resources_pr2_description/share/moveit_resources_pr2_description/urdf/meshes/base_v0/convex/base_convex.stlb
[1.719s] -- Up-to-date symlink: /home/suwi/ros2_4dof_arm/install/moveit_resources_pr2_description/share/moveit_resources_pr2_description/urdf/meshes/base_v0/convex/caster.dae
[1.719s] -- Up-to-date symlink: /home/suwi/ros2_4dof_arm/install/moveit_resources_pr2_description/share/moveit_resources_pr2_description/urdf/meshes/base_v0/convex/caster.xml
[1.720s] -- Up-to-date symlink: /home/suwi/ros2_4dof_arm/install/moveit_resources_pr2_description/share/moveit_resources_pr2_description/urdf/meshes/base_v0/convex/caster_L.dae
[1.720s] -- Up-to-date symlink: /home/suwi/ros2_4dof_arm/install/moveit_resources_pr2_description/share/moveit_resources_pr2_description/urdf/meshes/base_v0/convex/caster_L.xml
[1.720s] -- Up-to-date symlink: /home/suwi/ros2_4dof_arm/install/moveit_resources_pr2_description/share/moveit_resources_pr2_description/urdf/meshes/base_v0/convex/caster_L_convex.stla
[1.720s] -- Up-to-date symlink: /home/suwi/ros2_4dof_arm/install/moveit_resources_pr2_description/share/moveit_resources_pr2_description/urdf/meshes/base_v0/convex/caster_L_convex.stlb
[1.721s] -- Up-to-date symlink: /home/suwi/ros2_4dof_arm/install/moveit_resources_pr2_description/share/moveit_resources_pr2_description/urdf/meshes/base_v0/convex/caster_convex.stla
[1.721s] -- Up-to-date symlink: /home/suwi/ros2_4dof_arm/install/moveit_resources_pr2_description/share/moveit_resources_pr2_description/urdf/meshes/base_v0/convex/caster_convex.stlb
[1.744s] -- Up-to-date symlink: /home/suwi/ros2_4dof_arm/install/moveit_resources_pr2_description/share/moveit_resources_pr2_description/urdf/meshes/base_v0/convex/pr2_wheel.dae
[1.746s] -- Up-to-date symlink: /home/suwi/ros2_4dof_arm/install/moveit_resources_pr2_description/share/moveit_resources_pr2_description/urdf/meshes/base_v0/convex/pr2_wheel.xml
[1.746s] -- Up-to-date symlink: /home/suwi/ros2_4dof_arm/install/moveit_resources_pr2_description/share/moveit_resources_pr2_description/urdf/meshes/base_v0/convex/pr2_wheel_convex.stla
[1.747s] -- Up-to-date symlink: /home/suwi/ros2_4dof_arm/install/moveit_resources_pr2_description/share/moveit_resources_pr2_description/urdf/meshes/base_v0/convex/pr2_wheel_convex.stlb
[1.747s] -- Up-to-date symlink: /home/suwi/ros2_4dof_arm/install/moveit_resources_pr2_description/share/moveit_resources_pr2_description/urdf/meshes/base_v0/convex/wheel.dae
[1.748s] -- Up-to-date symlink: /home/suwi/ros2_4dof_arm/install/moveit_resources_pr2_description/share/moveit_resources_pr2_description/urdf/meshes/base_v0/convex/wheel.xml
[1.748s] -- Up-to-date symlink: /home/suwi/ros2_4dof_arm/install/moveit_resources_pr2_description/share/moveit_resources_pr2_description/urdf/meshes/base_v0/convex/wheel_convex.stla
[1.748s] -- Up-to-date symlink: /home/suwi/ros2_4dof_arm/install/moveit_resources_pr2_description/share/moveit_resources_pr2_description/urdf/meshes/base_v0/convex/wheel_convex.stlb
[1.749s] -- Up-to-date symlink: /home/suwi/ros2_4dof_arm/install/moveit_resources_pr2_description/share/moveit_resources_pr2_description/urdf/meshes/base_v0/pr2_wheel.stl
[1.749s] -- Up-to-date symlink: /home/suwi/ros2_4dof_arm/install/moveit_resources_pr2_description/share/moveit_resources_pr2_description/urdf/meshes/base_v0/wheel.dae
[1.749s] -- Up-to-date symlink: /home/suwi/ros2_4dof_arm/install/moveit_resources_pr2_description/share/moveit_resources_pr2_description/urdf/meshes/base_v0/wheel.stl
[1.751s] -- Up-to-date symlink: /home/suwi/ros2_4dof_arm/install/moveit_resources_pr2_description/share/moveit_resources_pr2_description/urdf/meshes/base_v0/wheel_color.tif
[1.754s] -- Up-to-date symlink: /home/suwi/ros2_4dof_arm/install/moveit_resources_pr2_description/share/moveit_resources_pr2_description/urdf/meshes/base_v0/wheel_h.dae
[1.756s] -- Up-to-date symlink: /home/suwi/ros2_4dof_arm/install/moveit_resources_pr2_description/share/moveit_resources_pr2_description/urdf/meshes/base_v0/wheel_h_color.tif
[1.758s] -- Up-to-date symlink: /home/suwi/ros2_4dof_arm/install/moveit_resources_pr2_description/share/moveit_resources_pr2_description/urdf/meshes/base_v0/wheel_normals.tif
[1.760s] -- Up-to-date symlink: /home/suwi/ros2_4dof_arm/install/moveit_resources_pr2_description/share/moveit_resources_pr2_description/urdf/meshes/forearm_v0/convex/forearm.dae
[1.760s] -- Up-to-date symlink: /home/suwi/ros2_4dof_arm/install/moveit_resources_pr2_description/share/moveit_resources_pr2_description/urdf/meshes/forearm_v0/convex/forearm.xml
[1.761s] -- Up-to-date symlink: /home/suwi/ros2_4dof_arm/install/moveit_resources_pr2_description/share/moveit_resources_pr2_description/urdf/meshes/forearm_v0/convex/forearm_convex.stla
[1.761s] -- Up-to-date symlink: /home/suwi/ros2_4dof_arm/install/moveit_resources_pr2_description/share/moveit_resources_pr2_description/urdf/meshes/forearm_v0/convex/forearm_convex.stlb
[1.761s] -- Up-to-date symlink: /home/suwi/ros2_4dof_arm/install/moveit_resources_pr2_description/share/moveit_resources_pr2_description/urdf/meshes/forearm_v0/convex/wrist_flex.dae
[1.762s] -- Up-to-date symlink: /home/suwi/ros2_4dof_arm/install/moveit_resources_pr2_description/share/moveit_resources_pr2_description/urdf/meshes/forearm_v0/convex/wrist_flex.xml
[1.764s] -- Up-to-date symlink: /home/suwi/ros2_4dof_arm/install/moveit_resources_pr2_description/share/moveit_resources_pr2_description/urdf/meshes/forearm_v0/convex/wrist_flex_convex.stla
[1.774s] -- Up-to-date symlink: /home/suwi/ros2_4dof_arm/install/moveit_resources_pr2_description/share/moveit_resources_pr2_description/urdf/meshes/forearm_v0/convex/wrist_flex_convex.stlb
[1.774s] -- Up-to-date symlink: /home/suwi/ros2_4dof_arm/install/moveit_resources_pr2_description/share/moveit_resources_pr2_description/urdf/meshes/forearm_v0/convex/wrist_roll.dae
[1.775s] -- Up-to-date symlink: /home/suwi/ros2_4dof_arm/install/moveit_resources_pr2_description/share/moveit_resources_pr2_description/urdf/meshes/forearm_v0/convex/wrist_roll.xml
[1.775s] -- Up-to-date symlink: /home/suwi/ros2_4dof_arm/install/moveit_resources_pr2_description/share/moveit_resources_pr2_description/urdf/meshes/forearm_v0/convex/wrist_roll_L.dae
[1.781s] -- Up-to-date symlink: /home/suwi/ros2_4dof_arm/install/moveit_resources_pr2_description/share/moveit_resources_pr2_description/urdf/meshes/forearm_v0/convex/wrist_roll_L.xml
[1.786s] -- Up-to-date symlink: /home/suwi/ros2_4dof_arm/install/moveit_resources_pr2_description/share/moveit_resources_pr2_description/urdf/meshes/forearm_v0/convex/wrist_roll_L_convex.stla
[1.787s] -- Up-to-date symlink: /home/suwi/ros2_4dof_arm/install/moveit_resources_pr2_description/share/moveit_resources_pr2_description/urdf/meshes/forearm_v0/convex/wrist_roll_L_convex.stlb
[1.787s] -- Up-to-date symlink: /home/suwi/ros2_4dof_arm/install/moveit_resources_pr2_description/share/moveit_resources_pr2_description/urdf/meshes/forearm_v0/convex/wrist_roll_convex.stla
[1.788s] -- Up-to-date symlink: /home/suwi/ros2_4dof_arm/install/moveit_resources_pr2_description/share/moveit_resources_pr2_description/urdf/meshes/forearm_v0/convex/wrist_roll_convex.stlb
[1.810s] -- Up-to-date symlink: /home/suwi/ros2_4dof_arm/install/moveit_resources_pr2_description/share/moveit_resources_pr2_description/urdf/meshes/forearm_v0/forearm.dae
[1.810s] -- Up-to-date symlink: /home/suwi/ros2_4dof_arm/install/moveit_resources_pr2_description/share/moveit_resources_pr2_description/urdf/meshes/forearm_v0/forearm.jpg
[1.827s] -- Up-to-date symlink: /home/suwi/ros2_4dof_arm/install/moveit_resources_pr2_description/share/moveit_resources_pr2_description/urdf/meshes/forearm_v0/forearm.stl
[1.827s] -- Up-to-date symlink: /home/suwi/ros2_4dof_arm/install/moveit_resources_pr2_description/share/moveit_resources_pr2_description/urdf/meshes/forearm_v0/forearm_color.tif
[1.828s] -- Up-to-date symlink: /home/suwi/ros2_4dof_arm/install/moveit_resources_pr2_description/share/moveit_resources_pr2_description/urdf/meshes/forearm_v0/forearm_normals.tif
[1.828s] -- Up-to-date symlink: /home/suwi/ros2_4dof_arm/install/moveit_resources_pr2_description/share/moveit_resources_pr2_description/urdf/meshes/forearm_v0/wrist_color.tif
[1.829s] -- Up-to-date symlink: /home/suwi/ros2_4dof_arm/install/moveit_resources_pr2_description/share/moveit_resources_pr2_description/urdf/meshes/forearm_v0/wrist_flex.dae
[1.829s] -- Up-to-date symlink: /home/suwi/ros2_4dof_arm/install/moveit_resources_pr2_description/share/moveit_resources_pr2_description/urdf/meshes/forearm_v0/wrist_flex.stl
[1.841s] -- Up-to-date symlink: /home/suwi/ros2_4dof_arm/install/moveit_resources_pr2_description/share/moveit_resources_pr2_description/urdf/meshes/forearm_v0/wrist_normals.tif
[1.841s] -- Up-to-date symlink: /home/suwi/ros2_4dof_arm/install/moveit_resources_pr2_description/share/moveit_resources_pr2_description/urdf/meshes/forearm_v0/wrist_roll.stl
[1.850s] -- Up-to-date symlink: /home/suwi/ros2_4dof_arm/install/moveit_resources_pr2_description/share/moveit_resources_pr2_description/urdf/meshes/forearm_v0/wrist_roll_L.stl
[1.854s] -- Up-to-date symlink: /home/suwi/ros2_4dof_arm/install/moveit_resources_pr2_description/share/moveit_resources_pr2_description/urdf/meshes/gripper_v0/convex/finger_tip_l.dae
[1.854s] -- Up-to-date symlink: /home/suwi/ros2_4dof_arm/install/moveit_resources_pr2_description/share/moveit_resources_pr2_description/urdf/meshes/gripper_v0/convex/finger_tip_l.xml
[1.854s] -- Up-to-date symlink: /home/suwi/ros2_4dof_arm/install/moveit_resources_pr2_description/share/moveit_resources_pr2_description/urdf/meshes/gripper_v0/convex/finger_tip_l_convex.stla
[1.855s] -- Up-to-date symlink: /home/suwi/ros2_4dof_arm/install/moveit_resources_pr2_description/share/moveit_resources_pr2_description/urdf/meshes/gripper_v0/convex/finger_tip_l_convex.stlb
[1.856s] -- Up-to-date symlink: /home/suwi/ros2_4dof_arm/install/moveit_resources_pr2_description/share/moveit_resources_pr2_description/urdf/meshes/gripper_v0/convex/finger_tip_pad2_l.dae
[1.856s] -- Up-to-date symlink: /home/suwi/ros2_4dof_arm/install/moveit_resources_pr2_description/share/moveit_resources_pr2_description/urdf/meshes/gripper_v0/convex/finger_tip_pad2_l.xml
[1.856s] -- Up-to-date symlink: /home/suwi/ros2_4dof_arm/install/moveit_resources_pr2_description/share/moveit_resources_pr2_description/urdf/meshes/gripper_v0/convex/finger_tip_pad2_l_convex.stla
[1.856s] -- Up-to-date symlink: /home/suwi/ros2_4dof_arm/install/moveit_resources_pr2_description/share/moveit_resources_pr2_description/urdf/meshes/gripper_v0/convex/finger_tip_pad2_l_convex.stlb
[1.857s] -- Up-to-date symlink: /home/suwi/ros2_4dof_arm/install/moveit_resources_pr2_description/share/moveit_resources_pr2_description/urdf/meshes/gripper_v0/convex/finger_tip_pad2_r.dae
[1.859s] -- Up-to-date symlink: /home/suwi/ros2_4dof_arm/install/moveit_resources_pr2_description/share/moveit_resources_pr2_description/urdf/meshes/gripper_v0/convex/finger_tip_pad2_r.xml
[1.861s] -- Up-to-date symlink: /home/suwi/ros2_4dof_arm/install/moveit_resources_pr2_description/share/moveit_resources_pr2_description/urdf/meshes/gripper_v0/convex/finger_tip_pad2_r_convex.stla
[1.867s] -- Up-to-date symlink: /home/suwi/ros2_4dof_arm/install/moveit_resources_pr2_description/share/moveit_resources_pr2_description/urdf/meshes/gripper_v0/convex/finger_tip_pad2_r_convex.stlb
[1.867s] -- Up-to-date symlink: /home/suwi/ros2_4dof_arm/install/moveit_resources_pr2_description/share/moveit_resources_pr2_description/urdf/meshes/gripper_v0/convex/finger_tip_r.dae
[1.868s] -- Up-to-date symlink: /home/suwi/ros2_4dof_arm/install/moveit_resources_pr2_description/share/moveit_resources_pr2_description/urdf/meshes/gripper_v0/convex/finger_tip_r.xml
[1.868s] -- Up-to-date symlink: /home/suwi/ros2_4dof_arm/install/moveit_resources_pr2_description/share/moveit_resources_pr2_description/urdf/meshes/gripper_v0/convex/finger_tip_r_convex.stla
[1.871s] -- Up-to-date symlink: /home/suwi/ros2_4dof_arm/install/moveit_resources_pr2_description/share/moveit_resources_pr2_description/urdf/meshes/gripper_v0/convex/finger_tip_r_convex.stlb
[1.875s] -- Up-to-date symlink: /home/suwi/ros2_4dof_arm/install/moveit_resources_pr2_description/share/moveit_resources_pr2_description/urdf/meshes/gripper_v0/convex/gripper_palm.dae
[1.878s] -- Up-to-date symlink: /home/suwi/ros2_4dof_arm/install/moveit_resources_pr2_description/share/moveit_resources_pr2_description/urdf/meshes/gripper_v0/convex/gripper_palm.xml
[1.888s] -- Up-to-date symlink: /home/suwi/ros2_4dof_arm/install/moveit_resources_pr2_description/share/moveit_resources_pr2_description/urdf/meshes/gripper_v0/convex/gripper_palm_convex.stla
[1.888s] -- Up-to-date symlink: /home/suwi/ros2_4dof_arm/install/moveit_resources_pr2_description/share/moveit_resources_pr2_description/urdf/meshes/gripper_v0/convex/gripper_palm_convex.stlb
[1.889s] -- Up-to-date symlink: /home/suwi/ros2_4dof_arm/install/moveit_resources_pr2_description/share/moveit_resources_pr2_description/urdf/meshes/gripper_v0/convex/l_finger.dae
[1.889s] -- Up-to-date symlink: /home/suwi/ros2_4dof_arm/install/moveit_resources_pr2_description/share/moveit_resources_pr2_description/urdf/meshes/gripper_v0/convex/l_finger.xml
[1.889s] -- Up-to-date symlink: /home/suwi/ros2_4dof_arm/install/moveit_resources_pr2_description/share/moveit_resources_pr2_description/urdf/meshes/gripper_v0/convex/l_finger_convex.stla
[1.889s] -- Up-to-date symlink: /home/suwi/ros2_4dof_arm/install/moveit_resources_pr2_description/share/moveit_resources_pr2_description/urdf/meshes/gripper_v0/convex/l_finger_convex.stlb
[1.890s] -- Up-to-date symlink: /home/suwi/ros2_4dof_arm/install/moveit_resources_pr2_description/share/moveit_resources_pr2_description/urdf/meshes/gripper_v0/convex/l_finger_tip.dae
[1.890s] -- Up-to-date symlink: /home/suwi/ros2_4dof_arm/install/moveit_resources_pr2_description/share/moveit_resources_pr2_description/urdf/meshes/gripper_v0/convex/l_finger_tip.xml
[1.890s] -- Up-to-date symlink: /home/suwi/ros2_4dof_arm/install/moveit_resources_pr2_description/share/moveit_resources_pr2_description/urdf/meshes/gripper_v0/convex/l_finger_tip_convex.stla
[1.890s] -- Up-to-date symlink: /home/suwi/ros2_4dof_arm/install/moveit_resources_pr2_description/share/moveit_resources_pr2_description/urdf/meshes/gripper_v0/convex/l_finger_tip_convex.stlb
[1.891s] -- Up-to-date symlink: /home/suwi/ros2_4dof_arm/install/moveit_resources_pr2_description/share/moveit_resources_pr2_description/urdf/meshes/gripper_v0/convex/l_floating.dae
[1.893s] -- Up-to-date symlink: /home/suwi/ros2_4dof_arm/install/moveit_resources_pr2_description/share/moveit_resources_pr2_description/urdf/meshes/gripper_v0/convex/l_floating.xml
[1.893s] -- Up-to-date symlink: /home/suwi/ros2_4dof_arm/install/moveit_resources_pr2_description/share/moveit_resources_pr2_description/urdf/meshes/gripper_v0/convex/l_floating_convex.stla
[1.894s] -- Up-to-date symlink: /home/suwi/ros2_4dof_arm/install/moveit_resources_pr2_description/share/moveit_resources_pr2_description/urdf/meshes/gripper_v0/convex/l_floating_convex.stlb
[1.894s] -- Up-to-date symlink: /home/suwi/ros2_4dof_arm/install/moveit_resources_pr2_description/share/moveit_resources_pr2_description/urdf/meshes/gripper_v0/convex/upper_finger_l.dae
[1.898s] -- Up-to-date symlink: /home/suwi/ros2_4dof_arm/install/moveit_resources_pr2_description/share/moveit_resources_pr2_description/urdf/meshes/gripper_v0/convex/upper_finger_l.xml
[1.899s] -- Up-to-date symlink: /home/suwi/ros2_4dof_arm/install/moveit_resources_pr2_description/share/moveit_resources_pr2_description/urdf/meshes/gripper_v0/convex/upper_finger_l_convex.stla
[1.900s] -- Up-to-date symlink: /home/suwi/ros2_4dof_arm/install/moveit_resources_pr2_description/share/moveit_resources_pr2_description/urdf/meshes/gripper_v0/convex/upper_finger_l_convex.stlb
[1.900s] -- Up-to-date symlink: /home/suwi/ros2_4dof_arm/install/moveit_resources_pr2_description/share/moveit_resources_pr2_description/urdf/meshes/gripper_v0/convex/upper_finger_r.dae
[1.900s] -- Up-to-date symlink: /home/suwi/ros2_4dof_arm/install/moveit_resources_pr2_description/share/moveit_resources_pr2_description/urdf/meshes/gripper_v0/convex/upper_finger_r.xml
[1.902s] -- Up-to-date symlink: /home/suwi/ros2_4dof_arm/install/moveit_resources_pr2_description/share/moveit_resources_pr2_description/urdf/meshes/gripper_v0/convex/upper_finger_r_convex.stla
[1.902s] -- Up-to-date symlink: /home/suwi/ros2_4dof_arm/install/moveit_resources_pr2_description/share/moveit_resources_pr2_description/urdf/meshes/gripper_v0/convex/upper_finger_r_convex.stlb
[1.902s] -- Up-to-date symlink: /home/suwi/ros2_4dof_arm/install/moveit_resources_pr2_description/share/moveit_resources_pr2_description/urdf/meshes/gripper_v0/finger_H_Color_100430.tif
[1.903s] -- Up-to-date symlink: /home/suwi/ros2_4dof_arm/install/moveit_resources_pr2_description/share/moveit_resources_pr2_description/urdf/meshes/gripper_v0/finger_H_UV_100430.dae
[1.903s] -- Up-to-date symlink: /home/suwi/ros2_4dof_arm/install/moveit_resources_pr2_description/share/moveit_resources_pr2_description/urdf/meshes/gripper_v0/finger_tip_H_UV_100430.dae
[1.903s] -- Up-to-date symlink: /home/suwi/ros2_4dof_arm/install/moveit_resources_pr2_description/share/moveit_resources_pr2_description/urdf/meshes/gripper_v0/finger_tip_l.stl
[1.903s] -- Up-to-date symlink: /home/suwi/ros2_4dof_arm/install/moveit_resources_pr2_description/share/moveit_resources_pr2_description/urdf/meshes/gripper_v0/finger_tip_pad2_l.stl
[1.904s] -- Up-to-date symlink: /home/suwi/ros2_4dof_arm/install/moveit_resources_pr2_description/share/moveit_resources_pr2_description/urdf/meshes/gripper_v0/finger_tip_pad2_r.stl
[1.904s] -- Up-to-date symlink: /home/suwi/ros2_4dof_arm/install/moveit_resources_pr2_description/share/moveit_resources_pr2_description/urdf/meshes/gripper_v0/finger_tip_r.stl
[1.906s] -- Up-to-date symlink: /home/suwi/ros2_4dof_arm/install/moveit_resources_pr2_description/share/moveit_resources_pr2_description/urdf/meshes/gripper_v0/fingertip_H_Color_100430.tif
[1.910s] -- Up-to-date symlink: /home/suwi/ros2_4dof_arm/install/moveit_resources_pr2_description/share/moveit_resources_pr2_description/urdf/meshes/gripper_v0/float_H_Color_100430.tif
[1.911s] -- Up-to-date symlink: /home/suwi/ros2_4dof_arm/install/moveit_resources_pr2_description/share/moveit_resources_pr2_description/urdf/meshes/gripper_v0/float_H_UV_100430.dae
[1.913s] -- Up-to-date symlink: /home/suwi/ros2_4dof_arm/install/moveit_resources_pr2_description/share/moveit_resources_pr2_description/urdf/meshes/gripper_v0/gripper_palm.dae
[1.913s] -- Up-to-date symlink: /home/suwi/ros2_4dof_arm/install/moveit_resources_pr2_description/share/moveit_resources_pr2_description/urdf/meshes/gripper_v0/gripper_palm.stl
[1.916s] -- Up-to-date symlink: /home/suwi/ros2_4dof_arm/install/moveit_resources_pr2_description/share/moveit_resources_pr2_description/urdf/meshes/gripper_v0/gripper_palm_color.tif
[1.920s] -- Up-to-date symlink: /home/suwi/ros2_4dof_arm/install/moveit_resources_pr2_description/share/moveit_resources_pr2_description/urdf/meshes/gripper_v0/gripper_palm_normals.tif
[1.922s] -- Up-to-date symlink: /home/suwi/ros2_4dof_arm/install/moveit_resources_pr2_description/share/moveit_resources_pr2_description/urdf/meshes/gripper_v0/l_finger.dae
[1.922s] -- Up-to-date symlink: /home/suwi/ros2_4dof_arm/install/moveit_resources_pr2_description/share/moveit_resources_pr2_description/urdf/meshes/gripper_v0/l_finger.stl
[1.923s] -- Up-to-date symlink: /home/suwi/ros2_4dof_arm/install/moveit_resources_pr2_description/share/moveit_resources_pr2_description/urdf/meshes/gripper_v0/l_finger_color.tif
[1.923s] -- Up-to-date symlink: /home/suwi/ros2_4dof_arm/install/moveit_resources_pr2_description/share/moveit_resources_pr2_description/urdf/meshes/gripper_v0/l_finger_normals.tif
[1.923s] -- Up-to-date symlink: /home/suwi/ros2_4dof_arm/install/moveit_resources_pr2_description/share/moveit_resources_pr2_description/urdf/meshes/gripper_v0/l_finger_tip.dae
[1.923s] -- Up-to-date symlink: /home/suwi/ros2_4dof_arm/install/moveit_resources_pr2_description/share/moveit_resources_pr2_description/urdf/meshes/gripper_v0/l_finger_tip.stl
[1.924s] -- Up-to-date symlink: /home/suwi/ros2_4dof_arm/install/moveit_resources_pr2_description/share/moveit_resources_pr2_description/urdf/meshes/gripper_v0/l_finger_tip_color.tif
[1.924s] -- Up-to-date symlink: /home/suwi/ros2_4dof_arm/install/moveit_resources_pr2_description/share/moveit_resources_pr2_description/urdf/meshes/gripper_v0/l_finger_tip_normals.tif
[1.924s] -- Up-to-date symlink: /home/suwi/ros2_4dof_arm/install/moveit_resources_pr2_description/share/moveit_resources_pr2_description/urdf/meshes/gripper_v0/l_float.dae
[1.924s] -- Up-to-date symlink: /home/suwi/ros2_4dof_arm/install/moveit_resources_pr2_description/share/moveit_resources_pr2_description/urdf/meshes/gripper_v0/l_float_color.tif
[1.932s] -- Up-to-date symlink: /home/suwi/ros2_4dof_arm/install/moveit_resources_pr2_description/share/moveit_resources_pr2_description/urdf/meshes/gripper_v0/l_float_normals.tif
[1.936s] -- Up-to-date symlink: /home/suwi/ros2_4dof_arm/install/moveit_resources_pr2_description/share/moveit_resources_pr2_description/urdf/meshes/gripper_v0/l_floating.stl
[1.937s] -- Up-to-date symlink: /home/suwi/ros2_4dof_arm/install/moveit_resources_pr2_description/share/moveit_resources_pr2_description/urdf/meshes/gripper_v0/palm_H_Color_100430.tif
[1.937s] -- Up-to-date symlink: /home/suwi/ros2_4dof_arm/install/moveit_resources_pr2_description/share/moveit_resources_pr2_description/urdf/meshes/gripper_v0/palm_H_UV_100430.dae
[1.938s] -- Up-to-date symlink: /home/suwi/ros2_4dof_arm/install/moveit_resources_pr2_description/share/moveit_resources_pr2_description/urdf/meshes/gripper_v0/upper_finger_l.stl
[1.938s] -- Up-to-date symlink: /home/suwi/ros2_4dof_arm/install/moveit_resources_pr2_description/share/moveit_resources_pr2_description/urdf/meshes/gripper_v0/upper_finger_r.stl
[1.944s] -- Up-to-date symlink: /home/suwi/ros2_4dof_arm/install/moveit_resources_pr2_description/share/moveit_resources_pr2_description/urdf/meshes/head_v0/convex/head_pan.dae
[1.945s] -- Up-to-date symlink: /home/suwi/ros2_4dof_arm/install/moveit_resources_pr2_description/share/moveit_resources_pr2_description/urdf/meshes/head_v0/convex/head_pan.xml
[1.945s] -- Up-to-date symlink: /home/suwi/ros2_4dof_arm/install/moveit_resources_pr2_description/share/moveit_resources_pr2_description/urdf/meshes/head_v0/convex/head_pan_L.dae
[1.946s] -- Up-to-date symlink: /home/suwi/ros2_4dof_arm/install/moveit_resources_pr2_description/share/moveit_resources_pr2_description/urdf/meshes/head_v0/convex/head_pan_L.xml
[1.947s] -- Up-to-date symlink: /home/suwi/ros2_4dof_arm/install/moveit_resources_pr2_description/share/moveit_resources_pr2_description/urdf/meshes/head_v0/convex/head_pan_L_convex.stla
[1.947s] -- Up-to-date symlink: /home/suwi/ros2_4dof_arm/install/moveit_resources_pr2_description/share/moveit_resources_pr2_description/urdf/meshes/head_v0/convex/head_pan_L_convex.stlb
[1.957s] -- Up-to-date symlink: /home/suwi/ros2_4dof_arm/install/moveit_resources_pr2_description/share/moveit_resources_pr2_description/urdf/meshes/head_v0/convex/head_pan_convex.stla
[1.958s] -- Up-to-date symlink: /home/suwi/ros2_4dof_arm/install/moveit_resources_pr2_description/share/moveit_resources_pr2_description/urdf/meshes/head_v0/convex/head_pan_convex.stlb
[1.960s] -- Up-to-date symlink: /home/suwi/ros2_4dof_arm/install/moveit_resources_pr2_description/share/moveit_resources_pr2_description/urdf/meshes/head_v0/convex/head_tilt.dae
[1.971s] -- Up-to-date symlink: /home/suwi/ros2_4dof_arm/install/moveit_resources_pr2_description/share/moveit_resources_pr2_description/urdf/meshes/head_v0/convex/head_tilt.xml
[1.971s] -- Up-to-date symlink: /home/suwi/ros2_4dof_arm/install/moveit_resources_pr2_description/share/moveit_resources_pr2_description/urdf/meshes/head_v0/convex/head_tilt_L.dae
[1.971s] -- Up-to-date symlink: /home/suwi/ros2_4dof_arm/install/moveit_resources_pr2_description/share/moveit_resources_pr2_description/urdf/meshes/head_v0/convex/head_tilt_L.xml
[1.971s] -- Up-to-date symlink: /home/suwi/ros2_4dof_arm/install/moveit_resources_pr2_description/share/moveit_resources_pr2_description/urdf/meshes/head_v0/convex/head_tilt_L_convex.stla
[1.972s] -- Up-to-date symlink: /home/suwi/ros2_4dof_arm/install/moveit_resources_pr2_description/share/moveit_resources_pr2_description/urdf/meshes/head_v0/convex/head_tilt_L_convex.stlb
[1.982s] -- Up-to-date symlink: /home/suwi/ros2_4dof_arm/install/moveit_resources_pr2_description/share/moveit_resources_pr2_description/urdf/meshes/head_v0/convex/head_tilt_convex.stla
[1.983s] -- Up-to-date symlink: /home/suwi/ros2_4dof_arm/install/moveit_resources_pr2_description/share/moveit_resources_pr2_description/urdf/meshes/head_v0/convex/head_tilt_convex.stlb
[1.983s] -- Up-to-date symlink: /home/suwi/ros2_4dof_arm/install/moveit_resources_pr2_description/share/moveit_resources_pr2_description/urdf/meshes/head_v0/head_pan.dae
[1.983s] -- Up-to-date symlink: /home/suwi/ros2_4dof_arm/install/moveit_resources_pr2_description/share/moveit_resources_pr2_description/urdf/meshes/head_v0/head_pan.stl
[1.984s] -- Up-to-date symlink: /home/suwi/ros2_4dof_arm/install/moveit_resources_pr2_description/share/moveit_resources_pr2_description/urdf/meshes/head_v0/head_pan_L.stl
[1.986s] -- Up-to-date symlink: /home/suwi/ros2_4dof_arm/install/moveit_resources_pr2_description/share/moveit_resources_pr2_description/urdf/meshes/head_v0/head_pan_color.tif
[1.987s] -- Up-to-date symlink: /home/suwi/ros2_4dof_arm/install/moveit_resources_pr2_description/share/moveit_resources_pr2_description/urdf/meshes/head_v0/head_pan_normals.tif
[1.990s] -- Up-to-date symlink: /home/suwi/ros2_4dof_arm/install/moveit_resources_pr2_description/share/moveit_resources_pr2_description/urdf/meshes/head_v0/head_tilt.dae
[1.992s] -- Up-to-date symlink: /home/suwi/ros2_4dof_arm/install/moveit_resources_pr2_description/share/moveit_resources_pr2_description/urdf/meshes/head_v0/head_tilt.stl
[1.993s] -- Up-to-date symlink: /home/suwi/ros2_4dof_arm/install/moveit_resources_pr2_description/share/moveit_resources_pr2_description/urdf/meshes/head_v0/head_tilt_L.stl
[1.995s] -- Up-to-date symlink: /home/suwi/ros2_4dof_arm/install/moveit_resources_pr2_description/share/moveit_resources_pr2_description/urdf/meshes/head_v0/head_tilt_color.tif
[1.995s] -- Up-to-date symlink: /home/suwi/ros2_4dof_arm/install/moveit_resources_pr2_description/share/moveit_resources_pr2_description/urdf/meshes/head_v0/head_tilt_color_red.tif
[1.996s] -- Up-to-date symlink: /home/suwi/ros2_4dof_arm/install/moveit_resources_pr2_description/share/moveit_resources_pr2_description/urdf/meshes/head_v0/head_tilt_color_yellow.tif
[1.996s] -- Up-to-date symlink: /home/suwi/ros2_4dof_arm/install/moveit_resources_pr2_description/share/moveit_resources_pr2_description/urdf/meshes/head_v0/head_tilt_green.tif
[1.997s] -- Up-to-date symlink: /home/suwi/ros2_4dof_arm/install/moveit_resources_pr2_description/share/moveit_resources_pr2_description/urdf/meshes/head_v0/head_tilt_normals.tif
[1.997s] -- Up-to-date symlink: /home/suwi/ros2_4dof_arm/install/moveit_resources_pr2_description/share/moveit_resources_pr2_description/urdf/meshes/sensors/kinect_prosilica_v0/115x100_swept_back--coarse.STL
[1.998s] -- Up-to-date symlink: /home/suwi/ros2_4dof_arm/install/moveit_resources_pr2_description/share/moveit_resources_pr2_description/urdf/meshes/sensors/kinect_prosilica_v0/115x100_swept_back_no_sensors--coarse.STL
[1.998s] -- Up-to-date symlink: /home/suwi/ros2_4dof_arm/install/moveit_resources_pr2_description/share/moveit_resources_pr2_description/urdf/meshes/sensors/kinect_prosilica_v0/115x100_swept_fwd--coarse.STL
[1.999s] -- Up-to-date symlink: /home/suwi/ros2_4dof_arm/install/moveit_resources_pr2_description/share/moveit_resources_pr2_description/urdf/meshes/sensors/kinect_prosilica_v0/115x100_swept_fwd_no_sensors--coarse.STL
[2.005s] -- Up-to-date symlink: /home/suwi/ros2_4dof_arm/install/moveit_resources_pr2_description/share/moveit_resources_pr2_description/urdf/meshes/sensors/kinect_prosilica_v0/68-04546_Kinect_Sensor--coarse.STL
[2.006s] -- Up-to-date symlink: /home/suwi/ros2_4dof_arm/install/moveit_resources_pr2_description/share/moveit_resources_pr2_description/urdf/meshes/sensors/kinect_prosilica_v0/Prosilica_w_Lens--coarse.STL
[2.006s] -- Up-to-date symlink: /home/suwi/ros2_4dof_arm/install/moveit_resources_pr2_description/share/moveit_resources_pr2_description/urdf/meshes/sensors/kinect_v0/kinect.dae
[2.009s] -- Up-to-date symlink: /home/suwi/ros2_4dof_arm/install/moveit_resources_pr2_description/share/moveit_resources_pr2_description/urdf/meshes/sensors/kinect_v0/kinect.tga
[2.009s] -- Up-to-date symlink: /home/suwi/ros2_4dof_arm/install/moveit_resources_pr2_description/share/moveit_resources_pr2_description/urdf/meshes/sensors/kinect_v0/kinect_color.tga
[2.012s] -- Up-to-date symlink: /home/suwi/ros2_4dof_arm/install/moveit_resources_pr2_description/share/moveit_resources_pr2_description/urdf/meshes/sensors/kinect_v0/kinect_mount.stl
[2.012s] -- Up-to-date symlink: /home/suwi/ros2_4dof_arm/install/moveit_resources_pr2_description/share/moveit_resources_pr2_description/urdf/meshes/shoulder_v0/convex/shoulder_lift.dae
[2.014s] -- Up-to-date symlink: /home/suwi/ros2_4dof_arm/install/moveit_resources_pr2_description/share/moveit_resources_pr2_description/urdf/meshes/shoulder_v0/convex/shoulder_lift.xml
[2.014s] -- Up-to-date symlink: /home/suwi/ros2_4dof_arm/install/moveit_resources_pr2_description/share/moveit_resources_pr2_description/urdf/meshes/shoulder_v0/convex/shoulder_lift_convex.stla
[2.015s] -- Up-to-date symlink: /home/suwi/ros2_4dof_arm/install/moveit_resources_pr2_description/share/moveit_resources_pr2_description/urdf/meshes/shoulder_v0/convex/shoulder_lift_convex.stlb
[2.015s] -- Up-to-date symlink: /home/suwi/ros2_4dof_arm/install/moveit_resources_pr2_description/share/moveit_resources_pr2_description/urdf/meshes/shoulder_v0/convex/shoulder_pan.dae
[2.015s] -- Up-to-date symlink: /home/suwi/ros2_4dof_arm/install/moveit_resources_pr2_description/share/moveit_resources_pr2_description/urdf/meshes/shoulder_v0/convex/shoulder_pan.xml
[2.015s] -- Up-to-date symlink: /home/suwi/ros2_4dof_arm/install/moveit_resources_pr2_description/share/moveit_resources_pr2_description/urdf/meshes/shoulder_v0/convex/shoulder_pan_convex.stla
[2.016s] -- Up-to-date symlink: /home/suwi/ros2_4dof_arm/install/moveit_resources_pr2_description/share/moveit_resources_pr2_description/urdf/meshes/shoulder_v0/convex/shoulder_pan_convex.stlb
[2.016s] -- Up-to-date symlink: /home/suwi/ros2_4dof_arm/install/moveit_resources_pr2_description/share/moveit_resources_pr2_description/urdf/meshes/shoulder_v0/convex/shoulder_yaw.dae
[2.016s] -- Up-to-date symlink: /home/suwi/ros2_4dof_arm/install/moveit_resources_pr2_description/share/moveit_resources_pr2_description/urdf/meshes/shoulder_v0/convex/shoulder_yaw.xml
[2.016s] -- Up-to-date symlink: /home/suwi/ros2_4dof_arm/install/moveit_resources_pr2_description/share/moveit_resources_pr2_description/urdf/meshes/shoulder_v0/convex/shoulder_yaw_convex.stla
[2.017s] -- Up-to-date symlink: /home/suwi/ros2_4dof_arm/install/moveit_resources_pr2_description/share/moveit_resources_pr2_description/urdf/meshes/shoulder_v0/convex/shoulder_yaw_convex.stlb
[2.017s] -- Up-to-date symlink: /home/suwi/ros2_4dof_arm/install/moveit_resources_pr2_description/share/moveit_resources_pr2_description/urdf/meshes/shoulder_v0/convex/upper_arm_roll.dae
[2.017s] -- Up-to-date symlink: /home/suwi/ros2_4dof_arm/install/moveit_resources_pr2_description/share/moveit_resources_pr2_description/urdf/meshes/shoulder_v0/convex/upper_arm_roll.xml
[2.017s] -- Up-to-date symlink: /home/suwi/ros2_4dof_arm/install/moveit_resources_pr2_description/share/moveit_resources_pr2_description/urdf/meshes/shoulder_v0/convex/upper_arm_roll_L.dae
[2.024s] -- Up-to-date symlink: /home/suwi/ros2_4dof_arm/install/moveit_resources_pr2_description/share/moveit_resources_pr2_description/urdf/meshes/shoulder_v0/convex/upper_arm_roll_L.xml
[2.024s] -- Up-to-date symlink: /home/suwi/ros2_4dof_arm/install/moveit_resources_pr2_description/share/moveit_resources_pr2_description/urdf/meshes/shoulder_v0/convex/upper_arm_roll_L_convex.stla
[2.025s] -- Up-to-date symlink: /home/suwi/ros2_4dof_arm/install/moveit_resources_pr2_description/share/moveit_resources_pr2_description/urdf/meshes/shoulder_v0/convex/upper_arm_roll_L_convex.stlb
[2.025s] -- Up-to-date symlink: /home/suwi/ros2_4dof_arm/install/moveit_resources_pr2_description/share/moveit_resources_pr2_description/urdf/meshes/shoulder_v0/convex/upper_arm_roll_convex.stla
[2.025s] -- Up-to-date symlink: /home/suwi/ros2_4dof_arm/install/moveit_resources_pr2_description/share/moveit_resources_pr2_description/urdf/meshes/shoulder_v0/convex/upper_arm_roll_convex.stlb
[2.025s] -- Up-to-date symlink: /home/suwi/ros2_4dof_arm/install/moveit_resources_pr2_description/share/moveit_resources_pr2_description/urdf/meshes/shoulder_v0/shoulder_lift.dae
[2.025s] -- Up-to-date symlink: /home/suwi/ros2_4dof_arm/install/moveit_resources_pr2_description/share/moveit_resources_pr2_description/urdf/meshes/shoulder_v0/shoulder_lift.stl
[2.026s] -- Up-to-date symlink: /home/suwi/ros2_4dof_arm/install/moveit_resources_pr2_description/share/moveit_resources_pr2_description/urdf/meshes/shoulder_v0/shoulder_lift_color.tif
[2.026s] -- Up-to-date symlink: /home/suwi/ros2_4dof_arm/install/moveit_resources_pr2_description/share/moveit_resources_pr2_description/urdf/meshes/shoulder_v0/shoulder_lift_normals.tif
[2.026s] -- Up-to-date symlink: /home/suwi/ros2_4dof_arm/install/moveit_resources_pr2_description/share/moveit_resources_pr2_description/urdf/meshes/shoulder_v0/shoulder_pan.dae
[2.027s] -- Up-to-date symlink: /home/suwi/ros2_4dof_arm/install/moveit_resources_pr2_description/share/moveit_resources_pr2_description/urdf/meshes/shoulder_v0/shoulder_pan.stl
[2.028s] -- Up-to-date symlink: /home/suwi/ros2_4dof_arm/install/moveit_resources_pr2_description/share/moveit_resources_pr2_description/urdf/meshes/shoulder_v0/shoulder_pan_color.tif
[2.029s] -- Up-to-date symlink: /home/suwi/ros2_4dof_arm/install/moveit_resources_pr2_description/share/moveit_resources_pr2_description/urdf/meshes/shoulder_v0/shoulder_pan_normals.tif
[2.029s] -- Up-to-date symlink: /home/suwi/ros2_4dof_arm/install/moveit_resources_pr2_description/share/moveit_resources_pr2_description/urdf/meshes/shoulder_v0/shoulder_yaw.stl
[2.029s] -- Up-to-date symlink: /home/suwi/ros2_4dof_arm/install/moveit_resources_pr2_description/share/moveit_resources_pr2_description/urdf/meshes/shoulder_v0/upper_arm_roll.dae
[2.030s] -- Up-to-date symlink: /home/suwi/ros2_4dof_arm/install/moveit_resources_pr2_description/share/moveit_resources_pr2_description/urdf/meshes/shoulder_v0/upper_arm_roll.stl
[2.030s] -- Up-to-date symlink: /home/suwi/ros2_4dof_arm/install/moveit_resources_pr2_description/share/moveit_resources_pr2_description/urdf/meshes/shoulder_v0/upper_arm_roll_L.stl
[2.032s] -- Up-to-date symlink: /home/suwi/ros2_4dof_arm/install/moveit_resources_pr2_description/share/moveit_resources_pr2_description/urdf/meshes/shoulder_v0/upper_arm_roll_color.tif
[2.033s] -- Up-to-date symlink: /home/suwi/ros2_4dof_arm/install/moveit_resources_pr2_description/share/moveit_resources_pr2_description/urdf/meshes/shoulder_v0/upper_arm_roll_normals.tif
[2.033s] -- Up-to-date symlink: /home/suwi/ros2_4dof_arm/install/moveit_resources_pr2_description/share/moveit_resources_pr2_description/urdf/meshes/tilting_laser_v0/convex/hok_tilt.dae
[2.034s] -- Up-to-date symlink: /home/suwi/ros2_4dof_arm/install/moveit_resources_pr2_description/share/moveit_resources_pr2_description/urdf/meshes/tilting_laser_v0/convex/hok_tilt.xml
[2.034s] -- Up-to-date symlink: /home/suwi/ros2_4dof_arm/install/moveit_resources_pr2_description/share/moveit_resources_pr2_description/urdf/meshes/tilting_laser_v0/convex/hok_tilt_convex.stla
[2.035s] -- Up-to-date symlink: /home/suwi/ros2_4dof_arm/install/moveit_resources_pr2_description/share/moveit_resources_pr2_description/urdf/meshes/tilting_laser_v0/convex/hok_tilt_convex.stlb
[2.035s] -- Up-to-date symlink: /home/suwi/ros2_4dof_arm/install/moveit_resources_pr2_description/share/moveit_resources_pr2_description/urdf/meshes/tilting_laser_v0/convex/tilting_hokuyo.dae
[2.036s] -- Up-to-date symlink: /home/suwi/ros2_4dof_arm/install/moveit_resources_pr2_description/share/moveit_resources_pr2_description/urdf/meshes/tilting_laser_v0/convex/tilting_hokuyo.xml
[2.036s] -- Up-to-date symlink: /home/suwi/ros2_4dof_arm/install/moveit_resources_pr2_description/share/moveit_resources_pr2_description/urdf/meshes/tilting_laser_v0/convex/tilting_hokuyo_L.dae
[2.038s] -- Up-to-date symlink: /home/suwi/ros2_4dof_arm/install/moveit_resources_pr2_description/share/moveit_resources_pr2_description/urdf/meshes/tilting_laser_v0/convex/tilting_hokuyo_L.xml
[2.039s] -- Up-to-date symlink: /home/suwi/ros2_4dof_arm/install/moveit_resources_pr2_description/share/moveit_resources_pr2_description/urdf/meshes/tilting_laser_v0/convex/tilting_hokuyo_L_convex.stla
[2.039s] -- Up-to-date symlink: /home/suwi/ros2_4dof_arm/install/moveit_resources_pr2_description/share/moveit_resources_pr2_description/urdf/meshes/tilting_laser_v0/convex/tilting_hokuyo_L_convex.stlb
[2.045s] -- Up-to-date symlink: /home/suwi/ros2_4dof_arm/install/moveit_resources_pr2_description/share/moveit_resources_pr2_description/urdf/meshes/tilting_laser_v0/convex/tilting_hokuyo_convex.stla
[2.046s] -- Up-to-date symlink: /home/suwi/ros2_4dof_arm/install/moveit_resources_pr2_description/share/moveit_resources_pr2_description/urdf/meshes/tilting_laser_v0/convex/tilting_hokuyo_convex.stlb
[2.047s] -- Up-to-date symlink: /home/suwi/ros2_4dof_arm/install/moveit_resources_pr2_description/share/moveit_resources_pr2_description/urdf/meshes/tilting_laser_v0/hok_tilt.stl
[2.047s] -- Up-to-date symlink: /home/suwi/ros2_4dof_arm/install/moveit_resources_pr2_description/share/moveit_resources_pr2_description/urdf/meshes/tilting_laser_v0/tilting_hokuyo.dae
[2.048s] -- Up-to-date symlink: /home/suwi/ros2_4dof_arm/install/moveit_resources_pr2_description/share/moveit_resources_pr2_description/urdf/meshes/tilting_laser_v0/tilting_hokuyo.stl
[2.048s] -- Up-to-date symlink: /home/suwi/ros2_4dof_arm/install/moveit_resources_pr2_description/share/moveit_resources_pr2_description/urdf/meshes/tilting_laser_v0/tilting_hokuyo_L.stl
[2.052s] -- Up-to-date symlink: /home/suwi/ros2_4dof_arm/install/moveit_resources_pr2_description/share/moveit_resources_pr2_description/urdf/meshes/tilting_laser_v0/tilting_hokuyo_color.tif
[2.053s] -- Up-to-date symlink: /home/suwi/ros2_4dof_arm/install/moveit_resources_pr2_description/share/moveit_resources_pr2_description/urdf/meshes/tilting_laser_v0/tilting_hokuyo_normals.tif
[2.053s] -- Up-to-date symlink: /home/suwi/ros2_4dof_arm/install/moveit_resources_pr2_description/share/moveit_resources_pr2_description/urdf/meshes/torso_v0/convex/torso.dae
[2.054s] -- Up-to-date symlink: /home/suwi/ros2_4dof_arm/install/moveit_resources_pr2_description/share/moveit_resources_pr2_description/urdf/meshes/torso_v0/convex/torso.xml
[2.057s] -- Up-to-date symlink: /home/suwi/ros2_4dof_arm/install/moveit_resources_pr2_description/share/moveit_resources_pr2_description/urdf/meshes/torso_v0/convex/torso_convex.stla
[2.058s] -- Up-to-date symlink: /home/suwi/ros2_4dof_arm/install/moveit_resources_pr2_description/share/moveit_resources_pr2_description/urdf/meshes/torso_v0/convex/torso_convex.stlb
[2.059s] -- Up-to-date symlink: /home/suwi/ros2_4dof_arm/install/moveit_resources_pr2_description/share/moveit_resources_pr2_description/urdf/meshes/torso_v0/convex/torso_lift.dae
[2.060s] -- Up-to-date symlink: /home/suwi/ros2_4dof_arm/install/moveit_resources_pr2_description/share/moveit_resources_pr2_description/urdf/meshes/torso_v0/convex/torso_lift.xml
[2.061s] -- Up-to-date symlink: /home/suwi/ros2_4dof_arm/install/moveit_resources_pr2_description/share/moveit_resources_pr2_description/urdf/meshes/torso_v0/convex/torso_lift_L.dae
[2.062s] -- Up-to-date symlink: /home/suwi/ros2_4dof_arm/install/moveit_resources_pr2_description/share/moveit_resources_pr2_description/urdf/meshes/torso_v0/convex/torso_lift_L.xml
[2.063s] -- Up-to-date symlink: /home/suwi/ros2_4dof_arm/install/moveit_resources_pr2_description/share/moveit_resources_pr2_description/urdf/meshes/torso_v0/convex/torso_lift_L_convex.stla
[2.063s] -- Up-to-date symlink: /home/suwi/ros2_4dof_arm/install/moveit_resources_pr2_description/share/moveit_resources_pr2_description/urdf/meshes/torso_v0/convex/torso_lift_L_convex.stlb
[2.063s] -- Up-to-date symlink: /home/suwi/ros2_4dof_arm/install/moveit_resources_pr2_description/share/moveit_resources_pr2_description/urdf/meshes/torso_v0/convex/torso_lift_convex.stla
[2.065s] -- Up-to-date symlink: /home/suwi/ros2_4dof_arm/install/moveit_resources_pr2_description/share/moveit_resources_pr2_description/urdf/meshes/torso_v0/convex/torso_lift_convex.stlb
[2.065s] -- Up-to-date symlink: /home/suwi/ros2_4dof_arm/install/moveit_resources_pr2_description/share/moveit_resources_pr2_description/urdf/meshes/torso_v0/torso.stl
[2.065s] -- Up-to-date symlink: /home/suwi/ros2_4dof_arm/install/moveit_resources_pr2_description/share/moveit_resources_pr2_description/urdf/meshes/torso_v0/torso_lift.dae
[2.065s] -- Up-to-date symlink: /home/suwi/ros2_4dof_arm/install/moveit_resources_pr2_description/share/moveit_resources_pr2_description/urdf/meshes/torso_v0/torso_lift.stl
[2.067s] -- Up-to-date symlink: /home/suwi/ros2_4dof_arm/install/moveit_resources_pr2_description/share/moveit_resources_pr2_description/urdf/meshes/torso_v0/torso_lift_L.stl
[2.067s] -- Up-to-date symlink: /home/suwi/ros2_4dof_arm/install/moveit_resources_pr2_description/share/moveit_resources_pr2_description/urdf/meshes/torso_v0/torso_lift_color.tif
[2.075s] -- Up-to-date symlink: /home/suwi/ros2_4dof_arm/install/moveit_resources_pr2_description/share/moveit_resources_pr2_description/urdf/meshes/torso_v0/torso_lift_normals.tif
[2.080s] -- Up-to-date symlink: /home/suwi/ros2_4dof_arm/install/moveit_resources_pr2_description/share/moveit_resources_pr2_description/urdf/meshes/upper_arm_v0/convex/elbow_flex.dae
[2.080s] -- Up-to-date symlink: /home/suwi/ros2_4dof_arm/install/moveit_resources_pr2_description/share/moveit_resources_pr2_description/urdf/meshes/upper_arm_v0/convex/elbow_flex.xml
[2.081s] -- Up-to-date symlink: /home/suwi/ros2_4dof_arm/install/moveit_resources_pr2_description/share/moveit_resources_pr2_description/urdf/meshes/upper_arm_v0/convex/elbow_flex_convex.stla
[2.081s] -- Up-to-date symlink: /home/suwi/ros2_4dof_arm/install/moveit_resources_pr2_description/share/moveit_resources_pr2_description/urdf/meshes/upper_arm_v0/convex/elbow_flex_convex.stlb
[2.081s] -- Up-to-date symlink: /home/suwi/ros2_4dof_arm/install/moveit_resources_pr2_description/share/moveit_resources_pr2_description/urdf/meshes/upper_arm_v0/convex/forearm_roll.dae
[2.098s] -- Up-to-date symlink: /home/suwi/ros2_4dof_arm/install/moveit_resources_pr2_description/share/moveit_resources_pr2_description/urdf/meshes/upper_arm_v0/convex/forearm_roll.xml
[2.098s] -- Up-to-date symlink: /home/suwi/ros2_4dof_arm/install/moveit_resources_pr2_description/share/moveit_resources_pr2_description/urdf/meshes/upper_arm_v0/convex/forearm_roll_L.dae
[2.098s] -- Up-to-date symlink: /home/suwi/ros2_4dof_arm/install/moveit_resources_pr2_description/share/moveit_resources_pr2_description/urdf/meshes/upper_arm_v0/convex/forearm_roll_L.xml
[2.099s] -- Up-to-date symlink: /home/suwi/ros2_4dof_arm/install/moveit_resources_pr2_description/share/moveit_resources_pr2_description/urdf/meshes/upper_arm_v0/convex/forearm_roll_L_convex.stla
[2.099s] -- Up-to-date symlink: /home/suwi/ros2_4dof_arm/install/moveit_resources_pr2_description/share/moveit_resources_pr2_description/urdf/meshes/upper_arm_v0/convex/forearm_roll_L_convex.stlb
[2.099s] -- Up-to-date symlink: /home/suwi/ros2_4dof_arm/install/moveit_resources_pr2_description/share/moveit_resources_pr2_description/urdf/meshes/upper_arm_v0/convex/forearm_roll_convex.stla
[2.099s] -- Up-to-date symlink: /home/suwi/ros2_4dof_arm/install/moveit_resources_pr2_description/share/moveit_resources_pr2_description/urdf/meshes/upper_arm_v0/convex/forearm_roll_convex.stlb
[2.100s] -- Up-to-date symlink: /home/suwi/ros2_4dof_arm/install/moveit_resources_pr2_description/share/moveit_resources_pr2_description/urdf/meshes/upper_arm_v0/convex/upper_arm.dae
[2.100s] -- Up-to-date symlink: /home/suwi/ros2_4dof_arm/install/moveit_resources_pr2_description/share/moveit_resources_pr2_description/urdf/meshes/upper_arm_v0/convex/upper_arm.xml
[2.100s] -- Up-to-date symlink: /home/suwi/ros2_4dof_arm/install/moveit_resources_pr2_description/share/moveit_resources_pr2_description/urdf/meshes/upper_arm_v0/convex/upper_arm_convex.stla
[2.100s] -- Up-to-date symlink: /home/suwi/ros2_4dof_arm/install/moveit_resources_pr2_description/share/moveit_resources_pr2_description/urdf/meshes/upper_arm_v0/convex/upper_arm_convex.stlb
[2.102s] -- Up-to-date symlink: /home/suwi/ros2_4dof_arm/install/moveit_resources_pr2_description/share/moveit_resources_pr2_description/urdf/meshes/upper_arm_v0/elbow_flex.dae
[2.102s] -- Up-to-date symlink: /home/suwi/ros2_4dof_arm/install/moveit_resources_pr2_description/share/moveit_resources_pr2_description/urdf/meshes/upper_arm_v0/elbow_flex.stl
[2.102s] -- Up-to-date symlink: /home/suwi/ros2_4dof_arm/install/moveit_resources_pr2_description/share/moveit_resources_pr2_description/urdf/meshes/upper_arm_v0/elbow_flex_color.tif
[2.102s] -- Up-to-date symlink: /home/suwi/ros2_4dof_arm/install/moveit_resources_pr2_description/share/moveit_resources_pr2_description/urdf/meshes/upper_arm_v0/elbow_flex_normals.tif
[2.103s] -- Up-to-date symlink: /home/suwi/ros2_4dof_arm/install/moveit_resources_pr2_description/share/moveit_resources_pr2_description/urdf/meshes/upper_arm_v0/forearm_roll.stl
[2.104s] -- Up-to-date symlink: /home/suwi/ros2_4dof_arm/install/moveit_resources_pr2_description/share/moveit_resources_pr2_description/urdf/meshes/upper_arm_v0/forearm_roll_L.stl
[2.104s] -- Up-to-date symlink: /home/suwi/ros2_4dof_arm/install/moveit_resources_pr2_description/share/moveit_resources_pr2_description/urdf/meshes/upper_arm_v0/upper_arm.dae
[2.104s] -- Up-to-date symlink: /home/suwi/ros2_4dof_arm/install/moveit_resources_pr2_description/share/moveit_resources_pr2_description/urdf/meshes/upper_arm_v0/upper_arm.jpg
[2.105s] -- Up-to-date symlink: /home/suwi/ros2_4dof_arm/install/moveit_resources_pr2_description/share/moveit_resources_pr2_description/urdf/meshes/upper_arm_v0/upper_arm.stl
[2.112s] -- Up-to-date symlink: /home/suwi/ros2_4dof_arm/install/moveit_resources_pr2_description/share/moveit_resources_pr2_description/urdf/meshes/upper_arm_v0/upper_arm_color.tif
[2.112s] -- Up-to-date symlink: /home/suwi/ros2_4dof_arm/install/moveit_resources_pr2_description/share/moveit_resources_pr2_description/urdf/meshes/upper_arm_v0/upper_arm_normals.tif
[2.112s] -- Up-to-date symlink: /home/suwi/ros2_4dof_arm/install/moveit_resources_pr2_description/share/moveit_resources_pr2_description/urdf/robot.xml
[2.113s] -- Up-to-date symlink: /home/suwi/ros2_4dof_arm/install/moveit_resources_pr2_description/share/moveit_resources_pr2_description/kinect.dae
[2.303s] Invoked command in '/home/suwi/ros2_4dof_arm/build/moveit_resources_pr2_description' returned '0': CMAKE_PREFIX_PATH=${CMAKE_PREFIX_PATH}:/home/suwi/ros2_4dof_arm/install/moveit_configs_utils:/home/suwi/ros2_ws_prac/install/pub_sub:/opt/ros/humble /usr/bin/cmake --install /home/suwi/ros2_4dof_arm/build/moveit_resources_pr2_description
