[0.306s] Invoking command in '/home/suwi/ros2_4dof_arm/build/pilz_industrial_motion_planner': AMENT_PREFIX_PATH=/home/suwi/ros2_4dof_arm/install/moveit_resources_prbt_pg70_support:/home/suwi/ros2_4dof_arm/install/moveit_ros_planning_interface:/home/suwi/ros2_4dof_arm/install/moveit_resources_prbt_moveit_config:/home/suwi/ros2_4dof_arm/install/moveit_ros_move_group:/home/suwi/ros2_4dof_arm/install/moveit_ros_warehouse:/home/suwi/ros2_4dof_arm/install/moveit_planners_ompl:/home/suwi/ros2_4dof_arm/install/moveit_kinematics:/home/suwi/ros2_4dof_arm/install/moveit_ros_planning:/home/suwi/ros2_4dof_arm/install/pilz_industrial_motion_planner_testutils:/home/suwi/ros2_4dof_arm/install/moveit_simple_controller_manager:/home/suwi/ros2_4dof_arm/install/moveit_ros_occupancy_map_monitor:/home/suwi/ros2_4dof_arm/install/moveit_resources_prbt_ikfast_manipulator_plugin:/home/suwi/ros2_4dof_arm/install/moveit_core:/home/suwi/ros2_4dof_arm/install/moveit_resources_panda_moveit_config:/home/suwi/ros2_4dof_arm/install/moveit_resources_fanuc_moveit_config:/home/suwi/ros2_4dof_arm/install/moveit_resources_prbt_support:/home/suwi/ros2_4dof_arm/install/moveit_resources_pr2_description:/home/suwi/ros2_4dof_arm/install/moveit_resources_fanuc_description:/home/suwi/ros2_4dof_arm/install/moveit_msgs:/home/suwi/ros2_4dof_arm/install/moveit_configs_utils:${AMENT_PREFIX_PATH} CMAKE_PREFIX_PATH=/home/suwi/ros2_4dof_arm/install/moveit_resources_prbt_pg70_support:/home/suwi/ros2_4dof_arm/install/moveit_ros_planning_interface:/home/suwi/ros2_4dof_arm/install/moveit_resources_prbt_moveit_config:/home/suwi/ros2_4dof_arm/install/moveit_ros_move_group:/home/suwi/ros2_4dof_arm/install/moveit_ros_warehouse:/home/suwi/ros2_4dof_arm/install/moveit_planners_ompl:/home/suwi/ros2_4dof_arm/install/moveit_kinematics:/home/suwi/ros2_4dof_arm/install/moveit_ros_planning:/home/suwi/ros2_4dof_arm/install/pilz_industrial_motion_planner_testutils:/home/suwi/ros2_4dof_arm/install/moveit_simple_controller_manager:/home/suwi/ros2_4dof_arm/install/moveit_ros_occupancy_map_monitor:/home/suwi/ros2_4dof_arm/install/moveit_resources_prbt_ikfast_manipulator_plugin:/home/suwi/ros2_4dof_arm/install/moveit_core:/home/suwi/ros2_4dof_arm/install/moveit_resources_panda_moveit_config:/home/suwi/ros2_4dof_arm/install/moveit_resources_fanuc_moveit_config:/home/suwi/ros2_4dof_arm/install/moveit_resources_prbt_support:/home/suwi/ros2_4dof_arm/install/moveit_resources_pr2_description:/home/suwi/ros2_4dof_arm/install/moveit_resources_panda_description:/home/suwi/ros2_4dof_arm/install/moveit_resources_fanuc_description:/home/suwi/ros2_4dof_arm/install/moveit_msgs:/home/suwi/ros2_4dof_arm/install/moveit_common:/home/suwi/ros2_4dof_arm/src/four_dof_arm/install/four_dof_arm:/home/suwi/ros2_4dof_arm/install/four_dof_arm:/opt/ros/humble:/opt/ros/humble:/home/suwi/ros2_ws_prac/install/my_robot_control:/path/to/object_recognition_msgs/install:/home/suwi/ros2_ws_prac/install/pub_sub LD_LIBRARY_PATH=/home/suwi/ros2_4dof_arm/install/moveit_ros_planning_interface/lib:/home/suwi/ros2_4dof_arm/install/moveit_ros_move_group/lib:/home/suwi/ros2_4dof_arm/install/moveit_ros_warehouse/lib:/home/suwi/ros2_4dof_arm/install/moveit_planners_ompl/lib:/home/suwi/ros2_4dof_arm/install/moveit_kinematics/lib:/home/suwi/ros2_4dof_arm/install/moveit_ros_planning/lib:/home/suwi/ros2_4dof_arm/install/pilz_industrial_motion_planner_testutils/lib:/home/suwi/ros2_4dof_arm/install/moveit_simple_controller_manager/lib:/home/suwi/ros2_4dof_arm/install/moveit_ros_occupancy_map_monitor/lib:/home/suwi/ros2_4dof_arm/install/moveit_resources_prbt_ikfast_manipulator_plugin/lib:/home/suwi/ros2_4dof_arm/install/moveit_core/lib:/home/suwi/ros2_4dof_arm/install/moveit_msgs/lib:${LD_LIBRARY_PATH} PATH=/home/suwi/ros2_4dof_arm/install/moveit_core/bin:${PATH} PYTHONPATH=/home/suwi/ros2_4dof_arm/install/moveit_msgs/local/lib/python3.10/dist-packages:/home/suwi/ros2_4dof_arm/install/moveit_configs_utils/lib/python3.10/site-packages:${PYTHONPATH} /usr/bin/cmake /home/suwi/ros2_4dof_arm/src/moveit2/moveit_planners/pilz_industrial_motion_planner -DCMAKE_INSTALL_PREFIX=/home/suwi/ros2_4dof_arm/install/pilz_industrial_motion_planner
[0.597s] -- The C compiler identification is GNU 11.4.0
[0.847s] -- The CXX compiler identification is GNU 11.4.0
[0.876s] -- Detecting C compiler ABI info
[1.253s] -- Detecting C compiler ABI info - done
[1.262s] -- Check for working C compiler: /usr/bin/cc - skipped
[1.263s] -- Detecting C compile features
[1.263s] -- Detecting C compile features - done
[1.271s] -- Detecting CXX compiler ABI info
[1.687s] -- Detecting CXX compiler ABI info - done
[1.697s] -- Check for working CXX compiler: /usr/bin/c++ - skipped
[1.697s] -- Detecting CXX compile features
[1.699s] -- Detecting CXX compile features - done
[1.727s] -- Found moveit_common: 2.5.8 (/home/suwi/ros2_4dof_arm/install/moveit_common/share/moveit_common/cmake)
[1.757s] -- Found ament_cmake: 1.3.11 (/opt/ros/humble/share/ament_cmake/cmake)
[2.264s] -- Found Python3: /usr/bin/python3 (found version "3.10.12") found components: Interpreter 
[3.029s] [0mpilz_industrial_motion_planner: You did not request a specific build type: Choosing 'Release' for maximum performance[0m
[3.058s] -- Found eigen3_cmake_module: 0.1.1 (/opt/ros/humble/share/eigen3_cmake_module/cmake)
[3.102s] -- Found Eigen3: TRUE (found version "3.4.0") 
[3.130s] -- Found geometry_msgs: 4.8.0 (/opt/ros/humble/share/geometry_msgs/cmake)
[3.483s] -- Found rosidl_generator_c: 3.1.6 (/opt/ros/humble/share/rosidl_generator_c/cmake)
[3.547s] -- Found rosidl_adapter: 3.1.6 (/opt/ros/humble/share/rosidl_adapter/cmake)
[3.620s] -- Found rosidl_generator_cpp: 3.1.6 (/opt/ros/humble/share/rosidl_generator_cpp/cmake)
[3.717s] -- Using all available rosidl_typesupport_c: rosidl_typesupport_fastrtps_c;rosidl_typesupport_introspection_c
[3.844s] -- Using all available rosidl_typesupport_cpp: rosidl_typesupport_fastrtps_cpp;rosidl_typesupport_introspection_cpp
[3.999s] -- Found moveit_core: 2.5.8 (/home/suwi/ros2_4dof_arm/install/moveit_core/share/moveit_core/cmake)
[5.351s] -- Found Boost: /usr/lib/x86_64-linux-gnu/cmake/Boost-1.74.0/BoostConfig.cmake (found version "1.74.0") found components: chrono date_time filesystem iostreams program_options regex serialization system thread 
[5.706s] -- Found parameter_traits: 0.4.0 (/opt/ros/humble/share/parameter_traits/cmake)
[6.077s] -- Found rmw_implementation_cmake: 6.1.2 (/opt/ros/humble/share/rmw_implementation_cmake/cmake)
[6.109s] -- Found rmw_fastrtps_cpp: 6.2.7 (/opt/ros/humble/share/rmw_fastrtps_cpp/cmake)
[6.704s] -- Found OpenSSL: /usr/lib/x86_64-linux-gnu/libcrypto.so (found version "3.0.2")  
[6.818s] -- Found FastRTPS: /opt/ros/humble/include  
[6.997s] -- Using RMW implementation 'rmw_fastrtps_cpp' as default
[7.105s] -- Found Threads: TRUE  
[7.353s] -- Found rclcpp_lifecycle: 16.0.12 (/opt/ros/humble/share/rclcpp_lifecycle/cmake)
[7.484s] -- Found Boost: /usr/lib/x86_64-linux-gnu/cmake/Boost-1.74.0/BoostConfig.cmake (found version "1.74.0") found components: filesystem 
[8.106s] -- library: /usr/lib/x86_64-linux-gnu/libcurl.so
[8.397s] -- Ensuring Eigen3 include directory is part of orocos-kdl CMake target
[9.543s] -- Found moveit_ros_move_group: 2.5.8 (/home/suwi/ros2_4dof_arm/install/moveit_ros_move_group/share/moveit_ros_move_group/cmake)
[9.553s] -- Found Boost: /usr/lib/x86_64-linux-gnu/cmake/Boost-1.74.0/BoostConfig.cmake (found version "1.74.0") found components: system filesystem date_time program_options thread 
[9.654s] -- Found Boost: /usr/lib/x86_64-linux-gnu/cmake/Boost-1.74.0/BoostConfig.cmake (found version "1.74.0") found components: system filesystem date_time program_options thread chrono 
[9.674s] -- Found moveit_ros_planning_interface: 2.5.8 (/home/suwi/ros2_4dof_arm/install/moveit_ros_planning_interface/share/moveit_ros_planning_interface/cmake)
[9.684s] -- Found Boost: /usr/lib/x86_64-linux-gnu/cmake/Boost-1.74.0/BoostConfig.cmake (found version "1.74.0") found components: date_time filesystem program_options system thread 
[9.712s] -- Found Boost: /usr/lib/x86_64-linux-gnu/cmake/Boost-1.74.0/BoostConfig.cmake (found version "1.74.0") found components: thread system filesystem regex date_time program_options 
[9.801s] -- Found tf2_eigen_kdl: 0.25.12 (/opt/ros/humble/share/tf2_eigen_kdl/cmake)
[9.823s] -- Found Boost: /usr/lib/x86_64-linux-gnu/cmake/Boost-1.74.0/BoostConfig.cmake (found version "1.74.0")  
[10.143s] -- Found ament_cmake_gtest: 1.3.11 (/opt/ros/humble/share/ament_cmake_gtest/cmake)
[10.173s] -- Found ament_cmake_gmock: 1.3.11 (/opt/ros/humble/share/ament_cmake_gmock/cmake)
[10.203s] -- Found ros_testing: 0.4.0 (/opt/ros/humble/share/ros_testing/cmake)
[10.232s] -- Found launch_testing_ament_cmake: 1.0.8 (/opt/ros/humble/share/launch_testing_ament_cmake/cmake)
[10.263s] -- Found python_cmake_module: 0.10.0 (/opt/ros/humble/share/python_cmake_module/cmake)
[10.338s] -- Found PythonInterp: /usr/bin/python3 (found suitable version "3.10.12", minimum required is "3.6") 
[10.362s] -- Found PythonLibs: /usr/lib/x86_64-linux-gnu/libpython3.10.so (found suitable version "3.10.12", minimum required is "3.5") 
[10.362s] -- Using PYTHON_EXECUTABLE: /usr/bin/python3
[10.363s] -- Using PYTHON_INCLUDE_DIRS: /usr/include/python3.10
[10.363s] -- Using PYTHON_LIBRARIES: /usr/lib/x86_64-linux-gnu/libpython3.10.so
[10.432s] -- Found PythonExtra: .so  
[10.460s] -- Found moveit_resources_prbt_support: 2.5.8 (/home/suwi/ros2_4dof_arm/install/moveit_resources_prbt_support/share/moveit_resources_prbt_support/cmake)
[10.466s] -- Found moveit_resources_prbt_moveit_config: 2.5.8 (/home/suwi/ros2_4dof_arm/install/moveit_resources_prbt_moveit_config/share/moveit_resources_prbt_moveit_config/cmake)
[10.478s] -- Found Boost: /usr/lib/x86_64-linux-gnu/cmake/Boost-1.74.0/BoostConfig.cmake (found version "1.74.0") found components: thread 
[10.493s] -- Found pilz_industrial_motion_planner_testutils: 2.5.8 (/home/suwi/ros2_4dof_arm/install/pilz_industrial_motion_planner_testutils/share/pilz_industrial_motion_planner_testutils/cmake)
[10.589s] -- Found gtest sources under '/opt/ros/humble/src/gtest_vendor': C++ tests using 'Google Test' will be built
[10.709s] -- Found gmock sources under '/opt/ros/humble/src/gmock_vendor': C++ tests using 'Google Mock' will be built
[10.749s] -- Found ament_lint_auto: 0.12.12 (/opt/ros/humble/share/ament_lint_auto/cmake)
[11.081s] -- Found launch_testing_ament_cmake: 1.0.8 (/opt/ros/humble/share/launch_testing_ament_cmake/cmake)
[11.082s] -- Found python_cmake_module: 0.10.0 (/opt/ros/humble/share/python_cmake_module/cmake)
[11.156s] -- Using PYTHON_EXECUTABLE: /usr/bin/python3
[11.156s] -- Using PYTHON_INCLUDE_DIRS: /usr/include/python3.10
[11.156s] -- Using PYTHON_LIBRARIES: /usr/lib/x86_64-linux-gnu/libpython3.10.so
[11.266s] -- Added test 'cppcheck' to perform static code analysis on C / C++ code
[11.268s] -- Configured cppcheck include dirs: /home/suwi/ros2_4dof_arm/src/moveit2/moveit_planners/pilz_industrial_motion_planner/include
[11.268s] -- Configured cppcheck exclude dirs and/or files: 
[11.280s] -- Added test 'pep257' to check Python code against some of the docstring style conventions in PEP 257
[11.291s] -- Added test 'xmllint' to check XML markup files
[11.305s] -- Configuring done
[15.682s] -- Generating done
[15.895s] -- Build files have been written to: /home/suwi/ros2_4dof_arm/build/pilz_industrial_motion_planner
[15.974s] Invoked command in '/home/suwi/ros2_4dof_arm/build/pilz_industrial_motion_planner' returned '0': AMENT_PREFIX_PATH=/home/suwi/ros2_4dof_arm/install/moveit_resources_prbt_pg70_support:/home/suwi/ros2_4dof_arm/install/moveit_ros_planning_interface:/home/suwi/ros2_4dof_arm/install/moveit_resources_prbt_moveit_config:/home/suwi/ros2_4dof_arm/install/moveit_ros_move_group:/home/suwi/ros2_4dof_arm/install/moveit_ros_warehouse:/home/suwi/ros2_4dof_arm/install/moveit_planners_ompl:/home/suwi/ros2_4dof_arm/install/moveit_kinematics:/home/suwi/ros2_4dof_arm/install/moveit_ros_planning:/home/suwi/ros2_4dof_arm/install/pilz_industrial_motion_planner_testutils:/home/suwi/ros2_4dof_arm/install/moveit_simple_controller_manager:/home/suwi/ros2_4dof_arm/install/moveit_ros_occupancy_map_monitor:/home/suwi/ros2_4dof_arm/install/moveit_resources_prbt_ikfast_manipulator_plugin:/home/suwi/ros2_4dof_arm/install/moveit_core:/home/suwi/ros2_4dof_arm/install/moveit_resources_panda_moveit_config:/home/suwi/ros2_4dof_arm/install/moveit_resources_fanuc_moveit_config:/home/suwi/ros2_4dof_arm/install/moveit_resources_prbt_support:/home/suwi/ros2_4dof_arm/install/moveit_resources_pr2_description:/home/suwi/ros2_4dof_arm/install/moveit_resources_fanuc_description:/home/suwi/ros2_4dof_arm/install/moveit_msgs:/home/suwi/ros2_4dof_arm/install/moveit_configs_utils:${AMENT_PREFIX_PATH} CMAKE_PREFIX_PATH=/home/suwi/ros2_4dof_arm/install/moveit_resources_prbt_pg70_support:/home/suwi/ros2_4dof_arm/install/moveit_ros_planning_interface:/home/suwi/ros2_4dof_arm/install/moveit_resources_prbt_moveit_config:/home/suwi/ros2_4dof_arm/install/moveit_ros_move_group:/home/suwi/ros2_4dof_arm/install/moveit_ros_warehouse:/home/suwi/ros2_4dof_arm/install/moveit_planners_ompl:/home/suwi/ros2_4dof_arm/install/moveit_kinematics:/home/suwi/ros2_4dof_arm/install/moveit_ros_planning:/home/suwi/ros2_4dof_arm/install/pilz_industrial_motion_planner_testutils:/home/suwi/ros2_4dof_arm/install/moveit_simple_controller_manager:/home/suwi/ros2_4dof_arm/install/moveit_ros_occupancy_map_monitor:/home/suwi/ros2_4dof_arm/install/moveit_resources_prbt_ikfast_manipulator_plugin:/home/suwi/ros2_4dof_arm/install/moveit_core:/home/suwi/ros2_4dof_arm/install/moveit_resources_panda_moveit_config:/home/suwi/ros2_4dof_arm/install/moveit_resources_fanuc_moveit_config:/home/suwi/ros2_4dof_arm/install/moveit_resources_prbt_support:/home/suwi/ros2_4dof_arm/install/moveit_resources_pr2_description:/home/suwi/ros2_4dof_arm/install/moveit_resources_panda_description:/home/suwi/ros2_4dof_arm/install/moveit_resources_fanuc_description:/home/suwi/ros2_4dof_arm/install/moveit_msgs:/home/suwi/ros2_4dof_arm/install/moveit_common:/home/suwi/ros2_4dof_arm/src/four_dof_arm/install/four_dof_arm:/home/suwi/ros2_4dof_arm/install/four_dof_arm:/opt/ros/humble:/opt/ros/humble:/home/suwi/ros2_ws_prac/install/my_robot_control:/path/to/object_recognition_msgs/install:/home/suwi/ros2_ws_prac/install/pub_sub LD_LIBRARY_PATH=/home/suwi/ros2_4dof_arm/install/moveit_ros_planning_interface/lib:/home/suwi/ros2_4dof_arm/install/moveit_ros_move_group/lib:/home/suwi/ros2_4dof_arm/install/moveit_ros_warehouse/lib:/home/suwi/ros2_4dof_arm/install/moveit_planners_ompl/lib:/home/suwi/ros2_4dof_arm/install/moveit_kinematics/lib:/home/suwi/ros2_4dof_arm/install/moveit_ros_planning/lib:/home/suwi/ros2_4dof_arm/install/pilz_industrial_motion_planner_testutils/lib:/home/suwi/ros2_4dof_arm/install/moveit_simple_controller_manager/lib:/home/suwi/ros2_4dof_arm/install/moveit_ros_occupancy_map_monitor/lib:/home/suwi/ros2_4dof_arm/install/moveit_resources_prbt_ikfast_manipulator_plugin/lib:/home/suwi/ros2_4dof_arm/install/moveit_core/lib:/home/suwi/ros2_4dof_arm/install/moveit_msgs/lib:${LD_LIBRARY_PATH} PATH=/home/suwi/ros2_4dof_arm/install/moveit_core/bin:${PATH} PYTHONPATH=/home/suwi/ros2_4dof_arm/install/moveit_msgs/local/lib/python3.10/dist-packages:/home/suwi/ros2_4dof_arm/install/moveit_configs_utils/lib/python3.10/site-packages:${PYTHONPATH} /usr/bin/cmake /home/suwi/ros2_4dof_arm/src/moveit2/moveit_planners/pilz_industrial_motion_planner -DCMAKE_INSTALL_PREFIX=/home/suwi/ros2_4dof_arm/install/pilz_industrial_motion_planner
[15.983s] Invoking command in '/home/suwi/ros2_4dof_arm/build/pilz_industrial_motion_planner': AMENT_PREFIX_PATH=/home/suwi/ros2_4dof_arm/install/moveit_resources_prbt_pg70_support:/home/suwi/ros2_4dof_arm/install/moveit_ros_planning_interface:/home/suwi/ros2_4dof_arm/install/moveit_resources_prbt_moveit_config:/home/suwi/ros2_4dof_arm/install/moveit_ros_move_group:/home/suwi/ros2_4dof_arm/install/moveit_ros_warehouse:/home/suwi/ros2_4dof_arm/install/moveit_planners_ompl:/home/suwi/ros2_4dof_arm/install/moveit_kinematics:/home/suwi/ros2_4dof_arm/install/moveit_ros_planning:/home/suwi/ros2_4dof_arm/install/pilz_industrial_motion_planner_testutils:/home/suwi/ros2_4dof_arm/install/moveit_simple_controller_manager:/home/suwi/ros2_4dof_arm/install/moveit_ros_occupancy_map_monitor:/home/suwi/ros2_4dof_arm/install/moveit_resources_prbt_ikfast_manipulator_plugin:/home/suwi/ros2_4dof_arm/install/moveit_core:/home/suwi/ros2_4dof_arm/install/moveit_resources_panda_moveit_config:/home/suwi/ros2_4dof_arm/install/moveit_resources_fanuc_moveit_config:/home/suwi/ros2_4dof_arm/install/moveit_resources_prbt_support:/home/suwi/ros2_4dof_arm/install/moveit_resources_pr2_description:/home/suwi/ros2_4dof_arm/install/moveit_resources_fanuc_description:/home/suwi/ros2_4dof_arm/install/moveit_msgs:/home/suwi/ros2_4dof_arm/install/moveit_configs_utils:${AMENT_PREFIX_PATH} CMAKE_PREFIX_PATH=/home/suwi/ros2_4dof_arm/install/moveit_resources_prbt_pg70_support:/home/suwi/ros2_4dof_arm/install/moveit_ros_planning_interface:/home/suwi/ros2_4dof_arm/install/moveit_resources_prbt_moveit_config:/home/suwi/ros2_4dof_arm/install/moveit_ros_move_group:/home/suwi/ros2_4dof_arm/install/moveit_ros_warehouse:/home/suwi/ros2_4dof_arm/install/moveit_planners_ompl:/home/suwi/ros2_4dof_arm/install/moveit_kinematics:/home/suwi/ros2_4dof_arm/install/moveit_ros_planning:/home/suwi/ros2_4dof_arm/install/pilz_industrial_motion_planner_testutils:/home/suwi/ros2_4dof_arm/install/moveit_simple_controller_manager:/home/suwi/ros2_4dof_arm/install/moveit_ros_occupancy_map_monitor:/home/suwi/ros2_4dof_arm/install/moveit_resources_prbt_ikfast_manipulator_plugin:/home/suwi/ros2_4dof_arm/install/moveit_core:/home/suwi/ros2_4dof_arm/install/moveit_resources_panda_moveit_config:/home/suwi/ros2_4dof_arm/install/moveit_resources_fanuc_moveit_config:/home/suwi/ros2_4dof_arm/install/moveit_resources_prbt_support:/home/suwi/ros2_4dof_arm/install/moveit_resources_pr2_description:/home/suwi/ros2_4dof_arm/install/moveit_resources_panda_description:/home/suwi/ros2_4dof_arm/install/moveit_resources_fanuc_description:/home/suwi/ros2_4dof_arm/install/moveit_msgs:/home/suwi/ros2_4dof_arm/install/moveit_common:/home/suwi/ros2_4dof_arm/src/four_dof_arm/install/four_dof_arm:/home/suwi/ros2_4dof_arm/install/four_dof_arm:/opt/ros/humble:/opt/ros/humble:/home/suwi/ros2_ws_prac/install/my_robot_control:/path/to/object_recognition_msgs/install:/home/suwi/ros2_ws_prac/install/pub_sub LD_LIBRARY_PATH=/home/suwi/ros2_4dof_arm/install/moveit_ros_planning_interface/lib:/home/suwi/ros2_4dof_arm/install/moveit_ros_move_group/lib:/home/suwi/ros2_4dof_arm/install/moveit_ros_warehouse/lib:/home/suwi/ros2_4dof_arm/install/moveit_planners_ompl/lib:/home/suwi/ros2_4dof_arm/install/moveit_kinematics/lib:/home/suwi/ros2_4dof_arm/install/moveit_ros_planning/lib:/home/suwi/ros2_4dof_arm/install/pilz_industrial_motion_planner_testutils/lib:/home/suwi/ros2_4dof_arm/install/moveit_simple_controller_manager/lib:/home/suwi/ros2_4dof_arm/install/moveit_ros_occupancy_map_monitor/lib:/home/suwi/ros2_4dof_arm/install/moveit_resources_prbt_ikfast_manipulator_plugin/lib:/home/suwi/ros2_4dof_arm/install/moveit_core/lib:/home/suwi/ros2_4dof_arm/install/moveit_msgs/lib:${LD_LIBRARY_PATH} PATH=/home/suwi/ros2_4dof_arm/install/moveit_core/bin:${PATH} PYTHONPATH=/home/suwi/ros2_4dof_arm/install/moveit_msgs/local/lib/python3.10/dist-packages:/home/suwi/ros2_4dof_arm/install/moveit_configs_utils/lib/python3.10/site-packages:${PYTHONPATH} /usr/bin/cmake --build /home/suwi/ros2_4dof_arm/build/pilz_industrial_motion_planner -- -j8 -l8
[16.335s] [  1%] [32mBuilding CXX object CMakeFiles/joint_limits_common.dir/src/joint_limits_aggregator.cpp.o[0m
[16.339s] [  3%] [32mBuilding CXX object gtest/CMakeFiles/gtest.dir/src/gtest-all.cc.o[0m
[16.344s] [  3%] [32mBuilding CXX object gtest/CMakeFiles/gtest_main.dir/src/gtest_main.cc.o[0m
[16.344s] [  6%] [32mBuilding CXX object CMakeFiles/trajectory_generation_common.dir/src/trajectory_functions.cpp.o[0m
[16.345s] [  6%] [32mBuilding CXX object CMakeFiles/joint_limits_common.dir/src/joint_limits_container.cpp.o[0m
[16.345s] [  7%] [32mBuilding CXX object CMakeFiles/planning_context_loader_base.dir/src/planning_context_loader.cpp.o[0m
[16.352s] [  8%] [32mBuilding CXX object gmock/CMakeFiles/gmock_main.dir/src/gmock_main.cc.o[0m
[16.362s] [  9%] [32mBuilding CXX object gmock/CMakeFiles/gmock.dir/opt/ros/humble/src/gtest_vendor/src/gtest-all.cc.o[0m
[18.811s] [ 10%] [32m[1mLinking CXX static library libgtest_main.a[0m
[19.086s] [ 10%] Built target gtest_main
[19.154s] [ 12%] [32mBuilding CXX object CMakeFiles/trajectory_generation_common.dir/src/trajectory_generator.cpp.o[0m
[19.687s] [ 13%] [32m[1mLinking CXX static library libgmock_main.a[0m
[19.958s] [ 13%] Built target gmock_main
[20.025s] [ 14%] [32mBuilding CXX object gmock/CMakeFiles/gmock.dir/src/gmock-all.cc.o[0m
[21.472s] [ 15%] [32mBuilding CXX object CMakeFiles/trajectory_generation_common.dir/src/trajectory_blender_transition_window.cpp.o[0m
[26.402s] [ 16%] [32mBuilding CXX object CMakeFiles/joint_limits_common.dir/src/joint_limits_validator.cpp.o[0m
[29.192s] [ 18%] [32m[1mLinking CXX static library libgmock.a[0m
[29.232s] [ 19%] [32m[1mLinking CXX static library libgtest.a[0m
[29.522s] [ 19%] Built target gmock
[29.586s] [ 20%] [32mBuilding CXX object CMakeFiles/joint_limits_common.dir/src/limits_container.cpp.o[0m
[29.604s] [ 20%] Built target gtest
[29.668s] [ 21%] [32mBuilding CXX object CMakeFiles/joint_limits_common.dir/src/cartesian_limit.cpp.o[0m
[29.867s] [ 22%] [32mBuilding CXX object CMakeFiles/joint_limits_common.dir/src/cartesian_limits_aggregator.cpp.o[0m
[38.343s] [ 24%] [32m[1mLinking CXX shared library libplanning_context_loader_base.so[0m
[44.608s] [ 25%] [32m[1mLinking CXX shared library libjoint_limits_common.so[0m
[46.613s] [ 25%] Built target joint_limits_common
[46.770s] [ 26%] [32mBuilding CXX object test/unit_tests/CMakeFiles/unittest_joint_limit.dir/src/unittest_joint_limit.cpp.o[0m
[46.786s] [ 27%] [32mBuilding CXX object test/unit_tests/CMakeFiles/unittest_joint_limits_aggregator.dir/src/unittest_joint_limits_aggregator.cpp.o[0m
[46.795s] [ 31%] [32mBuilding CXX object test/unit_tests/CMakeFiles/unittest_joint_limits_container.dir/src/unittest_joint_limits_container.cpp.o[0m
[46.795s] [ 31%] [32mBuilding CXX object test/unit_tests/CMakeFiles/unittest_joint_limits_validator.dir/src/unittest_joint_limits_validator.cpp.o[0m
[46.795s] [ 31%] [32mBuilding CXX object test/unit_tests/CMakeFiles/unittest_cartesian_limits_aggregator.dir/src/unittest_cartesian_limits_aggregator.cpp.o[0m
[52.661s] [ 32%] [32m[1mLinking CXX executable unittest_joint_limits_container[0m
[52.685s] [ 32%] Built target planning_context_loader_base
[52.853s] [ 33%] [32mBuilding CXX object CMakeFiles/pilz_industrial_motion_planner.dir/src/pilz_industrial_motion_planner.cpp.o[0m
[52.898s] [ 34%] [32m[1mLinking CXX shared library libtrajectory_generation_common.so[0m
[53.625s] [ 36%] [32m[1mLinking CXX executable unittest_joint_limits_validator[0m
[53.801s] [ 36%] Built target unittest_joint_limits_container
[54.018s] [ 36%] Built target trajectory_generation_common
[54.205s] [ 38%] [32mBuilding CXX object CMakeFiles/planning_context_loader_ptp.dir/src/planning_context_loader_ptp.cpp.o[0m
[54.205s] [ 38%] [32mBuilding CXX object CMakeFiles/command_list_manager.dir/src/command_list_manager.cpp.o[0m
[54.211s] [ 39%] [32mBuilding CXX object CMakeFiles/planning_context_loader_lin.dir/src/planning_context_loader_lin.cpp.o[0m
[54.950s] [ 39%] Built target unittest_joint_limits_validator
[55.030s] [ 40%] [32mBuilding CXX object CMakeFiles/command_list_manager.dir/src/plan_components_builder.cpp.o[0m
[59.824s] [ 42%] [32m[1mLinking CXX executable unittest_cartesian_limits_aggregator[0m
[60.792s] [ 43%] [32m[1mLinking CXX executable unittest_joint_limit[0m
[61.190s] [ 43%] Built target unittest_cartesian_limits_aggregator
[61.266s] [ 44%] [32mBuilding CXX object CMakeFiles/planning_context_loader_ptp.dir/src/trajectory_generator_ptp.cpp.o[0m
[62.218s] [ 44%] Built target unittest_joint_limit
[62.297s] [ 45%] [32mBuilding CXX object CMakeFiles/planning_context_loader_lin.dir/src/trajectory_generator_lin.cpp.o[0m
[73.042s] [ 46%] [32m[1mLinking CXX executable unittest_joint_limits_aggregator[0m
[74.586s] [ 46%] Built target unittest_joint_limits_aggregator
[74.655s] [ 48%] [32mBuilding CXX object CMakeFiles/planning_context_loader_ptp.dir/src/velocity_profile_atrap.cpp.o[0m
[78.360s] [ 49%] [32mBuilding CXX object CMakeFiles/planning_context_loader_lin.dir/src/velocity_profile_atrap.cpp.o[0m
[79.763s] [ 50%] [32mBuilding CXX object CMakeFiles/planning_context_loader_circ.dir/src/planning_context_loader_circ.cpp.o[0m
[80.186s] [ 51%] [32mBuilding CXX object CMakeFiles/planning_context_loader_circ.dir/src/trajectory_generator_circ.cpp.o[0m
[80.594s] [ 53%] [32mBuilding CXX object test/CMakeFiles/pilz_industrial_motion_planner_test_utils.dir/test_utils.cpp.o[0m
[81.948s] [ 54%] [32mBuilding CXX object CMakeFiles/planning_context_loader_circ.dir/src/path_circle_generator.cpp.o[0m
[84.932s] [ 55%] [32m[1mLinking CXX shared library libcommand_list_manager.so[0m
[86.016s] [ 55%] Built target command_list_manager
[86.196s] [ 56%] [32mBuilding CXX object CMakeFiles/sequence_capability.dir/src/move_group_sequence_action.cpp.o[0m
[86.570s] [ 57%] [32m[1mLinking CXX shared library libpilz_industrial_motion_planner.so[0m
[87.773s] [ 59%] [32mBuilding CXX object CMakeFiles/sequence_capability.dir/src/move_group_sequence_service.cpp.o[0m
[87.966s] [ 59%] Built target pilz_industrial_motion_planner
[88.199s] [ 60%] [32mBuilding CXX object test/unit_tests/CMakeFiles/unittest_velocity_profile_atrap.dir/src/unittest_velocity_profile_atrap.cpp.o[0m
[90.653s] [ 61%] [32m[1mLinking CXX shared library libplanning_context_loader_ptp.so[0m
[91.695s] [ 62%] [32m[1mLinking CXX shared library libplanning_context_loader_lin.so[0m
[91.772s] [ 62%] Built target planning_context_loader_ptp
[91.840s] [ 63%] [32mBuilding CXX object test/unit_tests/CMakeFiles/unittest_velocity_profile_atrap.dir/__/__/src/velocity_profile_atrap.cpp.o[0m
[92.819s] [ 63%] Built target planning_context_loader_lin
[92.987s] [ 65%] [32mBuilding CXX object test/unit_tests/CMakeFiles/unittest_trajectory_generator.dir/src/unittest_trajectory_generator.cpp.o[0m
[95.684s] [ 66%] [32mBuilding CXX object test/unit_tests/CMakeFiles/unittest_pilz_industrial_motion_planner.dir/src/unittest_pilz_industrial_motion_planner.cpp.o[0m
[97.187s] [ 67%] [32m[1mLinking CXX executable unittest_velocity_profile_atrap[0m
[102.042s] [ 67%] Built target unittest_velocity_profile_atrap
[102.114s] [ 68%] [32mBuilding CXX object test/unit_tests/CMakeFiles/unittest_trajectory_generator.dir/__/__/src/trajectory_generator.cpp.o[0m
[105.269s] [ 69%] [32mBuilding CXX object test/unit_tests/CMakeFiles/unittest_get_solver_tip_frame.dir/src/unittest_get_solver_tip_frame.cpp.o[0m
[108.683s] [ 71%] [32m[1mLinking CXX shared library libplanning_context_loader_circ.so[0m
[109.955s] [ 71%] Built target planning_context_loader_circ
[110.120s] [ 72%] [32mBuilding CXX object test/unit_tests/CMakeFiles/unittest_pilz_industrial_motion_planner_direct.dir/src/unittest_pilz_industrial_motion_planner_direct.cpp.o[0m
[120.070s] [ 73%] [32m[1mLinking CXX static library libpilz_industrial_motion_planner_test_utils.a[0m
[120.371s] [ 73%] Built target pilz_industrial_motion_planner_test_utils
[120.537s] [ 74%] [32mBuilding CXX object test/unit_tests/CMakeFiles/unittest_trajectory_functions.dir/src/unittest_trajectory_functions.cpp.o[0m
[121.314s] [ 75%] [32mBuilding CXX object test/unit_tests/CMakeFiles/unittest_trajectory_blender_transition_window.dir/src/unittest_trajectory_blender_transition_window.cpp.o[0m
[126.042s] [ 77%] [32m[1mLinking CXX executable unittest_get_solver_tip_frame[0m
[128.305s] [ 78%] [32mBuilding CXX object test/unit_tests/CMakeFiles/unittest_trajectory_blender_transition_window.dir/__/__/src/trajectory_blender_transition_window.cpp.o[0m
[130.515s] [ 78%] Built target unittest_get_solver_tip_frame
[130.683s] [ 79%] [32mBuilding CXX object test/unit_tests/CMakeFiles/unittest_trajectory_generator_common.dir/src/unittest_trajectory_generator_common.cpp.o[0m
[130.710s] [ 80%] [32m[1mLinking CXX shared library libsequence_capability.so[0m
[131.978s] [ 80%] Built target sequence_capability
[132.149s] [ 81%] [32mBuilding CXX object test/unit_tests/CMakeFiles/unittest_trajectory_generator_circ.dir/src/unittest_trajectory_generator_circ.cpp.o[0m
[134.989s] [ 83%] [32m[1mLinking CXX executable unittest_pilz_industrial_motion_planner[0m
[136.566s] [ 83%] Built target unittest_pilz_industrial_motion_planner
[136.795s] [ 84%] [32mBuilding CXX object test/unit_tests/CMakeFiles/unittest_trajectory_generator_lin.dir/src/unittest_trajectory_generator_lin.cpp.o[0m
[138.344s] [ 85%] [32m[1mLinking CXX executable unittest_trajectory_generator[0m
[140.343s] [ 85%] Built target unittest_trajectory_generator
[143.983s] [ 86%] [32m[1mLinking CXX executable unittest_pilz_industrial_motion_planner_direct[0m
[145.484s] [ 86%] Built target unittest_pilz_industrial_motion_planner_direct
[149.666s] [ 87%] [32mBuilding CXX object test/unit_tests/CMakeFiles/unittest_planning_context_loaders.dir/src/unittest_planning_context_loaders.cpp.o[0m
[150.790s] [ 89%] [32mBuilding CXX object test/unit_tests/CMakeFiles/unittest_trajectory_generator_ptp.dir/src/unittest_trajectory_generator_ptp.cpp.o[0m
[155.799s] [ 90%] [32m[1mLinking CXX executable unittest_trajectory_functions[0m
[157.543s] [ 91%] [32mBuilding CXX object test/unit_tests/CMakeFiles/unittest_planning_context.dir/src/unittest_planning_context.cpp.o[0m
[157.573s] [ 91%] Built target unittest_trajectory_functions
[163.562s] [ 92%] [32m[1mLinking CXX executable unittest_trajectory_blender_transition_window[0m
[165.395s] [ 92%] Built target unittest_trajectory_blender_transition_window
[171.218s] [ 93%] [32m[1mLinking CXX executable unittest_trajectory_generator_common[0m
[173.041s] [ 93%] Built target unittest_trajectory_generator_common
[173.940s] [ 95%] [32m[1mLinking CXX executable unittest_trajectory_generator_lin[0m
[175.230s] [ 96%] [32m[1mLinking CXX executable unittest_trajectory_generator_circ[0m
[175.483s] [ 96%] Built target unittest_trajectory_generator_lin
[176.751s] [ 96%] Built target unittest_trajectory_generator_circ
[184.171s] [ 97%] [32m[1mLinking CXX executable unittest_planning_context_loaders[0m
[184.448s] [ 98%] [32m[1mLinking CXX executable unittest_trajectory_generator_ptp[0m
[185.646s] [ 98%] Built target unittest_planning_context_loaders
[185.875s] [ 98%] Built target unittest_trajectory_generator_ptp
[189.009s] [100%] [32m[1mLinking CXX executable unittest_planning_context[0m
[190.505s] [100%] Built target unittest_planning_context
[190.571s] Invoked command in '/home/suwi/ros2_4dof_arm/build/pilz_industrial_motion_planner' returned '0': AMENT_PREFIX_PATH=/home/suwi/ros2_4dof_arm/install/moveit_resources_prbt_pg70_support:/home/suwi/ros2_4dof_arm/install/moveit_ros_planning_interface:/home/suwi/ros2_4dof_arm/install/moveit_resources_prbt_moveit_config:/home/suwi/ros2_4dof_arm/install/moveit_ros_move_group:/home/suwi/ros2_4dof_arm/install/moveit_ros_warehouse:/home/suwi/ros2_4dof_arm/install/moveit_planners_ompl:/home/suwi/ros2_4dof_arm/install/moveit_kinematics:/home/suwi/ros2_4dof_arm/install/moveit_ros_planning:/home/suwi/ros2_4dof_arm/install/pilz_industrial_motion_planner_testutils:/home/suwi/ros2_4dof_arm/install/moveit_simple_controller_manager:/home/suwi/ros2_4dof_arm/install/moveit_ros_occupancy_map_monitor:/home/suwi/ros2_4dof_arm/install/moveit_resources_prbt_ikfast_manipulator_plugin:/home/suwi/ros2_4dof_arm/install/moveit_core:/home/suwi/ros2_4dof_arm/install/moveit_resources_panda_moveit_config:/home/suwi/ros2_4dof_arm/install/moveit_resources_fanuc_moveit_config:/home/suwi/ros2_4dof_arm/install/moveit_resources_prbt_support:/home/suwi/ros2_4dof_arm/install/moveit_resources_pr2_description:/home/suwi/ros2_4dof_arm/install/moveit_resources_fanuc_description:/home/suwi/ros2_4dof_arm/install/moveit_msgs:/home/suwi/ros2_4dof_arm/install/moveit_configs_utils:${AMENT_PREFIX_PATH} CMAKE_PREFIX_PATH=/home/suwi/ros2_4dof_arm/install/moveit_resources_prbt_pg70_support:/home/suwi/ros2_4dof_arm/install/moveit_ros_planning_interface:/home/suwi/ros2_4dof_arm/install/moveit_resources_prbt_moveit_config:/home/suwi/ros2_4dof_arm/install/moveit_ros_move_group:/home/suwi/ros2_4dof_arm/install/moveit_ros_warehouse:/home/suwi/ros2_4dof_arm/install/moveit_planners_ompl:/home/suwi/ros2_4dof_arm/install/moveit_kinematics:/home/suwi/ros2_4dof_arm/install/moveit_ros_planning:/home/suwi/ros2_4dof_arm/install/pilz_industrial_motion_planner_testutils:/home/suwi/ros2_4dof_arm/install/moveit_simple_controller_manager:/home/suwi/ros2_4dof_arm/install/moveit_ros_occupancy_map_monitor:/home/suwi/ros2_4dof_arm/install/moveit_resources_prbt_ikfast_manipulator_plugin:/home/suwi/ros2_4dof_arm/install/moveit_core:/home/suwi/ros2_4dof_arm/install/moveit_resources_panda_moveit_config:/home/suwi/ros2_4dof_arm/install/moveit_resources_fanuc_moveit_config:/home/suwi/ros2_4dof_arm/install/moveit_resources_prbt_support:/home/suwi/ros2_4dof_arm/install/moveit_resources_pr2_description:/home/suwi/ros2_4dof_arm/install/moveit_resources_panda_description:/home/suwi/ros2_4dof_arm/install/moveit_resources_fanuc_description:/home/suwi/ros2_4dof_arm/install/moveit_msgs:/home/suwi/ros2_4dof_arm/install/moveit_common:/home/suwi/ros2_4dof_arm/src/four_dof_arm/install/four_dof_arm:/home/suwi/ros2_4dof_arm/install/four_dof_arm:/opt/ros/humble:/opt/ros/humble:/home/suwi/ros2_ws_prac/install/my_robot_control:/path/to/object_recognition_msgs/install:/home/suwi/ros2_ws_prac/install/pub_sub LD_LIBRARY_PATH=/home/suwi/ros2_4dof_arm/install/moveit_ros_planning_interface/lib:/home/suwi/ros2_4dof_arm/install/moveit_ros_move_group/lib:/home/suwi/ros2_4dof_arm/install/moveit_ros_warehouse/lib:/home/suwi/ros2_4dof_arm/install/moveit_planners_ompl/lib:/home/suwi/ros2_4dof_arm/install/moveit_kinematics/lib:/home/suwi/ros2_4dof_arm/install/moveit_ros_planning/lib:/home/suwi/ros2_4dof_arm/install/pilz_industrial_motion_planner_testutils/lib:/home/suwi/ros2_4dof_arm/install/moveit_simple_controller_manager/lib:/home/suwi/ros2_4dof_arm/install/moveit_ros_occupancy_map_monitor/lib:/home/suwi/ros2_4dof_arm/install/moveit_resources_prbt_ikfast_manipulator_plugin/lib:/home/suwi/ros2_4dof_arm/install/moveit_core/lib:/home/suwi/ros2_4dof_arm/install/moveit_msgs/lib:${LD_LIBRARY_PATH} PATH=/home/suwi/ros2_4dof_arm/install/moveit_core/bin:${PATH} PYTHONPATH=/home/suwi/ros2_4dof_arm/install/moveit_msgs/local/lib/python3.10/dist-packages:/home/suwi/ros2_4dof_arm/install/moveit_configs_utils/lib/python3.10/site-packages:${PYTHONPATH} /usr/bin/cmake --build /home/suwi/ros2_4dof_arm/build/pilz_industrial_motion_planner -- -j8 -l8
[190.582s] Invoking command in '/home/suwi/ros2_4dof_arm/build/pilz_industrial_motion_planner': AMENT_PREFIX_PATH=/home/suwi/ros2_4dof_arm/install/moveit_resources_prbt_pg70_support:/home/suwi/ros2_4dof_arm/install/moveit_ros_planning_interface:/home/suwi/ros2_4dof_arm/install/moveit_resources_prbt_moveit_config:/home/suwi/ros2_4dof_arm/install/moveit_ros_move_group:/home/suwi/ros2_4dof_arm/install/moveit_ros_warehouse:/home/suwi/ros2_4dof_arm/install/moveit_planners_ompl:/home/suwi/ros2_4dof_arm/install/moveit_kinematics:/home/suwi/ros2_4dof_arm/install/moveit_ros_planning:/home/suwi/ros2_4dof_arm/install/pilz_industrial_motion_planner_testutils:/home/suwi/ros2_4dof_arm/install/moveit_simple_controller_manager:/home/suwi/ros2_4dof_arm/install/moveit_ros_occupancy_map_monitor:/home/suwi/ros2_4dof_arm/install/moveit_resources_prbt_ikfast_manipulator_plugin:/home/suwi/ros2_4dof_arm/install/moveit_core:/home/suwi/ros2_4dof_arm/install/moveit_resources_panda_moveit_config:/home/suwi/ros2_4dof_arm/install/moveit_resources_fanuc_moveit_config:/home/suwi/ros2_4dof_arm/install/moveit_resources_prbt_support:/home/suwi/ros2_4dof_arm/install/moveit_resources_pr2_description:/home/suwi/ros2_4dof_arm/install/moveit_resources_fanuc_description:/home/suwi/ros2_4dof_arm/install/moveit_msgs:/home/suwi/ros2_4dof_arm/install/moveit_configs_utils:${AMENT_PREFIX_PATH} CMAKE_PREFIX_PATH=/home/suwi/ros2_4dof_arm/install/moveit_resources_prbt_pg70_support:/home/suwi/ros2_4dof_arm/install/moveit_ros_planning_interface:/home/suwi/ros2_4dof_arm/install/moveit_resources_prbt_moveit_config:/home/suwi/ros2_4dof_arm/install/moveit_ros_move_group:/home/suwi/ros2_4dof_arm/install/moveit_ros_warehouse:/home/suwi/ros2_4dof_arm/install/moveit_planners_ompl:/home/suwi/ros2_4dof_arm/install/moveit_kinematics:/home/suwi/ros2_4dof_arm/install/moveit_ros_planning:/home/suwi/ros2_4dof_arm/install/pilz_industrial_motion_planner_testutils:/home/suwi/ros2_4dof_arm/install/moveit_simple_controller_manager:/home/suwi/ros2_4dof_arm/install/moveit_ros_occupancy_map_monitor:/home/suwi/ros2_4dof_arm/install/moveit_resources_prbt_ikfast_manipulator_plugin:/home/suwi/ros2_4dof_arm/install/moveit_core:/home/suwi/ros2_4dof_arm/install/moveit_resources_panda_moveit_config:/home/suwi/ros2_4dof_arm/install/moveit_resources_fanuc_moveit_config:/home/suwi/ros2_4dof_arm/install/moveit_resources_prbt_support:/home/suwi/ros2_4dof_arm/install/moveit_resources_pr2_description:/home/suwi/ros2_4dof_arm/install/moveit_resources_panda_description:/home/suwi/ros2_4dof_arm/install/moveit_resources_fanuc_description:/home/suwi/ros2_4dof_arm/install/moveit_msgs:/home/suwi/ros2_4dof_arm/install/moveit_common:/home/suwi/ros2_4dof_arm/src/four_dof_arm/install/four_dof_arm:/home/suwi/ros2_4dof_arm/install/four_dof_arm:/opt/ros/humble:/opt/ros/humble:/home/suwi/ros2_ws_prac/install/my_robot_control:/path/to/object_recognition_msgs/install:/home/suwi/ros2_ws_prac/install/pub_sub LD_LIBRARY_PATH=/home/suwi/ros2_4dof_arm/install/moveit_ros_planning_interface/lib:/home/suwi/ros2_4dof_arm/install/moveit_ros_move_group/lib:/home/suwi/ros2_4dof_arm/install/moveit_ros_warehouse/lib:/home/suwi/ros2_4dof_arm/install/moveit_planners_ompl/lib:/home/suwi/ros2_4dof_arm/install/moveit_kinematics/lib:/home/suwi/ros2_4dof_arm/install/moveit_ros_planning/lib:/home/suwi/ros2_4dof_arm/install/pilz_industrial_motion_planner_testutils/lib:/home/suwi/ros2_4dof_arm/install/moveit_simple_controller_manager/lib:/home/suwi/ros2_4dof_arm/install/moveit_ros_occupancy_map_monitor/lib:/home/suwi/ros2_4dof_arm/install/moveit_resources_prbt_ikfast_manipulator_plugin/lib:/home/suwi/ros2_4dof_arm/install/moveit_core/lib:/home/suwi/ros2_4dof_arm/install/moveit_msgs/lib:${LD_LIBRARY_PATH} PATH=/home/suwi/ros2_4dof_arm/install/moveit_core/bin:${PATH} PYTHONPATH=/home/suwi/ros2_4dof_arm/install/moveit_msgs/local/lib/python3.10/dist-packages:/home/suwi/ros2_4dof_arm/install/moveit_configs_utils/lib/python3.10/site-packages:${PYTHONPATH} /usr/bin/cmake --install /home/suwi/ros2_4dof_arm/build/pilz_industrial_motion_planner
[190.624s] -- Install configuration: "Release"
[190.625s] -- Installing: /home/suwi/ros2_4dof_arm/install/pilz_industrial_motion_planner/share/pilz_industrial_motion_planner/plugins/pilz_industrial_motion_planner_plugin_description.xml
[190.627s] -- Installing: /home/suwi/ros2_4dof_arm/install/pilz_industrial_motion_planner/share/pilz_industrial_motion_planner/plugins/sequence_capability_plugin_description.xml
[190.629s] -- Installing: /home/suwi/ros2_4dof_arm/install/pilz_industrial_motion_planner/share/pilz_industrial_motion_planner/plugins/planning_context_plugin_description.xml
[190.630s] -- Installing: /home/suwi/ros2_4dof_arm/install/pilz_industrial_motion_planner/lib/libpilz_industrial_motion_planner.so
[190.640s] -- Set runtime path of "/home/suwi/ros2_4dof_arm/install/pilz_industrial_motion_planner/lib/libpilz_industrial_motion_planner.so" to ""
[190.641s] -- Installing: /home/suwi/ros2_4dof_arm/install/pilz_industrial_motion_planner/lib/libjoint_limits_common.so
[190.647s] -- Set runtime path of "/home/suwi/ros2_4dof_arm/install/pilz_industrial_motion_planner/lib/libjoint_limits_common.so" to ""
[190.647s] -- Installing: /home/suwi/ros2_4dof_arm/install/pilz_industrial_motion_planner/lib/libplanning_context_loader_base.so
[190.652s] -- Set runtime path of "/home/suwi/ros2_4dof_arm/install/pilz_industrial_motion_planner/lib/libplanning_context_loader_base.so" to ""
[190.652s] -- Installing: /home/suwi/ros2_4dof_arm/install/pilz_industrial_motion_planner/lib/libplanning_context_loader_ptp.so
[190.660s] -- Set runtime path of "/home/suwi/ros2_4dof_arm/install/pilz_industrial_motion_planner/lib/libplanning_context_loader_ptp.so" to ""
[190.660s] -- Installing: /home/suwi/ros2_4dof_arm/install/pilz_industrial_motion_planner/lib/libplanning_context_loader_lin.so
[190.666s] -- Set runtime path of "/home/suwi/ros2_4dof_arm/install/pilz_industrial_motion_planner/lib/libplanning_context_loader_lin.so" to ""
[190.666s] -- Installing: /home/suwi/ros2_4dof_arm/install/pilz_industrial_motion_planner/lib/libplanning_context_loader_circ.so
[190.674s] -- Set runtime path of "/home/suwi/ros2_4dof_arm/install/pilz_industrial_motion_planner/lib/libplanning_context_loader_circ.so" to ""
[190.674s] -- Installing: /home/suwi/ros2_4dof_arm/install/pilz_industrial_motion_planner/lib/libcommand_list_manager.so
[190.680s] -- Set runtime path of "/home/suwi/ros2_4dof_arm/install/pilz_industrial_motion_planner/lib/libcommand_list_manager.so" to ""
[190.681s] -- Installing: /home/suwi/ros2_4dof_arm/install/pilz_industrial_motion_planner/lib/libsequence_capability.so
[190.690s] -- Set runtime path of "/home/suwi/ros2_4dof_arm/install/pilz_industrial_motion_planner/lib/libsequence_capability.so" to ""
[190.690s] -- Installing: /home/suwi/ros2_4dof_arm/install/pilz_industrial_motion_planner/lib/libtrajectory_generation_common.so
[190.698s] -- Set runtime path of "/home/suwi/ros2_4dof_arm/install/pilz_industrial_motion_planner/lib/libtrajectory_generation_common.so" to ""
[190.698s] -- Installing: /home/suwi/ros2_4dof_arm/install/pilz_industrial_motion_planner/include
[190.699s] -- Installing: /home/suwi/ros2_4dof_arm/install/pilz_industrial_motion_planner/include/joint_limits_copy
[190.700s] -- Installing: /home/suwi/ros2_4dof_arm/install/pilz_industrial_motion_planner/include/joint_limits_copy/joint_limits_rosparam.hpp
[190.700s] -- Installing: /home/suwi/ros2_4dof_arm/install/pilz_industrial_motion_planner/include/joint_limits_copy/joint_limits.hpp
[190.701s] -- Installing: /home/suwi/ros2_4dof_arm/install/pilz_industrial_motion_planner/include/pilz_industrial_motion_planner
[190.701s] -- Installing: /home/suwi/ros2_4dof_arm/install/pilz_industrial_motion_planner/include/pilz_industrial_motion_planner/trajectory_generator_ptp.h
[190.703s] -- Installing: /home/suwi/ros2_4dof_arm/install/pilz_industrial_motion_planner/include/pilz_industrial_motion_planner/trajectory_functions.h
[190.704s] -- Installing: /home/suwi/ros2_4dof_arm/install/pilz_industrial_motion_planner/include/pilz_industrial_motion_planner/velocity_profile_atrap.h
[190.704s] -- Installing: /home/suwi/ros2_4dof_arm/install/pilz_industrial_motion_planner/include/pilz_industrial_motion_planner/joint_limits_interface_extension.h
[190.705s] -- Installing: /home/suwi/ros2_4dof_arm/install/pilz_industrial_motion_planner/include/pilz_industrial_motion_planner/limits_container.h
[190.706s] -- Installing: /home/suwi/ros2_4dof_arm/install/pilz_industrial_motion_planner/include/pilz_industrial_motion_planner/planning_context_loader_circ.h
[190.707s] -- Installing: /home/suwi/ros2_4dof_arm/install/pilz_industrial_motion_planner/include/pilz_industrial_motion_planner/trajectory_generator_circ.h
[190.708s] -- Installing: /home/suwi/ros2_4dof_arm/install/pilz_industrial_motion_planner/include/pilz_industrial_motion_planner/cartesian_trajectory.h
[190.709s] -- Installing: /home/suwi/ros2_4dof_arm/install/pilz_industrial_motion_planner/include/pilz_industrial_motion_planner/move_group_sequence_service.h
[190.710s] -- Installing: /home/suwi/ros2_4dof_arm/install/pilz_industrial_motion_planner/include/pilz_industrial_motion_planner/trajectory_generation_exceptions.h
[190.711s] -- Installing: /home/suwi/ros2_4dof_arm/install/pilz_industrial_motion_planner/include/pilz_industrial_motion_planner/trajectory_generator.h
[190.712s] -- Installing: /home/suwi/ros2_4dof_arm/install/pilz_industrial_motion_planner/include/pilz_industrial_motion_planner/planning_context_loader_lin.h
[190.713s] -- Installing: /home/suwi/ros2_4dof_arm/install/pilz_industrial_motion_planner/include/pilz_industrial_motion_planner/planning_context_ptp.h
[190.714s] -- Installing: /home/suwi/ros2_4dof_arm/install/pilz_industrial_motion_planner/include/pilz_industrial_motion_planner/cartesian_limit.h
[190.715s] -- Installing: /home/suwi/ros2_4dof_arm/install/pilz_industrial_motion_planner/include/pilz_industrial_motion_planner/trajectory_blend_response.h
[190.715s] -- Installing: /home/suwi/ros2_4dof_arm/install/pilz_industrial_motion_planner/include/pilz_industrial_motion_planner/plan_components_builder.h
[190.717s] -- Installing: /home/suwi/ros2_4dof_arm/install/pilz_industrial_motion_planner/include/pilz_industrial_motion_planner/planning_context_circ.h
[190.717s] -- Installing: /home/suwi/ros2_4dof_arm/install/pilz_industrial_motion_planner/include/pilz_industrial_motion_planner/joint_limits_validator.h
[190.719s] -- Installing: /home/suwi/ros2_4dof_arm/install/pilz_industrial_motion_planner/include/pilz_industrial_motion_planner/planning_context_base.h
[190.720s] -- Installing: /home/suwi/ros2_4dof_arm/install/pilz_industrial_motion_planner/include/pilz_industrial_motion_planner/planning_exceptions.h
[190.721s] -- Installing: /home/suwi/ros2_4dof_arm/install/pilz_industrial_motion_planner/include/pilz_industrial_motion_planner/command_list_manager.h
[190.721s] -- Installing: /home/suwi/ros2_4dof_arm/install/pilz_industrial_motion_planner/include/pilz_industrial_motion_planner/path_circle_generator.h
[190.722s] -- Installing: /home/suwi/ros2_4dof_arm/install/pilz_industrial_motion_planner/include/pilz_industrial_motion_planner/trajectory_blend_request.h
[190.723s] -- Installing: /home/suwi/ros2_4dof_arm/install/pilz_industrial_motion_planner/include/pilz_industrial_motion_planner/trajectory_blender_transition_window.h
[190.724s] -- Installing: /home/suwi/ros2_4dof_arm/install/pilz_industrial_motion_planner/include/pilz_industrial_motion_planner/capability_names.h
[190.725s] -- Installing: /home/suwi/ros2_4dof_arm/install/pilz_industrial_motion_planner/include/pilz_industrial_motion_planner/trajectory_blender.h
[190.726s] -- Installing: /home/suwi/ros2_4dof_arm/install/pilz_industrial_motion_planner/include/pilz_industrial_motion_planner/cartesian_limits_aggregator.h
[190.727s] -- Installing: /home/suwi/ros2_4dof_arm/install/pilz_industrial_motion_planner/include/pilz_industrial_motion_planner/tip_frame_getter.h
[190.728s] -- Installing: /home/suwi/ros2_4dof_arm/install/pilz_industrial_motion_planner/include/pilz_industrial_motion_planner/joint_limits_container.h
[190.729s] -- Installing: /home/suwi/ros2_4dof_arm/install/pilz_industrial_motion_planner/include/pilz_industrial_motion_planner/move_group_sequence_action.h
[190.730s] -- Installing: /home/suwi/ros2_4dof_arm/install/pilz_industrial_motion_planner/include/pilz_industrial_motion_planner/trajectory_generator_lin.h
[190.731s] -- Installing: /home/suwi/ros2_4dof_arm/install/pilz_industrial_motion_planner/include/pilz_industrial_motion_planner/joint_limits_aggregator.h
[190.732s] -- Installing: /home/suwi/ros2_4dof_arm/install/pilz_industrial_motion_planner/include/pilz_industrial_motion_planner/planning_context_loader.h
[190.733s] -- Installing: /home/suwi/ros2_4dof_arm/install/pilz_industrial_motion_planner/include/pilz_industrial_motion_planner/planning_context_loader_ptp.h
[190.733s] -- Installing: /home/suwi/ros2_4dof_arm/install/pilz_industrial_motion_planner/include/pilz_industrial_motion_planner/cartesian_trajectory_point.h
[190.734s] -- Installing: /home/suwi/ros2_4dof_arm/install/pilz_industrial_motion_planner/include/pilz_industrial_motion_planner/pilz_industrial_motion_planner.h
[190.735s] -- Installing: /home/suwi/ros2_4dof_arm/install/pilz_industrial_motion_planner/include/pilz_industrial_motion_planner/planning_context_lin.h
[190.736s] -- Installing: /home/suwi/ros2_4dof_arm/install/pilz_industrial_motion_planner/include/pilz_industrial_motion_planner/joint_limits_extension.h
[190.737s] -- Installing: /home/suwi/ros2_4dof_arm/install/pilz_industrial_motion_planner/share/pilz_industrial_motion_planner/environment/library_path.sh
[190.738s] -- Installing: /home/suwi/ros2_4dof_arm/install/pilz_industrial_motion_planner/share/pilz_industrial_motion_planner/environment/library_path.dsv
[190.741s] -- Installing: /home/suwi/ros2_4dof_arm/install/pilz_industrial_motion_planner/lib/pilz_industrial_motion_planner/unittest_pilz_industrial_motion_planner_direct
[190.755s] -- Set runtime path of "/home/suwi/ros2_4dof_arm/install/pilz_industrial_motion_planner/lib/pilz_industrial_motion_planner/unittest_pilz_industrial_motion_planner_direct" to ""
[190.755s] -- Installing: /home/suwi/ros2_4dof_arm/install/pilz_industrial_motion_planner/lib/pilz_industrial_motion_planner/unittest_velocity_profile_atrap
[190.766s] -- Set runtime path of "/home/suwi/ros2_4dof_arm/install/pilz_industrial_motion_planner/lib/pilz_industrial_motion_planner/unittest_velocity_profile_atrap" to ""
[190.767s] -- Installing: /home/suwi/ros2_4dof_arm/install/pilz_industrial_motion_planner/lib/pilz_industrial_motion_planner/unittest_trajectory_generator
[190.777s] -- Set runtime path of "/home/suwi/ros2_4dof_arm/install/pilz_industrial_motion_planner/lib/pilz_industrial_motion_planner/unittest_trajectory_generator" to ""
[190.777s] -- Installing: /home/suwi/ros2_4dof_arm/install/pilz_industrial_motion_planner/lib/pilz_industrial_motion_planner/unittest_trajectory_functions
[190.791s] -- Set runtime path of "/home/suwi/ros2_4dof_arm/install/pilz_industrial_motion_planner/lib/pilz_industrial_motion_planner/unittest_trajectory_functions" to ""
[190.791s] -- Installing: /home/suwi/ros2_4dof_arm/install/pilz_industrial_motion_planner/lib/pilz_industrial_motion_planner/unittest_trajectory_blender_transition_window
[190.805s] -- Set runtime path of "/home/suwi/ros2_4dof_arm/install/pilz_industrial_motion_planner/lib/pilz_industrial_motion_planner/unittest_trajectory_blender_transition_window" to ""
[190.805s] -- Installing: /home/suwi/ros2_4dof_arm/install/pilz_industrial_motion_planner/lib/pilz_industrial_motion_planner/unittest_trajectory_generator_common
[190.823s] -- Set runtime path of "/home/suwi/ros2_4dof_arm/install/pilz_industrial_motion_planner/lib/pilz_industrial_motion_planner/unittest_trajectory_generator_common" to ""
[190.823s] -- Installing: /home/suwi/ros2_4dof_arm/install/pilz_industrial_motion_planner/lib/pilz_industrial_motion_planner/unittest_trajectory_generator_circ
[190.838s] -- Set runtime path of "/home/suwi/ros2_4dof_arm/install/pilz_industrial_motion_planner/lib/pilz_industrial_motion_planner/unittest_trajectory_generator_circ" to ""
[190.838s] -- Installing: /home/suwi/ros2_4dof_arm/install/pilz_industrial_motion_planner/lib/pilz_industrial_motion_planner/unittest_trajectory_generator_lin
[190.851s] -- Set runtime path of "/home/suwi/ros2_4dof_arm/install/pilz_industrial_motion_planner/lib/pilz_industrial_motion_planner/unittest_trajectory_generator_lin" to ""
[190.851s] -- Installing: /home/suwi/ros2_4dof_arm/install/pilz_industrial_motion_planner/lib/pilz_industrial_motion_planner/unittest_trajectory_generator_ptp
[190.865s] -- Set runtime path of "/home/suwi/ros2_4dof_arm/install/pilz_industrial_motion_planner/lib/pilz_industrial_motion_planner/unittest_trajectory_generator_ptp" to ""
[190.866s] -- Installing: /home/suwi/ros2_4dof_arm/install/pilz_industrial_motion_planner/lib/pilz_industrial_motion_planner/unittest_pilz_industrial_motion_planner
[190.881s] -- Set runtime path of "/home/suwi/ros2_4dof_arm/install/pilz_industrial_motion_planner/lib/pilz_industrial_motion_planner/unittest_pilz_industrial_motion_planner" to ""
[190.881s] -- Installing: /home/suwi/ros2_4dof_arm/install/pilz_industrial_motion_planner/lib/pilz_industrial_motion_planner/unittest_joint_limit
[190.891s] -- Set runtime path of "/home/suwi/ros2_4dof_arm/install/pilz_industrial_motion_planner/lib/pilz_industrial_motion_planner/unittest_joint_limit" to ""
[190.891s] -- Installing: /home/suwi/ros2_4dof_arm/install/pilz_industrial_motion_planner/lib/pilz_industrial_motion_planner/unittest_joint_limits_aggregator
[190.900s] -- Set runtime path of "/home/suwi/ros2_4dof_arm/install/pilz_industrial_motion_planner/lib/pilz_industrial_motion_planner/unittest_joint_limits_aggregator" to ""
[190.901s] -- Installing: /home/suwi/ros2_4dof_arm/install/pilz_industrial_motion_planner/lib/pilz_industrial_motion_planner/unittest_joint_limits_container
[190.910s] -- Set runtime path of "/home/suwi/ros2_4dof_arm/install/pilz_industrial_motion_planner/lib/pilz_industrial_motion_planner/unittest_joint_limits_container" to ""
[190.910s] -- Installing: /home/suwi/ros2_4dof_arm/install/pilz_industrial_motion_planner/lib/pilz_industrial_motion_planner/unittest_joint_limits_validator
[190.920s] -- Set runtime path of "/home/suwi/ros2_4dof_arm/install/pilz_industrial_motion_planner/lib/pilz_industrial_motion_planner/unittest_joint_limits_validator" to ""
[190.921s] -- Installing: /home/suwi/ros2_4dof_arm/install/pilz_industrial_motion_planner/lib/pilz_industrial_motion_planner/unittest_cartesian_limits_aggregator
[190.930s] -- Set runtime path of "/home/suwi/ros2_4dof_arm/install/pilz_industrial_motion_planner/lib/pilz_industrial_motion_planner/unittest_cartesian_limits_aggregator" to ""
[190.930s] -- Installing: /home/suwi/ros2_4dof_arm/install/pilz_industrial_motion_planner/lib/pilz_industrial_motion_planner/unittest_planning_context_loaders
[190.945s] -- Set runtime path of "/home/suwi/ros2_4dof_arm/install/pilz_industrial_motion_planner/lib/pilz_industrial_motion_planner/unittest_planning_context_loaders" to ""
[190.945s] -- Installing: /home/suwi/ros2_4dof_arm/install/pilz_industrial_motion_planner/lib/pilz_industrial_motion_planner/unittest_planning_context
[190.961s] -- Set runtime path of "/home/suwi/ros2_4dof_arm/install/pilz_industrial_motion_planner/lib/pilz_industrial_motion_planner/unittest_planning_context" to ""
[190.961s] -- Installing: /home/suwi/ros2_4dof_arm/install/pilz_industrial_motion_planner/lib/pilz_industrial_motion_planner/unittest_get_solver_tip_frame
[190.973s] -- Set runtime path of "/home/suwi/ros2_4dof_arm/install/pilz_industrial_motion_planner/lib/pilz_industrial_motion_planner/unittest_get_solver_tip_frame" to ""
[190.973s] -- Installing: /home/suwi/ros2_4dof_arm/install/pilz_industrial_motion_planner/share/pilz_industrial_motion_planner/config
[190.974s] -- Installing: /home/suwi/ros2_4dof_arm/install/pilz_industrial_motion_planner/share/pilz_industrial_motion_planner/config/unittest_trajectory_blender_transition_window.yaml
[190.975s] -- Installing: /home/suwi/ros2_4dof_arm/install/pilz_industrial_motion_planner/share/pilz_industrial_motion_planner/config/unittest_joint_limits_aggregator.yaml
[190.976s] -- Installing: /home/suwi/ros2_4dof_arm/install/pilz_industrial_motion_planner/share/pilz_industrial_motion_planner/config/unittest_trajectory_functions.yaml
[190.978s] -- Installing: /home/suwi/ros2_4dof_arm/install/pilz_industrial_motion_planner/share/pilz_industrial_motion_planner/config/unittest_trajectory_generator_common.yaml
[190.980s] -- Installing: /home/suwi/ros2_4dof_arm/install/pilz_industrial_motion_planner/share/pilz_industrial_motion_planner/config/unittest_trajectory_generator_lin.yaml
[190.981s] -- Installing: /home/suwi/ros2_4dof_arm/install/pilz_industrial_motion_planner/share/pilz_industrial_motion_planner/config/unittest_trajectory_generator_circ.yaml
[190.983s] -- Installing: /home/suwi/ros2_4dof_arm/install/pilz_industrial_motion_planner/share/pilz_industrial_motion_planner/config/unittest_cartesian_limits_aggregator.yaml
[190.984s] -- Installing: /home/suwi/ros2_4dof_arm/install/pilz_industrial_motion_planner/share/pilz_industrial_motion_planner/config/unittest_joint_limit_config.yaml
[190.987s] -- Installing: /home/suwi/ros2_4dof_arm/install/pilz_industrial_motion_planner/share/pilz_industrial_motion_planner/config/unittest_trajectory_generator_ptp.yaml
[190.988s] -- Installing: /home/suwi/ros2_4dof_arm/install/pilz_industrial_motion_planner/share/pilz_industrial_motion_planner/launch
[190.988s] -- Installing: /home/suwi/ros2_4dof_arm/install/pilz_industrial_motion_planner/share/pilz_industrial_motion_planner/launch/unittest_planning_context.test.py
[190.990s] -- Installing: /home/suwi/ros2_4dof_arm/install/pilz_industrial_motion_planner/share/pilz_industrial_motion_planner/launch/unittest_trajectory_generator_common.test.py
[190.992s] -- Installing: /home/suwi/ros2_4dof_arm/install/pilz_industrial_motion_planner/share/pilz_industrial_motion_planner/launch/unittest_trajectory_blender_transition_window.test.py
[190.993s] -- Installing: /home/suwi/ros2_4dof_arm/install/pilz_industrial_motion_planner/share/pilz_industrial_motion_planner/launch/unittest_planning_context_loaders.test.py
[190.995s] -- Installing: /home/suwi/ros2_4dof_arm/install/pilz_industrial_motion_planner/share/pilz_industrial_motion_planner/launch/common_parameters.py
[190.996s] -- Installing: /home/suwi/ros2_4dof_arm/install/pilz_industrial_motion_planner/share/pilz_industrial_motion_planner/launch/unittest_joint_limits_aggregator.test.py
[190.997s] -- Installing: /home/suwi/ros2_4dof_arm/install/pilz_industrial_motion_planner/share/pilz_industrial_motion_planner/launch/unittest_cartesian_limits_aggregator.test.py
[190.999s] -- Installing: /home/suwi/ros2_4dof_arm/install/pilz_industrial_motion_planner/share/pilz_industrial_motion_planner/launch/unittest_trajectory_generator_ptp.test.py
[191.000s] -- Installing: /home/suwi/ros2_4dof_arm/install/pilz_industrial_motion_planner/share/pilz_industrial_motion_planner/launch/unittest_joint_limit.test.py
[191.002s] -- Installing: /home/suwi/ros2_4dof_arm/install/pilz_industrial_motion_planner/share/pilz_industrial_motion_planner/launch/unittest_trajectory_functions.test.py
[191.004s] -- Installing: /home/suwi/ros2_4dof_arm/install/pilz_industrial_motion_planner/share/pilz_industrial_motion_planner/launch/unittest_pilz_industrial_motion_planner.test.py
[191.005s] -- Installing: /home/suwi/ros2_4dof_arm/install/pilz_industrial_motion_planner/share/pilz_industrial_motion_planner/launch/unittest_trajectory_generator_circ.test.py
[191.007s] -- Installing: /home/suwi/ros2_4dof_arm/install/pilz_industrial_motion_planner/share/pilz_industrial_motion_planner/launch/unittest_trajectory_generator_lin.test.py
[191.008s] -- Installing: /home/suwi/ros2_4dof_arm/install/pilz_industrial_motion_planner/share/pilz_industrial_motion_planner/test_data
[191.009s] -- Installing: /home/suwi/ros2_4dof_arm/install/pilz_industrial_motion_planner/share/pilz_industrial_motion_planner/test_data/testpoints.py
[191.011s] -- Installing: /home/suwi/ros2_4dof_arm/install/pilz_industrial_motion_planner/share/pilz_industrial_motion_planner/test_data/concept_testdata.odp
[191.012s] -- Installing: /home/suwi/ros2_4dof_arm/install/pilz_industrial_motion_planner/share/pilz_industrial_motion_planner/test_data/prbt
[191.013s] -- Installing: /home/suwi/ros2_4dof_arm/install/pilz_industrial_motion_planner/share/pilz_industrial_motion_planner/test_data/prbt/testdata_with_gripper.xml
[191.014s] -- Installing: /home/suwi/ros2_4dof_arm/install/pilz_industrial_motion_planner/share/pilz_industrial_motion_planner/test_data/prbt/testdata_sequence.xml
[191.016s] -- Installing: /home/suwi/ros2_4dof_arm/install/pilz_industrial_motion_planner/share/pilz_industrial_motion_planner/test_data/prbt/testdata_deprecated.xml
[191.017s] -- Installing: /home/suwi/ros2_4dof_arm/install/pilz_industrial_motion_planner/share/pilz_industrial_motion_planner/test_data/concept_testdata.png
[191.020s] -- Installing: /home/suwi/ros2_4dof_arm/install/pilz_industrial_motion_planner/share/pilz_industrial_motion_planner/test_data/frankaemika_panda
[191.021s] -- Installing: /home/suwi/ros2_4dof_arm/install/pilz_industrial_motion_planner/share/pilz_industrial_motion_planner/test_data/frankaemika_panda/testdata_sequence.xml
[191.023s] -- Installing: /home/suwi/ros2_4dof_arm/install/pilz_industrial_motion_planner/share/ament_index/resource_index/package_run_dependencies/pilz_industrial_motion_planner
[191.025s] -- Installing: /home/suwi/ros2_4dof_arm/install/pilz_industrial_motion_planner/share/ament_index/resource_index/parent_prefix_path/pilz_industrial_motion_planner
[191.026s] -- Installing: /home/suwi/ros2_4dof_arm/install/pilz_industrial_motion_planner/share/pilz_industrial_motion_planner/environment/ament_prefix_path.sh
[191.026s] -- Installing: /home/suwi/ros2_4dof_arm/install/pilz_industrial_motion_planner/share/pilz_industrial_motion_planner/environment/ament_prefix_path.dsv
[191.027s] -- Installing: /home/suwi/ros2_4dof_arm/install/pilz_industrial_motion_planner/share/pilz_industrial_motion_planner/environment/path.sh
[191.028s] -- Installing: /home/suwi/ros2_4dof_arm/install/pilz_industrial_motion_planner/share/pilz_industrial_motion_planner/environment/path.dsv
[191.029s] -- Installing: /home/suwi/ros2_4dof_arm/install/pilz_industrial_motion_planner/share/pilz_industrial_motion_planner/local_setup.bash
[191.030s] -- Installing: /home/suwi/ros2_4dof_arm/install/pilz_industrial_motion_planner/share/pilz_industrial_motion_planner/local_setup.sh
[191.031s] -- Installing: /home/suwi/ros2_4dof_arm/install/pilz_industrial_motion_planner/share/pilz_industrial_motion_planner/local_setup.zsh
[191.032s] -- Installing: /home/suwi/ros2_4dof_arm/install/pilz_industrial_motion_planner/share/pilz_industrial_motion_planner/local_setup.dsv
[191.033s] -- Installing: /home/suwi/ros2_4dof_arm/install/pilz_industrial_motion_planner/share/pilz_industrial_motion_planner/package.dsv
[191.034s] -- Installing: /home/suwi/ros2_4dof_arm/install/pilz_industrial_motion_planner/share/ament_index/resource_index/packages/pilz_industrial_motion_planner
[191.035s] -- Installing: /home/suwi/ros2_4dof_arm/install/pilz_industrial_motion_planner/share/ament_index/resource_index/moveit_core__pluginlib__plugin/pilz_industrial_motion_planner
[191.037s] -- Installing: /home/suwi/ros2_4dof_arm/install/pilz_industrial_motion_planner/share/ament_index/resource_index/moveit_ros_move_group__pluginlib__plugin/pilz_industrial_motion_planner
[191.038s] -- Installing: /home/suwi/ros2_4dof_arm/install/pilz_industrial_motion_planner/share/ament_index/resource_index/pilz_industrial_motion_planner__pluginlib__plugin/pilz_industrial_motion_planner
[191.040s] -- Installing: /home/suwi/ros2_4dof_arm/install/pilz_industrial_motion_planner/share/pilz_industrial_motion_planner/cmake/pilz_industrial_motion_plannerTargetsExport.cmake
[191.041s] -- Installing: /home/suwi/ros2_4dof_arm/install/pilz_industrial_motion_planner/share/pilz_industrial_motion_planner/cmake/pilz_industrial_motion_plannerTargetsExport-release.cmake
[191.042s] -- Installing: /home/suwi/ros2_4dof_arm/install/pilz_industrial_motion_planner/share/pilz_industrial_motion_planner/cmake/ament_cmake_export_include_directories-extras.cmake
[191.043s] -- Installing: /home/suwi/ros2_4dof_arm/install/pilz_industrial_motion_planner/share/pilz_industrial_motion_planner/cmake/ament_cmake_export_targets-extras.cmake
[191.044s] -- Installing: /home/suwi/ros2_4dof_arm/install/pilz_industrial_motion_planner/share/pilz_industrial_motion_planner/cmake/ament_cmake_export_dependencies-extras.cmake
[191.044s] -- Installing: /home/suwi/ros2_4dof_arm/install/pilz_industrial_motion_planner/share/pilz_industrial_motion_planner/cmake/pilz_industrial_motion_plannerConfig.cmake
[191.045s] -- Installing: /home/suwi/ros2_4dof_arm/install/pilz_industrial_motion_planner/share/pilz_industrial_motion_planner/cmake/pilz_industrial_motion_plannerConfig-version.cmake
[191.046s] -- Installing: /home/suwi/ros2_4dof_arm/install/pilz_industrial_motion_planner/share/pilz_industrial_motion_planner/package.xml
[191.053s] Invoked command in '/home/suwi/ros2_4dof_arm/build/pilz_industrial_motion_planner' returned '0': AMENT_PREFIX_PATH=/home/suwi/ros2_4dof_arm/install/moveit_resources_prbt_pg70_support:/home/suwi/ros2_4dof_arm/install/moveit_ros_planning_interface:/home/suwi/ros2_4dof_arm/install/moveit_resources_prbt_moveit_config:/home/suwi/ros2_4dof_arm/install/moveit_ros_move_group:/home/suwi/ros2_4dof_arm/install/moveit_ros_warehouse:/home/suwi/ros2_4dof_arm/install/moveit_planners_ompl:/home/suwi/ros2_4dof_arm/install/moveit_kinematics:/home/suwi/ros2_4dof_arm/install/moveit_ros_planning:/home/suwi/ros2_4dof_arm/install/pilz_industrial_motion_planner_testutils:/home/suwi/ros2_4dof_arm/install/moveit_simple_controller_manager:/home/suwi/ros2_4dof_arm/install/moveit_ros_occupancy_map_monitor:/home/suwi/ros2_4dof_arm/install/moveit_resources_prbt_ikfast_manipulator_plugin:/home/suwi/ros2_4dof_arm/install/moveit_core:/home/suwi/ros2_4dof_arm/install/moveit_resources_panda_moveit_config:/home/suwi/ros2_4dof_arm/install/moveit_resources_fanuc_moveit_config:/home/suwi/ros2_4dof_arm/install/moveit_resources_prbt_support:/home/suwi/ros2_4dof_arm/install/moveit_resources_pr2_description:/home/suwi/ros2_4dof_arm/install/moveit_resources_fanuc_description:/home/suwi/ros2_4dof_arm/install/moveit_msgs:/home/suwi/ros2_4dof_arm/install/moveit_configs_utils:${AMENT_PREFIX_PATH} CMAKE_PREFIX_PATH=/home/suwi/ros2_4dof_arm/install/moveit_resources_prbt_pg70_support:/home/suwi/ros2_4dof_arm/install/moveit_ros_planning_interface:/home/suwi/ros2_4dof_arm/install/moveit_resources_prbt_moveit_config:/home/suwi/ros2_4dof_arm/install/moveit_ros_move_group:/home/suwi/ros2_4dof_arm/install/moveit_ros_warehouse:/home/suwi/ros2_4dof_arm/install/moveit_planners_ompl:/home/suwi/ros2_4dof_arm/install/moveit_kinematics:/home/suwi/ros2_4dof_arm/install/moveit_ros_planning:/home/suwi/ros2_4dof_arm/install/pilz_industrial_motion_planner_testutils:/home/suwi/ros2_4dof_arm/install/moveit_simple_controller_manager:/home/suwi/ros2_4dof_arm/install/moveit_ros_occupancy_map_monitor:/home/suwi/ros2_4dof_arm/install/moveit_resources_prbt_ikfast_manipulator_plugin:/home/suwi/ros2_4dof_arm/install/moveit_core:/home/suwi/ros2_4dof_arm/install/moveit_resources_panda_moveit_config:/home/suwi/ros2_4dof_arm/install/moveit_resources_fanuc_moveit_config:/home/suwi/ros2_4dof_arm/install/moveit_resources_prbt_support:/home/suwi/ros2_4dof_arm/install/moveit_resources_pr2_description:/home/suwi/ros2_4dof_arm/install/moveit_resources_panda_description:/home/suwi/ros2_4dof_arm/install/moveit_resources_fanuc_description:/home/suwi/ros2_4dof_arm/install/moveit_msgs:/home/suwi/ros2_4dof_arm/install/moveit_common:/home/suwi/ros2_4dof_arm/src/four_dof_arm/install/four_dof_arm:/home/suwi/ros2_4dof_arm/install/four_dof_arm:/opt/ros/humble:/opt/ros/humble:/home/suwi/ros2_ws_prac/install/my_robot_control:/path/to/object_recognition_msgs/install:/home/suwi/ros2_ws_prac/install/pub_sub LD_LIBRARY_PATH=/home/suwi/ros2_4dof_arm/install/moveit_ros_planning_interface/lib:/home/suwi/ros2_4dof_arm/install/moveit_ros_move_group/lib:/home/suwi/ros2_4dof_arm/install/moveit_ros_warehouse/lib:/home/suwi/ros2_4dof_arm/install/moveit_planners_ompl/lib:/home/suwi/ros2_4dof_arm/install/moveit_kinematics/lib:/home/suwi/ros2_4dof_arm/install/moveit_ros_planning/lib:/home/suwi/ros2_4dof_arm/install/pilz_industrial_motion_planner_testutils/lib:/home/suwi/ros2_4dof_arm/install/moveit_simple_controller_manager/lib:/home/suwi/ros2_4dof_arm/install/moveit_ros_occupancy_map_monitor/lib:/home/suwi/ros2_4dof_arm/install/moveit_resources_prbt_ikfast_manipulator_plugin/lib:/home/suwi/ros2_4dof_arm/install/moveit_core/lib:/home/suwi/ros2_4dof_arm/install/moveit_msgs/lib:${LD_LIBRARY_PATH} PATH=/home/suwi/ros2_4dof_arm/install/moveit_core/bin:${PATH} PYTHONPATH=/home/suwi/ros2_4dof_arm/install/moveit_msgs/local/lib/python3.10/dist-packages:/home/suwi/ros2_4dof_arm/install/moveit_configs_utils/lib/python3.10/site-packages:${PYTHONPATH} /usr/bin/cmake --install /home/suwi/ros2_4dof_arm/build/pilz_industrial_motion_planner
