[1.666s] Invoking command in '/home/suwi/ros2_4dof_arm/build/moveit_configs_utils': PYTHONPATH=/home/suwi/ros2_4dof_arm/build/moveit_configs_utils/prefix_override:/usr/lib/python3/dist-packages/colcon_core/task/python/colcon_distutils_commands:/home/suwi/ros2_4dof_arm/install/moveit_configs_utils/lib/python3.10/site-packages:${PYTHONPATH} /usr/bin/python3 -W ignore:setup.py install is deprecated -W ignore:easy_install command is deprecated setup.py develop --uninstall --editable --build-directory /home/suwi/ros2_4dof_arm/build/moveit_configs_utils/build
[2.389s] running develop
[2.879s] Removing /home/suwi/ros2_4dof_arm/install/moveit_configs_utils/lib/python3.10/site-packages/moveit-configs-utils.egg-link (link to .)
[2.935s] Invoked command in '/home/suwi/ros2_4dof_arm/build/moveit_configs_utils' returned '0': PYTHONPATH=/home/suwi/ros2_4dof_arm/build/moveit_configs_utils/prefix_override:/usr/lib/python3/dist-packages/colcon_core/task/python/colcon_distutils_commands:/home/suwi/ros2_4dof_arm/install/moveit_configs_utils/lib/python3.10/site-packages:${PYTHONPATH} /usr/bin/python3 -W ignore:setup.py install is deprecated -W ignore:easy_install command is deprecated setup.py develop --uninstall --editable --build-directory /home/suwi/ros2_4dof_arm/build/moveit_configs_utils/build
[2.941s] Invoking command in '/home/suwi/ros2_4dof_arm/src/moveit2/moveit_configs_utils': PYTHONPATH=/home/suwi/ros2_4dof_arm/build/moveit_configs_utils/prefix_override:/usr/lib/python3/dist-packages/colcon_core/task/python/colcon_distutils_commands:/home/suwi/ros2_4dof_arm/install/moveit_configs_utils/lib/python3.10/site-packages:${PYTHONPATH} /usr/bin/python3 -W ignore:setup.py install is deprecated -W ignore:easy_install command is deprecated setup.py egg_info --egg-base ../../../build/moveit_configs_utils build --build-base /home/suwi/ros2_4dof_arm/build/moveit_configs_utils/build install --record /home/suwi/ros2_4dof_arm/build/moveit_configs_utils/install.log --single-version-externally-managed install_data --force
[3.632s] running egg_info
[3.633s] writing ../../../build/moveit_configs_utils/moveit_configs_utils.egg-info/PKG-INFO
[3.634s] writing dependency_links to ../../../build/moveit_configs_utils/moveit_configs_utils.egg-info/dependency_links.txt
[3.635s] writing entry points to ../../../build/moveit_configs_utils/moveit_configs_utils.egg-info/entry_points.txt
[3.635s] writing requirements to ../../../build/moveit_configs_utils/moveit_configs_utils.egg-info/requires.txt
[3.636s] writing top-level names to ../../../build/moveit_configs_utils/moveit_configs_utils.egg-info/top_level.txt
[3.640s] reading manifest file '../../../build/moveit_configs_utils/moveit_configs_utils.egg-info/SOURCES.txt'
[3.642s] writing manifest file '../../../build/moveit_configs_utils/moveit_configs_utils.egg-info/SOURCES.txt'
[3.643s] running build
[3.643s] running build_py
[3.644s] creating /home/suwi/ros2_4dof_arm/build/moveit_configs_utils/build
[3.644s] creating /home/suwi/ros2_4dof_arm/build/moveit_configs_utils/build/lib
[3.645s] creating /home/suwi/ros2_4dof_arm/build/moveit_configs_utils/build/lib/moveit_configs_utils
[3.645s] copying moveit_configs_utils/moveit_configs_builder.py -> /home/suwi/ros2_4dof_arm/build/moveit_configs_utils/build/lib/moveit_configs_utils
[3.646s] copying moveit_configs_utils/launch_utils.py -> /home/suwi/ros2_4dof_arm/build/moveit_configs_utils/build/lib/moveit_configs_utils
[3.646s] copying moveit_configs_utils/launches.py -> /home/suwi/ros2_4dof_arm/build/moveit_configs_utils/build/lib/moveit_configs_utils
[3.647s] copying moveit_configs_utils/__init__.py -> /home/suwi/ros2_4dof_arm/build/moveit_configs_utils/build/lib/moveit_configs_utils
[3.647s] creating /home/suwi/ros2_4dof_arm/build/moveit_configs_utils/build/lib/moveit_configs_utils/substitutions
[3.647s] copying moveit_configs_utils/substitutions/__init__.py -> /home/suwi/ros2_4dof_arm/build/moveit_configs_utils/build/lib/moveit_configs_utils/substitutions
[3.648s] copying moveit_configs_utils/substitutions/xacro.py -> /home/suwi/ros2_4dof_arm/build/moveit_configs_utils/build/lib/moveit_configs_utils/substitutions
[3.648s] running install
[3.649s] running install_lib
[3.651s] creating /home/suwi/ros2_4dof_arm/install/moveit_configs_utils/lib/python3.10/site-packages/moveit_configs_utils
[3.651s] copying /home/suwi/ros2_4dof_arm/build/moveit_configs_utils/build/lib/moveit_configs_utils/moveit_configs_builder.py -> /home/suwi/ros2_4dof_arm/install/moveit_configs_utils/lib/python3.10/site-packages/moveit_configs_utils
[3.652s] creating /home/suwi/ros2_4dof_arm/install/moveit_configs_utils/lib/python3.10/site-packages/moveit_configs_utils/substitutions
[3.652s] copying /home/suwi/ros2_4dof_arm/build/moveit_configs_utils/build/lib/moveit_configs_utils/substitutions/__init__.py -> /home/suwi/ros2_4dof_arm/install/moveit_configs_utils/lib/python3.10/site-packages/moveit_configs_utils/substitutions
[3.652s] copying /home/suwi/ros2_4dof_arm/build/moveit_configs_utils/build/lib/moveit_configs_utils/substitutions/xacro.py -> /home/suwi/ros2_4dof_arm/install/moveit_configs_utils/lib/python3.10/site-packages/moveit_configs_utils/substitutions
[3.653s] copying /home/suwi/ros2_4dof_arm/build/moveit_configs_utils/build/lib/moveit_configs_utils/launch_utils.py -> /home/suwi/ros2_4dof_arm/install/moveit_configs_utils/lib/python3.10/site-packages/moveit_configs_utils
[3.654s] copying /home/suwi/ros2_4dof_arm/build/moveit_configs_utils/build/lib/moveit_configs_utils/launches.py -> /home/suwi/ros2_4dof_arm/install/moveit_configs_utils/lib/python3.10/site-packages/moveit_configs_utils
[3.654s] copying /home/suwi/ros2_4dof_arm/build/moveit_configs_utils/build/lib/moveit_configs_utils/__init__.py -> /home/suwi/ros2_4dof_arm/install/moveit_configs_utils/lib/python3.10/site-packages/moveit_configs_utils
[3.656s] byte-compiling /home/suwi/ros2_4dof_arm/install/moveit_configs_utils/lib/python3.10/site-packages/moveit_configs_utils/moveit_configs_builder.py to moveit_configs_builder.cpython-310.pyc
[3.663s] byte-compiling /home/suwi/ros2_4dof_arm/install/moveit_configs_utils/lib/python3.10/site-packages/moveit_configs_utils/substitutions/__init__.py to __init__.cpython-310.pyc
[3.664s] byte-compiling /home/suwi/ros2_4dof_arm/install/moveit_configs_utils/lib/python3.10/site-packages/moveit_configs_utils/substitutions/xacro.py to xacro.cpython-310.pyc
[3.665s] byte-compiling /home/suwi/ros2_4dof_arm/install/moveit_configs_utils/lib/python3.10/site-packages/moveit_configs_utils/launch_utils.py to launch_utils.cpython-310.pyc
[3.665s] byte-compiling /home/suwi/ros2_4dof_arm/install/moveit_configs_utils/lib/python3.10/site-packages/moveit_configs_utils/launches.py to launches.cpython-310.pyc
[3.667s] byte-compiling /home/suwi/ros2_4dof_arm/install/moveit_configs_utils/lib/python3.10/site-packages/moveit_configs_utils/__init__.py to __init__.cpython-310.pyc
[3.668s] running install_data
[3.668s] copying resource/moveit_configs_utils -> /home/suwi/ros2_4dof_arm/install/moveit_configs_utils/share/ament_index/resource_index/packages
[3.669s] copying package.xml -> /home/suwi/ros2_4dof_arm/install/moveit_configs_utils/share/moveit_configs_utils
[3.671s] copying default_configs/chomp_planning.yaml -> /home/suwi/ros2_4dof_arm/install/moveit_configs_utils/share/moveit_configs_utils/default_configs
[3.671s] copying default_configs/ompl_defaults.yaml -> /home/suwi/ros2_4dof_arm/install/moveit_configs_utils/share/moveit_configs_utils/default_configs
[3.671s] copying default_configs/ompl_planning.yaml -> /home/suwi/ros2_4dof_arm/install/moveit_configs_utils/share/moveit_configs_utils/default_configs
[3.671s] copying default_configs/pilz_industrial_motion_planner_planning.yaml -> /home/suwi/ros2_4dof_arm/install/moveit_configs_utils/share/moveit_configs_utils/default_configs
[3.672s] running install_egg_info
[3.675s] Copying ../../../build/moveit_configs_utils/moveit_configs_utils.egg-info to /home/suwi/ros2_4dof_arm/install/moveit_configs_utils/lib/python3.10/site-packages/moveit_configs_utils-2.5.8-py3.10.egg-info
[3.679s] running install_scripts
[3.720s] writing list of installed files to '/home/suwi/ros2_4dof_arm/build/moveit_configs_utils/install.log'
[3.754s] Invoked command in '/home/suwi/ros2_4dof_arm/src/moveit2/moveit_configs_utils' returned '0': PYTHONPATH=/home/suwi/ros2_4dof_arm/build/moveit_configs_utils/prefix_override:/usr/lib/python3/dist-packages/colcon_core/task/python/colcon_distutils_commands:/home/suwi/ros2_4dof_arm/install/moveit_configs_utils/lib/python3.10/site-packages:${PYTHONPATH} /usr/bin/python3 -W ignore:setup.py install is deprecated -W ignore:easy_install command is deprecated setup.py egg_info --egg-base ../../../build/moveit_configs_utils build --build-base /home/suwi/ros2_4dof_arm/build/moveit_configs_utils/build install --record /home/suwi/ros2_4dof_arm/build/moveit_configs_utils/install.log --single-version-externally-managed install_data --force
