[0.133s] Invoking command in '/home/suwi/ros2_4dof_arm/build/moveit_planners_ompl': AMENT_PREFIX_PATH=/home/suwi/ros2_4dof_arm/install/moveit_ros_planning:/home/suwi/ros2_4dof_arm/install/moveit_ros_occupancy_map_monitor:/home/suwi/ros2_4dof_arm/install/moveit_core:/home/suwi/ros2_4dof_arm/install/moveit_resources_panda_moveit_config:/home/suwi/ros2_4dof_arm/install/moveit_resources_fanuc_moveit_config:/home/suwi/ros2_4dof_arm/install/moveit_resources_pr2_description:/home/suwi/ros2_4dof_arm/install/moveit_resources_fanuc_description:/home/suwi/ros2_4dof_arm/install/moveit_msgs:/home/suwi/ros2_4dof_arm/install/moveit_configs_utils:${AMENT_PREFIX_PATH} CMAKE_PREFIX_PATH=/home/suwi/ros2_4dof_arm/install/moveit_ros_planning:/home/suwi/ros2_4dof_arm/install/moveit_ros_occupancy_map_monitor:/home/suwi/ros2_4dof_arm/install/moveit_core:/home/suwi/ros2_4dof_arm/install/moveit_resources_panda_moveit_config:/home/suwi/ros2_4dof_arm/install/moveit_resources_fanuc_moveit_config:/home/suwi/ros2_4dof_arm/install/moveit_resources_pr2_description:/home/suwi/ros2_4dof_arm/install/moveit_resources_panda_description:/home/suwi/ros2_4dof_arm/install/moveit_resources_fanuc_description:/home/suwi/ros2_4dof_arm/install/moveit_msgs:/home/suwi/ros2_4dof_arm/install/moveit_common:/home/suwi/ros2_4dof_arm/src/four_dof_arm/install/four_dof_arm:/home/suwi/ros2_4dof_arm/install/four_dof_arm:/opt/ros/humble:/opt/ros/humble:/home/suwi/ros2_ws_prac/install/my_robot_control:/path/to/object_recognition_msgs/install:/home/suwi/ros2_ws_prac/install/pub_sub LD_LIBRARY_PATH=/home/suwi/ros2_4dof_arm/install/moveit_ros_planning/lib:/home/suwi/ros2_4dof_arm/install/moveit_ros_occupancy_map_monitor/lib:/home/suwi/ros2_4dof_arm/install/moveit_core/lib:/home/suwi/ros2_4dof_arm/install/moveit_msgs/lib:${LD_LIBRARY_PATH} PATH=/home/suwi/ros2_4dof_arm/install/moveit_core/bin:${PATH} PYTHONPATH=/home/suwi/ros2_4dof_arm/install/moveit_msgs/local/lib/python3.10/dist-packages:/home/suwi/ros2_4dof_arm/install/moveit_configs_utils/lib/python3.10/site-packages:${PYTHONPATH} /usr/bin/cmake /home/suwi/ros2_4dof_arm/src/moveit2/moveit_planners/ompl -DCMAKE_INSTALL_PREFIX=/home/suwi/ros2_4dof_arm/install/moveit_planners_ompl
[0.368s] -- The C compiler identification is GNU 11.4.0
[0.599s] -- The CXX compiler identification is GNU 11.4.0
[0.629s] -- Detecting C compiler ABI info
[0.962s] -- Detecting C compiler ABI info - done
[0.971s] -- Check for working C compiler: /usr/bin/cc - skipped
[0.971s] -- Detecting C compile features
[0.972s] -- Detecting C compile features - done
[0.982s] -- Detecting CXX compiler ABI info
[1.363s] -- Detecting CXX compiler ABI info - done
[1.374s] -- Check for working CXX compiler: /usr/bin/c++ - skipped
[1.375s] -- Detecting CXX compile features
[1.376s] -- Detecting CXX compile features - done
[1.393s] -- Found moveit_common: 2.5.8 (/home/suwi/ros2_4dof_arm/install/moveit_common/share/moveit_common/cmake)
[1.413s] -- Found ament_cmake: 1.3.11 (/opt/ros/humble/share/ament_cmake/cmake)
[1.876s] -- Found Python3: /usr/bin/python3 (found version "3.10.12") found components: Interpreter 
[2.445s] [0mmoveit_planners_ompl: You did not request a specific build type: Choosing 'Release' for maximum performance[0m
[3.464s] -- Found Boost: /usr/lib/x86_64-linux-gnu/cmake/Boost-1.74.0/BoostConfig.cmake (found version "1.74.0") found components: system filesystem date_time thread serialization 
[3.471s] -- Found moveit_core: 2.5.8 (/home/suwi/ros2_4dof_arm/install/moveit_core/share/moveit_core/cmake)
[3.564s] -- Found Boost: /usr/lib/x86_64-linux-gnu/cmake/Boost-1.74.0/BoostConfig.cmake (found version "1.74.0") found components: chrono date_time filesystem iostreams program_options regex serialization system thread 
[3.840s] -- Found parameter_traits: 0.4.0 (/opt/ros/humble/share/parameter_traits/cmake)
[4.093s] -- Found rosidl_generator_c: 3.1.6 (/opt/ros/humble/share/rosidl_generator_c/cmake)
[4.133s] -- Found rosidl_adapter: 3.1.6 (/opt/ros/humble/share/rosidl_adapter/cmake)
[4.183s] -- Found rosidl_generator_cpp: 3.1.6 (/opt/ros/humble/share/rosidl_generator_cpp/cmake)
[4.246s] -- Using all available rosidl_typesupport_c: rosidl_typesupport_fastrtps_c;rosidl_typesupport_introspection_c
[4.330s] -- Using all available rosidl_typesupport_cpp: rosidl_typesupport_fastrtps_cpp;rosidl_typesupport_introspection_cpp
[4.566s] -- Found rmw_implementation_cmake: 6.1.2 (/opt/ros/humble/share/rmw_implementation_cmake/cmake)
[4.586s] -- Found rmw_fastrtps_cpp: 6.2.7 (/opt/ros/humble/share/rmw_fastrtps_cpp/cmake)
[5.043s] -- Found OpenSSL: /usr/lib/x86_64-linux-gnu/libcrypto.so (found version "3.0.2")  
[5.127s] -- Found FastRTPS: /opt/ros/humble/include  
[5.277s] -- Using RMW implementation 'rmw_fastrtps_cpp' as default
[5.343s] -- Found Threads: TRUE  
[5.534s] -- Found Eigen3: TRUE (found version "3.4.0") 
[5.554s] -- Found rclcpp_lifecycle: 16.0.12 (/opt/ros/humble/share/rclcpp_lifecycle/cmake)
[5.645s] -- Found Boost: /usr/lib/x86_64-linux-gnu/cmake/Boost-1.74.0/BoostConfig.cmake (found version "1.74.0") found components: filesystem 
[6.152s] -- library: /usr/lib/x86_64-linux-gnu/libcurl.so
[6.390s] -- Ensuring Eigen3 include directory is part of orocos-kdl CMake target
[7.204s] -- Found moveit_ros_planning: 2.5.8 (/home/suwi/ros2_4dof_arm/install/moveit_ros_planning/share/moveit_ros_planning/cmake)
[7.215s] -- Found Boost: /usr/lib/x86_64-linux-gnu/cmake/Boost-1.74.0/BoostConfig.cmake (found version "1.74.0") found components: system filesystem date_time program_options thread chrono 
[7.284s] -- Found ompl: /opt/ros/humble/include/ompl-1.6;/usr/include;/usr/include/eigen3  
[8.613s] -- Found OpenMP_C: -fopenmp (found version "4.5") 
[9.067s] -- Found OpenMP_CXX: -fopenmp (found version "4.5") 
[9.068s] -- Found OpenMP: TRUE (found version "4.5")  
[9.117s] -- Found ament_cmake_gtest: 1.3.11 (/opt/ros/humble/share/ament_cmake_gtest/cmake)
[9.141s] -- Found gtest sources under '/opt/ros/humble/src/gtest_vendor': C++ tests using 'Google Test' will be built
[9.264s] -- Found ament_lint_auto: 0.12.12 (/opt/ros/humble/share/ament_lint_auto/cmake)
[9.508s] -- Added test 'cppcheck' to perform static code analysis on C / C++ code
[9.508s] -- Configured cppcheck include dirs: /home/suwi/ros2_4dof_arm/src/moveit2/moveit_planners/ompl/ompl_interface/include
[9.508s] -- Configured cppcheck exclude dirs and/or files: 
[9.523s] -- Added test 'lint_cmake' to check CMake code style
[9.533s] -- Added test 'xmllint' to check XML markup files
[9.543s] -- Configuring done
[11.231s] -- Generating done
[11.338s] -- Build files have been written to: /home/suwi/ros2_4dof_arm/build/moveit_planners_ompl
[11.390s] Invoked command in '/home/suwi/ros2_4dof_arm/build/moveit_planners_ompl' returned '0': AMENT_PREFIX_PATH=/home/suwi/ros2_4dof_arm/install/moveit_ros_planning:/home/suwi/ros2_4dof_arm/install/moveit_ros_occupancy_map_monitor:/home/suwi/ros2_4dof_arm/install/moveit_core:/home/suwi/ros2_4dof_arm/install/moveit_resources_panda_moveit_config:/home/suwi/ros2_4dof_arm/install/moveit_resources_fanuc_moveit_config:/home/suwi/ros2_4dof_arm/install/moveit_resources_pr2_description:/home/suwi/ros2_4dof_arm/install/moveit_resources_fanuc_description:/home/suwi/ros2_4dof_arm/install/moveit_msgs:/home/suwi/ros2_4dof_arm/install/moveit_configs_utils:${AMENT_PREFIX_PATH} CMAKE_PREFIX_PATH=/home/suwi/ros2_4dof_arm/install/moveit_ros_planning:/home/suwi/ros2_4dof_arm/install/moveit_ros_occupancy_map_monitor:/home/suwi/ros2_4dof_arm/install/moveit_core:/home/suwi/ros2_4dof_arm/install/moveit_resources_panda_moveit_config:/home/suwi/ros2_4dof_arm/install/moveit_resources_fanuc_moveit_config:/home/suwi/ros2_4dof_arm/install/moveit_resources_pr2_description:/home/suwi/ros2_4dof_arm/install/moveit_resources_panda_description:/home/suwi/ros2_4dof_arm/install/moveit_resources_fanuc_description:/home/suwi/ros2_4dof_arm/install/moveit_msgs:/home/suwi/ros2_4dof_arm/install/moveit_common:/home/suwi/ros2_4dof_arm/src/four_dof_arm/install/four_dof_arm:/home/suwi/ros2_4dof_arm/install/four_dof_arm:/opt/ros/humble:/opt/ros/humble:/home/suwi/ros2_ws_prac/install/my_robot_control:/path/to/object_recognition_msgs/install:/home/suwi/ros2_ws_prac/install/pub_sub LD_LIBRARY_PATH=/home/suwi/ros2_4dof_arm/install/moveit_ros_planning/lib:/home/suwi/ros2_4dof_arm/install/moveit_ros_occupancy_map_monitor/lib:/home/suwi/ros2_4dof_arm/install/moveit_core/lib:/home/suwi/ros2_4dof_arm/install/moveit_msgs/lib:${LD_LIBRARY_PATH} PATH=/home/suwi/ros2_4dof_arm/install/moveit_core/bin:${PATH} PYTHONPATH=/home/suwi/ros2_4dof_arm/install/moveit_msgs/local/lib/python3.10/dist-packages:/home/suwi/ros2_4dof_arm/install/moveit_configs_utils/lib/python3.10/site-packages:${PYTHONPATH} /usr/bin/cmake /home/suwi/ros2_4dof_arm/src/moveit2/moveit_planners/ompl -DCMAKE_INSTALL_PREFIX=/home/suwi/ros2_4dof_arm/install/moveit_planners_ompl
[11.397s] Invoking command in '/home/suwi/ros2_4dof_arm/build/moveit_planners_ompl': AMENT_PREFIX_PATH=/home/suwi/ros2_4dof_arm/install/moveit_ros_planning:/home/suwi/ros2_4dof_arm/install/moveit_ros_occupancy_map_monitor:/home/suwi/ros2_4dof_arm/install/moveit_core:/home/suwi/ros2_4dof_arm/install/moveit_resources_panda_moveit_config:/home/suwi/ros2_4dof_arm/install/moveit_resources_fanuc_moveit_config:/home/suwi/ros2_4dof_arm/install/moveit_resources_pr2_description:/home/suwi/ros2_4dof_arm/install/moveit_resources_fanuc_description:/home/suwi/ros2_4dof_arm/install/moveit_msgs:/home/suwi/ros2_4dof_arm/install/moveit_configs_utils:${AMENT_PREFIX_PATH} CMAKE_PREFIX_PATH=/home/suwi/ros2_4dof_arm/install/moveit_ros_planning:/home/suwi/ros2_4dof_arm/install/moveit_ros_occupancy_map_monitor:/home/suwi/ros2_4dof_arm/install/moveit_core:/home/suwi/ros2_4dof_arm/install/moveit_resources_panda_moveit_config:/home/suwi/ros2_4dof_arm/install/moveit_resources_fanuc_moveit_config:/home/suwi/ros2_4dof_arm/install/moveit_resources_pr2_description:/home/suwi/ros2_4dof_arm/install/moveit_resources_panda_description:/home/suwi/ros2_4dof_arm/install/moveit_resources_fanuc_description:/home/suwi/ros2_4dof_arm/install/moveit_msgs:/home/suwi/ros2_4dof_arm/install/moveit_common:/home/suwi/ros2_4dof_arm/src/four_dof_arm/install/four_dof_arm:/home/suwi/ros2_4dof_arm/install/four_dof_arm:/opt/ros/humble:/opt/ros/humble:/home/suwi/ros2_ws_prac/install/my_robot_control:/path/to/object_recognition_msgs/install:/home/suwi/ros2_ws_prac/install/pub_sub LD_LIBRARY_PATH=/home/suwi/ros2_4dof_arm/install/moveit_ros_planning/lib:/home/suwi/ros2_4dof_arm/install/moveit_ros_occupancy_map_monitor/lib:/home/suwi/ros2_4dof_arm/install/moveit_core/lib:/home/suwi/ros2_4dof_arm/install/moveit_msgs/lib:${LD_LIBRARY_PATH} PATH=/home/suwi/ros2_4dof_arm/install/moveit_core/bin:${PATH} PYTHONPATH=/home/suwi/ros2_4dof_arm/install/moveit_msgs/local/lib/python3.10/dist-packages:/home/suwi/ros2_4dof_arm/install/moveit_configs_utils/lib/python3.10/site-packages:${PYTHONPATH} /usr/bin/cmake --build /home/suwi/ros2_4dof_arm/build/moveit_planners_ompl -- -j8 -l8
[11.771s] [  2%] [32mBuilding CXX object gtest/CMakeFiles/gtest_main.dir/src/gtest_main.cc.o[0m
[11.773s] [  4%] [32mBuilding CXX object ompl_interface/CMakeFiles/moveit_ompl_interface.dir/src/planning_context_manager.cpp.o[0m
[11.775s] [  7%] [32mBuilding CXX object ompl_interface/CMakeFiles/moveit_ompl_interface.dir/src/parameterization/model_based_state_space.cpp.o[0m
[11.779s] [  9%] [32mBuilding CXX object ompl_interface/CMakeFiles/moveit_ompl_interface.dir/src/ompl_interface.cpp.o[0m
[11.779s] [ 12%] [32mBuilding CXX object gtest/CMakeFiles/gtest.dir/src/gtest-all.cc.o[0m
[11.788s] [ 14%] [32mBuilding CXX object ompl_interface/CMakeFiles/moveit_ompl_interface.dir/src/parameterization/model_based_state_space_factory.cpp.o[0m
[11.791s] [ 17%] [32mBuilding CXX object ompl_interface/CMakeFiles/moveit_ompl_interface.dir/src/model_based_planning_context.cpp.o[0m
[11.793s] [ 19%] [32mBuilding CXX object ompl_interface/CMakeFiles/moveit_ompl_interface.dir/src/parameterization/joint_space/constrained_planning_state_space.cpp.o[0m
[15.072s] [ 21%] [32m[1mLinking CXX static library libgtest_main.a[0m
[15.288s] [ 21%] Built target gtest_main
[15.352s] [ 24%] [32mBuilding CXX object ompl_interface/CMakeFiles/moveit_ompl_interface.dir/src/parameterization/joint_space/constrained_planning_state_space_factory.cpp.o[0m
[27.447s] [ 26%] [32m[1mLinking CXX static library libgtest.a[0m
[27.739s] [ 26%] Built target gtest
[27.791s] [ 29%] [32mBuilding CXX object ompl_interface/CMakeFiles/moveit_ompl_interface.dir/src/parameterization/joint_space/joint_model_state_space.cpp.o[0m
[40.556s] [ 31%] [32mBuilding CXX object ompl_interface/CMakeFiles/moveit_ompl_interface.dir/src/parameterization/joint_space/joint_model_state_space_factory.cpp.o[0m
[41.112s] [ 34%] [32mBuilding CXX object ompl_interface/CMakeFiles/moveit_ompl_interface.dir/src/parameterization/work_space/pose_model_state_space.cpp.o[0m
[41.552s] [ 36%] [32mBuilding CXX object ompl_interface/CMakeFiles/moveit_ompl_interface.dir/src/parameterization/work_space/pose_model_state_space_factory.cpp.o[0m
[43.185s] [ 39%] [32mBuilding CXX object ompl_interface/CMakeFiles/moveit_ompl_interface.dir/src/detail/ompl_constraints.cpp.o[0m
[48.889s] [ 41%] [32mBuilding CXX object ompl_interface/CMakeFiles/moveit_ompl_interface.dir/src/detail/threadsafe_state_storage.cpp.o[0m
[54.558s] [ 43%] [32mBuilding CXX object ompl_interface/CMakeFiles/moveit_ompl_interface.dir/src/detail/state_validity_checker.cpp.o[0m
[62.125s] [ 46%] [32mBuilding CXX object ompl_interface/CMakeFiles/moveit_ompl_interface.dir/src/detail/projection_evaluators.cpp.o[0m
[66.144s] [ 48%] [32mBuilding CXX object ompl_interface/CMakeFiles/moveit_ompl_interface.dir/src/detail/goal_union.cpp.o[0m
[66.341s] [ 51%] [32mBuilding CXX object ompl_interface/CMakeFiles/moveit_ompl_interface.dir/src/detail/constraints_library.cpp.o[0m
[68.490s] [ 53%] [32mBuilding CXX object ompl_interface/CMakeFiles/moveit_ompl_interface.dir/src/detail/constrained_sampler.cpp.o[0m
[68.525s] [ 56%] [32mBuilding CXX object ompl_interface/CMakeFiles/moveit_ompl_interface.dir/src/detail/constrained_valid_state_sampler.cpp.o[0m
[69.128s] [ 58%] [32mBuilding CXX object ompl_interface/CMakeFiles/moveit_ompl_interface.dir/src/detail/constrained_goal_sampler.cpp.o[0m
[103.876s] [ 60%] [32m[1mLinking CXX shared library libmoveit_ompl_interface.so[0m
[105.557s] [ 60%] Built target moveit_ompl_interface
[105.713s] [ 63%] [32mBuilding CXX object ompl_interface/CMakeFiles/test_state_validity_checker.dir/test/test_state_validity_checker.cpp.o[0m
[105.728s] [ 68%] [32mBuilding CXX object ompl_interface/CMakeFiles/moveit_generate_state_database.dir/scripts/generate_state_database.cpp.o[0m
[105.731s] [ 68%] [32mBuilding CXX object ompl_interface/CMakeFiles/moveit_ompl_planner_plugin.dir/src/ompl_planner_manager.cpp.o[0m
[105.731s] [ 70%] [32mBuilding CXX object ompl_interface/CMakeFiles/test_state_space.dir/test/test_state_space.cpp.o[0m
[105.733s] [ 75%] [32mBuilding CXX object ompl_interface/CMakeFiles/test_constrained_planning_state_space.dir/test/test_constrained_planning_state_space.cpp.o[0m
[105.734s] [ 75%] [32mBuilding CXX object ompl_interface/CMakeFiles/test_planning_context_manager.dir/test/test_planning_context_manager.cpp.o[0m
[105.755s] [ 78%] [32mBuilding CXX object ompl_interface/CMakeFiles/test_constrained_state_validity_checker.dir/test/test_constrained_state_validity_checker.cpp.o[0m
[105.770s] [ 80%] [32mBuilding CXX object ompl_interface/CMakeFiles/test_threadsafe_state_storage.dir/test/test_threadsafe_state_storage.cpp.o[0m
[125.682s] [ 82%] [32m[1mLinking CXX executable test_threadsafe_state_storage[0m
[127.360s] [ 82%] Built target test_threadsafe_state_storage
[134.240s] [ 85%] [32m[1mLinking CXX executable test_state_space[0m
[135.935s] [ 87%] [32m[1mLinking CXX executable test_constrained_planning_state_space[0m
[136.262s] [ 87%] Built target test_state_space
[137.817s] [ 87%] Built target test_constrained_planning_state_space
[138.861s] [ 90%] [32m[1mLinking CXX shared library libmoveit_ompl_planner_plugin.so[0m
[140.214s] [ 92%] [32m[1mLinking CXX executable test_state_validity_checker[0m
[140.217s] [ 92%] Built target moveit_ompl_planner_plugin
[141.943s] [ 92%] Built target test_state_validity_checker
[143.478s] [ 95%] [32m[1mLinking CXX executable test_constrained_state_validity_checker[0m
[144.158s] [ 97%] [32m[1mLinking CXX executable test_planning_context_manager[0m
[145.088s] [ 97%] Built target test_constrained_state_validity_checker
[145.657s] [ 97%] Built target test_planning_context_manager
[149.391s] [100%] [32m[1mLinking CXX executable generate_state_database[0m
[150.693s] [100%] Built target moveit_generate_state_database
[150.746s] Invoked command in '/home/suwi/ros2_4dof_arm/build/moveit_planners_ompl' returned '0': AMENT_PREFIX_PATH=/home/suwi/ros2_4dof_arm/install/moveit_ros_planning:/home/suwi/ros2_4dof_arm/install/moveit_ros_occupancy_map_monitor:/home/suwi/ros2_4dof_arm/install/moveit_core:/home/suwi/ros2_4dof_arm/install/moveit_resources_panda_moveit_config:/home/suwi/ros2_4dof_arm/install/moveit_resources_fanuc_moveit_config:/home/suwi/ros2_4dof_arm/install/moveit_resources_pr2_description:/home/suwi/ros2_4dof_arm/install/moveit_resources_fanuc_description:/home/suwi/ros2_4dof_arm/install/moveit_msgs:/home/suwi/ros2_4dof_arm/install/moveit_configs_utils:${AMENT_PREFIX_PATH} CMAKE_PREFIX_PATH=/home/suwi/ros2_4dof_arm/install/moveit_ros_planning:/home/suwi/ros2_4dof_arm/install/moveit_ros_occupancy_map_monitor:/home/suwi/ros2_4dof_arm/install/moveit_core:/home/suwi/ros2_4dof_arm/install/moveit_resources_panda_moveit_config:/home/suwi/ros2_4dof_arm/install/moveit_resources_fanuc_moveit_config:/home/suwi/ros2_4dof_arm/install/moveit_resources_pr2_description:/home/suwi/ros2_4dof_arm/install/moveit_resources_panda_description:/home/suwi/ros2_4dof_arm/install/moveit_resources_fanuc_description:/home/suwi/ros2_4dof_arm/install/moveit_msgs:/home/suwi/ros2_4dof_arm/install/moveit_common:/home/suwi/ros2_4dof_arm/src/four_dof_arm/install/four_dof_arm:/home/suwi/ros2_4dof_arm/install/four_dof_arm:/opt/ros/humble:/opt/ros/humble:/home/suwi/ros2_ws_prac/install/my_robot_control:/path/to/object_recognition_msgs/install:/home/suwi/ros2_ws_prac/install/pub_sub LD_LIBRARY_PATH=/home/suwi/ros2_4dof_arm/install/moveit_ros_planning/lib:/home/suwi/ros2_4dof_arm/install/moveit_ros_occupancy_map_monitor/lib:/home/suwi/ros2_4dof_arm/install/moveit_core/lib:/home/suwi/ros2_4dof_arm/install/moveit_msgs/lib:${LD_LIBRARY_PATH} PATH=/home/suwi/ros2_4dof_arm/install/moveit_core/bin:${PATH} PYTHONPATH=/home/suwi/ros2_4dof_arm/install/moveit_msgs/local/lib/python3.10/dist-packages:/home/suwi/ros2_4dof_arm/install/moveit_configs_utils/lib/python3.10/site-packages:${PYTHONPATH} /usr/bin/cmake --build /home/suwi/ros2_4dof_arm/build/moveit_planners_ompl -- -j8 -l8
[150.753s] Invoking command in '/home/suwi/ros2_4dof_arm/build/moveit_planners_ompl': AMENT_PREFIX_PATH=/home/suwi/ros2_4dof_arm/install/moveit_ros_planning:/home/suwi/ros2_4dof_arm/install/moveit_ros_occupancy_map_monitor:/home/suwi/ros2_4dof_arm/install/moveit_core:/home/suwi/ros2_4dof_arm/install/moveit_resources_panda_moveit_config:/home/suwi/ros2_4dof_arm/install/moveit_resources_fanuc_moveit_config:/home/suwi/ros2_4dof_arm/install/moveit_resources_pr2_description:/home/suwi/ros2_4dof_arm/install/moveit_resources_fanuc_description:/home/suwi/ros2_4dof_arm/install/moveit_msgs:/home/suwi/ros2_4dof_arm/install/moveit_configs_utils:${AMENT_PREFIX_PATH} CMAKE_PREFIX_PATH=/home/suwi/ros2_4dof_arm/install/moveit_ros_planning:/home/suwi/ros2_4dof_arm/install/moveit_ros_occupancy_map_monitor:/home/suwi/ros2_4dof_arm/install/moveit_core:/home/suwi/ros2_4dof_arm/install/moveit_resources_panda_moveit_config:/home/suwi/ros2_4dof_arm/install/moveit_resources_fanuc_moveit_config:/home/suwi/ros2_4dof_arm/install/moveit_resources_pr2_description:/home/suwi/ros2_4dof_arm/install/moveit_resources_panda_description:/home/suwi/ros2_4dof_arm/install/moveit_resources_fanuc_description:/home/suwi/ros2_4dof_arm/install/moveit_msgs:/home/suwi/ros2_4dof_arm/install/moveit_common:/home/suwi/ros2_4dof_arm/src/four_dof_arm/install/four_dof_arm:/home/suwi/ros2_4dof_arm/install/four_dof_arm:/opt/ros/humble:/opt/ros/humble:/home/suwi/ros2_ws_prac/install/my_robot_control:/path/to/object_recognition_msgs/install:/home/suwi/ros2_ws_prac/install/pub_sub LD_LIBRARY_PATH=/home/suwi/ros2_4dof_arm/install/moveit_ros_planning/lib:/home/suwi/ros2_4dof_arm/install/moveit_ros_occupancy_map_monitor/lib:/home/suwi/ros2_4dof_arm/install/moveit_core/lib:/home/suwi/ros2_4dof_arm/install/moveit_msgs/lib:${LD_LIBRARY_PATH} PATH=/home/suwi/ros2_4dof_arm/install/moveit_core/bin:${PATH} PYTHONPATH=/home/suwi/ros2_4dof_arm/install/moveit_msgs/local/lib/python3.10/dist-packages:/home/suwi/ros2_4dof_arm/install/moveit_configs_utils/lib/python3.10/site-packages:${PYTHONPATH} /usr/bin/cmake --install /home/suwi/ros2_4dof_arm/build/moveit_planners_ompl
[150.790s] -- Install configuration: "Release"
[150.791s] -- Installing: /home/suwi/ros2_4dof_arm/install/moveit_planners_ompl/lib/moveit_planners_ompl/generate_state_database
[150.801s] -- Set runtime path of "/home/suwi/ros2_4dof_arm/install/moveit_planners_ompl/lib/moveit_planners_ompl/generate_state_database" to ""
[150.802s] -- Installing: /home/suwi/ros2_4dof_arm/install/moveit_planners_ompl/include
[150.803s] -- Installing: /home/suwi/ros2_4dof_arm/install/moveit_planners_ompl/include/moveit
[150.803s] -- Installing: /home/suwi/ros2_4dof_arm/install/moveit_planners_ompl/include/moveit/ompl_interface
[150.804s] -- Installing: /home/suwi/ros2_4dof_arm/install/moveit_planners_ompl/include/moveit/ompl_interface/model_based_planning_context.h
[150.805s] -- Installing: /home/suwi/ros2_4dof_arm/install/moveit_planners_ompl/include/moveit/ompl_interface/planning_context_manager.h
[150.806s] -- Installing: /home/suwi/ros2_4dof_arm/install/moveit_planners_ompl/include/moveit/ompl_interface/ompl_interface.h
[150.807s] -- Installing: /home/suwi/ros2_4dof_arm/install/moveit_planners_ompl/include/moveit/ompl_interface/parameterization
[150.807s] -- Installing: /home/suwi/ros2_4dof_arm/install/moveit_planners_ompl/include/moveit/ompl_interface/parameterization/joint_space
[150.808s] -- Installing: /home/suwi/ros2_4dof_arm/install/moveit_planners_ompl/include/moveit/ompl_interface/parameterization/joint_space/constrained_planning_state_space_factory.h
[150.808s] -- Installing: /home/suwi/ros2_4dof_arm/install/moveit_planners_ompl/include/moveit/ompl_interface/parameterization/joint_space/constrained_planning_state_space.h
[150.810s] -- Installing: /home/suwi/ros2_4dof_arm/install/moveit_planners_ompl/include/moveit/ompl_interface/parameterization/joint_space/joint_model_state_space_factory.h
[150.810s] -- Installing: /home/suwi/ros2_4dof_arm/install/moveit_planners_ompl/include/moveit/ompl_interface/parameterization/joint_space/joint_model_state_space.h
[150.811s] -- Installing: /home/suwi/ros2_4dof_arm/install/moveit_planners_ompl/include/moveit/ompl_interface/parameterization/model_based_state_space_factory.h
[150.812s] -- Installing: /home/suwi/ros2_4dof_arm/install/moveit_planners_ompl/include/moveit/ompl_interface/parameterization/work_space
[150.813s] -- Installing: /home/suwi/ros2_4dof_arm/install/moveit_planners_ompl/include/moveit/ompl_interface/parameterization/work_space/pose_model_state_space_factory.h
[150.813s] -- Installing: /home/suwi/ros2_4dof_arm/install/moveit_planners_ompl/include/moveit/ompl_interface/parameterization/work_space/pose_model_state_space.h
[150.815s] -- Installing: /home/suwi/ros2_4dof_arm/install/moveit_planners_ompl/include/moveit/ompl_interface/parameterization/model_based_state_space.h
[150.816s] -- Installing: /home/suwi/ros2_4dof_arm/install/moveit_planners_ompl/include/moveit/ompl_interface/detail
[150.817s] -- Installing: /home/suwi/ros2_4dof_arm/install/moveit_planners_ompl/include/moveit/ompl_interface/detail/state_validity_checker.h
[150.818s] -- Installing: /home/suwi/ros2_4dof_arm/install/moveit_planners_ompl/include/moveit/ompl_interface/detail/constraint_approximations.h
[150.819s] -- Installing: /home/suwi/ros2_4dof_arm/install/moveit_planners_ompl/include/moveit/ompl_interface/detail/threadsafe_state_storage.h
[150.820s] -- Installing: /home/suwi/ros2_4dof_arm/install/moveit_planners_ompl/include/moveit/ompl_interface/detail/constraints_library.h
[150.821s] -- Installing: /home/suwi/ros2_4dof_arm/install/moveit_planners_ompl/include/moveit/ompl_interface/detail/projection_evaluators.h
[150.822s] -- Installing: /home/suwi/ros2_4dof_arm/install/moveit_planners_ompl/include/moveit/ompl_interface/detail/goal_union.h
[150.823s] -- Installing: /home/suwi/ros2_4dof_arm/install/moveit_planners_ompl/include/moveit/ompl_interface/detail/constrained_valid_state_sampler.h
[150.825s] -- Installing: /home/suwi/ros2_4dof_arm/install/moveit_planners_ompl/include/moveit/ompl_interface/detail/ompl_constraints.h
[150.826s] -- Installing: /home/suwi/ros2_4dof_arm/install/moveit_planners_ompl/include/moveit/ompl_interface/detail/constrained_sampler.h
[150.827s] -- Installing: /home/suwi/ros2_4dof_arm/install/moveit_planners_ompl/include/moveit/ompl_interface/detail/constrained_goal_sampler.h
[150.829s] -- Installing: /home/suwi/ros2_4dof_arm/install/moveit_planners_ompl/lib/libmoveit_ompl_interface.so.2.5.8
[150.851s] -- Set runtime path of "/home/suwi/ros2_4dof_arm/install/moveit_planners_ompl/lib/libmoveit_ompl_interface.so.2.5.8" to ""
[150.852s] -- Installing: /home/suwi/ros2_4dof_arm/install/moveit_planners_ompl/lib/libmoveit_ompl_interface.so
[150.852s] -- Installing: /home/suwi/ros2_4dof_arm/install/moveit_planners_ompl/lib/libmoveit_ompl_planner_plugin.so.2.5.8
[150.858s] -- Set runtime path of "/home/suwi/ros2_4dof_arm/install/moveit_planners_ompl/lib/libmoveit_ompl_planner_plugin.so.2.5.8" to ""
[150.859s] -- Installing: /home/suwi/ros2_4dof_arm/install/moveit_planners_ompl/lib/libmoveit_ompl_planner_plugin.so
[150.860s] -- Installing: /home/suwi/ros2_4dof_arm/install/moveit_planners_ompl/share/moveit_planners_ompl/environment/library_path.sh
[150.860s] -- Installing: /home/suwi/ros2_4dof_arm/install/moveit_planners_ompl/share/moveit_planners_ompl/environment/library_path.dsv
[150.861s] -- Installing: /home/suwi/ros2_4dof_arm/install/moveit_planners_ompl/share/moveit_planners_ompl/ompl_interface_plugin_description.xml
[150.864s] -- Installing: /home/suwi/ros2_4dof_arm/install/moveit_planners_ompl/share/ament_index/resource_index/package_run_dependencies/moveit_planners_ompl
[150.865s] -- Installing: /home/suwi/ros2_4dof_arm/install/moveit_planners_ompl/share/ament_index/resource_index/parent_prefix_path/moveit_planners_ompl
[150.866s] -- Installing: /home/suwi/ros2_4dof_arm/install/moveit_planners_ompl/share/moveit_planners_ompl/environment/ament_prefix_path.sh
[150.867s] -- Installing: /home/suwi/ros2_4dof_arm/install/moveit_planners_ompl/share/moveit_planners_ompl/environment/ament_prefix_path.dsv
[150.868s] -- Installing: /home/suwi/ros2_4dof_arm/install/moveit_planners_ompl/share/moveit_planners_ompl/environment/path.sh
[150.869s] -- Installing: /home/suwi/ros2_4dof_arm/install/moveit_planners_ompl/share/moveit_planners_ompl/environment/path.dsv
[150.871s] -- Installing: /home/suwi/ros2_4dof_arm/install/moveit_planners_ompl/share/moveit_planners_ompl/local_setup.bash
[150.872s] -- Installing: /home/suwi/ros2_4dof_arm/install/moveit_planners_ompl/share/moveit_planners_ompl/local_setup.sh
[150.872s] -- Installing: /home/suwi/ros2_4dof_arm/install/moveit_planners_ompl/share/moveit_planners_ompl/local_setup.zsh
[150.874s] -- Installing: /home/suwi/ros2_4dof_arm/install/moveit_planners_ompl/share/moveit_planners_ompl/local_setup.dsv
[150.875s] -- Installing: /home/suwi/ros2_4dof_arm/install/moveit_planners_ompl/share/moveit_planners_ompl/package.dsv
[150.876s] -- Installing: /home/suwi/ros2_4dof_arm/install/moveit_planners_ompl/share/ament_index/resource_index/packages/moveit_planners_ompl
[150.878s] -- Installing: /home/suwi/ros2_4dof_arm/install/moveit_planners_ompl/share/ament_index/resource_index/moveit_core__pluginlib__plugin/moveit_planners_ompl
[150.879s] -- Installing: /home/suwi/ros2_4dof_arm/install/moveit_planners_ompl/share/moveit_planners_ompl/cmake/export_moveit_planners_omplExport.cmake
[150.880s] -- Installing: /home/suwi/ros2_4dof_arm/install/moveit_planners_ompl/share/moveit_planners_ompl/cmake/export_moveit_planners_omplExport-release.cmake
[150.881s] -- Installing: /home/suwi/ros2_4dof_arm/install/moveit_planners_ompl/share/moveit_planners_ompl/cmake/ament_cmake_export_targets-extras.cmake
[150.882s] -- Installing: /home/suwi/ros2_4dof_arm/install/moveit_planners_ompl/share/moveit_planners_ompl/cmake/ament_cmake_export_dependencies-extras.cmake
[150.883s] -- Installing: /home/suwi/ros2_4dof_arm/install/moveit_planners_ompl/share/moveit_planners_ompl/cmake/moveit_planners_omplConfig.cmake
[150.884s] -- Installing: /home/suwi/ros2_4dof_arm/install/moveit_planners_ompl/share/moveit_planners_ompl/cmake/moveit_planners_omplConfig-version.cmake
[150.885s] -- Installing: /home/suwi/ros2_4dof_arm/install/moveit_planners_ompl/share/moveit_planners_ompl/package.xml
[150.890s] Invoked command in '/home/suwi/ros2_4dof_arm/build/moveit_planners_ompl' returned '0': AMENT_PREFIX_PATH=/home/suwi/ros2_4dof_arm/install/moveit_ros_planning:/home/suwi/ros2_4dof_arm/install/moveit_ros_occupancy_map_monitor:/home/suwi/ros2_4dof_arm/install/moveit_core:/home/suwi/ros2_4dof_arm/install/moveit_resources_panda_moveit_config:/home/suwi/ros2_4dof_arm/install/moveit_resources_fanuc_moveit_config:/home/suwi/ros2_4dof_arm/install/moveit_resources_pr2_description:/home/suwi/ros2_4dof_arm/install/moveit_resources_fanuc_description:/home/suwi/ros2_4dof_arm/install/moveit_msgs:/home/suwi/ros2_4dof_arm/install/moveit_configs_utils:${AMENT_PREFIX_PATH} CMAKE_PREFIX_PATH=/home/suwi/ros2_4dof_arm/install/moveit_ros_planning:/home/suwi/ros2_4dof_arm/install/moveit_ros_occupancy_map_monitor:/home/suwi/ros2_4dof_arm/install/moveit_core:/home/suwi/ros2_4dof_arm/install/moveit_resources_panda_moveit_config:/home/suwi/ros2_4dof_arm/install/moveit_resources_fanuc_moveit_config:/home/suwi/ros2_4dof_arm/install/moveit_resources_pr2_description:/home/suwi/ros2_4dof_arm/install/moveit_resources_panda_description:/home/suwi/ros2_4dof_arm/install/moveit_resources_fanuc_description:/home/suwi/ros2_4dof_arm/install/moveit_msgs:/home/suwi/ros2_4dof_arm/install/moveit_common:/home/suwi/ros2_4dof_arm/src/four_dof_arm/install/four_dof_arm:/home/suwi/ros2_4dof_arm/install/four_dof_arm:/opt/ros/humble:/opt/ros/humble:/home/suwi/ros2_ws_prac/install/my_robot_control:/path/to/object_recognition_msgs/install:/home/suwi/ros2_ws_prac/install/pub_sub LD_LIBRARY_PATH=/home/suwi/ros2_4dof_arm/install/moveit_ros_planning/lib:/home/suwi/ros2_4dof_arm/install/moveit_ros_occupancy_map_monitor/lib:/home/suwi/ros2_4dof_arm/install/moveit_core/lib:/home/suwi/ros2_4dof_arm/install/moveit_msgs/lib:${LD_LIBRARY_PATH} PATH=/home/suwi/ros2_4dof_arm/install/moveit_core/bin:${PATH} PYTHONPATH=/home/suwi/ros2_4dof_arm/install/moveit_msgs/local/lib/python3.10/dist-packages:/home/suwi/ros2_4dof_arm/install/moveit_configs_utils/lib/python3.10/site-packages:${PYTHONPATH} /usr/bin/cmake --install /home/suwi/ros2_4dof_arm/build/moveit_planners_ompl
