[0.079s] Invoking command in '/home/suwi/ros2_4dof_arm/build/moveit_resources_prbt_support': CMAKE_PREFIX_PATH=${CMAKE_PREFIX_PATH}:/home/suwi/ros2_4dof_arm/install/moveit_configs_utils:/home/suwi/ros2_ws_prac/install/pub_sub:/opt/ros/humble /usr/bin/cmake --build /home/suwi/ros2_4dof_arm/build/moveit_resources_prbt_support -- -j8 -l8
[0.379s] Invoked command in '/home/suwi/ros2_4dof_arm/build/moveit_resources_prbt_support' returned '0': CMAKE_PREFIX_PATH=${CMAKE_PREFIX_PATH}:/home/suwi/ros2_4dof_arm/install/moveit_configs_utils:/home/suwi/ros2_ws_prac/install/pub_sub:/opt/ros/humble /usr/bin/cmake --build /home/suwi/ros2_4dof_arm/build/moveit_resources_prbt_support -- -j8 -l8
[0.385s] Invoking command in '/home/suwi/ros2_4dof_arm/build/moveit_resources_prbt_support': CMAKE_PREFIX_PATH=${CMAKE_PREFIX_PATH}:/home/suwi/ros2_4dof_arm/install/moveit_configs_utils:/home/suwi/ros2_ws_prac/install/pub_sub:/opt/ros/humble /usr/bin/cmake --install /home/suwi/ros2_4dof_arm/build/moveit_resources_prbt_support
[0.447s] -- Install configuration: ""
[0.448s] -- Execute custom install script
[0.450s] -- Up-to-date symlink: /home/suwi/ros2_4dof_arm/install/moveit_resources_prbt_support/share/ament_index/resource_index/package_run_dependencies/moveit_resources_prbt_support
[0.450s] -- Up-to-date symlink: /home/suwi/ros2_4dof_arm/install/moveit_resources_prbt_support/share/ament_index/resource_index/parent_prefix_path/moveit_resources_prbt_support
[0.451s] -- Up-to-date symlink: /home/suwi/ros2_4dof_arm/install/moveit_resources_prbt_support/share/moveit_resources_prbt_support/environment/ament_prefix_path.sh
[0.452s] -- Up-to-date symlink: /home/suwi/ros2_4dof_arm/install/moveit_resources_prbt_support/share/moveit_resources_prbt_support/environment/ament_prefix_path.dsv
[0.453s] -- Up-to-date symlink: /home/suwi/ros2_4dof_arm/install/moveit_resources_prbt_support/share/moveit_resources_prbt_support/environment/path.sh
[0.454s] -- Up-to-date symlink: /home/suwi/ros2_4dof_arm/install/moveit_resources_prbt_support/share/moveit_resources_prbt_support/environment/path.dsv
[0.455s] -- Up-to-date symlink: /home/suwi/ros2_4dof_arm/install/moveit_resources_prbt_support/share/moveit_resources_prbt_support/local_setup.bash
[0.455s] -- Up-to-date symlink: /home/suwi/ros2_4dof_arm/install/moveit_resources_prbt_support/share/moveit_resources_prbt_support/local_setup.sh
[0.456s] -- Up-to-date symlink: /home/suwi/ros2_4dof_arm/install/moveit_resources_prbt_support/share/moveit_resources_prbt_support/local_setup.zsh
[0.456s] -- Up-to-date symlink: /home/suwi/ros2_4dof_arm/install/moveit_resources_prbt_support/share/moveit_resources_prbt_support/local_setup.dsv
[0.457s] -- Symlinking: /home/suwi/ros2_4dof_arm/install/moveit_resources_prbt_support/share/moveit_resources_prbt_support/package.dsv
[0.532s] -- Up-to-date symlink: /home/suwi/ros2_4dof_arm/install/moveit_resources_prbt_support/share/ament_index/resource_index/packages/moveit_resources_prbt_support
[0.533s] -- Up-to-date symlink: /home/suwi/ros2_4dof_arm/install/moveit_resources_prbt_support/share/moveit_resources_prbt_support/cmake/moveit_resources_prbt_supportConfig.cmake
[0.533s] -- Up-to-date symlink: /home/suwi/ros2_4dof_arm/install/moveit_resources_prbt_support/share/moveit_resources_prbt_support/cmake/moveit_resources_prbt_supportConfig-version.cmake
[0.534s] -- Up-to-date symlink: /home/suwi/ros2_4dof_arm/install/moveit_resources_prbt_support/share/moveit_resources_prbt_support/package.xml
[0.535s] -- Up-to-date symlink: /home/suwi/ros2_4dof_arm/install/moveit_resources_prbt_support/share/moveit_resources_prbt_support/urdf/prbt.ros2_control.xacro
[0.536s] -- Up-to-date symlink: /home/suwi/ros2_4dof_arm/install/moveit_resources_prbt_support/share/moveit_resources_prbt_support/urdf/prbt.xacro
[0.537s] -- Up-to-date symlink: /home/suwi/ros2_4dof_arm/install/moveit_resources_prbt_support/share/moveit_resources_prbt_support/urdf/prbt_macro.xacro
[0.538s] -- Up-to-date symlink: /home/suwi/ros2_4dof_arm/install/moveit_resources_prbt_support/share/moveit_resources_prbt_support/urdf/simple_gripper_brackets.urdf.xacro
[0.539s] -- Up-to-date symlink: /home/suwi/ros2_4dof_arm/install/moveit_resources_prbt_support/share/moveit_resources_prbt_support/meshes/flange.dae
[0.540s] -- Up-to-date symlink: /home/suwi/ros2_4dof_arm/install/moveit_resources_prbt_support/share/moveit_resources_prbt_support/meshes/flange.stl
[0.541s] -- Up-to-date symlink: /home/suwi/ros2_4dof_arm/install/moveit_resources_prbt_support/share/moveit_resources_prbt_support/meshes/foot.dae
[0.542s] -- Up-to-date symlink: /home/suwi/ros2_4dof_arm/install/moveit_resources_prbt_support/share/moveit_resources_prbt_support/meshes/foot.stl
[0.543s] -- Up-to-date symlink: /home/suwi/ros2_4dof_arm/install/moveit_resources_prbt_support/share/moveit_resources_prbt_support/meshes/link_1.dae
[0.544s] -- Up-to-date symlink: /home/suwi/ros2_4dof_arm/install/moveit_resources_prbt_support/share/moveit_resources_prbt_support/meshes/link_1.stl
[0.544s] -- Up-to-date symlink: /home/suwi/ros2_4dof_arm/install/moveit_resources_prbt_support/share/moveit_resources_prbt_support/meshes/link_2.dae
[0.545s] -- Up-to-date symlink: /home/suwi/ros2_4dof_arm/install/moveit_resources_prbt_support/share/moveit_resources_prbt_support/meshes/link_2.stl
[0.546s] -- Up-to-date symlink: /home/suwi/ros2_4dof_arm/install/moveit_resources_prbt_support/share/moveit_resources_prbt_support/meshes/link_3.dae
[0.547s] -- Up-to-date symlink: /home/suwi/ros2_4dof_arm/install/moveit_resources_prbt_support/share/moveit_resources_prbt_support/meshes/link_3.stl
[0.548s] -- Up-to-date symlink: /home/suwi/ros2_4dof_arm/install/moveit_resources_prbt_support/share/moveit_resources_prbt_support/meshes/link_4.dae
[0.548s] -- Up-to-date symlink: /home/suwi/ros2_4dof_arm/install/moveit_resources_prbt_support/share/moveit_resources_prbt_support/meshes/link_4.stl
[0.550s] -- Up-to-date symlink: /home/suwi/ros2_4dof_arm/install/moveit_resources_prbt_support/share/moveit_resources_prbt_support/meshes/link_5.dae
[0.550s] -- Up-to-date symlink: /home/suwi/ros2_4dof_arm/install/moveit_resources_prbt_support/share/moveit_resources_prbt_support/meshes/link_5.stl
[0.552s] -- Up-to-date symlink: /home/suwi/ros2_4dof_arm/install/moveit_resources_prbt_support/share/moveit_resources_prbt_support/config/manipulator_controller.yaml
[0.552s] -- Up-to-date symlink: /home/suwi/ros2_4dof_arm/install/moveit_resources_prbt_support/share/moveit_resources_prbt_support/config/manipulator_driver.yaml
[0.553s] -- Up-to-date symlink: /home/suwi/ros2_4dof_arm/install/moveit_resources_prbt_support/share/moveit_resources_prbt_support/config/prbt_0_1.dcf
[0.560s] Invoked command in '/home/suwi/ros2_4dof_arm/build/moveit_resources_prbt_support' returned '0': CMAKE_PREFIX_PATH=${CMAKE_PREFIX_PATH}:/home/suwi/ros2_4dof_arm/install/moveit_configs_utils:/home/suwi/ros2_ws_prac/install/pub_sub:/opt/ros/humble /usr/bin/cmake --install /home/suwi/ros2_4dof_arm/build/moveit_resources_prbt_support
