[0.181s] Invoking command in '/home/suwi/ros2_4dof_arm/build/moveit_ros_planning': AMENT_PREFIX_PATH=/home/suwi/ros2_4dof_arm/install/moveit_configs_utils:/home/suwi/ros2_4dof_arm/install/pilz_industrial_motion_planner_testutils:/home/suwi/ros2_4dof_arm/install/moveit_runtime:/home/suwi/ros2_4dof_arm/install/moveit:/home/suwi/ros2_4dof_arm/install/moveit_planners:/home/suwi/ros2_4dof_arm/install/pilz_industrial_motion_planner:/home/suwi/ros2_4dof_arm/install/moveit_ros_control_interface:/home/suwi/ros2_4dof_arm/install/moveit_plugins:/home/suwi/ros2_4dof_arm/install/moveit_simple_controller_manager:/home/suwi/ros2_4dof_arm/install/moveit_setup_assistant:/home/suwi/ros2_4dof_arm/install/moveit_setup_srdf_plugins:/home/suwi/ros2_4dof_arm/install/moveit_setup_core_plugins:/home/suwi/ros2_4dof_arm/install/moveit_setup_controllers:/home/suwi/ros2_4dof_arm/install/moveit_setup_app_plugins:/home/suwi/ros2_4dof_arm/install/moveit_setup_framework:/home/suwi/ros2_4dof_arm/install/moveit_servo:/home/suwi/ros2_4dof_arm/install/moveit_ros:/home/suwi/ros2_4dof_arm/install/moveit_ros_visualization:/home/suwi/ros2_4dof_arm/install/moveit_hybrid_planning:/home/suwi/ros2_4dof_arm/install/moveit_ros_planning_interface:/home/suwi/ros2_4dof_arm/install/moveit_ros_benchmarks:/home/suwi/ros2_4dof_arm/install/moveit_ros_warehouse:/home/suwi/ros2_4dof_arm/install/moveit_ros_robot_interaction:/home/suwi/ros2_4dof_arm/install/moveit_ros_perception:/home/suwi/ros2_4dof_arm/install/moveit_resources_prbt_pg70_support:/home/suwi/ros2_4dof_arm/install/moveit_resources_prbt_moveit_config:/home/suwi/ros2_4dof_arm/install/moveit_ros_move_group:/home/suwi/ros2_4dof_arm/install/moveit_planners_ompl:/home/suwi/ros2_4dof_arm/install/moveit_ros_planning:/home/suwi/ros2_4dof_arm/install/moveit_ros_occupancy_map_monitor:/home/suwi/ros2_4dof_arm/install/moveit_resources_prbt_support:/home/suwi/ros2_4dof_arm/install/moveit_resources_prbt_ikfast_manipulator_plugin:/home/suwi/ros2_4dof_arm/install/moveit_resources:/home/suwi/ros2_4dof_arm/install/moveit_resources_pr2_description:/home/suwi/ros2_4dof_arm/install/moveit_resources_panda_moveit_config:/home/suwi/ros2_4dof_arm/install/moveit_resources_panda_description:/home/suwi/ros2_4dof_arm/install/moveit_resources_fanuc_moveit_config:/home/suwi/ros2_4dof_arm/install/moveit_resources_fanuc_description:/home/suwi/ros2_4dof_arm/install/moveit_planners_chomp:/home/suwi/ros2_4dof_arm/install/moveit_kinematics:/home/suwi/ros2_4dof_arm/install/moveit_chomp_optimizer_adapter:/home/suwi/ros2_4dof_arm/install/chomp_motion_planner:/home/suwi/ros2_4dof_arm/install/moveit_core:/home/suwi/ros2_4dof_arm/install/moveit_msgs:/home/suwi/ros2_4dof_arm/install/moveit_common:/home/suwi/ros2_4dof_arm/install/four_dof_arm:/home/suwi/ros2_4dof_arm/install/dobot_description:/home/suwi/ros2_4dof_arm/src/four_dof_arm/install/four_dof_arm:/home/suwi/ros2_ws_prac/install/pub_sub:/home/suwi/ros2_ws_prac/install/my_robot_control:/opt/ros/humble CMAKE_PREFIX_PATH=/home/suwi/ros2_4dof_arm/install/moveit_ros_occupancy_map_monitor:/home/suwi/ros2_4dof_arm/install/moveit_core:/home/suwi/ros2_4dof_arm/install/moveit_resources_panda_moveit_config:/home/suwi/ros2_4dof_arm/install/moveit_resources_pr2_description:/home/suwi/ros2_4dof_arm/install/moveit_resources_panda_description:/home/suwi/ros2_4dof_arm/install/moveit_msgs:/home/suwi/ros2_4dof_arm/install/moveit_common:/home/suwi/ros2_4dof_arm/install/pilz_industrial_motion_planner_testutils:/home/suwi/ros2_4dof_arm/install/moveit_runtime:/home/suwi/ros2_4dof_arm/install/moveit:/home/suwi/ros2_4dof_arm/install/moveit_planners:/home/suwi/ros2_4dof_arm/install/pilz_industrial_motion_planner:/home/suwi/ros2_4dof_arm/install/moveit_ros_control_interface:/home/suwi/ros2_4dof_arm/install/moveit_plugins:/home/suwi/ros2_4dof_arm/install/moveit_simple_controller_manager:/home/suwi/ros2_4dof_arm/install/moveit_setup_assistant:/home/suwi/ros2_4dof_arm/install/moveit_setup_srdf_plugins:/home/suwi/ros2_4dof_arm/install/moveit_setup_core_plugins:/home/suwi/ros2_4dof_arm/install/moveit_setup_controllers:/home/suwi/ros2_4dof_arm/install/moveit_setup_app_plugins:/home/suwi/ros2_4dof_arm/install/moveit_setup_framework:/home/suwi/ros2_4dof_arm/install/moveit_servo:/home/suwi/ros2_4dof_arm/install/moveit_ros:/home/suwi/ros2_4dof_arm/install/moveit_ros_visualization:/home/suwi/ros2_4dof_arm/install/moveit_hybrid_planning:/home/suwi/ros2_4dof_arm/install/moveit_ros_planning_interface:/home/suwi/ros2_4dof_arm/install/moveit_ros_benchmarks:/home/suwi/ros2_4dof_arm/install/moveit_ros_warehouse:/home/suwi/ros2_4dof_arm/install/moveit_ros_robot_interaction:/home/suwi/ros2_4dof_arm/install/moveit_ros_perception:/home/suwi/ros2_4dof_arm/install/moveit_resources_prbt_pg70_support:/home/suwi/ros2_4dof_arm/install/moveit_resources_prbt_moveit_config:/home/suwi/ros2_4dof_arm/install/moveit_ros_move_group:/home/suwi/ros2_4dof_arm/install/moveit_planners_ompl:/home/suwi/ros2_4dof_arm/install/moveit_ros_planning:/home/suwi/ros2_4dof_arm/install/moveit_resources_prbt_support:/home/suwi/ros2_4dof_arm/install/moveit_resources_prbt_ikfast_manipulator_plugin:/home/suwi/ros2_4dof_arm/install/moveit_resources:/home/suwi/ros2_4dof_arm/install/moveit_resources_fanuc_moveit_config:/home/suwi/ros2_4dof_arm/install/moveit_resources_fanuc_description:/home/suwi/ros2_4dof_arm/install/moveit_planners_chomp:/home/suwi/ros2_4dof_arm/install/moveit_kinematics:/home/suwi/ros2_4dof_arm/install/moveit_chomp_optimizer_adapter:/home/suwi/ros2_4dof_arm/install/chomp_motion_planner:/home/suwi/ros2_4dof_arm/install/four_dof_arm:/home/suwi/ros2_4dof_arm/install/dobot_description:/home/suwi/ros2_4dof_arm/src/four_dof_arm/install/four_dof_arm:/home/suwi/ros2_ws_prac/install/my_robot_control:/home/suwi/ros2_4dof_arm/install/moveit_configs_utils:/home/suwi/ros2_ws_prac/install/pub_sub:/opt/ros/humble LD_LIBRARY_PATH=/home/suwi/ros2_4dof_arm/install/moveit_ros_occupancy_map_monitor/lib:/home/suwi/ros2_4dof_arm/install/moveit_core/lib:/home/suwi/ros2_4dof_arm/install/moveit_msgs/lib:/home/suwi/ros2_4dof_arm/install/pilz_industrial_motion_planner_testutils/lib:/home/suwi/ros2_4dof_arm/install/pilz_industrial_motion_planner/lib:/home/suwi/ros2_4dof_arm/install/moveit_ros_control_interface/lib:/home/suwi/ros2_4dof_arm/install/moveit_simple_controller_manager/lib:/home/suwi/ros2_4dof_arm/install/moveit_setup_assistant/lib:/home/suwi/ros2_4dof_arm/install/moveit_setup_srdf_plugins/lib:/home/suwi/ros2_4dof_arm/install/moveit_setup_core_plugins/lib:/home/suwi/ros2_4dof_arm/install/moveit_setup_controllers/lib:/home/suwi/ros2_4dof_arm/install/moveit_setup_app_plugins/lib:/home/suwi/ros2_4dof_arm/install/moveit_setup_framework/lib:/home/suwi/ros2_4dof_arm/install/moveit_servo/lib:/home/suwi/ros2_4dof_arm/install/moveit_ros_visualization/lib:/home/suwi/ros2_4dof_arm/install/moveit_hybrid_planning/lib:/home/suwi/ros2_4dof_arm/install/moveit_ros_planning_interface/lib:/home/suwi/ros2_4dof_arm/install/moveit_ros_benchmarks/lib:/home/suwi/ros2_4dof_arm/install/moveit_ros_warehouse/lib:/home/suwi/ros2_4dof_arm/install/moveit_ros_robot_interaction/lib:/home/suwi/ros2_4dof_arm/install/moveit_ros_perception/lib:/home/suwi/ros2_4dof_arm/install/moveit_ros_move_group/lib:/home/suwi/ros2_4dof_arm/install/moveit_planners_ompl/lib:/home/suwi/ros2_4dof_arm/install/moveit_ros_planning/lib:/home/suwi/ros2_4dof_arm/install/moveit_resources_prbt_ikfast_manipulator_plugin/lib:/home/suwi/ros2_4dof_arm/install/moveit_planners_chomp/lib:/home/suwi/ros2_4dof_arm/install/moveit_kinematics/lib:/home/suwi/ros2_4dof_arm/install/moveit_chomp_optimizer_adapter/lib:/home/suwi/ros2_4dof_arm/install/chomp_motion_planner/lib:/opt/ros/humble/opt/rviz_ogre_vendor/lib:/opt/ros/humble/lib/x86_64-linux-gnu:/opt/ros/humble/lib PYTHONPATH=/home/suwi/ros2_4dof_arm/install/moveit_configs_utils/lib/python3.10/site-packages:/home/suwi/ros2_4dof_arm/install/moveit_msgs/local/lib/python3.10/dist-packages:/home/suwi/ros2_ws_prac/build/pub_sub:/home/suwi/ros2_ws_prac/install/pub_sub/lib/python3.10/site-packages:/opt/ros/humble/lib/python3.10/site-packages:/opt/ros/humble/local/lib/python3.10/dist-packages /usr/bin/cmake --build /home/suwi/ros2_4dof_arm/build/moveit_ros_planning -- -j8 -l8
[0.948s] [  2%] Built target gmock_main
[0.990s] [  5%] Built target moveit_list_request_adapter_plugins
[0.990s] [  8%] Built target moveit_collision_plugin_loader
[1.030s] [ 11%] Built target moveit_planning_pipeline
[1.033s] [ 16%] Built target gmock
[1.040s] [ 20%] Built target moveit_rdf_loader
[1.046s] [ 23%] Built target gtest_main
[1.070s] [ 39%] Built target moveit_default_planning_request_adapter_plugins
[1.218s] [ 42%] Built target gtest
[1.304s] [ 45%] Built target moveit_constraint_sampler_manager_loader
[1.309s] [ 48%] Built target moveit_kinematics_plugin_loader
[1.547s] [ 51%] Built target moveit_robot_model_loader
[1.783s] [ 54%] Built target moveit_print_planning_model_info
[1.828s] [ 63%] Built target moveit_planning_scene_monitor
[2.131s] [ 66%] Built target demo_scene
[2.138s] [ 69%] Built target moveit_display_random_state
[2.150s] [ 72%] Built target current_state_monitor_tests
[2.153s] [ 75%] Built target planning_scene_monitor_test
[2.156s] [ 77%] Built target moveit_print_planning_scene_info
[2.164s] [ 80%] Built target moveit_visualize_robot_collision_volume
[2.167s] [ 83%] Built target trajectory_monitor_tests
[2.171s] [ 86%] Built target moveit_evaluate_collision_checking_speed
[2.397s] [ 92%] Built target moveit_publish_scene_from_text
[2.397s] [ 92%] Built target moveit_trajectory_execution_manager
[2.662s] [ 95%] Built target moveit_plan_execution
[2.664s] [100%] Built target moveit_cpp
[2.747s] Invoked command in '/home/suwi/ros2_4dof_arm/build/moveit_ros_planning' returned '0': AMENT_PREFIX_PATH=/home/suwi/ros2_4dof_arm/install/moveit_configs_utils:/home/suwi/ros2_4dof_arm/install/pilz_industrial_motion_planner_testutils:/home/suwi/ros2_4dof_arm/install/moveit_runtime:/home/suwi/ros2_4dof_arm/install/moveit:/home/suwi/ros2_4dof_arm/install/moveit_planners:/home/suwi/ros2_4dof_arm/install/pilz_industrial_motion_planner:/home/suwi/ros2_4dof_arm/install/moveit_ros_control_interface:/home/suwi/ros2_4dof_arm/install/moveit_plugins:/home/suwi/ros2_4dof_arm/install/moveit_simple_controller_manager:/home/suwi/ros2_4dof_arm/install/moveit_setup_assistant:/home/suwi/ros2_4dof_arm/install/moveit_setup_srdf_plugins:/home/suwi/ros2_4dof_arm/install/moveit_setup_core_plugins:/home/suwi/ros2_4dof_arm/install/moveit_setup_controllers:/home/suwi/ros2_4dof_arm/install/moveit_setup_app_plugins:/home/suwi/ros2_4dof_arm/install/moveit_setup_framework:/home/suwi/ros2_4dof_arm/install/moveit_servo:/home/suwi/ros2_4dof_arm/install/moveit_ros:/home/suwi/ros2_4dof_arm/install/moveit_ros_visualization:/home/suwi/ros2_4dof_arm/install/moveit_hybrid_planning:/home/suwi/ros2_4dof_arm/install/moveit_ros_planning_interface:/home/suwi/ros2_4dof_arm/install/moveit_ros_benchmarks:/home/suwi/ros2_4dof_arm/install/moveit_ros_warehouse:/home/suwi/ros2_4dof_arm/install/moveit_ros_robot_interaction:/home/suwi/ros2_4dof_arm/install/moveit_ros_perception:/home/suwi/ros2_4dof_arm/install/moveit_resources_prbt_pg70_support:/home/suwi/ros2_4dof_arm/install/moveit_resources_prbt_moveit_config:/home/suwi/ros2_4dof_arm/install/moveit_ros_move_group:/home/suwi/ros2_4dof_arm/install/moveit_planners_ompl:/home/suwi/ros2_4dof_arm/install/moveit_ros_planning:/home/suwi/ros2_4dof_arm/install/moveit_ros_occupancy_map_monitor:/home/suwi/ros2_4dof_arm/install/moveit_resources_prbt_support:/home/suwi/ros2_4dof_arm/install/moveit_resources_prbt_ikfast_manipulator_plugin:/home/suwi/ros2_4dof_arm/install/moveit_resources:/home/suwi/ros2_4dof_arm/install/moveit_resources_pr2_description:/home/suwi/ros2_4dof_arm/install/moveit_resources_panda_moveit_config:/home/suwi/ros2_4dof_arm/install/moveit_resources_panda_description:/home/suwi/ros2_4dof_arm/install/moveit_resources_fanuc_moveit_config:/home/suwi/ros2_4dof_arm/install/moveit_resources_fanuc_description:/home/suwi/ros2_4dof_arm/install/moveit_planners_chomp:/home/suwi/ros2_4dof_arm/install/moveit_kinematics:/home/suwi/ros2_4dof_arm/install/moveit_chomp_optimizer_adapter:/home/suwi/ros2_4dof_arm/install/chomp_motion_planner:/home/suwi/ros2_4dof_arm/install/moveit_core:/home/suwi/ros2_4dof_arm/install/moveit_msgs:/home/suwi/ros2_4dof_arm/install/moveit_common:/home/suwi/ros2_4dof_arm/install/four_dof_arm:/home/suwi/ros2_4dof_arm/install/dobot_description:/home/suwi/ros2_4dof_arm/src/four_dof_arm/install/four_dof_arm:/home/suwi/ros2_ws_prac/install/pub_sub:/home/suwi/ros2_ws_prac/install/my_robot_control:/opt/ros/humble CMAKE_PREFIX_PATH=/home/suwi/ros2_4dof_arm/install/moveit_ros_occupancy_map_monitor:/home/suwi/ros2_4dof_arm/install/moveit_core:/home/suwi/ros2_4dof_arm/install/moveit_resources_panda_moveit_config:/home/suwi/ros2_4dof_arm/install/moveit_resources_pr2_description:/home/suwi/ros2_4dof_arm/install/moveit_resources_panda_description:/home/suwi/ros2_4dof_arm/install/moveit_msgs:/home/suwi/ros2_4dof_arm/install/moveit_common:/home/suwi/ros2_4dof_arm/install/pilz_industrial_motion_planner_testutils:/home/suwi/ros2_4dof_arm/install/moveit_runtime:/home/suwi/ros2_4dof_arm/install/moveit:/home/suwi/ros2_4dof_arm/install/moveit_planners:/home/suwi/ros2_4dof_arm/install/pilz_industrial_motion_planner:/home/suwi/ros2_4dof_arm/install/moveit_ros_control_interface:/home/suwi/ros2_4dof_arm/install/moveit_plugins:/home/suwi/ros2_4dof_arm/install/moveit_simple_controller_manager:/home/suwi/ros2_4dof_arm/install/moveit_setup_assistant:/home/suwi/ros2_4dof_arm/install/moveit_setup_srdf_plugins:/home/suwi/ros2_4dof_arm/install/moveit_setup_core_plugins:/home/suwi/ros2_4dof_arm/install/moveit_setup_controllers:/home/suwi/ros2_4dof_arm/install/moveit_setup_app_plugins:/home/suwi/ros2_4dof_arm/install/moveit_setup_framework:/home/suwi/ros2_4dof_arm/install/moveit_servo:/home/suwi/ros2_4dof_arm/install/moveit_ros:/home/suwi/ros2_4dof_arm/install/moveit_ros_visualization:/home/suwi/ros2_4dof_arm/install/moveit_hybrid_planning:/home/suwi/ros2_4dof_arm/install/moveit_ros_planning_interface:/home/suwi/ros2_4dof_arm/install/moveit_ros_benchmarks:/home/suwi/ros2_4dof_arm/install/moveit_ros_warehouse:/home/suwi/ros2_4dof_arm/install/moveit_ros_robot_interaction:/home/suwi/ros2_4dof_arm/install/moveit_ros_perception:/home/suwi/ros2_4dof_arm/install/moveit_resources_prbt_pg70_support:/home/suwi/ros2_4dof_arm/install/moveit_resources_prbt_moveit_config:/home/suwi/ros2_4dof_arm/install/moveit_ros_move_group:/home/suwi/ros2_4dof_arm/install/moveit_planners_ompl:/home/suwi/ros2_4dof_arm/install/moveit_ros_planning:/home/suwi/ros2_4dof_arm/install/moveit_resources_prbt_support:/home/suwi/ros2_4dof_arm/install/moveit_resources_prbt_ikfast_manipulator_plugin:/home/suwi/ros2_4dof_arm/install/moveit_resources:/home/suwi/ros2_4dof_arm/install/moveit_resources_fanuc_moveit_config:/home/suwi/ros2_4dof_arm/install/moveit_resources_fanuc_description:/home/suwi/ros2_4dof_arm/install/moveit_planners_chomp:/home/suwi/ros2_4dof_arm/install/moveit_kinematics:/home/suwi/ros2_4dof_arm/install/moveit_chomp_optimizer_adapter:/home/suwi/ros2_4dof_arm/install/chomp_motion_planner:/home/suwi/ros2_4dof_arm/install/four_dof_arm:/home/suwi/ros2_4dof_arm/install/dobot_description:/home/suwi/ros2_4dof_arm/src/four_dof_arm/install/four_dof_arm:/home/suwi/ros2_ws_prac/install/my_robot_control:/home/suwi/ros2_4dof_arm/install/moveit_configs_utils:/home/suwi/ros2_ws_prac/install/pub_sub:/opt/ros/humble LD_LIBRARY_PATH=/home/suwi/ros2_4dof_arm/install/moveit_ros_occupancy_map_monitor/lib:/home/suwi/ros2_4dof_arm/install/moveit_core/lib:/home/suwi/ros2_4dof_arm/install/moveit_msgs/lib:/home/suwi/ros2_4dof_arm/install/pilz_industrial_motion_planner_testutils/lib:/home/suwi/ros2_4dof_arm/install/pilz_industrial_motion_planner/lib:/home/suwi/ros2_4dof_arm/install/moveit_ros_control_interface/lib:/home/suwi/ros2_4dof_arm/install/moveit_simple_controller_manager/lib:/home/suwi/ros2_4dof_arm/install/moveit_setup_assistant/lib:/home/suwi/ros2_4dof_arm/install/moveit_setup_srdf_plugins/lib:/home/suwi/ros2_4dof_arm/install/moveit_setup_core_plugins/lib:/home/suwi/ros2_4dof_arm/install/moveit_setup_controllers/lib:/home/suwi/ros2_4dof_arm/install/moveit_setup_app_plugins/lib:/home/suwi/ros2_4dof_arm/install/moveit_setup_framework/lib:/home/suwi/ros2_4dof_arm/install/moveit_servo/lib:/home/suwi/ros2_4dof_arm/install/moveit_ros_visualization/lib:/home/suwi/ros2_4dof_arm/install/moveit_hybrid_planning/lib:/home/suwi/ros2_4dof_arm/install/moveit_ros_planning_interface/lib:/home/suwi/ros2_4dof_arm/install/moveit_ros_benchmarks/lib:/home/suwi/ros2_4dof_arm/install/moveit_ros_warehouse/lib:/home/suwi/ros2_4dof_arm/install/moveit_ros_robot_interaction/lib:/home/suwi/ros2_4dof_arm/install/moveit_ros_perception/lib:/home/suwi/ros2_4dof_arm/install/moveit_ros_move_group/lib:/home/suwi/ros2_4dof_arm/install/moveit_planners_ompl/lib:/home/suwi/ros2_4dof_arm/install/moveit_ros_planning/lib:/home/suwi/ros2_4dof_arm/install/moveit_resources_prbt_ikfast_manipulator_plugin/lib:/home/suwi/ros2_4dof_arm/install/moveit_planners_chomp/lib:/home/suwi/ros2_4dof_arm/install/moveit_kinematics/lib:/home/suwi/ros2_4dof_arm/install/moveit_chomp_optimizer_adapter/lib:/home/suwi/ros2_4dof_arm/install/chomp_motion_planner/lib:/opt/ros/humble/opt/rviz_ogre_vendor/lib:/opt/ros/humble/lib/x86_64-linux-gnu:/opt/ros/humble/lib PYTHONPATH=/home/suwi/ros2_4dof_arm/install/moveit_configs_utils/lib/python3.10/site-packages:/home/suwi/ros2_4dof_arm/install/moveit_msgs/local/lib/python3.10/dist-packages:/home/suwi/ros2_ws_prac/build/pub_sub:/home/suwi/ros2_ws_prac/install/pub_sub/lib/python3.10/site-packages:/opt/ros/humble/lib/python3.10/site-packages:/opt/ros/humble/local/lib/python3.10/dist-packages /usr/bin/cmake --build /home/suwi/ros2_4dof_arm/build/moveit_ros_planning -- -j8 -l8
[2.754s] Invoking command in '/home/suwi/ros2_4dof_arm/build/moveit_ros_planning': AMENT_PREFIX_PATH=/home/suwi/ros2_4dof_arm/install/moveit_configs_utils:/home/suwi/ros2_4dof_arm/install/pilz_industrial_motion_planner_testutils:/home/suwi/ros2_4dof_arm/install/moveit_runtime:/home/suwi/ros2_4dof_arm/install/moveit:/home/suwi/ros2_4dof_arm/install/moveit_planners:/home/suwi/ros2_4dof_arm/install/pilz_industrial_motion_planner:/home/suwi/ros2_4dof_arm/install/moveit_ros_control_interface:/home/suwi/ros2_4dof_arm/install/moveit_plugins:/home/suwi/ros2_4dof_arm/install/moveit_simple_controller_manager:/home/suwi/ros2_4dof_arm/install/moveit_setup_assistant:/home/suwi/ros2_4dof_arm/install/moveit_setup_srdf_plugins:/home/suwi/ros2_4dof_arm/install/moveit_setup_core_plugins:/home/suwi/ros2_4dof_arm/install/moveit_setup_controllers:/home/suwi/ros2_4dof_arm/install/moveit_setup_app_plugins:/home/suwi/ros2_4dof_arm/install/moveit_setup_framework:/home/suwi/ros2_4dof_arm/install/moveit_servo:/home/suwi/ros2_4dof_arm/install/moveit_ros:/home/suwi/ros2_4dof_arm/install/moveit_ros_visualization:/home/suwi/ros2_4dof_arm/install/moveit_hybrid_planning:/home/suwi/ros2_4dof_arm/install/moveit_ros_planning_interface:/home/suwi/ros2_4dof_arm/install/moveit_ros_benchmarks:/home/suwi/ros2_4dof_arm/install/moveit_ros_warehouse:/home/suwi/ros2_4dof_arm/install/moveit_ros_robot_interaction:/home/suwi/ros2_4dof_arm/install/moveit_ros_perception:/home/suwi/ros2_4dof_arm/install/moveit_resources_prbt_pg70_support:/home/suwi/ros2_4dof_arm/install/moveit_resources_prbt_moveit_config:/home/suwi/ros2_4dof_arm/install/moveit_ros_move_group:/home/suwi/ros2_4dof_arm/install/moveit_planners_ompl:/home/suwi/ros2_4dof_arm/install/moveit_ros_planning:/home/suwi/ros2_4dof_arm/install/moveit_ros_occupancy_map_monitor:/home/suwi/ros2_4dof_arm/install/moveit_resources_prbt_support:/home/suwi/ros2_4dof_arm/install/moveit_resources_prbt_ikfast_manipulator_plugin:/home/suwi/ros2_4dof_arm/install/moveit_resources:/home/suwi/ros2_4dof_arm/install/moveit_resources_pr2_description:/home/suwi/ros2_4dof_arm/install/moveit_resources_panda_moveit_config:/home/suwi/ros2_4dof_arm/install/moveit_resources_panda_description:/home/suwi/ros2_4dof_arm/install/moveit_resources_fanuc_moveit_config:/home/suwi/ros2_4dof_arm/install/moveit_resources_fanuc_description:/home/suwi/ros2_4dof_arm/install/moveit_planners_chomp:/home/suwi/ros2_4dof_arm/install/moveit_kinematics:/home/suwi/ros2_4dof_arm/install/moveit_chomp_optimizer_adapter:/home/suwi/ros2_4dof_arm/install/chomp_motion_planner:/home/suwi/ros2_4dof_arm/install/moveit_core:/home/suwi/ros2_4dof_arm/install/moveit_msgs:/home/suwi/ros2_4dof_arm/install/moveit_common:/home/suwi/ros2_4dof_arm/install/four_dof_arm:/home/suwi/ros2_4dof_arm/install/dobot_description:/home/suwi/ros2_4dof_arm/src/four_dof_arm/install/four_dof_arm:/home/suwi/ros2_ws_prac/install/pub_sub:/home/suwi/ros2_ws_prac/install/my_robot_control:/opt/ros/humble CMAKE_PREFIX_PATH=/home/suwi/ros2_4dof_arm/install/moveit_ros_occupancy_map_monitor:/home/suwi/ros2_4dof_arm/install/moveit_core:/home/suwi/ros2_4dof_arm/install/moveit_resources_panda_moveit_config:/home/suwi/ros2_4dof_arm/install/moveit_resources_pr2_description:/home/suwi/ros2_4dof_arm/install/moveit_resources_panda_description:/home/suwi/ros2_4dof_arm/install/moveit_msgs:/home/suwi/ros2_4dof_arm/install/moveit_common:/home/suwi/ros2_4dof_arm/install/pilz_industrial_motion_planner_testutils:/home/suwi/ros2_4dof_arm/install/moveit_runtime:/home/suwi/ros2_4dof_arm/install/moveit:/home/suwi/ros2_4dof_arm/install/moveit_planners:/home/suwi/ros2_4dof_arm/install/pilz_industrial_motion_planner:/home/suwi/ros2_4dof_arm/install/moveit_ros_control_interface:/home/suwi/ros2_4dof_arm/install/moveit_plugins:/home/suwi/ros2_4dof_arm/install/moveit_simple_controller_manager:/home/suwi/ros2_4dof_arm/install/moveit_setup_assistant:/home/suwi/ros2_4dof_arm/install/moveit_setup_srdf_plugins:/home/suwi/ros2_4dof_arm/install/moveit_setup_core_plugins:/home/suwi/ros2_4dof_arm/install/moveit_setup_controllers:/home/suwi/ros2_4dof_arm/install/moveit_setup_app_plugins:/home/suwi/ros2_4dof_arm/install/moveit_setup_framework:/home/suwi/ros2_4dof_arm/install/moveit_servo:/home/suwi/ros2_4dof_arm/install/moveit_ros:/home/suwi/ros2_4dof_arm/install/moveit_ros_visualization:/home/suwi/ros2_4dof_arm/install/moveit_hybrid_planning:/home/suwi/ros2_4dof_arm/install/moveit_ros_planning_interface:/home/suwi/ros2_4dof_arm/install/moveit_ros_benchmarks:/home/suwi/ros2_4dof_arm/install/moveit_ros_warehouse:/home/suwi/ros2_4dof_arm/install/moveit_ros_robot_interaction:/home/suwi/ros2_4dof_arm/install/moveit_ros_perception:/home/suwi/ros2_4dof_arm/install/moveit_resources_prbt_pg70_support:/home/suwi/ros2_4dof_arm/install/moveit_resources_prbt_moveit_config:/home/suwi/ros2_4dof_arm/install/moveit_ros_move_group:/home/suwi/ros2_4dof_arm/install/moveit_planners_ompl:/home/suwi/ros2_4dof_arm/install/moveit_ros_planning:/home/suwi/ros2_4dof_arm/install/moveit_resources_prbt_support:/home/suwi/ros2_4dof_arm/install/moveit_resources_prbt_ikfast_manipulator_plugin:/home/suwi/ros2_4dof_arm/install/moveit_resources:/home/suwi/ros2_4dof_arm/install/moveit_resources_fanuc_moveit_config:/home/suwi/ros2_4dof_arm/install/moveit_resources_fanuc_description:/home/suwi/ros2_4dof_arm/install/moveit_planners_chomp:/home/suwi/ros2_4dof_arm/install/moveit_kinematics:/home/suwi/ros2_4dof_arm/install/moveit_chomp_optimizer_adapter:/home/suwi/ros2_4dof_arm/install/chomp_motion_planner:/home/suwi/ros2_4dof_arm/install/four_dof_arm:/home/suwi/ros2_4dof_arm/install/dobot_description:/home/suwi/ros2_4dof_arm/src/four_dof_arm/install/four_dof_arm:/home/suwi/ros2_ws_prac/install/my_robot_control:/home/suwi/ros2_4dof_arm/install/moveit_configs_utils:/home/suwi/ros2_ws_prac/install/pub_sub:/opt/ros/humble LD_LIBRARY_PATH=/home/suwi/ros2_4dof_arm/install/moveit_ros_occupancy_map_monitor/lib:/home/suwi/ros2_4dof_arm/install/moveit_core/lib:/home/suwi/ros2_4dof_arm/install/moveit_msgs/lib:/home/suwi/ros2_4dof_arm/install/pilz_industrial_motion_planner_testutils/lib:/home/suwi/ros2_4dof_arm/install/pilz_industrial_motion_planner/lib:/home/suwi/ros2_4dof_arm/install/moveit_ros_control_interface/lib:/home/suwi/ros2_4dof_arm/install/moveit_simple_controller_manager/lib:/home/suwi/ros2_4dof_arm/install/moveit_setup_assistant/lib:/home/suwi/ros2_4dof_arm/install/moveit_setup_srdf_plugins/lib:/home/suwi/ros2_4dof_arm/install/moveit_setup_core_plugins/lib:/home/suwi/ros2_4dof_arm/install/moveit_setup_controllers/lib:/home/suwi/ros2_4dof_arm/install/moveit_setup_app_plugins/lib:/home/suwi/ros2_4dof_arm/install/moveit_setup_framework/lib:/home/suwi/ros2_4dof_arm/install/moveit_servo/lib:/home/suwi/ros2_4dof_arm/install/moveit_ros_visualization/lib:/home/suwi/ros2_4dof_arm/install/moveit_hybrid_planning/lib:/home/suwi/ros2_4dof_arm/install/moveit_ros_planning_interface/lib:/home/suwi/ros2_4dof_arm/install/moveit_ros_benchmarks/lib:/home/suwi/ros2_4dof_arm/install/moveit_ros_warehouse/lib:/home/suwi/ros2_4dof_arm/install/moveit_ros_robot_interaction/lib:/home/suwi/ros2_4dof_arm/install/moveit_ros_perception/lib:/home/suwi/ros2_4dof_arm/install/moveit_ros_move_group/lib:/home/suwi/ros2_4dof_arm/install/moveit_planners_ompl/lib:/home/suwi/ros2_4dof_arm/install/moveit_ros_planning/lib:/home/suwi/ros2_4dof_arm/install/moveit_resources_prbt_ikfast_manipulator_plugin/lib:/home/suwi/ros2_4dof_arm/install/moveit_planners_chomp/lib:/home/suwi/ros2_4dof_arm/install/moveit_kinematics/lib:/home/suwi/ros2_4dof_arm/install/moveit_chomp_optimizer_adapter/lib:/home/suwi/ros2_4dof_arm/install/chomp_motion_planner/lib:/opt/ros/humble/opt/rviz_ogre_vendor/lib:/opt/ros/humble/lib/x86_64-linux-gnu:/opt/ros/humble/lib PYTHONPATH=/home/suwi/ros2_4dof_arm/install/moveit_configs_utils/lib/python3.10/site-packages:/home/suwi/ros2_4dof_arm/install/moveit_msgs/local/lib/python3.10/dist-packages:/home/suwi/ros2_ws_prac/build/pub_sub:/home/suwi/ros2_ws_prac/install/pub_sub/lib/python3.10/site-packages:/opt/ros/humble/lib/python3.10/site-packages:/opt/ros/humble/local/lib/python3.10/dist-packages /usr/bin/cmake --install /home/suwi/ros2_4dof_arm/build/moveit_ros_planning
[2.817s] -- Install configuration: "Release"
[2.818s] -- Up-to-date: /home/suwi/ros2_4dof_arm/install/moveit_ros_planning/include
[2.818s] -- Up-to-date: /home/suwi/ros2_4dof_arm/install/moveit_ros_planning/include/moveit
[2.819s] -- Up-to-date: /home/suwi/ros2_4dof_arm/install/moveit_ros_planning/include/moveit/rdf_loader
[2.820s] -- Up-to-date: /home/suwi/ros2_4dof_arm/install/moveit_ros_planning/include/moveit/rdf_loader/synchronized_string_parameter.h
[2.821s] -- Up-to-date: /home/suwi/ros2_4dof_arm/install/moveit_ros_planning/include/moveit/rdf_loader/rdf_loader.h
[2.821s] -- Up-to-date: /home/suwi/ros2_4dof_arm/install/moveit_ros_planning/share/moveit_ros_planning/rdf_loader/test/data
[2.822s] -- Up-to-date: /home/suwi/ros2_4dof_arm/install/moveit_ros_planning/share/moveit_ros_planning/rdf_loader/test/data/robin.srdf.xacro
[2.823s] -- Up-to-date: /home/suwi/ros2_4dof_arm/install/moveit_ros_planning/share/moveit_ros_planning/rdf_loader/test/data/kermit.srdf
[2.823s] -- Up-to-date: /home/suwi/ros2_4dof_arm/install/moveit_ros_planning/share/moveit_ros_planning/rdf_loader/test/data/kermit.urdf
[2.823s] -- Up-to-date: /home/suwi/ros2_4dof_arm/install/moveit_ros_planning/share/moveit_ros_planning/rdf_loader/test/data/gonzo.srdf
[2.824s] -- Up-to-date: /home/suwi/ros2_4dof_arm/install/moveit_ros_planning/share/moveit_ros_planning/rdf_loader/test/data/gonzo.urdf
[2.824s] -- Up-to-date: /home/suwi/ros2_4dof_arm/install/moveit_ros_planning/share/moveit_ros_planning/rdf_loader/test/launch
[2.825s] -- Up-to-date: /home/suwi/ros2_4dof_arm/install/moveit_ros_planning/share/moveit_ros_planning/rdf_loader/test/launch/test_rdf_integration.test.py
[2.825s] -- Up-to-date: /home/suwi/ros2_4dof_arm/install/moveit_ros_planning/include
[2.825s] -- Up-to-date: /home/suwi/ros2_4dof_arm/install/moveit_ros_planning/include/moveit
[2.826s] -- Up-to-date: /home/suwi/ros2_4dof_arm/install/moveit_ros_planning/include/moveit/collision_plugin_loader
[2.826s] -- Up-to-date: /home/suwi/ros2_4dof_arm/install/moveit_ros_planning/include/moveit/collision_plugin_loader/collision_plugin_loader.h
[2.827s] -- Up-to-date: /home/suwi/ros2_4dof_arm/install/moveit_ros_planning/include
[2.827s] -- Up-to-date: /home/suwi/ros2_4dof_arm/install/moveit_ros_planning/include/moveit
[2.827s] -- Up-to-date: /home/suwi/ros2_4dof_arm/install/moveit_ros_planning/include/moveit/kinematics_plugin_loader
[2.827s] -- Up-to-date: /home/suwi/ros2_4dof_arm/install/moveit_ros_planning/include/moveit/kinematics_plugin_loader/kinematics_plugin_loader.h
[2.828s] -- Up-to-date: /home/suwi/ros2_4dof_arm/install/moveit_ros_planning/include
[2.828s] -- Up-to-date: /home/suwi/ros2_4dof_arm/install/moveit_ros_planning/include/moveit
[2.829s] -- Up-to-date: /home/suwi/ros2_4dof_arm/install/moveit_ros_planning/include/moveit/robot_model_loader
[2.829s] -- Up-to-date: /home/suwi/ros2_4dof_arm/install/moveit_ros_planning/include/moveit/robot_model_loader/robot_model_loader.h
[2.830s] -- Up-to-date: /home/suwi/ros2_4dof_arm/install/moveit_ros_planning/include
[2.830s] -- Up-to-date: /home/suwi/ros2_4dof_arm/install/moveit_ros_planning/include/moveit
[2.830s] -- Up-to-date: /home/suwi/ros2_4dof_arm/install/moveit_ros_planning/include/moveit/constraint_sampler_manager_loader
[2.830s] -- Up-to-date: /home/suwi/ros2_4dof_arm/install/moveit_ros_planning/include/moveit/constraint_sampler_manager_loader/constraint_sampler_manager_loader.h
[2.831s] -- Up-to-date: /home/suwi/ros2_4dof_arm/install/moveit_ros_planning/include
[2.831s] -- Up-to-date: /home/suwi/ros2_4dof_arm/install/moveit_ros_planning/include/moveit
[2.832s] -- Up-to-date: /home/suwi/ros2_4dof_arm/install/moveit_ros_planning/include/moveit/planning_pipeline
[2.832s] -- Up-to-date: /home/suwi/ros2_4dof_arm/install/moveit_ros_planning/include/moveit/planning_pipeline/planning_pipeline.h
[2.833s] -- Up-to-date: /home/suwi/ros2_4dof_arm/install/moveit_ros_planning/include/moveit_planning_pipeline_export.h
[2.833s] -- Up-to-date: /home/suwi/ros2_4dof_arm/install/moveit_ros_planning/lib/moveit_ros_planning/moveit_list_request_adapter_plugins
[2.836s] -- Up-to-date: /home/suwi/ros2_4dof_arm/install/moveit_ros_planning/lib/moveit_ros_planning/demo_scene
[2.839s] -- Up-to-date: /home/suwi/ros2_4dof_arm/install/moveit_ros_planning/include
[2.839s] -- Up-to-date: /home/suwi/ros2_4dof_arm/install/moveit_ros_planning/include/moveit
[2.839s] -- Up-to-date: /home/suwi/ros2_4dof_arm/install/moveit_ros_planning/include/moveit/planning_scene_monitor
[2.839s] -- Up-to-date: /home/suwi/ros2_4dof_arm/install/moveit_ros_planning/include/moveit/planning_scene_monitor/trajectory_monitor_middleware_handle.hpp
[2.840s] -- Up-to-date: /home/suwi/ros2_4dof_arm/install/moveit_ros_planning/include/moveit/planning_scene_monitor/current_state_monitor_middleware_handle.hpp
[2.840s] -- Up-to-date: /home/suwi/ros2_4dof_arm/install/moveit_ros_planning/include/moveit/planning_scene_monitor/current_state_monitor.h
[2.840s] -- Up-to-date: /home/suwi/ros2_4dof_arm/install/moveit_ros_planning/include/moveit/planning_scene_monitor/planning_scene_monitor.h
[2.841s] -- Up-to-date: /home/suwi/ros2_4dof_arm/install/moveit_ros_planning/include/moveit/planning_scene_monitor/trajectory_monitor.h
[2.841s] -- Up-to-date: /home/suwi/ros2_4dof_arm/install/moveit_ros_planning/include/moveit_planning_scene_monitor_export.h
[2.843s] -- Up-to-date: /home/suwi/ros2_4dof_arm/install/moveit_ros_planning/lib/moveit_ros_planning/moveit_print_planning_model_info
[2.848s] -- Up-to-date: /home/suwi/ros2_4dof_arm/install/moveit_ros_planning/lib/moveit_ros_planning/moveit_print_planning_scene_info
[2.852s] -- Up-to-date: /home/suwi/ros2_4dof_arm/install/moveit_ros_planning/lib/moveit_ros_planning/moveit_display_random_state
[2.857s] -- Up-to-date: /home/suwi/ros2_4dof_arm/install/moveit_ros_planning/lib/moveit_ros_planning/moveit_visualize_robot_collision_volume
[2.862s] -- Up-to-date: /home/suwi/ros2_4dof_arm/install/moveit_ros_planning/lib/moveit_ros_planning/moveit_evaluate_collision_checking_speed
[2.868s] -- Up-to-date: /home/suwi/ros2_4dof_arm/install/moveit_ros_planning/lib/moveit_ros_planning/moveit_publish_scene_from_text
[2.871s] -- Up-to-date: /home/suwi/ros2_4dof_arm/install/moveit_ros_planning/include
[2.871s] -- Up-to-date: /home/suwi/ros2_4dof_arm/install/moveit_ros_planning/include/moveit
[2.872s] -- Up-to-date: /home/suwi/ros2_4dof_arm/install/moveit_ros_planning/include/moveit/trajectory_execution_manager
[2.872s] -- Up-to-date: /home/suwi/ros2_4dof_arm/install/moveit_ros_planning/include/moveit/trajectory_execution_manager/trajectory_execution_manager.h
[2.872s] -- Up-to-date: /home/suwi/ros2_4dof_arm/install/moveit_ros_planning/include/moveit_trajectory_execution_manager_export.h
[2.873s] -- Up-to-date: /home/suwi/ros2_4dof_arm/install/moveit_ros_planning/include
[2.873s] -- Up-to-date: /home/suwi/ros2_4dof_arm/install/moveit_ros_planning/include/moveit
[2.874s] -- Up-to-date: /home/suwi/ros2_4dof_arm/install/moveit_ros_planning/include/moveit/plan_execution
[2.874s] -- Up-to-date: /home/suwi/ros2_4dof_arm/install/moveit_ros_planning/include/moveit/plan_execution/plan_representation.h
[2.874s] -- Up-to-date: /home/suwi/ros2_4dof_arm/install/moveit_ros_planning/include/moveit/plan_execution/plan_execution.h
[2.875s] -- Up-to-date: /home/suwi/ros2_4dof_arm/install/moveit_ros_planning/include
[2.875s] -- Up-to-date: /home/suwi/ros2_4dof_arm/install/moveit_ros_planning/include/moveit
[2.875s] -- Up-to-date: /home/suwi/ros2_4dof_arm/install/moveit_ros_planning/include/moveit/moveit_cpp
[2.876s] -- Up-to-date: /home/suwi/ros2_4dof_arm/install/moveit_ros_planning/include/moveit/moveit_cpp/moveit_cpp.h
[2.876s] -- Up-to-date: /home/suwi/ros2_4dof_arm/install/moveit_ros_planning/include/moveit/moveit_cpp/planning_component.h
[2.878s] -- Up-to-date: /home/suwi/ros2_4dof_arm/install/moveit_ros_planning/lib/libmoveit_rdf_loader.so.2.5.8
[2.880s] -- Up-to-date: /home/suwi/ros2_4dof_arm/install/moveit_ros_planning/lib/libmoveit_rdf_loader.so
[2.883s] -- Up-to-date: /home/suwi/ros2_4dof_arm/install/moveit_ros_planning/lib/libmoveit_kinematics_plugin_loader.so.2.5.8
[2.885s] -- Up-to-date: /home/suwi/ros2_4dof_arm/install/moveit_ros_planning/lib/libmoveit_kinematics_plugin_loader.so
[2.887s] -- Up-to-date: /home/suwi/ros2_4dof_arm/install/moveit_ros_planning/lib/libmoveit_robot_model_loader.so.2.5.8
[2.890s] -- Up-to-date: /home/suwi/ros2_4dof_arm/install/moveit_ros_planning/lib/libmoveit_robot_model_loader.so
[2.892s] -- Up-to-date: /home/suwi/ros2_4dof_arm/install/moveit_ros_planning/lib/libmoveit_constraint_sampler_manager_loader.so.2.5.8
[2.895s] -- Up-to-date: /home/suwi/ros2_4dof_arm/install/moveit_ros_planning/lib/libmoveit_constraint_sampler_manager_loader.so
[2.897s] -- Up-to-date: /home/suwi/ros2_4dof_arm/install/moveit_ros_planning/lib/libmoveit_planning_pipeline.so.2.5.8
[2.900s] -- Up-to-date: /home/suwi/ros2_4dof_arm/install/moveit_ros_planning/lib/libmoveit_planning_pipeline.so
[2.903s] -- Up-to-date: /home/suwi/ros2_4dof_arm/install/moveit_ros_planning/lib/libmoveit_trajectory_execution_manager.so.2.5.8
[2.905s] -- Up-to-date: /home/suwi/ros2_4dof_arm/install/moveit_ros_planning/lib/libmoveit_trajectory_execution_manager.so
[2.908s] -- Up-to-date: /home/suwi/ros2_4dof_arm/install/moveit_ros_planning/lib/libmoveit_plan_execution.so.2.5.8
[2.910s] -- Up-to-date: /home/suwi/ros2_4dof_arm/install/moveit_ros_planning/lib/libmoveit_plan_execution.so
[2.913s] -- Up-to-date: /home/suwi/ros2_4dof_arm/install/moveit_ros_planning/lib/libmoveit_planning_scene_monitor.so.2.5.8
[2.916s] -- Up-to-date: /home/suwi/ros2_4dof_arm/install/moveit_ros_planning/lib/libmoveit_planning_scene_monitor.so
[2.918s] -- Up-to-date: /home/suwi/ros2_4dof_arm/install/moveit_ros_planning/lib/libmoveit_collision_plugin_loader.so.2.5.8
[2.921s] -- Up-to-date: /home/suwi/ros2_4dof_arm/install/moveit_ros_planning/lib/libmoveit_collision_plugin_loader.so
[2.923s] -- Up-to-date: /home/suwi/ros2_4dof_arm/install/moveit_ros_planning/lib/libmoveit_default_planning_request_adapter_plugins.so.2.5.8
[2.926s] -- Up-to-date: /home/suwi/ros2_4dof_arm/install/moveit_ros_planning/lib/libmoveit_default_planning_request_adapter_plugins.so
[2.928s] -- Up-to-date: /home/suwi/ros2_4dof_arm/install/moveit_ros_planning/lib/libmoveit_cpp.so.2.5.8
[2.931s] -- Up-to-date: /home/suwi/ros2_4dof_arm/install/moveit_ros_planning/lib/libmoveit_cpp.so
[2.931s] -- Up-to-date: /home/suwi/ros2_4dof_arm/install/moveit_ros_planning/share/moveit_ros_planning/environment/library_path.sh
[2.932s] -- Up-to-date: /home/suwi/ros2_4dof_arm/install/moveit_ros_planning/share/moveit_ros_planning/environment/library_path.dsv
[2.932s] -- Up-to-date: /home/suwi/ros2_4dof_arm/install/moveit_ros_planning/share/moveit_ros_planning/planning_request_adapters_plugin_description.xml
[2.933s] -- Up-to-date: /home/suwi/ros2_4dof_arm/install/moveit_ros_planning/share/ament_index/resource_index/package_run_dependencies/moveit_ros_planning
[2.933s] -- Up-to-date: /home/suwi/ros2_4dof_arm/install/moveit_ros_planning/share/ament_index/resource_index/parent_prefix_path/moveit_ros_planning
[2.934s] -- Up-to-date: /home/suwi/ros2_4dof_arm/install/moveit_ros_planning/share/moveit_ros_planning/environment/ament_prefix_path.sh
[2.934s] -- Up-to-date: /home/suwi/ros2_4dof_arm/install/moveit_ros_planning/share/moveit_ros_planning/environment/ament_prefix_path.dsv
[2.935s] -- Up-to-date: /home/suwi/ros2_4dof_arm/install/moveit_ros_planning/share/moveit_ros_planning/environment/path.sh
[2.935s] -- Up-to-date: /home/suwi/ros2_4dof_arm/install/moveit_ros_planning/share/moveit_ros_planning/environment/path.dsv
[2.936s] -- Up-to-date: /home/suwi/ros2_4dof_arm/install/moveit_ros_planning/share/moveit_ros_planning/local_setup.bash
[2.936s] -- Up-to-date: /home/suwi/ros2_4dof_arm/install/moveit_ros_planning/share/moveit_ros_planning/local_setup.sh
[2.937s] -- Up-to-date: /home/suwi/ros2_4dof_arm/install/moveit_ros_planning/share/moveit_ros_planning/local_setup.zsh
[2.937s] -- Up-to-date: /home/suwi/ros2_4dof_arm/install/moveit_ros_planning/share/moveit_ros_planning/local_setup.dsv
[2.937s] -- Installing: /home/suwi/ros2_4dof_arm/install/moveit_ros_planning/share/moveit_ros_planning/package.dsv
[2.937s] -- Up-to-date: /home/suwi/ros2_4dof_arm/install/moveit_ros_planning/share/ament_index/resource_index/packages/moveit_ros_planning
[2.938s] -- Up-to-date: /home/suwi/ros2_4dof_arm/install/moveit_ros_planning/share/ament_index/resource_index/moveit_core__pluginlib__plugin/moveit_ros_planning
[2.938s] -- Up-to-date: /home/suwi/ros2_4dof_arm/install/moveit_ros_planning/share/moveit_ros_planning/cmake/export_moveit_ros_planningExport.cmake
[2.939s] -- Up-to-date: /home/suwi/ros2_4dof_arm/install/moveit_ros_planning/share/moveit_ros_planning/cmake/export_moveit_ros_planningExport-release.cmake
[2.939s] -- Up-to-date: /home/suwi/ros2_4dof_arm/install/moveit_ros_planning/share/moveit_ros_planning/cmake/ConfigExtras.cmake
[2.939s] -- Up-to-date: /home/suwi/ros2_4dof_arm/install/moveit_ros_planning/share/moveit_ros_planning/cmake/ament_cmake_export_targets-extras.cmake
[2.940s] -- Up-to-date: /home/suwi/ros2_4dof_arm/install/moveit_ros_planning/share/moveit_ros_planning/cmake/ament_cmake_export_dependencies-extras.cmake
[2.940s] -- Up-to-date: /home/suwi/ros2_4dof_arm/install/moveit_ros_planning/share/moveit_ros_planning/cmake/moveit_ros_planningConfig.cmake
[2.941s] -- Up-to-date: /home/suwi/ros2_4dof_arm/install/moveit_ros_planning/share/moveit_ros_planning/cmake/moveit_ros_planningConfig-version.cmake
[2.941s] -- Up-to-date: /home/suwi/ros2_4dof_arm/install/moveit_ros_planning/share/moveit_ros_planning/package.xml
[2.945s] Invoked command in '/home/suwi/ros2_4dof_arm/build/moveit_ros_planning' returned '0': AMENT_PREFIX_PATH=/home/suwi/ros2_4dof_arm/install/moveit_configs_utils:/home/suwi/ros2_4dof_arm/install/pilz_industrial_motion_planner_testutils:/home/suwi/ros2_4dof_arm/install/moveit_runtime:/home/suwi/ros2_4dof_arm/install/moveit:/home/suwi/ros2_4dof_arm/install/moveit_planners:/home/suwi/ros2_4dof_arm/install/pilz_industrial_motion_planner:/home/suwi/ros2_4dof_arm/install/moveit_ros_control_interface:/home/suwi/ros2_4dof_arm/install/moveit_plugins:/home/suwi/ros2_4dof_arm/install/moveit_simple_controller_manager:/home/suwi/ros2_4dof_arm/install/moveit_setup_assistant:/home/suwi/ros2_4dof_arm/install/moveit_setup_srdf_plugins:/home/suwi/ros2_4dof_arm/install/moveit_setup_core_plugins:/home/suwi/ros2_4dof_arm/install/moveit_setup_controllers:/home/suwi/ros2_4dof_arm/install/moveit_setup_app_plugins:/home/suwi/ros2_4dof_arm/install/moveit_setup_framework:/home/suwi/ros2_4dof_arm/install/moveit_servo:/home/suwi/ros2_4dof_arm/install/moveit_ros:/home/suwi/ros2_4dof_arm/install/moveit_ros_visualization:/home/suwi/ros2_4dof_arm/install/moveit_hybrid_planning:/home/suwi/ros2_4dof_arm/install/moveit_ros_planning_interface:/home/suwi/ros2_4dof_arm/install/moveit_ros_benchmarks:/home/suwi/ros2_4dof_arm/install/moveit_ros_warehouse:/home/suwi/ros2_4dof_arm/install/moveit_ros_robot_interaction:/home/suwi/ros2_4dof_arm/install/moveit_ros_perception:/home/suwi/ros2_4dof_arm/install/moveit_resources_prbt_pg70_support:/home/suwi/ros2_4dof_arm/install/moveit_resources_prbt_moveit_config:/home/suwi/ros2_4dof_arm/install/moveit_ros_move_group:/home/suwi/ros2_4dof_arm/install/moveit_planners_ompl:/home/suwi/ros2_4dof_arm/install/moveit_ros_planning:/home/suwi/ros2_4dof_arm/install/moveit_ros_occupancy_map_monitor:/home/suwi/ros2_4dof_arm/install/moveit_resources_prbt_support:/home/suwi/ros2_4dof_arm/install/moveit_resources_prbt_ikfast_manipulator_plugin:/home/suwi/ros2_4dof_arm/install/moveit_resources:/home/suwi/ros2_4dof_arm/install/moveit_resources_pr2_description:/home/suwi/ros2_4dof_arm/install/moveit_resources_panda_moveit_config:/home/suwi/ros2_4dof_arm/install/moveit_resources_panda_description:/home/suwi/ros2_4dof_arm/install/moveit_resources_fanuc_moveit_config:/home/suwi/ros2_4dof_arm/install/moveit_resources_fanuc_description:/home/suwi/ros2_4dof_arm/install/moveit_planners_chomp:/home/suwi/ros2_4dof_arm/install/moveit_kinematics:/home/suwi/ros2_4dof_arm/install/moveit_chomp_optimizer_adapter:/home/suwi/ros2_4dof_arm/install/chomp_motion_planner:/home/suwi/ros2_4dof_arm/install/moveit_core:/home/suwi/ros2_4dof_arm/install/moveit_msgs:/home/suwi/ros2_4dof_arm/install/moveit_common:/home/suwi/ros2_4dof_arm/install/four_dof_arm:/home/suwi/ros2_4dof_arm/install/dobot_description:/home/suwi/ros2_4dof_arm/src/four_dof_arm/install/four_dof_arm:/home/suwi/ros2_ws_prac/install/pub_sub:/home/suwi/ros2_ws_prac/install/my_robot_control:/opt/ros/humble CMAKE_PREFIX_PATH=/home/suwi/ros2_4dof_arm/install/moveit_ros_occupancy_map_monitor:/home/suwi/ros2_4dof_arm/install/moveit_core:/home/suwi/ros2_4dof_arm/install/moveit_resources_panda_moveit_config:/home/suwi/ros2_4dof_arm/install/moveit_resources_pr2_description:/home/suwi/ros2_4dof_arm/install/moveit_resources_panda_description:/home/suwi/ros2_4dof_arm/install/moveit_msgs:/home/suwi/ros2_4dof_arm/install/moveit_common:/home/suwi/ros2_4dof_arm/install/pilz_industrial_motion_planner_testutils:/home/suwi/ros2_4dof_arm/install/moveit_runtime:/home/suwi/ros2_4dof_arm/install/moveit:/home/suwi/ros2_4dof_arm/install/moveit_planners:/home/suwi/ros2_4dof_arm/install/pilz_industrial_motion_planner:/home/suwi/ros2_4dof_arm/install/moveit_ros_control_interface:/home/suwi/ros2_4dof_arm/install/moveit_plugins:/home/suwi/ros2_4dof_arm/install/moveit_simple_controller_manager:/home/suwi/ros2_4dof_arm/install/moveit_setup_assistant:/home/suwi/ros2_4dof_arm/install/moveit_setup_srdf_plugins:/home/suwi/ros2_4dof_arm/install/moveit_setup_core_plugins:/home/suwi/ros2_4dof_arm/install/moveit_setup_controllers:/home/suwi/ros2_4dof_arm/install/moveit_setup_app_plugins:/home/suwi/ros2_4dof_arm/install/moveit_setup_framework:/home/suwi/ros2_4dof_arm/install/moveit_servo:/home/suwi/ros2_4dof_arm/install/moveit_ros:/home/suwi/ros2_4dof_arm/install/moveit_ros_visualization:/home/suwi/ros2_4dof_arm/install/moveit_hybrid_planning:/home/suwi/ros2_4dof_arm/install/moveit_ros_planning_interface:/home/suwi/ros2_4dof_arm/install/moveit_ros_benchmarks:/home/suwi/ros2_4dof_arm/install/moveit_ros_warehouse:/home/suwi/ros2_4dof_arm/install/moveit_ros_robot_interaction:/home/suwi/ros2_4dof_arm/install/moveit_ros_perception:/home/suwi/ros2_4dof_arm/install/moveit_resources_prbt_pg70_support:/home/suwi/ros2_4dof_arm/install/moveit_resources_prbt_moveit_config:/home/suwi/ros2_4dof_arm/install/moveit_ros_move_group:/home/suwi/ros2_4dof_arm/install/moveit_planners_ompl:/home/suwi/ros2_4dof_arm/install/moveit_ros_planning:/home/suwi/ros2_4dof_arm/install/moveit_resources_prbt_support:/home/suwi/ros2_4dof_arm/install/moveit_resources_prbt_ikfast_manipulator_plugin:/home/suwi/ros2_4dof_arm/install/moveit_resources:/home/suwi/ros2_4dof_arm/install/moveit_resources_fanuc_moveit_config:/home/suwi/ros2_4dof_arm/install/moveit_resources_fanuc_description:/home/suwi/ros2_4dof_arm/install/moveit_planners_chomp:/home/suwi/ros2_4dof_arm/install/moveit_kinematics:/home/suwi/ros2_4dof_arm/install/moveit_chomp_optimizer_adapter:/home/suwi/ros2_4dof_arm/install/chomp_motion_planner:/home/suwi/ros2_4dof_arm/install/four_dof_arm:/home/suwi/ros2_4dof_arm/install/dobot_description:/home/suwi/ros2_4dof_arm/src/four_dof_arm/install/four_dof_arm:/home/suwi/ros2_ws_prac/install/my_robot_control:/home/suwi/ros2_4dof_arm/install/moveit_configs_utils:/home/suwi/ros2_ws_prac/install/pub_sub:/opt/ros/humble LD_LIBRARY_PATH=/home/suwi/ros2_4dof_arm/install/moveit_ros_occupancy_map_monitor/lib:/home/suwi/ros2_4dof_arm/install/moveit_core/lib:/home/suwi/ros2_4dof_arm/install/moveit_msgs/lib:/home/suwi/ros2_4dof_arm/install/pilz_industrial_motion_planner_testutils/lib:/home/suwi/ros2_4dof_arm/install/pilz_industrial_motion_planner/lib:/home/suwi/ros2_4dof_arm/install/moveit_ros_control_interface/lib:/home/suwi/ros2_4dof_arm/install/moveit_simple_controller_manager/lib:/home/suwi/ros2_4dof_arm/install/moveit_setup_assistant/lib:/home/suwi/ros2_4dof_arm/install/moveit_setup_srdf_plugins/lib:/home/suwi/ros2_4dof_arm/install/moveit_setup_core_plugins/lib:/home/suwi/ros2_4dof_arm/install/moveit_setup_controllers/lib:/home/suwi/ros2_4dof_arm/install/moveit_setup_app_plugins/lib:/home/suwi/ros2_4dof_arm/install/moveit_setup_framework/lib:/home/suwi/ros2_4dof_arm/install/moveit_servo/lib:/home/suwi/ros2_4dof_arm/install/moveit_ros_visualization/lib:/home/suwi/ros2_4dof_arm/install/moveit_hybrid_planning/lib:/home/suwi/ros2_4dof_arm/install/moveit_ros_planning_interface/lib:/home/suwi/ros2_4dof_arm/install/moveit_ros_benchmarks/lib:/home/suwi/ros2_4dof_arm/install/moveit_ros_warehouse/lib:/home/suwi/ros2_4dof_arm/install/moveit_ros_robot_interaction/lib:/home/suwi/ros2_4dof_arm/install/moveit_ros_perception/lib:/home/suwi/ros2_4dof_arm/install/moveit_ros_move_group/lib:/home/suwi/ros2_4dof_arm/install/moveit_planners_ompl/lib:/home/suwi/ros2_4dof_arm/install/moveit_ros_planning/lib:/home/suwi/ros2_4dof_arm/install/moveit_resources_prbt_ikfast_manipulator_plugin/lib:/home/suwi/ros2_4dof_arm/install/moveit_planners_chomp/lib:/home/suwi/ros2_4dof_arm/install/moveit_kinematics/lib:/home/suwi/ros2_4dof_arm/install/moveit_chomp_optimizer_adapter/lib:/home/suwi/ros2_4dof_arm/install/chomp_motion_planner/lib:/opt/ros/humble/opt/rviz_ogre_vendor/lib:/opt/ros/humble/lib/x86_64-linux-gnu:/opt/ros/humble/lib PYTHONPATH=/home/suwi/ros2_4dof_arm/install/moveit_configs_utils/lib/python3.10/site-packages:/home/suwi/ros2_4dof_arm/install/moveit_msgs/local/lib/python3.10/dist-packages:/home/suwi/ros2_ws_prac/build/pub_sub:/home/suwi/ros2_ws_prac/install/pub_sub/lib/python3.10/site-packages:/opt/ros/humble/lib/python3.10/site-packages:/opt/ros/humble/local/lib/python3.10/dist-packages /usr/bin/cmake --install /home/suwi/ros2_4dof_arm/build/moveit_ros_planning
