[0.284s] Invoking command in '/home/suwi/ros2_4dof_arm/build/moveit_common': CMAKE_PREFIX_PATH=${CMAKE_PREFIX_PATH}:/home/suwi/ros2_4dof_arm/install/moveit_configs_utils:/home/suwi/ros2_ws_prac/install/pub_sub:/opt/ros/humble /usr/bin/cmake --build /home/suwi/ros2_4dof_arm/build/moveit_common -- -j8 -l8
[1.340s] Invoked command in '/home/suwi/ros2_4dof_arm/build/moveit_common' returned '0': CMAKE_PREFIX_PATH=${CMAKE_PREFIX_PATH}:/home/suwi/ros2_4dof_arm/install/moveit_configs_utils:/home/suwi/ros2_ws_prac/install/pub_sub:/opt/ros/humble /usr/bin/cmake --build /home/suwi/ros2_4dof_arm/build/moveit_common -- -j8 -l8
[1.341s] Invoking command in '/home/suwi/ros2_4dof_arm/build/moveit_common': CMAKE_PREFIX_PATH=${CMAKE_PREFIX_PATH}:/home/suwi/ros2_4dof_arm/install/moveit_configs_utils:/home/suwi/ros2_ws_prac/install/pub_sub:/opt/ros/humble /usr/bin/cmake --install /home/suwi/ros2_4dof_arm/build/moveit_common
[1.440s] -- Install configuration: ""
[1.440s] -- Execute custom install script
[1.441s] -- Up-to-date symlink: /home/suwi/ros2_4dof_arm/install/moveit_common/share/ament_index/resource_index/package_run_dependencies/moveit_common
[1.441s] -- Up-to-date symlink: /home/suwi/ros2_4dof_arm/install/moveit_common/share/ament_index/resource_index/parent_prefix_path/moveit_common
[1.447s] -- Up-to-date symlink: /home/suwi/ros2_4dof_arm/install/moveit_common/share/moveit_common/environment/ament_prefix_path.sh
[1.447s] -- Up-to-date symlink: /home/suwi/ros2_4dof_arm/install/moveit_common/share/moveit_common/environment/ament_prefix_path.dsv
[1.447s] -- Up-to-date symlink: /home/suwi/ros2_4dof_arm/install/moveit_common/share/moveit_common/environment/path.sh
[1.451s] -- Up-to-date symlink: /home/suwi/ros2_4dof_arm/install/moveit_common/share/moveit_common/environment/path.dsv
[1.452s] -- Up-to-date symlink: /home/suwi/ros2_4dof_arm/install/moveit_common/share/moveit_common/local_setup.bash
[1.456s] -- Up-to-date symlink: /home/suwi/ros2_4dof_arm/install/moveit_common/share/moveit_common/local_setup.sh
[1.461s] -- Up-to-date symlink: /home/suwi/ros2_4dof_arm/install/moveit_common/share/moveit_common/local_setup.zsh
[1.461s] -- Up-to-date symlink: /home/suwi/ros2_4dof_arm/install/moveit_common/share/moveit_common/local_setup.dsv
[1.461s] -- Symlinking: /home/suwi/ros2_4dof_arm/install/moveit_common/share/moveit_common/package.dsv
[1.614s] -- Up-to-date symlink: /home/suwi/ros2_4dof_arm/install/moveit_common/share/ament_index/resource_index/packages/moveit_common
[1.616s] -- Up-to-date symlink: /home/suwi/ros2_4dof_arm/install/moveit_common/share/moveit_common/cmake/moveit_common-extras.cmake
[1.616s] -- Up-to-date symlink: /home/suwi/ros2_4dof_arm/install/moveit_common/share/moveit_common/cmake/moveit_commonConfig.cmake
[1.616s] -- Up-to-date symlink: /home/suwi/ros2_4dof_arm/install/moveit_common/share/moveit_common/cmake/moveit_commonConfig-version.cmake
[1.617s] -- Up-to-date symlink: /home/suwi/ros2_4dof_arm/install/moveit_common/share/moveit_common/package.xml
[1.629s] -- Up-to-date symlink: /home/suwi/ros2_4dof_arm/install/moveit_common/share/moveit_common/cmake/moveit_package.cmake
[1.770s] Invoked command in '/home/suwi/ros2_4dof_arm/build/moveit_common' returned '0': CMAKE_PREFIX_PATH=${CMAKE_PREFIX_PATH}:/home/suwi/ros2_4dof_arm/install/moveit_configs_utils:/home/suwi/ros2_ws_prac/install/pub_sub:/opt/ros/humble /usr/bin/cmake --install /home/suwi/ros2_4dof_arm/build/moveit_common
