[0.313s] Invoking command in '/home/suwi/ros2_4dof_arm/build/moveit_resources_pr2_description': CMAKE_PREFIX_PATH=${CMAKE_PREFIX_PATH}:/home/suwi/ros2_4dof_arm/install/moveit_configs_utils:/home/suwi/ros2_ws_prac/install/pub_sub:/opt/ros/humble /usr/bin/cmake --build /home/suwi/ros2_4dof_arm/build/moveit_resources_pr2_description -- -j8 -l8
[1.590s] Invoked command in '/home/suwi/ros2_4dof_arm/build/moveit_resources_pr2_description' returned '0': CMAKE_PREFIX_PATH=${CMAKE_PREFIX_PATH}:/home/suwi/ros2_4dof_arm/install/moveit_configs_utils:/home/suwi/ros2_ws_prac/install/pub_sub:/opt/ros/humble /usr/bin/cmake --build /home/suwi/ros2_4dof_arm/build/moveit_resources_pr2_description -- -j8 -l8
[1.608s] Invoking command in '/home/suwi/ros2_4dof_arm/build/moveit_resources_pr2_description': CMAKE_PREFIX_PATH=${CMAKE_PREFIX_PATH}:/home/suwi/ros2_4dof_arm/install/moveit_configs_utils:/home/suwi/ros2_ws_prac/install/pub_sub:/opt/ros/humble /usr/bin/cmake --install /home/suwi/ros2_4dof_arm/build/moveit_resources_pr2_description
[1.786s] -- Install configuration: ""
[1.786s] -- Execute custom install script
[1.788s] -- Up-to-date symlink: /home/suwi/ros2_4dof_arm/install/moveit_resources_pr2_description/share/ament_index/resource_index/package_run_dependencies/moveit_resources_pr2_description
[1.789s] -- Up-to-date symlink: /home/suwi/ros2_4dof_arm/install/moveit_resources_pr2_description/share/ament_index/resource_index/parent_prefix_path/moveit_resources_pr2_description
[1.789s] -- Up-to-date symlink: /home/suwi/ros2_4dof_arm/install/moveit_resources_pr2_description/share/moveit_resources_pr2_description/environment/ament_prefix_path.sh
[1.793s] -- Up-to-date symlink: /home/suwi/ros2_4dof_arm/install/moveit_resources_pr2_description/share/moveit_resources_pr2_description/environment/ament_prefix_path.dsv
[1.793s] -- Up-to-date symlink: /home/suwi/ros2_4dof_arm/install/moveit_resources_pr2_description/share/moveit_resources_pr2_description/environment/path.sh
[1.793s] -- Up-to-date symlink: /home/suwi/ros2_4dof_arm/install/moveit_resources_pr2_description/share/moveit_resources_pr2_description/environment/path.dsv
[1.793s] -- Up-to-date symlink: /home/suwi/ros2_4dof_arm/install/moveit_resources_pr2_description/share/moveit_resources_pr2_description/local_setup.bash
[1.794s] -- Up-to-date symlink: /home/suwi/ros2_4dof_arm/install/moveit_resources_pr2_description/share/moveit_resources_pr2_description/local_setup.sh
[1.794s] -- Up-to-date symlink: /home/suwi/ros2_4dof_arm/install/moveit_resources_pr2_description/share/moveit_resources_pr2_description/local_setup.zsh
[1.794s] -- Up-to-date symlink: /home/suwi/ros2_4dof_arm/install/moveit_resources_pr2_description/share/moveit_resources_pr2_description/local_setup.dsv
[1.794s] -- Symlinking: /home/suwi/ros2_4dof_arm/install/moveit_resources_pr2_description/share/moveit_resources_pr2_description/package.dsv
[1.833s] -- Up-to-date symlink: /home/suwi/ros2_4dof_arm/install/moveit_resources_pr2_description/share/ament_index/resource_index/packages/moveit_resources_pr2_description
[1.833s] -- Up-to-date symlink: /home/suwi/ros2_4dof_arm/install/moveit_resources_pr2_description/share/moveit_resources_pr2_description/cmake/moveit_resources_pr2_descriptionConfig.cmake
[1.834s] -- Up-to-date symlink: /home/suwi/ros2_4dof_arm/install/moveit_resources_pr2_description/share/moveit_resources_pr2_description/cmake/moveit_resources_pr2_descriptionConfig-version.cmake
[1.834s] -- Up-to-date symlink: /home/suwi/ros2_4dof_arm/install/moveit_resources_pr2_description/share/moveit_resources_pr2_description/package.xml
[1.834s] -- Up-to-date symlink: /home/suwi/ros2_4dof_arm/install/moveit_resources_pr2_description/share/moveit_resources_pr2_description/srdf/robot.xml
[1.854s] -- Up-to-date symlink: /home/suwi/ros2_4dof_arm/install/moveit_resources_pr2_description/share/moveit_resources_pr2_description/urdf/materials/textures/pr2_caster_texture.png
[1.868s] -- Up-to-date symlink: /home/suwi/ros2_4dof_arm/install/moveit_resources_pr2_description/share/moveit_resources_pr2_description/urdf/materials/textures/pr2_wheel_left.png
[1.868s] -- Up-to-date symlink: /home/suwi/ros2_4dof_arm/install/moveit_resources_pr2_description/share/moveit_resources_pr2_description/urdf/materials/textures/pr2_wheel_right.png
[1.869s] -- Up-to-date symlink: /home/suwi/ros2_4dof_arm/install/moveit_resources_pr2_description/share/moveit_resources_pr2_description/urdf/meshes/base_v0/base.dae
[1.869s] -- Up-to-date symlink: /home/suwi/ros2_4dof_arm/install/moveit_resources_pr2_description/share/moveit_resources_pr2_description/urdf/meshes/base_v0/base.stl
[1.870s] -- Up-to-date symlink: /home/suwi/ros2_4dof_arm/install/moveit_resources_pr2_description/share/moveit_resources_pr2_description/urdf/meshes/base_v0/base_L.stl
[1.870s] -- Up-to-date symlink: /home/suwi/ros2_4dof_arm/install/moveit_resources_pr2_description/share/moveit_resources_pr2_description/urdf/meshes/base_v0/base_color.tif
[1.876s] -- Up-to-date symlink: /home/suwi/ros2_4dof_arm/install/moveit_resources_pr2_description/share/moveit_resources_pr2_description/urdf/meshes/base_v0/base_normals.tif
[1.883s] -- Up-to-date symlink: /home/suwi/ros2_4dof_arm/install/moveit_resources_pr2_description/share/moveit_resources_pr2_description/urdf/meshes/base_v0/caster.stl
[1.885s] -- Up-to-date symlink: /home/suwi/ros2_4dof_arm/install/moveit_resources_pr2_description/share/moveit_resources_pr2_description/urdf/meshes/base_v0/caster_L.stl
[1.886s] -- Up-to-date symlink: /home/suwi/ros2_4dof_arm/install/moveit_resources_pr2_description/share/moveit_resources_pr2_description/urdf/meshes/base_v0/convex/base.dae
[1.891s] -- Up-to-date symlink: /home/suwi/ros2_4dof_arm/install/moveit_resources_pr2_description/share/moveit_resources_pr2_description/urdf/meshes/base_v0/convex/base.xml
[1.891s] -- Up-to-date symlink: /home/suwi/ros2_4dof_arm/install/moveit_resources_pr2_description/share/moveit_resources_pr2_description/urdf/meshes/base_v0/convex/base_L.dae
[1.891s] -- Up-to-date symlink: /home/suwi/ros2_4dof_arm/install/moveit_resources_pr2_description/share/moveit_resources_pr2_description/urdf/meshes/base_v0/convex/base_L.xml
[1.895s] -- Up-to-date symlink: /home/suwi/ros2_4dof_arm/install/moveit_resources_pr2_description/share/moveit_resources_pr2_description/urdf/meshes/base_v0/convex/base_L_convex.stla
[1.896s] -- Up-to-date symlink: /home/suwi/ros2_4dof_arm/install/moveit_resources_pr2_description/share/moveit_resources_pr2_description/urdf/meshes/base_v0/convex/base_L_convex.stlb
[1.897s] -- Up-to-date symlink: /home/suwi/ros2_4dof_arm/install/moveit_resources_pr2_description/share/moveit_resources_pr2_description/urdf/meshes/base_v0/convex/base_convex.stla
[1.898s] -- Up-to-date symlink: /home/suwi/ros2_4dof_arm/install/moveit_resources_pr2_description/share/moveit_resources_pr2_description/urdf/meshes/base_v0/convex/base_convex.stlb
[1.907s] -- Up-to-date symlink: /home/suwi/ros2_4dof_arm/install/moveit_resources_pr2_description/share/moveit_resources_pr2_description/urdf/meshes/base_v0/convex/caster.dae
[1.907s] -- Up-to-date symlink: /home/suwi/ros2_4dof_arm/install/moveit_resources_pr2_description/share/moveit_resources_pr2_description/urdf/meshes/base_v0/convex/caster.xml
[1.908s] -- Up-to-date symlink: /home/suwi/ros2_4dof_arm/install/moveit_resources_pr2_description/share/moveit_resources_pr2_description/urdf/meshes/base_v0/convex/caster_L.dae
[1.909s] -- Up-to-date symlink: /home/suwi/ros2_4dof_arm/install/moveit_resources_pr2_description/share/moveit_resources_pr2_description/urdf/meshes/base_v0/convex/caster_L.xml
[1.913s] -- Up-to-date symlink: /home/suwi/ros2_4dof_arm/install/moveit_resources_pr2_description/share/moveit_resources_pr2_description/urdf/meshes/base_v0/convex/caster_L_convex.stla
[1.913s] -- Up-to-date symlink: /home/suwi/ros2_4dof_arm/install/moveit_resources_pr2_description/share/moveit_resources_pr2_description/urdf/meshes/base_v0/convex/caster_L_convex.stlb
[1.914s] -- Up-to-date symlink: /home/suwi/ros2_4dof_arm/install/moveit_resources_pr2_description/share/moveit_resources_pr2_description/urdf/meshes/base_v0/convex/caster_convex.stla
[1.924s] -- Up-to-date symlink: /home/suwi/ros2_4dof_arm/install/moveit_resources_pr2_description/share/moveit_resources_pr2_description/urdf/meshes/base_v0/convex/caster_convex.stlb
[1.924s] -- Up-to-date symlink: /home/suwi/ros2_4dof_arm/install/moveit_resources_pr2_description/share/moveit_resources_pr2_description/urdf/meshes/base_v0/convex/pr2_wheel.dae
[1.930s] -- Up-to-date symlink: /home/suwi/ros2_4dof_arm/install/moveit_resources_pr2_description/share/moveit_resources_pr2_description/urdf/meshes/base_v0/convex/pr2_wheel.xml
[1.932s] -- Up-to-date symlink: /home/suwi/ros2_4dof_arm/install/moveit_resources_pr2_description/share/moveit_resources_pr2_description/urdf/meshes/base_v0/convex/pr2_wheel_convex.stla
[1.933s] -- Up-to-date symlink: /home/suwi/ros2_4dof_arm/install/moveit_resources_pr2_description/share/moveit_resources_pr2_description/urdf/meshes/base_v0/convex/pr2_wheel_convex.stlb
[1.933s] -- Up-to-date symlink: /home/suwi/ros2_4dof_arm/install/moveit_resources_pr2_description/share/moveit_resources_pr2_description/urdf/meshes/base_v0/convex/wheel.dae
[1.933s] -- Up-to-date symlink: /home/suwi/ros2_4dof_arm/install/moveit_resources_pr2_description/share/moveit_resources_pr2_description/urdf/meshes/base_v0/convex/wheel.xml
[1.938s] -- Up-to-date symlink: /home/suwi/ros2_4dof_arm/install/moveit_resources_pr2_description/share/moveit_resources_pr2_description/urdf/meshes/base_v0/convex/wheel_convex.stla
[1.947s] -- Up-to-date symlink: /home/suwi/ros2_4dof_arm/install/moveit_resources_pr2_description/share/moveit_resources_pr2_description/urdf/meshes/base_v0/convex/wheel_convex.stlb
[1.948s] -- Up-to-date symlink: /home/suwi/ros2_4dof_arm/install/moveit_resources_pr2_description/share/moveit_resources_pr2_description/urdf/meshes/base_v0/pr2_wheel.stl
[1.948s] -- Up-to-date symlink: /home/suwi/ros2_4dof_arm/install/moveit_resources_pr2_description/share/moveit_resources_pr2_description/urdf/meshes/base_v0/wheel.dae
[1.954s] -- Up-to-date symlink: /home/suwi/ros2_4dof_arm/install/moveit_resources_pr2_description/share/moveit_resources_pr2_description/urdf/meshes/base_v0/wheel.stl
[1.955s] -- Up-to-date symlink: /home/suwi/ros2_4dof_arm/install/moveit_resources_pr2_description/share/moveit_resources_pr2_description/urdf/meshes/base_v0/wheel_color.tif
[1.955s] -- Up-to-date symlink: /home/suwi/ros2_4dof_arm/install/moveit_resources_pr2_description/share/moveit_resources_pr2_description/urdf/meshes/base_v0/wheel_h.dae
[1.955s] -- Up-to-date symlink: /home/suwi/ros2_4dof_arm/install/moveit_resources_pr2_description/share/moveit_resources_pr2_description/urdf/meshes/base_v0/wheel_h_color.tif
[1.956s] -- Up-to-date symlink: /home/suwi/ros2_4dof_arm/install/moveit_resources_pr2_description/share/moveit_resources_pr2_description/urdf/meshes/base_v0/wheel_normals.tif
[1.956s] -- Up-to-date symlink: /home/suwi/ros2_4dof_arm/install/moveit_resources_pr2_description/share/moveit_resources_pr2_description/urdf/meshes/forearm_v0/convex/forearm.dae
[1.956s] -- Up-to-date symlink: /home/suwi/ros2_4dof_arm/install/moveit_resources_pr2_description/share/moveit_resources_pr2_description/urdf/meshes/forearm_v0/convex/forearm.xml
[1.957s] -- Up-to-date symlink: /home/suwi/ros2_4dof_arm/install/moveit_resources_pr2_description/share/moveit_resources_pr2_description/urdf/meshes/forearm_v0/convex/forearm_convex.stla
[1.970s] -- Up-to-date symlink: /home/suwi/ros2_4dof_arm/install/moveit_resources_pr2_description/share/moveit_resources_pr2_description/urdf/meshes/forearm_v0/convex/forearm_convex.stlb
[1.970s] -- Up-to-date symlink: /home/suwi/ros2_4dof_arm/install/moveit_resources_pr2_description/share/moveit_resources_pr2_description/urdf/meshes/forearm_v0/convex/wrist_flex.dae
[1.970s] -- Up-to-date symlink: /home/suwi/ros2_4dof_arm/install/moveit_resources_pr2_description/share/moveit_resources_pr2_description/urdf/meshes/forearm_v0/convex/wrist_flex.xml
[1.971s] -- Up-to-date symlink: /home/suwi/ros2_4dof_arm/install/moveit_resources_pr2_description/share/moveit_resources_pr2_description/urdf/meshes/forearm_v0/convex/wrist_flex_convex.stla
[1.971s] -- Up-to-date symlink: /home/suwi/ros2_4dof_arm/install/moveit_resources_pr2_description/share/moveit_resources_pr2_description/urdf/meshes/forearm_v0/convex/wrist_flex_convex.stlb
[1.971s] -- Up-to-date symlink: /home/suwi/ros2_4dof_arm/install/moveit_resources_pr2_description/share/moveit_resources_pr2_description/urdf/meshes/forearm_v0/convex/wrist_roll.dae
[1.972s] -- Up-to-date symlink: /home/suwi/ros2_4dof_arm/install/moveit_resources_pr2_description/share/moveit_resources_pr2_description/urdf/meshes/forearm_v0/convex/wrist_roll.xml
[1.972s] -- Up-to-date symlink: /home/suwi/ros2_4dof_arm/install/moveit_resources_pr2_description/share/moveit_resources_pr2_description/urdf/meshes/forearm_v0/convex/wrist_roll_L.dae
[1.972s] -- Up-to-date symlink: /home/suwi/ros2_4dof_arm/install/moveit_resources_pr2_description/share/moveit_resources_pr2_description/urdf/meshes/forearm_v0/convex/wrist_roll_L.xml
[1.973s] -- Up-to-date symlink: /home/suwi/ros2_4dof_arm/install/moveit_resources_pr2_description/share/moveit_resources_pr2_description/urdf/meshes/forearm_v0/convex/wrist_roll_L_convex.stla
[1.977s] -- Up-to-date symlink: /home/suwi/ros2_4dof_arm/install/moveit_resources_pr2_description/share/moveit_resources_pr2_description/urdf/meshes/forearm_v0/convex/wrist_roll_L_convex.stlb
[1.978s] -- Up-to-date symlink: /home/suwi/ros2_4dof_arm/install/moveit_resources_pr2_description/share/moveit_resources_pr2_description/urdf/meshes/forearm_v0/convex/wrist_roll_convex.stla
[1.978s] -- Up-to-date symlink: /home/suwi/ros2_4dof_arm/install/moveit_resources_pr2_description/share/moveit_resources_pr2_description/urdf/meshes/forearm_v0/convex/wrist_roll_convex.stlb
[1.978s] -- Up-to-date symlink: /home/suwi/ros2_4dof_arm/install/moveit_resources_pr2_description/share/moveit_resources_pr2_description/urdf/meshes/forearm_v0/forearm.dae
[1.979s] -- Up-to-date symlink: /home/suwi/ros2_4dof_arm/install/moveit_resources_pr2_description/share/moveit_resources_pr2_description/urdf/meshes/forearm_v0/forearm.jpg
[1.979s] -- Up-to-date symlink: /home/suwi/ros2_4dof_arm/install/moveit_resources_pr2_description/share/moveit_resources_pr2_description/urdf/meshes/forearm_v0/forearm.stl
[1.979s] -- Up-to-date symlink: /home/suwi/ros2_4dof_arm/install/moveit_resources_pr2_description/share/moveit_resources_pr2_description/urdf/meshes/forearm_v0/forearm_color.tif
[1.980s] -- Up-to-date symlink: /home/suwi/ros2_4dof_arm/install/moveit_resources_pr2_description/share/moveit_resources_pr2_description/urdf/meshes/forearm_v0/forearm_normals.tif
[1.980s] -- Up-to-date symlink: /home/suwi/ros2_4dof_arm/install/moveit_resources_pr2_description/share/moveit_resources_pr2_description/urdf/meshes/forearm_v0/wrist_color.tif
[1.983s] -- Up-to-date symlink: /home/suwi/ros2_4dof_arm/install/moveit_resources_pr2_description/share/moveit_resources_pr2_description/urdf/meshes/forearm_v0/wrist_flex.dae
[1.983s] -- Up-to-date symlink: /home/suwi/ros2_4dof_arm/install/moveit_resources_pr2_description/share/moveit_resources_pr2_description/urdf/meshes/forearm_v0/wrist_flex.stl
[1.983s] -- Up-to-date symlink: /home/suwi/ros2_4dof_arm/install/moveit_resources_pr2_description/share/moveit_resources_pr2_description/urdf/meshes/forearm_v0/wrist_normals.tif
[1.984s] -- Up-to-date symlink: /home/suwi/ros2_4dof_arm/install/moveit_resources_pr2_description/share/moveit_resources_pr2_description/urdf/meshes/forearm_v0/wrist_roll.stl
[1.984s] -- Up-to-date symlink: /home/suwi/ros2_4dof_arm/install/moveit_resources_pr2_description/share/moveit_resources_pr2_description/urdf/meshes/forearm_v0/wrist_roll_L.stl
[1.984s] -- Up-to-date symlink: /home/suwi/ros2_4dof_arm/install/moveit_resources_pr2_description/share/moveit_resources_pr2_description/urdf/meshes/gripper_v0/convex/finger_tip_l.dae
[1.985s] -- Up-to-date symlink: /home/suwi/ros2_4dof_arm/install/moveit_resources_pr2_description/share/moveit_resources_pr2_description/urdf/meshes/gripper_v0/convex/finger_tip_l.xml
[1.985s] -- Up-to-date symlink: /home/suwi/ros2_4dof_arm/install/moveit_resources_pr2_description/share/moveit_resources_pr2_description/urdf/meshes/gripper_v0/convex/finger_tip_l_convex.stla
[1.985s] -- Up-to-date symlink: /home/suwi/ros2_4dof_arm/install/moveit_resources_pr2_description/share/moveit_resources_pr2_description/urdf/meshes/gripper_v0/convex/finger_tip_l_convex.stlb
[1.986s] -- Up-to-date symlink: /home/suwi/ros2_4dof_arm/install/moveit_resources_pr2_description/share/moveit_resources_pr2_description/urdf/meshes/gripper_v0/convex/finger_tip_pad2_l.dae
[1.990s] -- Up-to-date symlink: /home/suwi/ros2_4dof_arm/install/moveit_resources_pr2_description/share/moveit_resources_pr2_description/urdf/meshes/gripper_v0/convex/finger_tip_pad2_l.xml
[1.994s] -- Up-to-date symlink: /home/suwi/ros2_4dof_arm/install/moveit_resources_pr2_description/share/moveit_resources_pr2_description/urdf/meshes/gripper_v0/convex/finger_tip_pad2_l_convex.stla
[1.996s] -- Up-to-date symlink: /home/suwi/ros2_4dof_arm/install/moveit_resources_pr2_description/share/moveit_resources_pr2_description/urdf/meshes/gripper_v0/convex/finger_tip_pad2_l_convex.stlb
[1.999s] -- Up-to-date symlink: /home/suwi/ros2_4dof_arm/install/moveit_resources_pr2_description/share/moveit_resources_pr2_description/urdf/meshes/gripper_v0/convex/finger_tip_pad2_r.dae
[2.002s] -- Up-to-date symlink: /home/suwi/ros2_4dof_arm/install/moveit_resources_pr2_description/share/moveit_resources_pr2_description/urdf/meshes/gripper_v0/convex/finger_tip_pad2_r.xml
[2.004s] -- Up-to-date symlink: /home/suwi/ros2_4dof_arm/install/moveit_resources_pr2_description/share/moveit_resources_pr2_description/urdf/meshes/gripper_v0/convex/finger_tip_pad2_r_convex.stla
[2.005s] -- Up-to-date symlink: /home/suwi/ros2_4dof_arm/install/moveit_resources_pr2_description/share/moveit_resources_pr2_description/urdf/meshes/gripper_v0/convex/finger_tip_pad2_r_convex.stlb
[2.005s] -- Up-to-date symlink: /home/suwi/ros2_4dof_arm/install/moveit_resources_pr2_description/share/moveit_resources_pr2_description/urdf/meshes/gripper_v0/convex/finger_tip_r.dae
[2.005s] -- Up-to-date symlink: /home/suwi/ros2_4dof_arm/install/moveit_resources_pr2_description/share/moveit_resources_pr2_description/urdf/meshes/gripper_v0/convex/finger_tip_r.xml
[2.006s] -- Up-to-date symlink: /home/suwi/ros2_4dof_arm/install/moveit_resources_pr2_description/share/moveit_resources_pr2_description/urdf/meshes/gripper_v0/convex/finger_tip_r_convex.stla
[2.006s] -- Up-to-date symlink: /home/suwi/ros2_4dof_arm/install/moveit_resources_pr2_description/share/moveit_resources_pr2_description/urdf/meshes/gripper_v0/convex/finger_tip_r_convex.stlb
[2.010s] -- Up-to-date symlink: /home/suwi/ros2_4dof_arm/install/moveit_resources_pr2_description/share/moveit_resources_pr2_description/urdf/meshes/gripper_v0/convex/gripper_palm.dae
[2.010s] -- Up-to-date symlink: /home/suwi/ros2_4dof_arm/install/moveit_resources_pr2_description/share/moveit_resources_pr2_description/urdf/meshes/gripper_v0/convex/gripper_palm.xml
[2.011s] -- Up-to-date symlink: /home/suwi/ros2_4dof_arm/install/moveit_resources_pr2_description/share/moveit_resources_pr2_description/urdf/meshes/gripper_v0/convex/gripper_palm_convex.stla
[2.012s] -- Up-to-date symlink: /home/suwi/ros2_4dof_arm/install/moveit_resources_pr2_description/share/moveit_resources_pr2_description/urdf/meshes/gripper_v0/convex/gripper_palm_convex.stlb
[2.012s] -- Up-to-date symlink: /home/suwi/ros2_4dof_arm/install/moveit_resources_pr2_description/share/moveit_resources_pr2_description/urdf/meshes/gripper_v0/convex/l_finger.dae
[2.012s] -- Up-to-date symlink: /home/suwi/ros2_4dof_arm/install/moveit_resources_pr2_description/share/moveit_resources_pr2_description/urdf/meshes/gripper_v0/convex/l_finger.xml
[2.012s] -- Up-to-date symlink: /home/suwi/ros2_4dof_arm/install/moveit_resources_pr2_description/share/moveit_resources_pr2_description/urdf/meshes/gripper_v0/convex/l_finger_convex.stla
[2.013s] -- Up-to-date symlink: /home/suwi/ros2_4dof_arm/install/moveit_resources_pr2_description/share/moveit_resources_pr2_description/urdf/meshes/gripper_v0/convex/l_finger_convex.stlb
[2.013s] -- Up-to-date symlink: /home/suwi/ros2_4dof_arm/install/moveit_resources_pr2_description/share/moveit_resources_pr2_description/urdf/meshes/gripper_v0/convex/l_finger_tip.dae
[2.014s] -- Up-to-date symlink: /home/suwi/ros2_4dof_arm/install/moveit_resources_pr2_description/share/moveit_resources_pr2_description/urdf/meshes/gripper_v0/convex/l_finger_tip.xml
[2.016s] -- Up-to-date symlink: /home/suwi/ros2_4dof_arm/install/moveit_resources_pr2_description/share/moveit_resources_pr2_description/urdf/meshes/gripper_v0/convex/l_finger_tip_convex.stla
[2.016s] -- Up-to-date symlink: /home/suwi/ros2_4dof_arm/install/moveit_resources_pr2_description/share/moveit_resources_pr2_description/urdf/meshes/gripper_v0/convex/l_finger_tip_convex.stlb
[2.017s] -- Up-to-date symlink: /home/suwi/ros2_4dof_arm/install/moveit_resources_pr2_description/share/moveit_resources_pr2_description/urdf/meshes/gripper_v0/convex/l_floating.dae
[2.018s] -- Up-to-date symlink: /home/suwi/ros2_4dof_arm/install/moveit_resources_pr2_description/share/moveit_resources_pr2_description/urdf/meshes/gripper_v0/convex/l_floating.xml
[2.020s] -- Up-to-date symlink: /home/suwi/ros2_4dof_arm/install/moveit_resources_pr2_description/share/moveit_resources_pr2_description/urdf/meshes/gripper_v0/convex/l_floating_convex.stla
[2.027s] -- Up-to-date symlink: /home/suwi/ros2_4dof_arm/install/moveit_resources_pr2_description/share/moveit_resources_pr2_description/urdf/meshes/gripper_v0/convex/l_floating_convex.stlb
[2.028s] -- Up-to-date symlink: /home/suwi/ros2_4dof_arm/install/moveit_resources_pr2_description/share/moveit_resources_pr2_description/urdf/meshes/gripper_v0/convex/upper_finger_l.dae
[2.029s] -- Up-to-date symlink: /home/suwi/ros2_4dof_arm/install/moveit_resources_pr2_description/share/moveit_resources_pr2_description/urdf/meshes/gripper_v0/convex/upper_finger_l.xml
[2.031s] -- Up-to-date symlink: /home/suwi/ros2_4dof_arm/install/moveit_resources_pr2_description/share/moveit_resources_pr2_description/urdf/meshes/gripper_v0/convex/upper_finger_l_convex.stla
[2.031s] -- Up-to-date symlink: /home/suwi/ros2_4dof_arm/install/moveit_resources_pr2_description/share/moveit_resources_pr2_description/urdf/meshes/gripper_v0/convex/upper_finger_l_convex.stlb
[2.031s] -- Up-to-date symlink: /home/suwi/ros2_4dof_arm/install/moveit_resources_pr2_description/share/moveit_resources_pr2_description/urdf/meshes/gripper_v0/convex/upper_finger_r.dae
[2.032s] -- Up-to-date symlink: /home/suwi/ros2_4dof_arm/install/moveit_resources_pr2_description/share/moveit_resources_pr2_description/urdf/meshes/gripper_v0/convex/upper_finger_r.xml
[2.039s] -- Up-to-date symlink: /home/suwi/ros2_4dof_arm/install/moveit_resources_pr2_description/share/moveit_resources_pr2_description/urdf/meshes/gripper_v0/convex/upper_finger_r_convex.stla
[2.039s] -- Up-to-date symlink: /home/suwi/ros2_4dof_arm/install/moveit_resources_pr2_description/share/moveit_resources_pr2_description/urdf/meshes/gripper_v0/convex/upper_finger_r_convex.stlb
[2.045s] -- Up-to-date symlink: /home/suwi/ros2_4dof_arm/install/moveit_resources_pr2_description/share/moveit_resources_pr2_description/urdf/meshes/gripper_v0/finger_H_Color_100430.tif
[2.048s] -- Up-to-date symlink: /home/suwi/ros2_4dof_arm/install/moveit_resources_pr2_description/share/moveit_resources_pr2_description/urdf/meshes/gripper_v0/finger_H_UV_100430.dae
[2.053s] -- Up-to-date symlink: /home/suwi/ros2_4dof_arm/install/moveit_resources_pr2_description/share/moveit_resources_pr2_description/urdf/meshes/gripper_v0/finger_tip_H_UV_100430.dae
[2.053s] -- Up-to-date symlink: /home/suwi/ros2_4dof_arm/install/moveit_resources_pr2_description/share/moveit_resources_pr2_description/urdf/meshes/gripper_v0/finger_tip_l.stl
[2.055s] -- Up-to-date symlink: /home/suwi/ros2_4dof_arm/install/moveit_resources_pr2_description/share/moveit_resources_pr2_description/urdf/meshes/gripper_v0/finger_tip_pad2_l.stl
[2.055s] -- Up-to-date symlink: /home/suwi/ros2_4dof_arm/install/moveit_resources_pr2_description/share/moveit_resources_pr2_description/urdf/meshes/gripper_v0/finger_tip_pad2_r.stl
[2.057s] -- Up-to-date symlink: /home/suwi/ros2_4dof_arm/install/moveit_resources_pr2_description/share/moveit_resources_pr2_description/urdf/meshes/gripper_v0/finger_tip_r.stl
[2.057s] -- Up-to-date symlink: /home/suwi/ros2_4dof_arm/install/moveit_resources_pr2_description/share/moveit_resources_pr2_description/urdf/meshes/gripper_v0/fingertip_H_Color_100430.tif
[2.058s] -- Up-to-date symlink: /home/suwi/ros2_4dof_arm/install/moveit_resources_pr2_description/share/moveit_resources_pr2_description/urdf/meshes/gripper_v0/float_H_Color_100430.tif
[2.059s] -- Up-to-date symlink: /home/suwi/ros2_4dof_arm/install/moveit_resources_pr2_description/share/moveit_resources_pr2_description/urdf/meshes/gripper_v0/float_H_UV_100430.dae
[2.059s] -- Up-to-date symlink: /home/suwi/ros2_4dof_arm/install/moveit_resources_pr2_description/share/moveit_resources_pr2_description/urdf/meshes/gripper_v0/gripper_palm.dae
[2.062s] -- Up-to-date symlink: /home/suwi/ros2_4dof_arm/install/moveit_resources_pr2_description/share/moveit_resources_pr2_description/urdf/meshes/gripper_v0/gripper_palm.stl
[2.062s] -- Up-to-date symlink: /home/suwi/ros2_4dof_arm/install/moveit_resources_pr2_description/share/moveit_resources_pr2_description/urdf/meshes/gripper_v0/gripper_palm_color.tif
[2.063s] -- Up-to-date symlink: /home/suwi/ros2_4dof_arm/install/moveit_resources_pr2_description/share/moveit_resources_pr2_description/urdf/meshes/gripper_v0/gripper_palm_normals.tif
[2.063s] -- Up-to-date symlink: /home/suwi/ros2_4dof_arm/install/moveit_resources_pr2_description/share/moveit_resources_pr2_description/urdf/meshes/gripper_v0/l_finger.dae
[2.063s] -- Up-to-date symlink: /home/suwi/ros2_4dof_arm/install/moveit_resources_pr2_description/share/moveit_resources_pr2_description/urdf/meshes/gripper_v0/l_finger.stl
[2.064s] -- Up-to-date symlink: /home/suwi/ros2_4dof_arm/install/moveit_resources_pr2_description/share/moveit_resources_pr2_description/urdf/meshes/gripper_v0/l_finger_color.tif
[2.064s] -- Up-to-date symlink: /home/suwi/ros2_4dof_arm/install/moveit_resources_pr2_description/share/moveit_resources_pr2_description/urdf/meshes/gripper_v0/l_finger_normals.tif
[2.064s] -- Up-to-date symlink: /home/suwi/ros2_4dof_arm/install/moveit_resources_pr2_description/share/moveit_resources_pr2_description/urdf/meshes/gripper_v0/l_finger_tip.dae
[2.064s] -- Up-to-date symlink: /home/suwi/ros2_4dof_arm/install/moveit_resources_pr2_description/share/moveit_resources_pr2_description/urdf/meshes/gripper_v0/l_finger_tip.stl
[2.065s] -- Up-to-date symlink: /home/suwi/ros2_4dof_arm/install/moveit_resources_pr2_description/share/moveit_resources_pr2_description/urdf/meshes/gripper_v0/l_finger_tip_color.tif
[2.065s] -- Up-to-date symlink: /home/suwi/ros2_4dof_arm/install/moveit_resources_pr2_description/share/moveit_resources_pr2_description/urdf/meshes/gripper_v0/l_finger_tip_normals.tif
[2.069s] -- Up-to-date symlink: /home/suwi/ros2_4dof_arm/install/moveit_resources_pr2_description/share/moveit_resources_pr2_description/urdf/meshes/gripper_v0/l_float.dae
[2.070s] -- Up-to-date symlink: /home/suwi/ros2_4dof_arm/install/moveit_resources_pr2_description/share/moveit_resources_pr2_description/urdf/meshes/gripper_v0/l_float_color.tif
[2.070s] -- Up-to-date symlink: /home/suwi/ros2_4dof_arm/install/moveit_resources_pr2_description/share/moveit_resources_pr2_description/urdf/meshes/gripper_v0/l_float_normals.tif
[2.070s] -- Up-to-date symlink: /home/suwi/ros2_4dof_arm/install/moveit_resources_pr2_description/share/moveit_resources_pr2_description/urdf/meshes/gripper_v0/l_floating.stl
[2.071s] -- Up-to-date symlink: /home/suwi/ros2_4dof_arm/install/moveit_resources_pr2_description/share/moveit_resources_pr2_description/urdf/meshes/gripper_v0/palm_H_Color_100430.tif
[2.071s] -- Up-to-date symlink: /home/suwi/ros2_4dof_arm/install/moveit_resources_pr2_description/share/moveit_resources_pr2_description/urdf/meshes/gripper_v0/palm_H_UV_100430.dae
[2.071s] -- Up-to-date symlink: /home/suwi/ros2_4dof_arm/install/moveit_resources_pr2_description/share/moveit_resources_pr2_description/urdf/meshes/gripper_v0/upper_finger_l.stl
[2.072s] -- Up-to-date symlink: /home/suwi/ros2_4dof_arm/install/moveit_resources_pr2_description/share/moveit_resources_pr2_description/urdf/meshes/gripper_v0/upper_finger_r.stl
[2.072s] -- Up-to-date symlink: /home/suwi/ros2_4dof_arm/install/moveit_resources_pr2_description/share/moveit_resources_pr2_description/urdf/meshes/head_v0/convex/head_pan.dae
[2.077s] -- Up-to-date symlink: /home/suwi/ros2_4dof_arm/install/moveit_resources_pr2_description/share/moveit_resources_pr2_description/urdf/meshes/head_v0/convex/head_pan.xml
[2.084s] -- Up-to-date symlink: /home/suwi/ros2_4dof_arm/install/moveit_resources_pr2_description/share/moveit_resources_pr2_description/urdf/meshes/head_v0/convex/head_pan_L.dae
[2.086s] -- Up-to-date symlink: /home/suwi/ros2_4dof_arm/install/moveit_resources_pr2_description/share/moveit_resources_pr2_description/urdf/meshes/head_v0/convex/head_pan_L.xml
[2.087s] -- Up-to-date symlink: /home/suwi/ros2_4dof_arm/install/moveit_resources_pr2_description/share/moveit_resources_pr2_description/urdf/meshes/head_v0/convex/head_pan_L_convex.stla
[2.088s] -- Up-to-date symlink: /home/suwi/ros2_4dof_arm/install/moveit_resources_pr2_description/share/moveit_resources_pr2_description/urdf/meshes/head_v0/convex/head_pan_L_convex.stlb
[2.088s] -- Up-to-date symlink: /home/suwi/ros2_4dof_arm/install/moveit_resources_pr2_description/share/moveit_resources_pr2_description/urdf/meshes/head_v0/convex/head_pan_convex.stla
[2.088s] -- Up-to-date symlink: /home/suwi/ros2_4dof_arm/install/moveit_resources_pr2_description/share/moveit_resources_pr2_description/urdf/meshes/head_v0/convex/head_pan_convex.stlb
[2.094s] -- Up-to-date symlink: /home/suwi/ros2_4dof_arm/install/moveit_resources_pr2_description/share/moveit_resources_pr2_description/urdf/meshes/head_v0/convex/head_tilt.dae
[2.095s] -- Up-to-date symlink: /home/suwi/ros2_4dof_arm/install/moveit_resources_pr2_description/share/moveit_resources_pr2_description/urdf/meshes/head_v0/convex/head_tilt.xml
[2.096s] -- Up-to-date symlink: /home/suwi/ros2_4dof_arm/install/moveit_resources_pr2_description/share/moveit_resources_pr2_description/urdf/meshes/head_v0/convex/head_tilt_L.dae
[2.098s] -- Up-to-date symlink: /home/suwi/ros2_4dof_arm/install/moveit_resources_pr2_description/share/moveit_resources_pr2_description/urdf/meshes/head_v0/convex/head_tilt_L.xml
[2.099s] -- Up-to-date symlink: /home/suwi/ros2_4dof_arm/install/moveit_resources_pr2_description/share/moveit_resources_pr2_description/urdf/meshes/head_v0/convex/head_tilt_L_convex.stla
[2.099s] -- Up-to-date symlink: /home/suwi/ros2_4dof_arm/install/moveit_resources_pr2_description/share/moveit_resources_pr2_description/urdf/meshes/head_v0/convex/head_tilt_L_convex.stlb
[2.100s] -- Up-to-date symlink: /home/suwi/ros2_4dof_arm/install/moveit_resources_pr2_description/share/moveit_resources_pr2_description/urdf/meshes/head_v0/convex/head_tilt_convex.stla
[2.100s] -- Up-to-date symlink: /home/suwi/ros2_4dof_arm/install/moveit_resources_pr2_description/share/moveit_resources_pr2_description/urdf/meshes/head_v0/convex/head_tilt_convex.stlb
[2.101s] -- Up-to-date symlink: /home/suwi/ros2_4dof_arm/install/moveit_resources_pr2_description/share/moveit_resources_pr2_description/urdf/meshes/head_v0/head_pan.dae
[2.104s] -- Up-to-date symlink: /home/suwi/ros2_4dof_arm/install/moveit_resources_pr2_description/share/moveit_resources_pr2_description/urdf/meshes/head_v0/head_pan.stl
[2.104s] -- Up-to-date symlink: /home/suwi/ros2_4dof_arm/install/moveit_resources_pr2_description/share/moveit_resources_pr2_description/urdf/meshes/head_v0/head_pan_L.stl
[2.106s] -- Up-to-date symlink: /home/suwi/ros2_4dof_arm/install/moveit_resources_pr2_description/share/moveit_resources_pr2_description/urdf/meshes/head_v0/head_pan_color.tif
[2.107s] -- Up-to-date symlink: /home/suwi/ros2_4dof_arm/install/moveit_resources_pr2_description/share/moveit_resources_pr2_description/urdf/meshes/head_v0/head_pan_normals.tif
[2.112s] -- Up-to-date symlink: /home/suwi/ros2_4dof_arm/install/moveit_resources_pr2_description/share/moveit_resources_pr2_description/urdf/meshes/head_v0/head_tilt.dae
[2.112s] -- Up-to-date symlink: /home/suwi/ros2_4dof_arm/install/moveit_resources_pr2_description/share/moveit_resources_pr2_description/urdf/meshes/head_v0/head_tilt.stl
[2.113s] -- Up-to-date symlink: /home/suwi/ros2_4dof_arm/install/moveit_resources_pr2_description/share/moveit_resources_pr2_description/urdf/meshes/head_v0/head_tilt_L.stl
[2.114s] -- Up-to-date symlink: /home/suwi/ros2_4dof_arm/install/moveit_resources_pr2_description/share/moveit_resources_pr2_description/urdf/meshes/head_v0/head_tilt_color.tif
[2.115s] -- Up-to-date symlink: /home/suwi/ros2_4dof_arm/install/moveit_resources_pr2_description/share/moveit_resources_pr2_description/urdf/meshes/head_v0/head_tilt_color_red.tif
[2.115s] -- Up-to-date symlink: /home/suwi/ros2_4dof_arm/install/moveit_resources_pr2_description/share/moveit_resources_pr2_description/urdf/meshes/head_v0/head_tilt_color_yellow.tif
[2.117s] -- Up-to-date symlink: /home/suwi/ros2_4dof_arm/install/moveit_resources_pr2_description/share/moveit_resources_pr2_description/urdf/meshes/head_v0/head_tilt_green.tif
[2.117s] -- Up-to-date symlink: /home/suwi/ros2_4dof_arm/install/moveit_resources_pr2_description/share/moveit_resources_pr2_description/urdf/meshes/head_v0/head_tilt_normals.tif
[2.120s] -- Up-to-date symlink: /home/suwi/ros2_4dof_arm/install/moveit_resources_pr2_description/share/moveit_resources_pr2_description/urdf/meshes/sensors/kinect_prosilica_v0/115x100_swept_back--coarse.STL
[2.120s] -- Up-to-date symlink: /home/suwi/ros2_4dof_arm/install/moveit_resources_pr2_description/share/moveit_resources_pr2_description/urdf/meshes/sensors/kinect_prosilica_v0/115x100_swept_back_no_sensors--coarse.STL
[2.121s] -- Up-to-date symlink: /home/suwi/ros2_4dof_arm/install/moveit_resources_pr2_description/share/moveit_resources_pr2_description/urdf/meshes/sensors/kinect_prosilica_v0/115x100_swept_fwd--coarse.STL
[2.121s] -- Up-to-date symlink: /home/suwi/ros2_4dof_arm/install/moveit_resources_pr2_description/share/moveit_resources_pr2_description/urdf/meshes/sensors/kinect_prosilica_v0/115x100_swept_fwd_no_sensors--coarse.STL
[2.124s] -- Up-to-date symlink: /home/suwi/ros2_4dof_arm/install/moveit_resources_pr2_description/share/moveit_resources_pr2_description/urdf/meshes/sensors/kinect_prosilica_v0/68-04546_Kinect_Sensor--coarse.STL
[2.127s] -- Up-to-date symlink: /home/suwi/ros2_4dof_arm/install/moveit_resources_pr2_description/share/moveit_resources_pr2_description/urdf/meshes/sensors/kinect_prosilica_v0/Prosilica_w_Lens--coarse.STL
[2.127s] -- Up-to-date symlink: /home/suwi/ros2_4dof_arm/install/moveit_resources_pr2_description/share/moveit_resources_pr2_description/urdf/meshes/sensors/kinect_v0/kinect.dae
[2.128s] -- Up-to-date symlink: /home/suwi/ros2_4dof_arm/install/moveit_resources_pr2_description/share/moveit_resources_pr2_description/urdf/meshes/sensors/kinect_v0/kinect.tga
[2.128s] -- Up-to-date symlink: /home/suwi/ros2_4dof_arm/install/moveit_resources_pr2_description/share/moveit_resources_pr2_description/urdf/meshes/sensors/kinect_v0/kinect_color.tga
[2.129s] -- Up-to-date symlink: /home/suwi/ros2_4dof_arm/install/moveit_resources_pr2_description/share/moveit_resources_pr2_description/urdf/meshes/sensors/kinect_v0/kinect_mount.stl
[2.129s] -- Up-to-date symlink: /home/suwi/ros2_4dof_arm/install/moveit_resources_pr2_description/share/moveit_resources_pr2_description/urdf/meshes/shoulder_v0/convex/shoulder_lift.dae
[2.140s] -- Up-to-date symlink: /home/suwi/ros2_4dof_arm/install/moveit_resources_pr2_description/share/moveit_resources_pr2_description/urdf/meshes/shoulder_v0/convex/shoulder_lift.xml
[2.144s] -- Up-to-date symlink: /home/suwi/ros2_4dof_arm/install/moveit_resources_pr2_description/share/moveit_resources_pr2_description/urdf/meshes/shoulder_v0/convex/shoulder_lift_convex.stla
[2.144s] -- Up-to-date symlink: /home/suwi/ros2_4dof_arm/install/moveit_resources_pr2_description/share/moveit_resources_pr2_description/urdf/meshes/shoulder_v0/convex/shoulder_lift_convex.stlb
[2.145s] -- Up-to-date symlink: /home/suwi/ros2_4dof_arm/install/moveit_resources_pr2_description/share/moveit_resources_pr2_description/urdf/meshes/shoulder_v0/convex/shoulder_pan.dae
[2.145s] -- Up-to-date symlink: /home/suwi/ros2_4dof_arm/install/moveit_resources_pr2_description/share/moveit_resources_pr2_description/urdf/meshes/shoulder_v0/convex/shoulder_pan.xml
[2.146s] -- Up-to-date symlink: /home/suwi/ros2_4dof_arm/install/moveit_resources_pr2_description/share/moveit_resources_pr2_description/urdf/meshes/shoulder_v0/convex/shoulder_pan_convex.stla
[2.146s] -- Up-to-date symlink: /home/suwi/ros2_4dof_arm/install/moveit_resources_pr2_description/share/moveit_resources_pr2_description/urdf/meshes/shoulder_v0/convex/shoulder_pan_convex.stlb
[2.146s] -- Up-to-date symlink: /home/suwi/ros2_4dof_arm/install/moveit_resources_pr2_description/share/moveit_resources_pr2_description/urdf/meshes/shoulder_v0/convex/shoulder_yaw.dae
[2.147s] -- Up-to-date symlink: /home/suwi/ros2_4dof_arm/install/moveit_resources_pr2_description/share/moveit_resources_pr2_description/urdf/meshes/shoulder_v0/convex/shoulder_yaw.xml
[2.152s] -- Up-to-date symlink: /home/suwi/ros2_4dof_arm/install/moveit_resources_pr2_description/share/moveit_resources_pr2_description/urdf/meshes/shoulder_v0/convex/shoulder_yaw_convex.stla
[2.156s] -- Up-to-date symlink: /home/suwi/ros2_4dof_arm/install/moveit_resources_pr2_description/share/moveit_resources_pr2_description/urdf/meshes/shoulder_v0/convex/shoulder_yaw_convex.stlb
[2.156s] -- Up-to-date symlink: /home/suwi/ros2_4dof_arm/install/moveit_resources_pr2_description/share/moveit_resources_pr2_description/urdf/meshes/shoulder_v0/convex/upper_arm_roll.dae
[2.167s] -- Up-to-date symlink: /home/suwi/ros2_4dof_arm/install/moveit_resources_pr2_description/share/moveit_resources_pr2_description/urdf/meshes/shoulder_v0/convex/upper_arm_roll.xml
[2.178s] -- Up-to-date symlink: /home/suwi/ros2_4dof_arm/install/moveit_resources_pr2_description/share/moveit_resources_pr2_description/urdf/meshes/shoulder_v0/convex/upper_arm_roll_L.dae
[2.183s] -- Up-to-date symlink: /home/suwi/ros2_4dof_arm/install/moveit_resources_pr2_description/share/moveit_resources_pr2_description/urdf/meshes/shoulder_v0/convex/upper_arm_roll_L.xml
[2.184s] -- Up-to-date symlink: /home/suwi/ros2_4dof_arm/install/moveit_resources_pr2_description/share/moveit_resources_pr2_description/urdf/meshes/shoulder_v0/convex/upper_arm_roll_L_convex.stla
[2.184s] -- Up-to-date symlink: /home/suwi/ros2_4dof_arm/install/moveit_resources_pr2_description/share/moveit_resources_pr2_description/urdf/meshes/shoulder_v0/convex/upper_arm_roll_L_convex.stlb
[2.184s] -- Up-to-date symlink: /home/suwi/ros2_4dof_arm/install/moveit_resources_pr2_description/share/moveit_resources_pr2_description/urdf/meshes/shoulder_v0/convex/upper_arm_roll_convex.stla
[2.190s] -- Up-to-date symlink: /home/suwi/ros2_4dof_arm/install/moveit_resources_pr2_description/share/moveit_resources_pr2_description/urdf/meshes/shoulder_v0/convex/upper_arm_roll_convex.stlb
[2.191s] -- Up-to-date symlink: /home/suwi/ros2_4dof_arm/install/moveit_resources_pr2_description/share/moveit_resources_pr2_description/urdf/meshes/shoulder_v0/shoulder_lift.dae
[2.192s] -- Up-to-date symlink: /home/suwi/ros2_4dof_arm/install/moveit_resources_pr2_description/share/moveit_resources_pr2_description/urdf/meshes/shoulder_v0/shoulder_lift.stl
[2.197s] -- Up-to-date symlink: /home/suwi/ros2_4dof_arm/install/moveit_resources_pr2_description/share/moveit_resources_pr2_description/urdf/meshes/shoulder_v0/shoulder_lift_color.tif
[2.197s] -- Up-to-date symlink: /home/suwi/ros2_4dof_arm/install/moveit_resources_pr2_description/share/moveit_resources_pr2_description/urdf/meshes/shoulder_v0/shoulder_lift_normals.tif
[2.198s] -- Up-to-date symlink: /home/suwi/ros2_4dof_arm/install/moveit_resources_pr2_description/share/moveit_resources_pr2_description/urdf/meshes/shoulder_v0/shoulder_pan.dae
[2.198s] -- Up-to-date symlink: /home/suwi/ros2_4dof_arm/install/moveit_resources_pr2_description/share/moveit_resources_pr2_description/urdf/meshes/shoulder_v0/shoulder_pan.stl
[2.198s] -- Up-to-date symlink: /home/suwi/ros2_4dof_arm/install/moveit_resources_pr2_description/share/moveit_resources_pr2_description/urdf/meshes/shoulder_v0/shoulder_pan_color.tif
[2.198s] -- Up-to-date symlink: /home/suwi/ros2_4dof_arm/install/moveit_resources_pr2_description/share/moveit_resources_pr2_description/urdf/meshes/shoulder_v0/shoulder_pan_normals.tif
[2.199s] -- Up-to-date symlink: /home/suwi/ros2_4dof_arm/install/moveit_resources_pr2_description/share/moveit_resources_pr2_description/urdf/meshes/shoulder_v0/shoulder_yaw.stl
[2.199s] -- Up-to-date symlink: /home/suwi/ros2_4dof_arm/install/moveit_resources_pr2_description/share/moveit_resources_pr2_description/urdf/meshes/shoulder_v0/upper_arm_roll.dae
[2.200s] -- Up-to-date symlink: /home/suwi/ros2_4dof_arm/install/moveit_resources_pr2_description/share/moveit_resources_pr2_description/urdf/meshes/shoulder_v0/upper_arm_roll.stl
[2.200s] -- Up-to-date symlink: /home/suwi/ros2_4dof_arm/install/moveit_resources_pr2_description/share/moveit_resources_pr2_description/urdf/meshes/shoulder_v0/upper_arm_roll_L.stl
[2.200s] -- Up-to-date symlink: /home/suwi/ros2_4dof_arm/install/moveit_resources_pr2_description/share/moveit_resources_pr2_description/urdf/meshes/shoulder_v0/upper_arm_roll_color.tif
[2.203s] -- Up-to-date symlink: /home/suwi/ros2_4dof_arm/install/moveit_resources_pr2_description/share/moveit_resources_pr2_description/urdf/meshes/shoulder_v0/upper_arm_roll_normals.tif
[2.204s] -- Up-to-date symlink: /home/suwi/ros2_4dof_arm/install/moveit_resources_pr2_description/share/moveit_resources_pr2_description/urdf/meshes/tilting_laser_v0/convex/hok_tilt.dae
[2.204s] -- Up-to-date symlink: /home/suwi/ros2_4dof_arm/install/moveit_resources_pr2_description/share/moveit_resources_pr2_description/urdf/meshes/tilting_laser_v0/convex/hok_tilt.xml
[2.204s] -- Up-to-date symlink: /home/suwi/ros2_4dof_arm/install/moveit_resources_pr2_description/share/moveit_resources_pr2_description/urdf/meshes/tilting_laser_v0/convex/hok_tilt_convex.stla
[2.205s] -- Up-to-date symlink: /home/suwi/ros2_4dof_arm/install/moveit_resources_pr2_description/share/moveit_resources_pr2_description/urdf/meshes/tilting_laser_v0/convex/hok_tilt_convex.stlb
[2.206s] -- Up-to-date symlink: /home/suwi/ros2_4dof_arm/install/moveit_resources_pr2_description/share/moveit_resources_pr2_description/urdf/meshes/tilting_laser_v0/convex/tilting_hokuyo.dae
[2.206s] -- Up-to-date symlink: /home/suwi/ros2_4dof_arm/install/moveit_resources_pr2_description/share/moveit_resources_pr2_description/urdf/meshes/tilting_laser_v0/convex/tilting_hokuyo.xml
[2.207s] -- Up-to-date symlink: /home/suwi/ros2_4dof_arm/install/moveit_resources_pr2_description/share/moveit_resources_pr2_description/urdf/meshes/tilting_laser_v0/convex/tilting_hokuyo_L.dae
[2.209s] -- Up-to-date symlink: /home/suwi/ros2_4dof_arm/install/moveit_resources_pr2_description/share/moveit_resources_pr2_description/urdf/meshes/tilting_laser_v0/convex/tilting_hokuyo_L.xml
[2.212s] -- Up-to-date symlink: /home/suwi/ros2_4dof_arm/install/moveit_resources_pr2_description/share/moveit_resources_pr2_description/urdf/meshes/tilting_laser_v0/convex/tilting_hokuyo_L_convex.stla
[2.214s] -- Up-to-date symlink: /home/suwi/ros2_4dof_arm/install/moveit_resources_pr2_description/share/moveit_resources_pr2_description/urdf/meshes/tilting_laser_v0/convex/tilting_hokuyo_L_convex.stlb
[2.215s] -- Up-to-date symlink: /home/suwi/ros2_4dof_arm/install/moveit_resources_pr2_description/share/moveit_resources_pr2_description/urdf/meshes/tilting_laser_v0/convex/tilting_hokuyo_convex.stla
[2.215s] -- Up-to-date symlink: /home/suwi/ros2_4dof_arm/install/moveit_resources_pr2_description/share/moveit_resources_pr2_description/urdf/meshes/tilting_laser_v0/convex/tilting_hokuyo_convex.stlb
[2.215s] -- Up-to-date symlink: /home/suwi/ros2_4dof_arm/install/moveit_resources_pr2_description/share/moveit_resources_pr2_description/urdf/meshes/tilting_laser_v0/hok_tilt.stl
[2.216s] -- Up-to-date symlink: /home/suwi/ros2_4dof_arm/install/moveit_resources_pr2_description/share/moveit_resources_pr2_description/urdf/meshes/tilting_laser_v0/tilting_hokuyo.dae
[2.216s] -- Up-to-date symlink: /home/suwi/ros2_4dof_arm/install/moveit_resources_pr2_description/share/moveit_resources_pr2_description/urdf/meshes/tilting_laser_v0/tilting_hokuyo.stl
[2.216s] -- Up-to-date symlink: /home/suwi/ros2_4dof_arm/install/moveit_resources_pr2_description/share/moveit_resources_pr2_description/urdf/meshes/tilting_laser_v0/tilting_hokuyo_L.stl
[2.218s] -- Up-to-date symlink: /home/suwi/ros2_4dof_arm/install/moveit_resources_pr2_description/share/moveit_resources_pr2_description/urdf/meshes/tilting_laser_v0/tilting_hokuyo_color.tif
[2.219s] -- Up-to-date symlink: /home/suwi/ros2_4dof_arm/install/moveit_resources_pr2_description/share/moveit_resources_pr2_description/urdf/meshes/tilting_laser_v0/tilting_hokuyo_normals.tif
[2.220s] -- Up-to-date symlink: /home/suwi/ros2_4dof_arm/install/moveit_resources_pr2_description/share/moveit_resources_pr2_description/urdf/meshes/torso_v0/convex/torso.dae
[2.220s] -- Up-to-date symlink: /home/suwi/ros2_4dof_arm/install/moveit_resources_pr2_description/share/moveit_resources_pr2_description/urdf/meshes/torso_v0/convex/torso.xml
[2.221s] -- Up-to-date symlink: /home/suwi/ros2_4dof_arm/install/moveit_resources_pr2_description/share/moveit_resources_pr2_description/urdf/meshes/torso_v0/convex/torso_convex.stla
[2.221s] -- Up-to-date symlink: /home/suwi/ros2_4dof_arm/install/moveit_resources_pr2_description/share/moveit_resources_pr2_description/urdf/meshes/torso_v0/convex/torso_convex.stlb
[2.222s] -- Up-to-date symlink: /home/suwi/ros2_4dof_arm/install/moveit_resources_pr2_description/share/moveit_resources_pr2_description/urdf/meshes/torso_v0/convex/torso_lift.dae
[2.222s] -- Up-to-date symlink: /home/suwi/ros2_4dof_arm/install/moveit_resources_pr2_description/share/moveit_resources_pr2_description/urdf/meshes/torso_v0/convex/torso_lift.xml
[2.223s] -- Up-to-date symlink: /home/suwi/ros2_4dof_arm/install/moveit_resources_pr2_description/share/moveit_resources_pr2_description/urdf/meshes/torso_v0/convex/torso_lift_L.dae
[2.223s] -- Up-to-date symlink: /home/suwi/ros2_4dof_arm/install/moveit_resources_pr2_description/share/moveit_resources_pr2_description/urdf/meshes/torso_v0/convex/torso_lift_L.xml
[2.224s] -- Up-to-date symlink: /home/suwi/ros2_4dof_arm/install/moveit_resources_pr2_description/share/moveit_resources_pr2_description/urdf/meshes/torso_v0/convex/torso_lift_L_convex.stla
[2.224s] -- Up-to-date symlink: /home/suwi/ros2_4dof_arm/install/moveit_resources_pr2_description/share/moveit_resources_pr2_description/urdf/meshes/torso_v0/convex/torso_lift_L_convex.stlb
[2.225s] -- Up-to-date symlink: /home/suwi/ros2_4dof_arm/install/moveit_resources_pr2_description/share/moveit_resources_pr2_description/urdf/meshes/torso_v0/convex/torso_lift_convex.stla
[2.226s] -- Up-to-date symlink: /home/suwi/ros2_4dof_arm/install/moveit_resources_pr2_description/share/moveit_resources_pr2_description/urdf/meshes/torso_v0/convex/torso_lift_convex.stlb
[2.226s] -- Up-to-date symlink: /home/suwi/ros2_4dof_arm/install/moveit_resources_pr2_description/share/moveit_resources_pr2_description/urdf/meshes/torso_v0/torso.stl
[2.227s] -- Up-to-date symlink: /home/suwi/ros2_4dof_arm/install/moveit_resources_pr2_description/share/moveit_resources_pr2_description/urdf/meshes/torso_v0/torso_lift.dae
[2.228s] -- Up-to-date symlink: /home/suwi/ros2_4dof_arm/install/moveit_resources_pr2_description/share/moveit_resources_pr2_description/urdf/meshes/torso_v0/torso_lift.stl
[2.229s] -- Up-to-date symlink: /home/suwi/ros2_4dof_arm/install/moveit_resources_pr2_description/share/moveit_resources_pr2_description/urdf/meshes/torso_v0/torso_lift_L.stl
[2.230s] -- Up-to-date symlink: /home/suwi/ros2_4dof_arm/install/moveit_resources_pr2_description/share/moveit_resources_pr2_description/urdf/meshes/torso_v0/torso_lift_color.tif
[2.231s] -- Up-to-date symlink: /home/suwi/ros2_4dof_arm/install/moveit_resources_pr2_description/share/moveit_resources_pr2_description/urdf/meshes/torso_v0/torso_lift_normals.tif
[2.231s] -- Up-to-date symlink: /home/suwi/ros2_4dof_arm/install/moveit_resources_pr2_description/share/moveit_resources_pr2_description/urdf/meshes/upper_arm_v0/convex/elbow_flex.dae
[2.231s] -- Up-to-date symlink: /home/suwi/ros2_4dof_arm/install/moveit_resources_pr2_description/share/moveit_resources_pr2_description/urdf/meshes/upper_arm_v0/convex/elbow_flex.xml
[2.232s] -- Up-to-date symlink: /home/suwi/ros2_4dof_arm/install/moveit_resources_pr2_description/share/moveit_resources_pr2_description/urdf/meshes/upper_arm_v0/convex/elbow_flex_convex.stla
[2.232s] -- Up-to-date symlink: /home/suwi/ros2_4dof_arm/install/moveit_resources_pr2_description/share/moveit_resources_pr2_description/urdf/meshes/upper_arm_v0/convex/elbow_flex_convex.stlb
[2.233s] -- Up-to-date symlink: /home/suwi/ros2_4dof_arm/install/moveit_resources_pr2_description/share/moveit_resources_pr2_description/urdf/meshes/upper_arm_v0/convex/forearm_roll.dae
[2.233s] -- Up-to-date symlink: /home/suwi/ros2_4dof_arm/install/moveit_resources_pr2_description/share/moveit_resources_pr2_description/urdf/meshes/upper_arm_v0/convex/forearm_roll.xml
[2.234s] -- Up-to-date symlink: /home/suwi/ros2_4dof_arm/install/moveit_resources_pr2_description/share/moveit_resources_pr2_description/urdf/meshes/upper_arm_v0/convex/forearm_roll_L.dae
[2.234s] -- Up-to-date symlink: /home/suwi/ros2_4dof_arm/install/moveit_resources_pr2_description/share/moveit_resources_pr2_description/urdf/meshes/upper_arm_v0/convex/forearm_roll_L.xml
[2.238s] -- Up-to-date symlink: /home/suwi/ros2_4dof_arm/install/moveit_resources_pr2_description/share/moveit_resources_pr2_description/urdf/meshes/upper_arm_v0/convex/forearm_roll_L_convex.stla
[2.239s] -- Up-to-date symlink: /home/suwi/ros2_4dof_arm/install/moveit_resources_pr2_description/share/moveit_resources_pr2_description/urdf/meshes/upper_arm_v0/convex/forearm_roll_L_convex.stlb
[2.239s] -- Up-to-date symlink: /home/suwi/ros2_4dof_arm/install/moveit_resources_pr2_description/share/moveit_resources_pr2_description/urdf/meshes/upper_arm_v0/convex/forearm_roll_convex.stla
[2.242s] -- Up-to-date symlink: /home/suwi/ros2_4dof_arm/install/moveit_resources_pr2_description/share/moveit_resources_pr2_description/urdf/meshes/upper_arm_v0/convex/forearm_roll_convex.stlb
[2.242s] -- Up-to-date symlink: /home/suwi/ros2_4dof_arm/install/moveit_resources_pr2_description/share/moveit_resources_pr2_description/urdf/meshes/upper_arm_v0/convex/upper_arm.dae
[2.244s] -- Up-to-date symlink: /home/suwi/ros2_4dof_arm/install/moveit_resources_pr2_description/share/moveit_resources_pr2_description/urdf/meshes/upper_arm_v0/convex/upper_arm.xml
[2.244s] -- Up-to-date symlink: /home/suwi/ros2_4dof_arm/install/moveit_resources_pr2_description/share/moveit_resources_pr2_description/urdf/meshes/upper_arm_v0/convex/upper_arm_convex.stla
[2.246s] -- Up-to-date symlink: /home/suwi/ros2_4dof_arm/install/moveit_resources_pr2_description/share/moveit_resources_pr2_description/urdf/meshes/upper_arm_v0/convex/upper_arm_convex.stlb
[2.247s] -- Up-to-date symlink: /home/suwi/ros2_4dof_arm/install/moveit_resources_pr2_description/share/moveit_resources_pr2_description/urdf/meshes/upper_arm_v0/elbow_flex.dae
[2.248s] -- Up-to-date symlink: /home/suwi/ros2_4dof_arm/install/moveit_resources_pr2_description/share/moveit_resources_pr2_description/urdf/meshes/upper_arm_v0/elbow_flex.stl
[2.249s] -- Up-to-date symlink: /home/suwi/ros2_4dof_arm/install/moveit_resources_pr2_description/share/moveit_resources_pr2_description/urdf/meshes/upper_arm_v0/elbow_flex_color.tif
[2.249s] -- Up-to-date symlink: /home/suwi/ros2_4dof_arm/install/moveit_resources_pr2_description/share/moveit_resources_pr2_description/urdf/meshes/upper_arm_v0/elbow_flex_normals.tif
[2.249s] -- Up-to-date symlink: /home/suwi/ros2_4dof_arm/install/moveit_resources_pr2_description/share/moveit_resources_pr2_description/urdf/meshes/upper_arm_v0/forearm_roll.stl
[2.250s] -- Up-to-date symlink: /home/suwi/ros2_4dof_arm/install/moveit_resources_pr2_description/share/moveit_resources_pr2_description/urdf/meshes/upper_arm_v0/forearm_roll_L.stl
[2.250s] -- Up-to-date symlink: /home/suwi/ros2_4dof_arm/install/moveit_resources_pr2_description/share/moveit_resources_pr2_description/urdf/meshes/upper_arm_v0/upper_arm.dae
[2.251s] -- Up-to-date symlink: /home/suwi/ros2_4dof_arm/install/moveit_resources_pr2_description/share/moveit_resources_pr2_description/urdf/meshes/upper_arm_v0/upper_arm.jpg
[2.252s] -- Up-to-date symlink: /home/suwi/ros2_4dof_arm/install/moveit_resources_pr2_description/share/moveit_resources_pr2_description/urdf/meshes/upper_arm_v0/upper_arm.stl
[2.253s] -- Up-to-date symlink: /home/suwi/ros2_4dof_arm/install/moveit_resources_pr2_description/share/moveit_resources_pr2_description/urdf/meshes/upper_arm_v0/upper_arm_color.tif
[2.255s] -- Up-to-date symlink: /home/suwi/ros2_4dof_arm/install/moveit_resources_pr2_description/share/moveit_resources_pr2_description/urdf/meshes/upper_arm_v0/upper_arm_normals.tif
[2.256s] -- Up-to-date symlink: /home/suwi/ros2_4dof_arm/install/moveit_resources_pr2_description/share/moveit_resources_pr2_description/urdf/robot.xml
[2.256s] -- Up-to-date symlink: /home/suwi/ros2_4dof_arm/install/moveit_resources_pr2_description/share/moveit_resources_pr2_description/kinect.dae
[2.470s] Invoked command in '/home/suwi/ros2_4dof_arm/build/moveit_resources_pr2_description' returned '0': CMAKE_PREFIX_PATH=${CMAKE_PREFIX_PATH}:/home/suwi/ros2_4dof_arm/install/moveit_configs_utils:/home/suwi/ros2_ws_prac/install/pub_sub:/opt/ros/humble /usr/bin/cmake --install /home/suwi/ros2_4dof_arm/build/moveit_resources_pr2_description
