[0.520s] Invoking command in '/home/suwi/ros2_4dof_arm/build/four_dof_arm': CMAKE_PREFIX_PATH=${CMAKE_PREFIX_PATH}:/home/suwi/ros2_4dof_arm/install/moveit_configs_utils:/home/suwi/ros2_ws_prac/install/pub_sub:/opt/ros/humble /usr/bin/cmake --build /home/suwi/ros2_4dof_arm/build/four_dof_arm -- -j8 -l8
[0.865s] Invoked command in '/home/suwi/ros2_4dof_arm/build/four_dof_arm' returned '0': CMAKE_PREFIX_PATH=${CMAKE_PREFIX_PATH}:/home/suwi/ros2_4dof_arm/install/moveit_configs_utils:/home/suwi/ros2_ws_prac/install/pub_sub:/opt/ros/humble /usr/bin/cmake --build /home/suwi/ros2_4dof_arm/build/four_dof_arm -- -j8 -l8
[0.875s] Invoking command in '/home/suwi/ros2_4dof_arm/build/four_dof_arm': CMAKE_PREFIX_PATH=${CMAKE_PREFIX_PATH}:/home/suwi/ros2_4dof_arm/install/moveit_configs_utils:/home/suwi/ros2_ws_prac/install/pub_sub:/opt/ros/humble /usr/bin/cmake --install /home/suwi/ros2_4dof_arm/build/four_dof_arm
[0.969s] -- Install configuration: ""
[0.969s] -- Execute custom install script
[0.970s] -- Up-to-date symlink: /home/suwi/ros2_4dof_arm/install/four_dof_arm/share/ament_index/resource_index/package_run_dependencies/four_dof_arm
[0.970s] -- Up-to-date symlink: /home/suwi/ros2_4dof_arm/install/four_dof_arm/share/ament_index/resource_index/parent_prefix_path/four_dof_arm
[0.970s] -- Up-to-date symlink: /home/suwi/ros2_4dof_arm/install/four_dof_arm/share/four_dof_arm/environment/ament_prefix_path.sh
[0.970s] -- Up-to-date symlink: /home/suwi/ros2_4dof_arm/install/four_dof_arm/share/four_dof_arm/environment/ament_prefix_path.dsv
[0.970s] -- Up-to-date symlink: /home/suwi/ros2_4dof_arm/install/four_dof_arm/share/four_dof_arm/environment/path.sh
[0.971s] -- Up-to-date symlink: /home/suwi/ros2_4dof_arm/install/four_dof_arm/share/four_dof_arm/environment/path.dsv
[0.971s] -- Up-to-date symlink: /home/suwi/ros2_4dof_arm/install/four_dof_arm/share/four_dof_arm/local_setup.bash
[0.972s] -- Up-to-date symlink: /home/suwi/ros2_4dof_arm/install/four_dof_arm/share/four_dof_arm/local_setup.sh
[0.972s] -- Up-to-date symlink: /home/suwi/ros2_4dof_arm/install/four_dof_arm/share/four_dof_arm/local_setup.zsh
[0.973s] -- Up-to-date symlink: /home/suwi/ros2_4dof_arm/install/four_dof_arm/share/four_dof_arm/local_setup.dsv
[0.973s] -- Symlinking: /home/suwi/ros2_4dof_arm/install/four_dof_arm/share/four_dof_arm/package.dsv
[1.067s] -- Up-to-date symlink: /home/suwi/ros2_4dof_arm/install/four_dof_arm/share/ament_index/resource_index/packages/four_dof_arm
[1.070s] -- Up-to-date symlink: /home/suwi/ros2_4dof_arm/install/four_dof_arm/share/four_dof_arm/cmake/four_dof_armConfig.cmake
[1.072s] -- Up-to-date symlink: /home/suwi/ros2_4dof_arm/install/four_dof_arm/share/four_dof_arm/cmake/four_dof_armConfig-version.cmake
[1.073s] -- Up-to-date symlink: /home/suwi/ros2_4dof_arm/install/four_dof_arm/share/four_dof_arm/package.xml
[1.144s] Invoked command in '/home/suwi/ros2_4dof_arm/build/four_dof_arm' returned '0': CMAKE_PREFIX_PATH=${CMAKE_PREFIX_PATH}:/home/suwi/ros2_4dof_arm/install/moveit_configs_utils:/home/suwi/ros2_ws_prac/install/pub_sub:/opt/ros/humble /usr/bin/cmake --install /home/suwi/ros2_4dof_arm/build/four_dof_arm
