[2.137s] Invoking command in '/home/suwi/ros2_4dof_arm/src/gesture_control_pkg': PYTHONPATH=/home/suwi/ros2_4dof_arm/build/gesture_control_pkg/prefix_override:/usr/lib/python3/dist-packages/colcon_core/task/python/colcon_distutils_commands:/home/suwi/ros2_4dof_arm/install/gesture_control_pkg/lib/python3.10/site-packages:${PYTHONPATH} /usr/bin/python3 -W ignore:setup.py install is deprecated -W ignore:easy_install command is deprecated setup.py egg_info --egg-base ../../build/gesture_control_pkg build --build-base /home/suwi/ros2_4dof_arm/build/gesture_control_pkg/build install --record /home/suwi/ros2_4dof_arm/build/gesture_control_pkg/install.log --single-version-externally-managed install_data
[2.961s] running egg_info
[2.962s] writing ../../build/gesture_control_pkg/gesture_control_pkg.egg-info/PKG-INFO
[2.963s] writing dependency_links to ../../build/gesture_control_pkg/gesture_control_pkg.egg-info/dependency_links.txt
[2.964s] writing entry points to ../../build/gesture_control_pkg/gesture_control_pkg.egg-info/entry_points.txt
[2.964s] writing requirements to ../../build/gesture_control_pkg/gesture_control_pkg.egg-info/requires.txt
[2.965s] writing top-level names to ../../build/gesture_control_pkg/gesture_control_pkg.egg-info/top_level.txt
[2.969s] reading manifest file '../../build/gesture_control_pkg/gesture_control_pkg.egg-info/SOURCES.txt'
[2.972s] writing manifest file '../../build/gesture_control_pkg/gesture_control_pkg.egg-info/SOURCES.txt'
[2.972s] running build
[2.973s] running build_py
[2.973s] copying gesture_control_pkg/gesture_angle_publisher.py -> /home/suwi/ros2_4dof_arm/build/gesture_control_pkg/build/lib/gesture_control_pkg
[2.975s] running install
[2.978s] running install_lib
[2.982s] copying /home/suwi/ros2_4dof_arm/build/gesture_control_pkg/build/lib/gesture_control_pkg/gesture_angle_publisher.py -> /home/suwi/ros2_4dof_arm/install/gesture_control_pkg/lib/python3.10/site-packages/gesture_control_pkg
[2.983s] byte-compiling /home/suwi/ros2_4dof_arm/install/gesture_control_pkg/lib/python3.10/site-packages/gesture_control_pkg/gesture_angle_publisher.py to gesture_angle_publisher.cpython-310.pyc
[2.989s] running install_data
[2.990s] running install_egg_info
[2.995s] removing '/home/suwi/ros2_4dof_arm/install/gesture_control_pkg/lib/python3.10/site-packages/gesture_control_pkg-0.0.0-py3.10.egg-info' (and everything under it)
[2.995s] Copying ../../build/gesture_control_pkg/gesture_control_pkg.egg-info to /home/suwi/ros2_4dof_arm/install/gesture_control_pkg/lib/python3.10/site-packages/gesture_control_pkg-0.0.0-py3.10.egg-info
[3.002s] running install_scripts
[3.050s] Installing angle_to_joint_state_publisher script to /home/suwi/ros2_4dof_arm/install/gesture_control_pkg/lib/gesture_control_pkg
[3.051s] Installing gesture_angle_publisher script to /home/suwi/ros2_4dof_arm/install/gesture_control_pkg/lib/gesture_control_pkg
[3.051s] Installing gesture_joint_publisher script to /home/suwi/ros2_4dof_arm/install/gesture_control_pkg/lib/gesture_control_pkg
[3.052s] Installing manual_angle_publisher script to /home/suwi/ros2_4dof_arm/install/gesture_control_pkg/lib/gesture_control_pkg
[3.053s] writing list of installed files to '/home/suwi/ros2_4dof_arm/build/gesture_control_pkg/install.log'
[3.105s] Invoked command in '/home/suwi/ros2_4dof_arm/src/gesture_control_pkg' returned '0': PYTHONPATH=/home/suwi/ros2_4dof_arm/build/gesture_control_pkg/prefix_override:/usr/lib/python3/dist-packages/colcon_core/task/python/colcon_distutils_commands:/home/suwi/ros2_4dof_arm/install/gesture_control_pkg/lib/python3.10/site-packages:${PYTHONPATH} /usr/bin/python3 -W ignore:setup.py install is deprecated -W ignore:easy_install command is deprecated setup.py egg_info --egg-base ../../build/gesture_control_pkg build --build-base /home/suwi/ros2_4dof_arm/build/gesture_control_pkg/build install --record /home/suwi/ros2_4dof_arm/build/gesture_control_pkg/install.log --single-version-externally-managed install_data
