/home/suwi/ros2_4dof_arm/install/gesture_control_pkg/lib/python3.10/site-packages/gesture_control_pkg/manual_angle_publisher.py
/home/suwi/ros2_4dof_arm/install/gesture_control_pkg/lib/python3.10/site-packages/gesture_control_pkg/gesture_joint_publisher.py
/home/suwi/ros2_4dof_arm/install/gesture_control_pkg/lib/python3.10/site-packages/gesture_control_pkg/hand_tracker_publisher.py
/home/suwi/ros2_4dof_arm/install/gesture_control_pkg/lib/python3.10/site-packages/gesture_control_pkg/angle_to_joint_state_publisher.py
/home/suwi/ros2_4dof_arm/install/gesture_control_pkg/lib/python3.10/site-packages/gesture_control_pkg/gesture_angle_publisher.py
/home/suwi/ros2_4dof_arm/install/gesture_control_pkg/lib/python3.10/site-packages/gesture_control_pkg/arm_angle_publisher.py
/home/suwi/ros2_4dof_arm/install/gesture_control_pkg/lib/python3.10/site-packages/gesture_control_pkg/__init__.py
/home/suwi/ros2_4dof_arm/install/gesture_control_pkg/lib/python3.10/site-packages/gesture_control_pkg/__pycache__/manual_angle_publisher.cpython-310.pyc
/home/suwi/ros2_4dof_arm/install/gesture_control_pkg/lib/python3.10/site-packages/gesture_control_pkg/__pycache__/gesture_joint_publisher.cpython-310.pyc
/home/suwi/ros2_4dof_arm/install/gesture_control_pkg/lib/python3.10/site-packages/gesture_control_pkg/__pycache__/hand_tracker_publisher.cpython-310.pyc
/home/suwi/ros2_4dof_arm/install/gesture_control_pkg/lib/python3.10/site-packages/gesture_control_pkg/__pycache__/angle_to_joint_state_publisher.cpython-310.pyc
/home/suwi/ros2_4dof_arm/install/gesture_control_pkg/lib/python3.10/site-packages/gesture_control_pkg/__pycache__/gesture_angle_publisher.cpython-310.pyc
/home/suwi/ros2_4dof_arm/install/gesture_control_pkg/lib/python3.10/site-packages/gesture_control_pkg/__pycache__/arm_angle_publisher.cpython-310.pyc
/home/suwi/ros2_4dof_arm/install/gesture_control_pkg/lib/python3.10/site-packages/gesture_control_pkg/__pycache__/__init__.cpython-310.pyc
/home/suwi/ros2_4dof_arm/install/gesture_control_pkg/share/ament_index/resource_index/packages/gesture_control_pkg
/home/suwi/ros2_4dof_arm/install/gesture_control_pkg/share/gesture_control_pkg/package.xml
/home/suwi/ros2_4dof_arm/install/gesture_control_pkg/lib/python3.10/site-packages/gesture_control_pkg-0.0.0-py3.10.egg-info/PKG-INFO
/home/suwi/ros2_4dof_arm/install/gesture_control_pkg/lib/python3.10/site-packages/gesture_control_pkg-0.0.0-py3.10.egg-info/dependency_links.txt
/home/suwi/ros2_4dof_arm/install/gesture_control_pkg/lib/python3.10/site-packages/gesture_control_pkg-0.0.0-py3.10.egg-info/top_level.txt
/home/suwi/ros2_4dof_arm/install/gesture_control_pkg/lib/python3.10/site-packages/gesture_control_pkg-0.0.0-py3.10.egg-info/requires.txt
/home/suwi/ros2_4dof_arm/install/gesture_control_pkg/lib/python3.10/site-packages/gesture_control_pkg-0.0.0-py3.10.egg-info/zip-safe
/home/suwi/ros2_4dof_arm/install/gesture_control_pkg/lib/python3.10/site-packages/gesture_control_pkg-0.0.0-py3.10.egg-info/SOURCES.txt
/home/suwi/ros2_4dof_arm/install/gesture_control_pkg/lib/python3.10/site-packages/gesture_control_pkg-0.0.0-py3.10.egg-info/entry_points.txt
/home/suwi/ros2_4dof_arm/install/gesture_control_pkg/lib/gesture_control_pkg/angle_to_joint_state_publisher
/home/suwi/ros2_4dof_arm/install/gesture_control_pkg/lib/gesture_control_pkg/gesture_angle_publisher
/home/suwi/ros2_4dof_arm/install/gesture_control_pkg/lib/gesture_control_pkg/gesture_joint_publisher
/home/suwi/ros2_4dof_arm/install/gesture_control_pkg/lib/gesture_control_pkg/hand_tracker_publisher
/home/suwi/ros2_4dof_arm/install/gesture_control_pkg/lib/gesture_control_pkg/manual_angle_publisher
