[0.105s] Invoking command in '/home/suwi/ros2_4dof_arm/build/moveit_ros_planning': AMENT_PREFIX_PATH=/home/suwi/ros2_4dof_arm/install/moveit_ros_occupancy_map_monitor:/home/suwi/ros2_4dof_arm/install/moveit_core:/home/suwi/ros2_4dof_arm/install/moveit_resources_panda_moveit_config:/home/suwi/ros2_4dof_arm/install/moveit_resources_pr2_description:/home/suwi/ros2_4dof_arm/install/moveit_msgs:/home/suwi/ros2_4dof_arm/install/moveit_configs_utils:${AMENT_PREFIX_PATH} CMAKE_PREFIX_PATH=/home/suwi/ros2_4dof_arm/install/moveit_ros_occupancy_map_monitor:/home/suwi/ros2_4dof_arm/install/moveit_core:/home/suwi/ros2_4dof_arm/install/moveit_resources_panda_moveit_config:/home/suwi/ros2_4dof_arm/install/moveit_resources_pr2_description:/home/suwi/ros2_4dof_arm/install/moveit_resources_panda_description:/home/suwi/ros2_4dof_arm/install/moveit_msgs:/home/suwi/ros2_4dof_arm/install/moveit_common:/home/suwi/ros2_4dof_arm/src/four_dof_arm/install/four_dof_arm:/home/suwi/ros2_4dof_arm/install/four_dof_arm:/opt/ros/humble:/opt/ros/humble:/home/suwi/ros2_ws_prac/install/my_robot_control:/path/to/object_recognition_msgs/install:/home/suwi/ros2_ws_prac/install/pub_sub LD_LIBRARY_PATH=/home/suwi/ros2_4dof_arm/install/moveit_ros_occupancy_map_monitor/lib:/home/suwi/ros2_4dof_arm/install/moveit_core/lib:/home/suwi/ros2_4dof_arm/install/moveit_msgs/lib:${LD_LIBRARY_PATH} PATH=/home/suwi/ros2_4dof_arm/install/moveit_core/bin:${PATH} PYTHONPATH=/home/suwi/ros2_4dof_arm/install/moveit_msgs/local/lib/python3.10/dist-packages:/home/suwi/ros2_4dof_arm/install/moveit_configs_utils/lib/python3.10/site-packages:${PYTHONPATH} /usr/bin/cmake /home/suwi/ros2_4dof_arm/src/moveit2/moveit_ros/planning -DCMAKE_INSTALL_PREFIX=/home/suwi/ros2_4dof_arm/install/moveit_ros_planning
[0.338s] -- The C compiler identification is GNU 11.4.0
[0.566s] -- The CXX compiler identification is GNU 11.4.0
[0.593s] -- Detecting C compiler ABI info
[0.914s] -- Detecting C compiler ABI info - done
[0.923s] -- Check for working C compiler: /usr/bin/cc - skipped
[0.924s] -- Detecting C compile features
[0.925s] -- Detecting C compile features - done
[0.932s] -- Detecting CXX compiler ABI info
[1.296s] -- Detecting CXX compiler ABI info - done
[1.306s] -- Check for working CXX compiler: /usr/bin/c++ - skipped
[1.307s] -- Detecting CXX compile features
[1.307s] -- Detecting CXX compile features - done
[1.318s] -- Found moveit_common: 2.5.8 (/home/suwi/ros2_4dof_arm/install/moveit_common/share/moveit_common/cmake)
[1.333s] -- Found ament_cmake: 1.3.11 (/opt/ros/humble/share/ament_cmake/cmake)
[1.788s] -- Found Python3: /usr/bin/python3 (found version "3.10.12") found components: Interpreter 
[2.308s] [0mmoveit_ros_planning: You did not request a specific build type: Choosing 'Release' for maximum performance[0m
[2.315s] -- Found moveit_msgs: 2.2.1 (/home/suwi/ros2_4dof_arm/install/moveit_msgs/share/moveit_msgs/cmake)
[2.502s] -- Found rosidl_generator_c: 3.1.6 (/opt/ros/humble/share/rosidl_generator_c/cmake)
[2.533s] -- Found rosidl_adapter: 3.1.6 (/opt/ros/humble/share/rosidl_adapter/cmake)
[2.577s] -- Found rosidl_generator_cpp: 3.1.6 (/opt/ros/humble/share/rosidl_generator_cpp/cmake)
[2.631s] -- Using all available rosidl_typesupport_c: rosidl_typesupport_fastrtps_c;rosidl_typesupport_introspection_c
[2.702s] -- Using all available rosidl_typesupport_cpp: rosidl_typesupport_fastrtps_cpp;rosidl_typesupport_introspection_cpp
[3.154s] -- Found pluginlib: 5.1.0 (/opt/ros/humble/share/pluginlib/cmake)
[3.275s] -- Found rclcpp: 16.0.12 (/opt/ros/humble/share/rclcpp/cmake)
[3.442s] -- Found rmw_implementation_cmake: 6.1.2 (/opt/ros/humble/share/rmw_implementation_cmake/cmake)
[3.458s] -- Found rmw_fastrtps_cpp: 6.2.7 (/opt/ros/humble/share/rmw_fastrtps_cpp/cmake)
[3.562s] -- Found TinyXML2 via Config file: TinyXML2_DIR-NOTFOUND
[3.834s] -- Found OpenSSL: /usr/lib/x86_64-linux-gnu/libcrypto.so (found version "3.0.2")  
[3.851s] -- Found TinyXML2 via Config file: TinyXML2_DIR-NOTFOUND
[3.893s] -- Found FastRTPS: /opt/ros/humble/include  
[3.901s] -- Found TinyXML2 via Config file: TinyXML2_DIR-NOTFOUND
[3.930s] -- Found TinyXML2 via Config file: TinyXML2_DIR-NOTFOUND
[3.963s] -- Using RMW implementation 'rmw_fastrtps_cpp' as default
[4.016s] -- Looking for pthread.h
[4.417s] -- Looking for pthread.h - found
[4.418s] -- Performing Test CMAKE_HAVE_LIBC_PTHREAD
[4.814s] -- Performing Test CMAKE_HAVE_LIBC_PTHREAD - Success
[4.820s] -- Found Threads: TRUE  
[4.935s] -- Found message_filters: 4.3.6 (/opt/ros/humble/share/message_filters/cmake)
[4.954s] -- Found srdfdom: 2.0.7 (/opt/ros/humble/share/srdfdom/cmake)
[5.036s] -- Found tf2: 0.25.12 (/opt/ros/humble/share/tf2/cmake)
[5.055s] -- Found tf2_geometry_msgs: 0.25.12 (/opt/ros/humble/share/tf2_geometry_msgs/cmake)
[5.131s] -- Found eigen3_cmake_module: 0.1.1 (/opt/ros/humble/share/eigen3_cmake_module/cmake)
[5.134s] -- Found Eigen3: TRUE (found version "3.4.0") 
[5.134s] -- Ensuring Eigen3 include directory is part of orocos-kdl CMake target
[5.311s] -- Found tf2_eigen: 0.25.12 (/opt/ros/humble/share/tf2_eigen/cmake)
[5.324s] -- Found moveit_core: 2.5.8 (/home/suwi/ros2_4dof_arm/install/moveit_core/share/moveit_core/cmake)
[5.540s] -- Found Boost: /usr/lib/x86_64-linux-gnu/cmake/Boost-1.74.0/BoostConfig.cmake (found version "1.74.0") found components: chrono date_time filesystem iostreams program_options regex serialization system thread 
[5.703s] -- Found parameter_traits: 0.4.0 (/opt/ros/humble/share/parameter_traits/cmake)
[5.772s] -- Found rclcpp_lifecycle: 16.0.12 (/opt/ros/humble/share/rclcpp_lifecycle/cmake)
[5.852s] -- Found Boost: /usr/lib/x86_64-linux-gnu/cmake/Boost-1.74.0/BoostConfig.cmake (found version "1.74.0") found components: filesystem 
[6.249s] -- library: /usr/lib/x86_64-linux-gnu/libcurl.so
[6.385s] -- Found moveit_ros_occupancy_map_monitor: 2.5.8 (/home/suwi/ros2_4dof_arm/install/moveit_ros_occupancy_map_monitor/share/moveit_ros_occupancy_map_monitor/cmake)
[6.408s] -- Found Boost: /usr/lib/x86_64-linux-gnu/cmake/Boost-1.74.0/BoostConfig.cmake (found version "1.74.0") found components: system filesystem date_time program_options thread chrono 
[6.495s] -- Performing Test COMPILER_HAS_HIDDEN_VISIBILITY
[6.918s] -- Performing Test COMPILER_HAS_HIDDEN_VISIBILITY - Success
[6.920s] -- Performing Test COMPILER_HAS_HIDDEN_INLINE_VISIBILITY
[7.334s] -- Performing Test COMPILER_HAS_HIDDEN_INLINE_VISIBILITY - Success
[7.335s] -- Performing Test COMPILER_HAS_DEPRECATED_ATTR
[7.755s] -- Performing Test COMPILER_HAS_DEPRECATED_ATTR - Success
[7.846s] -- Found ament_cmake_gtest: 1.3.11 (/opt/ros/humble/share/ament_cmake_gtest/cmake)
[7.861s] -- Found ament_cmake_gmock: 1.3.11 (/opt/ros/humble/share/ament_cmake_gmock/cmake)
[7.879s] -- Found ros_testing: 0.4.0 (/opt/ros/humble/share/ros_testing/cmake)
[7.898s] -- Found launch_testing_ament_cmake: 1.0.8 (/opt/ros/humble/share/launch_testing_ament_cmake/cmake)
[7.917s] -- Found python_cmake_module: 0.10.0 (/opt/ros/humble/share/python_cmake_module/cmake)
[7.990s] -- Found PythonInterp: /usr/bin/python3 (found suitable version "3.10.12", minimum required is "3.6") 
[8.015s] -- Found PythonLibs: /usr/lib/x86_64-linux-gnu/libpython3.10.so (found suitable version "3.10.12", minimum required is "3.5") 
[8.015s] -- Using PYTHON_EXECUTABLE: /usr/bin/python3
[8.016s] -- Using PYTHON_INCLUDE_DIRS: /usr/include/python3.10
[8.016s] -- Using PYTHON_LIBRARIES: /usr/lib/x86_64-linux-gnu/libpython3.10.so
[8.088s] -- Found PythonExtra: .so  
[8.108s] -- Found gmock sources under '/opt/ros/humble/src/gmock_vendor': C++ tests using 'Google Mock' will be built
[8.148s] -- Found gtest sources under '/opt/ros/humble/src/gtest_vendor': C++ tests using 'Google Test' will be built
[8.255s] -- Found ament_lint_auto: 0.12.12 (/opt/ros/humble/share/ament_lint_auto/cmake)
[8.369s] -- Found launch_testing_ament_cmake: 1.0.8 (/opt/ros/humble/share/launch_testing_ament_cmake/cmake)
[8.371s] -- Found python_cmake_module: 0.10.0 (/opt/ros/humble/share/python_cmake_module/cmake)
[8.446s] -- Using PYTHON_EXECUTABLE: /usr/bin/python3
[8.447s] -- Using PYTHON_INCLUDE_DIRS: /usr/include/python3.10
[8.447s] -- Using PYTHON_LIBRARIES: /usr/lib/x86_64-linux-gnu/libpython3.10.so
[8.561s] -- Added test 'cppcheck' to perform static code analysis on C / C++ code
[8.563s] -- Configured cppcheck include dirs: /home/suwi/ros2_4dof_arm/src/moveit2/moveit_ros/planning/rdf_loader/include;/home/suwi/ros2_4dof_arm/src/moveit2/moveit_ros/planning/kinematics_plugin_loader/include;/home/suwi/ros2_4dof_arm/src/moveit2/moveit_ros/planning/robot_model_loader/include;/home/suwi/ros2_4dof_arm/src/moveit2/moveit_ros/planning/constraint_sampler_manager_loader/include;/home/suwi/ros2_4dof_arm/src/moveit2/moveit_ros/planning/planning_pipeline/include;/home/suwi/ros2_4dof_arm/src/moveit2/moveit_ros/planning/planning_scene_monitor/include;/home/suwi/ros2_4dof_arm/src/moveit2/moveit_ros/planning/trajectory_execution_manager/include;/home/suwi/ros2_4dof_arm/src/moveit2/moveit_ros/planning/plan_execution/include;/home/suwi/ros2_4dof_arm/src/moveit2/moveit_ros/planning/collision_plugin_loader/include;/home/suwi/ros2_4dof_arm/src/moveit2/moveit_ros/planning/moveit_cpp/include
[8.563s] -- Configured cppcheck exclude dirs and/or files: 
[8.587s] -- Added test 'lint_cmake' to check CMake code style
[8.600s] -- Added test 'pep257' to check Python code against some of the docstring style conventions in PEP 257
[8.613s] -- Added test 'xmllint' to check XML markup files
[8.627s] -- Configuring done
[11.647s] -- Generating done
[11.819s] -- Build files have been written to: /home/suwi/ros2_4dof_arm/build/moveit_ros_planning
[11.898s] Invoked command in '/home/suwi/ros2_4dof_arm/build/moveit_ros_planning' returned '0': AMENT_PREFIX_PATH=/home/suwi/ros2_4dof_arm/install/moveit_ros_occupancy_map_monitor:/home/suwi/ros2_4dof_arm/install/moveit_core:/home/suwi/ros2_4dof_arm/install/moveit_resources_panda_moveit_config:/home/suwi/ros2_4dof_arm/install/moveit_resources_pr2_description:/home/suwi/ros2_4dof_arm/install/moveit_msgs:/home/suwi/ros2_4dof_arm/install/moveit_configs_utils:${AMENT_PREFIX_PATH} CMAKE_PREFIX_PATH=/home/suwi/ros2_4dof_arm/install/moveit_ros_occupancy_map_monitor:/home/suwi/ros2_4dof_arm/install/moveit_core:/home/suwi/ros2_4dof_arm/install/moveit_resources_panda_moveit_config:/home/suwi/ros2_4dof_arm/install/moveit_resources_pr2_description:/home/suwi/ros2_4dof_arm/install/moveit_resources_panda_description:/home/suwi/ros2_4dof_arm/install/moveit_msgs:/home/suwi/ros2_4dof_arm/install/moveit_common:/home/suwi/ros2_4dof_arm/src/four_dof_arm/install/four_dof_arm:/home/suwi/ros2_4dof_arm/install/four_dof_arm:/opt/ros/humble:/opt/ros/humble:/home/suwi/ros2_ws_prac/install/my_robot_control:/path/to/object_recognition_msgs/install:/home/suwi/ros2_ws_prac/install/pub_sub LD_LIBRARY_PATH=/home/suwi/ros2_4dof_arm/install/moveit_ros_occupancy_map_monitor/lib:/home/suwi/ros2_4dof_arm/install/moveit_core/lib:/home/suwi/ros2_4dof_arm/install/moveit_msgs/lib:${LD_LIBRARY_PATH} PATH=/home/suwi/ros2_4dof_arm/install/moveit_core/bin:${PATH} PYTHONPATH=/home/suwi/ros2_4dof_arm/install/moveit_msgs/local/lib/python3.10/dist-packages:/home/suwi/ros2_4dof_arm/install/moveit_configs_utils/lib/python3.10/site-packages:${PYTHONPATH} /usr/bin/cmake /home/suwi/ros2_4dof_arm/src/moveit2/moveit_ros/planning -DCMAKE_INSTALL_PREFIX=/home/suwi/ros2_4dof_arm/install/moveit_ros_planning
[11.905s] Invoking command in '/home/suwi/ros2_4dof_arm/build/moveit_ros_planning': AMENT_PREFIX_PATH=/home/suwi/ros2_4dof_arm/install/moveit_ros_occupancy_map_monitor:/home/suwi/ros2_4dof_arm/install/moveit_core:/home/suwi/ros2_4dof_arm/install/moveit_resources_panda_moveit_config:/home/suwi/ros2_4dof_arm/install/moveit_resources_pr2_description:/home/suwi/ros2_4dof_arm/install/moveit_msgs:/home/suwi/ros2_4dof_arm/install/moveit_configs_utils:${AMENT_PREFIX_PATH} CMAKE_PREFIX_PATH=/home/suwi/ros2_4dof_arm/install/moveit_ros_occupancy_map_monitor:/home/suwi/ros2_4dof_arm/install/moveit_core:/home/suwi/ros2_4dof_arm/install/moveit_resources_panda_moveit_config:/home/suwi/ros2_4dof_arm/install/moveit_resources_pr2_description:/home/suwi/ros2_4dof_arm/install/moveit_resources_panda_description:/home/suwi/ros2_4dof_arm/install/moveit_msgs:/home/suwi/ros2_4dof_arm/install/moveit_common:/home/suwi/ros2_4dof_arm/src/four_dof_arm/install/four_dof_arm:/home/suwi/ros2_4dof_arm/install/four_dof_arm:/opt/ros/humble:/opt/ros/humble:/home/suwi/ros2_ws_prac/install/my_robot_control:/path/to/object_recognition_msgs/install:/home/suwi/ros2_ws_prac/install/pub_sub LD_LIBRARY_PATH=/home/suwi/ros2_4dof_arm/install/moveit_ros_occupancy_map_monitor/lib:/home/suwi/ros2_4dof_arm/install/moveit_core/lib:/home/suwi/ros2_4dof_arm/install/moveit_msgs/lib:${LD_LIBRARY_PATH} PATH=/home/suwi/ros2_4dof_arm/install/moveit_core/bin:${PATH} PYTHONPATH=/home/suwi/ros2_4dof_arm/install/moveit_msgs/local/lib/python3.10/dist-packages:/home/suwi/ros2_4dof_arm/install/moveit_configs_utils/lib/python3.10/site-packages:${PYTHONPATH} /usr/bin/cmake --build /home/suwi/ros2_4dof_arm/build/moveit_ros_planning -- -j8 -l8
[12.188s] [  1%] [32mBuilding CXX object rdf_loader/CMakeFiles/moveit_rdf_loader.dir/src/rdf_loader.cpp.o[0m
[12.191s] [  2%] [32mBuilding CXX object collision_plugin_loader/CMakeFiles/moveit_collision_plugin_loader.dir/src/collision_plugin_loader.cpp.o[0m
[12.197s] [  4%] [32mBuilding CXX object planning_pipeline/CMakeFiles/moveit_planning_pipeline.dir/src/planning_pipeline.cpp.o[0m
[12.198s] [  5%] [32mBuilding CXX object planning_request_adapter_plugins/CMakeFiles/moveit_list_request_adapter_plugins.dir/src/list.cpp.o[0m
[12.201s] [  8%] [32mBuilding CXX object gmock/CMakeFiles/gmock_main.dir/src/gmock_main.cc.o[0m
[12.202s] [  8%] [32mBuilding CXX object planning_request_adapter_plugins/CMakeFiles/moveit_default_planning_request_adapter_plugins.dir/src/empty.cpp.o[0m
[12.209s] [ 10%] [32mBuilding CXX object gmock/CMakeFiles/gmock.dir/opt/ros/humble/src/gtest_vendor/src/gtest-all.cc.o[0m
[12.215s] [ 11%] [32mBuilding CXX object gtest/CMakeFiles/gtest_main.dir/src/gtest_main.cc.o[0m
[14.806s] [ 13%] [32m[1mLinking CXX static library libgtest_main.a[0m
[15.054s] [ 13%] Built target gtest_main
[15.118s] [ 14%] [32mBuilding CXX object planning_request_adapter_plugins/CMakeFiles/moveit_default_planning_request_adapter_plugins.dir/src/fix_start_state_bounds.cpp.o[0m
[15.500s] [ 16%] [32m[1mLinking CXX static library libgmock_main.a[0m
[15.695s] [ 16%] Built target gmock_main
[15.750s] [ 17%] [32mBuilding CXX object rdf_loader/CMakeFiles/moveit_rdf_loader.dir/src/synchronized_string_parameter.cpp.o[0m
[25.211s] [ 19%] [32mBuilding CXX object gtest/CMakeFiles/gtest.dir/src/gtest-all.cc.o[0m
[25.576s] [ 20%] [32mBuilding CXX object gmock/CMakeFiles/gmock.dir/src/gmock-all.cc.o[0m
[32.323s] [ 22%] [32m[1mLinking CXX static library libgmock.a[0m
[32.679s] [ 22%] Built target gmock
[32.735s] [ 23%] [32mBuilding CXX object planning_request_adapter_plugins/CMakeFiles/moveit_default_planning_request_adapter_plugins.dir/src/fix_start_state_collision.cpp.o[0m
[36.333s] [ 25%] [32mBuilding CXX object planning_request_adapter_plugins/CMakeFiles/moveit_default_planning_request_adapter_plugins.dir/src/fix_start_state_path_constraints.cpp.o[0m
[37.685s] [ 26%] [32m[1mLinking CXX shared library libmoveit_collision_plugin_loader.so[0m
[38.684s] [ 26%] Built target moveit_collision_plugin_loader
[38.743s] [ 27%] [32mBuilding CXX object planning_request_adapter_plugins/CMakeFiles/moveit_default_planning_request_adapter_plugins.dir/src/fix_workspace_bounds.cpp.o[0m
[39.387s] [ 29%] [32m[1mLinking CXX static library libgtest.a[0m
[39.641s] [ 29%] Built target gtest
[39.700s] [ 30%] [32mBuilding CXX object planning_request_adapter_plugins/CMakeFiles/moveit_default_planning_request_adapter_plugins.dir/src/add_time_parameterization.cpp.o[0m
[43.478s] [ 32%] [32m[1mLinking CXX shared library libmoveit_rdf_loader.so[0m
[44.829s] [ 32%] Built target moveit_rdf_loader
[44.882s] [ 33%] [32mBuilding CXX object planning_request_adapter_plugins/CMakeFiles/moveit_default_planning_request_adapter_plugins.dir/src/add_ruckig_traj_smoothing.cpp.o[0m
[46.405s] [ 35%] [32m[1mLinking CXX executable moveit_list_request_adapter_plugins[0m
[47.469s] [ 35%] Built target moveit_list_request_adapter_plugins
[47.523s] [ 36%] [32mBuilding CXX object planning_request_adapter_plugins/CMakeFiles/moveit_default_planning_request_adapter_plugins.dir/src/add_iterative_spline_parameterization.cpp.o[0m
[48.996s] [ 38%] [32mBuilding CXX object kinematics_plugin_loader/CMakeFiles/moveit_kinematics_plugin_loader.dir/src/kinematics_plugin_loader.cpp.o[0m
[59.348s] [ 39%] [32m[1mLinking CXX shared library libmoveit_planning_pipeline.so[0m
[60.828s] [ 39%] Built target moveit_planning_pipeline
[60.884s] [ 41%] [32mBuilding CXX object planning_request_adapter_plugins/CMakeFiles/moveit_default_planning_request_adapter_plugins.dir/src/add_time_optimal_parameterization.cpp.o[0m
[60.960s] [ 42%] [32mBuilding CXX object planning_request_adapter_plugins/CMakeFiles/moveit_default_planning_request_adapter_plugins.dir/src/resolve_constraint_frames.cpp.o[0m
[63.804s] [ 44%] [32mBuilding CXX object constraint_sampler_manager_loader/CMakeFiles/moveit_constraint_sampler_manager_loader.dir/src/constraint_sampler_manager_loader.cpp.o[0m
[76.587s] [ 45%] [32m[1mLinking CXX shared library libmoveit_kinematics_plugin_loader.so[0m
[77.554s] [ 45%] Built target moveit_kinematics_plugin_loader
[77.672s] [ 47%] [32mBuilding CXX object robot_model_loader/CMakeFiles/moveit_robot_model_loader.dir/src/robot_model_loader.cpp.o[0m
[82.899s] [ 48%] [32m[1mLinking CXX shared library libmoveit_default_planning_request_adapter_plugins.so[0m
[83.838s] [ 48%] Built target moveit_default_planning_request_adapter_plugins
[91.375s] [ 50%] [32m[1mLinking CXX shared library libmoveit_constraint_sampler_manager_loader.so[0m
[92.313s] [ 50%] Built target moveit_constraint_sampler_manager_loader
[93.931s] [ 51%] [32m[1mLinking CXX shared library libmoveit_robot_model_loader.so[0m
[94.754s] [ 51%] Built target moveit_robot_model_loader
[94.870s] [ 52%] [32mBuilding CXX object planning_components_tools/CMakeFiles/moveit_print_planning_model_info.dir/src/print_planning_model_info.cpp.o[0m
[94.871s] [ 55%] [32mBuilding CXX object planning_scene_monitor/CMakeFiles/moveit_planning_scene_monitor.dir/src/current_state_monitor.cpp.o[0m
[94.871s] [ 55%] [32mBuilding CXX object planning_scene_monitor/CMakeFiles/moveit_planning_scene_monitor.dir/src/planning_scene_monitor.cpp.o[0m
[94.871s] [ 57%] [32mBuilding CXX object planning_scene_monitor/CMakeFiles/moveit_planning_scene_monitor.dir/src/current_state_monitor_middleware_handle.cpp.o[0m
[94.873s] [ 58%] [32mBuilding CXX object planning_scene_monitor/CMakeFiles/moveit_planning_scene_monitor.dir/src/trajectory_monitor.cpp.o[0m
[94.877s] [ 60%] [32mBuilding CXX object planning_scene_monitor/CMakeFiles/moveit_planning_scene_monitor.dir/src/trajectory_monitor_middleware_handle.cpp.o[0m
[110.956s] [ 61%] [32m[1mLinking CXX executable moveit_print_planning_model_info[0m
[112.047s] [ 61%] Built target moveit_print_planning_model_info
[157.615s] [ 63%] [32m[1mLinking CXX shared library libmoveit_planning_scene_monitor.so[0m
[159.363s] [ 63%] Built target moveit_planning_scene_monitor
[159.491s] [ 64%] [32mBuilding CXX object planning_scene_monitor/CMakeFiles/planning_scene_monitor_test.dir/test/planning_scene_monitor_test.cpp.o[0m
[159.491s] [ 66%] [32mBuilding CXX object planning_scene_monitor/CMakeFiles/current_state_monitor_tests.dir/test/current_state_monitor_tests.cpp.o[0m
[159.493s] [ 67%] [32mBuilding CXX object planning_scene_monitor/CMakeFiles/trajectory_monitor_tests.dir/test/trajectory_monitor_tests.cpp.o[0m
[159.506s] [ 69%] [32mBuilding CXX object planning_scene_monitor/CMakeFiles/demo_scene.dir/demos/demo_scene.cpp.o[0m
[159.512s] [ 72%] [32mBuilding CXX object planning_components_tools/CMakeFiles/moveit_visualize_robot_collision_volume.dir/src/visualize_robot_collision_volume.cpp.o[0m
[159.513s] [ 72%] [32mBuilding CXX object planning_components_tools/CMakeFiles/moveit_evaluate_collision_checking_speed.dir/src/evaluate_collision_checking_speed.cpp.o[0m
[159.514s] [ 73%] [32mBuilding CXX object planning_components_tools/CMakeFiles/moveit_print_planning_scene_info.dir/src/print_planning_scene_info.cpp.o[0m
[159.537s] [ 75%] [32mBuilding CXX object planning_components_tools/CMakeFiles/moveit_display_random_state.dir/src/display_random_state.cpp.o[0m
[223.467s] [ 76%] [32m[1mLinking CXX executable moveit_print_planning_scene_info[0m
[225.724s] [ 76%] Built target moveit_print_planning_scene_info
[226.227s] [ 77%] [32m[1mLinking CXX executable planning_scene_monitor_test[0m
[226.682s] [ 79%] [32m[1mLinking CXX executable trajectory_monitor_tests[0m
[227.752s] [ 79%] Built target planning_scene_monitor_test
[227.786s] [ 80%] [32m[1mLinking CXX executable current_state_monitor_tests[0m
[228.480s] [ 80%] Built target trajectory_monitor_tests
[229.237s] [ 82%] [32m[1mLinking CXX executable demo_scene[0m
[229.363s] [ 82%] Built target current_state_monitor_tests
[229.934s] [ 83%] [32m[1mLinking CXX executable moveit_display_random_state[0m
[230.147s] [ 83%] Built target demo_scene
[230.271s] [ 85%] [32m[1mLinking CXX executable moveit_evaluate_collision_checking_speed[0m
[230.529s] [ 86%] [32m[1mLinking CXX executable moveit_visualize_robot_collision_volume[0m
[231.167s] [ 86%] Built target moveit_display_random_state
[231.535s] [ 86%] Built target moveit_evaluate_collision_checking_speed
[231.773s] [ 86%] Built target moveit_visualize_robot_collision_volume
[231.901s] [ 88%] [32mBuilding CXX object trajectory_execution_manager/CMakeFiles/moveit_trajectory_execution_manager.dir/src/trajectory_execution_manager.cpp.o[0m
[280.155s] [ 89%] [32m[1mLinking CXX shared library libmoveit_trajectory_execution_manager.so[0m
[281.377s] [ 89%] Built target moveit_trajectory_execution_manager
[281.499s] [ 91%] [32mBuilding CXX object planning_components_tools/CMakeFiles/moveit_publish_scene_from_text.dir/src/publish_scene_from_text.cpp.o[0m
[281.503s] [ 92%] [32mBuilding CXX object moveit_cpp/CMakeFiles/moveit_cpp.dir/src/moveit_cpp.cpp.o[0m
[281.506s] [ 94%] [32mBuilding CXX object plan_execution/CMakeFiles/moveit_plan_execution.dir/src/plan_execution.cpp.o[0m
[281.508s] [ 95%] [32mBuilding CXX object moveit_cpp/CMakeFiles/moveit_cpp.dir/src/planning_component.cpp.o[0m
[315.131s] [ 97%] [32m[1mLinking CXX shared library libmoveit_plan_execution.so[0m
[316.035s] [ 98%] [32m[1mLinking CXX executable moveit_publish_scene_from_text[0m
[316.195s] [ 98%] Built target moveit_plan_execution
[317.235s] [ 98%] Built target moveit_publish_scene_from_text
[320.502s] [100%] [32m[1mLinking CXX shared library libmoveit_cpp.so[0m
[321.566s] [100%] Built target moveit_cpp
[321.828s] Invoked command in '/home/suwi/ros2_4dof_arm/build/moveit_ros_planning' returned '0': AMENT_PREFIX_PATH=/home/suwi/ros2_4dof_arm/install/moveit_ros_occupancy_map_monitor:/home/suwi/ros2_4dof_arm/install/moveit_core:/home/suwi/ros2_4dof_arm/install/moveit_resources_panda_moveit_config:/home/suwi/ros2_4dof_arm/install/moveit_resources_pr2_description:/home/suwi/ros2_4dof_arm/install/moveit_msgs:/home/suwi/ros2_4dof_arm/install/moveit_configs_utils:${AMENT_PREFIX_PATH} CMAKE_PREFIX_PATH=/home/suwi/ros2_4dof_arm/install/moveit_ros_occupancy_map_monitor:/home/suwi/ros2_4dof_arm/install/moveit_core:/home/suwi/ros2_4dof_arm/install/moveit_resources_panda_moveit_config:/home/suwi/ros2_4dof_arm/install/moveit_resources_pr2_description:/home/suwi/ros2_4dof_arm/install/moveit_resources_panda_description:/home/suwi/ros2_4dof_arm/install/moveit_msgs:/home/suwi/ros2_4dof_arm/install/moveit_common:/home/suwi/ros2_4dof_arm/src/four_dof_arm/install/four_dof_arm:/home/suwi/ros2_4dof_arm/install/four_dof_arm:/opt/ros/humble:/opt/ros/humble:/home/suwi/ros2_ws_prac/install/my_robot_control:/path/to/object_recognition_msgs/install:/home/suwi/ros2_ws_prac/install/pub_sub LD_LIBRARY_PATH=/home/suwi/ros2_4dof_arm/install/moveit_ros_occupancy_map_monitor/lib:/home/suwi/ros2_4dof_arm/install/moveit_core/lib:/home/suwi/ros2_4dof_arm/install/moveit_msgs/lib:${LD_LIBRARY_PATH} PATH=/home/suwi/ros2_4dof_arm/install/moveit_core/bin:${PATH} PYTHONPATH=/home/suwi/ros2_4dof_arm/install/moveit_msgs/local/lib/python3.10/dist-packages:/home/suwi/ros2_4dof_arm/install/moveit_configs_utils/lib/python3.10/site-packages:${PYTHONPATH} /usr/bin/cmake --build /home/suwi/ros2_4dof_arm/build/moveit_ros_planning -- -j8 -l8
[321.929s] Invoking command in '/home/suwi/ros2_4dof_arm/build/moveit_ros_planning': AMENT_PREFIX_PATH=/home/suwi/ros2_4dof_arm/install/moveit_ros_occupancy_map_monitor:/home/suwi/ros2_4dof_arm/install/moveit_core:/home/suwi/ros2_4dof_arm/install/moveit_resources_panda_moveit_config:/home/suwi/ros2_4dof_arm/install/moveit_resources_pr2_description:/home/suwi/ros2_4dof_arm/install/moveit_msgs:/home/suwi/ros2_4dof_arm/install/moveit_configs_utils:${AMENT_PREFIX_PATH} CMAKE_PREFIX_PATH=/home/suwi/ros2_4dof_arm/install/moveit_ros_occupancy_map_monitor:/home/suwi/ros2_4dof_arm/install/moveit_core:/home/suwi/ros2_4dof_arm/install/moveit_resources_panda_moveit_config:/home/suwi/ros2_4dof_arm/install/moveit_resources_pr2_description:/home/suwi/ros2_4dof_arm/install/moveit_resources_panda_description:/home/suwi/ros2_4dof_arm/install/moveit_msgs:/home/suwi/ros2_4dof_arm/install/moveit_common:/home/suwi/ros2_4dof_arm/src/four_dof_arm/install/four_dof_arm:/home/suwi/ros2_4dof_arm/install/four_dof_arm:/opt/ros/humble:/opt/ros/humble:/home/suwi/ros2_ws_prac/install/my_robot_control:/path/to/object_recognition_msgs/install:/home/suwi/ros2_ws_prac/install/pub_sub LD_LIBRARY_PATH=/home/suwi/ros2_4dof_arm/install/moveit_ros_occupancy_map_monitor/lib:/home/suwi/ros2_4dof_arm/install/moveit_core/lib:/home/suwi/ros2_4dof_arm/install/moveit_msgs/lib:${LD_LIBRARY_PATH} PATH=/home/suwi/ros2_4dof_arm/install/moveit_core/bin:${PATH} PYTHONPATH=/home/suwi/ros2_4dof_arm/install/moveit_msgs/local/lib/python3.10/dist-packages:/home/suwi/ros2_4dof_arm/install/moveit_configs_utils/lib/python3.10/site-packages:${PYTHONPATH} /usr/bin/cmake --install /home/suwi/ros2_4dof_arm/build/moveit_ros_planning
[322.041s] -- Install configuration: "Release"
[322.044s] -- Installing: /home/suwi/ros2_4dof_arm/install/moveit_ros_planning/include
[322.046s] -- Installing: /home/suwi/ros2_4dof_arm/install/moveit_ros_planning/include/moveit
[322.047s] -- Installing: /home/suwi/ros2_4dof_arm/install/moveit_ros_planning/include/moveit/rdf_loader
[322.048s] -- Installing: /home/suwi/ros2_4dof_arm/install/moveit_ros_planning/include/moveit/rdf_loader/synchronized_string_parameter.h
[322.049s] -- Installing: /home/suwi/ros2_4dof_arm/install/moveit_ros_planning/include/moveit/rdf_loader/rdf_loader.h
[322.050s] -- Installing: /home/suwi/ros2_4dof_arm/install/moveit_ros_planning/share/moveit_ros_planning/rdf_loader/test/data
[322.051s] -- Installing: /home/suwi/ros2_4dof_arm/install/moveit_ros_planning/share/moveit_ros_planning/rdf_loader/test/data/robin.srdf.xacro
[322.052s] -- Installing: /home/suwi/ros2_4dof_arm/install/moveit_ros_planning/share/moveit_ros_planning/rdf_loader/test/data/kermit.srdf
[322.054s] -- Installing: /home/suwi/ros2_4dof_arm/install/moveit_ros_planning/share/moveit_ros_planning/rdf_loader/test/data/kermit.urdf
[322.055s] -- Installing: /home/suwi/ros2_4dof_arm/install/moveit_ros_planning/share/moveit_ros_planning/rdf_loader/test/data/gonzo.srdf
[322.057s] -- Installing: /home/suwi/ros2_4dof_arm/install/moveit_ros_planning/share/moveit_ros_planning/rdf_loader/test/data/gonzo.urdf
[322.058s] -- Installing: /home/suwi/ros2_4dof_arm/install/moveit_ros_planning/share/moveit_ros_planning/rdf_loader/test/launch
[322.059s] -- Installing: /home/suwi/ros2_4dof_arm/install/moveit_ros_planning/share/moveit_ros_planning/rdf_loader/test/launch/test_rdf_integration.test.py
[322.062s] -- Up-to-date: /home/suwi/ros2_4dof_arm/install/moveit_ros_planning/include
[322.062s] -- Up-to-date: /home/suwi/ros2_4dof_arm/install/moveit_ros_planning/include/moveit
[322.062s] -- Installing: /home/suwi/ros2_4dof_arm/install/moveit_ros_planning/include/moveit/collision_plugin_loader
[322.063s] -- Installing: /home/suwi/ros2_4dof_arm/install/moveit_ros_planning/include/moveit/collision_plugin_loader/collision_plugin_loader.h
[322.064s] -- Up-to-date: /home/suwi/ros2_4dof_arm/install/moveit_ros_planning/include
[322.065s] -- Up-to-date: /home/suwi/ros2_4dof_arm/install/moveit_ros_planning/include/moveit
[322.065s] -- Installing: /home/suwi/ros2_4dof_arm/install/moveit_ros_planning/include/moveit/kinematics_plugin_loader
[322.066s] -- Installing: /home/suwi/ros2_4dof_arm/install/moveit_ros_planning/include/moveit/kinematics_plugin_loader/kinematics_plugin_loader.h
[322.068s] -- Up-to-date: /home/suwi/ros2_4dof_arm/install/moveit_ros_planning/include
[322.069s] -- Up-to-date: /home/suwi/ros2_4dof_arm/install/moveit_ros_planning/include/moveit
[322.070s] -- Installing: /home/suwi/ros2_4dof_arm/install/moveit_ros_planning/include/moveit/robot_model_loader
[322.070s] -- Installing: /home/suwi/ros2_4dof_arm/install/moveit_ros_planning/include/moveit/robot_model_loader/robot_model_loader.h
[322.072s] -- Up-to-date: /home/suwi/ros2_4dof_arm/install/moveit_ros_planning/include
[322.072s] -- Up-to-date: /home/suwi/ros2_4dof_arm/install/moveit_ros_planning/include/moveit
[322.073s] -- Installing: /home/suwi/ros2_4dof_arm/install/moveit_ros_planning/include/moveit/constraint_sampler_manager_loader
[322.073s] -- Installing: /home/suwi/ros2_4dof_arm/install/moveit_ros_planning/include/moveit/constraint_sampler_manager_loader/constraint_sampler_manager_loader.h
[322.075s] -- Up-to-date: /home/suwi/ros2_4dof_arm/install/moveit_ros_planning/include
[322.075s] -- Up-to-date: /home/suwi/ros2_4dof_arm/install/moveit_ros_planning/include/moveit
[322.076s] -- Installing: /home/suwi/ros2_4dof_arm/install/moveit_ros_planning/include/moveit/planning_pipeline
[322.077s] -- Installing: /home/suwi/ros2_4dof_arm/install/moveit_ros_planning/include/moveit/planning_pipeline/planning_pipeline.h
[322.077s] -- Installing: /home/suwi/ros2_4dof_arm/install/moveit_ros_planning/include/moveit_planning_pipeline_export.h
[322.080s] -- Installing: /home/suwi/ros2_4dof_arm/install/moveit_ros_planning/lib/moveit_ros_planning/moveit_list_request_adapter_plugins
[322.098s] -- Set runtime path of "/home/suwi/ros2_4dof_arm/install/moveit_ros_planning/lib/moveit_ros_planning/moveit_list_request_adapter_plugins" to ""
[322.100s] -- Installing: /home/suwi/ros2_4dof_arm/install/moveit_ros_planning/lib/moveit_ros_planning/demo_scene
[322.107s] -- Set runtime path of "/home/suwi/ros2_4dof_arm/install/moveit_ros_planning/lib/moveit_ros_planning/demo_scene" to ""
[322.107s] -- Up-to-date: /home/suwi/ros2_4dof_arm/install/moveit_ros_planning/include
[322.108s] -- Up-to-date: /home/suwi/ros2_4dof_arm/install/moveit_ros_planning/include/moveit
[322.108s] -- Installing: /home/suwi/ros2_4dof_arm/install/moveit_ros_planning/include/moveit/planning_scene_monitor
[322.108s] -- Installing: /home/suwi/ros2_4dof_arm/install/moveit_ros_planning/include/moveit/planning_scene_monitor/trajectory_monitor_middleware_handle.hpp
[322.109s] -- Installing: /home/suwi/ros2_4dof_arm/install/moveit_ros_planning/include/moveit/planning_scene_monitor/current_state_monitor_middleware_handle.hpp
[322.110s] -- Installing: /home/suwi/ros2_4dof_arm/install/moveit_ros_planning/include/moveit/planning_scene_monitor/current_state_monitor.h
[322.111s] -- Installing: /home/suwi/ros2_4dof_arm/install/moveit_ros_planning/include/moveit/planning_scene_monitor/planning_scene_monitor.h
[322.112s] -- Installing: /home/suwi/ros2_4dof_arm/install/moveit_ros_planning/include/moveit/planning_scene_monitor/trajectory_monitor.h
[322.114s] -- Installing: /home/suwi/ros2_4dof_arm/install/moveit_ros_planning/include/moveit_planning_scene_monitor_export.h
[322.119s] -- Installing: /home/suwi/ros2_4dof_arm/install/moveit_ros_planning/lib/moveit_ros_planning/moveit_print_planning_model_info
[322.125s] -- Set runtime path of "/home/suwi/ros2_4dof_arm/install/moveit_ros_planning/lib/moveit_ros_planning/moveit_print_planning_model_info" to ""
[322.126s] -- Installing: /home/suwi/ros2_4dof_arm/install/moveit_ros_planning/lib/moveit_ros_planning/moveit_print_planning_scene_info
[322.131s] -- Set runtime path of "/home/suwi/ros2_4dof_arm/install/moveit_ros_planning/lib/moveit_ros_planning/moveit_print_planning_scene_info" to ""
[322.131s] -- Installing: /home/suwi/ros2_4dof_arm/install/moveit_ros_planning/lib/moveit_ros_planning/moveit_display_random_state
[322.139s] -- Set runtime path of "/home/suwi/ros2_4dof_arm/install/moveit_ros_planning/lib/moveit_ros_planning/moveit_display_random_state" to ""
[322.139s] -- Installing: /home/suwi/ros2_4dof_arm/install/moveit_ros_planning/lib/moveit_ros_planning/moveit_visualize_robot_collision_volume
[322.148s] -- Set runtime path of "/home/suwi/ros2_4dof_arm/install/moveit_ros_planning/lib/moveit_ros_planning/moveit_visualize_robot_collision_volume" to ""
[322.148s] -- Installing: /home/suwi/ros2_4dof_arm/install/moveit_ros_planning/lib/moveit_ros_planning/moveit_evaluate_collision_checking_speed
[322.154s] -- Set runtime path of "/home/suwi/ros2_4dof_arm/install/moveit_ros_planning/lib/moveit_ros_planning/moveit_evaluate_collision_checking_speed" to ""
[322.154s] -- Installing: /home/suwi/ros2_4dof_arm/install/moveit_ros_planning/lib/moveit_ros_planning/moveit_publish_scene_from_text
[322.162s] -- Set runtime path of "/home/suwi/ros2_4dof_arm/install/moveit_ros_planning/lib/moveit_ros_planning/moveit_publish_scene_from_text" to ""
[322.163s] -- Up-to-date: /home/suwi/ros2_4dof_arm/install/moveit_ros_planning/include
[322.163s] -- Up-to-date: /home/suwi/ros2_4dof_arm/install/moveit_ros_planning/include/moveit
[322.164s] -- Installing: /home/suwi/ros2_4dof_arm/install/moveit_ros_planning/include/moveit/trajectory_execution_manager
[322.164s] -- Installing: /home/suwi/ros2_4dof_arm/install/moveit_ros_planning/include/moveit/trajectory_execution_manager/trajectory_execution_manager.h
[322.166s] -- Installing: /home/suwi/ros2_4dof_arm/install/moveit_ros_planning/include/moveit_trajectory_execution_manager_export.h
[322.168s] -- Up-to-date: /home/suwi/ros2_4dof_arm/install/moveit_ros_planning/include
[322.169s] -- Up-to-date: /home/suwi/ros2_4dof_arm/install/moveit_ros_planning/include/moveit
[322.169s] -- Installing: /home/suwi/ros2_4dof_arm/install/moveit_ros_planning/include/moveit/plan_execution
[322.169s] -- Installing: /home/suwi/ros2_4dof_arm/install/moveit_ros_planning/include/moveit/plan_execution/plan_representation.h
[322.170s] -- Installing: /home/suwi/ros2_4dof_arm/install/moveit_ros_planning/include/moveit/plan_execution/plan_execution.h
[322.171s] -- Up-to-date: /home/suwi/ros2_4dof_arm/install/moveit_ros_planning/include
[322.171s] -- Up-to-date: /home/suwi/ros2_4dof_arm/install/moveit_ros_planning/include/moveit
[322.172s] -- Installing: /home/suwi/ros2_4dof_arm/install/moveit_ros_planning/include/moveit/moveit_cpp
[322.172s] -- Installing: /home/suwi/ros2_4dof_arm/install/moveit_ros_planning/include/moveit/moveit_cpp/moveit_cpp.h
[322.173s] -- Installing: /home/suwi/ros2_4dof_arm/install/moveit_ros_planning/include/moveit/moveit_cpp/planning_component.h
[322.174s] -- Installing: /home/suwi/ros2_4dof_arm/install/moveit_ros_planning/lib/libmoveit_rdf_loader.so.2.5.8
[322.202s] -- Set runtime path of "/home/suwi/ros2_4dof_arm/install/moveit_ros_planning/lib/libmoveit_rdf_loader.so.2.5.8" to ""
[322.203s] -- Installing: /home/suwi/ros2_4dof_arm/install/moveit_ros_planning/lib/libmoveit_rdf_loader.so
[322.203s] -- Installing: /home/suwi/ros2_4dof_arm/install/moveit_ros_planning/lib/libmoveit_kinematics_plugin_loader.so.2.5.8
[322.226s] -- Set runtime path of "/home/suwi/ros2_4dof_arm/install/moveit_ros_planning/lib/libmoveit_kinematics_plugin_loader.so.2.5.8" to ""
[322.226s] -- Installing: /home/suwi/ros2_4dof_arm/install/moveit_ros_planning/lib/libmoveit_kinematics_plugin_loader.so
[322.229s] -- Installing: /home/suwi/ros2_4dof_arm/install/moveit_ros_planning/lib/libmoveit_robot_model_loader.so.2.5.8
[322.242s] -- Set runtime path of "/home/suwi/ros2_4dof_arm/install/moveit_ros_planning/lib/libmoveit_robot_model_loader.so.2.5.8" to ""
[322.243s] -- Installing: /home/suwi/ros2_4dof_arm/install/moveit_ros_planning/lib/libmoveit_robot_model_loader.so
[322.245s] -- Installing: /home/suwi/ros2_4dof_arm/install/moveit_ros_planning/lib/libmoveit_constraint_sampler_manager_loader.so.2.5.8
[322.268s] -- Set runtime path of "/home/suwi/ros2_4dof_arm/install/moveit_ros_planning/lib/libmoveit_constraint_sampler_manager_loader.so.2.5.8" to ""
[322.270s] -- Installing: /home/suwi/ros2_4dof_arm/install/moveit_ros_planning/lib/libmoveit_constraint_sampler_manager_loader.so
[322.270s] -- Installing: /home/suwi/ros2_4dof_arm/install/moveit_ros_planning/lib/libmoveit_planning_pipeline.so.2.5.8
[322.285s] -- Set runtime path of "/home/suwi/ros2_4dof_arm/install/moveit_ros_planning/lib/libmoveit_planning_pipeline.so.2.5.8" to ""
[322.286s] -- Installing: /home/suwi/ros2_4dof_arm/install/moveit_ros_planning/lib/libmoveit_planning_pipeline.so
[322.287s] -- Installing: /home/suwi/ros2_4dof_arm/install/moveit_ros_planning/lib/libmoveit_trajectory_execution_manager.so.2.5.8
[322.306s] -- Set runtime path of "/home/suwi/ros2_4dof_arm/install/moveit_ros_planning/lib/libmoveit_trajectory_execution_manager.so.2.5.8" to ""
[322.306s] -- Installing: /home/suwi/ros2_4dof_arm/install/moveit_ros_planning/lib/libmoveit_trajectory_execution_manager.so
[322.307s] -- Installing: /home/suwi/ros2_4dof_arm/install/moveit_ros_planning/lib/libmoveit_plan_execution.so.2.5.8
[322.313s] -- Set runtime path of "/home/suwi/ros2_4dof_arm/install/moveit_ros_planning/lib/libmoveit_plan_execution.so.2.5.8" to ""
[322.313s] -- Installing: /home/suwi/ros2_4dof_arm/install/moveit_ros_planning/lib/libmoveit_plan_execution.so
[322.314s] -- Installing: /home/suwi/ros2_4dof_arm/install/moveit_ros_planning/lib/libmoveit_planning_scene_monitor.so.2.5.8
[322.374s] -- Set runtime path of "/home/suwi/ros2_4dof_arm/install/moveit_ros_planning/lib/libmoveit_planning_scene_monitor.so.2.5.8" to ""
[322.374s] -- Installing: /home/suwi/ros2_4dof_arm/install/moveit_ros_planning/lib/libmoveit_planning_scene_monitor.so
[322.375s] -- Installing: /home/suwi/ros2_4dof_arm/install/moveit_ros_planning/lib/libmoveit_collision_plugin_loader.so.2.5.8
[322.381s] -- Set runtime path of "/home/suwi/ros2_4dof_arm/install/moveit_ros_planning/lib/libmoveit_collision_plugin_loader.so.2.5.8" to ""
[322.382s] -- Installing: /home/suwi/ros2_4dof_arm/install/moveit_ros_planning/lib/libmoveit_collision_plugin_loader.so
[322.382s] -- Installing: /home/suwi/ros2_4dof_arm/install/moveit_ros_planning/lib/libmoveit_default_planning_request_adapter_plugins.so.2.5.8
[322.397s] -- Set runtime path of "/home/suwi/ros2_4dof_arm/install/moveit_ros_planning/lib/libmoveit_default_planning_request_adapter_plugins.so.2.5.8" to ""
[322.398s] -- Installing: /home/suwi/ros2_4dof_arm/install/moveit_ros_planning/lib/libmoveit_default_planning_request_adapter_plugins.so
[322.398s] -- Installing: /home/suwi/ros2_4dof_arm/install/moveit_ros_planning/lib/libmoveit_cpp.so.2.5.8
[322.409s] -- Set runtime path of "/home/suwi/ros2_4dof_arm/install/moveit_ros_planning/lib/libmoveit_cpp.so.2.5.8" to ""
[322.409s] -- Installing: /home/suwi/ros2_4dof_arm/install/moveit_ros_planning/lib/libmoveit_cpp.so
[322.410s] -- Installing: /home/suwi/ros2_4dof_arm/install/moveit_ros_planning/share/moveit_ros_planning/environment/library_path.sh
[322.412s] -- Installing: /home/suwi/ros2_4dof_arm/install/moveit_ros_planning/share/moveit_ros_planning/environment/library_path.dsv
[322.414s] -- Installing: /home/suwi/ros2_4dof_arm/install/moveit_ros_planning/share/moveit_ros_planning/planning_request_adapters_plugin_description.xml
[322.416s] -- Installing: /home/suwi/ros2_4dof_arm/install/moveit_ros_planning/share/ament_index/resource_index/package_run_dependencies/moveit_ros_planning
[322.419s] -- Installing: /home/suwi/ros2_4dof_arm/install/moveit_ros_planning/share/ament_index/resource_index/parent_prefix_path/moveit_ros_planning
[322.421s] -- Installing: /home/suwi/ros2_4dof_arm/install/moveit_ros_planning/share/moveit_ros_planning/environment/ament_prefix_path.sh
[322.422s] -- Installing: /home/suwi/ros2_4dof_arm/install/moveit_ros_planning/share/moveit_ros_planning/environment/ament_prefix_path.dsv
[322.424s] -- Installing: /home/suwi/ros2_4dof_arm/install/moveit_ros_planning/share/moveit_ros_planning/environment/path.sh
[322.425s] -- Installing: /home/suwi/ros2_4dof_arm/install/moveit_ros_planning/share/moveit_ros_planning/environment/path.dsv
[322.426s] -- Installing: /home/suwi/ros2_4dof_arm/install/moveit_ros_planning/share/moveit_ros_planning/local_setup.bash
[322.428s] -- Installing: /home/suwi/ros2_4dof_arm/install/moveit_ros_planning/share/moveit_ros_planning/local_setup.sh
[322.430s] -- Installing: /home/suwi/ros2_4dof_arm/install/moveit_ros_planning/share/moveit_ros_planning/local_setup.zsh
[322.432s] -- Installing: /home/suwi/ros2_4dof_arm/install/moveit_ros_planning/share/moveit_ros_planning/local_setup.dsv
[322.434s] -- Installing: /home/suwi/ros2_4dof_arm/install/moveit_ros_planning/share/moveit_ros_planning/package.dsv
[322.436s] -- Installing: /home/suwi/ros2_4dof_arm/install/moveit_ros_planning/share/ament_index/resource_index/packages/moveit_ros_planning
[322.437s] -- Installing: /home/suwi/ros2_4dof_arm/install/moveit_ros_planning/share/ament_index/resource_index/moveit_core__pluginlib__plugin/moveit_ros_planning
[322.439s] -- Installing: /home/suwi/ros2_4dof_arm/install/moveit_ros_planning/share/moveit_ros_planning/cmake/export_moveit_ros_planningExport.cmake
[322.442s] -- Installing: /home/suwi/ros2_4dof_arm/install/moveit_ros_planning/share/moveit_ros_planning/cmake/export_moveit_ros_planningExport-release.cmake
[322.444s] -- Installing: /home/suwi/ros2_4dof_arm/install/moveit_ros_planning/share/moveit_ros_planning/cmake/ConfigExtras.cmake
[322.445s] -- Installing: /home/suwi/ros2_4dof_arm/install/moveit_ros_planning/share/moveit_ros_planning/cmake/ament_cmake_export_targets-extras.cmake
[322.447s] -- Installing: /home/suwi/ros2_4dof_arm/install/moveit_ros_planning/share/moveit_ros_planning/cmake/ament_cmake_export_dependencies-extras.cmake
[322.448s] -- Installing: /home/suwi/ros2_4dof_arm/install/moveit_ros_planning/share/moveit_ros_planning/cmake/moveit_ros_planningConfig.cmake
[322.449s] -- Installing: /home/suwi/ros2_4dof_arm/install/moveit_ros_planning/share/moveit_ros_planning/cmake/moveit_ros_planningConfig-version.cmake
[322.451s] -- Installing: /home/suwi/ros2_4dof_arm/install/moveit_ros_planning/share/moveit_ros_planning/package.xml
[322.470s] Invoked command in '/home/suwi/ros2_4dof_arm/build/moveit_ros_planning' returned '0': AMENT_PREFIX_PATH=/home/suwi/ros2_4dof_arm/install/moveit_ros_occupancy_map_monitor:/home/suwi/ros2_4dof_arm/install/moveit_core:/home/suwi/ros2_4dof_arm/install/moveit_resources_panda_moveit_config:/home/suwi/ros2_4dof_arm/install/moveit_resources_pr2_description:/home/suwi/ros2_4dof_arm/install/moveit_msgs:/home/suwi/ros2_4dof_arm/install/moveit_configs_utils:${AMENT_PREFIX_PATH} CMAKE_PREFIX_PATH=/home/suwi/ros2_4dof_arm/install/moveit_ros_occupancy_map_monitor:/home/suwi/ros2_4dof_arm/install/moveit_core:/home/suwi/ros2_4dof_arm/install/moveit_resources_panda_moveit_config:/home/suwi/ros2_4dof_arm/install/moveit_resources_pr2_description:/home/suwi/ros2_4dof_arm/install/moveit_resources_panda_description:/home/suwi/ros2_4dof_arm/install/moveit_msgs:/home/suwi/ros2_4dof_arm/install/moveit_common:/home/suwi/ros2_4dof_arm/src/four_dof_arm/install/four_dof_arm:/home/suwi/ros2_4dof_arm/install/four_dof_arm:/opt/ros/humble:/opt/ros/humble:/home/suwi/ros2_ws_prac/install/my_robot_control:/path/to/object_recognition_msgs/install:/home/suwi/ros2_ws_prac/install/pub_sub LD_LIBRARY_PATH=/home/suwi/ros2_4dof_arm/install/moveit_ros_occupancy_map_monitor/lib:/home/suwi/ros2_4dof_arm/install/moveit_core/lib:/home/suwi/ros2_4dof_arm/install/moveit_msgs/lib:${LD_LIBRARY_PATH} PATH=/home/suwi/ros2_4dof_arm/install/moveit_core/bin:${PATH} PYTHONPATH=/home/suwi/ros2_4dof_arm/install/moveit_msgs/local/lib/python3.10/dist-packages:/home/suwi/ros2_4dof_arm/install/moveit_configs_utils/lib/python3.10/site-packages:${PYTHONPATH} /usr/bin/cmake --install /home/suwi/ros2_4dof_arm/build/moveit_ros_planning
