[0.175s] Invoking command in '/home/suwi/ros2_4dof_arm/build/moveit_msgs': CMAKE_PREFIX_PATH=${CMAKE_PREFIX_PATH}:/home/suwi/ros2_ws_prac/install/pub_sub /usr/bin/cmake /home/suwi/ros2_4dof_arm/src/moveit_msgs -DAMENT_CMAKE_SYMLINK_INSTALL=1 -DCMAKE_INSTALL_PREFIX=/home/suwi/ros2_4dof_arm/install/moveit_msgs
[0.987s] -- Found ament_cmake: 1.3.11 (/opt/ros/humble/share/ament_cmake/cmake)
[0.987s] -- Override CMake install command with custom implementation using symlinks instead of copying resources
[0.988s] -- Found rosidl_default_generators: 1.2.0 (/opt/ros/humble/share/rosidl_default_generators/cmake)
[0.988s] -- Using all available rosidl_typesupport_c: rosidl_typesupport_fastrtps_c;rosidl_typesupport_introspection_c
[0.995s] -- Found rosidl_adapter: 3.1.6 (/opt/ros/humble/share/rosidl_adapter/cmake)
[1.002s] -- Using all available rosidl_typesupport_cpp: rosidl_typesupport_fastrtps_cpp;rosidl_typesupport_introspection_cpp
[1.003s] -- Found action_msgs: 1.2.1 (/opt/ros/humble/share/action_msgs/cmake)
[1.004s] -- Found std_msgs: 4.8.0 (/opt/ros/humble/share/std_msgs/cmake)
[1.005s] -- Found geometry_msgs: 4.8.0 (/opt/ros/humble/share/geometry_msgs/cmake)
[1.006s] -- Found sensor_msgs: 4.8.0 (/opt/ros/humble/share/sensor_msgs/cmake)
[1.006s] -- Found shape_msgs: 4.8.0 (/opt/ros/humble/share/shape_msgs/cmake)
[1.007s] -- Configuring incomplete, errors occurred!
[1.007s] See also "/home/suwi/ros2_4dof_arm/build/moveit_msgs/CMakeFiles/CMakeOutput.log".
[1.010s] [31mCMake Error at CMakeLists.txt:24 (find_package):
[1.011s]   By not providing "Findobject_recognition_msgs.cmake" in CMAKE_MODULE_PATH
[1.011s]   this project has asked CMake to find a package configuration file provided
[1.012s]   by "object_recognition_msgs", but CMake did not find one.
[1.017s] 
[1.024s]   Could not find a package configuration file provided by
[1.025s]   "object_recognition_msgs" with any of the following names:
[1.025s] 
[1.025s]     object_recognition_msgsConfig.cmake
[1.026s]     object_recognition_msgs-config.cmake
[1.026s] 
[1.026s]   Add the installation prefix of "object_recognition_msgs" to
[1.026s]   CMAKE_PREFIX_PATH or set "object_recognition_msgs_DIR" to a directory
[1.027s]   containing one of the above files.  If "object_recognition_msgs" provides a
[1.027s]   separate development package or SDK, be sure it has been installed.
[1.027s] 
[1.027s] [0m
[1.132s] Invoked command in '/home/suwi/ros2_4dof_arm/build/moveit_msgs' returned '1': CMAKE_PREFIX_PATH=${CMAKE_PREFIX_PATH}:/home/suwi/ros2_ws_prac/install/pub_sub /usr/bin/cmake /home/suwi/ros2_4dof_arm/src/moveit_msgs -DAMENT_CMAKE_SYMLINK_INSTALL=1 -DCMAKE_INSTALL_PREFIX=/home/suwi/ros2_4dof_arm/install/moveit_msgs
