[0.107s] Invoking command in '/home/suwi/ros2_4dof_arm/build/chomp_motion_planner': AMENT_PREFIX_PATH=/home/suwi/ros2_4dof_arm/install/moveit_core:/home/suwi/ros2_4dof_arm/install/moveit_resources_panda_moveit_config:/home/suwi/ros2_4dof_arm/install/moveit_resources_pr2_description:/home/suwi/ros2_4dof_arm/install/moveit_msgs:${AMENT_PREFIX_PATH} CMAKE_PREFIX_PATH=/home/suwi/ros2_4dof_arm/install/moveit_core:/home/suwi/ros2_4dof_arm/install/moveit_resources_panda_moveit_config:/home/suwi/ros2_4dof_arm/install/moveit_resources_pr2_description:/home/suwi/ros2_4dof_arm/install/moveit_resources_panda_description:/home/suwi/ros2_4dof_arm/install/moveit_msgs:/home/suwi/ros2_4dof_arm/install/moveit_common:/home/suwi/ros2_4dof_arm/src/four_dof_arm/install/four_dof_arm:/home/suwi/ros2_4dof_arm/install/four_dof_arm:/opt/ros/humble:/opt/ros/humble:/home/suwi/ros2_ws_prac/install/my_robot_control:/path/to/object_recognition_msgs/install:/home/suwi/ros2_ws_prac/install/pub_sub LD_LIBRARY_PATH=/home/suwi/ros2_4dof_arm/install/moveit_core/lib:/home/suwi/ros2_4dof_arm/install/moveit_msgs/lib:${LD_LIBRARY_PATH} PATH=/home/suwi/ros2_4dof_arm/install/moveit_core/bin:${PATH} PYTHONPATH=/home/suwi/ros2_4dof_arm/install/moveit_msgs/local/lib/python3.10/dist-packages:${PYTHONPATH} /usr/bin/cmake /home/suwi/ros2_4dof_arm/src/moveit2/moveit_planners/chomp/chomp_motion_planner -DCMAKE_INSTALL_PREFIX=/home/suwi/ros2_4dof_arm/install/chomp_motion_planner
[0.345s] -- The C compiler identification is GNU 11.4.0
[0.572s] -- The CXX compiler identification is GNU 11.4.0
[0.601s] -- Detecting C compiler ABI info
[0.921s] -- Detecting C compiler ABI info - done
[0.930s] -- Check for working C compiler: /usr/bin/cc - skipped
[0.931s] -- Detecting C compile features
[0.932s] -- Detecting C compile features - done
[0.940s] -- Detecting CXX compiler ABI info
[1.296s] -- Detecting CXX compiler ABI info - done
[1.304s] -- Check for working CXX compiler: /usr/bin/c++ - skipped
[1.305s] -- Detecting CXX compile features
[1.306s] -- Detecting CXX compile features - done
[1.322s] -- Found moveit_common: 2.5.8 (/home/suwi/ros2_4dof_arm/install/moveit_common/share/moveit_common/cmake)
[1.339s] -- Found ament_cmake: 1.3.11 (/opt/ros/humble/share/ament_cmake/cmake)
[1.783s] -- Found Python3: /usr/bin/python3 (found version "3.10.12") found components: Interpreter 
[2.279s] [0mchomp_motion_planner: You did not request a specific build type: Choosing 'Release' for maximum performance[0m
[2.282s] -- Found moveit_core: 2.5.8 (/home/suwi/ros2_4dof_arm/install/moveit_core/share/moveit_core/cmake)
[3.389s] -- Found Boost: /usr/lib/x86_64-linux-gnu/cmake/Boost-1.74.0/BoostConfig.cmake (found version "1.74.0") found components: chrono date_time filesystem iostreams program_options regex serialization system thread 
[3.689s] -- Found parameter_traits: 0.4.0 (/opt/ros/humble/share/parameter_traits/cmake)
[4.005s] -- Found rosidl_generator_c: 3.1.6 (/opt/ros/humble/share/rosidl_generator_c/cmake)
[4.048s] -- Found rosidl_adapter: 3.1.6 (/opt/ros/humble/share/rosidl_adapter/cmake)
[4.109s] -- Found rosidl_generator_cpp: 3.1.6 (/opt/ros/humble/share/rosidl_generator_cpp/cmake)
[4.218s] -- Using all available rosidl_typesupport_c: rosidl_typesupport_fastrtps_c;rosidl_typesupport_introspection_c
[4.324s] -- Using all available rosidl_typesupport_cpp: rosidl_typesupport_fastrtps_cpp;rosidl_typesupport_introspection_cpp
[4.613s] -- Found rmw_implementation_cmake: 6.1.2 (/opt/ros/humble/share/rmw_implementation_cmake/cmake)
[4.636s] -- Found rmw_fastrtps_cpp: 6.2.7 (/opt/ros/humble/share/rmw_fastrtps_cpp/cmake)
[5.148s] -- Found OpenSSL: /usr/lib/x86_64-linux-gnu/libcrypto.so (found version "3.0.2")  
[5.241s] -- Found FastRTPS: /opt/ros/humble/include  
[5.387s] -- Using RMW implementation 'rmw_fastrtps_cpp' as default
[5.455s] -- Found Threads: TRUE  
[5.724s] -- Found Eigen3: TRUE (found version "3.4.0") 
[5.742s] -- Found rclcpp_lifecycle: 16.0.12 (/opt/ros/humble/share/rclcpp_lifecycle/cmake)
[5.866s] -- Found Boost: /usr/lib/x86_64-linux-gnu/cmake/Boost-1.74.0/BoostConfig.cmake (found version "1.74.0") found components: filesystem 
[6.389s] -- library: /usr/lib/x86_64-linux-gnu/libcurl.so
[6.665s] -- Ensuring Eigen3 include directory is part of orocos-kdl CMake target
[7.762s] -- Found ament_lint_auto: 0.12.12 (/opt/ros/humble/share/ament_lint_auto/cmake)
[7.870s] -- Added test 'cppcheck' to perform static code analysis on C / C++ code
[7.872s] -- Configured cppcheck include dirs: /home/suwi/ros2_4dof_arm/src/moveit2/moveit_planners/chomp/chomp_motion_planner/include
[7.872s] -- Configured cppcheck exclude dirs and/or files: 
[7.877s] -- Added test 'xmllint' to check XML markup files
[7.890s] -- Configuring done
[8.103s] -- Generating done
[8.123s] -- Build files have been written to: /home/suwi/ros2_4dof_arm/build/chomp_motion_planner
[8.178s] Invoked command in '/home/suwi/ros2_4dof_arm/build/chomp_motion_planner' returned '0': AMENT_PREFIX_PATH=/home/suwi/ros2_4dof_arm/install/moveit_core:/home/suwi/ros2_4dof_arm/install/moveit_resources_panda_moveit_config:/home/suwi/ros2_4dof_arm/install/moveit_resources_pr2_description:/home/suwi/ros2_4dof_arm/install/moveit_msgs:${AMENT_PREFIX_PATH} CMAKE_PREFIX_PATH=/home/suwi/ros2_4dof_arm/install/moveit_core:/home/suwi/ros2_4dof_arm/install/moveit_resources_panda_moveit_config:/home/suwi/ros2_4dof_arm/install/moveit_resources_pr2_description:/home/suwi/ros2_4dof_arm/install/moveit_resources_panda_description:/home/suwi/ros2_4dof_arm/install/moveit_msgs:/home/suwi/ros2_4dof_arm/install/moveit_common:/home/suwi/ros2_4dof_arm/src/four_dof_arm/install/four_dof_arm:/home/suwi/ros2_4dof_arm/install/four_dof_arm:/opt/ros/humble:/opt/ros/humble:/home/suwi/ros2_ws_prac/install/my_robot_control:/path/to/object_recognition_msgs/install:/home/suwi/ros2_ws_prac/install/pub_sub LD_LIBRARY_PATH=/home/suwi/ros2_4dof_arm/install/moveit_core/lib:/home/suwi/ros2_4dof_arm/install/moveit_msgs/lib:${LD_LIBRARY_PATH} PATH=/home/suwi/ros2_4dof_arm/install/moveit_core/bin:${PATH} PYTHONPATH=/home/suwi/ros2_4dof_arm/install/moveit_msgs/local/lib/python3.10/dist-packages:${PYTHONPATH} /usr/bin/cmake /home/suwi/ros2_4dof_arm/src/moveit2/moveit_planners/chomp/chomp_motion_planner -DCMAKE_INSTALL_PREFIX=/home/suwi/ros2_4dof_arm/install/chomp_motion_planner
[8.190s] Invoking command in '/home/suwi/ros2_4dof_arm/build/chomp_motion_planner': AMENT_PREFIX_PATH=/home/suwi/ros2_4dof_arm/install/moveit_core:/home/suwi/ros2_4dof_arm/install/moveit_resources_panda_moveit_config:/home/suwi/ros2_4dof_arm/install/moveit_resources_pr2_description:/home/suwi/ros2_4dof_arm/install/moveit_msgs:${AMENT_PREFIX_PATH} CMAKE_PREFIX_PATH=/home/suwi/ros2_4dof_arm/install/moveit_core:/home/suwi/ros2_4dof_arm/install/moveit_resources_panda_moveit_config:/home/suwi/ros2_4dof_arm/install/moveit_resources_pr2_description:/home/suwi/ros2_4dof_arm/install/moveit_resources_panda_description:/home/suwi/ros2_4dof_arm/install/moveit_msgs:/home/suwi/ros2_4dof_arm/install/moveit_common:/home/suwi/ros2_4dof_arm/src/four_dof_arm/install/four_dof_arm:/home/suwi/ros2_4dof_arm/install/four_dof_arm:/opt/ros/humble:/opt/ros/humble:/home/suwi/ros2_ws_prac/install/my_robot_control:/path/to/object_recognition_msgs/install:/home/suwi/ros2_ws_prac/install/pub_sub LD_LIBRARY_PATH=/home/suwi/ros2_4dof_arm/install/moveit_core/lib:/home/suwi/ros2_4dof_arm/install/moveit_msgs/lib:${LD_LIBRARY_PATH} PATH=/home/suwi/ros2_4dof_arm/install/moveit_core/bin:${PATH} PYTHONPATH=/home/suwi/ros2_4dof_arm/install/moveit_msgs/local/lib/python3.10/dist-packages:${PYTHONPATH} /usr/bin/cmake --build /home/suwi/ros2_4dof_arm/build/chomp_motion_planner -- -j8 -l8
[8.469s] [ 16%] [32mBuilding CXX object CMakeFiles/chomp_motion_planner.dir/src/chomp_cost.cpp.o[0m
[8.469s] [ 33%] [32mBuilding CXX object CMakeFiles/chomp_motion_planner.dir/src/chomp_parameters.cpp.o[0m
[8.474s] [ 50%] [32mBuilding CXX object CMakeFiles/chomp_motion_planner.dir/src/chomp_trajectory.cpp.o[0m
[8.479s] [ 66%] [32mBuilding CXX object CMakeFiles/chomp_motion_planner.dir/src/chomp_optimizer.cpp.o[0m
[8.483s] [ 83%] [32mBuilding CXX object CMakeFiles/chomp_motion_planner.dir/src/chomp_planner.cpp.o[0m
[50.441s] [100%] [32m[1mLinking CXX shared library libchomp_motion_planner.so[0m
[51.369s] [100%] Built target chomp_motion_planner
[51.424s] Invoked command in '/home/suwi/ros2_4dof_arm/build/chomp_motion_planner' returned '0': AMENT_PREFIX_PATH=/home/suwi/ros2_4dof_arm/install/moveit_core:/home/suwi/ros2_4dof_arm/install/moveit_resources_panda_moveit_config:/home/suwi/ros2_4dof_arm/install/moveit_resources_pr2_description:/home/suwi/ros2_4dof_arm/install/moveit_msgs:${AMENT_PREFIX_PATH} CMAKE_PREFIX_PATH=/home/suwi/ros2_4dof_arm/install/moveit_core:/home/suwi/ros2_4dof_arm/install/moveit_resources_panda_moveit_config:/home/suwi/ros2_4dof_arm/install/moveit_resources_pr2_description:/home/suwi/ros2_4dof_arm/install/moveit_resources_panda_description:/home/suwi/ros2_4dof_arm/install/moveit_msgs:/home/suwi/ros2_4dof_arm/install/moveit_common:/home/suwi/ros2_4dof_arm/src/four_dof_arm/install/four_dof_arm:/home/suwi/ros2_4dof_arm/install/four_dof_arm:/opt/ros/humble:/opt/ros/humble:/home/suwi/ros2_ws_prac/install/my_robot_control:/path/to/object_recognition_msgs/install:/home/suwi/ros2_ws_prac/install/pub_sub LD_LIBRARY_PATH=/home/suwi/ros2_4dof_arm/install/moveit_core/lib:/home/suwi/ros2_4dof_arm/install/moveit_msgs/lib:${LD_LIBRARY_PATH} PATH=/home/suwi/ros2_4dof_arm/install/moveit_core/bin:${PATH} PYTHONPATH=/home/suwi/ros2_4dof_arm/install/moveit_msgs/local/lib/python3.10/dist-packages:${PYTHONPATH} /usr/bin/cmake --build /home/suwi/ros2_4dof_arm/build/chomp_motion_planner -- -j8 -l8
[51.435s] Invoking command in '/home/suwi/ros2_4dof_arm/build/chomp_motion_planner': AMENT_PREFIX_PATH=/home/suwi/ros2_4dof_arm/install/moveit_core:/home/suwi/ros2_4dof_arm/install/moveit_resources_panda_moveit_config:/home/suwi/ros2_4dof_arm/install/moveit_resources_pr2_description:/home/suwi/ros2_4dof_arm/install/moveit_msgs:${AMENT_PREFIX_PATH} CMAKE_PREFIX_PATH=/home/suwi/ros2_4dof_arm/install/moveit_core:/home/suwi/ros2_4dof_arm/install/moveit_resources_panda_moveit_config:/home/suwi/ros2_4dof_arm/install/moveit_resources_pr2_description:/home/suwi/ros2_4dof_arm/install/moveit_resources_panda_description:/home/suwi/ros2_4dof_arm/install/moveit_msgs:/home/suwi/ros2_4dof_arm/install/moveit_common:/home/suwi/ros2_4dof_arm/src/four_dof_arm/install/four_dof_arm:/home/suwi/ros2_4dof_arm/install/four_dof_arm:/opt/ros/humble:/opt/ros/humble:/home/suwi/ros2_ws_prac/install/my_robot_control:/path/to/object_recognition_msgs/install:/home/suwi/ros2_ws_prac/install/pub_sub LD_LIBRARY_PATH=/home/suwi/ros2_4dof_arm/install/moveit_core/lib:/home/suwi/ros2_4dof_arm/install/moveit_msgs/lib:${LD_LIBRARY_PATH} PATH=/home/suwi/ros2_4dof_arm/install/moveit_core/bin:${PATH} PYTHONPATH=/home/suwi/ros2_4dof_arm/install/moveit_msgs/local/lib/python3.10/dist-packages:${PYTHONPATH} /usr/bin/cmake --install /home/suwi/ros2_4dof_arm/build/chomp_motion_planner
[51.467s] -- Install configuration: "Release"
[51.468s] -- Installing: /home/suwi/ros2_4dof_arm/install/chomp_motion_planner/lib/libchomp_motion_planner.so.2.5.8
[51.476s] -- Set runtime path of "/home/suwi/ros2_4dof_arm/install/chomp_motion_planner/lib/libchomp_motion_planner.so.2.5.8" to ""
[51.476s] -- Installing: /home/suwi/ros2_4dof_arm/install/chomp_motion_planner/lib/libchomp_motion_planner.so
[51.477s] -- Installing: /home/suwi/ros2_4dof_arm/install/chomp_motion_planner/include
[51.477s] -- Installing: /home/suwi/ros2_4dof_arm/install/chomp_motion_planner/include/chomp_motion_planner
[51.479s] -- Installing: /home/suwi/ros2_4dof_arm/install/chomp_motion_planner/include/chomp_motion_planner/multivariate_gaussian.h
[51.479s] -- Installing: /home/suwi/ros2_4dof_arm/install/chomp_motion_planner/include/chomp_motion_planner/chomp_cost.h
[51.480s] -- Installing: /home/suwi/ros2_4dof_arm/install/chomp_motion_planner/include/chomp_motion_planner/chomp_planner.h
[51.481s] -- Installing: /home/suwi/ros2_4dof_arm/install/chomp_motion_planner/include/chomp_motion_planner/chomp_utils.h
[51.482s] -- Installing: /home/suwi/ros2_4dof_arm/install/chomp_motion_planner/include/chomp_motion_planner/chomp_parameters.h
[51.483s] -- Installing: /home/suwi/ros2_4dof_arm/install/chomp_motion_planner/include/chomp_motion_planner/chomp_trajectory.h
[51.483s] -- Installing: /home/suwi/ros2_4dof_arm/install/chomp_motion_planner/include/chomp_motion_planner/chomp_optimizer.h
[51.486s] -- Installing: /home/suwi/ros2_4dof_arm/install/chomp_motion_planner/share/chomp_motion_planner/environment/library_path.sh
[51.487s] -- Installing: /home/suwi/ros2_4dof_arm/install/chomp_motion_planner/share/chomp_motion_planner/environment/library_path.dsv
[51.488s] -- Installing: /home/suwi/ros2_4dof_arm/install/chomp_motion_planner/share/ament_index/resource_index/package_run_dependencies/chomp_motion_planner
[51.489s] -- Installing: /home/suwi/ros2_4dof_arm/install/chomp_motion_planner/share/ament_index/resource_index/parent_prefix_path/chomp_motion_planner
[51.490s] -- Installing: /home/suwi/ros2_4dof_arm/install/chomp_motion_planner/share/chomp_motion_planner/environment/ament_prefix_path.sh
[51.491s] -- Installing: /home/suwi/ros2_4dof_arm/install/chomp_motion_planner/share/chomp_motion_planner/environment/ament_prefix_path.dsv
[51.492s] -- Installing: /home/suwi/ros2_4dof_arm/install/chomp_motion_planner/share/chomp_motion_planner/environment/path.sh
[51.493s] -- Installing: /home/suwi/ros2_4dof_arm/install/chomp_motion_planner/share/chomp_motion_planner/environment/path.dsv
[51.495s] -- Installing: /home/suwi/ros2_4dof_arm/install/chomp_motion_planner/share/chomp_motion_planner/local_setup.bash
[51.496s] -- Installing: /home/suwi/ros2_4dof_arm/install/chomp_motion_planner/share/chomp_motion_planner/local_setup.sh
[51.497s] -- Installing: /home/suwi/ros2_4dof_arm/install/chomp_motion_planner/share/chomp_motion_planner/local_setup.zsh
[51.497s] -- Installing: /home/suwi/ros2_4dof_arm/install/chomp_motion_planner/share/chomp_motion_planner/local_setup.dsv
[51.498s] -- Installing: /home/suwi/ros2_4dof_arm/install/chomp_motion_planner/share/chomp_motion_planner/package.dsv
[51.500s] -- Installing: /home/suwi/ros2_4dof_arm/install/chomp_motion_planner/share/ament_index/resource_index/packages/chomp_motion_planner
[51.500s] -- Installing: /home/suwi/ros2_4dof_arm/install/chomp_motion_planner/share/chomp_motion_planner/cmake/chomp_motion_plannerTargetsExport.cmake
[51.502s] -- Installing: /home/suwi/ros2_4dof_arm/install/chomp_motion_planner/share/chomp_motion_planner/cmake/chomp_motion_plannerTargetsExport-release.cmake
[51.502s] -- Installing: /home/suwi/ros2_4dof_arm/install/chomp_motion_planner/share/chomp_motion_planner/cmake/ament_cmake_export_targets-extras.cmake
[51.503s] -- Installing: /home/suwi/ros2_4dof_arm/install/chomp_motion_planner/share/chomp_motion_planner/cmake/chomp_motion_plannerConfig.cmake
[51.504s] -- Installing: /home/suwi/ros2_4dof_arm/install/chomp_motion_planner/share/chomp_motion_planner/cmake/chomp_motion_plannerConfig-version.cmake
[51.505s] -- Installing: /home/suwi/ros2_4dof_arm/install/chomp_motion_planner/share/chomp_motion_planner/package.xml
[51.513s] Invoked command in '/home/suwi/ros2_4dof_arm/build/chomp_motion_planner' returned '0': AMENT_PREFIX_PATH=/home/suwi/ros2_4dof_arm/install/moveit_core:/home/suwi/ros2_4dof_arm/install/moveit_resources_panda_moveit_config:/home/suwi/ros2_4dof_arm/install/moveit_resources_pr2_description:/home/suwi/ros2_4dof_arm/install/moveit_msgs:${AMENT_PREFIX_PATH} CMAKE_PREFIX_PATH=/home/suwi/ros2_4dof_arm/install/moveit_core:/home/suwi/ros2_4dof_arm/install/moveit_resources_panda_moveit_config:/home/suwi/ros2_4dof_arm/install/moveit_resources_pr2_description:/home/suwi/ros2_4dof_arm/install/moveit_resources_panda_description:/home/suwi/ros2_4dof_arm/install/moveit_msgs:/home/suwi/ros2_4dof_arm/install/moveit_common:/home/suwi/ros2_4dof_arm/src/four_dof_arm/install/four_dof_arm:/home/suwi/ros2_4dof_arm/install/four_dof_arm:/opt/ros/humble:/opt/ros/humble:/home/suwi/ros2_ws_prac/install/my_robot_control:/path/to/object_recognition_msgs/install:/home/suwi/ros2_ws_prac/install/pub_sub LD_LIBRARY_PATH=/home/suwi/ros2_4dof_arm/install/moveit_core/lib:/home/suwi/ros2_4dof_arm/install/moveit_msgs/lib:${LD_LIBRARY_PATH} PATH=/home/suwi/ros2_4dof_arm/install/moveit_core/bin:${PATH} PYTHONPATH=/home/suwi/ros2_4dof_arm/install/moveit_msgs/local/lib/python3.10/dist-packages:${PYTHONPATH} /usr/bin/cmake --install /home/suwi/ros2_4dof_arm/build/chomp_motion_planner
