[0.122s] Invoking command in '/home/suwi/ros2_4dof_arm/build/moveit_core': CMAKE_PREFIX_PATH=/home/suwi/ros2_4dof_arm/install/moveit_resources_panda_moveit_config:/home/suwi/ros2_4dof_arm/install/moveit_resources_pr2_description:/home/suwi/ros2_4dof_arm/install/moveit_resources_panda_description:/home/suwi/ros2_4dof_arm/install/moveit_msgs:/home/suwi/ros2_4dof_arm/install/moveit_common:/home/suwi/ros2_4dof_arm/install/pilz_industrial_motion_planner_testutils:/home/suwi/ros2_4dof_arm/install/moveit_runtime:/home/suwi/ros2_4dof_arm/install/moveit:/home/suwi/ros2_4dof_arm/install/moveit_planners:/home/suwi/ros2_4dof_arm/install/pilz_industrial_motion_planner:/home/suwi/ros2_4dof_arm/install/moveit_ros_control_interface:/home/suwi/ros2_4dof_arm/install/moveit_plugins:/home/suwi/ros2_4dof_arm/install/moveit_simple_controller_manager:/home/suwi/ros2_4dof_arm/install/moveit_setup_assistant:/home/suwi/ros2_4dof_arm/install/moveit_setup_srdf_plugins:/home/suwi/ros2_4dof_arm/install/moveit_setup_core_plugins:/home/suwi/ros2_4dof_arm/install/moveit_setup_controllers:/home/suwi/ros2_4dof_arm/install/moveit_setup_app_plugins:/home/suwi/ros2_4dof_arm/install/moveit_setup_framework:/home/suwi/ros2_4dof_arm/install/moveit_servo:/home/suwi/ros2_4dof_arm/install/moveit_ros:/home/suwi/ros2_4dof_arm/install/moveit_ros_visualization:/home/suwi/ros2_4dof_arm/install/moveit_hybrid_planning:/home/suwi/ros2_4dof_arm/install/moveit_ros_planning_interface:/home/suwi/ros2_4dof_arm/install/moveit_ros_benchmarks:/home/suwi/ros2_4dof_arm/install/moveit_ros_warehouse:/home/suwi/ros2_4dof_arm/install/moveit_ros_robot_interaction:/home/suwi/ros2_4dof_arm/install/moveit_ros_perception:/home/suwi/ros2_4dof_arm/install/moveit_resources_prbt_pg70_support:/home/suwi/ros2_4dof_arm/install/moveit_resources_prbt_moveit_config:/home/suwi/ros2_4dof_arm/install/moveit_ros_move_group:/home/suwi/ros2_4dof_arm/install/moveit_planners_ompl:/home/suwi/ros2_4dof_arm/install/moveit_ros_planning:/home/suwi/ros2_4dof_arm/install/moveit_ros_occupancy_map_monitor:/home/suwi/ros2_4dof_arm/install/moveit_resources_prbt_support:/home/suwi/ros2_4dof_arm/install/moveit_resources_prbt_ikfast_manipulator_plugin:/home/suwi/ros2_4dof_arm/install/moveit_resources:/home/suwi/ros2_4dof_arm/install/moveit_resources_fanuc_moveit_config:/home/suwi/ros2_4dof_arm/install/moveit_resources_fanuc_description:/home/suwi/ros2_4dof_arm/install/moveit_planners_chomp:/home/suwi/ros2_4dof_arm/install/moveit_kinematics:/home/suwi/ros2_4dof_arm/install/moveit_chomp_optimizer_adapter:/home/suwi/ros2_4dof_arm/install/chomp_motion_planner:/home/suwi/ros2_4dof_arm/install/moveit_core:/home/suwi/ros2_4dof_arm/install/four_dof_arm:/home/suwi/ros2_4dof_arm/install/dobot_description:/home/suwi/ros2_4dof_arm/src/four_dof_arm/install/four_dof_arm:/home/suwi/ros2_ws_prac/install/my_robot_control:/home/suwi/ros2_4dof_arm/install/moveit_configs_utils:/home/suwi/ros2_ws_prac/install/pub_sub:/opt/ros/humble LD_LIBRARY_PATH=/home/suwi/ros2_4dof_arm/install/moveit_msgs/lib:/home/suwi/ros2_4dof_arm/install/pilz_industrial_motion_planner_testutils/lib:/home/suwi/ros2_4dof_arm/install/pilz_industrial_motion_planner/lib:/home/suwi/ros2_4dof_arm/install/moveit_ros_control_interface/lib:/home/suwi/ros2_4dof_arm/install/moveit_simple_controller_manager/lib:/home/suwi/ros2_4dof_arm/install/moveit_setup_assistant/lib:/home/suwi/ros2_4dof_arm/install/moveit_setup_srdf_plugins/lib:/home/suwi/ros2_4dof_arm/install/moveit_setup_core_plugins/lib:/home/suwi/ros2_4dof_arm/install/moveit_setup_controllers/lib:/home/suwi/ros2_4dof_arm/install/moveit_setup_app_plugins/lib:/home/suwi/ros2_4dof_arm/install/moveit_setup_framework/lib:/home/suwi/ros2_4dof_arm/install/moveit_servo/lib:/home/suwi/ros2_4dof_arm/install/moveit_ros_visualization/lib:/home/suwi/ros2_4dof_arm/install/moveit_hybrid_planning/lib:/home/suwi/ros2_4dof_arm/install/moveit_ros_planning_interface/lib:/home/suwi/ros2_4dof_arm/install/moveit_ros_benchmarks/lib:/home/suwi/ros2_4dof_arm/install/moveit_ros_warehouse/lib:/home/suwi/ros2_4dof_arm/install/moveit_ros_robot_interaction/lib:/home/suwi/ros2_4dof_arm/install/moveit_ros_perception/lib:/home/suwi/ros2_4dof_arm/install/moveit_ros_move_group/lib:/home/suwi/ros2_4dof_arm/install/moveit_planners_ompl/lib:/home/suwi/ros2_4dof_arm/install/moveit_ros_planning/lib:/home/suwi/ros2_4dof_arm/install/moveit_ros_occupancy_map_monitor/lib:/home/suwi/ros2_4dof_arm/install/moveit_resources_prbt_ikfast_manipulator_plugin/lib:/home/suwi/ros2_4dof_arm/install/moveit_planners_chomp/lib:/home/suwi/ros2_4dof_arm/install/moveit_kinematics/lib:/home/suwi/ros2_4dof_arm/install/moveit_chomp_optimizer_adapter/lib:/home/suwi/ros2_4dof_arm/install/chomp_motion_planner/lib:/home/suwi/ros2_4dof_arm/install/moveit_core/lib:/opt/ros/humble/opt/rviz_ogre_vendor/lib:/opt/ros/humble/lib/x86_64-linux-gnu:/opt/ros/humble/lib /usr/bin/cmake --build /home/suwi/ros2_4dof_arm/build/moveit_core -- -j8 -l8
[0.646s] [  3%] Built target moveit_utils
[0.646s] [  4%] Built target moveit_exceptions
[0.660s] [  6%] Built target gmock
[0.673s] [  7%] Built target gtest
[0.680s] [  8%] Built target gtest_main
[0.692s] [  9%] Built target moveit_kinematics_base
[0.693s] [ 12%] Built target moveit_distance_field
[0.710s] [ 13%] Built target moveit_transforms
[0.883s] [ 15%] Built target moveit_butterworth_parameters
[0.912s] [ 16%] Built target gmock_main
[0.913s] [ 17%] Built target moveit_version
[0.931s] [ 18%] Built target moveit_smoothing_base
[0.957s] [ 19%] Built target test_transforms
[0.968s] [ 20%] Built target test_voxel_grid
[1.005s] [ 27%] Built target moveit_robot_model
[1.006s] [ 27%] Built target test_distance_field
[1.246s] [ 28%] Built target moveit_butterworth_filter
[1.253s] [ 30%] Built target moveit_test_utils
[1.267s] [ 33%] Built target moveit_robot_state
[1.525s] [ 34%] Built target test_robot_model
[1.552s] [ 35%] Built target moveit_dynamics_solver
[1.553s] [ 36%] Built target moveit_robot_trajectory
[1.563s] [ 37%] Built target moveit_kinematics_metrics
[1.564s] [ 38%] Built target test_butterworth_filter
[1.565s] [ 39%] Built target test_robot_state_benchmark
[1.574s] [ 44%] Built target moveit_collision_detection
[1.587s] [ 46%] Built target test_robot_state
[1.793s] [ 47%] Built target test_robot_state_complex
[1.854s] [ 49%] Built target test_aabb
[1.856s] [ 49%] Built target test_cartesian_interpolator
[1.860s] [ 52%] Built target moveit_trajectory_processing
[1.862s] [ 54%] Built target test_world
[1.863s] [ 54%] Built target test_robot_trajectory
[1.878s] [ 56%] Built target moveit_planning_interface
[1.932s] [ 58%] Built target moveit_collision_detection_fcl
[2.042s] [ 60%] Built target test_world_diff
[2.143s] [ 61%] Built target test_all_valid
[2.144s] [ 62%] Built target test_time_parameterization
[2.154s] [ 64%] Built target test_time_optimal_trajectory_generation
[2.165s] [ 65%] Built target test_ruckig_traj_smoothing
[2.198s] [ 70%] Built target moveit_collision_detection_bullet
[2.259s] [ 72%] Built target moveit_kinematic_constraints
[2.260s] [ 73%] Built target test_fcl_collision_env
[2.309s] [ 74%] Built target test_fcl_collision_detection
[2.428s] [ 76%] Built target test_fcl_collision_detection_panda
[2.469s] [ 77%] Built target test_bullet_continuous_collision_checking
[2.493s] [ 78%] Built target test_bullet_collision_detection
[2.509s] [ 80%] Built target test_bullet_collision_detection_panda
[2.532s] [ 81%] Built target test_orientation_constraints
[2.533s] [ 82%] Built target test_constraints
[2.539s] [ 84%] Built target moveit_planning_scene
[2.826s] [ 85%] Built target moveit_planning_request_adapter
[2.832s] [ 88%] Built target moveit_constraint_samplers
[2.835s] [ 89%] Built target collision_detector_bullet_plugin
[2.835s] [ 90%] Built target test_planning_scene
[2.846s] [ 91%] Built target test_multi_threaded
[2.850s] [ 92%] Built target collision_detector_fcl_plugin
[2.852s] [ 95%] Built target moveit_collision_distance_field
[2.855s] [ 96%] Built target test_collision_objects
[3.090s] [ 99%] Built target test_constraint_samplers
[3.100s] [100%] Built target test_collision_distance_field
[3.183s] Invoked command in '/home/suwi/ros2_4dof_arm/build/moveit_core' returned '0': CMAKE_PREFIX_PATH=/home/suwi/ros2_4dof_arm/install/moveit_resources_panda_moveit_config:/home/suwi/ros2_4dof_arm/install/moveit_resources_pr2_description:/home/suwi/ros2_4dof_arm/install/moveit_resources_panda_description:/home/suwi/ros2_4dof_arm/install/moveit_msgs:/home/suwi/ros2_4dof_arm/install/moveit_common:/home/suwi/ros2_4dof_arm/install/pilz_industrial_motion_planner_testutils:/home/suwi/ros2_4dof_arm/install/moveit_runtime:/home/suwi/ros2_4dof_arm/install/moveit:/home/suwi/ros2_4dof_arm/install/moveit_planners:/home/suwi/ros2_4dof_arm/install/pilz_industrial_motion_planner:/home/suwi/ros2_4dof_arm/install/moveit_ros_control_interface:/home/suwi/ros2_4dof_arm/install/moveit_plugins:/home/suwi/ros2_4dof_arm/install/moveit_simple_controller_manager:/home/suwi/ros2_4dof_arm/install/moveit_setup_assistant:/home/suwi/ros2_4dof_arm/install/moveit_setup_srdf_plugins:/home/suwi/ros2_4dof_arm/install/moveit_setup_core_plugins:/home/suwi/ros2_4dof_arm/install/moveit_setup_controllers:/home/suwi/ros2_4dof_arm/install/moveit_setup_app_plugins:/home/suwi/ros2_4dof_arm/install/moveit_setup_framework:/home/suwi/ros2_4dof_arm/install/moveit_servo:/home/suwi/ros2_4dof_arm/install/moveit_ros:/home/suwi/ros2_4dof_arm/install/moveit_ros_visualization:/home/suwi/ros2_4dof_arm/install/moveit_hybrid_planning:/home/suwi/ros2_4dof_arm/install/moveit_ros_planning_interface:/home/suwi/ros2_4dof_arm/install/moveit_ros_benchmarks:/home/suwi/ros2_4dof_arm/install/moveit_ros_warehouse:/home/suwi/ros2_4dof_arm/install/moveit_ros_robot_interaction:/home/suwi/ros2_4dof_arm/install/moveit_ros_perception:/home/suwi/ros2_4dof_arm/install/moveit_resources_prbt_pg70_support:/home/suwi/ros2_4dof_arm/install/moveit_resources_prbt_moveit_config:/home/suwi/ros2_4dof_arm/install/moveit_ros_move_group:/home/suwi/ros2_4dof_arm/install/moveit_planners_ompl:/home/suwi/ros2_4dof_arm/install/moveit_ros_planning:/home/suwi/ros2_4dof_arm/install/moveit_ros_occupancy_map_monitor:/home/suwi/ros2_4dof_arm/install/moveit_resources_prbt_support:/home/suwi/ros2_4dof_arm/install/moveit_resources_prbt_ikfast_manipulator_plugin:/home/suwi/ros2_4dof_arm/install/moveit_resources:/home/suwi/ros2_4dof_arm/install/moveit_resources_fanuc_moveit_config:/home/suwi/ros2_4dof_arm/install/moveit_resources_fanuc_description:/home/suwi/ros2_4dof_arm/install/moveit_planners_chomp:/home/suwi/ros2_4dof_arm/install/moveit_kinematics:/home/suwi/ros2_4dof_arm/install/moveit_chomp_optimizer_adapter:/home/suwi/ros2_4dof_arm/install/chomp_motion_planner:/home/suwi/ros2_4dof_arm/install/moveit_core:/home/suwi/ros2_4dof_arm/install/four_dof_arm:/home/suwi/ros2_4dof_arm/install/dobot_description:/home/suwi/ros2_4dof_arm/src/four_dof_arm/install/four_dof_arm:/home/suwi/ros2_ws_prac/install/my_robot_control:/home/suwi/ros2_4dof_arm/install/moveit_configs_utils:/home/suwi/ros2_ws_prac/install/pub_sub:/opt/ros/humble LD_LIBRARY_PATH=/home/suwi/ros2_4dof_arm/install/moveit_msgs/lib:/home/suwi/ros2_4dof_arm/install/pilz_industrial_motion_planner_testutils/lib:/home/suwi/ros2_4dof_arm/install/pilz_industrial_motion_planner/lib:/home/suwi/ros2_4dof_arm/install/moveit_ros_control_interface/lib:/home/suwi/ros2_4dof_arm/install/moveit_simple_controller_manager/lib:/home/suwi/ros2_4dof_arm/install/moveit_setup_assistant/lib:/home/suwi/ros2_4dof_arm/install/moveit_setup_srdf_plugins/lib:/home/suwi/ros2_4dof_arm/install/moveit_setup_core_plugins/lib:/home/suwi/ros2_4dof_arm/install/moveit_setup_controllers/lib:/home/suwi/ros2_4dof_arm/install/moveit_setup_app_plugins/lib:/home/suwi/ros2_4dof_arm/install/moveit_setup_framework/lib:/home/suwi/ros2_4dof_arm/install/moveit_servo/lib:/home/suwi/ros2_4dof_arm/install/moveit_ros_visualization/lib:/home/suwi/ros2_4dof_arm/install/moveit_hybrid_planning/lib:/home/suwi/ros2_4dof_arm/install/moveit_ros_planning_interface/lib:/home/suwi/ros2_4dof_arm/install/moveit_ros_benchmarks/lib:/home/suwi/ros2_4dof_arm/install/moveit_ros_warehouse/lib:/home/suwi/ros2_4dof_arm/install/moveit_ros_robot_interaction/lib:/home/suwi/ros2_4dof_arm/install/moveit_ros_perception/lib:/home/suwi/ros2_4dof_arm/install/moveit_ros_move_group/lib:/home/suwi/ros2_4dof_arm/install/moveit_planners_ompl/lib:/home/suwi/ros2_4dof_arm/install/moveit_ros_planning/lib:/home/suwi/ros2_4dof_arm/install/moveit_ros_occupancy_map_monitor/lib:/home/suwi/ros2_4dof_arm/install/moveit_resources_prbt_ikfast_manipulator_plugin/lib:/home/suwi/ros2_4dof_arm/install/moveit_planners_chomp/lib:/home/suwi/ros2_4dof_arm/install/moveit_kinematics/lib:/home/suwi/ros2_4dof_arm/install/moveit_chomp_optimizer_adapter/lib:/home/suwi/ros2_4dof_arm/install/chomp_motion_planner/lib:/home/suwi/ros2_4dof_arm/install/moveit_core/lib:/opt/ros/humble/opt/rviz_ogre_vendor/lib:/opt/ros/humble/lib/x86_64-linux-gnu:/opt/ros/humble/lib /usr/bin/cmake --build /home/suwi/ros2_4dof_arm/build/moveit_core -- -j8 -l8
[3.190s] Invoking command in '/home/suwi/ros2_4dof_arm/build/moveit_core': CMAKE_PREFIX_PATH=/home/suwi/ros2_4dof_arm/install/moveit_resources_panda_moveit_config:/home/suwi/ros2_4dof_arm/install/moveit_resources_pr2_description:/home/suwi/ros2_4dof_arm/install/moveit_resources_panda_description:/home/suwi/ros2_4dof_arm/install/moveit_msgs:/home/suwi/ros2_4dof_arm/install/moveit_common:/home/suwi/ros2_4dof_arm/install/pilz_industrial_motion_planner_testutils:/home/suwi/ros2_4dof_arm/install/moveit_runtime:/home/suwi/ros2_4dof_arm/install/moveit:/home/suwi/ros2_4dof_arm/install/moveit_planners:/home/suwi/ros2_4dof_arm/install/pilz_industrial_motion_planner:/home/suwi/ros2_4dof_arm/install/moveit_ros_control_interface:/home/suwi/ros2_4dof_arm/install/moveit_plugins:/home/suwi/ros2_4dof_arm/install/moveit_simple_controller_manager:/home/suwi/ros2_4dof_arm/install/moveit_setup_assistant:/home/suwi/ros2_4dof_arm/install/moveit_setup_srdf_plugins:/home/suwi/ros2_4dof_arm/install/moveit_setup_core_plugins:/home/suwi/ros2_4dof_arm/install/moveit_setup_controllers:/home/suwi/ros2_4dof_arm/install/moveit_setup_app_plugins:/home/suwi/ros2_4dof_arm/install/moveit_setup_framework:/home/suwi/ros2_4dof_arm/install/moveit_servo:/home/suwi/ros2_4dof_arm/install/moveit_ros:/home/suwi/ros2_4dof_arm/install/moveit_ros_visualization:/home/suwi/ros2_4dof_arm/install/moveit_hybrid_planning:/home/suwi/ros2_4dof_arm/install/moveit_ros_planning_interface:/home/suwi/ros2_4dof_arm/install/moveit_ros_benchmarks:/home/suwi/ros2_4dof_arm/install/moveit_ros_warehouse:/home/suwi/ros2_4dof_arm/install/moveit_ros_robot_interaction:/home/suwi/ros2_4dof_arm/install/moveit_ros_perception:/home/suwi/ros2_4dof_arm/install/moveit_resources_prbt_pg70_support:/home/suwi/ros2_4dof_arm/install/moveit_resources_prbt_moveit_config:/home/suwi/ros2_4dof_arm/install/moveit_ros_move_group:/home/suwi/ros2_4dof_arm/install/moveit_planners_ompl:/home/suwi/ros2_4dof_arm/install/moveit_ros_planning:/home/suwi/ros2_4dof_arm/install/moveit_ros_occupancy_map_monitor:/home/suwi/ros2_4dof_arm/install/moveit_resources_prbt_support:/home/suwi/ros2_4dof_arm/install/moveit_resources_prbt_ikfast_manipulator_plugin:/home/suwi/ros2_4dof_arm/install/moveit_resources:/home/suwi/ros2_4dof_arm/install/moveit_resources_fanuc_moveit_config:/home/suwi/ros2_4dof_arm/install/moveit_resources_fanuc_description:/home/suwi/ros2_4dof_arm/install/moveit_planners_chomp:/home/suwi/ros2_4dof_arm/install/moveit_kinematics:/home/suwi/ros2_4dof_arm/install/moveit_chomp_optimizer_adapter:/home/suwi/ros2_4dof_arm/install/chomp_motion_planner:/home/suwi/ros2_4dof_arm/install/moveit_core:/home/suwi/ros2_4dof_arm/install/four_dof_arm:/home/suwi/ros2_4dof_arm/install/dobot_description:/home/suwi/ros2_4dof_arm/src/four_dof_arm/install/four_dof_arm:/home/suwi/ros2_ws_prac/install/my_robot_control:/home/suwi/ros2_4dof_arm/install/moveit_configs_utils:/home/suwi/ros2_ws_prac/install/pub_sub:/opt/ros/humble LD_LIBRARY_PATH=/home/suwi/ros2_4dof_arm/install/moveit_msgs/lib:/home/suwi/ros2_4dof_arm/install/pilz_industrial_motion_planner_testutils/lib:/home/suwi/ros2_4dof_arm/install/pilz_industrial_motion_planner/lib:/home/suwi/ros2_4dof_arm/install/moveit_ros_control_interface/lib:/home/suwi/ros2_4dof_arm/install/moveit_simple_controller_manager/lib:/home/suwi/ros2_4dof_arm/install/moveit_setup_assistant/lib:/home/suwi/ros2_4dof_arm/install/moveit_setup_srdf_plugins/lib:/home/suwi/ros2_4dof_arm/install/moveit_setup_core_plugins/lib:/home/suwi/ros2_4dof_arm/install/moveit_setup_controllers/lib:/home/suwi/ros2_4dof_arm/install/moveit_setup_app_plugins/lib:/home/suwi/ros2_4dof_arm/install/moveit_setup_framework/lib:/home/suwi/ros2_4dof_arm/install/moveit_servo/lib:/home/suwi/ros2_4dof_arm/install/moveit_ros_visualization/lib:/home/suwi/ros2_4dof_arm/install/moveit_hybrid_planning/lib:/home/suwi/ros2_4dof_arm/install/moveit_ros_planning_interface/lib:/home/suwi/ros2_4dof_arm/install/moveit_ros_benchmarks/lib:/home/suwi/ros2_4dof_arm/install/moveit_ros_warehouse/lib:/home/suwi/ros2_4dof_arm/install/moveit_ros_robot_interaction/lib:/home/suwi/ros2_4dof_arm/install/moveit_ros_perception/lib:/home/suwi/ros2_4dof_arm/install/moveit_ros_move_group/lib:/home/suwi/ros2_4dof_arm/install/moveit_planners_ompl/lib:/home/suwi/ros2_4dof_arm/install/moveit_ros_planning/lib:/home/suwi/ros2_4dof_arm/install/moveit_ros_occupancy_map_monitor/lib:/home/suwi/ros2_4dof_arm/install/moveit_resources_prbt_ikfast_manipulator_plugin/lib:/home/suwi/ros2_4dof_arm/install/moveit_planners_chomp/lib:/home/suwi/ros2_4dof_arm/install/moveit_kinematics/lib:/home/suwi/ros2_4dof_arm/install/moveit_chomp_optimizer_adapter/lib:/home/suwi/ros2_4dof_arm/install/chomp_motion_planner/lib:/home/suwi/ros2_4dof_arm/install/moveit_core/lib:/opt/ros/humble/opt/rviz_ogre_vendor/lib:/opt/ros/humble/lib/x86_64-linux-gnu:/opt/ros/humble/lib /usr/bin/cmake --install /home/suwi/ros2_4dof_arm/build/moveit_core
[3.255s] -- Install configuration: "Release"
[3.255s] -- Up-to-date: /home/suwi/ros2_4dof_arm/install/moveit_core/include/moveit/version.h
[3.257s] -- Up-to-date: /home/suwi/ros2_4dof_arm/install/moveit_core/include
[3.257s] -- Up-to-date: /home/suwi/ros2_4dof_arm/install/moveit_core/include/moveit
[3.257s] -- Up-to-date: /home/suwi/ros2_4dof_arm/install/moveit_core/include/moveit/collision_distance_field
[3.258s] -- Up-to-date: /home/suwi/ros2_4dof_arm/install/moveit_core/include/moveit/collision_distance_field/collision_detector_allocator_distance_field.h
[3.259s] -- Up-to-date: /home/suwi/ros2_4dof_arm/install/moveit_core/include/moveit/collision_distance_field/collision_common_distance_field.h
[3.259s] -- Up-to-date: /home/suwi/ros2_4dof_arm/install/moveit_core/include/moveit/collision_distance_field/collision_detector_allocator_hybrid.h
[3.260s] -- Up-to-date: /home/suwi/ros2_4dof_arm/install/moveit_core/include/moveit/collision_distance_field/collision_env_distance_field.h
[3.260s] -- Up-to-date: /home/suwi/ros2_4dof_arm/install/moveit_core/include/moveit/collision_distance_field/collision_distance_field_types.h
[3.261s] -- Up-to-date: /home/suwi/ros2_4dof_arm/install/moveit_core/include/moveit/collision_distance_field/collision_env_hybrid.h
[3.262s] -- Up-to-date: /home/suwi/ros2_4dof_arm/install/moveit_core/include/moveit_collision_distance_field_export.h
[3.262s] -- Up-to-date: /home/suwi/ros2_4dof_arm/install/moveit_core/include
[3.262s] -- Up-to-date: /home/suwi/ros2_4dof_arm/install/moveit_core/include/moveit
[3.263s] -- Up-to-date: /home/suwi/ros2_4dof_arm/install/moveit_core/include/moveit/constraint_samplers
[3.263s] -- Up-to-date: /home/suwi/ros2_4dof_arm/install/moveit_core/include/moveit/constraint_samplers/constraint_sampler_allocator.h
[3.263s] -- Up-to-date: /home/suwi/ros2_4dof_arm/install/moveit_core/include/moveit/constraint_samplers/constraint_sampler.h
[3.263s] -- Up-to-date: /home/suwi/ros2_4dof_arm/install/moveit_core/include/moveit/constraint_samplers/constraint_sampler_manager.h
[3.264s] -- Up-to-date: /home/suwi/ros2_4dof_arm/install/moveit_core/include/moveit/constraint_samplers/constraint_sampler_tools.h
[3.265s] -- Up-to-date: /home/suwi/ros2_4dof_arm/install/moveit_core/include/moveit/constraint_samplers/default_constraint_samplers.h
[3.266s] -- Up-to-date: /home/suwi/ros2_4dof_arm/install/moveit_core/include/moveit/constraint_samplers/union_constraint_sampler.h
[3.266s] -- Up-to-date: /home/suwi/ros2_4dof_arm/install/moveit_core/include
[3.267s] -- Up-to-date: /home/suwi/ros2_4dof_arm/install/moveit_core/include/moveit
[3.267s] -- Up-to-date: /home/suwi/ros2_4dof_arm/install/moveit_core/include/moveit/controller_manager
[3.267s] -- Up-to-date: /home/suwi/ros2_4dof_arm/install/moveit_core/include/moveit/controller_manager/controller_manager.h
[3.268s] -- Up-to-date: /home/suwi/ros2_4dof_arm/install/moveit_core/include
[3.268s] -- Up-to-date: /home/suwi/ros2_4dof_arm/install/moveit_core/include/moveit
[3.269s] -- Up-to-date: /home/suwi/ros2_4dof_arm/install/moveit_core/include/moveit/distance_field
[3.269s] -- Up-to-date: /home/suwi/ros2_4dof_arm/install/moveit_core/include/moveit/distance_field/find_internal_points.h
[3.270s] -- Up-to-date: /home/suwi/ros2_4dof_arm/install/moveit_core/include/moveit/distance_field/distance_field.h
[3.270s] -- Up-to-date: /home/suwi/ros2_4dof_arm/install/moveit_core/include/moveit/distance_field/propagation_distance_field.h
[3.270s] -- Up-to-date: /home/suwi/ros2_4dof_arm/install/moveit_core/include/moveit/distance_field/voxel_grid.h
[3.271s] -- Up-to-date: /home/suwi/ros2_4dof_arm/install/moveit_core/include
[3.272s] -- Up-to-date: /home/suwi/ros2_4dof_arm/install/moveit_core/include/moveit
[3.272s] -- Up-to-date: /home/suwi/ros2_4dof_arm/install/moveit_core/include/moveit/dynamics_solver
[3.272s] -- Up-to-date: /home/suwi/ros2_4dof_arm/install/moveit_core/include/moveit/dynamics_solver/dynamics_solver.h
[3.273s] -- Up-to-date: /home/suwi/ros2_4dof_arm/install/moveit_core/include
[3.273s] -- Up-to-date: /home/suwi/ros2_4dof_arm/install/moveit_core/include/moveit
[3.274s] -- Up-to-date: /home/suwi/ros2_4dof_arm/install/moveit_core/include/moveit/exceptions
[3.274s] -- Up-to-date: /home/suwi/ros2_4dof_arm/install/moveit_core/include/moveit/exceptions/exceptions.h
[3.274s] -- Up-to-date: /home/suwi/ros2_4dof_arm/install/moveit_core/include
[3.275s] -- Up-to-date: /home/suwi/ros2_4dof_arm/install/moveit_core/include/moveit
[3.275s] -- Up-to-date: /home/suwi/ros2_4dof_arm/install/moveit_core/include/moveit/kinematics_base
[3.275s] -- Up-to-date: /home/suwi/ros2_4dof_arm/install/moveit_core/include/moveit/kinematics_base/kinematics_base.h
[3.276s] -- Up-to-date: /home/suwi/ros2_4dof_arm/install/moveit_core/include/moveit_kinematics_base_export.h
[3.277s] -- Up-to-date: /home/suwi/ros2_4dof_arm/install/moveit_core/include
[3.277s] -- Up-to-date: /home/suwi/ros2_4dof_arm/install/moveit_core/include/moveit
[3.278s] -- Up-to-date: /home/suwi/ros2_4dof_arm/install/moveit_core/include/moveit/kinematic_constraints
[3.278s] -- Up-to-date: /home/suwi/ros2_4dof_arm/install/moveit_core/include/moveit/kinematic_constraints/kinematic_constraint.h
[3.278s] -- Up-to-date: /home/suwi/ros2_4dof_arm/install/moveit_core/include/moveit/kinematic_constraints/utils.h
[3.279s] -- Up-to-date: /home/suwi/ros2_4dof_arm/install/moveit_core/include
[3.280s] -- Up-to-date: /home/suwi/ros2_4dof_arm/install/moveit_core/include/moveit
[3.280s] -- Up-to-date: /home/suwi/ros2_4dof_arm/install/moveit_core/include/moveit/kinematics_metrics
[3.281s] -- Up-to-date: /home/suwi/ros2_4dof_arm/install/moveit_core/include/moveit/kinematics_metrics/kinematics_metrics.h
[3.282s] -- Up-to-date: /home/suwi/ros2_4dof_arm/install/moveit_core/include
[3.282s] -- Up-to-date: /home/suwi/ros2_4dof_arm/install/moveit_core/include/moveit
[3.282s] -- Up-to-date: /home/suwi/ros2_4dof_arm/install/moveit_core/include/moveit/macros
[3.283s] -- Up-to-date: /home/suwi/ros2_4dof_arm/install/moveit_core/include/moveit/macros/declare_ptr.h
[3.284s] -- Up-to-date: /home/suwi/ros2_4dof_arm/install/moveit_core/include/moveit/macros/deprecation.h
[3.284s] -- Up-to-date: /home/suwi/ros2_4dof_arm/install/moveit_core/include/moveit/macros/class_forward.h
[3.284s] -- Up-to-date: /home/suwi/ros2_4dof_arm/install/moveit_core/include/moveit/macros/console_colors.h
[3.284s] -- Up-to-date: /home/suwi/ros2_4dof_arm/install/moveit_core/include/moveit_core
[3.285s] -- Up-to-date: /home/suwi/ros2_4dof_arm/install/moveit_core/include/moveit_core/moveit_butterworth_parameters.hpp
[3.285s] -- Up-to-date: /home/suwi/ros2_4dof_arm/install/moveit_core/include
[3.286s] -- Up-to-date: /home/suwi/ros2_4dof_arm/install/moveit_core/include/moveit
[3.286s] -- Up-to-date: /home/suwi/ros2_4dof_arm/install/moveit_core/include/moveit/online_signal_smoothing
[3.287s] -- Up-to-date: /home/suwi/ros2_4dof_arm/install/moveit_core/include/moveit/online_signal_smoothing/butterworth_filter.h
[3.287s] -- Up-to-date: /home/suwi/ros2_4dof_arm/install/moveit_core/include/moveit/online_signal_smoothing/smoothing_base_class.h
[3.287s] -- Up-to-date: /home/suwi/ros2_4dof_arm/install/moveit_core/include/moveit_smoothing_base_export.h
[3.288s] -- Up-to-date: /home/suwi/ros2_4dof_arm/install/moveit_core/include/moveit_butterworth_filter_export.h
[3.288s] -- Up-to-date: /home/suwi/ros2_4dof_arm/install/moveit_core/include
[3.289s] -- Up-to-date: /home/suwi/ros2_4dof_arm/install/moveit_core/include/moveit
[3.289s] -- Up-to-date: /home/suwi/ros2_4dof_arm/install/moveit_core/include/moveit/planning_interface
[3.289s] -- Up-to-date: /home/suwi/ros2_4dof_arm/install/moveit_core/include/moveit/planning_interface/planning_response.h
[3.291s] -- Up-to-date: /home/suwi/ros2_4dof_arm/install/moveit_core/include/moveit/planning_interface/planning_request.h
[3.291s] -- Up-to-date: /home/suwi/ros2_4dof_arm/install/moveit_core/include/moveit/planning_interface/planning_interface.h
[3.292s] -- Up-to-date: /home/suwi/ros2_4dof_arm/install/moveit_core/include
[3.292s] -- Up-to-date: /home/suwi/ros2_4dof_arm/install/moveit_core/include/moveit
[3.292s] -- Up-to-date: /home/suwi/ros2_4dof_arm/install/moveit_core/include/moveit/planning_request_adapter
[3.293s] -- Up-to-date: /home/suwi/ros2_4dof_arm/install/moveit_core/include/moveit/planning_request_adapter/planning_request_adapter.h
[3.293s] -- Up-to-date: /home/suwi/ros2_4dof_arm/install/moveit_core/include
[3.293s] -- Up-to-date: /home/suwi/ros2_4dof_arm/install/moveit_core/include/moveit
[3.294s] -- Up-to-date: /home/suwi/ros2_4dof_arm/install/moveit_core/include/moveit/planning_scene
[3.294s] -- Up-to-date: /home/suwi/ros2_4dof_arm/install/moveit_core/include/moveit/planning_scene/planning_scene.h
[3.294s] -- Up-to-date: /home/suwi/ros2_4dof_arm/install/moveit_core/include/moveit_planning_scene_export.h
[3.295s] -- Up-to-date: /home/suwi/ros2_4dof_arm/install/moveit_core/include
[3.295s] -- Up-to-date: /home/suwi/ros2_4dof_arm/install/moveit_core/include/moveit
[3.296s] -- Up-to-date: /home/suwi/ros2_4dof_arm/install/moveit_core/include/moveit/robot_model
[3.296s] -- Up-to-date: /home/suwi/ros2_4dof_arm/install/moveit_core/include/moveit/robot_model/revolute_joint_model.h
[3.296s] -- Up-to-date: /home/suwi/ros2_4dof_arm/install/moveit_core/include/moveit/robot_model/link_model.h
[3.296s] -- Up-to-date: /home/suwi/ros2_4dof_arm/install/moveit_core/include/moveit/robot_model/planar_joint_model.h
[3.297s] -- Up-to-date: /home/suwi/ros2_4dof_arm/install/moveit_core/include/moveit/robot_model/fixed_joint_model.h
[3.297s] -- Up-to-date: /home/suwi/ros2_4dof_arm/install/moveit_core/include/moveit/robot_model/floating_joint_model.h
[3.298s] -- Up-to-date: /home/suwi/ros2_4dof_arm/install/moveit_core/include/moveit/robot_model/prismatic_joint_model.h
[3.298s] -- Up-to-date: /home/suwi/ros2_4dof_arm/install/moveit_core/include/moveit/robot_model/aabb.h
[3.298s] -- Up-to-date: /home/suwi/ros2_4dof_arm/install/moveit_core/include/moveit/robot_model/joint_model.h
[3.298s] -- Up-to-date: /home/suwi/ros2_4dof_arm/install/moveit_core/include/moveit/robot_model/robot_model.h
[3.299s] -- Up-to-date: /home/suwi/ros2_4dof_arm/install/moveit_core/include/moveit/robot_model/joint_model_group.h
[3.299s] -- Up-to-date: /home/suwi/ros2_4dof_arm/install/moveit_core/include
[3.299s] -- Up-to-date: /home/suwi/ros2_4dof_arm/install/moveit_core/include/moveit
[3.300s] -- Up-to-date: /home/suwi/ros2_4dof_arm/install/moveit_core/include/moveit/robot_state
[3.300s] -- Up-to-date: /home/suwi/ros2_4dof_arm/install/moveit_core/include/moveit/robot_state/robot_state.h
[3.301s] -- Up-to-date: /home/suwi/ros2_4dof_arm/install/moveit_core/include/moveit/robot_state/cartesian_interpolator.h
[3.301s] -- Up-to-date: /home/suwi/ros2_4dof_arm/install/moveit_core/include/moveit/robot_state/attached_body.h
[3.302s] -- Up-to-date: /home/suwi/ros2_4dof_arm/install/moveit_core/include/moveit/robot_state/conversions.h
[3.302s] -- Up-to-date: /home/suwi/ros2_4dof_arm/install/moveit_core/include
[3.302s] -- Up-to-date: /home/suwi/ros2_4dof_arm/install/moveit_core/include/moveit
[3.303s] -- Up-to-date: /home/suwi/ros2_4dof_arm/install/moveit_core/include/moveit/robot_trajectory
[3.303s] -- Up-to-date: /home/suwi/ros2_4dof_arm/install/moveit_core/include/moveit/robot_trajectory/robot_trajectory.h
[3.303s] -- Up-to-date: /home/suwi/ros2_4dof_arm/install/moveit_core/include
[3.304s] -- Up-to-date: /home/suwi/ros2_4dof_arm/install/moveit_core/include/moveit
[3.305s] -- Up-to-date: /home/suwi/ros2_4dof_arm/install/moveit_core/include/moveit/sensor_manager
[3.305s] -- Up-to-date: /home/suwi/ros2_4dof_arm/install/moveit_core/include/moveit/sensor_manager/sensor_manager.h
[3.305s] -- Up-to-date: /home/suwi/ros2_4dof_arm/install/moveit_core/include
[3.306s] -- Up-to-date: /home/suwi/ros2_4dof_arm/install/moveit_core/include/moveit
[3.306s] -- Up-to-date: /home/suwi/ros2_4dof_arm/install/moveit_core/include/moveit/trajectory_processing
[3.306s] -- Up-to-date: /home/suwi/ros2_4dof_arm/install/moveit_core/include/moveit/trajectory_processing/trajectory_tools.h
[3.307s] -- Up-to-date: /home/suwi/ros2_4dof_arm/install/moveit_core/include/moveit/trajectory_processing/time_optimal_trajectory_generation.h
[3.308s] -- Up-to-date: /home/suwi/ros2_4dof_arm/install/moveit_core/include/moveit/trajectory_processing/iterative_time_parameterization.h
[3.308s] -- Up-to-date: /home/suwi/ros2_4dof_arm/install/moveit_core/include/moveit/trajectory_processing/time_parameterization.h
[3.309s] -- Up-to-date: /home/suwi/ros2_4dof_arm/install/moveit_core/include/moveit/trajectory_processing/iterative_spline_parameterization.h
[3.309s] -- Up-to-date: /home/suwi/ros2_4dof_arm/install/moveit_core/include/moveit/trajectory_processing/ruckig_traj_smoothing.h
[3.309s] -- Up-to-date: /home/suwi/ros2_4dof_arm/install/moveit_core/include
[3.309s] -- Up-to-date: /home/suwi/ros2_4dof_arm/install/moveit_core/include/moveit
[3.310s] -- Up-to-date: /home/suwi/ros2_4dof_arm/install/moveit_core/include/moveit/transforms
[3.310s] -- Up-to-date: /home/suwi/ros2_4dof_arm/install/moveit_core/include/moveit/transforms/transforms.h
[3.311s] -- Up-to-date: /home/suwi/ros2_4dof_arm/install/moveit_core/include
[3.311s] -- Up-to-date: /home/suwi/ros2_4dof_arm/install/moveit_core/include/moveit
[3.311s] -- Up-to-date: /home/suwi/ros2_4dof_arm/install/moveit_core/include/moveit/utils
[3.311s] -- Up-to-date: /home/suwi/ros2_4dof_arm/install/moveit_core/include/moveit/utils/moveit_error_code.h
[3.311s] -- Up-to-date: /home/suwi/ros2_4dof_arm/install/moveit_core/include/moveit/utils/message_checks.h
[3.312s] -- Up-to-date: /home/suwi/ros2_4dof_arm/install/moveit_core/include/moveit/utils/rclcpp_utils.h
[3.312s] -- Up-to-date: /home/suwi/ros2_4dof_arm/install/moveit_core/include/moveit/utils/robot_model_test_utils.h
[3.312s] -- Up-to-date: /home/suwi/ros2_4dof_arm/install/moveit_core/include/moveit/utils/lexical_casts.h
[3.312s] -- Up-to-date: /home/suwi/ros2_4dof_arm/install/moveit_core/bin/moveit_version
[3.313s] -- Up-to-date: /home/suwi/ros2_4dof_arm/install/moveit_core/include
[3.313s] -- Up-to-date: /home/suwi/ros2_4dof_arm/install/moveit_core/include/moveit
[3.314s] -- Up-to-date: /home/suwi/ros2_4dof_arm/install/moveit_core/include/moveit/collision_detection
[3.314s] -- Up-to-date: /home/suwi/ros2_4dof_arm/install/moveit_core/include/moveit/collision_detection/collision_detector_allocator.h
[3.314s] -- Up-to-date: /home/suwi/ros2_4dof_arm/install/moveit_core/include/moveit/collision_detection/test_collision_common_panda.h
[3.315s] -- Up-to-date: /home/suwi/ros2_4dof_arm/install/moveit_core/include/moveit/collision_detection/occupancy_map.h
[3.315s] -- Up-to-date: /home/suwi/ros2_4dof_arm/install/moveit_core/include/moveit/collision_detection/collision_common.h
[3.316s] -- Up-to-date: /home/suwi/ros2_4dof_arm/install/moveit_core/include/moveit/collision_detection/world.h
[3.316s] -- Up-to-date: /home/suwi/ros2_4dof_arm/install/moveit_core/include/moveit/collision_detection/world_diff.h
[3.316s] -- Up-to-date: /home/suwi/ros2_4dof_arm/install/moveit_core/include/moveit/collision_detection/collision_plugin_cache.h
[3.317s] -- Up-to-date: /home/suwi/ros2_4dof_arm/install/moveit_core/include/moveit/collision_detection/allvalid
[3.317s] -- Up-to-date: /home/suwi/ros2_4dof_arm/install/moveit_core/include/moveit/collision_detection/allvalid/collision_detector_allocator_allvalid.h
[3.317s] -- Up-to-date: /home/suwi/ros2_4dof_arm/install/moveit_core/include/moveit/collision_detection/allvalid/collision_env_allvalid.h
[3.317s] -- Up-to-date: /home/suwi/ros2_4dof_arm/install/moveit_core/include/moveit/collision_detection/collision_matrix.h
[3.317s] -- Up-to-date: /home/suwi/ros2_4dof_arm/install/moveit_core/include/moveit/collision_detection/collision_octomap_filter.h
[3.318s] -- Up-to-date: /home/suwi/ros2_4dof_arm/install/moveit_core/include/moveit/collision_detection/test_collision_common_pr2.h
[3.318s] -- Up-to-date: /home/suwi/ros2_4dof_arm/install/moveit_core/include/moveit/collision_detection/collision_env.h
[3.318s] -- Up-to-date: /home/suwi/ros2_4dof_arm/install/moveit_core/include/moveit/collision_detection/collision_plugin.h
[3.318s] -- Up-to-date: /home/suwi/ros2_4dof_arm/install/moveit_core/include/moveit/collision_detection/collision_tools.h
[3.319s] -- Up-to-date: /home/suwi/ros2_4dof_arm/install/moveit_core/include/moveit_collision_detection_export.h
[3.319s] -- Up-to-date: /home/suwi/ros2_4dof_arm/install/moveit_core/include
[3.319s] -- Up-to-date: /home/suwi/ros2_4dof_arm/install/moveit_core/include/moveit
[3.319s] -- Up-to-date: /home/suwi/ros2_4dof_arm/install/moveit_core/include/moveit/collision_detection_bullet
[3.319s] -- Up-to-date: /home/suwi/ros2_4dof_arm/install/moveit_core/include/moveit/collision_detection_bullet/bullet_integration
[3.320s] -- Up-to-date: /home/suwi/ros2_4dof_arm/install/moveit_core/include/moveit/collision_detection_bullet/bullet_integration/bullet_cast_bvh_manager.h
[3.320s] -- Up-to-date: /home/suwi/ros2_4dof_arm/install/moveit_core/include/moveit/collision_detection_bullet/bullet_integration/ros_bullet_utils.h
[3.320s] -- Up-to-date: /home/suwi/ros2_4dof_arm/install/moveit_core/include/moveit/collision_detection_bullet/bullet_integration/contact_checker_common.h
[3.320s] -- Up-to-date: /home/suwi/ros2_4dof_arm/install/moveit_core/include/moveit/collision_detection_bullet/bullet_integration/bullet_bvh_manager.h
[3.321s] -- Up-to-date: /home/suwi/ros2_4dof_arm/install/moveit_core/include/moveit/collision_detection_bullet/bullet_integration/bullet_discrete_bvh_manager.h
[3.321s] -- Up-to-date: /home/suwi/ros2_4dof_arm/install/moveit_core/include/moveit/collision_detection_bullet/bullet_integration/basic_types.h
[3.321s] -- Up-to-date: /home/suwi/ros2_4dof_arm/install/moveit_core/include/moveit/collision_detection_bullet/bullet_integration/bullet_utils.h
[3.321s] -- Up-to-date: /home/suwi/ros2_4dof_arm/install/moveit_core/include/moveit/collision_detection_bullet/collision_env_bullet.h
[3.322s] -- Up-to-date: /home/suwi/ros2_4dof_arm/install/moveit_core/include/moveit/collision_detection_bullet/collision_detector_allocator_bullet.h
[3.322s] -- Up-to-date: /home/suwi/ros2_4dof_arm/install/moveit_core/include/moveit/collision_detection_bullet/collision_detector_bullet_plugin_loader.h
[3.322s] -- Up-to-date: /home/suwi/ros2_4dof_arm/install/moveit_core/include/moveit_collision_detection_bullet_export.h
[3.323s] -- Up-to-date: /home/suwi/ros2_4dof_arm/install/moveit_core/include
[3.323s] -- Up-to-date: /home/suwi/ros2_4dof_arm/install/moveit_core/include/moveit
[3.323s] -- Up-to-date: /home/suwi/ros2_4dof_arm/install/moveit_core/include/moveit/collision_detection_fcl
[3.323s] -- Up-to-date: /home/suwi/ros2_4dof_arm/install/moveit_core/include/moveit/collision_detection_fcl/collision_env_fcl.h
[3.323s] -- Up-to-date: /home/suwi/ros2_4dof_arm/install/moveit_core/include/moveit/collision_detection_fcl/collision_detector_fcl_plugin_loader.h
[3.324s] -- Up-to-date: /home/suwi/ros2_4dof_arm/install/moveit_core/include/moveit/collision_detection_fcl/fcl_compat.h
[3.324s] -- Up-to-date: /home/suwi/ros2_4dof_arm/install/moveit_core/include/moveit/collision_detection_fcl/collision_detector_allocator_fcl.h
[3.324s] -- Up-to-date: /home/suwi/ros2_4dof_arm/install/moveit_core/include/moveit/collision_detection_fcl/collision_common.h
[3.324s] -- Up-to-date: /home/suwi/ros2_4dof_arm/install/moveit_core/include/moveit_collision_detection_fcl_export.h
[3.325s] -- Up-to-date: /home/suwi/ros2_4dof_arm/install/moveit_core/lib/libcollision_detector_bullet_plugin.so.2.5.8
[3.325s] -- Up-to-date: /home/suwi/ros2_4dof_arm/install/moveit_core/lib/libcollision_detector_bullet_plugin.so
[3.326s] -- Up-to-date: /home/suwi/ros2_4dof_arm/install/moveit_core/lib/libmoveit_butterworth_filter.so.2.5.8
[3.326s] -- Up-to-date: /home/suwi/ros2_4dof_arm/install/moveit_core/lib/libmoveit_butterworth_filter.so
[3.326s] -- Up-to-date: /home/suwi/ros2_4dof_arm/install/moveit_core/lib/libmoveit_collision_distance_field.so.2.5.8
[3.327s] -- Up-to-date: /home/suwi/ros2_4dof_arm/install/moveit_core/lib/libmoveit_collision_distance_field.so
[3.329s] -- Up-to-date: /home/suwi/ros2_4dof_arm/install/moveit_core/lib/libmoveit_collision_detection.so.2.5.8
[3.331s] -- Up-to-date: /home/suwi/ros2_4dof_arm/install/moveit_core/lib/libmoveit_collision_detection.so
[3.333s] -- Up-to-date: /home/suwi/ros2_4dof_arm/install/moveit_core/lib/libmoveit_collision_detection_fcl.so.2.5.8
[3.336s] -- Up-to-date: /home/suwi/ros2_4dof_arm/install/moveit_core/lib/libmoveit_collision_detection_fcl.so
[3.339s] -- Up-to-date: /home/suwi/ros2_4dof_arm/install/moveit_core/lib/libmoveit_collision_detection_bullet.so.2.5.8
[3.341s] -- Up-to-date: /home/suwi/ros2_4dof_arm/install/moveit_core/lib/libmoveit_collision_detection_bullet.so
[3.344s] -- Up-to-date: /home/suwi/ros2_4dof_arm/install/moveit_core/lib/libmoveit_dynamics_solver.so.2.5.8
[3.346s] -- Up-to-date: /home/suwi/ros2_4dof_arm/install/moveit_core/lib/libmoveit_dynamics_solver.so
[3.349s] -- Up-to-date: /home/suwi/ros2_4dof_arm/install/moveit_core/lib/libmoveit_constraint_samplers.so.2.5.8
[3.352s] -- Up-to-date: /home/suwi/ros2_4dof_arm/install/moveit_core/lib/libmoveit_constraint_samplers.so
[3.354s] -- Up-to-date: /home/suwi/ros2_4dof_arm/install/moveit_core/lib/libmoveit_distance_field.so.2.5.8
[3.356s] -- Up-to-date: /home/suwi/ros2_4dof_arm/install/moveit_core/lib/libmoveit_distance_field.so
[3.358s] -- Up-to-date: /home/suwi/ros2_4dof_arm/install/moveit_core/lib/libmoveit_exceptions.so.2.5.8
[3.361s] -- Up-to-date: /home/suwi/ros2_4dof_arm/install/moveit_core/lib/libmoveit_exceptions.so
[3.363s] -- Up-to-date: /home/suwi/ros2_4dof_arm/install/moveit_core/lib/libmoveit_kinematics_base.so
[3.368s] -- Up-to-date: /home/suwi/ros2_4dof_arm/install/moveit_core/lib/libmoveit_kinematic_constraints.so.2.5.8
[3.370s] -- Up-to-date: /home/suwi/ros2_4dof_arm/install/moveit_core/lib/libmoveit_kinematic_constraints.so
[3.373s] -- Up-to-date: /home/suwi/ros2_4dof_arm/install/moveit_core/lib/libmoveit_kinematics_metrics.so.2.5.8
[3.375s] -- Up-to-date: /home/suwi/ros2_4dof_arm/install/moveit_core/lib/libmoveit_kinematics_metrics.so
[3.377s] -- Up-to-date: /home/suwi/ros2_4dof_arm/install/moveit_core/lib/libmoveit_planning_interface.so.2.5.8
[3.380s] -- Up-to-date: /home/suwi/ros2_4dof_arm/install/moveit_core/lib/libmoveit_planning_interface.so
[3.382s] -- Up-to-date: /home/suwi/ros2_4dof_arm/install/moveit_core/lib/libmoveit_planning_scene.so.2.5.8
[3.385s] -- Up-to-date: /home/suwi/ros2_4dof_arm/install/moveit_core/lib/libmoveit_planning_scene.so
[3.387s] -- Up-to-date: /home/suwi/ros2_4dof_arm/install/moveit_core/lib/libmoveit_planning_request_adapter.so.2.5.8
[3.389s] -- Up-to-date: /home/suwi/ros2_4dof_arm/install/moveit_core/lib/libmoveit_planning_request_adapter.so
[3.392s] -- Up-to-date: /home/suwi/ros2_4dof_arm/install/moveit_core/lib/libmoveit_robot_model.so.2.5.8
[3.395s] -- Up-to-date: /home/suwi/ros2_4dof_arm/install/moveit_core/lib/libmoveit_robot_model.so
[3.397s] -- Up-to-date: /home/suwi/ros2_4dof_arm/install/moveit_core/lib/libmoveit_robot_state.so.2.5.8
[3.400s] -- Up-to-date: /home/suwi/ros2_4dof_arm/install/moveit_core/lib/libmoveit_robot_state.so
[3.402s] -- Up-to-date: /home/suwi/ros2_4dof_arm/install/moveit_core/lib/libmoveit_robot_trajectory.so.2.5.8
[3.405s] -- Up-to-date: /home/suwi/ros2_4dof_arm/install/moveit_core/lib/libmoveit_robot_trajectory.so
[3.407s] -- Up-to-date: /home/suwi/ros2_4dof_arm/install/moveit_core/lib/libmoveit_smoothing_base.so.2.5.8
[3.409s] -- Up-to-date: /home/suwi/ros2_4dof_arm/install/moveit_core/lib/libmoveit_smoothing_base.so
[3.412s] -- Up-to-date: /home/suwi/ros2_4dof_arm/install/moveit_core/lib/libmoveit_test_utils.so.2.5.8
[3.414s] -- Up-to-date: /home/suwi/ros2_4dof_arm/install/moveit_core/lib/libmoveit_test_utils.so
[3.419s] -- Up-to-date: /home/suwi/ros2_4dof_arm/install/moveit_core/lib/libmoveit_trajectory_processing.so.2.5.8
[3.419s] -- Up-to-date: /home/suwi/ros2_4dof_arm/install/moveit_core/lib/libmoveit_trajectory_processing.so
[3.421s] -- Up-to-date: /home/suwi/ros2_4dof_arm/install/moveit_core/lib/libmoveit_transforms.so.2.5.8
[3.423s] -- Up-to-date: /home/suwi/ros2_4dof_arm/install/moveit_core/lib/libmoveit_transforms.so
[3.426s] -- Up-to-date: /home/suwi/ros2_4dof_arm/install/moveit_core/lib/libmoveit_utils.so.2.5.8
[3.428s] -- Up-to-date: /home/suwi/ros2_4dof_arm/install/moveit_core/lib/libmoveit_utils.so
[3.428s] -- Up-to-date: /home/suwi/ros2_4dof_arm/install/moveit_core/share/moveit_core/environment/library_path.sh
[3.429s] -- Up-to-date: /home/suwi/ros2_4dof_arm/install/moveit_core/share/moveit_core/environment/library_path.dsv
[3.429s] -- Up-to-date: /home/suwi/ros2_4dof_arm/install/moveit_core/share/moveit_core/collision_detector_fcl_description.xml
[3.431s] -- Up-to-date: /home/suwi/ros2_4dof_arm/install/moveit_core/share/moveit_core/collision_detector_bullet_description.xml
[3.431s] -- Up-to-date: /home/suwi/ros2_4dof_arm/install/moveit_core/share/moveit_core/filter_plugin_butterworth.xml
[3.432s] -- Up-to-date: /home/suwi/ros2_4dof_arm/install/moveit_core/share/ament_index/resource_index/package_run_dependencies/moveit_core
[3.432s] -- Up-to-date: /home/suwi/ros2_4dof_arm/install/moveit_core/share/ament_index/resource_index/parent_prefix_path/moveit_core
[3.433s] -- Up-to-date: /home/suwi/ros2_4dof_arm/install/moveit_core/share/moveit_core/environment/ament_prefix_path.sh
[3.433s] -- Up-to-date: /home/suwi/ros2_4dof_arm/install/moveit_core/share/moveit_core/environment/ament_prefix_path.dsv
[3.434s] -- Up-to-date: /home/suwi/ros2_4dof_arm/install/moveit_core/share/moveit_core/environment/path.sh
[3.434s] -- Up-to-date: /home/suwi/ros2_4dof_arm/install/moveit_core/share/moveit_core/environment/path.dsv
[3.435s] -- Up-to-date: /home/suwi/ros2_4dof_arm/install/moveit_core/share/moveit_core/local_setup.bash
[3.435s] -- Up-to-date: /home/suwi/ros2_4dof_arm/install/moveit_core/share/moveit_core/local_setup.sh
[3.435s] -- Up-to-date: /home/suwi/ros2_4dof_arm/install/moveit_core/share/moveit_core/local_setup.zsh
[3.437s] -- Up-to-date: /home/suwi/ros2_4dof_arm/install/moveit_core/share/moveit_core/local_setup.dsv
[3.437s] -- Installing: /home/suwi/ros2_4dof_arm/install/moveit_core/share/moveit_core/package.dsv
[3.437s] -- Up-to-date: /home/suwi/ros2_4dof_arm/install/moveit_core/share/ament_index/resource_index/packages/moveit_core
[3.437s] -- Up-to-date: /home/suwi/ros2_4dof_arm/install/moveit_core/share/ament_index/resource_index/moveit_core__pluginlib__plugin/moveit_core
[3.438s] -- Up-to-date: /home/suwi/ros2_4dof_arm/install/moveit_core/share/moveit_core/cmake/export_moveit_coreExport.cmake
[3.438s] -- Up-to-date: /home/suwi/ros2_4dof_arm/install/moveit_core/share/moveit_core/cmake/export_moveit_coreExport-release.cmake
[3.438s] -- Up-to-date: /home/suwi/ros2_4dof_arm/install/moveit_core/share/moveit_core/cmake/ConfigExtras.cmake
[3.438s] -- Up-to-date: /home/suwi/ros2_4dof_arm/install/moveit_core/share/moveit_core/cmake/ament_cmake_export_targets-extras.cmake
[3.439s] -- Up-to-date: /home/suwi/ros2_4dof_arm/install/moveit_core/share/moveit_core/cmake/ament_cmake_export_dependencies-extras.cmake
[3.439s] -- Up-to-date: /home/suwi/ros2_4dof_arm/install/moveit_core/share/moveit_core/cmake/moveit_coreConfig.cmake
[3.439s] -- Up-to-date: /home/suwi/ros2_4dof_arm/install/moveit_core/share/moveit_core/cmake/moveit_coreConfig-version.cmake
[3.440s] -- Up-to-date: /home/suwi/ros2_4dof_arm/install/moveit_core/share/moveit_core/package.xml
[3.443s] Invoked command in '/home/suwi/ros2_4dof_arm/build/moveit_core' returned '0': CMAKE_PREFIX_PATH=/home/suwi/ros2_4dof_arm/install/moveit_resources_panda_moveit_config:/home/suwi/ros2_4dof_arm/install/moveit_resources_pr2_description:/home/suwi/ros2_4dof_arm/install/moveit_resources_panda_description:/home/suwi/ros2_4dof_arm/install/moveit_msgs:/home/suwi/ros2_4dof_arm/install/moveit_common:/home/suwi/ros2_4dof_arm/install/pilz_industrial_motion_planner_testutils:/home/suwi/ros2_4dof_arm/install/moveit_runtime:/home/suwi/ros2_4dof_arm/install/moveit:/home/suwi/ros2_4dof_arm/install/moveit_planners:/home/suwi/ros2_4dof_arm/install/pilz_industrial_motion_planner:/home/suwi/ros2_4dof_arm/install/moveit_ros_control_interface:/home/suwi/ros2_4dof_arm/install/moveit_plugins:/home/suwi/ros2_4dof_arm/install/moveit_simple_controller_manager:/home/suwi/ros2_4dof_arm/install/moveit_setup_assistant:/home/suwi/ros2_4dof_arm/install/moveit_setup_srdf_plugins:/home/suwi/ros2_4dof_arm/install/moveit_setup_core_plugins:/home/suwi/ros2_4dof_arm/install/moveit_setup_controllers:/home/suwi/ros2_4dof_arm/install/moveit_setup_app_plugins:/home/suwi/ros2_4dof_arm/install/moveit_setup_framework:/home/suwi/ros2_4dof_arm/install/moveit_servo:/home/suwi/ros2_4dof_arm/install/moveit_ros:/home/suwi/ros2_4dof_arm/install/moveit_ros_visualization:/home/suwi/ros2_4dof_arm/install/moveit_hybrid_planning:/home/suwi/ros2_4dof_arm/install/moveit_ros_planning_interface:/home/suwi/ros2_4dof_arm/install/moveit_ros_benchmarks:/home/suwi/ros2_4dof_arm/install/moveit_ros_warehouse:/home/suwi/ros2_4dof_arm/install/moveit_ros_robot_interaction:/home/suwi/ros2_4dof_arm/install/moveit_ros_perception:/home/suwi/ros2_4dof_arm/install/moveit_resources_prbt_pg70_support:/home/suwi/ros2_4dof_arm/install/moveit_resources_prbt_moveit_config:/home/suwi/ros2_4dof_arm/install/moveit_ros_move_group:/home/suwi/ros2_4dof_arm/install/moveit_planners_ompl:/home/suwi/ros2_4dof_arm/install/moveit_ros_planning:/home/suwi/ros2_4dof_arm/install/moveit_ros_occupancy_map_monitor:/home/suwi/ros2_4dof_arm/install/moveit_resources_prbt_support:/home/suwi/ros2_4dof_arm/install/moveit_resources_prbt_ikfast_manipulator_plugin:/home/suwi/ros2_4dof_arm/install/moveit_resources:/home/suwi/ros2_4dof_arm/install/moveit_resources_fanuc_moveit_config:/home/suwi/ros2_4dof_arm/install/moveit_resources_fanuc_description:/home/suwi/ros2_4dof_arm/install/moveit_planners_chomp:/home/suwi/ros2_4dof_arm/install/moveit_kinematics:/home/suwi/ros2_4dof_arm/install/moveit_chomp_optimizer_adapter:/home/suwi/ros2_4dof_arm/install/chomp_motion_planner:/home/suwi/ros2_4dof_arm/install/moveit_core:/home/suwi/ros2_4dof_arm/install/four_dof_arm:/home/suwi/ros2_4dof_arm/install/dobot_description:/home/suwi/ros2_4dof_arm/src/four_dof_arm/install/four_dof_arm:/home/suwi/ros2_ws_prac/install/my_robot_control:/home/suwi/ros2_4dof_arm/install/moveit_configs_utils:/home/suwi/ros2_ws_prac/install/pub_sub:/opt/ros/humble LD_LIBRARY_PATH=/home/suwi/ros2_4dof_arm/install/moveit_msgs/lib:/home/suwi/ros2_4dof_arm/install/pilz_industrial_motion_planner_testutils/lib:/home/suwi/ros2_4dof_arm/install/pilz_industrial_motion_planner/lib:/home/suwi/ros2_4dof_arm/install/moveit_ros_control_interface/lib:/home/suwi/ros2_4dof_arm/install/moveit_simple_controller_manager/lib:/home/suwi/ros2_4dof_arm/install/moveit_setup_assistant/lib:/home/suwi/ros2_4dof_arm/install/moveit_setup_srdf_plugins/lib:/home/suwi/ros2_4dof_arm/install/moveit_setup_core_plugins/lib:/home/suwi/ros2_4dof_arm/install/moveit_setup_controllers/lib:/home/suwi/ros2_4dof_arm/install/moveit_setup_app_plugins/lib:/home/suwi/ros2_4dof_arm/install/moveit_setup_framework/lib:/home/suwi/ros2_4dof_arm/install/moveit_servo/lib:/home/suwi/ros2_4dof_arm/install/moveit_ros_visualization/lib:/home/suwi/ros2_4dof_arm/install/moveit_hybrid_planning/lib:/home/suwi/ros2_4dof_arm/install/moveit_ros_planning_interface/lib:/home/suwi/ros2_4dof_arm/install/moveit_ros_benchmarks/lib:/home/suwi/ros2_4dof_arm/install/moveit_ros_warehouse/lib:/home/suwi/ros2_4dof_arm/install/moveit_ros_robot_interaction/lib:/home/suwi/ros2_4dof_arm/install/moveit_ros_perception/lib:/home/suwi/ros2_4dof_arm/install/moveit_ros_move_group/lib:/home/suwi/ros2_4dof_arm/install/moveit_planners_ompl/lib:/home/suwi/ros2_4dof_arm/install/moveit_ros_planning/lib:/home/suwi/ros2_4dof_arm/install/moveit_ros_occupancy_map_monitor/lib:/home/suwi/ros2_4dof_arm/install/moveit_resources_prbt_ikfast_manipulator_plugin/lib:/home/suwi/ros2_4dof_arm/install/moveit_planners_chomp/lib:/home/suwi/ros2_4dof_arm/install/moveit_kinematics/lib:/home/suwi/ros2_4dof_arm/install/moveit_chomp_optimizer_adapter/lib:/home/suwi/ros2_4dof_arm/install/chomp_motion_planner/lib:/home/suwi/ros2_4dof_arm/install/moveit_core/lib:/opt/ros/humble/opt/rviz_ogre_vendor/lib:/opt/ros/humble/lib/x86_64-linux-gnu:/opt/ros/humble/lib /usr/bin/cmake --install /home/suwi/ros2_4dof_arm/build/moveit_core
