[0.198s] Invoking command in '/home/suwi/ros2_4dof_arm/build/moveit_resources_panda_description': CMAKE_PREFIX_PATH=${CMAKE_PREFIX_PATH}:/home/suwi/ros2_ws_prac/install/pub_sub /usr/bin/cmake /home/suwi/ros2_4dof_arm/src/moveit_resources/panda_description -DAMENT_CMAKE_SYMLINK_INSTALL=1 -DCMAKE_INSTALL_PREFIX=/home/suwi/ros2_4dof_arm/install/moveit_resources_panda_description
[1.080s] -- The C compiler identification is GNU 11.4.0
[1.080s] -- The CXX compiler identification is GNU 11.4.0
[1.080s] -- Detecting C compiler ABI info
[1.082s] -- Detecting C compiler ABI info - done
[1.107s] -- Check for working C compiler: /usr/bin/cc - skipped
[1.107s] -- Detecting C compile features
[1.108s] -- Detecting C compile features - done
[1.129s] -- Detecting CXX compiler ABI info
[1.677s] -- Detecting CXX compiler ABI info - done
[1.692s] -- Check for working CXX compiler: /usr/bin/c++ - skipped
[1.693s] -- Detecting CXX compile features
[1.693s] -- Detecting CXX compile features - done
[1.702s] -- Found ament_cmake: 1.3.11 (/opt/ros/humble/share/ament_cmake/cmake)
[2.257s] -- Found Python3: /usr/bin/python3 (found version "3.10.12") found components: Interpreter 
[2.482s] -- Override CMake install command with custom implementation using symlinks instead of copying resources
[2.844s] -- Configuring done
[2.877s] -- Generating done
[2.886s] -- Build files have been written to: /home/suwi/ros2_4dof_arm/build/moveit_resources_panda_description
[3.043s] Invoked command in '/home/suwi/ros2_4dof_arm/build/moveit_resources_panda_description' returned '0': CMAKE_PREFIX_PATH=${CMAKE_PREFIX_PATH}:/home/suwi/ros2_ws_prac/install/pub_sub /usr/bin/cmake /home/suwi/ros2_4dof_arm/src/moveit_resources/panda_description -DAMENT_CMAKE_SYMLINK_INSTALL=1 -DCMAKE_INSTALL_PREFIX=/home/suwi/ros2_4dof_arm/install/moveit_resources_panda_description
[3.044s] Invoking command in '/home/suwi/ros2_4dof_arm/build/moveit_resources_panda_description': CMAKE_PREFIX_PATH=${CMAKE_PREFIX_PATH}:/home/suwi/ros2_ws_prac/install/pub_sub /usr/bin/cmake --build /home/suwi/ros2_4dof_arm/build/moveit_resources_panda_description -- -j8 -l8
[3.338s] Invoked command in '/home/suwi/ros2_4dof_arm/build/moveit_resources_panda_description' returned '0': CMAKE_PREFIX_PATH=${CMAKE_PREFIX_PATH}:/home/suwi/ros2_ws_prac/install/pub_sub /usr/bin/cmake --build /home/suwi/ros2_4dof_arm/build/moveit_resources_panda_description -- -j8 -l8
[3.346s] Invoking command in '/home/suwi/ros2_4dof_arm/build/moveit_resources_panda_description': CMAKE_PREFIX_PATH=${CMAKE_PREFIX_PATH}:/home/suwi/ros2_ws_prac/install/pub_sub /usr/bin/cmake --install /home/suwi/ros2_4dof_arm/build/moveit_resources_panda_description
[3.417s] -- Install configuration: ""
[3.417s] -- Execute custom install script
[3.417s] -- Symlinking: /home/suwi/ros2_4dof_arm/install/moveit_resources_panda_description/share/ament_index/resource_index/package_run_dependencies/moveit_resources_panda_description
[3.484s] -- Symlinking: /home/suwi/ros2_4dof_arm/install/moveit_resources_panda_description/share/ament_index/resource_index/parent_prefix_path/moveit_resources_panda_description
[3.565s] -- Symlinking: /home/suwi/ros2_4dof_arm/install/moveit_resources_panda_description/share/moveit_resources_panda_description/environment/ament_prefix_path.sh
[3.622s] -- Symlinking: /home/suwi/ros2_4dof_arm/install/moveit_resources_panda_description/share/moveit_resources_panda_description/environment/ament_prefix_path.dsv
[3.676s] -- Symlinking: /home/suwi/ros2_4dof_arm/install/moveit_resources_panda_description/share/moveit_resources_panda_description/environment/path.sh
[3.728s] -- Symlinking: /home/suwi/ros2_4dof_arm/install/moveit_resources_panda_description/share/moveit_resources_panda_description/environment/path.dsv
[3.778s] -- Symlinking: /home/suwi/ros2_4dof_arm/install/moveit_resources_panda_description/share/moveit_resources_panda_description/local_setup.bash
[3.835s] -- Symlinking: /home/suwi/ros2_4dof_arm/install/moveit_resources_panda_description/share/moveit_resources_panda_description/local_setup.sh
[3.892s] -- Symlinking: /home/suwi/ros2_4dof_arm/install/moveit_resources_panda_description/share/moveit_resources_panda_description/local_setup.zsh
[3.952s] -- Symlinking: /home/suwi/ros2_4dof_arm/install/moveit_resources_panda_description/share/moveit_resources_panda_description/local_setup.dsv
[4.008s] -- Symlinking: /home/suwi/ros2_4dof_arm/install/moveit_resources_panda_description/share/moveit_resources_panda_description/package.dsv
[4.062s] -- Symlinking: /home/suwi/ros2_4dof_arm/install/moveit_resources_panda_description/share/ament_index/resource_index/packages/moveit_resources_panda_description
[4.119s] -- Symlinking: /home/suwi/ros2_4dof_arm/install/moveit_resources_panda_description/share/moveit_resources_panda_description/cmake/moveit_resources_panda_descriptionConfig.cmake
[4.171s] -- Symlinking: /home/suwi/ros2_4dof_arm/install/moveit_resources_panda_description/share/moveit_resources_panda_description/cmake/moveit_resources_panda_descriptionConfig-version.cmake
[4.210s] -- Symlinking: /home/suwi/ros2_4dof_arm/install/moveit_resources_panda_description/share/moveit_resources_panda_description/package.xml
[4.258s] -- Symlinking: /home/suwi/ros2_4dof_arm/install/moveit_resources_panda_description/share/moveit_resources_panda_description/meshes/collision/finger.stl
[4.299s] -- Symlinking: /home/suwi/ros2_4dof_arm/install/moveit_resources_panda_description/share/moveit_resources_panda_description/meshes/collision/hand.stl
[4.340s] -- Symlinking: /home/suwi/ros2_4dof_arm/install/moveit_resources_panda_description/share/moveit_resources_panda_description/meshes/collision/link0.stl
[4.380s] -- Symlinking: /home/suwi/ros2_4dof_arm/install/moveit_resources_panda_description/share/moveit_resources_panda_description/meshes/collision/link1.stl
[4.420s] -- Symlinking: /home/suwi/ros2_4dof_arm/install/moveit_resources_panda_description/share/moveit_resources_panda_description/meshes/collision/link2.stl
[4.460s] -- Symlinking: /home/suwi/ros2_4dof_arm/install/moveit_resources_panda_description/share/moveit_resources_panda_description/meshes/collision/link3.stl
[4.502s] -- Symlinking: /home/suwi/ros2_4dof_arm/install/moveit_resources_panda_description/share/moveit_resources_panda_description/meshes/collision/link4.stl
[4.542s] -- Symlinking: /home/suwi/ros2_4dof_arm/install/moveit_resources_panda_description/share/moveit_resources_panda_description/meshes/collision/link5.stl
[4.584s] -- Symlinking: /home/suwi/ros2_4dof_arm/install/moveit_resources_panda_description/share/moveit_resources_panda_description/meshes/collision/link6.stl
[4.627s] -- Symlinking: /home/suwi/ros2_4dof_arm/install/moveit_resources_panda_description/share/moveit_resources_panda_description/meshes/collision/link7.stl
[4.667s] -- Symlinking: /home/suwi/ros2_4dof_arm/install/moveit_resources_panda_description/share/moveit_resources_panda_description/meshes/visual/finger.dae
[4.709s] -- Symlinking: /home/suwi/ros2_4dof_arm/install/moveit_resources_panda_description/share/moveit_resources_panda_description/meshes/visual/hand.dae
[4.752s] -- Symlinking: /home/suwi/ros2_4dof_arm/install/moveit_resources_panda_description/share/moveit_resources_panda_description/meshes/visual/link0.dae
[4.792s] -- Symlinking: /home/suwi/ros2_4dof_arm/install/moveit_resources_panda_description/share/moveit_resources_panda_description/meshes/visual/link1.dae
[4.833s] -- Symlinking: /home/suwi/ros2_4dof_arm/install/moveit_resources_panda_description/share/moveit_resources_panda_description/meshes/visual/link2.dae
[4.874s] -- Symlinking: /home/suwi/ros2_4dof_arm/install/moveit_resources_panda_description/share/moveit_resources_panda_description/meshes/visual/link3.dae
[4.915s] -- Symlinking: /home/suwi/ros2_4dof_arm/install/moveit_resources_panda_description/share/moveit_resources_panda_description/meshes/visual/link4.dae
[4.953s] -- Symlinking: /home/suwi/ros2_4dof_arm/install/moveit_resources_panda_description/share/moveit_resources_panda_description/meshes/visual/link5.dae
[4.994s] -- Symlinking: /home/suwi/ros2_4dof_arm/install/moveit_resources_panda_description/share/moveit_resources_panda_description/meshes/visual/link6.dae
[5.037s] -- Symlinking: /home/suwi/ros2_4dof_arm/install/moveit_resources_panda_description/share/moveit_resources_panda_description/meshes/visual/link7.dae
[5.080s] -- Symlinking: /home/suwi/ros2_4dof_arm/install/moveit_resources_panda_description/share/moveit_resources_panda_description/urdf/panda.urdf
