[0.053s] Invoking command in '/home/suwi/ros2_4dof_arm/build/four_dof_arm': CMAKE_PREFIX_PATH=${CMAKE_PREFIX_PATH}:/home/suwi/ros2_ws_prac/install/pub_sub /usr/bin/cmake --build /home/suwi/ros2_4dof_arm/build/four_dof_arm -- -j8 -l8
[0.252s] Invoked command in '/home/suwi/ros2_4dof_arm/build/four_dof_arm' returned '0': CMAKE_PREFIX_PATH=${CMAKE_PREFIX_PATH}:/home/suwi/ros2_ws_prac/install/pub_sub /usr/bin/cmake --build /home/suwi/ros2_4dof_arm/build/four_dof_arm -- -j8 -l8
[0.293s] Invoking command in '/home/suwi/ros2_4dof_arm/build/four_dof_arm': CMAKE_PREFIX_PATH=${CMAKE_PREFIX_PATH}:/home/suwi/ros2_ws_prac/install/pub_sub /usr/bin/cmake --install /home/suwi/ros2_4dof_arm/build/four_dof_arm
[0.327s] -- Install configuration: ""
[0.327s] -- Up-to-date: /home/suwi/ros2_4dof_arm/install/four_dof_arm/share/ament_index/resource_index/package_run_dependencies/four_dof_arm
[0.328s] -- Up-to-date: /home/suwi/ros2_4dof_arm/install/four_dof_arm/share/ament_index/resource_index/parent_prefix_path/four_dof_arm
[0.329s] -- Up-to-date: /home/suwi/ros2_4dof_arm/install/four_dof_arm/share/four_dof_arm/environment/ament_prefix_path.sh
[0.329s] -- Up-to-date: /home/suwi/ros2_4dof_arm/install/four_dof_arm/share/four_dof_arm/environment/ament_prefix_path.dsv
[0.329s] -- Up-to-date: /home/suwi/ros2_4dof_arm/install/four_dof_arm/share/four_dof_arm/environment/path.sh
[0.330s] -- Up-to-date: /home/suwi/ros2_4dof_arm/install/four_dof_arm/share/four_dof_arm/environment/path.dsv
[0.331s] -- Up-to-date: /home/suwi/ros2_4dof_arm/install/four_dof_arm/share/four_dof_arm/local_setup.bash
[0.331s] -- Up-to-date: /home/suwi/ros2_4dof_arm/install/four_dof_arm/share/four_dof_arm/local_setup.sh
[0.331s] -- Up-to-date: /home/suwi/ros2_4dof_arm/install/four_dof_arm/share/four_dof_arm/local_setup.zsh
[0.332s] -- Up-to-date: /home/suwi/ros2_4dof_arm/install/four_dof_arm/share/four_dof_arm/local_setup.dsv
[0.332s] -- Up-to-date: /home/suwi/ros2_4dof_arm/install/four_dof_arm/share/four_dof_arm/package.dsv
[0.332s] -- Up-to-date: /home/suwi/ros2_4dof_arm/install/four_dof_arm/share/ament_index/resource_index/packages/four_dof_arm
[0.333s] -- Up-to-date: /home/suwi/ros2_4dof_arm/install/four_dof_arm/share/four_dof_arm/cmake/four_dof_armConfig.cmake
[0.333s] -- Up-to-date: /home/suwi/ros2_4dof_arm/install/four_dof_arm/share/four_dof_arm/cmake/four_dof_armConfig-version.cmake
[0.334s] -- Up-to-date: /home/suwi/ros2_4dof_arm/install/four_dof_arm/share/four_dof_arm/package.xml
[0.338s] Invoked command in '/home/suwi/ros2_4dof_arm/build/four_dof_arm' returned '0': CMAKE_PREFIX_PATH=${CMAKE_PREFIX_PATH}:/home/suwi/ros2_ws_prac/install/pub_sub /usr/bin/cmake --install /home/suwi/ros2_4dof_arm/build/four_dof_arm
