[0.288s] Invoking command in '/home/suwi/ros2_4dof_arm/build/moveit_common': CMAKE_PREFIX_PATH=${CMAKE_PREFIX_PATH}:/home/suwi/ros2_4dof_arm/install/moveit_configs_utils:/home/suwi/ros2_ws_prac/install/pub_sub:/opt/ros/humble /usr/bin/cmake --build /home/suwi/ros2_4dof_arm/build/moveit_common -- -j8 -l8
[1.435s] Invoked command in '/home/suwi/ros2_4dof_arm/build/moveit_common' returned '0': CMAKE_PREFIX_PATH=${CMAKE_PREFIX_PATH}:/home/suwi/ros2_4dof_arm/install/moveit_configs_utils:/home/suwi/ros2_ws_prac/install/pub_sub:/opt/ros/humble /usr/bin/cmake --build /home/suwi/ros2_4dof_arm/build/moveit_common -- -j8 -l8
[1.530s] Invoking command in '/home/suwi/ros2_4dof_arm/build/moveit_common': CMAKE_PREFIX_PATH=${CMAKE_PREFIX_PATH}:/home/suwi/ros2_4dof_arm/install/moveit_configs_utils:/home/suwi/ros2_ws_prac/install/pub_sub:/opt/ros/humble /usr/bin/cmake --install /home/suwi/ros2_4dof_arm/build/moveit_common
[1.604s] -- Install configuration: ""
[1.604s] -- Execute custom install script
[1.605s] -- Up-to-date symlink: /home/suwi/ros2_4dof_arm/install/moveit_common/share/ament_index/resource_index/package_run_dependencies/moveit_common
[1.608s] -- Up-to-date symlink: /home/suwi/ros2_4dof_arm/install/moveit_common/share/ament_index/resource_index/parent_prefix_path/moveit_common
[1.611s] -- Up-to-date symlink: /home/suwi/ros2_4dof_arm/install/moveit_common/share/moveit_common/environment/ament_prefix_path.sh
[1.615s] -- Up-to-date symlink: /home/suwi/ros2_4dof_arm/install/moveit_common/share/moveit_common/environment/ament_prefix_path.dsv
[1.616s] -- Up-to-date symlink: /home/suwi/ros2_4dof_arm/install/moveit_common/share/moveit_common/environment/path.sh
[1.616s] -- Up-to-date symlink: /home/suwi/ros2_4dof_arm/install/moveit_common/share/moveit_common/environment/path.dsv
[1.619s] -- Up-to-date symlink: /home/suwi/ros2_4dof_arm/install/moveit_common/share/moveit_common/local_setup.bash
[1.624s] -- Up-to-date symlink: /home/suwi/ros2_4dof_arm/install/moveit_common/share/moveit_common/local_setup.sh
[1.625s] -- Up-to-date symlink: /home/suwi/ros2_4dof_arm/install/moveit_common/share/moveit_common/local_setup.zsh
[1.625s] -- Up-to-date symlink: /home/suwi/ros2_4dof_arm/install/moveit_common/share/moveit_common/local_setup.dsv
[1.625s] -- Symlinking: /home/suwi/ros2_4dof_arm/install/moveit_common/share/moveit_common/package.dsv
[1.730s] -- Up-to-date symlink: /home/suwi/ros2_4dof_arm/install/moveit_common/share/ament_index/resource_index/packages/moveit_common
[1.731s] -- Up-to-date symlink: /home/suwi/ros2_4dof_arm/install/moveit_common/share/moveit_common/cmake/moveit_common-extras.cmake
[1.732s] -- Up-to-date symlink: /home/suwi/ros2_4dof_arm/install/moveit_common/share/moveit_common/cmake/moveit_commonConfig.cmake
[1.733s] -- Up-to-date symlink: /home/suwi/ros2_4dof_arm/install/moveit_common/share/moveit_common/cmake/moveit_commonConfig-version.cmake
[1.737s] -- Up-to-date symlink: /home/suwi/ros2_4dof_arm/install/moveit_common/share/moveit_common/package.xml
[1.737s] -- Up-to-date symlink: /home/suwi/ros2_4dof_arm/install/moveit_common/share/moveit_common/cmake/moveit_package.cmake
[1.757s] Invoked command in '/home/suwi/ros2_4dof_arm/build/moveit_common' returned '0': CMAKE_PREFIX_PATH=${CMAKE_PREFIX_PATH}:/home/suwi/ros2_4dof_arm/install/moveit_configs_utils:/home/suwi/ros2_ws_prac/install/pub_sub:/opt/ros/humble /usr/bin/cmake --install /home/suwi/ros2_4dof_arm/build/moveit_common
