[0.044s] Invoking command in '/home/suwi/ros2_4dof_arm/build/moveit_resources_panda_moveit_config': CMAKE_PREFIX_PATH=${CMAKE_PREFIX_PATH}:/home/suwi/ros2_ws_prac/install/pub_sub /usr/bin/cmake /home/suwi/ros2_4dof_arm/src/moveit_resources/panda_moveit_config -DCMAKE_INSTALL_PREFIX=/home/suwi/ros2_4dof_arm/install/moveit_resources_panda_moveit_config
[0.278s] -- The C compiler identification is GNU 11.4.0
[0.513s] -- The CXX compiler identification is GNU 11.4.0
[0.542s] -- Detecting C compiler ABI info
[0.856s] -- Detecting C compiler ABI info - done
[0.866s] -- Check for working C compiler: /usr/bin/cc - skipped
[0.867s] -- Detecting C compile features
[0.868s] -- Detecting C compile features - done
[0.875s] -- Detecting CXX compiler ABI info
[1.228s] -- Detecting CXX compiler ABI info - done
[1.238s] -- Check for working CXX compiler: /usr/bin/c++ - skipped
[1.239s] -- Detecting CXX compile features
[1.239s] -- Detecting CXX compile features - done
[1.251s] -- Found ament_cmake: 1.3.11 (/opt/ros/humble/share/ament_cmake/cmake)
[1.687s] -- Found Python3: /usr/bin/python3 (found version "3.10.12") found components: Interpreter 
[2.137s] -- Configuring done
[2.152s] -- Generating done
[2.158s] -- Build files have been written to: /home/suwi/ros2_4dof_arm/build/moveit_resources_panda_moveit_config
[2.174s] Invoked command in '/home/suwi/ros2_4dof_arm/build/moveit_resources_panda_moveit_config' returned '0': CMAKE_PREFIX_PATH=${CMAKE_PREFIX_PATH}:/home/suwi/ros2_ws_prac/install/pub_sub /usr/bin/cmake /home/suwi/ros2_4dof_arm/src/moveit_resources/panda_moveit_config -DCMAKE_INSTALL_PREFIX=/home/suwi/ros2_4dof_arm/install/moveit_resources_panda_moveit_config
[2.181s] Invoking command in '/home/suwi/ros2_4dof_arm/build/moveit_resources_panda_moveit_config': CMAKE_PREFIX_PATH=${CMAKE_PREFIX_PATH}:/home/suwi/ros2_ws_prac/install/pub_sub /usr/bin/cmake --build /home/suwi/ros2_4dof_arm/build/moveit_resources_panda_moveit_config -- -j8 -l8
[2.355s] Invoked command in '/home/suwi/ros2_4dof_arm/build/moveit_resources_panda_moveit_config' returned '0': CMAKE_PREFIX_PATH=${CMAKE_PREFIX_PATH}:/home/suwi/ros2_ws_prac/install/pub_sub /usr/bin/cmake --build /home/suwi/ros2_4dof_arm/build/moveit_resources_panda_moveit_config -- -j8 -l8
[2.361s] Invoking command in '/home/suwi/ros2_4dof_arm/build/moveit_resources_panda_moveit_config': CMAKE_PREFIX_PATH=${CMAKE_PREFIX_PATH}:/home/suwi/ros2_ws_prac/install/pub_sub /usr/bin/cmake --install /home/suwi/ros2_4dof_arm/build/moveit_resources_panda_moveit_config
[2.395s] -- Install configuration: ""
[2.397s] -- Installing: /home/suwi/ros2_4dof_arm/install/moveit_resources_panda_moveit_config/share/ament_index/resource_index/package_run_dependencies/moveit_resources_panda_moveit_config
[2.398s] -- Installing: /home/suwi/ros2_4dof_arm/install/moveit_resources_panda_moveit_config/share/ament_index/resource_index/parent_prefix_path/moveit_resources_panda_moveit_config
[2.399s] -- Installing: /home/suwi/ros2_4dof_arm/install/moveit_resources_panda_moveit_config/share/moveit_resources_panda_moveit_config/environment/ament_prefix_path.sh
[2.400s] -- Installing: /home/suwi/ros2_4dof_arm/install/moveit_resources_panda_moveit_config/share/moveit_resources_panda_moveit_config/environment/ament_prefix_path.dsv
[2.401s] -- Installing: /home/suwi/ros2_4dof_arm/install/moveit_resources_panda_moveit_config/share/moveit_resources_panda_moveit_config/environment/path.sh
[2.402s] -- Installing: /home/suwi/ros2_4dof_arm/install/moveit_resources_panda_moveit_config/share/moveit_resources_panda_moveit_config/environment/path.dsv
[2.403s] -- Installing: /home/suwi/ros2_4dof_arm/install/moveit_resources_panda_moveit_config/share/moveit_resources_panda_moveit_config/local_setup.bash
[2.403s] -- Installing: /home/suwi/ros2_4dof_arm/install/moveit_resources_panda_moveit_config/share/moveit_resources_panda_moveit_config/local_setup.sh
[2.405s] -- Installing: /home/suwi/ros2_4dof_arm/install/moveit_resources_panda_moveit_config/share/moveit_resources_panda_moveit_config/local_setup.zsh
[2.406s] -- Installing: /home/suwi/ros2_4dof_arm/install/moveit_resources_panda_moveit_config/share/moveit_resources_panda_moveit_config/local_setup.dsv
[2.406s] -- Installing: /home/suwi/ros2_4dof_arm/install/moveit_resources_panda_moveit_config/share/moveit_resources_panda_moveit_config/package.dsv
[2.407s] -- Installing: /home/suwi/ros2_4dof_arm/install/moveit_resources_panda_moveit_config/share/ament_index/resource_index/packages/moveit_resources_panda_moveit_config
[2.408s] -- Installing: /home/suwi/ros2_4dof_arm/install/moveit_resources_panda_moveit_config/share/moveit_resources_panda_moveit_config/cmake/moveit_resources_panda_moveit_configConfig.cmake
[2.409s] -- Installing: /home/suwi/ros2_4dof_arm/install/moveit_resources_panda_moveit_config/share/moveit_resources_panda_moveit_config/cmake/moveit_resources_panda_moveit_configConfig-version.cmake
[2.410s] -- Installing: /home/suwi/ros2_4dof_arm/install/moveit_resources_panda_moveit_config/share/moveit_resources_panda_moveit_config/package.xml
[2.411s] -- Installing: /home/suwi/ros2_4dof_arm/install/moveit_resources_panda_moveit_config/share/moveit_resources_panda_moveit_config/launch
[2.412s] -- Installing: /home/suwi/ros2_4dof_arm/install/moveit_resources_panda_moveit_config/share/moveit_resources_panda_moveit_config/launch/moveit_rviz.launch.py
[2.412s] -- Installing: /home/suwi/ros2_4dof_arm/install/moveit_resources_panda_moveit_config/share/moveit_resources_panda_moveit_config/launch/moveit.rviz
[2.413s] -- Installing: /home/suwi/ros2_4dof_arm/install/moveit_resources_panda_moveit_config/share/moveit_resources_panda_moveit_config/launch/moveit_empty.rviz
[2.414s] -- Installing: /home/suwi/ros2_4dof_arm/install/moveit_resources_panda_moveit_config/share/moveit_resources_panda_moveit_config/launch/demo.launch.py
[2.414s] -- Installing: /home/suwi/ros2_4dof_arm/install/moveit_resources_panda_moveit_config/share/moveit_resources_panda_moveit_config/config
[2.415s] -- Installing: /home/suwi/ros2_4dof_arm/install/moveit_resources_panda_moveit_config/share/moveit_resources_panda_moveit_config/config/chomp_planning.yaml
[2.416s] -- Installing: /home/suwi/ros2_4dof_arm/install/moveit_resources_panda_moveit_config/share/moveit_resources_panda_moveit_config/config/panda.srdf
[2.416s] -- Installing: /home/suwi/ros2_4dof_arm/install/moveit_resources_panda_moveit_config/share/moveit_resources_panda_moveit_config/config/moveit_controllers.yaml
[2.417s] -- Installing: /home/suwi/ros2_4dof_arm/install/moveit_resources_panda_moveit_config/share/moveit_resources_panda_moveit_config/config/gripper_moveit_controllers.yaml
[2.419s] -- Installing: /home/suwi/ros2_4dof_arm/install/moveit_resources_panda_moveit_config/share/moveit_resources_panda_moveit_config/config/panda_hand.ros2_control.xacro
[2.419s] -- Installing: /home/suwi/ros2_4dof_arm/install/moveit_resources_panda_moveit_config/share/moveit_resources_panda_moveit_config/config/panda_arm.xacro
[2.420s] -- Installing: /home/suwi/ros2_4dof_arm/install/moveit_resources_panda_moveit_config/share/moveit_resources_panda_moveit_config/config/pilz_cartesian_limits.yaml
[2.421s] -- Installing: /home/suwi/ros2_4dof_arm/install/moveit_resources_panda_moveit_config/share/moveit_resources_panda_moveit_config/config/initial_positions.yaml
[2.421s] -- Installing: /home/suwi/ros2_4dof_arm/install/moveit_resources_panda_moveit_config/share/moveit_resources_panda_moveit_config/config/kinematics.yaml
[2.422s] -- Installing: /home/suwi/ros2_4dof_arm/install/moveit_resources_panda_moveit_config/share/moveit_resources_panda_moveit_config/config/sensors_kinect_depthmap.yaml
[2.423s] -- Installing: /home/suwi/ros2_4dof_arm/install/moveit_resources_panda_moveit_config/share/moveit_resources_panda_moveit_config/config/hand.xacro
[2.424s] -- Installing: /home/suwi/ros2_4dof_arm/install/moveit_resources_panda_moveit_config/share/moveit_resources_panda_moveit_config/config/panda_arm.srdf.xacro
[2.425s] -- Installing: /home/suwi/ros2_4dof_arm/install/moveit_resources_panda_moveit_config/share/moveit_resources_panda_moveit_config/config/panda.urdf.xacro
[2.426s] -- Installing: /home/suwi/ros2_4dof_arm/install/moveit_resources_panda_moveit_config/share/moveit_resources_panda_moveit_config/config/sensors_kinect_pointcloud.yaml
[2.427s] -- Installing: /home/suwi/ros2_4dof_arm/install/moveit_resources_panda_moveit_config/share/moveit_resources_panda_moveit_config/config/trajopt_planning.yaml
[2.427s] -- Installing: /home/suwi/ros2_4dof_arm/install/moveit_resources_panda_moveit_config/share/moveit_resources_panda_moveit_config/config/panda.ros2_control.xacro
[2.428s] -- Installing: /home/suwi/ros2_4dof_arm/install/moveit_resources_panda_moveit_config/share/moveit_resources_panda_moveit_config/config/lerp_planning.yaml
[2.428s] -- Installing: /home/suwi/ros2_4dof_arm/install/moveit_resources_panda_moveit_config/share/moveit_resources_panda_moveit_config/config/ros2_controllers.yaml
[2.429s] -- Installing: /home/suwi/ros2_4dof_arm/install/moveit_resources_panda_moveit_config/share/moveit_resources_panda_moveit_config/config/joint_limits.yaml
[2.430s] -- Installing: /home/suwi/ros2_4dof_arm/install/moveit_resources_panda_moveit_config/share/moveit_resources_panda_moveit_config/config/panda_arm_hand.srdf.xacro
[2.431s] -- Installing: /home/suwi/ros2_4dof_arm/install/moveit_resources_panda_moveit_config/share/moveit_resources_panda_moveit_config/config/ompl_planning.yaml
[2.432s] -- Installing: /home/suwi/ros2_4dof_arm/install/moveit_resources_panda_moveit_config/share/moveit_resources_panda_moveit_config/config/pilz_industrial_motion_planner_planning.yaml
[2.433s] -- Installing: /home/suwi/ros2_4dof_arm/install/moveit_resources_panda_moveit_config/share/moveit_resources_panda_moveit_config/.setup_assistant
[2.440s] Invoked command in '/home/suwi/ros2_4dof_arm/build/moveit_resources_panda_moveit_config' returned '0': CMAKE_PREFIX_PATH=${CMAKE_PREFIX_PATH}:/home/suwi/ros2_ws_prac/install/pub_sub /usr/bin/cmake --install /home/suwi/ros2_4dof_arm/build/moveit_resources_panda_moveit_config
