[2.783s] Invoking command in '/home/suwi/ros2_4dof_arm/src/moveit2/moveit_configs_utils': PYTHONPATH=/home/suwi/ros2_4dof_arm/build/moveit_configs_utils/prefix_override:/usr/lib/python3/dist-packages/colcon_core/task/python/colcon_distutils_commands:/home/suwi/ros2_4dof_arm/install/moveit_configs_utils/lib/python3.10/site-packages:${PYTHONPATH} /usr/bin/python3 -W ignore:setup.py install is deprecated -W ignore:easy_install command is deprecated setup.py egg_info --egg-base ../../../build/moveit_configs_utils build --build-base /home/suwi/ros2_4dof_arm/build/moveit_configs_utils/build install --record /home/suwi/ros2_4dof_arm/build/moveit_configs_utils/install.log --single-version-externally-managed install_data
[3.741s] running egg_info
[3.741s] writing ../../../build/moveit_configs_utils/moveit_configs_utils.egg-info/PKG-INFO
[3.742s] writing dependency_links to ../../../build/moveit_configs_utils/moveit_configs_utils.egg-info/dependency_links.txt
[3.743s] writing entry points to ../../../build/moveit_configs_utils/moveit_configs_utils.egg-info/entry_points.txt
[3.745s] writing requirements to ../../../build/moveit_configs_utils/moveit_configs_utils.egg-info/requires.txt
[3.745s] writing top-level names to ../../../build/moveit_configs_utils/moveit_configs_utils.egg-info/top_level.txt
[3.774s] reading manifest file '../../../build/moveit_configs_utils/moveit_configs_utils.egg-info/SOURCES.txt'
[3.778s] writing manifest file '../../../build/moveit_configs_utils/moveit_configs_utils.egg-info/SOURCES.txt'
[3.778s] running build
[3.778s] running build_py
[3.779s] running install
[3.779s] running install_lib
[3.792s] running install_data
[3.793s] running install_egg_info
[3.793s] removing '/home/suwi/ros2_4dof_arm/install/moveit_configs_utils/lib/python3.10/site-packages/moveit_configs_utils-2.5.8-py3.10.egg-info' (and everything under it)
[3.793s] Copying ../../../build/moveit_configs_utils/moveit_configs_utils.egg-info to /home/suwi/ros2_4dof_arm/install/moveit_configs_utils/lib/python3.10/site-packages/moveit_configs_utils-2.5.8-py3.10.egg-info
[3.794s] running install_scripts
[3.890s] writing list of installed files to '/home/suwi/ros2_4dof_arm/build/moveit_configs_utils/install.log'
[4.146s] Invoked command in '/home/suwi/ros2_4dof_arm/src/moveit2/moveit_configs_utils' returned '0': PYTHONPATH=/home/suwi/ros2_4dof_arm/build/moveit_configs_utils/prefix_override:/usr/lib/python3/dist-packages/colcon_core/task/python/colcon_distutils_commands:/home/suwi/ros2_4dof_arm/install/moveit_configs_utils/lib/python3.10/site-packages:${PYTHONPATH} /usr/bin/python3 -W ignore:setup.py install is deprecated -W ignore:easy_install command is deprecated setup.py egg_info --egg-base ../../../build/moveit_configs_utils build --build-base /home/suwi/ros2_4dof_arm/build/moveit_configs_utils/build install --record /home/suwi/ros2_4dof_arm/build/moveit_configs_utils/install.log --single-version-externally-managed install_data
