[1.915s] Invoking command in '/home/suwi/ros2_4dof_arm/src/moveit2/moveit_configs_utils': PYTHONPATH=/home/suwi/ros2_4dof_arm/build/moveit_configs_utils/prefix_override:/usr/lib/python3/dist-packages/colcon_core/task/python/colcon_distutils_commands:/home/suwi/ros2_4dof_arm/install/moveit_configs_utils/lib/python3.10/site-packages:${PYTHONPATH} /usr/bin/python3 -W ignore:setup.py install is deprecated -W ignore:easy_install command is deprecated setup.py egg_info --egg-base ../../../build/moveit_configs_utils build --build-base /home/suwi/ros2_4dof_arm/build/moveit_configs_utils/build install --record /home/suwi/ros2_4dof_arm/build/moveit_configs_utils/install.log --single-version-externally-managed install_data
[2.632s] running egg_info
[2.633s] writing ../../../build/moveit_configs_utils/moveit_configs_utils.egg-info/PKG-INFO
[2.633s] writing dependency_links to ../../../build/moveit_configs_utils/moveit_configs_utils.egg-info/dependency_links.txt
[2.634s] writing entry points to ../../../build/moveit_configs_utils/moveit_configs_utils.egg-info/entry_points.txt
[2.634s] writing requirements to ../../../build/moveit_configs_utils/moveit_configs_utils.egg-info/requires.txt
[2.634s] writing top-level names to ../../../build/moveit_configs_utils/moveit_configs_utils.egg-info/top_level.txt
[2.639s] reading manifest file '../../../build/moveit_configs_utils/moveit_configs_utils.egg-info/SOURCES.txt'
[2.641s] writing manifest file '../../../build/moveit_configs_utils/moveit_configs_utils.egg-info/SOURCES.txt'
[2.642s] running build
[2.642s] running build_py
[2.644s] running install
[2.645s] running install_lib
[2.648s] running install_data
[2.649s] running install_egg_info
[2.653s] removing '/home/suwi/ros2_4dof_arm/install/moveit_configs_utils/lib/python3.10/site-packages/moveit_configs_utils-2.5.8-py3.10.egg-info' (and everything under it)
[2.654s] Copying ../../../build/moveit_configs_utils/moveit_configs_utils.egg-info to /home/suwi/ros2_4dof_arm/install/moveit_configs_utils/lib/python3.10/site-packages/moveit_configs_utils-2.5.8-py3.10.egg-info
[2.659s] running install_scripts
[2.703s] writing list of installed files to '/home/suwi/ros2_4dof_arm/build/moveit_configs_utils/install.log'
[2.736s] Invoked command in '/home/suwi/ros2_4dof_arm/src/moveit2/moveit_configs_utils' returned '0': PYTHONPATH=/home/suwi/ros2_4dof_arm/build/moveit_configs_utils/prefix_override:/usr/lib/python3/dist-packages/colcon_core/task/python/colcon_distutils_commands:/home/suwi/ros2_4dof_arm/install/moveit_configs_utils/lib/python3.10/site-packages:${PYTHONPATH} /usr/bin/python3 -W ignore:setup.py install is deprecated -W ignore:easy_install command is deprecated setup.py egg_info --egg-base ../../../build/moveit_configs_utils build --build-base /home/suwi/ros2_4dof_arm/build/moveit_configs_utils/build install --record /home/suwi/ros2_4dof_arm/build/moveit_configs_utils/install.log --single-version-externally-managed install_data
