[0.037s] Invoking command in '/home/suwi/ros2_4dof_arm/build/four_dof_arm': CMAKE_PREFIX_PATH=${CMAKE_PREFIX_PATH}:/home/suwi/ros2_ws_prac/install/pub_sub /usr/bin/cmake /home/suwi/ros2_4dof_arm/src/four_dof_arm -DCMAKE_INSTALL_PREFIX=/home/suwi/ros2_4dof_arm/install/four_dof_arm
[0.416s] -- The C compiler identification is GNU 11.4.0
[0.692s] -- The CXX compiler identification is GNU 11.4.0
[0.723s] -- Detecting C compiler ABI info
[1.031s] -- Detecting C compiler ABI info - done
[1.041s] -- Check for working C compiler: /usr/bin/cc - skipped
[1.042s] -- Detecting C compile features
[1.043s] -- Detecting C compile features - done
[1.051s] -- Detecting CXX compiler ABI info
[1.387s] -- Detecting CXX compiler ABI info - done
[1.396s] -- Check for working CXX compiler: /usr/bin/c++ - skipped
[1.396s] -- Detecting CXX compile features
[1.398s] -- Detecting CXX compile features - done
[1.411s] -- Found ament_cmake: 1.3.11 (/opt/ros/humble/share/ament_cmake/cmake)
[1.834s] -- Found Python3: /usr/bin/python3 (found version "3.10.12") found components: Interpreter 
[2.088s] -- Found rclcpp: 16.0.12 (/opt/ros/humble/share/rclcpp/cmake)
[2.221s] -- Found rosidl_generator_c: 3.1.6 (/opt/ros/humble/share/rosidl_generator_c/cmake)
[2.237s] -- Found rosidl_adapter: 3.1.6 (/opt/ros/humble/share/rosidl_adapter/cmake)
[2.264s] -- Found rosidl_generator_cpp: 3.1.6 (/opt/ros/humble/share/rosidl_generator_cpp/cmake)
[2.307s] -- Using all available rosidl_typesupport_c: rosidl_typesupport_fastrtps_c;rosidl_typesupport_introspection_c
[2.358s] -- Using all available rosidl_typesupport_cpp: rosidl_typesupport_fastrtps_cpp;rosidl_typesupport_introspection_cpp
[2.484s] -- Found rmw_implementation_cmake: 6.1.2 (/opt/ros/humble/share/rmw_implementation_cmake/cmake)
[2.492s] -- Found rmw_fastrtps_cpp: 6.2.7 (/opt/ros/humble/share/rmw_fastrtps_cpp/cmake)
[2.815s] -- Found OpenSSL: /usr/lib/x86_64-linux-gnu/libcrypto.so (found version "3.0.2")  
[2.886s] -- Found FastRTPS: /opt/ros/humble/include  
[2.997s] -- Using RMW implementation 'rmw_fastrtps_cpp' as default
[3.027s] -- Looking for pthread.h
[3.352s] -- Looking for pthread.h - found
[3.356s] -- Performing Test CMAKE_HAVE_LIBC_PTHREAD
[3.684s] -- Performing Test CMAKE_HAVE_LIBC_PTHREAD - Success
[3.688s] -- Found Threads: TRUE  
[3.814s] -- Found ament_lint_auto: 0.12.12 (/opt/ros/humble/share/ament_lint_auto/cmake)
[4.024s] -- Added test 'lint_cmake' to check CMake code style
[4.031s] -- Added test 'xmllint' to check XML markup files
[4.037s] -- Configuring done
[4.067s] -- Generating done
[4.076s] -- Build files have been written to: /home/suwi/ros2_4dof_arm/build/four_dof_arm
[4.113s] Invoked command in '/home/suwi/ros2_4dof_arm/build/four_dof_arm' returned '0': CMAKE_PREFIX_PATH=${CMAKE_PREFIX_PATH}:/home/suwi/ros2_ws_prac/install/pub_sub /usr/bin/cmake /home/suwi/ros2_4dof_arm/src/four_dof_arm -DCMAKE_INSTALL_PREFIX=/home/suwi/ros2_4dof_arm/install/four_dof_arm
[4.120s] Invoking command in '/home/suwi/ros2_4dof_arm/build/four_dof_arm': CMAKE_PREFIX_PATH=${CMAKE_PREFIX_PATH}:/home/suwi/ros2_ws_prac/install/pub_sub /usr/bin/cmake --build /home/suwi/ros2_4dof_arm/build/four_dof_arm -- -j8 -l8
[4.302s] Invoked command in '/home/suwi/ros2_4dof_arm/build/four_dof_arm' returned '0': CMAKE_PREFIX_PATH=${CMAKE_PREFIX_PATH}:/home/suwi/ros2_ws_prac/install/pub_sub /usr/bin/cmake --build /home/suwi/ros2_4dof_arm/build/four_dof_arm -- -j8 -l8
[4.345s] Invoking command in '/home/suwi/ros2_4dof_arm/build/four_dof_arm': CMAKE_PREFIX_PATH=${CMAKE_PREFIX_PATH}:/home/suwi/ros2_ws_prac/install/pub_sub /usr/bin/cmake --install /home/suwi/ros2_4dof_arm/build/four_dof_arm
[4.376s] -- Install configuration: ""
[4.377s] -- Installing: /home/suwi/ros2_4dof_arm/install/four_dof_arm/share/ament_index/resource_index/package_run_dependencies/four_dof_arm
[4.378s] -- Installing: /home/suwi/ros2_4dof_arm/install/four_dof_arm/share/ament_index/resource_index/parent_prefix_path/four_dof_arm
[4.380s] -- Installing: /home/suwi/ros2_4dof_arm/install/four_dof_arm/share/four_dof_arm/environment/ament_prefix_path.sh
[4.381s] -- Installing: /home/suwi/ros2_4dof_arm/install/four_dof_arm/share/four_dof_arm/environment/ament_prefix_path.dsv
[4.382s] -- Installing: /home/suwi/ros2_4dof_arm/install/four_dof_arm/share/four_dof_arm/environment/path.sh
[4.382s] -- Installing: /home/suwi/ros2_4dof_arm/install/four_dof_arm/share/four_dof_arm/environment/path.dsv
[4.384s] -- Installing: /home/suwi/ros2_4dof_arm/install/four_dof_arm/share/four_dof_arm/local_setup.bash
[4.385s] -- Installing: /home/suwi/ros2_4dof_arm/install/four_dof_arm/share/four_dof_arm/local_setup.sh
[4.385s] -- Installing: /home/suwi/ros2_4dof_arm/install/four_dof_arm/share/four_dof_arm/local_setup.zsh
[4.386s] -- Installing: /home/suwi/ros2_4dof_arm/install/four_dof_arm/share/four_dof_arm/local_setup.dsv
[4.387s] -- Installing: /home/suwi/ros2_4dof_arm/install/four_dof_arm/share/four_dof_arm/package.dsv
[4.388s] -- Installing: /home/suwi/ros2_4dof_arm/install/four_dof_arm/share/ament_index/resource_index/packages/four_dof_arm
[4.389s] -- Installing: /home/suwi/ros2_4dof_arm/install/four_dof_arm/share/four_dof_arm/cmake/four_dof_armConfig.cmake
[4.390s] -- Installing: /home/suwi/ros2_4dof_arm/install/four_dof_arm/share/four_dof_arm/cmake/four_dof_armConfig-version.cmake
[4.391s] -- Installing: /home/suwi/ros2_4dof_arm/install/four_dof_arm/share/four_dof_arm/package.xml
[4.398s] Invoked command in '/home/suwi/ros2_4dof_arm/build/four_dof_arm' returned '0': CMAKE_PREFIX_PATH=${CMAKE_PREFIX_PATH}:/home/suwi/ros2_ws_prac/install/pub_sub /usr/bin/cmake --install /home/suwi/ros2_4dof_arm/build/four_dof_arm
