[0.234s] Invoking command in '/home/suwi/ros2_4dof_arm/build/moveit_ros_visualization': AMENT_PREFIX_PATH=/home/suwi/ros2_4dof_arm/install/moveit_ros_planning_interface:/home/suwi/ros2_4dof_arm/install/moveit_ros_move_group:/home/suwi/ros2_4dof_arm/install/moveit_ros_warehouse:/home/suwi/ros2_4dof_arm/install/moveit_ros_robot_interaction:/home/suwi/ros2_4dof_arm/install/moveit_planners_ompl:/home/suwi/ros2_4dof_arm/install/moveit_kinematics:/home/suwi/ros2_4dof_arm/install/moveit_ros_planning:/home/suwi/ros2_4dof_arm/install/moveit_simple_controller_manager:/home/suwi/ros2_4dof_arm/install/moveit_ros_occupancy_map_monitor:/home/suwi/ros2_4dof_arm/install/moveit_core:/home/suwi/ros2_4dof_arm/install/moveit_resources_panda_moveit_config:/home/suwi/ros2_4dof_arm/install/moveit_resources_fanuc_moveit_config:/home/suwi/ros2_4dof_arm/install/moveit_resources_pr2_description:/home/suwi/ros2_4dof_arm/install/moveit_resources_fanuc_description:/home/suwi/ros2_4dof_arm/install/moveit_msgs:/home/suwi/ros2_4dof_arm/install/moveit_configs_utils:${AMENT_PREFIX_PATH} CMAKE_PREFIX_PATH=/home/suwi/ros2_4dof_arm/install/moveit_ros_planning_interface:/home/suwi/ros2_4dof_arm/install/moveit_ros_move_group:/home/suwi/ros2_4dof_arm/install/moveit_ros_warehouse:/home/suwi/ros2_4dof_arm/install/moveit_ros_robot_interaction:/home/suwi/ros2_4dof_arm/install/moveit_planners_ompl:/home/suwi/ros2_4dof_arm/install/moveit_kinematics:/home/suwi/ros2_4dof_arm/install/moveit_ros_planning:/home/suwi/ros2_4dof_arm/install/moveit_simple_controller_manager:/home/suwi/ros2_4dof_arm/install/moveit_ros_occupancy_map_monitor:/home/suwi/ros2_4dof_arm/install/moveit_core:/home/suwi/ros2_4dof_arm/install/moveit_resources_panda_moveit_config:/home/suwi/ros2_4dof_arm/install/moveit_resources_fanuc_moveit_config:/home/suwi/ros2_4dof_arm/install/moveit_resources_pr2_description:/home/suwi/ros2_4dof_arm/install/moveit_resources_panda_description:/home/suwi/ros2_4dof_arm/install/moveit_resources_fanuc_description:/home/suwi/ros2_4dof_arm/install/moveit_msgs:/home/suwi/ros2_4dof_arm/install/moveit_common:/home/suwi/ros2_4dof_arm/src/four_dof_arm/install/four_dof_arm:/home/suwi/ros2_4dof_arm/install/four_dof_arm:/opt/ros/humble:/opt/ros/humble:/home/suwi/ros2_ws_prac/install/my_robot_control:/path/to/object_recognition_msgs/install:/home/suwi/ros2_ws_prac/install/pub_sub LD_LIBRARY_PATH=/home/suwi/ros2_4dof_arm/install/moveit_ros_planning_interface/lib:/home/suwi/ros2_4dof_arm/install/moveit_ros_move_group/lib:/home/suwi/ros2_4dof_arm/install/moveit_ros_warehouse/lib:/home/suwi/ros2_4dof_arm/install/moveit_ros_robot_interaction/lib:/home/suwi/ros2_4dof_arm/install/moveit_planners_ompl/lib:/home/suwi/ros2_4dof_arm/install/moveit_kinematics/lib:/home/suwi/ros2_4dof_arm/install/moveit_ros_planning/lib:/home/suwi/ros2_4dof_arm/install/moveit_simple_controller_manager/lib:/home/suwi/ros2_4dof_arm/install/moveit_ros_occupancy_map_monitor/lib:/home/suwi/ros2_4dof_arm/install/moveit_core/lib:/home/suwi/ros2_4dof_arm/install/moveit_msgs/lib:${LD_LIBRARY_PATH} PATH=/home/suwi/ros2_4dof_arm/install/moveit_core/bin:${PATH} PYTHONPATH=/home/suwi/ros2_4dof_arm/install/moveit_msgs/local/lib/python3.10/dist-packages:/home/suwi/ros2_4dof_arm/install/moveit_configs_utils/lib/python3.10/site-packages:${PYTHONPATH} /usr/bin/cmake /home/suwi/ros2_4dof_arm/src/moveit2/moveit_ros/visualization -DCMAKE_INSTALL_PREFIX=/home/suwi/ros2_4dof_arm/install/moveit_ros_visualization
[0.512s] -- The C compiler identification is GNU 11.4.0
[0.758s] -- The CXX compiler identification is GNU 11.4.0
[0.787s] -- Detecting C compiler ABI info
[1.173s] -- Detecting C compiler ABI info - done
[1.182s] -- Check for working C compiler: /usr/bin/cc - skipped
[1.183s] -- Detecting C compile features
[1.184s] -- Detecting C compile features - done
[1.192s] -- Detecting CXX compiler ABI info
[1.604s] -- Detecting CXX compiler ABI info - done
[1.613s] -- Check for working CXX compiler: /usr/bin/c++ - skipped
[1.614s] -- Detecting CXX compile features
[1.615s] -- Detecting CXX compile features - done
[1.640s] -- Found moveit_common: 2.5.8 (/home/suwi/ros2_4dof_arm/install/moveit_common/share/moveit_common/cmake)
[1.671s] -- Found ament_cmake: 1.3.11 (/opt/ros/humble/share/ament_cmake/cmake)
[2.172s] -- Found Python3: /usr/bin/python3 (found version "3.10.12") found components: Interpreter 
[2.863s] [0mmoveit_ros_visualization: You did not request a specific build type: Choosing 'Release' for maximum performance[0m
[2.888s] -- Found class_loader: 2.2.0 (/opt/ros/humble/share/class_loader/cmake)
[3.034s] -- Found geometric_shapes: 2.3.2 (/opt/ros/humble/share/geometric_shapes/cmake)
[3.126s] -- Found Boost: /usr/lib/x86_64-linux-gnu/cmake/Boost-1.74.0/BoostConfig.cmake (found version "1.74.0") found components: filesystem 
[3.530s] -- Found rosidl_generator_c: 3.1.6 (/opt/ros/humble/share/rosidl_generator_c/cmake)
[3.591s] -- Found rosidl_adapter: 3.1.6 (/opt/ros/humble/share/rosidl_adapter/cmake)
[3.656s] -- Found rosidl_generator_cpp: 3.1.6 (/opt/ros/humble/share/rosidl_generator_cpp/cmake)
[3.733s] -- Using all available rosidl_typesupport_c: rosidl_typesupport_fastrtps_c;rosidl_typesupport_introspection_c
[3.812s] -- Using all available rosidl_typesupport_cpp: rosidl_typesupport_fastrtps_cpp;rosidl_typesupport_introspection_cpp
[4.314s] -- Found rmw_implementation_cmake: 6.1.2 (/opt/ros/humble/share/rmw_implementation_cmake/cmake)
[4.342s] -- Found rmw_fastrtps_cpp: 6.2.7 (/opt/ros/humble/share/rmw_fastrtps_cpp/cmake)
[4.884s] -- Found OpenSSL: /usr/lib/x86_64-linux-gnu/libcrypto.so (found version "3.0.2")  
[4.985s] -- Found FastRTPS: /opt/ros/humble/include  
[5.149s] -- Using RMW implementation 'rmw_fastrtps_cpp' as default
[5.244s] -- Looking for pthread.h
[5.694s] -- Looking for pthread.h - found
[5.695s] -- Performing Test CMAKE_HAVE_LIBC_PTHREAD
[6.150s] -- Performing Test CMAKE_HAVE_LIBC_PTHREAD - Success
[6.157s] -- Found Threads: TRUE  
[6.792s] -- library: /usr/lib/x86_64-linux-gnu/libcurl.so
[6.991s] -- Found interactive_markers: 2.3.2 (/opt/ros/humble/share/interactive_markers/cmake)
[7.041s] -- Found moveit_ros_planning: 2.5.8 (/home/suwi/ros2_4dof_arm/install/moveit_ros_planning/share/moveit_ros_planning/cmake)
[7.224s] -- Found Boost: /usr/lib/x86_64-linux-gnu/cmake/Boost-1.74.0/BoostConfig.cmake (found version "1.74.0") found components: system filesystem date_time program_options thread chrono 
[7.970s] -- Found Boost: /usr/lib/x86_64-linux-gnu/cmake/Boost-1.74.0/BoostConfig.cmake (found version "1.74.0") found components: chrono date_time filesystem iostreams program_options regex serialization system thread 
[8.176s] -- Found parameter_traits: 0.4.0 (/opt/ros/humble/share/parameter_traits/cmake)
[8.265s] -- Found Eigen3: TRUE (found version "3.4.0") 
[8.292s] -- Found rclcpp_lifecycle: 16.0.12 (/opt/ros/humble/share/rclcpp_lifecycle/cmake)
[8.475s] -- Ensuring Eigen3 include directory is part of orocos-kdl CMake target
[8.856s] -- Found moveit_ros_planning_interface: 2.5.8 (/home/suwi/ros2_4dof_arm/install/moveit_ros_planning_interface/share/moveit_ros_planning_interface/cmake)
[8.865s] -- Found Boost: /usr/lib/x86_64-linux-gnu/cmake/Boost-1.74.0/BoostConfig.cmake (found version "1.74.0") found components: date_time filesystem program_options system thread 
[8.890s] -- Found Boost: /usr/lib/x86_64-linux-gnu/cmake/Boost-1.74.0/BoostConfig.cmake (found version "1.74.0") found components: thread system filesystem regex date_time program_options 
[8.945s] -- Found Boost: /usr/lib/x86_64-linux-gnu/cmake/Boost-1.74.0/BoostConfig.cmake (found version "1.74.0") found components: system filesystem date_time program_options thread 
[9.017s] -- Found moveit_ros_robot_interaction: 2.5.8 (/home/suwi/ros2_4dof_arm/install/moveit_ros_robot_interaction/share/moveit_ros_robot_interaction/cmake)
[9.056s] -- Found rclpy: 3.3.16 (/opt/ros/humble/share/rclpy/cmake)
[9.079s] -- Found rviz2: 11.2.16 (/opt/ros/humble/share/rviz2/cmake)
[9.112s] -- Found rviz_common: 11.2.16 (/opt/ros/humble/share/rviz_common/cmake)
[9.317s] -- Setting assimp_DIR to: '/opt/ros/humble/share/rviz_assimp_vendor/cmake/../../../opt/rviz_assimp_vendor/lib/cmake/assimp-4.1'
[9.423s] -- Setting OGRE_DIR to: '/opt/ros/humble/share/rviz_ogre_vendor/cmake/../../../opt/rviz_ogre_vendor/lib/OGRE/cmake'
[9.431s] -- Found OGRE
[9.431s] --   static     : OFF
[9.431s] --   components : HLMS;MeshLodGenerator;Overlay;Paging;Property;RTShaderSystem;Terrain;Volume
[9.432s] --   plugins    : Plugin_BSPSceneManager;Plugin_OctreeSceneManager;Plugin_PCZSceneManager;Plugin_ParticleFX;RenderSystem_GL;RenderSystem_GL3Plus;Codec_STBI
[9.432s] --   media      : /opt/ros/humble/opt/rviz_ogre_vendor/share/OGRE/Media
[9.432s] -- OGRE_LIBRARIES: OgreHLMS;OgreMeshLodGenerator;OgreOverlay;OgrePaging;OgreProperty;OgreRTShaderSystem;OgreTerrain;OgreVolume;OgreMain
[9.432s] -- OGRE_LIBRARY_DIRS: /opt/ros/humble/opt/rviz_ogre_vendor/lib
[9.433s] -- OGRE_PLUGINS: Plugin_BSPSceneManager;Plugin_OctreeSceneManager;Plugin_PCZSceneManager;Plugin_ParticleFX;RenderSystem_GL;RenderSystem_GL3Plus;Codec_STBI
[9.433s] -- OGRE_PLUGIN_DIR: /opt/ros/humble/opt/rviz_ogre_vendor/lib/OGRE
[9.433s] -- rviz_ogre_vendor::OgreOverlay for IMPORTED_LOCATION_RELEASE: /opt/ros/humble/opt/rviz_ogre_vendor/lib/libOgreOverlay.so
[9.433s] -- rviz_ogre_vendor::OgreOverlay for IMPORTED_LOCATION_DEBUG: /opt/ros/humble/opt/rviz_ogre_vendor/lib/libOgreOverlay.so
[9.433s] -- rviz_ogre_vendor::OgreMain for IMPORTED_LOCATION_RELEASE: /opt/ros/humble/opt/rviz_ogre_vendor/lib/libOgreMain.so
[9.434s] -- rviz_ogre_vendor::OgreMain for IMPORTED_LOCATION_DEBUG: /opt/ros/humble/opt/rviz_ogre_vendor/lib/libOgreMain.so
[9.535s] -- Found ZLIB: /usr/lib/x86_64-linux-gnu/libz.so (found version "1.2.11") 
[9.563s] -- Found OpenGL: /usr/lib/x86_64-linux-gnu/libOpenGL.so   
[10.130s] -- Found X11: /usr/include   
[10.132s] -- Looking for XOpenDisplay in /usr/lib/x86_64-linux-gnu/libX11.so;/usr/lib/x86_64-linux-gnu/libXext.so
[10.590s] -- Looking for XOpenDisplay in /usr/lib/x86_64-linux-gnu/libX11.so;/usr/lib/x86_64-linux-gnu/libXext.so - found
[10.591s] -- Looking for gethostbyname
[11.031s] -- Looking for gethostbyname - found
[11.032s] -- Looking for connect
[11.462s] -- Looking for connect - found
[11.463s] -- Looking for remove
[11.895s] -- Looking for remove - found
[11.895s] -- Looking for shmat
[12.342s] -- Looking for shmat - found
[12.343s] -- Looking for IceConnectionNumber in ICE
[12.791s] -- Looking for IceConnectionNumber in ICE - found
[12.922s] -- Found rviz_default_plugins: 11.2.16 (/opt/ros/humble/share/rviz_default_plugins/cmake)
[13.197s] -- Found Boost: /usr/lib/x86_64-linux-gnu/cmake/Boost-1.74.0/BoostConfig.cmake (found version "1.74.0") found components: thread date_time system filesystem 
[13.276s] -- Performing Test COMPILER_HAS_HIDDEN_VISIBILITY
[13.770s] -- Performing Test COMPILER_HAS_HIDDEN_VISIBILITY - Success
[13.773s] -- Performing Test COMPILER_HAS_HIDDEN_INLINE_VISIBILITY
[14.259s] -- Performing Test COMPILER_HAS_HIDDEN_INLINE_VISIBILITY - Success
[14.260s] -- Performing Test COMPILER_HAS_DEPRECATED_ATTR
[14.759s] -- Performing Test COMPILER_HAS_DEPRECATED_ATTR - Success
[14.867s] -- Found ament_lint_auto: 0.12.12 (/opt/ros/humble/share/ament_lint_auto/cmake)
[15.086s] -- Added test 'cppcheck' to perform static code analysis on C / C++ code
[15.087s] -- Configured cppcheck include dirs: /home/suwi/ros2_4dof_arm/src/moveit2/moveit_ros/visualization/rviz_plugin_render_tools/include;/home/suwi/ros2_4dof_arm/src/moveit2/moveit_ros/visualization/robot_state_rviz_plugin/include;/home/suwi/ros2_4dof_arm/src/moveit2/moveit_ros/visualization/planning_scene_rviz_plugin/include;/home/suwi/ros2_4dof_arm/src/moveit2/moveit_ros/visualization/motion_planning_rviz_plugin/include;/home/suwi/ros2_4dof_arm/src/moveit2/moveit_ros/visualization/trajectory_rviz_plugin/include
[15.088s] -- Configured cppcheck exclude dirs and/or files: 
[15.104s] -- Added test 'lint_cmake' to check CMake code style
[15.115s] -- Added test 'pep257' to check Python code against some of the docstring style conventions in PEP 257
[15.125s] -- Added test 'xmllint' to check XML markup files
[15.137s] -- Configuring done
[17.825s] -- Generating done
[17.903s] -- Build files have been written to: /home/suwi/ros2_4dof_arm/build/moveit_ros_visualization
[17.991s] Invoked command in '/home/suwi/ros2_4dof_arm/build/moveit_ros_visualization' returned '0': AMENT_PREFIX_PATH=/home/suwi/ros2_4dof_arm/install/moveit_ros_planning_interface:/home/suwi/ros2_4dof_arm/install/moveit_ros_move_group:/home/suwi/ros2_4dof_arm/install/moveit_ros_warehouse:/home/suwi/ros2_4dof_arm/install/moveit_ros_robot_interaction:/home/suwi/ros2_4dof_arm/install/moveit_planners_ompl:/home/suwi/ros2_4dof_arm/install/moveit_kinematics:/home/suwi/ros2_4dof_arm/install/moveit_ros_planning:/home/suwi/ros2_4dof_arm/install/moveit_simple_controller_manager:/home/suwi/ros2_4dof_arm/install/moveit_ros_occupancy_map_monitor:/home/suwi/ros2_4dof_arm/install/moveit_core:/home/suwi/ros2_4dof_arm/install/moveit_resources_panda_moveit_config:/home/suwi/ros2_4dof_arm/install/moveit_resources_fanuc_moveit_config:/home/suwi/ros2_4dof_arm/install/moveit_resources_pr2_description:/home/suwi/ros2_4dof_arm/install/moveit_resources_fanuc_description:/home/suwi/ros2_4dof_arm/install/moveit_msgs:/home/suwi/ros2_4dof_arm/install/moveit_configs_utils:${AMENT_PREFIX_PATH} CMAKE_PREFIX_PATH=/home/suwi/ros2_4dof_arm/install/moveit_ros_planning_interface:/home/suwi/ros2_4dof_arm/install/moveit_ros_move_group:/home/suwi/ros2_4dof_arm/install/moveit_ros_warehouse:/home/suwi/ros2_4dof_arm/install/moveit_ros_robot_interaction:/home/suwi/ros2_4dof_arm/install/moveit_planners_ompl:/home/suwi/ros2_4dof_arm/install/moveit_kinematics:/home/suwi/ros2_4dof_arm/install/moveit_ros_planning:/home/suwi/ros2_4dof_arm/install/moveit_simple_controller_manager:/home/suwi/ros2_4dof_arm/install/moveit_ros_occupancy_map_monitor:/home/suwi/ros2_4dof_arm/install/moveit_core:/home/suwi/ros2_4dof_arm/install/moveit_resources_panda_moveit_config:/home/suwi/ros2_4dof_arm/install/moveit_resources_fanuc_moveit_config:/home/suwi/ros2_4dof_arm/install/moveit_resources_pr2_description:/home/suwi/ros2_4dof_arm/install/moveit_resources_panda_description:/home/suwi/ros2_4dof_arm/install/moveit_resources_fanuc_description:/home/suwi/ros2_4dof_arm/install/moveit_msgs:/home/suwi/ros2_4dof_arm/install/moveit_common:/home/suwi/ros2_4dof_arm/src/four_dof_arm/install/four_dof_arm:/home/suwi/ros2_4dof_arm/install/four_dof_arm:/opt/ros/humble:/opt/ros/humble:/home/suwi/ros2_ws_prac/install/my_robot_control:/path/to/object_recognition_msgs/install:/home/suwi/ros2_ws_prac/install/pub_sub LD_LIBRARY_PATH=/home/suwi/ros2_4dof_arm/install/moveit_ros_planning_interface/lib:/home/suwi/ros2_4dof_arm/install/moveit_ros_move_group/lib:/home/suwi/ros2_4dof_arm/install/moveit_ros_warehouse/lib:/home/suwi/ros2_4dof_arm/install/moveit_ros_robot_interaction/lib:/home/suwi/ros2_4dof_arm/install/moveit_planners_ompl/lib:/home/suwi/ros2_4dof_arm/install/moveit_kinematics/lib:/home/suwi/ros2_4dof_arm/install/moveit_ros_planning/lib:/home/suwi/ros2_4dof_arm/install/moveit_simple_controller_manager/lib:/home/suwi/ros2_4dof_arm/install/moveit_ros_occupancy_map_monitor/lib:/home/suwi/ros2_4dof_arm/install/moveit_core/lib:/home/suwi/ros2_4dof_arm/install/moveit_msgs/lib:${LD_LIBRARY_PATH} PATH=/home/suwi/ros2_4dof_arm/install/moveit_core/bin:${PATH} PYTHONPATH=/home/suwi/ros2_4dof_arm/install/moveit_msgs/local/lib/python3.10/dist-packages:/home/suwi/ros2_4dof_arm/install/moveit_configs_utils/lib/python3.10/site-packages:${PYTHONPATH} /usr/bin/cmake /home/suwi/ros2_4dof_arm/src/moveit2/moveit_ros/visualization -DCMAKE_INSTALL_PREFIX=/home/suwi/ros2_4dof_arm/install/moveit_ros_visualization
[18.003s] Invoking command in '/home/suwi/ros2_4dof_arm/build/moveit_ros_visualization': AMENT_PREFIX_PATH=/home/suwi/ros2_4dof_arm/install/moveit_ros_planning_interface:/home/suwi/ros2_4dof_arm/install/moveit_ros_move_group:/home/suwi/ros2_4dof_arm/install/moveit_ros_warehouse:/home/suwi/ros2_4dof_arm/install/moveit_ros_robot_interaction:/home/suwi/ros2_4dof_arm/install/moveit_planners_ompl:/home/suwi/ros2_4dof_arm/install/moveit_kinematics:/home/suwi/ros2_4dof_arm/install/moveit_ros_planning:/home/suwi/ros2_4dof_arm/install/moveit_simple_controller_manager:/home/suwi/ros2_4dof_arm/install/moveit_ros_occupancy_map_monitor:/home/suwi/ros2_4dof_arm/install/moveit_core:/home/suwi/ros2_4dof_arm/install/moveit_resources_panda_moveit_config:/home/suwi/ros2_4dof_arm/install/moveit_resources_fanuc_moveit_config:/home/suwi/ros2_4dof_arm/install/moveit_resources_pr2_description:/home/suwi/ros2_4dof_arm/install/moveit_resources_fanuc_description:/home/suwi/ros2_4dof_arm/install/moveit_msgs:/home/suwi/ros2_4dof_arm/install/moveit_configs_utils:${AMENT_PREFIX_PATH} CMAKE_PREFIX_PATH=/home/suwi/ros2_4dof_arm/install/moveit_ros_planning_interface:/home/suwi/ros2_4dof_arm/install/moveit_ros_move_group:/home/suwi/ros2_4dof_arm/install/moveit_ros_warehouse:/home/suwi/ros2_4dof_arm/install/moveit_ros_robot_interaction:/home/suwi/ros2_4dof_arm/install/moveit_planners_ompl:/home/suwi/ros2_4dof_arm/install/moveit_kinematics:/home/suwi/ros2_4dof_arm/install/moveit_ros_planning:/home/suwi/ros2_4dof_arm/install/moveit_simple_controller_manager:/home/suwi/ros2_4dof_arm/install/moveit_ros_occupancy_map_monitor:/home/suwi/ros2_4dof_arm/install/moveit_core:/home/suwi/ros2_4dof_arm/install/moveit_resources_panda_moveit_config:/home/suwi/ros2_4dof_arm/install/moveit_resources_fanuc_moveit_config:/home/suwi/ros2_4dof_arm/install/moveit_resources_pr2_description:/home/suwi/ros2_4dof_arm/install/moveit_resources_panda_description:/home/suwi/ros2_4dof_arm/install/moveit_resources_fanuc_description:/home/suwi/ros2_4dof_arm/install/moveit_msgs:/home/suwi/ros2_4dof_arm/install/moveit_common:/home/suwi/ros2_4dof_arm/src/four_dof_arm/install/four_dof_arm:/home/suwi/ros2_4dof_arm/install/four_dof_arm:/opt/ros/humble:/opt/ros/humble:/home/suwi/ros2_ws_prac/install/my_robot_control:/path/to/object_recognition_msgs/install:/home/suwi/ros2_ws_prac/install/pub_sub LD_LIBRARY_PATH=/home/suwi/ros2_4dof_arm/install/moveit_ros_planning_interface/lib:/home/suwi/ros2_4dof_arm/install/moveit_ros_move_group/lib:/home/suwi/ros2_4dof_arm/install/moveit_ros_warehouse/lib:/home/suwi/ros2_4dof_arm/install/moveit_ros_robot_interaction/lib:/home/suwi/ros2_4dof_arm/install/moveit_planners_ompl/lib:/home/suwi/ros2_4dof_arm/install/moveit_kinematics/lib:/home/suwi/ros2_4dof_arm/install/moveit_ros_planning/lib:/home/suwi/ros2_4dof_arm/install/moveit_simple_controller_manager/lib:/home/suwi/ros2_4dof_arm/install/moveit_ros_occupancy_map_monitor/lib:/home/suwi/ros2_4dof_arm/install/moveit_core/lib:/home/suwi/ros2_4dof_arm/install/moveit_msgs/lib:${LD_LIBRARY_PATH} PATH=/home/suwi/ros2_4dof_arm/install/moveit_core/bin:${PATH} PYTHONPATH=/home/suwi/ros2_4dof_arm/install/moveit_msgs/local/lib/python3.10/dist-packages:/home/suwi/ros2_4dof_arm/install/moveit_configs_utils/lib/python3.10/site-packages:${PYTHONPATH} /usr/bin/cmake --build /home/suwi/ros2_4dof_arm/build/moveit_ros_visualization -- -j8 -l8
[18.336s] [  1%] [34m[1mAutomatic MOC for target moveit_rviz_plugin_render_tools[0m
[20.172s] [  1%] Built target moveit_rviz_plugin_render_tools_autogen
[20.319s] [  3%] [32mBuilding CXX object rviz_plugin_render_tools/CMakeFiles/moveit_rviz_plugin_render_tools.dir/moveit_rviz_plugin_render_tools_autogen/mocs_compilation.cpp.o[0m
[20.319s] [  5%] [32mBuilding CXX object rviz_plugin_render_tools/CMakeFiles/moveit_rviz_plugin_render_tools.dir/src/robot_state_visualization.cpp.o[0m
[20.323s] [  8%] [32mBuilding CXX object rviz_plugin_render_tools/CMakeFiles/moveit_rviz_plugin_render_tools.dir/src/planning_scene_render.cpp.o[0m
[20.323s] [  8%] [32mBuilding CXX object rviz_plugin_render_tools/CMakeFiles/moveit_rviz_plugin_render_tools.dir/src/render_shapes.cpp.o[0m
[20.323s] [ 10%] [32mBuilding CXX object rviz_plugin_render_tools/CMakeFiles/moveit_rviz_plugin_render_tools.dir/src/planning_link_updater.cpp.o[0m
[20.327s] [ 12%] [32mBuilding CXX object rviz_plugin_render_tools/CMakeFiles/moveit_rviz_plugin_render_tools.dir/src/octomap_render.cpp.o[0m
[20.329s] [ 13%] [32mBuilding CXX object rviz_plugin_render_tools/CMakeFiles/moveit_rviz_plugin_render_tools.dir/src/trajectory_visualization.cpp.o[0m
[20.338s] [ 15%] [32mBuilding CXX object rviz_plugin_render_tools/CMakeFiles/moveit_rviz_plugin_render_tools.dir/src/trajectory_panel.cpp.o[0m
[32.481s] [ 17%] [32mBuilding CXX object rviz_plugin_render_tools/CMakeFiles/moveit_rviz_plugin_render_tools.dir/src/mesh_shape.cpp.o[0m
[67.720s] [ 18%] [32m[1mLinking CXX shared library libmoveit_rviz_plugin_render_tools.so[0m
[73.527s] [ 18%] Built target moveit_rviz_plugin_render_tools
[73.661s] [ 22%] [34m[1mAutomatic MOC for target moveit_robot_state_rviz_plugin_core[0m
[73.661s] [ 22%] [34m[1mAutomatic MOC for target moveit_planning_scene_rviz_plugin_core[0m
[74.949s] [ 22%] Built target moveit_robot_state_rviz_plugin_core_autogen
[75.090s] [ 25%] [32mBuilding CXX object robot_state_rviz_plugin/CMakeFiles/moveit_robot_state_rviz_plugin_core.dir/moveit_robot_state_rviz_plugin_core_autogen/mocs_compilation.cpp.o[0m
[75.090s] [ 25%] [32mBuilding CXX object robot_state_rviz_plugin/CMakeFiles/moveit_robot_state_rviz_plugin_core.dir/src/robot_state_display.cpp.o[0m
[75.662s] [ 25%] Built target moveit_planning_scene_rviz_plugin_core_autogen
[75.804s] [ 27%] [32mBuilding CXX object planning_scene_rviz_plugin/CMakeFiles/moveit_planning_scene_rviz_plugin_core.dir/moveit_planning_scene_rviz_plugin_core_autogen/mocs_compilation.cpp.o[0m
[75.805s] [ 29%] [32mBuilding CXX object planning_scene_rviz_plugin/CMakeFiles/moveit_planning_scene_rviz_plugin_core.dir/src/planning_scene_display.cpp.o[0m
[75.809s] [ 31%] [32mBuilding CXX object planning_scene_rviz_plugin/CMakeFiles/moveit_planning_scene_rviz_plugin_core.dir/src/background_processing.cpp.o[0m
[115.060s] [ 32%] [32m[1mLinking CXX shared library libmoveit_robot_state_rviz_plugin_core.so[0m
[117.552s] [ 34%] [32m[1mLinking CXX shared library libmoveit_planning_scene_rviz_plugin_core.so[0m
[121.116s] [ 34%] Built target moveit_robot_state_rviz_plugin_core
[121.258s] [ 36%] [34m[1mAutomatic MOC for target moveit_robot_state_rviz_plugin[0m
[121.443s] [ 36%] Built target moveit_robot_state_rviz_plugin_autogen
[121.600s] [ 39%] [32mBuilding CXX object robot_state_rviz_plugin/CMakeFiles/moveit_robot_state_rviz_plugin.dir/moveit_robot_state_rviz_plugin_autogen/mocs_compilation.cpp.o[0m
[121.600s] [ 37%] [32mBuilding CXX object robot_state_rviz_plugin/CMakeFiles/moveit_robot_state_rviz_plugin.dir/src/plugin_init.cpp.o[0m
[123.644s] [ 39%] Built target moveit_planning_scene_rviz_plugin_core
[123.783s] [ 41%] [34m[1mAutomatic MOC for target moveit_planning_scene_rviz_plugin[0m
[123.789s] [ 43%] [34m[1mAutomatic MOC for target moveit_trajectory_rviz_plugin_core[0m
[123.970s] [ 43%] Built target moveit_planning_scene_rviz_plugin_autogen
[124.113s] [ 44%] [32mBuilding CXX object planning_scene_rviz_plugin/CMakeFiles/moveit_planning_scene_rviz_plugin.dir/src/plugin_init.cpp.o[0m
[124.113s] [ 46%] [32mBuilding CXX object planning_scene_rviz_plugin/CMakeFiles/moveit_planning_scene_rviz_plugin.dir/moveit_planning_scene_rviz_plugin_autogen/mocs_compilation.cpp.o[0m
[125.992s] [ 46%] Built target moveit_trajectory_rviz_plugin_core_autogen
[126.132s] [ 48%] [32mBuilding CXX object trajectory_rviz_plugin/CMakeFiles/moveit_trajectory_rviz_plugin_core.dir/moveit_trajectory_rviz_plugin_core_autogen/mocs_compilation.cpp.o[0m
[126.132s] [ 50%] [32mBuilding CXX object trajectory_rviz_plugin/CMakeFiles/moveit_trajectory_rviz_plugin_core.dir/src/trajectory_display.cpp.o[0m
[148.041s] [ 51%] [32m[1mLinking CXX shared library libmoveit_robot_state_rviz_plugin.so[0m
[150.184s] [ 51%] Built target moveit_robot_state_rviz_plugin
[154.499s] [ 53%] [32m[1mLinking CXX shared library libmoveit_trajectory_rviz_plugin_core.so[0m
[156.748s] [ 53%] Built target moveit_trajectory_rviz_plugin_core
[156.887s] [ 55%] [34m[1mAutomatic MOC for target moveit_trajectory_rviz_plugin[0m
[157.060s] [ 55%] Built target moveit_trajectory_rviz_plugin_autogen
[157.205s] [ 56%] [32mBuilding CXX object trajectory_rviz_plugin/CMakeFiles/moveit_trajectory_rviz_plugin.dir/moveit_trajectory_rviz_plugin_autogen/mocs_compilation.cpp.o[0m
[157.209s] [ 58%] [32mBuilding CXX object trajectory_rviz_plugin/CMakeFiles/moveit_trajectory_rviz_plugin.dir/src/plugin_init.cpp.o[0m
[162.037s] [ 60%] [32m[1mLinking CXX shared library libmoveit_planning_scene_rviz_plugin.so[0m
[163.755s] [ 60%] Built target moveit_planning_scene_rviz_plugin
[163.890s] [ 62%] [34m[1mAutomatic MOC for target moveit_motion_planning_rviz_plugin_core[0m
[166.736s] [ 62%] Built target moveit_motion_planning_rviz_plugin_core_autogen
[166.806s] [ 63%] [34m[1mGenerating ui_motion_planning_rviz_plugin_frame_joints.h[0m
[166.807s] [ 65%] [34m[1mAutomatic RCC for src/icons/icons.qrc[0m
[166.812s] [ 67%] [34m[1mGenerating ui_motion_planning_rviz_plugin_frame.h[0m
[167.019s] [ 68%] [32mBuilding CXX object motion_planning_rviz_plugin/CMakeFiles/moveit_motion_planning_rviz_plugin_core.dir/moveit_motion_planning_rviz_plugin_core_autogen/mocs_compilation.cpp.o[0m
[167.024s] [ 70%] [32mBuilding CXX object motion_planning_rviz_plugin/CMakeFiles/moveit_motion_planning_rviz_plugin_core.dir/src/motion_planning_frame.cpp.o[0m
[167.029s] [ 72%] [32mBuilding CXX object motion_planning_rviz_plugin/CMakeFiles/moveit_motion_planning_rviz_plugin_core.dir/src/motion_planning_frame_context.cpp.o[0m
[167.032s] [ 74%] [32mBuilding CXX object motion_planning_rviz_plugin/CMakeFiles/moveit_motion_planning_rviz_plugin_core.dir/src/motion_planning_frame_objects.cpp.o[0m
[167.037s] [ 77%] [32mBuilding CXX object motion_planning_rviz_plugin/CMakeFiles/moveit_motion_planning_rviz_plugin_core.dir/src/motion_planning_frame_scenes.cpp.o[0m
[167.038s] [ 77%] [32mBuilding CXX object motion_planning_rviz_plugin/CMakeFiles/moveit_motion_planning_rviz_plugin_core.dir/src/motion_planning_frame_planning.cpp.o[0m
[167.041s] [ 79%] [32mBuilding CXX object motion_planning_rviz_plugin/CMakeFiles/moveit_motion_planning_rviz_plugin_core.dir/src/motion_planning_frame_states.cpp.o[0m
[190.333s] [ 81%] [32m[1mLinking CXX shared library libmoveit_trajectory_rviz_plugin.so[0m
[193.213s] [ 81%] Built target moveit_trajectory_rviz_plugin
[193.280s] [ 82%] [32mBuilding CXX object motion_planning_rviz_plugin/CMakeFiles/moveit_motion_planning_rviz_plugin_core.dir/src/motion_planning_frame_joints_widget.cpp.o[0m
[383.025s] [ 84%] [32mBuilding CXX object motion_planning_rviz_plugin/CMakeFiles/moveit_motion_planning_rviz_plugin_core.dir/src/motion_planning_param_widget.cpp.o[0m
[383.420s] [ 86%] [32mBuilding CXX object motion_planning_rviz_plugin/CMakeFiles/moveit_motion_planning_rviz_plugin_core.dir/src/motion_planning_frame_manipulation.cpp.o[0m
[385.505s] [ 87%] [32mBuilding CXX object motion_planning_rviz_plugin/CMakeFiles/moveit_motion_planning_rviz_plugin_core.dir/src/interactive_marker_display.cpp.o[0m
[387.624s] [ 89%] [32mBuilding CXX object motion_planning_rviz_plugin/CMakeFiles/moveit_motion_planning_rviz_plugin_core.dir/src/motion_planning_display.cpp.o[0m
[418.903s] [ 91%] [32mBuilding CXX object motion_planning_rviz_plugin/CMakeFiles/moveit_motion_planning_rviz_plugin_core.dir/moveit_motion_planning_rviz_plugin_core_autogen/2OST2OT5Q2/qrc_icons.cpp.o[0m
[459.372s] [ 93%] [32m[1mLinking CXX shared library libmoveit_motion_planning_rviz_plugin_core.so[0m
[469.785s] [ 93%] Built target moveit_motion_planning_rviz_plugin_core
[469.975s] [ 94%] [34m[1mAutomatic MOC for target moveit_motion_planning_rviz_plugin[0m
[470.185s] [ 94%] Built target moveit_motion_planning_rviz_plugin_autogen
[470.340s] [ 98%] [32mBuilding CXX object motion_planning_rviz_plugin/CMakeFiles/moveit_motion_planning_rviz_plugin.dir/src/plugin_init.cpp.o[0m
[470.340s] [ 98%] [32mBuilding CXX object motion_planning_rviz_plugin/CMakeFiles/moveit_motion_planning_rviz_plugin.dir/moveit_motion_planning_rviz_plugin_autogen/mocs_compilation.cpp.o[0m
[513.700s] [100%] [32m[1mLinking CXX shared library libmoveit_motion_planning_rviz_plugin.so[0m
[515.766s] [100%] Built target moveit_motion_planning_rviz_plugin
[516.342s] Invoked command in '/home/suwi/ros2_4dof_arm/build/moveit_ros_visualization' returned '0': AMENT_PREFIX_PATH=/home/suwi/ros2_4dof_arm/install/moveit_ros_planning_interface:/home/suwi/ros2_4dof_arm/install/moveit_ros_move_group:/home/suwi/ros2_4dof_arm/install/moveit_ros_warehouse:/home/suwi/ros2_4dof_arm/install/moveit_ros_robot_interaction:/home/suwi/ros2_4dof_arm/install/moveit_planners_ompl:/home/suwi/ros2_4dof_arm/install/moveit_kinematics:/home/suwi/ros2_4dof_arm/install/moveit_ros_planning:/home/suwi/ros2_4dof_arm/install/moveit_simple_controller_manager:/home/suwi/ros2_4dof_arm/install/moveit_ros_occupancy_map_monitor:/home/suwi/ros2_4dof_arm/install/moveit_core:/home/suwi/ros2_4dof_arm/install/moveit_resources_panda_moveit_config:/home/suwi/ros2_4dof_arm/install/moveit_resources_fanuc_moveit_config:/home/suwi/ros2_4dof_arm/install/moveit_resources_pr2_description:/home/suwi/ros2_4dof_arm/install/moveit_resources_fanuc_description:/home/suwi/ros2_4dof_arm/install/moveit_msgs:/home/suwi/ros2_4dof_arm/install/moveit_configs_utils:${AMENT_PREFIX_PATH} CMAKE_PREFIX_PATH=/home/suwi/ros2_4dof_arm/install/moveit_ros_planning_interface:/home/suwi/ros2_4dof_arm/install/moveit_ros_move_group:/home/suwi/ros2_4dof_arm/install/moveit_ros_warehouse:/home/suwi/ros2_4dof_arm/install/moveit_ros_robot_interaction:/home/suwi/ros2_4dof_arm/install/moveit_planners_ompl:/home/suwi/ros2_4dof_arm/install/moveit_kinematics:/home/suwi/ros2_4dof_arm/install/moveit_ros_planning:/home/suwi/ros2_4dof_arm/install/moveit_simple_controller_manager:/home/suwi/ros2_4dof_arm/install/moveit_ros_occupancy_map_monitor:/home/suwi/ros2_4dof_arm/install/moveit_core:/home/suwi/ros2_4dof_arm/install/moveit_resources_panda_moveit_config:/home/suwi/ros2_4dof_arm/install/moveit_resources_fanuc_moveit_config:/home/suwi/ros2_4dof_arm/install/moveit_resources_pr2_description:/home/suwi/ros2_4dof_arm/install/moveit_resources_panda_description:/home/suwi/ros2_4dof_arm/install/moveit_resources_fanuc_description:/home/suwi/ros2_4dof_arm/install/moveit_msgs:/home/suwi/ros2_4dof_arm/install/moveit_common:/home/suwi/ros2_4dof_arm/src/four_dof_arm/install/four_dof_arm:/home/suwi/ros2_4dof_arm/install/four_dof_arm:/opt/ros/humble:/opt/ros/humble:/home/suwi/ros2_ws_prac/install/my_robot_control:/path/to/object_recognition_msgs/install:/home/suwi/ros2_ws_prac/install/pub_sub LD_LIBRARY_PATH=/home/suwi/ros2_4dof_arm/install/moveit_ros_planning_interface/lib:/home/suwi/ros2_4dof_arm/install/moveit_ros_move_group/lib:/home/suwi/ros2_4dof_arm/install/moveit_ros_warehouse/lib:/home/suwi/ros2_4dof_arm/install/moveit_ros_robot_interaction/lib:/home/suwi/ros2_4dof_arm/install/moveit_planners_ompl/lib:/home/suwi/ros2_4dof_arm/install/moveit_kinematics/lib:/home/suwi/ros2_4dof_arm/install/moveit_ros_planning/lib:/home/suwi/ros2_4dof_arm/install/moveit_simple_controller_manager/lib:/home/suwi/ros2_4dof_arm/install/moveit_ros_occupancy_map_monitor/lib:/home/suwi/ros2_4dof_arm/install/moveit_core/lib:/home/suwi/ros2_4dof_arm/install/moveit_msgs/lib:${LD_LIBRARY_PATH} PATH=/home/suwi/ros2_4dof_arm/install/moveit_core/bin:${PATH} PYTHONPATH=/home/suwi/ros2_4dof_arm/install/moveit_msgs/local/lib/python3.10/dist-packages:/home/suwi/ros2_4dof_arm/install/moveit_configs_utils/lib/python3.10/site-packages:${PYTHONPATH} /usr/bin/cmake --build /home/suwi/ros2_4dof_arm/build/moveit_ros_visualization -- -j8 -l8
[516.558s] Invoking command in '/home/suwi/ros2_4dof_arm/build/moveit_ros_visualization': AMENT_PREFIX_PATH=/home/suwi/ros2_4dof_arm/install/moveit_ros_planning_interface:/home/suwi/ros2_4dof_arm/install/moveit_ros_move_group:/home/suwi/ros2_4dof_arm/install/moveit_ros_warehouse:/home/suwi/ros2_4dof_arm/install/moveit_ros_robot_interaction:/home/suwi/ros2_4dof_arm/install/moveit_planners_ompl:/home/suwi/ros2_4dof_arm/install/moveit_kinematics:/home/suwi/ros2_4dof_arm/install/moveit_ros_planning:/home/suwi/ros2_4dof_arm/install/moveit_simple_controller_manager:/home/suwi/ros2_4dof_arm/install/moveit_ros_occupancy_map_monitor:/home/suwi/ros2_4dof_arm/install/moveit_core:/home/suwi/ros2_4dof_arm/install/moveit_resources_panda_moveit_config:/home/suwi/ros2_4dof_arm/install/moveit_resources_fanuc_moveit_config:/home/suwi/ros2_4dof_arm/install/moveit_resources_pr2_description:/home/suwi/ros2_4dof_arm/install/moveit_resources_fanuc_description:/home/suwi/ros2_4dof_arm/install/moveit_msgs:/home/suwi/ros2_4dof_arm/install/moveit_configs_utils:${AMENT_PREFIX_PATH} CMAKE_PREFIX_PATH=/home/suwi/ros2_4dof_arm/install/moveit_ros_planning_interface:/home/suwi/ros2_4dof_arm/install/moveit_ros_move_group:/home/suwi/ros2_4dof_arm/install/moveit_ros_warehouse:/home/suwi/ros2_4dof_arm/install/moveit_ros_robot_interaction:/home/suwi/ros2_4dof_arm/install/moveit_planners_ompl:/home/suwi/ros2_4dof_arm/install/moveit_kinematics:/home/suwi/ros2_4dof_arm/install/moveit_ros_planning:/home/suwi/ros2_4dof_arm/install/moveit_simple_controller_manager:/home/suwi/ros2_4dof_arm/install/moveit_ros_occupancy_map_monitor:/home/suwi/ros2_4dof_arm/install/moveit_core:/home/suwi/ros2_4dof_arm/install/moveit_resources_panda_moveit_config:/home/suwi/ros2_4dof_arm/install/moveit_resources_fanuc_moveit_config:/home/suwi/ros2_4dof_arm/install/moveit_resources_pr2_description:/home/suwi/ros2_4dof_arm/install/moveit_resources_panda_description:/home/suwi/ros2_4dof_arm/install/moveit_resources_fanuc_description:/home/suwi/ros2_4dof_arm/install/moveit_msgs:/home/suwi/ros2_4dof_arm/install/moveit_common:/home/suwi/ros2_4dof_arm/src/four_dof_arm/install/four_dof_arm:/home/suwi/ros2_4dof_arm/install/four_dof_arm:/opt/ros/humble:/opt/ros/humble:/home/suwi/ros2_ws_prac/install/my_robot_control:/path/to/object_recognition_msgs/install:/home/suwi/ros2_ws_prac/install/pub_sub LD_LIBRARY_PATH=/home/suwi/ros2_4dof_arm/install/moveit_ros_planning_interface/lib:/home/suwi/ros2_4dof_arm/install/moveit_ros_move_group/lib:/home/suwi/ros2_4dof_arm/install/moveit_ros_warehouse/lib:/home/suwi/ros2_4dof_arm/install/moveit_ros_robot_interaction/lib:/home/suwi/ros2_4dof_arm/install/moveit_planners_ompl/lib:/home/suwi/ros2_4dof_arm/install/moveit_kinematics/lib:/home/suwi/ros2_4dof_arm/install/moveit_ros_planning/lib:/home/suwi/ros2_4dof_arm/install/moveit_simple_controller_manager/lib:/home/suwi/ros2_4dof_arm/install/moveit_ros_occupancy_map_monitor/lib:/home/suwi/ros2_4dof_arm/install/moveit_core/lib:/home/suwi/ros2_4dof_arm/install/moveit_msgs/lib:${LD_LIBRARY_PATH} PATH=/home/suwi/ros2_4dof_arm/install/moveit_core/bin:${PATH} PYTHONPATH=/home/suwi/ros2_4dof_arm/install/moveit_msgs/local/lib/python3.10/dist-packages:/home/suwi/ros2_4dof_arm/install/moveit_configs_utils/lib/python3.10/site-packages:${PYTHONPATH} /usr/bin/cmake --install /home/suwi/ros2_4dof_arm/build/moveit_ros_visualization
[516.638s] -- Install configuration: "Release"
[516.643s] -- Installing: /home/suwi/ros2_4dof_arm/install/moveit_ros_visualization/include
[516.645s] -- Installing: /home/suwi/ros2_4dof_arm/install/moveit_ros_visualization/include/ogre_helpers
[516.646s] -- Installing: /home/suwi/ros2_4dof_arm/install/moveit_ros_visualization/include/ogre_helpers/mesh_shape.hpp
[516.648s] -- Installing: /home/suwi/ros2_4dof_arm/install/moveit_ros_visualization/include/moveit
[516.649s] -- Installing: /home/suwi/ros2_4dof_arm/install/moveit_ros_visualization/include/moveit/rviz_plugin_render_tools
[516.650s] -- Installing: /home/suwi/ros2_4dof_arm/install/moveit_ros_visualization/include/moveit/rviz_plugin_render_tools/robot_state_visualization.h
[516.651s] -- Installing: /home/suwi/ros2_4dof_arm/install/moveit_ros_visualization/include/moveit/rviz_plugin_render_tools/render_shapes.h
[516.651s] -- Installing: /home/suwi/ros2_4dof_arm/install/moveit_ros_visualization/include/moveit/rviz_plugin_render_tools/trajectory_visualization.h
[516.652s] -- Installing: /home/suwi/ros2_4dof_arm/install/moveit_ros_visualization/include/moveit/rviz_plugin_render_tools/octomap_render.h
[516.653s] -- Installing: /home/suwi/ros2_4dof_arm/install/moveit_ros_visualization/include/moveit/rviz_plugin_render_tools/planning_scene_render.h
[516.654s] -- Installing: /home/suwi/ros2_4dof_arm/install/moveit_ros_visualization/include/moveit/rviz_plugin_render_tools/trajectory_panel.h
[516.654s] -- Installing: /home/suwi/ros2_4dof_arm/install/moveit_ros_visualization/include/moveit/rviz_plugin_render_tools/planning_link_updater.h
[516.658s] -- Up-to-date: /home/suwi/ros2_4dof_arm/install/moveit_ros_visualization/include
[516.659s] -- Up-to-date: /home/suwi/ros2_4dof_arm/install/moveit_ros_visualization/include/moveit
[516.660s] -- Installing: /home/suwi/ros2_4dof_arm/install/moveit_ros_visualization/include/moveit/robot_state_rviz_plugin
[516.661s] -- Installing: /home/suwi/ros2_4dof_arm/install/moveit_ros_visualization/include/moveit/robot_state_rviz_plugin/robot_state_display.h
[516.665s] -- Up-to-date: /home/suwi/ros2_4dof_arm/install/moveit_ros_visualization/include
[516.665s] -- Up-to-date: /home/suwi/ros2_4dof_arm/install/moveit_ros_visualization/include/moveit
[516.666s] -- Installing: /home/suwi/ros2_4dof_arm/install/moveit_ros_visualization/include/moveit/planning_scene_rviz_plugin
[516.667s] -- Installing: /home/suwi/ros2_4dof_arm/install/moveit_ros_visualization/include/moveit/planning_scene_rviz_plugin/planning_scene_display.h
[516.667s] -- Installing: /home/suwi/ros2_4dof_arm/install/moveit_ros_visualization/include/moveit/planning_scene_rviz_plugin/background_processing.hpp
[516.668s] -- Installing: /home/suwi/ros2_4dof_arm/install/moveit_ros_visualization/include/moveit_planning_scene_rviz_plugin_core_export.h
[516.670s] -- Up-to-date: /home/suwi/ros2_4dof_arm/install/moveit_ros_visualization/include
[516.671s] -- Up-to-date: /home/suwi/ros2_4dof_arm/install/moveit_ros_visualization/include/moveit
[516.671s] -- Installing: /home/suwi/ros2_4dof_arm/install/moveit_ros_visualization/include/moveit/motion_planning_rviz_plugin
[516.672s] -- Installing: /home/suwi/ros2_4dof_arm/install/moveit_ros_visualization/include/moveit/motion_planning_rviz_plugin/motion_planning_param_widget.h
[516.672s] -- Installing: /home/suwi/ros2_4dof_arm/install/moveit_ros_visualization/include/moveit/motion_planning_rviz_plugin/interactive_marker_display.h
[516.674s] -- Installing: /home/suwi/ros2_4dof_arm/install/moveit_ros_visualization/include/moveit/motion_planning_rviz_plugin/motion_planning_frame_joints_widget.h
[516.675s] -- Installing: /home/suwi/ros2_4dof_arm/install/moveit_ros_visualization/include/moveit/motion_planning_rviz_plugin/motion_planning_display.h
[516.675s] -- Installing: /home/suwi/ros2_4dof_arm/install/moveit_ros_visualization/include/moveit/motion_planning_rviz_plugin/motion_planning_frame.h
[516.679s] -- Up-to-date: /home/suwi/ros2_4dof_arm/install/moveit_ros_visualization/include
[516.679s] -- Up-to-date: /home/suwi/ros2_4dof_arm/install/moveit_ros_visualization/include/moveit
[516.680s] -- Installing: /home/suwi/ros2_4dof_arm/install/moveit_ros_visualization/include/moveit/trajectory_rviz_plugin
[516.681s] -- Installing: /home/suwi/ros2_4dof_arm/install/moveit_ros_visualization/include/moveit/trajectory_rviz_plugin/trajectory_display.h
[516.683s] -- Installing: /home/suwi/ros2_4dof_arm/install/moveit_ros_visualization/share/moveit_ros_visualization/icons
[516.685s] -- Installing: /home/suwi/ros2_4dof_arm/install/moveit_ros_visualization/share/moveit_ros_visualization/icons/classes
[516.687s] -- Installing: /home/suwi/ros2_4dof_arm/install/moveit_ros_visualization/share/moveit_ros_visualization/icons/classes/PlanningScene.png
[516.689s] -- Installing: /home/suwi/ros2_4dof_arm/install/moveit_ros_visualization/share/moveit_ros_visualization/icons/classes/MotionPlanning.png
[516.691s] -- Installing: /home/suwi/ros2_4dof_arm/install/moveit_ros_visualization/share/moveit_ros_visualization/icons/classes/RobotState.png
[516.692s] -- Installing: /home/suwi/ros2_4dof_arm/install/moveit_ros_visualization/share/moveit_ros_visualization/icons/classes/Trajectory.png
[516.694s] -- Installing: /home/suwi/ros2_4dof_arm/install/moveit_ros_visualization/share/moveit_ros_visualization/motion_planning_rviz_plugin_description.xml
[516.696s] -- Installing: /home/suwi/ros2_4dof_arm/install/moveit_ros_visualization/share/moveit_ros_visualization/trajectory_rviz_plugin_description.xml
[516.700s] -- Installing: /home/suwi/ros2_4dof_arm/install/moveit_ros_visualization/share/moveit_ros_visualization/planning_scene_rviz_plugin_description.xml
[516.700s] -- Installing: /home/suwi/ros2_4dof_arm/install/moveit_ros_visualization/share/moveit_ros_visualization/robot_state_rviz_plugin_description.xml
[516.702s] -- Installing: /home/suwi/ros2_4dof_arm/install/moveit_ros_visualization/lib/libmoveit_motion_planning_rviz_plugin.so.2.5.8
[516.709s] -- Set runtime path of "/home/suwi/ros2_4dof_arm/install/moveit_ros_visualization/lib/libmoveit_motion_planning_rviz_plugin.so.2.5.8" to ""
[516.709s] -- Installing: /home/suwi/ros2_4dof_arm/install/moveit_ros_visualization/lib/libmoveit_motion_planning_rviz_plugin.so
[516.710s] -- Installing: /home/suwi/ros2_4dof_arm/install/moveit_ros_visualization/lib/libmoveit_motion_planning_rviz_plugin_core.so.2.5.8
[516.763s] -- Set runtime path of "/home/suwi/ros2_4dof_arm/install/moveit_ros_visualization/lib/libmoveit_motion_planning_rviz_plugin_core.so.2.5.8" to ""
[516.763s] -- Installing: /home/suwi/ros2_4dof_arm/install/moveit_ros_visualization/lib/libmoveit_motion_planning_rviz_plugin_core.so
[516.763s] -- Installing: /home/suwi/ros2_4dof_arm/install/moveit_ros_visualization/lib/libmoveit_planning_scene_rviz_plugin.so.2.5.8
[516.768s] -- Set runtime path of "/home/suwi/ros2_4dof_arm/install/moveit_ros_visualization/lib/libmoveit_planning_scene_rviz_plugin.so.2.5.8" to ""
[516.769s] -- Installing: /home/suwi/ros2_4dof_arm/install/moveit_ros_visualization/lib/libmoveit_planning_scene_rviz_plugin.so
[516.769s] -- Installing: /home/suwi/ros2_4dof_arm/install/moveit_ros_visualization/lib/libmoveit_planning_scene_rviz_plugin_core.so.2.5.8
[516.776s] -- Set runtime path of "/home/suwi/ros2_4dof_arm/install/moveit_ros_visualization/lib/libmoveit_planning_scene_rviz_plugin_core.so.2.5.8" to ""
[516.776s] -- Installing: /home/suwi/ros2_4dof_arm/install/moveit_ros_visualization/lib/libmoveit_planning_scene_rviz_plugin_core.so
[516.776s] -- Installing: /home/suwi/ros2_4dof_arm/install/moveit_ros_visualization/lib/libmoveit_robot_state_rviz_plugin.so.2.5.8
[516.783s] -- Set runtime path of "/home/suwi/ros2_4dof_arm/install/moveit_ros_visualization/lib/libmoveit_robot_state_rviz_plugin.so.2.5.8" to ""
[516.784s] -- Installing: /home/suwi/ros2_4dof_arm/install/moveit_ros_visualization/lib/libmoveit_robot_state_rviz_plugin.so
[516.785s] -- Installing: /home/suwi/ros2_4dof_arm/install/moveit_ros_visualization/lib/libmoveit_robot_state_rviz_plugin_core.so.2.5.8
[516.803s] -- Set runtime path of "/home/suwi/ros2_4dof_arm/install/moveit_ros_visualization/lib/libmoveit_robot_state_rviz_plugin_core.so.2.5.8" to ""
[516.804s] -- Installing: /home/suwi/ros2_4dof_arm/install/moveit_ros_visualization/lib/libmoveit_robot_state_rviz_plugin_core.so
[516.804s] -- Installing: /home/suwi/ros2_4dof_arm/install/moveit_ros_visualization/lib/libmoveit_rviz_plugin_render_tools.so.2.5.8
[516.821s] -- Set runtime path of "/home/suwi/ros2_4dof_arm/install/moveit_ros_visualization/lib/libmoveit_rviz_plugin_render_tools.so.2.5.8" to ""
[516.821s] -- Installing: /home/suwi/ros2_4dof_arm/install/moveit_ros_visualization/lib/libmoveit_rviz_plugin_render_tools.so
[516.822s] -- Installing: /home/suwi/ros2_4dof_arm/install/moveit_ros_visualization/lib/libmoveit_trajectory_rviz_plugin.so.2.5.8
[516.828s] -- Set runtime path of "/home/suwi/ros2_4dof_arm/install/moveit_ros_visualization/lib/libmoveit_trajectory_rviz_plugin.so.2.5.8" to ""
[516.828s] -- Installing: /home/suwi/ros2_4dof_arm/install/moveit_ros_visualization/lib/libmoveit_trajectory_rviz_plugin.so
[516.829s] -- Installing: /home/suwi/ros2_4dof_arm/install/moveit_ros_visualization/lib/libmoveit_trajectory_rviz_plugin_core.so.2.5.8
[516.837s] -- Set runtime path of "/home/suwi/ros2_4dof_arm/install/moveit_ros_visualization/lib/libmoveit_trajectory_rviz_plugin_core.so.2.5.8" to ""
[516.838s] -- Installing: /home/suwi/ros2_4dof_arm/install/moveit_ros_visualization/lib/libmoveit_trajectory_rviz_plugin_core.so
[516.844s] -- Installing: /home/suwi/ros2_4dof_arm/install/moveit_ros_visualization/share/moveit_ros_visualization/environment/library_path.sh
[516.847s] -- Installing: /home/suwi/ros2_4dof_arm/install/moveit_ros_visualization/share/moveit_ros_visualization/environment/library_path.dsv
[516.854s] -- Installing: /home/suwi/ros2_4dof_arm/install/moveit_ros_visualization/share/ament_index/resource_index/package_run_dependencies/moveit_ros_visualization
[516.857s] -- Installing: /home/suwi/ros2_4dof_arm/install/moveit_ros_visualization/share/ament_index/resource_index/parent_prefix_path/moveit_ros_visualization
[516.866s] -- Installing: /home/suwi/ros2_4dof_arm/install/moveit_ros_visualization/share/moveit_ros_visualization/environment/ament_prefix_path.sh
[516.868s] -- Installing: /home/suwi/ros2_4dof_arm/install/moveit_ros_visualization/share/moveit_ros_visualization/environment/ament_prefix_path.dsv
[516.870s] -- Installing: /home/suwi/ros2_4dof_arm/install/moveit_ros_visualization/share/moveit_ros_visualization/environment/path.sh
[516.871s] -- Installing: /home/suwi/ros2_4dof_arm/install/moveit_ros_visualization/share/moveit_ros_visualization/environment/path.dsv
[516.873s] -- Installing: /home/suwi/ros2_4dof_arm/install/moveit_ros_visualization/share/moveit_ros_visualization/local_setup.bash
[516.875s] -- Installing: /home/suwi/ros2_4dof_arm/install/moveit_ros_visualization/share/moveit_ros_visualization/local_setup.sh
[516.877s] -- Installing: /home/suwi/ros2_4dof_arm/install/moveit_ros_visualization/share/moveit_ros_visualization/local_setup.zsh
[516.879s] -- Installing: /home/suwi/ros2_4dof_arm/install/moveit_ros_visualization/share/moveit_ros_visualization/local_setup.dsv
[516.881s] -- Installing: /home/suwi/ros2_4dof_arm/install/moveit_ros_visualization/share/moveit_ros_visualization/package.dsv
[516.883s] -- Installing: /home/suwi/ros2_4dof_arm/install/moveit_ros_visualization/share/ament_index/resource_index/packages/moveit_ros_visualization
[516.887s] -- Installing: /home/suwi/ros2_4dof_arm/install/moveit_ros_visualization/share/ament_index/resource_index/rviz_common__pluginlib__plugin/moveit_ros_visualization
[516.893s] -- Installing: /home/suwi/ros2_4dof_arm/install/moveit_ros_visualization/share/moveit_ros_visualization/cmake/export_moveit_ros_visualizationExport.cmake
[516.895s] -- Installing: /home/suwi/ros2_4dof_arm/install/moveit_ros_visualization/share/moveit_ros_visualization/cmake/export_moveit_ros_visualizationExport-release.cmake
[516.897s] -- Installing: /home/suwi/ros2_4dof_arm/install/moveit_ros_visualization/share/moveit_ros_visualization/cmake/ConfigExtras.cmake
[516.900s] -- Installing: /home/suwi/ros2_4dof_arm/install/moveit_ros_visualization/share/moveit_ros_visualization/cmake/ament_cmake_export_targets-extras.cmake
[516.902s] -- Installing: /home/suwi/ros2_4dof_arm/install/moveit_ros_visualization/share/moveit_ros_visualization/cmake/ament_cmake_export_dependencies-extras.cmake
[516.906s] -- Installing: /home/suwi/ros2_4dof_arm/install/moveit_ros_visualization/share/moveit_ros_visualization/cmake/moveit_ros_visualizationConfig.cmake
[516.907s] -- Installing: /home/suwi/ros2_4dof_arm/install/moveit_ros_visualization/share/moveit_ros_visualization/cmake/moveit_ros_visualizationConfig-version.cmake
[516.910s] -- Installing: /home/suwi/ros2_4dof_arm/install/moveit_ros_visualization/share/moveit_ros_visualization/package.xml
[516.924s] Invoked command in '/home/suwi/ros2_4dof_arm/build/moveit_ros_visualization' returned '0': AMENT_PREFIX_PATH=/home/suwi/ros2_4dof_arm/install/moveit_ros_planning_interface:/home/suwi/ros2_4dof_arm/install/moveit_ros_move_group:/home/suwi/ros2_4dof_arm/install/moveit_ros_warehouse:/home/suwi/ros2_4dof_arm/install/moveit_ros_robot_interaction:/home/suwi/ros2_4dof_arm/install/moveit_planners_ompl:/home/suwi/ros2_4dof_arm/install/moveit_kinematics:/home/suwi/ros2_4dof_arm/install/moveit_ros_planning:/home/suwi/ros2_4dof_arm/install/moveit_simple_controller_manager:/home/suwi/ros2_4dof_arm/install/moveit_ros_occupancy_map_monitor:/home/suwi/ros2_4dof_arm/install/moveit_core:/home/suwi/ros2_4dof_arm/install/moveit_resources_panda_moveit_config:/home/suwi/ros2_4dof_arm/install/moveit_resources_fanuc_moveit_config:/home/suwi/ros2_4dof_arm/install/moveit_resources_pr2_description:/home/suwi/ros2_4dof_arm/install/moveit_resources_fanuc_description:/home/suwi/ros2_4dof_arm/install/moveit_msgs:/home/suwi/ros2_4dof_arm/install/moveit_configs_utils:${AMENT_PREFIX_PATH} CMAKE_PREFIX_PATH=/home/suwi/ros2_4dof_arm/install/moveit_ros_planning_interface:/home/suwi/ros2_4dof_arm/install/moveit_ros_move_group:/home/suwi/ros2_4dof_arm/install/moveit_ros_warehouse:/home/suwi/ros2_4dof_arm/install/moveit_ros_robot_interaction:/home/suwi/ros2_4dof_arm/install/moveit_planners_ompl:/home/suwi/ros2_4dof_arm/install/moveit_kinematics:/home/suwi/ros2_4dof_arm/install/moveit_ros_planning:/home/suwi/ros2_4dof_arm/install/moveit_simple_controller_manager:/home/suwi/ros2_4dof_arm/install/moveit_ros_occupancy_map_monitor:/home/suwi/ros2_4dof_arm/install/moveit_core:/home/suwi/ros2_4dof_arm/install/moveit_resources_panda_moveit_config:/home/suwi/ros2_4dof_arm/install/moveit_resources_fanuc_moveit_config:/home/suwi/ros2_4dof_arm/install/moveit_resources_pr2_description:/home/suwi/ros2_4dof_arm/install/moveit_resources_panda_description:/home/suwi/ros2_4dof_arm/install/moveit_resources_fanuc_description:/home/suwi/ros2_4dof_arm/install/moveit_msgs:/home/suwi/ros2_4dof_arm/install/moveit_common:/home/suwi/ros2_4dof_arm/src/four_dof_arm/install/four_dof_arm:/home/suwi/ros2_4dof_arm/install/four_dof_arm:/opt/ros/humble:/opt/ros/humble:/home/suwi/ros2_ws_prac/install/my_robot_control:/path/to/object_recognition_msgs/install:/home/suwi/ros2_ws_prac/install/pub_sub LD_LIBRARY_PATH=/home/suwi/ros2_4dof_arm/install/moveit_ros_planning_interface/lib:/home/suwi/ros2_4dof_arm/install/moveit_ros_move_group/lib:/home/suwi/ros2_4dof_arm/install/moveit_ros_warehouse/lib:/home/suwi/ros2_4dof_arm/install/moveit_ros_robot_interaction/lib:/home/suwi/ros2_4dof_arm/install/moveit_planners_ompl/lib:/home/suwi/ros2_4dof_arm/install/moveit_kinematics/lib:/home/suwi/ros2_4dof_arm/install/moveit_ros_planning/lib:/home/suwi/ros2_4dof_arm/install/moveit_simple_controller_manager/lib:/home/suwi/ros2_4dof_arm/install/moveit_ros_occupancy_map_monitor/lib:/home/suwi/ros2_4dof_arm/install/moveit_core/lib:/home/suwi/ros2_4dof_arm/install/moveit_msgs/lib:${LD_LIBRARY_PATH} PATH=/home/suwi/ros2_4dof_arm/install/moveit_core/bin:${PATH} PYTHONPATH=/home/suwi/ros2_4dof_arm/install/moveit_msgs/local/lib/python3.10/dist-packages:/home/suwi/ros2_4dof_arm/install/moveit_configs_utils/lib/python3.10/site-packages:${PYTHONPATH} /usr/bin/cmake --install /home/suwi/ros2_4dof_arm/build/moveit_ros_visualization
