[1.957s] Invoking command in '/home/suwi/ros2_4dof_arm/src/gesture_control_pkg': PYTHONPATH=/home/suwi/ros2_4dof_arm/build/gesture_control_pkg/prefix_override:/usr/lib/python3/dist-packages/colcon_core/task/python/colcon_distutils_commands:/home/suwi/ros2_4dof_arm/install/gesture_control_pkg/lib/python3.10/site-packages:${PYTHONPATH} /usr/bin/python3 -W ignore:setup.py install is deprecated -W ignore:easy_install command is deprecated setup.py egg_info --egg-base ../../build/gesture_control_pkg build --build-base /home/suwi/ros2_4dof_arm/build/gesture_control_pkg/build install --record /home/suwi/ros2_4dof_arm/build/gesture_control_pkg/install.log --single-version-externally-managed install_data
[2.680s] running egg_info
[2.681s] writing ../../build/gesture_control_pkg/gesture_control_pkg.egg-info/PKG-INFO
[2.681s] writing dependency_links to ../../build/gesture_control_pkg/gesture_control_pkg.egg-info/dependency_links.txt
[2.682s] writing entry points to ../../build/gesture_control_pkg/gesture_control_pkg.egg-info/entry_points.txt
[2.682s] writing requirements to ../../build/gesture_control_pkg/gesture_control_pkg.egg-info/requires.txt
[2.683s] writing top-level names to ../../build/gesture_control_pkg/gesture_control_pkg.egg-info/top_level.txt
[2.686s] reading manifest file '../../build/gesture_control_pkg/gesture_control_pkg.egg-info/SOURCES.txt'
[2.689s] writing manifest file '../../build/gesture_control_pkg/gesture_control_pkg.egg-info/SOURCES.txt'
[2.690s] running build
[2.690s] running build_py
[2.690s] copying gesture_control_pkg/gesture_joint_publisher.py -> /home/suwi/ros2_4dof_arm/build/gesture_control_pkg/build/lib/gesture_control_pkg
[2.690s] running install
[2.691s] running install_lib
[2.692s] copying /home/suwi/ros2_4dof_arm/build/gesture_control_pkg/build/lib/gesture_control_pkg/gesture_joint_publisher.py -> /home/suwi/ros2_4dof_arm/install/gesture_control_pkg/lib/python3.10/site-packages/gesture_control_pkg
[2.694s] byte-compiling /home/suwi/ros2_4dof_arm/install/gesture_control_pkg/lib/python3.10/site-packages/gesture_control_pkg/gesture_joint_publisher.py to gesture_joint_publisher.cpython-310.pyc
[2.697s] running install_data
[2.697s] running install_egg_info
[2.701s] removing '/home/suwi/ros2_4dof_arm/install/gesture_control_pkg/lib/python3.10/site-packages/gesture_control_pkg-0.0.0-py3.10.egg-info' (and everything under it)
[2.702s] Copying ../../build/gesture_control_pkg/gesture_control_pkg.egg-info to /home/suwi/ros2_4dof_arm/install/gesture_control_pkg/lib/python3.10/site-packages/gesture_control_pkg-0.0.0-py3.10.egg-info
[2.706s] running install_scripts
[2.751s] Installing gesture_joint_publisher script to /home/suwi/ros2_4dof_arm/install/gesture_control_pkg/lib/gesture_control_pkg
[2.753s] writing list of installed files to '/home/suwi/ros2_4dof_arm/build/gesture_control_pkg/install.log'
[2.782s] Invoked command in '/home/suwi/ros2_4dof_arm/src/gesture_control_pkg' returned '0': PYTHONPATH=/home/suwi/ros2_4dof_arm/build/gesture_control_pkg/prefix_override:/usr/lib/python3/dist-packages/colcon_core/task/python/colcon_distutils_commands:/home/suwi/ros2_4dof_arm/install/gesture_control_pkg/lib/python3.10/site-packages:${PYTHONPATH} /usr/bin/python3 -W ignore:setup.py install is deprecated -W ignore:easy_install command is deprecated setup.py egg_info --egg-base ../../build/gesture_control_pkg build --build-base /home/suwi/ros2_4dof_arm/build/gesture_control_pkg/build install --record /home/suwi/ros2_4dof_arm/build/gesture_control_pkg/install.log --single-version-externally-managed install_data
