[2.220s] Invoking command in '/home/suwi/ros2_4dof_arm/src/gesture_control_pkg': PYTHONPATH=/home/suwi/ros2_4dof_arm/build/gesture_control_pkg/prefix_override:/usr/lib/python3/dist-packages/colcon_core/task/python/colcon_distutils_commands:/home/suwi/ros2_4dof_arm/install/gesture_control_pkg/lib/python3.10/site-packages:${PYTHONPATH} /usr/bin/python3 -W ignore:setup.py install is deprecated -W ignore:easy_install command is deprecated setup.py egg_info --egg-base ../../build/gesture_control_pkg build --build-base /home/suwi/ros2_4dof_arm/build/gesture_control_pkg/build install --record /home/suwi/ros2_4dof_arm/build/gesture_control_pkg/install.log --single-version-externally-managed install_data
[3.044s] running egg_info
[3.045s] writing ../../build/gesture_control_pkg/gesture_control_pkg.egg-info/PKG-INFO
[3.046s] writing dependency_links to ../../build/gesture_control_pkg/gesture_control_pkg.egg-info/dependency_links.txt
[3.047s] writing entry points to ../../build/gesture_control_pkg/gesture_control_pkg.egg-info/entry_points.txt
[3.048s] writing requirements to ../../build/gesture_control_pkg/gesture_control_pkg.egg-info/requires.txt
[3.050s] writing top-level names to ../../build/gesture_control_pkg/gesture_control_pkg.egg-info/top_level.txt
[3.055s] reading manifest file '../../build/gesture_control_pkg/gesture_control_pkg.egg-info/SOURCES.txt'
[3.058s] writing manifest file '../../build/gesture_control_pkg/gesture_control_pkg.egg-info/SOURCES.txt'
[3.058s] running build
[3.059s] running build_py
[3.060s] copying gesture_control_pkg/gesture_angle_publisher.py -> /home/suwi/ros2_4dof_arm/build/gesture_control_pkg/build/lib/gesture_control_pkg
[3.061s] running install
[3.062s] running install_lib
[3.065s] copying /home/suwi/ros2_4dof_arm/build/gesture_control_pkg/build/lib/gesture_control_pkg/gesture_angle_publisher.py -> /home/suwi/ros2_4dof_arm/install/gesture_control_pkg/lib/python3.10/site-packages/gesture_control_pkg
[3.068s] byte-compiling /home/suwi/ros2_4dof_arm/install/gesture_control_pkg/lib/python3.10/site-packages/gesture_control_pkg/gesture_angle_publisher.py to gesture_angle_publisher.cpython-310.pyc
[3.072s] running install_data
[3.073s] running install_egg_info
[3.078s] removing '/home/suwi/ros2_4dof_arm/install/gesture_control_pkg/lib/python3.10/site-packages/gesture_control_pkg-0.0.0-py3.10.egg-info' (and everything under it)
[3.079s] Copying ../../build/gesture_control_pkg/gesture_control_pkg.egg-info to /home/suwi/ros2_4dof_arm/install/gesture_control_pkg/lib/python3.10/site-packages/gesture_control_pkg-0.0.0-py3.10.egg-info
[3.085s] running install_scripts
[3.133s] Installing angle_to_joint_state_publisher script to /home/suwi/ros2_4dof_arm/install/gesture_control_pkg/lib/gesture_control_pkg
[3.134s] Installing gesture_angle_publisher script to /home/suwi/ros2_4dof_arm/install/gesture_control_pkg/lib/gesture_control_pkg
[3.134s] Installing gesture_joint_publisher script to /home/suwi/ros2_4dof_arm/install/gesture_control_pkg/lib/gesture_control_pkg
[3.135s] Installing manual_angle_publisher script to /home/suwi/ros2_4dof_arm/install/gesture_control_pkg/lib/gesture_control_pkg
[3.136s] writing list of installed files to '/home/suwi/ros2_4dof_arm/build/gesture_control_pkg/install.log'
[3.173s] Invoked command in '/home/suwi/ros2_4dof_arm/src/gesture_control_pkg' returned '0': PYTHONPATH=/home/suwi/ros2_4dof_arm/build/gesture_control_pkg/prefix_override:/usr/lib/python3/dist-packages/colcon_core/task/python/colcon_distutils_commands:/home/suwi/ros2_4dof_arm/install/gesture_control_pkg/lib/python3.10/site-packages:${PYTHONPATH} /usr/bin/python3 -W ignore:setup.py install is deprecated -W ignore:easy_install command is deprecated setup.py egg_info --egg-base ../../build/gesture_control_pkg build --build-base /home/suwi/ros2_4dof_arm/build/gesture_control_pkg/build install --record /home/suwi/ros2_4dof_arm/build/gesture_control_pkg/install.log --single-version-externally-managed install_data
