[2.255s] Invoking command in '/home/suwi/ros2_4dof_arm/src/moveit2/moveit_configs_utils': PYTHONPATH=/home/suwi/ros2_4dof_arm/build/moveit_configs_utils/prefix_override:/usr/lib/python3/dist-packages/colcon_core/task/python/colcon_distutils_commands:/home/suwi/ros2_4dof_arm/install/moveit_configs_utils/lib/python3.10/site-packages:${PYTHONPATH} /usr/bin/python3 -W ignore:setup.py install is deprecated -W ignore:easy_install command is deprecated setup.py egg_info --egg-base ../../../build/moveit_configs_utils build --build-base /home/suwi/ros2_4dof_arm/build/moveit_configs_utils/build install --record /home/suwi/ros2_4dof_arm/build/moveit_configs_utils/install.log --single-version-externally-managed install_data
[2.967s] running egg_info
[2.968s] writing ../../../build/moveit_configs_utils/moveit_configs_utils.egg-info/PKG-INFO
[2.968s] writing dependency_links to ../../../build/moveit_configs_utils/moveit_configs_utils.egg-info/dependency_links.txt
[2.970s] writing entry points to ../../../build/moveit_configs_utils/moveit_configs_utils.egg-info/entry_points.txt
[2.970s] writing requirements to ../../../build/moveit_configs_utils/moveit_configs_utils.egg-info/requires.txt
[2.970s] writing top-level names to ../../../build/moveit_configs_utils/moveit_configs_utils.egg-info/top_level.txt
[2.974s] reading manifest file '../../../build/moveit_configs_utils/moveit_configs_utils.egg-info/SOURCES.txt'
[2.976s] writing manifest file '../../../build/moveit_configs_utils/moveit_configs_utils.egg-info/SOURCES.txt'
[2.977s] running build
[2.977s] running build_py
[2.977s] copying moveit_configs_utils/moveit_configs_builder.py -> /home/suwi/ros2_4dof_arm/build/moveit_configs_utils/build/lib/moveit_configs_utils
[2.978s] copying moveit_configs_utils/launch_utils.py -> /home/suwi/ros2_4dof_arm/build/moveit_configs_utils/build/lib/moveit_configs_utils
[2.979s] copying moveit_configs_utils/launches.py -> /home/suwi/ros2_4dof_arm/build/moveit_configs_utils/build/lib/moveit_configs_utils
[2.979s] copying moveit_configs_utils/__init__.py -> /home/suwi/ros2_4dof_arm/build/moveit_configs_utils/build/lib/moveit_configs_utils
[2.980s] copying moveit_configs_utils/substitutions/__init__.py -> /home/suwi/ros2_4dof_arm/build/moveit_configs_utils/build/lib/moveit_configs_utils/substitutions
[2.980s] copying moveit_configs_utils/substitutions/xacro.py -> /home/suwi/ros2_4dof_arm/build/moveit_configs_utils/build/lib/moveit_configs_utils/substitutions
[2.982s] running install
[2.982s] running install_lib
[2.983s] copying /home/suwi/ros2_4dof_arm/build/moveit_configs_utils/build/lib/moveit_configs_utils/moveit_configs_builder.py -> /home/suwi/ros2_4dof_arm/install/moveit_configs_utils/lib/python3.10/site-packages/moveit_configs_utils
[2.984s] copying /home/suwi/ros2_4dof_arm/build/moveit_configs_utils/build/lib/moveit_configs_utils/substitutions/__init__.py -> /home/suwi/ros2_4dof_arm/install/moveit_configs_utils/lib/python3.10/site-packages/moveit_configs_utils/substitutions
[2.985s] copying /home/suwi/ros2_4dof_arm/build/moveit_configs_utils/build/lib/moveit_configs_utils/substitutions/xacro.py -> /home/suwi/ros2_4dof_arm/install/moveit_configs_utils/lib/python3.10/site-packages/moveit_configs_utils/substitutions
[2.986s] copying /home/suwi/ros2_4dof_arm/build/moveit_configs_utils/build/lib/moveit_configs_utils/launch_utils.py -> /home/suwi/ros2_4dof_arm/install/moveit_configs_utils/lib/python3.10/site-packages/moveit_configs_utils
[2.986s] copying /home/suwi/ros2_4dof_arm/build/moveit_configs_utils/build/lib/moveit_configs_utils/launches.py -> /home/suwi/ros2_4dof_arm/install/moveit_configs_utils/lib/python3.10/site-packages/moveit_configs_utils
[2.987s] copying /home/suwi/ros2_4dof_arm/build/moveit_configs_utils/build/lib/moveit_configs_utils/__init__.py -> /home/suwi/ros2_4dof_arm/install/moveit_configs_utils/lib/python3.10/site-packages/moveit_configs_utils
[2.988s] byte-compiling /home/suwi/ros2_4dof_arm/install/moveit_configs_utils/lib/python3.10/site-packages/moveit_configs_utils/moveit_configs_builder.py to moveit_configs_builder.cpython-310.pyc
[2.997s] byte-compiling /home/suwi/ros2_4dof_arm/install/moveit_configs_utils/lib/python3.10/site-packages/moveit_configs_utils/substitutions/__init__.py to __init__.cpython-310.pyc
[2.998s] byte-compiling /home/suwi/ros2_4dof_arm/install/moveit_configs_utils/lib/python3.10/site-packages/moveit_configs_utils/substitutions/xacro.py to xacro.cpython-310.pyc
[2.999s] byte-compiling /home/suwi/ros2_4dof_arm/install/moveit_configs_utils/lib/python3.10/site-packages/moveit_configs_utils/launch_utils.py to launch_utils.cpython-310.pyc
[3.000s] byte-compiling /home/suwi/ros2_4dof_arm/install/moveit_configs_utils/lib/python3.10/site-packages/moveit_configs_utils/launches.py to launches.cpython-310.pyc
[3.001s] byte-compiling /home/suwi/ros2_4dof_arm/install/moveit_configs_utils/lib/python3.10/site-packages/moveit_configs_utils/__init__.py to __init__.cpython-310.pyc
[3.002s] running install_data
[3.002s] copying resource/moveit_configs_utils -> /home/suwi/ros2_4dof_arm/install/moveit_configs_utils/share/ament_index/resource_index/packages
[3.003s] copying package.xml -> /home/suwi/ros2_4dof_arm/install/moveit_configs_utils/share/moveit_configs_utils
[3.004s] copying default_configs/chomp_planning.yaml -> /home/suwi/ros2_4dof_arm/install/moveit_configs_utils/share/moveit_configs_utils/default_configs
[3.005s] copying default_configs/ompl_defaults.yaml -> /home/suwi/ros2_4dof_arm/install/moveit_configs_utils/share/moveit_configs_utils/default_configs
[3.006s] copying default_configs/ompl_planning.yaml -> /home/suwi/ros2_4dof_arm/install/moveit_configs_utils/share/moveit_configs_utils/default_configs
[3.006s] copying default_configs/pilz_industrial_motion_planner_planning.yaml -> /home/suwi/ros2_4dof_arm/install/moveit_configs_utils/share/moveit_configs_utils/default_configs
[3.006s] running install_egg_info
[3.010s] removing '/home/suwi/ros2_4dof_arm/install/moveit_configs_utils/lib/python3.10/site-packages/moveit_configs_utils-2.5.8-py3.10.egg-info' (and everything under it)
[3.011s] Copying ../../../build/moveit_configs_utils/moveit_configs_utils.egg-info to /home/suwi/ros2_4dof_arm/install/moveit_configs_utils/lib/python3.10/site-packages/moveit_configs_utils-2.5.8-py3.10.egg-info
[3.015s] running install_scripts
[3.055s] writing list of installed files to '/home/suwi/ros2_4dof_arm/build/moveit_configs_utils/install.log'
[3.085s] Invoked command in '/home/suwi/ros2_4dof_arm/src/moveit2/moveit_configs_utils' returned '0': PYTHONPATH=/home/suwi/ros2_4dof_arm/build/moveit_configs_utils/prefix_override:/usr/lib/python3/dist-packages/colcon_core/task/python/colcon_distutils_commands:/home/suwi/ros2_4dof_arm/install/moveit_configs_utils/lib/python3.10/site-packages:${PYTHONPATH} /usr/bin/python3 -W ignore:setup.py install is deprecated -W ignore:easy_install command is deprecated setup.py egg_info --egg-base ../../../build/moveit_configs_utils build --build-base /home/suwi/ros2_4dof_arm/build/moveit_configs_utils/build install --record /home/suwi/ros2_4dof_arm/build/moveit_configs_utils/install.log --single-version-externally-managed install_data
