[0.052s] Invoking command in '/home/suwi/ros2_4dof_arm/build/four_dof_arm': CMAKE_PREFIX_PATH=${CMAKE_PREFIX_PATH}:/home/suwi/ros2_ws_prac/install/pub_sub /usr/bin/cmake --build /home/suwi/ros2_4dof_arm/build/four_dof_arm -- -j8 -l8
[0.239s] Invoked command in '/home/suwi/ros2_4dof_arm/build/four_dof_arm' returned '0': CMAKE_PREFIX_PATH=${CMAKE_PREFIX_PATH}:/home/suwi/ros2_ws_prac/install/pub_sub /usr/bin/cmake --build /home/suwi/ros2_4dof_arm/build/four_dof_arm -- -j8 -l8
[0.282s] Invoking command in '/home/suwi/ros2_4dof_arm/build/four_dof_arm': CMAKE_PREFIX_PATH=${CMAKE_PREFIX_PATH}:/home/suwi/ros2_ws_prac/install/pub_sub /usr/bin/cmake --install /home/suwi/ros2_4dof_arm/build/four_dof_arm
[0.314s] -- Install configuration: ""
[0.315s] -- Execute custom install script
[0.316s] -- Up-to-date symlink: /home/suwi/ros2_4dof_arm/install/four_dof_arm/share/ament_index/resource_index/package_run_dependencies/four_dof_arm
[0.317s] -- Up-to-date symlink: /home/suwi/ros2_4dof_arm/install/four_dof_arm/share/ament_index/resource_index/parent_prefix_path/four_dof_arm
[0.318s] -- Up-to-date symlink: /home/suwi/ros2_4dof_arm/install/four_dof_arm/share/four_dof_arm/environment/ament_prefix_path.sh
[0.319s] -- Up-to-date symlink: /home/suwi/ros2_4dof_arm/install/four_dof_arm/share/four_dof_arm/environment/ament_prefix_path.dsv
[0.320s] -- Up-to-date symlink: /home/suwi/ros2_4dof_arm/install/four_dof_arm/share/four_dof_arm/environment/path.sh
[0.320s] -- Up-to-date symlink: /home/suwi/ros2_4dof_arm/install/four_dof_arm/share/four_dof_arm/environment/path.dsv
[0.321s] -- Up-to-date symlink: /home/suwi/ros2_4dof_arm/install/four_dof_arm/share/four_dof_arm/local_setup.bash
[0.322s] -- Up-to-date symlink: /home/suwi/ros2_4dof_arm/install/four_dof_arm/share/four_dof_arm/local_setup.sh
[0.322s] -- Up-to-date symlink: /home/suwi/ros2_4dof_arm/install/four_dof_arm/share/four_dof_arm/local_setup.zsh
[0.323s] -- Up-to-date symlink: /home/suwi/ros2_4dof_arm/install/four_dof_arm/share/four_dof_arm/local_setup.dsv
[0.323s] -- Symlinking: /home/suwi/ros2_4dof_arm/install/four_dof_arm/share/four_dof_arm/package.dsv
[0.365s] -- Up-to-date symlink: /home/suwi/ros2_4dof_arm/install/four_dof_arm/share/ament_index/resource_index/packages/four_dof_arm
[0.365s] -- Up-to-date symlink: /home/suwi/ros2_4dof_arm/install/four_dof_arm/share/four_dof_arm/cmake/four_dof_armConfig.cmake
[0.366s] -- Up-to-date symlink: /home/suwi/ros2_4dof_arm/install/four_dof_arm/share/four_dof_arm/cmake/four_dof_armConfig-version.cmake
[0.366s] -- Up-to-date symlink: /home/suwi/ros2_4dof_arm/install/four_dof_arm/share/four_dof_arm/package.xml
[0.373s] Invoked command in '/home/suwi/ros2_4dof_arm/build/four_dof_arm' returned '0': CMAKE_PREFIX_PATH=${CMAKE_PREFIX_PATH}:/home/suwi/ros2_ws_prac/install/pub_sub /usr/bin/cmake --install /home/suwi/ros2_4dof_arm/build/four_dof_arm
