[2.162s] Invoking command in '/home/suwi/ros2_4dof_arm/src/gesture_control_pkg': PYTHONPATH=/home/suwi/ros2_4dof_arm/build/gesture_control_pkg/prefix_override:/usr/lib/python3/dist-packages/colcon_core/task/python/colcon_distutils_commands:/home/suwi/ros2_4dof_arm/install/gesture_control_pkg/lib/python3.10/site-packages:${PYTHONPATH} /usr/bin/python3 -W ignore:setup.py install is deprecated -W ignore:easy_install command is deprecated setup.py egg_info --egg-base ../../build/gesture_control_pkg build --build-base /home/suwi/ros2_4dof_arm/build/gesture_control_pkg/build install --record /home/suwi/ros2_4dof_arm/build/gesture_control_pkg/install.log --single-version-externally-managed install_data
[2.947s] running egg_info
[2.948s] writing ../../build/gesture_control_pkg/gesture_control_pkg.egg-info/PKG-INFO
[2.949s] writing dependency_links to ../../build/gesture_control_pkg/gesture_control_pkg.egg-info/dependency_links.txt
[2.949s] writing entry points to ../../build/gesture_control_pkg/gesture_control_pkg.egg-info/entry_points.txt
[2.951s] writing requirements to ../../build/gesture_control_pkg/gesture_control_pkg.egg-info/requires.txt
[2.951s] writing top-level names to ../../build/gesture_control_pkg/gesture_control_pkg.egg-info/top_level.txt
[2.956s] reading manifest file '../../build/gesture_control_pkg/gesture_control_pkg.egg-info/SOURCES.txt'
[2.960s] writing manifest file '../../build/gesture_control_pkg/gesture_control_pkg.egg-info/SOURCES.txt'
[2.962s] running build
[2.962s] running build_py
[2.963s] copying gesture_control_pkg/gesture_angle_publisher.py -> /home/suwi/ros2_4dof_arm/build/gesture_control_pkg/build/lib/gesture_control_pkg
[2.965s] running install
[2.966s] running install_lib
[2.969s] copying /home/suwi/ros2_4dof_arm/build/gesture_control_pkg/build/lib/gesture_control_pkg/gesture_angle_publisher.py -> /home/suwi/ros2_4dof_arm/install/gesture_control_pkg/lib/python3.10/site-packages/gesture_control_pkg
[2.972s] byte-compiling /home/suwi/ros2_4dof_arm/install/gesture_control_pkg/lib/python3.10/site-packages/gesture_control_pkg/gesture_angle_publisher.py to gesture_angle_publisher.cpython-310.pyc
[2.979s] running install_data
[2.980s] running install_egg_info
[2.985s] removing '/home/suwi/ros2_4dof_arm/install/gesture_control_pkg/lib/python3.10/site-packages/gesture_control_pkg-0.0.0-py3.10.egg-info' (and everything under it)
[2.987s] Copying ../../build/gesture_control_pkg/gesture_control_pkg.egg-info to /home/suwi/ros2_4dof_arm/install/gesture_control_pkg/lib/python3.10/site-packages/gesture_control_pkg-0.0.0-py3.10.egg-info
[2.994s] running install_scripts
[3.052s] Installing angle_to_joint_state_publisher script to /home/suwi/ros2_4dof_arm/install/gesture_control_pkg/lib/gesture_control_pkg
[3.053s] Installing gesture_angle_publisher script to /home/suwi/ros2_4dof_arm/install/gesture_control_pkg/lib/gesture_control_pkg
[3.054s] Installing gesture_joint_publisher script to /home/suwi/ros2_4dof_arm/install/gesture_control_pkg/lib/gesture_control_pkg
[3.054s] Installing manual_angle_publisher script to /home/suwi/ros2_4dof_arm/install/gesture_control_pkg/lib/gesture_control_pkg
[3.056s] writing list of installed files to '/home/suwi/ros2_4dof_arm/build/gesture_control_pkg/install.log'
[3.095s] Invoked command in '/home/suwi/ros2_4dof_arm/src/gesture_control_pkg' returned '0': PYTHONPATH=/home/suwi/ros2_4dof_arm/build/gesture_control_pkg/prefix_override:/usr/lib/python3/dist-packages/colcon_core/task/python/colcon_distutils_commands:/home/suwi/ros2_4dof_arm/install/gesture_control_pkg/lib/python3.10/site-packages:${PYTHONPATH} /usr/bin/python3 -W ignore:setup.py install is deprecated -W ignore:easy_install command is deprecated setup.py egg_info --egg-base ../../build/gesture_control_pkg build --build-base /home/suwi/ros2_4dof_arm/build/gesture_control_pkg/build install --record /home/suwi/ros2_4dof_arm/build/gesture_control_pkg/install.log --single-version-externally-managed install_data
