[0.041s] Invoking command in '/home/suwi/ros2_4dof_arm/build/moveit_resources_prbt_support': CMAKE_PREFIX_PATH=${CMAKE_PREFIX_PATH}:/home/suwi/ros2_ws_prac/install/pub_sub /usr/bin/cmake --build /home/suwi/ros2_4dof_arm/build/moveit_resources_prbt_support -- -j8 -l8
[0.221s] Invoked command in '/home/suwi/ros2_4dof_arm/build/moveit_resources_prbt_support' returned '0': CMAKE_PREFIX_PATH=${CMAKE_PREFIX_PATH}:/home/suwi/ros2_ws_prac/install/pub_sub /usr/bin/cmake --build /home/suwi/ros2_4dof_arm/build/moveit_resources_prbt_support -- -j8 -l8
[0.222s] Invoking command in '/home/suwi/ros2_4dof_arm/build/moveit_resources_prbt_support': CMAKE_PREFIX_PATH=${CMAKE_PREFIX_PATH}:/home/suwi/ros2_ws_prac/install/pub_sub /usr/bin/cmake --install /home/suwi/ros2_4dof_arm/build/moveit_resources_prbt_support
[0.255s] -- Install configuration: ""
[0.257s] -- Execute custom install script
[0.257s] -- Symlinking: /home/suwi/ros2_4dof_arm/install/moveit_resources_prbt_support/share/ament_index/resource_index/package_run_dependencies/moveit_resources_prbt_support
[0.297s] -- Symlinking: /home/suwi/ros2_4dof_arm/install/moveit_resources_prbt_support/share/ament_index/resource_index/parent_prefix_path/moveit_resources_prbt_support
[0.339s] -- Symlinking: /home/suwi/ros2_4dof_arm/install/moveit_resources_prbt_support/share/moveit_resources_prbt_support/environment/ament_prefix_path.sh
[0.380s] -- Symlinking: /home/suwi/ros2_4dof_arm/install/moveit_resources_prbt_support/share/moveit_resources_prbt_support/environment/ament_prefix_path.dsv
[0.417s] -- Symlinking: /home/suwi/ros2_4dof_arm/install/moveit_resources_prbt_support/share/moveit_resources_prbt_support/environment/path.sh
[0.459s] -- Symlinking: /home/suwi/ros2_4dof_arm/install/moveit_resources_prbt_support/share/moveit_resources_prbt_support/environment/path.dsv
[0.503s] -- Symlinking: /home/suwi/ros2_4dof_arm/install/moveit_resources_prbt_support/share/moveit_resources_prbt_support/local_setup.bash
[0.547s] -- Symlinking: /home/suwi/ros2_4dof_arm/install/moveit_resources_prbt_support/share/moveit_resources_prbt_support/local_setup.sh
[0.588s] -- Symlinking: /home/suwi/ros2_4dof_arm/install/moveit_resources_prbt_support/share/moveit_resources_prbt_support/local_setup.zsh
[0.637s] -- Symlinking: /home/suwi/ros2_4dof_arm/install/moveit_resources_prbt_support/share/moveit_resources_prbt_support/local_setup.dsv
[0.681s] -- Symlinking: /home/suwi/ros2_4dof_arm/install/moveit_resources_prbt_support/share/moveit_resources_prbt_support/package.dsv
[0.728s] -- Symlinking: /home/suwi/ros2_4dof_arm/install/moveit_resources_prbt_support/share/ament_index/resource_index/packages/moveit_resources_prbt_support
[0.772s] -- Symlinking: /home/suwi/ros2_4dof_arm/install/moveit_resources_prbt_support/share/moveit_resources_prbt_support/cmake/moveit_resources_prbt_supportConfig.cmake
[0.814s] -- Symlinking: /home/suwi/ros2_4dof_arm/install/moveit_resources_prbt_support/share/moveit_resources_prbt_support/cmake/moveit_resources_prbt_supportConfig-version.cmake
[0.855s] -- Symlinking: /home/suwi/ros2_4dof_arm/install/moveit_resources_prbt_support/share/moveit_resources_prbt_support/package.xml
[0.900s] -- Symlinking: /home/suwi/ros2_4dof_arm/install/moveit_resources_prbt_support/share/moveit_resources_prbt_support/urdf/prbt.ros2_control.xacro
[0.941s] -- Symlinking: /home/suwi/ros2_4dof_arm/install/moveit_resources_prbt_support/share/moveit_resources_prbt_support/urdf/prbt.xacro
[0.981s] -- Symlinking: /home/suwi/ros2_4dof_arm/install/moveit_resources_prbt_support/share/moveit_resources_prbt_support/urdf/prbt_macro.xacro
[1.028s] -- Symlinking: /home/suwi/ros2_4dof_arm/install/moveit_resources_prbt_support/share/moveit_resources_prbt_support/urdf/simple_gripper_brackets.urdf.xacro
[1.074s] -- Symlinking: /home/suwi/ros2_4dof_arm/install/moveit_resources_prbt_support/share/moveit_resources_prbt_support/meshes/flange.dae
[1.116s] -- Symlinking: /home/suwi/ros2_4dof_arm/install/moveit_resources_prbt_support/share/moveit_resources_prbt_support/meshes/flange.stl
[1.161s] -- Symlinking: /home/suwi/ros2_4dof_arm/install/moveit_resources_prbt_support/share/moveit_resources_prbt_support/meshes/foot.dae
[1.213s] -- Symlinking: /home/suwi/ros2_4dof_arm/install/moveit_resources_prbt_support/share/moveit_resources_prbt_support/meshes/foot.stl
[1.253s] -- Symlinking: /home/suwi/ros2_4dof_arm/install/moveit_resources_prbt_support/share/moveit_resources_prbt_support/meshes/link_1.dae
[1.302s] -- Symlinking: /home/suwi/ros2_4dof_arm/install/moveit_resources_prbt_support/share/moveit_resources_prbt_support/meshes/link_1.stl
[1.344s] -- Symlinking: /home/suwi/ros2_4dof_arm/install/moveit_resources_prbt_support/share/moveit_resources_prbt_support/meshes/link_2.dae
[1.385s] -- Symlinking: /home/suwi/ros2_4dof_arm/install/moveit_resources_prbt_support/share/moveit_resources_prbt_support/meshes/link_2.stl
[1.428s] -- Symlinking: /home/suwi/ros2_4dof_arm/install/moveit_resources_prbt_support/share/moveit_resources_prbt_support/meshes/link_3.dae
[1.471s] -- Symlinking: /home/suwi/ros2_4dof_arm/install/moveit_resources_prbt_support/share/moveit_resources_prbt_support/meshes/link_3.stl
[1.512s] -- Symlinking: /home/suwi/ros2_4dof_arm/install/moveit_resources_prbt_support/share/moveit_resources_prbt_support/meshes/link_4.dae
[1.553s] -- Symlinking: /home/suwi/ros2_4dof_arm/install/moveit_resources_prbt_support/share/moveit_resources_prbt_support/meshes/link_4.stl
[1.596s] -- Symlinking: /home/suwi/ros2_4dof_arm/install/moveit_resources_prbt_support/share/moveit_resources_prbt_support/meshes/link_5.dae
[1.637s] -- Symlinking: /home/suwi/ros2_4dof_arm/install/moveit_resources_prbt_support/share/moveit_resources_prbt_support/meshes/link_5.stl
[1.681s] -- Symlinking: /home/suwi/ros2_4dof_arm/install/moveit_resources_prbt_support/share/moveit_resources_prbt_support/config/manipulator_controller.yaml
[1.723s] -- Symlinking: /home/suwi/ros2_4dof_arm/install/moveit_resources_prbt_support/share/moveit_resources_prbt_support/config/manipulator_driver.yaml
[1.765s] -- Symlinking: /home/suwi/ros2_4dof_arm/install/moveit_resources_prbt_support/share/moveit_resources_prbt_support/config/prbt_0_1.dcf
[1.814s] Invoked command in '/home/suwi/ros2_4dof_arm/build/moveit_resources_prbt_support' returned '0': CMAKE_PREFIX_PATH=${CMAKE_PREFIX_PATH}:/home/suwi/ros2_ws_prac/install/pub_sub /usr/bin/cmake --install /home/suwi/ros2_4dof_arm/build/moveit_resources_prbt_support
