[0.114s] Invoking command in '/home/suwi/ros2_4dof_arm/build/moveit_core': CMAKE_PREFIX_PATH=/home/suwi/ros2_4dof_arm/install/moveit_resources_panda_moveit_config:/home/suwi/ros2_4dof_arm/install/moveit_resources_pr2_description:/home/suwi/ros2_4dof_arm/install/moveit_resources_panda_description:/home/suwi/ros2_4dof_arm/install/moveit_msgs:/home/suwi/ros2_4dof_arm/install/moveit_common:/home/suwi/ros2_4dof_arm/install/pilz_industrial_motion_planner_testutils:/home/suwi/ros2_4dof_arm/install/moveit_runtime:/home/suwi/ros2_4dof_arm/install/moveit:/home/suwi/ros2_4dof_arm/install/moveit_planners:/home/suwi/ros2_4dof_arm/install/pilz_industrial_motion_planner:/home/suwi/ros2_4dof_arm/install/moveit_ros_control_interface:/home/suwi/ros2_4dof_arm/install/moveit_plugins:/home/suwi/ros2_4dof_arm/install/moveit_simple_controller_manager:/home/suwi/ros2_4dof_arm/install/moveit_setup_assistant:/home/suwi/ros2_4dof_arm/install/moveit_setup_srdf_plugins:/home/suwi/ros2_4dof_arm/install/moveit_setup_core_plugins:/home/suwi/ros2_4dof_arm/install/moveit_setup_controllers:/home/suwi/ros2_4dof_arm/install/moveit_setup_app_plugins:/home/suwi/ros2_4dof_arm/install/moveit_setup_framework:/home/suwi/ros2_4dof_arm/install/moveit_servo:/home/suwi/ros2_4dof_arm/install/moveit_ros:/home/suwi/ros2_4dof_arm/install/moveit_ros_visualization:/home/suwi/ros2_4dof_arm/install/moveit_hybrid_planning:/home/suwi/ros2_4dof_arm/install/moveit_ros_planning_interface:/home/suwi/ros2_4dof_arm/install/moveit_ros_benchmarks:/home/suwi/ros2_4dof_arm/install/moveit_ros_warehouse:/home/suwi/ros2_4dof_arm/install/moveit_ros_robot_interaction:/home/suwi/ros2_4dof_arm/install/moveit_ros_perception:/home/suwi/ros2_4dof_arm/install/moveit_resources_prbt_pg70_support:/home/suwi/ros2_4dof_arm/install/moveit_resources_prbt_moveit_config:/home/suwi/ros2_4dof_arm/install/moveit_ros_move_group:/home/suwi/ros2_4dof_arm/install/moveit_planners_ompl:/home/suwi/ros2_4dof_arm/install/moveit_ros_planning:/home/suwi/ros2_4dof_arm/install/moveit_ros_occupancy_map_monitor:/home/suwi/ros2_4dof_arm/install/moveit_resources_prbt_ikfast_manipulator_plugin:/home/suwi/ros2_4dof_arm/install/moveit_planners_chomp:/home/suwi/ros2_4dof_arm/install/moveit_kinematics:/home/suwi/ros2_4dof_arm/install/moveit_chomp_optimizer_adapter:/home/suwi/ros2_4dof_arm/install/chomp_motion_planner:/home/suwi/ros2_4dof_arm/install/moveit_core:/home/suwi/ros2_4dof_arm/install/moveit_resources_prbt_support:/home/suwi/ros2_4dof_arm/install/moveit_resources:/home/suwi/ros2_4dof_arm/install/moveit_resources_fanuc_moveit_config:/home/suwi/ros2_4dof_arm/install/moveit_resources_fanuc_description:/home/suwi/ros2_4dof_arm/src/four_dof_arm/install/four_dof_arm:/home/suwi/ros2_4dof_arm/install/four_dof_arm:/opt/ros/humble:/opt/ros/humble:/home/suwi/ros2_ws_prac/install/my_robot_control:/path/to/object_recognition_msgs/install:/home/suwi/ros2_4dof_arm/install/moveit_configs_utils:/home/suwi/ros2_ws_prac/install/pub_sub LD_LIBRARY_PATH=/home/suwi/ros2_4dof_arm/install/moveit_msgs/lib:/home/suwi/ros2_4dof_arm/install/pilz_industrial_motion_planner_testutils/lib:/home/suwi/ros2_4dof_arm/install/pilz_industrial_motion_planner/lib:/home/suwi/ros2_4dof_arm/install/moveit_ros_control_interface/lib:/home/suwi/ros2_4dof_arm/install/moveit_simple_controller_manager/lib:/home/suwi/ros2_4dof_arm/install/moveit_setup_assistant/lib:/home/suwi/ros2_4dof_arm/install/moveit_setup_srdf_plugins/lib:/home/suwi/ros2_4dof_arm/install/moveit_setup_core_plugins/lib:/home/suwi/ros2_4dof_arm/install/moveit_setup_controllers/lib:/home/suwi/ros2_4dof_arm/install/moveit_setup_app_plugins/lib:/home/suwi/ros2_4dof_arm/install/moveit_setup_framework/lib:/home/suwi/ros2_4dof_arm/install/moveit_servo/lib:/home/suwi/ros2_4dof_arm/install/moveit_ros_visualization/lib:/home/suwi/ros2_4dof_arm/install/moveit_hybrid_planning/lib:/home/suwi/ros2_4dof_arm/install/moveit_ros_planning_interface/lib:/home/suwi/ros2_4dof_arm/install/moveit_ros_benchmarks/lib:/home/suwi/ros2_4dof_arm/install/moveit_ros_warehouse/lib:/home/suwi/ros2_4dof_arm/install/moveit_ros_robot_interaction/lib:/home/suwi/ros2_4dof_arm/install/moveit_ros_perception/lib:/home/suwi/ros2_4dof_arm/install/moveit_ros_move_group/lib:/home/suwi/ros2_4dof_arm/install/moveit_planners_ompl/lib:/home/suwi/ros2_4dof_arm/install/moveit_ros_planning/lib:/home/suwi/ros2_4dof_arm/install/moveit_ros_occupancy_map_monitor/lib:/home/suwi/ros2_4dof_arm/install/moveit_resources_prbt_ikfast_manipulator_plugin/lib:/home/suwi/ros2_4dof_arm/install/moveit_planners_chomp/lib:/home/suwi/ros2_4dof_arm/install/moveit_kinematics/lib:/home/suwi/ros2_4dof_arm/install/moveit_chomp_optimizer_adapter/lib:/home/suwi/ros2_4dof_arm/install/chomp_motion_planner/lib:/home/suwi/ros2_4dof_arm/install/moveit_core/lib:/opt/ros/humble/opt/rviz_ogre_vendor/lib:/opt/ros/humble/lib/x86_64-linux-gnu:/opt/ros/humble/lib /usr/bin/cmake --build /home/suwi/ros2_4dof_arm/build/moveit_core -- -j8 -l8
[0.598s] [35m[1mConsolidate compiler generated dependencies of target moveit_exceptions[0m
[0.607s] [35m[1mConsolidate compiler generated dependencies of target moveit_transforms[0m
[0.612s] [35m[1mConsolidate compiler generated dependencies of target moveit_utils[0m
[0.614s] [35m[1mConsolidate compiler generated dependencies of target gtest_main[0m
[0.619s] [35m[1mConsolidate compiler generated dependencies of target moveit_kinematics_base[0m
[0.628s] [35m[1mConsolidate compiler generated dependencies of target moveit_distance_field[0m
[0.629s] [35m[1mConsolidate compiler generated dependencies of target gmock[0m
[0.634s] [35m[1mConsolidate compiler generated dependencies of target gtest[0m
[0.746s] [  1%] Built target moveit_exceptions
[0.780s] [  2%] Built target gtest_main
[0.794s] [  5%] Built target moveit_utils
[0.802s] [  7%] Built target gmock
[0.817s] [  8%] Built target gtest
[0.851s] [  9%] Built target moveit_kinematics_base
[0.857s] [ 10%] Built target moveit_transforms
[0.883s] [35m[1mConsolidate compiler generated dependencies of target gmock_main[0m
[0.910s] [35m[1mConsolidate compiler generated dependencies of target moveit_smoothing_base[0m
[0.940s] [35m[1mConsolidate compiler generated dependencies of target moveit_version[0m
[0.968s] [ 13%] Built target moveit_distance_field
[0.996s] [35m[1mConsolidate compiler generated dependencies of target test_transforms[0m
[1.012s] [35m[1mConsolidate compiler generated dependencies of target moveit_robot_model[0m
[1.017s] [ 14%] Built target gmock_main
[1.036s] [ 16%] Built target moveit_butterworth_parameters
[1.068s] [ 17%] Built target moveit_version
[1.095s] [35m[1mConsolidate compiler generated dependencies of target test_voxel_grid[0m
[1.107s] [35m[1mConsolidate compiler generated dependencies of target test_distance_field[0m
[1.111s] [ 18%] Built target moveit_smoothing_base
[1.161s] [ 19%] Built target test_transforms
[1.274s] [ 20%] Built target test_voxel_grid
[1.338s] [ 21%] Built target test_distance_field
[1.385s] [ 27%] Built target moveit_robot_model
[1.498s] [35m[1mConsolidate compiler generated dependencies of target moveit_test_utils[0m
[1.499s] [35m[1mConsolidate compiler generated dependencies of target moveit_butterworth_filter[0m
[1.506s] [35m[1mConsolidate compiler generated dependencies of target moveit_robot_state[0m
[1.709s] [ 28%] Built target moveit_butterworth_filter
[1.714s] [ 30%] Built target moveit_test_utils
[1.809s] [ 33%] Built target moveit_robot_state
[1.823s] [35m[1mConsolidate compiler generated dependencies of target test_butterworth_filter[0m
[1.830s] [35m[1mConsolidate compiler generated dependencies of target test_robot_model[0m
[1.942s] [35m[1mConsolidate compiler generated dependencies of target moveit_dynamics_solver[0m
[1.949s] [35m[1mConsolidate compiler generated dependencies of target moveit_robot_trajectory[0m
[1.959s] [35m[1mConsolidate compiler generated dependencies of target test_robot_state_benchmark[0m
[1.977s] [35m[1mConsolidate compiler generated dependencies of target moveit_kinematics_metrics[0m
[1.981s] [35m[1mConsolidate compiler generated dependencies of target test_robot_state[0m
[1.993s] [35m[1mConsolidate compiler generated dependencies of target moveit_collision_detection[0m
[2.053s] [ 34%] Built target test_robot_model
[2.066s] [ 35%] Built target test_butterworth_filter
[2.177s] [ 36%] Built target moveit_dynamics_solver
[2.188s] [ 37%] Built target moveit_kinematics_metrics
[2.188s] [35m[1mConsolidate compiler generated dependencies of target test_robot_state_complex[0m
[2.203s] [35m[1mConsolidate compiler generated dependencies of target test_aabb[0m
[2.212s] [ 38%] Built target test_robot_state_benchmark
[2.214s] [ 39%] Built target moveit_robot_trajectory
[2.260s] [ 41%] Built target test_robot_state
[2.308s] [35m[1mConsolidate compiler generated dependencies of target test_cartesian_interpolator[0m
[2.353s] [35m[1mConsolidate compiler generated dependencies of target test_robot_trajectory[0m
[2.362s] [35m[1mConsolidate compiler generated dependencies of target moveit_planning_interface[0m
[2.370s] [35m[1mConsolidate compiler generated dependencies of target moveit_trajectory_processing[0m
[2.409s] [ 42%] Built target test_robot_state_complex
[2.438s] [ 43%] Built target test_aabb
[2.445s] [ 48%] Built target moveit_collision_detection
[2.544s] [ 49%] Built target test_cartesian_interpolator
[2.578s] [35m[1mConsolidate compiler generated dependencies of target test_world[0m
[2.583s] [35m[1mConsolidate compiler generated dependencies of target test_world_diff[0m
[2.589s] [ 50%] Built target test_robot_trajectory
[2.599s] [35m[1mConsolidate compiler generated dependencies of target test_all_valid[0m
[2.611s] [35m[1mConsolidate compiler generated dependencies of target moveit_collision_detection_fcl[0m
[2.646s] [ 52%] Built target moveit_planning_interface
[2.701s] [ 55%] Built target moveit_trajectory_processing
[2.715s] [35m[1mConsolidate compiler generated dependencies of target moveit_collision_detection_bullet[0m
[2.757s] [ 56%] Built target test_world
[2.762s] [ 58%] Built target test_world_diff
[2.820s] [ 59%] Built target test_all_valid
[2.828s] [35m[1mConsolidate compiler generated dependencies of target test_time_parameterization[0m
[2.842s] [35m[1mConsolidate compiler generated dependencies of target test_time_optimal_trajectory_generation[0m
[2.848s] [35m[1mConsolidate compiler generated dependencies of target test_ruckig_traj_smoothing[0m
[2.949s] [ 61%] Built target moveit_collision_detection_fcl
[3.039s] [ 62%] Built target test_time_parameterization
[3.056s] [ 64%] Built target test_time_optimal_trajectory_generation
[3.079s] [ 65%] Built target test_ruckig_traj_smoothing
[3.079s] [35m[1mConsolidate compiler generated dependencies of target moveit_kinematic_constraints[0m
[3.091s] [35m[1mConsolidate compiler generated dependencies of target test_fcl_collision_env[0m
[3.109s] [35m[1mConsolidate compiler generated dependencies of target test_fcl_collision_detection_panda[0m
[3.112s] [35m[1mConsolidate compiler generated dependencies of target test_fcl_collision_detection[0m
[3.119s] [ 70%] Built target moveit_collision_detection_bullet
[3.238s] [35m[1mConsolidate compiler generated dependencies of target test_bullet_collision_detection_panda[0m
[3.245s] [35m[1mConsolidate compiler generated dependencies of target test_bullet_collision_detection[0m
[3.250s] [35m[1mConsolidate compiler generated dependencies of target test_bullet_continuous_collision_checking[0m
[3.356s] [ 71%] Built target test_fcl_collision_env
[3.362s] [ 73%] Built target moveit_kinematic_constraints
[3.382s] [ 75%] Built target test_fcl_collision_detection_panda
[3.394s] [ 76%] Built target test_fcl_collision_detection
[3.474s] [ 78%] Built target test_bullet_collision_detection_panda
[3.476s] [35m[1mConsolidate compiler generated dependencies of target moveit_planning_scene[0m
[3.490s] [ 80%] Built target test_bullet_collision_detection
[3.490s] [ 80%] Built target test_bullet_continuous_collision_checking
[3.491s] [35m[1mConsolidate compiler generated dependencies of target test_constraints[0m
[3.492s] [35m[1mConsolidate compiler generated dependencies of target test_orientation_constraints[0m
[3.688s] [ 81%] Built target test_constraints
[3.690s] [ 82%] Built target test_orientation_constraints
[3.756s] [ 84%] Built target moveit_planning_scene
[3.896s] [35m[1mConsolidate compiler generated dependencies of target test_planning_scene[0m
[3.904s] [35m[1mConsolidate compiler generated dependencies of target test_collision_objects[0m
[3.916s] [35m[1mConsolidate compiler generated dependencies of target collision_detector_bullet_plugin[0m
[3.916s] [35m[1mConsolidate compiler generated dependencies of target moveit_constraint_samplers[0m
[3.917s] [35m[1mConsolidate compiler generated dependencies of target collision_detector_fcl_plugin[0m
[3.917s] [35m[1mConsolidate compiler generated dependencies of target moveit_collision_distance_field[0m
[3.926s] [35m[1mConsolidate compiler generated dependencies of target moveit_planning_request_adapter[0m
[3.930s] [35m[1mConsolidate compiler generated dependencies of target test_multi_threaded[0m
[4.162s] [ 85%] Built target test_planning_scene
[4.163s] [ 86%] Built target test_collision_objects
[4.184s] [ 87%] Built target test_multi_threaded
[4.191s] [ 88%] Built target collision_detector_bullet_plugin
[4.200s] [ 89%] Built target collision_detector_fcl_plugin
[4.203s] [ 90%] Built target moveit_planning_request_adapter
[4.251s] [ 93%] Built target moveit_constraint_samplers
[4.295s] [ 96%] Built target moveit_collision_distance_field
[4.369s] [35m[1mConsolidate compiler generated dependencies of target test_constraint_samplers[0m
[4.406s] [35m[1mConsolidate compiler generated dependencies of target test_collision_distance_field[0m
[4.628s] [ 97%] Built target test_collision_distance_field
[4.636s] [100%] Built target test_constraint_samplers
[4.719s] Invoked command in '/home/suwi/ros2_4dof_arm/build/moveit_core' returned '0': CMAKE_PREFIX_PATH=/home/suwi/ros2_4dof_arm/install/moveit_resources_panda_moveit_config:/home/suwi/ros2_4dof_arm/install/moveit_resources_pr2_description:/home/suwi/ros2_4dof_arm/install/moveit_resources_panda_description:/home/suwi/ros2_4dof_arm/install/moveit_msgs:/home/suwi/ros2_4dof_arm/install/moveit_common:/home/suwi/ros2_4dof_arm/install/pilz_industrial_motion_planner_testutils:/home/suwi/ros2_4dof_arm/install/moveit_runtime:/home/suwi/ros2_4dof_arm/install/moveit:/home/suwi/ros2_4dof_arm/install/moveit_planners:/home/suwi/ros2_4dof_arm/install/pilz_industrial_motion_planner:/home/suwi/ros2_4dof_arm/install/moveit_ros_control_interface:/home/suwi/ros2_4dof_arm/install/moveit_plugins:/home/suwi/ros2_4dof_arm/install/moveit_simple_controller_manager:/home/suwi/ros2_4dof_arm/install/moveit_setup_assistant:/home/suwi/ros2_4dof_arm/install/moveit_setup_srdf_plugins:/home/suwi/ros2_4dof_arm/install/moveit_setup_core_plugins:/home/suwi/ros2_4dof_arm/install/moveit_setup_controllers:/home/suwi/ros2_4dof_arm/install/moveit_setup_app_plugins:/home/suwi/ros2_4dof_arm/install/moveit_setup_framework:/home/suwi/ros2_4dof_arm/install/moveit_servo:/home/suwi/ros2_4dof_arm/install/moveit_ros:/home/suwi/ros2_4dof_arm/install/moveit_ros_visualization:/home/suwi/ros2_4dof_arm/install/moveit_hybrid_planning:/home/suwi/ros2_4dof_arm/install/moveit_ros_planning_interface:/home/suwi/ros2_4dof_arm/install/moveit_ros_benchmarks:/home/suwi/ros2_4dof_arm/install/moveit_ros_warehouse:/home/suwi/ros2_4dof_arm/install/moveit_ros_robot_interaction:/home/suwi/ros2_4dof_arm/install/moveit_ros_perception:/home/suwi/ros2_4dof_arm/install/moveit_resources_prbt_pg70_support:/home/suwi/ros2_4dof_arm/install/moveit_resources_prbt_moveit_config:/home/suwi/ros2_4dof_arm/install/moveit_ros_move_group:/home/suwi/ros2_4dof_arm/install/moveit_planners_ompl:/home/suwi/ros2_4dof_arm/install/moveit_ros_planning:/home/suwi/ros2_4dof_arm/install/moveit_ros_occupancy_map_monitor:/home/suwi/ros2_4dof_arm/install/moveit_resources_prbt_ikfast_manipulator_plugin:/home/suwi/ros2_4dof_arm/install/moveit_planners_chomp:/home/suwi/ros2_4dof_arm/install/moveit_kinematics:/home/suwi/ros2_4dof_arm/install/moveit_chomp_optimizer_adapter:/home/suwi/ros2_4dof_arm/install/chomp_motion_planner:/home/suwi/ros2_4dof_arm/install/moveit_core:/home/suwi/ros2_4dof_arm/install/moveit_resources_prbt_support:/home/suwi/ros2_4dof_arm/install/moveit_resources:/home/suwi/ros2_4dof_arm/install/moveit_resources_fanuc_moveit_config:/home/suwi/ros2_4dof_arm/install/moveit_resources_fanuc_description:/home/suwi/ros2_4dof_arm/src/four_dof_arm/install/four_dof_arm:/home/suwi/ros2_4dof_arm/install/four_dof_arm:/opt/ros/humble:/opt/ros/humble:/home/suwi/ros2_ws_prac/install/my_robot_control:/path/to/object_recognition_msgs/install:/home/suwi/ros2_4dof_arm/install/moveit_configs_utils:/home/suwi/ros2_ws_prac/install/pub_sub LD_LIBRARY_PATH=/home/suwi/ros2_4dof_arm/install/moveit_msgs/lib:/home/suwi/ros2_4dof_arm/install/pilz_industrial_motion_planner_testutils/lib:/home/suwi/ros2_4dof_arm/install/pilz_industrial_motion_planner/lib:/home/suwi/ros2_4dof_arm/install/moveit_ros_control_interface/lib:/home/suwi/ros2_4dof_arm/install/moveit_simple_controller_manager/lib:/home/suwi/ros2_4dof_arm/install/moveit_setup_assistant/lib:/home/suwi/ros2_4dof_arm/install/moveit_setup_srdf_plugins/lib:/home/suwi/ros2_4dof_arm/install/moveit_setup_core_plugins/lib:/home/suwi/ros2_4dof_arm/install/moveit_setup_controllers/lib:/home/suwi/ros2_4dof_arm/install/moveit_setup_app_plugins/lib:/home/suwi/ros2_4dof_arm/install/moveit_setup_framework/lib:/home/suwi/ros2_4dof_arm/install/moveit_servo/lib:/home/suwi/ros2_4dof_arm/install/moveit_ros_visualization/lib:/home/suwi/ros2_4dof_arm/install/moveit_hybrid_planning/lib:/home/suwi/ros2_4dof_arm/install/moveit_ros_planning_interface/lib:/home/suwi/ros2_4dof_arm/install/moveit_ros_benchmarks/lib:/home/suwi/ros2_4dof_arm/install/moveit_ros_warehouse/lib:/home/suwi/ros2_4dof_arm/install/moveit_ros_robot_interaction/lib:/home/suwi/ros2_4dof_arm/install/moveit_ros_perception/lib:/home/suwi/ros2_4dof_arm/install/moveit_ros_move_group/lib:/home/suwi/ros2_4dof_arm/install/moveit_planners_ompl/lib:/home/suwi/ros2_4dof_arm/install/moveit_ros_planning/lib:/home/suwi/ros2_4dof_arm/install/moveit_ros_occupancy_map_monitor/lib:/home/suwi/ros2_4dof_arm/install/moveit_resources_prbt_ikfast_manipulator_plugin/lib:/home/suwi/ros2_4dof_arm/install/moveit_planners_chomp/lib:/home/suwi/ros2_4dof_arm/install/moveit_kinematics/lib:/home/suwi/ros2_4dof_arm/install/moveit_chomp_optimizer_adapter/lib:/home/suwi/ros2_4dof_arm/install/chomp_motion_planner/lib:/home/suwi/ros2_4dof_arm/install/moveit_core/lib:/opt/ros/humble/opt/rviz_ogre_vendor/lib:/opt/ros/humble/lib/x86_64-linux-gnu:/opt/ros/humble/lib /usr/bin/cmake --build /home/suwi/ros2_4dof_arm/build/moveit_core -- -j8 -l8
[4.737s] Invoking command in '/home/suwi/ros2_4dof_arm/build/moveit_core': CMAKE_PREFIX_PATH=/home/suwi/ros2_4dof_arm/install/moveit_resources_panda_moveit_config:/home/suwi/ros2_4dof_arm/install/moveit_resources_pr2_description:/home/suwi/ros2_4dof_arm/install/moveit_resources_panda_description:/home/suwi/ros2_4dof_arm/install/moveit_msgs:/home/suwi/ros2_4dof_arm/install/moveit_common:/home/suwi/ros2_4dof_arm/install/pilz_industrial_motion_planner_testutils:/home/suwi/ros2_4dof_arm/install/moveit_runtime:/home/suwi/ros2_4dof_arm/install/moveit:/home/suwi/ros2_4dof_arm/install/moveit_planners:/home/suwi/ros2_4dof_arm/install/pilz_industrial_motion_planner:/home/suwi/ros2_4dof_arm/install/moveit_ros_control_interface:/home/suwi/ros2_4dof_arm/install/moveit_plugins:/home/suwi/ros2_4dof_arm/install/moveit_simple_controller_manager:/home/suwi/ros2_4dof_arm/install/moveit_setup_assistant:/home/suwi/ros2_4dof_arm/install/moveit_setup_srdf_plugins:/home/suwi/ros2_4dof_arm/install/moveit_setup_core_plugins:/home/suwi/ros2_4dof_arm/install/moveit_setup_controllers:/home/suwi/ros2_4dof_arm/install/moveit_setup_app_plugins:/home/suwi/ros2_4dof_arm/install/moveit_setup_framework:/home/suwi/ros2_4dof_arm/install/moveit_servo:/home/suwi/ros2_4dof_arm/install/moveit_ros:/home/suwi/ros2_4dof_arm/install/moveit_ros_visualization:/home/suwi/ros2_4dof_arm/install/moveit_hybrid_planning:/home/suwi/ros2_4dof_arm/install/moveit_ros_planning_interface:/home/suwi/ros2_4dof_arm/install/moveit_ros_benchmarks:/home/suwi/ros2_4dof_arm/install/moveit_ros_warehouse:/home/suwi/ros2_4dof_arm/install/moveit_ros_robot_interaction:/home/suwi/ros2_4dof_arm/install/moveit_ros_perception:/home/suwi/ros2_4dof_arm/install/moveit_resources_prbt_pg70_support:/home/suwi/ros2_4dof_arm/install/moveit_resources_prbt_moveit_config:/home/suwi/ros2_4dof_arm/install/moveit_ros_move_group:/home/suwi/ros2_4dof_arm/install/moveit_planners_ompl:/home/suwi/ros2_4dof_arm/install/moveit_ros_planning:/home/suwi/ros2_4dof_arm/install/moveit_ros_occupancy_map_monitor:/home/suwi/ros2_4dof_arm/install/moveit_resources_prbt_ikfast_manipulator_plugin:/home/suwi/ros2_4dof_arm/install/moveit_planners_chomp:/home/suwi/ros2_4dof_arm/install/moveit_kinematics:/home/suwi/ros2_4dof_arm/install/moveit_chomp_optimizer_adapter:/home/suwi/ros2_4dof_arm/install/chomp_motion_planner:/home/suwi/ros2_4dof_arm/install/moveit_core:/home/suwi/ros2_4dof_arm/install/moveit_resources_prbt_support:/home/suwi/ros2_4dof_arm/install/moveit_resources:/home/suwi/ros2_4dof_arm/install/moveit_resources_fanuc_moveit_config:/home/suwi/ros2_4dof_arm/install/moveit_resources_fanuc_description:/home/suwi/ros2_4dof_arm/src/four_dof_arm/install/four_dof_arm:/home/suwi/ros2_4dof_arm/install/four_dof_arm:/opt/ros/humble:/opt/ros/humble:/home/suwi/ros2_ws_prac/install/my_robot_control:/path/to/object_recognition_msgs/install:/home/suwi/ros2_4dof_arm/install/moveit_configs_utils:/home/suwi/ros2_ws_prac/install/pub_sub LD_LIBRARY_PATH=/home/suwi/ros2_4dof_arm/install/moveit_msgs/lib:/home/suwi/ros2_4dof_arm/install/pilz_industrial_motion_planner_testutils/lib:/home/suwi/ros2_4dof_arm/install/pilz_industrial_motion_planner/lib:/home/suwi/ros2_4dof_arm/install/moveit_ros_control_interface/lib:/home/suwi/ros2_4dof_arm/install/moveit_simple_controller_manager/lib:/home/suwi/ros2_4dof_arm/install/moveit_setup_assistant/lib:/home/suwi/ros2_4dof_arm/install/moveit_setup_srdf_plugins/lib:/home/suwi/ros2_4dof_arm/install/moveit_setup_core_plugins/lib:/home/suwi/ros2_4dof_arm/install/moveit_setup_controllers/lib:/home/suwi/ros2_4dof_arm/install/moveit_setup_app_plugins/lib:/home/suwi/ros2_4dof_arm/install/moveit_setup_framework/lib:/home/suwi/ros2_4dof_arm/install/moveit_servo/lib:/home/suwi/ros2_4dof_arm/install/moveit_ros_visualization/lib:/home/suwi/ros2_4dof_arm/install/moveit_hybrid_planning/lib:/home/suwi/ros2_4dof_arm/install/moveit_ros_planning_interface/lib:/home/suwi/ros2_4dof_arm/install/moveit_ros_benchmarks/lib:/home/suwi/ros2_4dof_arm/install/moveit_ros_warehouse/lib:/home/suwi/ros2_4dof_arm/install/moveit_ros_robot_interaction/lib:/home/suwi/ros2_4dof_arm/install/moveit_ros_perception/lib:/home/suwi/ros2_4dof_arm/install/moveit_ros_move_group/lib:/home/suwi/ros2_4dof_arm/install/moveit_planners_ompl/lib:/home/suwi/ros2_4dof_arm/install/moveit_ros_planning/lib:/home/suwi/ros2_4dof_arm/install/moveit_ros_occupancy_map_monitor/lib:/home/suwi/ros2_4dof_arm/install/moveit_resources_prbt_ikfast_manipulator_plugin/lib:/home/suwi/ros2_4dof_arm/install/moveit_planners_chomp/lib:/home/suwi/ros2_4dof_arm/install/moveit_kinematics/lib:/home/suwi/ros2_4dof_arm/install/moveit_chomp_optimizer_adapter/lib:/home/suwi/ros2_4dof_arm/install/chomp_motion_planner/lib:/home/suwi/ros2_4dof_arm/install/moveit_core/lib:/opt/ros/humble/opt/rviz_ogre_vendor/lib:/opt/ros/humble/lib/x86_64-linux-gnu:/opt/ros/humble/lib /usr/bin/cmake --install /home/suwi/ros2_4dof_arm/build/moveit_core
[4.806s] -- Install configuration: "Release"
[4.806s] -- Up-to-date: /home/suwi/ros2_4dof_arm/install/moveit_core/include/moveit/version.h
[4.807s] -- Up-to-date: /home/suwi/ros2_4dof_arm/install/moveit_core/include
[4.808s] -- Up-to-date: /home/suwi/ros2_4dof_arm/install/moveit_core/include/moveit
[4.808s] -- Up-to-date: /home/suwi/ros2_4dof_arm/install/moveit_core/include/moveit/collision_distance_field
[4.809s] -- Up-to-date: /home/suwi/ros2_4dof_arm/install/moveit_core/include/moveit/collision_distance_field/collision_detector_allocator_distance_field.h
[4.810s] -- Up-to-date: /home/suwi/ros2_4dof_arm/install/moveit_core/include/moveit/collision_distance_field/collision_common_distance_field.h
[4.810s] -- Up-to-date: /home/suwi/ros2_4dof_arm/install/moveit_core/include/moveit/collision_distance_field/collision_detector_allocator_hybrid.h
[4.810s] -- Up-to-date: /home/suwi/ros2_4dof_arm/install/moveit_core/include/moveit/collision_distance_field/collision_env_distance_field.h
[4.811s] -- Up-to-date: /home/suwi/ros2_4dof_arm/install/moveit_core/include/moveit/collision_distance_field/collision_distance_field_types.h
[4.811s] -- Up-to-date: /home/suwi/ros2_4dof_arm/install/moveit_core/include/moveit/collision_distance_field/collision_env_hybrid.h
[4.811s] -- Up-to-date: /home/suwi/ros2_4dof_arm/install/moveit_core/include/moveit_collision_distance_field_export.h
[4.813s] -- Up-to-date: /home/suwi/ros2_4dof_arm/install/moveit_core/include
[4.814s] -- Up-to-date: /home/suwi/ros2_4dof_arm/install/moveit_core/include/moveit
[4.814s] -- Up-to-date: /home/suwi/ros2_4dof_arm/install/moveit_core/include/moveit/constraint_samplers
[4.815s] -- Up-to-date: /home/suwi/ros2_4dof_arm/install/moveit_core/include/moveit/constraint_samplers/constraint_sampler_allocator.h
[4.815s] -- Up-to-date: /home/suwi/ros2_4dof_arm/install/moveit_core/include/moveit/constraint_samplers/constraint_sampler.h
[4.816s] -- Up-to-date: /home/suwi/ros2_4dof_arm/install/moveit_core/include/moveit/constraint_samplers/constraint_sampler_manager.h
[4.817s] -- Up-to-date: /home/suwi/ros2_4dof_arm/install/moveit_core/include/moveit/constraint_samplers/constraint_sampler_tools.h
[4.817s] -- Up-to-date: /home/suwi/ros2_4dof_arm/install/moveit_core/include/moveit/constraint_samplers/default_constraint_samplers.h
[4.817s] -- Up-to-date: /home/suwi/ros2_4dof_arm/install/moveit_core/include/moveit/constraint_samplers/union_constraint_sampler.h
[4.819s] -- Up-to-date: /home/suwi/ros2_4dof_arm/install/moveit_core/include
[4.820s] -- Up-to-date: /home/suwi/ros2_4dof_arm/install/moveit_core/include/moveit
[4.821s] -- Up-to-date: /home/suwi/ros2_4dof_arm/install/moveit_core/include/moveit/controller_manager
[4.822s] -- Up-to-date: /home/suwi/ros2_4dof_arm/install/moveit_core/include/moveit/controller_manager/controller_manager.h
[4.824s] -- Up-to-date: /home/suwi/ros2_4dof_arm/install/moveit_core/include
[4.824s] -- Up-to-date: /home/suwi/ros2_4dof_arm/install/moveit_core/include/moveit
[4.825s] -- Up-to-date: /home/suwi/ros2_4dof_arm/install/moveit_core/include/moveit/distance_field
[4.825s] -- Up-to-date: /home/suwi/ros2_4dof_arm/install/moveit_core/include/moveit/distance_field/find_internal_points.h
[4.826s] -- Up-to-date: /home/suwi/ros2_4dof_arm/install/moveit_core/include/moveit/distance_field/distance_field.h
[4.826s] -- Up-to-date: /home/suwi/ros2_4dof_arm/install/moveit_core/include/moveit/distance_field/propagation_distance_field.h
[4.826s] -- Up-to-date: /home/suwi/ros2_4dof_arm/install/moveit_core/include/moveit/distance_field/voxel_grid.h
[4.827s] -- Up-to-date: /home/suwi/ros2_4dof_arm/install/moveit_core/include
[4.828s] -- Up-to-date: /home/suwi/ros2_4dof_arm/install/moveit_core/include/moveit
[4.828s] -- Up-to-date: /home/suwi/ros2_4dof_arm/install/moveit_core/include/moveit/dynamics_solver
[4.829s] -- Up-to-date: /home/suwi/ros2_4dof_arm/install/moveit_core/include/moveit/dynamics_solver/dynamics_solver.h
[4.829s] -- Up-to-date: /home/suwi/ros2_4dof_arm/install/moveit_core/include
[4.830s] -- Up-to-date: /home/suwi/ros2_4dof_arm/install/moveit_core/include/moveit
[4.830s] -- Up-to-date: /home/suwi/ros2_4dof_arm/install/moveit_core/include/moveit/exceptions
[4.831s] -- Up-to-date: /home/suwi/ros2_4dof_arm/install/moveit_core/include/moveit/exceptions/exceptions.h
[4.832s] -- Up-to-date: /home/suwi/ros2_4dof_arm/install/moveit_core/include
[4.832s] -- Up-to-date: /home/suwi/ros2_4dof_arm/install/moveit_core/include/moveit
[4.832s] -- Up-to-date: /home/suwi/ros2_4dof_arm/install/moveit_core/include/moveit/kinematics_base
[4.833s] -- Up-to-date: /home/suwi/ros2_4dof_arm/install/moveit_core/include/moveit/kinematics_base/kinematics_base.h
[4.833s] -- Up-to-date: /home/suwi/ros2_4dof_arm/install/moveit_core/include/moveit_kinematics_base_export.h
[4.834s] -- Up-to-date: /home/suwi/ros2_4dof_arm/install/moveit_core/include
[4.835s] -- Up-to-date: /home/suwi/ros2_4dof_arm/install/moveit_core/include/moveit
[4.835s] -- Up-to-date: /home/suwi/ros2_4dof_arm/install/moveit_core/include/moveit/kinematic_constraints
[4.835s] -- Up-to-date: /home/suwi/ros2_4dof_arm/install/moveit_core/include/moveit/kinematic_constraints/kinematic_constraint.h
[4.835s] -- Up-to-date: /home/suwi/ros2_4dof_arm/install/moveit_core/include/moveit/kinematic_constraints/utils.h
[4.836s] -- Up-to-date: /home/suwi/ros2_4dof_arm/install/moveit_core/include
[4.836s] -- Up-to-date: /home/suwi/ros2_4dof_arm/install/moveit_core/include/moveit
[4.837s] -- Up-to-date: /home/suwi/ros2_4dof_arm/install/moveit_core/include/moveit/kinematics_metrics
[4.837s] -- Up-to-date: /home/suwi/ros2_4dof_arm/install/moveit_core/include/moveit/kinematics_metrics/kinematics_metrics.h
[4.839s] -- Up-to-date: /home/suwi/ros2_4dof_arm/install/moveit_core/include
[4.839s] -- Up-to-date: /home/suwi/ros2_4dof_arm/install/moveit_core/include/moveit
[4.839s] -- Up-to-date: /home/suwi/ros2_4dof_arm/install/moveit_core/include/moveit/macros
[4.840s] -- Up-to-date: /home/suwi/ros2_4dof_arm/install/moveit_core/include/moveit/macros/declare_ptr.h
[4.840s] -- Up-to-date: /home/suwi/ros2_4dof_arm/install/moveit_core/include/moveit/macros/deprecation.h
[4.840s] -- Up-to-date: /home/suwi/ros2_4dof_arm/install/moveit_core/include/moveit/macros/class_forward.h
[4.841s] -- Up-to-date: /home/suwi/ros2_4dof_arm/install/moveit_core/include/moveit/macros/console_colors.h
[4.842s] -- Up-to-date: /home/suwi/ros2_4dof_arm/install/moveit_core/include/moveit_core
[4.843s] -- Up-to-date: /home/suwi/ros2_4dof_arm/install/moveit_core/include/moveit_core/moveit_butterworth_parameters.hpp
[4.843s] -- Up-to-date: /home/suwi/ros2_4dof_arm/install/moveit_core/include
[4.844s] -- Up-to-date: /home/suwi/ros2_4dof_arm/install/moveit_core/include/moveit
[4.844s] -- Up-to-date: /home/suwi/ros2_4dof_arm/install/moveit_core/include/moveit/online_signal_smoothing
[4.845s] -- Up-to-date: /home/suwi/ros2_4dof_arm/install/moveit_core/include/moveit/online_signal_smoothing/butterworth_filter.h
[4.845s] -- Up-to-date: /home/suwi/ros2_4dof_arm/install/moveit_core/include/moveit/online_signal_smoothing/smoothing_base_class.h
[4.846s] -- Up-to-date: /home/suwi/ros2_4dof_arm/install/moveit_core/include/moveit_smoothing_base_export.h
[4.846s] -- Up-to-date: /home/suwi/ros2_4dof_arm/install/moveit_core/include/moveit_butterworth_filter_export.h
[4.846s] -- Up-to-date: /home/suwi/ros2_4dof_arm/install/moveit_core/include
[4.847s] -- Up-to-date: /home/suwi/ros2_4dof_arm/install/moveit_core/include/moveit
[4.847s] -- Up-to-date: /home/suwi/ros2_4dof_arm/install/moveit_core/include/moveit/planning_interface
[4.848s] -- Up-to-date: /home/suwi/ros2_4dof_arm/install/moveit_core/include/moveit/planning_interface/planning_response.h
[4.848s] -- Up-to-date: /home/suwi/ros2_4dof_arm/install/moveit_core/include/moveit/planning_interface/planning_request.h
[4.849s] -- Up-to-date: /home/suwi/ros2_4dof_arm/install/moveit_core/include/moveit/planning_interface/planning_interface.h
[4.850s] -- Up-to-date: /home/suwi/ros2_4dof_arm/install/moveit_core/include
[4.850s] -- Up-to-date: /home/suwi/ros2_4dof_arm/install/moveit_core/include/moveit
[4.850s] -- Up-to-date: /home/suwi/ros2_4dof_arm/install/moveit_core/include/moveit/planning_request_adapter
[4.851s] -- Up-to-date: /home/suwi/ros2_4dof_arm/install/moveit_core/include/moveit/planning_request_adapter/planning_request_adapter.h
[4.853s] -- Up-to-date: /home/suwi/ros2_4dof_arm/install/moveit_core/include
[4.853s] -- Up-to-date: /home/suwi/ros2_4dof_arm/install/moveit_core/include/moveit
[4.854s] -- Up-to-date: /home/suwi/ros2_4dof_arm/install/moveit_core/include/moveit/planning_scene
[4.854s] -- Up-to-date: /home/suwi/ros2_4dof_arm/install/moveit_core/include/moveit/planning_scene/planning_scene.h
[4.854s] -- Up-to-date: /home/suwi/ros2_4dof_arm/install/moveit_core/include/moveit_planning_scene_export.h
[4.855s] -- Up-to-date: /home/suwi/ros2_4dof_arm/install/moveit_core/include
[4.855s] -- Up-to-date: /home/suwi/ros2_4dof_arm/install/moveit_core/include/moveit
[4.856s] -- Up-to-date: /home/suwi/ros2_4dof_arm/install/moveit_core/include/moveit/robot_model
[4.856s] -- Up-to-date: /home/suwi/ros2_4dof_arm/install/moveit_core/include/moveit/robot_model/revolute_joint_model.h
[4.857s] -- Up-to-date: /home/suwi/ros2_4dof_arm/install/moveit_core/include/moveit/robot_model/link_model.h
[4.857s] -- Up-to-date: /home/suwi/ros2_4dof_arm/install/moveit_core/include/moveit/robot_model/planar_joint_model.h
[4.858s] -- Up-to-date: /home/suwi/ros2_4dof_arm/install/moveit_core/include/moveit/robot_model/fixed_joint_model.h
[4.858s] -- Up-to-date: /home/suwi/ros2_4dof_arm/install/moveit_core/include/moveit/robot_model/floating_joint_model.h
[4.858s] -- Up-to-date: /home/suwi/ros2_4dof_arm/install/moveit_core/include/moveit/robot_model/prismatic_joint_model.h
[4.858s] -- Up-to-date: /home/suwi/ros2_4dof_arm/install/moveit_core/include/moveit/robot_model/aabb.h
[4.859s] -- Up-to-date: /home/suwi/ros2_4dof_arm/install/moveit_core/include/moveit/robot_model/joint_model.h
[4.859s] -- Up-to-date: /home/suwi/ros2_4dof_arm/install/moveit_core/include/moveit/robot_model/robot_model.h
[4.860s] -- Up-to-date: /home/suwi/ros2_4dof_arm/install/moveit_core/include/moveit/robot_model/joint_model_group.h
[4.860s] -- Up-to-date: /home/suwi/ros2_4dof_arm/install/moveit_core/include
[4.861s] -- Up-to-date: /home/suwi/ros2_4dof_arm/install/moveit_core/include/moveit
[4.861s] -- Up-to-date: /home/suwi/ros2_4dof_arm/install/moveit_core/include/moveit/robot_state
[4.861s] -- Up-to-date: /home/suwi/ros2_4dof_arm/install/moveit_core/include/moveit/robot_state/robot_state.h
[4.861s] -- Up-to-date: /home/suwi/ros2_4dof_arm/install/moveit_core/include/moveit/robot_state/cartesian_interpolator.h
[4.862s] -- Up-to-date: /home/suwi/ros2_4dof_arm/install/moveit_core/include/moveit/robot_state/attached_body.h
[4.862s] -- Up-to-date: /home/suwi/ros2_4dof_arm/install/moveit_core/include/moveit/robot_state/conversions.h
[4.862s] -- Up-to-date: /home/suwi/ros2_4dof_arm/install/moveit_core/include
[4.863s] -- Up-to-date: /home/suwi/ros2_4dof_arm/install/moveit_core/include/moveit
[4.863s] -- Up-to-date: /home/suwi/ros2_4dof_arm/install/moveit_core/include/moveit/robot_trajectory
[4.863s] -- Up-to-date: /home/suwi/ros2_4dof_arm/install/moveit_core/include/moveit/robot_trajectory/robot_trajectory.h
[4.864s] -- Up-to-date: /home/suwi/ros2_4dof_arm/install/moveit_core/include
[4.865s] -- Up-to-date: /home/suwi/ros2_4dof_arm/install/moveit_core/include/moveit
[4.866s] -- Up-to-date: /home/suwi/ros2_4dof_arm/install/moveit_core/include/moveit/sensor_manager
[4.867s] -- Up-to-date: /home/suwi/ros2_4dof_arm/install/moveit_core/include/moveit/sensor_manager/sensor_manager.h
[4.869s] -- Up-to-date: /home/suwi/ros2_4dof_arm/install/moveit_core/include
[4.869s] -- Up-to-date: /home/suwi/ros2_4dof_arm/install/moveit_core/include/moveit
[4.870s] -- Up-to-date: /home/suwi/ros2_4dof_arm/install/moveit_core/include/moveit/trajectory_processing
[4.870s] -- Up-to-date: /home/suwi/ros2_4dof_arm/install/moveit_core/include/moveit/trajectory_processing/trajectory_tools.h
[4.871s] -- Up-to-date: /home/suwi/ros2_4dof_arm/install/moveit_core/include/moveit/trajectory_processing/time_optimal_trajectory_generation.h
[4.872s] -- Up-to-date: /home/suwi/ros2_4dof_arm/install/moveit_core/include/moveit/trajectory_processing/iterative_time_parameterization.h
[4.872s] -- Up-to-date: /home/suwi/ros2_4dof_arm/install/moveit_core/include/moveit/trajectory_processing/time_parameterization.h
[4.872s] -- Up-to-date: /home/suwi/ros2_4dof_arm/install/moveit_core/include/moveit/trajectory_processing/iterative_spline_parameterization.h
[4.872s] -- Up-to-date: /home/suwi/ros2_4dof_arm/install/moveit_core/include/moveit/trajectory_processing/ruckig_traj_smoothing.h
[4.873s] -- Up-to-date: /home/suwi/ros2_4dof_arm/install/moveit_core/include
[4.873s] -- Up-to-date: /home/suwi/ros2_4dof_arm/install/moveit_core/include/moveit
[4.874s] -- Up-to-date: /home/suwi/ros2_4dof_arm/install/moveit_core/include/moveit/transforms
[4.874s] -- Up-to-date: /home/suwi/ros2_4dof_arm/install/moveit_core/include/moveit/transforms/transforms.h
[4.875s] -- Up-to-date: /home/suwi/ros2_4dof_arm/install/moveit_core/include
[4.875s] -- Up-to-date: /home/suwi/ros2_4dof_arm/install/moveit_core/include/moveit
[4.876s] -- Up-to-date: /home/suwi/ros2_4dof_arm/install/moveit_core/include/moveit/utils
[4.877s] -- Up-to-date: /home/suwi/ros2_4dof_arm/install/moveit_core/include/moveit/utils/moveit_error_code.h
[4.877s] -- Up-to-date: /home/suwi/ros2_4dof_arm/install/moveit_core/include/moveit/utils/message_checks.h
[4.878s] -- Up-to-date: /home/suwi/ros2_4dof_arm/install/moveit_core/include/moveit/utils/rclcpp_utils.h
[4.878s] -- Up-to-date: /home/suwi/ros2_4dof_arm/install/moveit_core/include/moveit/utils/robot_model_test_utils.h
[4.879s] -- Up-to-date: /home/suwi/ros2_4dof_arm/install/moveit_core/include/moveit/utils/lexical_casts.h
[4.882s] -- Up-to-date: /home/suwi/ros2_4dof_arm/install/moveit_core/bin/moveit_version
[4.884s] -- Up-to-date: /home/suwi/ros2_4dof_arm/install/moveit_core/include
[4.884s] -- Up-to-date: /home/suwi/ros2_4dof_arm/install/moveit_core/include/moveit
[4.885s] -- Up-to-date: /home/suwi/ros2_4dof_arm/install/moveit_core/include/moveit/collision_detection
[4.886s] -- Up-to-date: /home/suwi/ros2_4dof_arm/install/moveit_core/include/moveit/collision_detection/collision_detector_allocator.h
[4.886s] -- Up-to-date: /home/suwi/ros2_4dof_arm/install/moveit_core/include/moveit/collision_detection/test_collision_common_panda.h
[4.886s] -- Up-to-date: /home/suwi/ros2_4dof_arm/install/moveit_core/include/moveit/collision_detection/occupancy_map.h
[4.886s] -- Up-to-date: /home/suwi/ros2_4dof_arm/install/moveit_core/include/moveit/collision_detection/collision_common.h
[4.887s] -- Up-to-date: /home/suwi/ros2_4dof_arm/install/moveit_core/include/moveit/collision_detection/world.h
[4.887s] -- Up-to-date: /home/suwi/ros2_4dof_arm/install/moveit_core/include/moveit/collision_detection/world_diff.h
[4.888s] -- Up-to-date: /home/suwi/ros2_4dof_arm/install/moveit_core/include/moveit/collision_detection/collision_plugin_cache.h
[4.888s] -- Up-to-date: /home/suwi/ros2_4dof_arm/install/moveit_core/include/moveit/collision_detection/allvalid
[4.889s] -- Up-to-date: /home/suwi/ros2_4dof_arm/install/moveit_core/include/moveit/collision_detection/allvalid/collision_detector_allocator_allvalid.h
[4.889s] -- Up-to-date: /home/suwi/ros2_4dof_arm/install/moveit_core/include/moveit/collision_detection/allvalid/collision_env_allvalid.h
[4.889s] -- Up-to-date: /home/suwi/ros2_4dof_arm/install/moveit_core/include/moveit/collision_detection/collision_matrix.h
[4.890s] -- Up-to-date: /home/suwi/ros2_4dof_arm/install/moveit_core/include/moveit/collision_detection/collision_octomap_filter.h
[4.890s] -- Up-to-date: /home/suwi/ros2_4dof_arm/install/moveit_core/include/moveit/collision_detection/test_collision_common_pr2.h
[4.890s] -- Up-to-date: /home/suwi/ros2_4dof_arm/install/moveit_core/include/moveit/collision_detection/collision_env.h
[4.891s] -- Up-to-date: /home/suwi/ros2_4dof_arm/install/moveit_core/include/moveit/collision_detection/collision_plugin.h
[4.891s] -- Up-to-date: /home/suwi/ros2_4dof_arm/install/moveit_core/include/moveit/collision_detection/collision_tools.h
[4.891s] -- Up-to-date: /home/suwi/ros2_4dof_arm/install/moveit_core/include/moveit_collision_detection_export.h
[4.892s] -- Up-to-date: /home/suwi/ros2_4dof_arm/install/moveit_core/include
[4.892s] -- Up-to-date: /home/suwi/ros2_4dof_arm/install/moveit_core/include/moveit
[4.892s] -- Up-to-date: /home/suwi/ros2_4dof_arm/install/moveit_core/include/moveit/collision_detection_bullet
[4.893s] -- Up-to-date: /home/suwi/ros2_4dof_arm/install/moveit_core/include/moveit/collision_detection_bullet/bullet_integration
[4.894s] -- Up-to-date: /home/suwi/ros2_4dof_arm/install/moveit_core/include/moveit/collision_detection_bullet/bullet_integration/bullet_cast_bvh_manager.h
[4.894s] -- Up-to-date: /home/suwi/ros2_4dof_arm/install/moveit_core/include/moveit/collision_detection_bullet/bullet_integration/ros_bullet_utils.h
[4.895s] -- Up-to-date: /home/suwi/ros2_4dof_arm/install/moveit_core/include/moveit/collision_detection_bullet/bullet_integration/contact_checker_common.h
[4.895s] -- Up-to-date: /home/suwi/ros2_4dof_arm/install/moveit_core/include/moveit/collision_detection_bullet/bullet_integration/bullet_bvh_manager.h
[4.896s] -- Up-to-date: /home/suwi/ros2_4dof_arm/install/moveit_core/include/moveit/collision_detection_bullet/bullet_integration/bullet_discrete_bvh_manager.h
[4.897s] -- Up-to-date: /home/suwi/ros2_4dof_arm/install/moveit_core/include/moveit/collision_detection_bullet/bullet_integration/basic_types.h
[4.897s] -- Up-to-date: /home/suwi/ros2_4dof_arm/install/moveit_core/include/moveit/collision_detection_bullet/bullet_integration/bullet_utils.h
[4.898s] -- Up-to-date: /home/suwi/ros2_4dof_arm/install/moveit_core/include/moveit/collision_detection_bullet/collision_env_bullet.h
[4.898s] -- Up-to-date: /home/suwi/ros2_4dof_arm/install/moveit_core/include/moveit/collision_detection_bullet/collision_detector_allocator_bullet.h
[4.898s] -- Up-to-date: /home/suwi/ros2_4dof_arm/install/moveit_core/include/moveit/collision_detection_bullet/collision_detector_bullet_plugin_loader.h
[4.898s] -- Up-to-date: /home/suwi/ros2_4dof_arm/install/moveit_core/include/moveit_collision_detection_bullet_export.h
[4.899s] -- Up-to-date: /home/suwi/ros2_4dof_arm/install/moveit_core/include
[4.900s] -- Up-to-date: /home/suwi/ros2_4dof_arm/install/moveit_core/include/moveit
[4.900s] -- Up-to-date: /home/suwi/ros2_4dof_arm/install/moveit_core/include/moveit/collision_detection_fcl
[4.901s] -- Up-to-date: /home/suwi/ros2_4dof_arm/install/moveit_core/include/moveit/collision_detection_fcl/collision_env_fcl.h
[4.901s] -- Up-to-date: /home/suwi/ros2_4dof_arm/install/moveit_core/include/moveit/collision_detection_fcl/collision_detector_fcl_plugin_loader.h
[4.901s] -- Up-to-date: /home/suwi/ros2_4dof_arm/install/moveit_core/include/moveit/collision_detection_fcl/fcl_compat.h
[4.902s] -- Up-to-date: /home/suwi/ros2_4dof_arm/install/moveit_core/include/moveit/collision_detection_fcl/collision_detector_allocator_fcl.h
[4.902s] -- Up-to-date: /home/suwi/ros2_4dof_arm/install/moveit_core/include/moveit/collision_detection_fcl/collision_common.h
[4.903s] -- Up-to-date: /home/suwi/ros2_4dof_arm/install/moveit_core/include/moveit_collision_detection_fcl_export.h
[4.905s] -- Up-to-date: /home/suwi/ros2_4dof_arm/install/moveit_core/lib/libcollision_detector_bullet_plugin.so.2.5.8
[4.908s] -- Up-to-date: /home/suwi/ros2_4dof_arm/install/moveit_core/lib/libcollision_detector_bullet_plugin.so
[4.910s] -- Up-to-date: /home/suwi/ros2_4dof_arm/install/moveit_core/lib/libmoveit_butterworth_filter.so.2.5.8
[4.913s] -- Up-to-date: /home/suwi/ros2_4dof_arm/install/moveit_core/lib/libmoveit_butterworth_filter.so
[4.916s] -- Up-to-date: /home/suwi/ros2_4dof_arm/install/moveit_core/lib/libmoveit_collision_distance_field.so.2.5.8
[4.919s] -- Up-to-date: /home/suwi/ros2_4dof_arm/install/moveit_core/lib/libmoveit_collision_distance_field.so
[4.922s] -- Up-to-date: /home/suwi/ros2_4dof_arm/install/moveit_core/lib/libmoveit_collision_detection.so.2.5.8
[4.924s] -- Up-to-date: /home/suwi/ros2_4dof_arm/install/moveit_core/lib/libmoveit_collision_detection.so
[4.927s] -- Up-to-date: /home/suwi/ros2_4dof_arm/install/moveit_core/lib/libmoveit_collision_detection_fcl.so.2.5.8
[4.930s] -- Up-to-date: /home/suwi/ros2_4dof_arm/install/moveit_core/lib/libmoveit_collision_detection_fcl.so
[4.933s] -- Up-to-date: /home/suwi/ros2_4dof_arm/install/moveit_core/lib/libmoveit_collision_detection_bullet.so.2.5.8
[4.935s] -- Up-to-date: /home/suwi/ros2_4dof_arm/install/moveit_core/lib/libmoveit_collision_detection_bullet.so
[4.939s] -- Up-to-date: /home/suwi/ros2_4dof_arm/install/moveit_core/lib/libmoveit_dynamics_solver.so.2.5.8
[4.941s] -- Up-to-date: /home/suwi/ros2_4dof_arm/install/moveit_core/lib/libmoveit_dynamics_solver.so
[4.944s] -- Up-to-date: /home/suwi/ros2_4dof_arm/install/moveit_core/lib/libmoveit_constraint_samplers.so.2.5.8
[4.946s] -- Up-to-date: /home/suwi/ros2_4dof_arm/install/moveit_core/lib/libmoveit_constraint_samplers.so
[4.949s] -- Up-to-date: /home/suwi/ros2_4dof_arm/install/moveit_core/lib/libmoveit_distance_field.so.2.5.8
[4.952s] -- Up-to-date: /home/suwi/ros2_4dof_arm/install/moveit_core/lib/libmoveit_distance_field.so
[4.954s] -- Up-to-date: /home/suwi/ros2_4dof_arm/install/moveit_core/lib/libmoveit_exceptions.so.2.5.8
[4.957s] -- Up-to-date: /home/suwi/ros2_4dof_arm/install/moveit_core/lib/libmoveit_exceptions.so
[4.959s] -- Up-to-date: /home/suwi/ros2_4dof_arm/install/moveit_core/lib/libmoveit_kinematics_base.so
[4.964s] -- Up-to-date: /home/suwi/ros2_4dof_arm/install/moveit_core/lib/libmoveit_kinematic_constraints.so.2.5.8
[4.967s] -- Up-to-date: /home/suwi/ros2_4dof_arm/install/moveit_core/lib/libmoveit_kinematic_constraints.so
[4.970s] -- Up-to-date: /home/suwi/ros2_4dof_arm/install/moveit_core/lib/libmoveit_kinematics_metrics.so.2.5.8
[4.972s] -- Up-to-date: /home/suwi/ros2_4dof_arm/install/moveit_core/lib/libmoveit_kinematics_metrics.so
[4.975s] -- Up-to-date: /home/suwi/ros2_4dof_arm/install/moveit_core/lib/libmoveit_planning_interface.so.2.5.8
[4.978s] -- Up-to-date: /home/suwi/ros2_4dof_arm/install/moveit_core/lib/libmoveit_planning_interface.so
[4.981s] -- Up-to-date: /home/suwi/ros2_4dof_arm/install/moveit_core/lib/libmoveit_planning_scene.so.2.5.8
[4.984s] -- Up-to-date: /home/suwi/ros2_4dof_arm/install/moveit_core/lib/libmoveit_planning_scene.so
[4.986s] -- Up-to-date: /home/suwi/ros2_4dof_arm/install/moveit_core/lib/libmoveit_planning_request_adapter.so.2.5.8
[4.989s] -- Up-to-date: /home/suwi/ros2_4dof_arm/install/moveit_core/lib/libmoveit_planning_request_adapter.so
[4.992s] -- Up-to-date: /home/suwi/ros2_4dof_arm/install/moveit_core/lib/libmoveit_robot_model.so.2.5.8
[4.995s] -- Up-to-date: /home/suwi/ros2_4dof_arm/install/moveit_core/lib/libmoveit_robot_model.so
[4.998s] -- Up-to-date: /home/suwi/ros2_4dof_arm/install/moveit_core/lib/libmoveit_robot_state.so.2.5.8
[5.000s] -- Up-to-date: /home/suwi/ros2_4dof_arm/install/moveit_core/lib/libmoveit_robot_state.so
[5.003s] -- Up-to-date: /home/suwi/ros2_4dof_arm/install/moveit_core/lib/libmoveit_robot_trajectory.so.2.5.8
[5.006s] -- Up-to-date: /home/suwi/ros2_4dof_arm/install/moveit_core/lib/libmoveit_robot_trajectory.so
[5.008s] -- Up-to-date: /home/suwi/ros2_4dof_arm/install/moveit_core/lib/libmoveit_smoothing_base.so.2.5.8
[5.011s] -- Up-to-date: /home/suwi/ros2_4dof_arm/install/moveit_core/lib/libmoveit_smoothing_base.so
[5.014s] -- Up-to-date: /home/suwi/ros2_4dof_arm/install/moveit_core/lib/libmoveit_test_utils.so.2.5.8
[5.016s] -- Up-to-date: /home/suwi/ros2_4dof_arm/install/moveit_core/lib/libmoveit_test_utils.so
[5.019s] -- Up-to-date: /home/suwi/ros2_4dof_arm/install/moveit_core/lib/libmoveit_trajectory_processing.so.2.5.8
[5.021s] -- Up-to-date: /home/suwi/ros2_4dof_arm/install/moveit_core/lib/libmoveit_trajectory_processing.so
[5.024s] -- Up-to-date: /home/suwi/ros2_4dof_arm/install/moveit_core/lib/libmoveit_transforms.so.2.5.8
[5.027s] -- Up-to-date: /home/suwi/ros2_4dof_arm/install/moveit_core/lib/libmoveit_transforms.so
[5.029s] -- Up-to-date: /home/suwi/ros2_4dof_arm/install/moveit_core/lib/libmoveit_utils.so.2.5.8
[5.031s] -- Up-to-date: /home/suwi/ros2_4dof_arm/install/moveit_core/lib/libmoveit_utils.so
[5.031s] -- Up-to-date: /home/suwi/ros2_4dof_arm/install/moveit_core/share/moveit_core/environment/library_path.sh
[5.032s] -- Up-to-date: /home/suwi/ros2_4dof_arm/install/moveit_core/share/moveit_core/environment/library_path.dsv
[5.033s] -- Up-to-date: /home/suwi/ros2_4dof_arm/install/moveit_core/share/moveit_core/collision_detector_fcl_description.xml
[5.033s] -- Up-to-date: /home/suwi/ros2_4dof_arm/install/moveit_core/share/moveit_core/collision_detector_bullet_description.xml
[5.034s] -- Up-to-date: /home/suwi/ros2_4dof_arm/install/moveit_core/share/moveit_core/filter_plugin_butterworth.xml
[5.035s] -- Up-to-date: /home/suwi/ros2_4dof_arm/install/moveit_core/share/ament_index/resource_index/package_run_dependencies/moveit_core
[5.035s] -- Up-to-date: /home/suwi/ros2_4dof_arm/install/moveit_core/share/ament_index/resource_index/parent_prefix_path/moveit_core
[5.035s] -- Up-to-date: /home/suwi/ros2_4dof_arm/install/moveit_core/share/moveit_core/environment/ament_prefix_path.sh
[5.037s] -- Up-to-date: /home/suwi/ros2_4dof_arm/install/moveit_core/share/moveit_core/environment/ament_prefix_path.dsv
[5.037s] -- Up-to-date: /home/suwi/ros2_4dof_arm/install/moveit_core/share/moveit_core/environment/path.sh
[5.037s] -- Up-to-date: /home/suwi/ros2_4dof_arm/install/moveit_core/share/moveit_core/environment/path.dsv
[5.038s] -- Up-to-date: /home/suwi/ros2_4dof_arm/install/moveit_core/share/moveit_core/local_setup.bash
[5.038s] -- Up-to-date: /home/suwi/ros2_4dof_arm/install/moveit_core/share/moveit_core/local_setup.sh
[5.039s] -- Up-to-date: /home/suwi/ros2_4dof_arm/install/moveit_core/share/moveit_core/local_setup.zsh
[5.039s] -- Up-to-date: /home/suwi/ros2_4dof_arm/install/moveit_core/share/moveit_core/local_setup.dsv
[5.040s] -- Installing: /home/suwi/ros2_4dof_arm/install/moveit_core/share/moveit_core/package.dsv
[5.042s] -- Up-to-date: /home/suwi/ros2_4dof_arm/install/moveit_core/share/ament_index/resource_index/packages/moveit_core
[5.043s] -- Up-to-date: /home/suwi/ros2_4dof_arm/install/moveit_core/share/ament_index/resource_index/moveit_core__pluginlib__plugin/moveit_core
[5.047s] -- Up-to-date: /home/suwi/ros2_4dof_arm/install/moveit_core/share/moveit_core/cmake/export_moveit_coreExport.cmake
[5.048s] -- Up-to-date: /home/suwi/ros2_4dof_arm/install/moveit_core/share/moveit_core/cmake/export_moveit_coreExport-release.cmake
[5.048s] -- Up-to-date: /home/suwi/ros2_4dof_arm/install/moveit_core/share/moveit_core/cmake/ConfigExtras.cmake
[5.049s] -- Up-to-date: /home/suwi/ros2_4dof_arm/install/moveit_core/share/moveit_core/cmake/ament_cmake_export_targets-extras.cmake
[5.049s] -- Up-to-date: /home/suwi/ros2_4dof_arm/install/moveit_core/share/moveit_core/cmake/ament_cmake_export_dependencies-extras.cmake
[5.050s] -- Up-to-date: /home/suwi/ros2_4dof_arm/install/moveit_core/share/moveit_core/cmake/moveit_coreConfig.cmake
[5.050s] -- Up-to-date: /home/suwi/ros2_4dof_arm/install/moveit_core/share/moveit_core/cmake/moveit_coreConfig-version.cmake
[5.051s] -- Up-to-date: /home/suwi/ros2_4dof_arm/install/moveit_core/share/moveit_core/package.xml
[5.057s] Invoked command in '/home/suwi/ros2_4dof_arm/build/moveit_core' returned '0': CMAKE_PREFIX_PATH=/home/suwi/ros2_4dof_arm/install/moveit_resources_panda_moveit_config:/home/suwi/ros2_4dof_arm/install/moveit_resources_pr2_description:/home/suwi/ros2_4dof_arm/install/moveit_resources_panda_description:/home/suwi/ros2_4dof_arm/install/moveit_msgs:/home/suwi/ros2_4dof_arm/install/moveit_common:/home/suwi/ros2_4dof_arm/install/pilz_industrial_motion_planner_testutils:/home/suwi/ros2_4dof_arm/install/moveit_runtime:/home/suwi/ros2_4dof_arm/install/moveit:/home/suwi/ros2_4dof_arm/install/moveit_planners:/home/suwi/ros2_4dof_arm/install/pilz_industrial_motion_planner:/home/suwi/ros2_4dof_arm/install/moveit_ros_control_interface:/home/suwi/ros2_4dof_arm/install/moveit_plugins:/home/suwi/ros2_4dof_arm/install/moveit_simple_controller_manager:/home/suwi/ros2_4dof_arm/install/moveit_setup_assistant:/home/suwi/ros2_4dof_arm/install/moveit_setup_srdf_plugins:/home/suwi/ros2_4dof_arm/install/moveit_setup_core_plugins:/home/suwi/ros2_4dof_arm/install/moveit_setup_controllers:/home/suwi/ros2_4dof_arm/install/moveit_setup_app_plugins:/home/suwi/ros2_4dof_arm/install/moveit_setup_framework:/home/suwi/ros2_4dof_arm/install/moveit_servo:/home/suwi/ros2_4dof_arm/install/moveit_ros:/home/suwi/ros2_4dof_arm/install/moveit_ros_visualization:/home/suwi/ros2_4dof_arm/install/moveit_hybrid_planning:/home/suwi/ros2_4dof_arm/install/moveit_ros_planning_interface:/home/suwi/ros2_4dof_arm/install/moveit_ros_benchmarks:/home/suwi/ros2_4dof_arm/install/moveit_ros_warehouse:/home/suwi/ros2_4dof_arm/install/moveit_ros_robot_interaction:/home/suwi/ros2_4dof_arm/install/moveit_ros_perception:/home/suwi/ros2_4dof_arm/install/moveit_resources_prbt_pg70_support:/home/suwi/ros2_4dof_arm/install/moveit_resources_prbt_moveit_config:/home/suwi/ros2_4dof_arm/install/moveit_ros_move_group:/home/suwi/ros2_4dof_arm/install/moveit_planners_ompl:/home/suwi/ros2_4dof_arm/install/moveit_ros_planning:/home/suwi/ros2_4dof_arm/install/moveit_ros_occupancy_map_monitor:/home/suwi/ros2_4dof_arm/install/moveit_resources_prbt_ikfast_manipulator_plugin:/home/suwi/ros2_4dof_arm/install/moveit_planners_chomp:/home/suwi/ros2_4dof_arm/install/moveit_kinematics:/home/suwi/ros2_4dof_arm/install/moveit_chomp_optimizer_adapter:/home/suwi/ros2_4dof_arm/install/chomp_motion_planner:/home/suwi/ros2_4dof_arm/install/moveit_core:/home/suwi/ros2_4dof_arm/install/moveit_resources_prbt_support:/home/suwi/ros2_4dof_arm/install/moveit_resources:/home/suwi/ros2_4dof_arm/install/moveit_resources_fanuc_moveit_config:/home/suwi/ros2_4dof_arm/install/moveit_resources_fanuc_description:/home/suwi/ros2_4dof_arm/src/four_dof_arm/install/four_dof_arm:/home/suwi/ros2_4dof_arm/install/four_dof_arm:/opt/ros/humble:/opt/ros/humble:/home/suwi/ros2_ws_prac/install/my_robot_control:/path/to/object_recognition_msgs/install:/home/suwi/ros2_4dof_arm/install/moveit_configs_utils:/home/suwi/ros2_ws_prac/install/pub_sub LD_LIBRARY_PATH=/home/suwi/ros2_4dof_arm/install/moveit_msgs/lib:/home/suwi/ros2_4dof_arm/install/pilz_industrial_motion_planner_testutils/lib:/home/suwi/ros2_4dof_arm/install/pilz_industrial_motion_planner/lib:/home/suwi/ros2_4dof_arm/install/moveit_ros_control_interface/lib:/home/suwi/ros2_4dof_arm/install/moveit_simple_controller_manager/lib:/home/suwi/ros2_4dof_arm/install/moveit_setup_assistant/lib:/home/suwi/ros2_4dof_arm/install/moveit_setup_srdf_plugins/lib:/home/suwi/ros2_4dof_arm/install/moveit_setup_core_plugins/lib:/home/suwi/ros2_4dof_arm/install/moveit_setup_controllers/lib:/home/suwi/ros2_4dof_arm/install/moveit_setup_app_plugins/lib:/home/suwi/ros2_4dof_arm/install/moveit_setup_framework/lib:/home/suwi/ros2_4dof_arm/install/moveit_servo/lib:/home/suwi/ros2_4dof_arm/install/moveit_ros_visualization/lib:/home/suwi/ros2_4dof_arm/install/moveit_hybrid_planning/lib:/home/suwi/ros2_4dof_arm/install/moveit_ros_planning_interface/lib:/home/suwi/ros2_4dof_arm/install/moveit_ros_benchmarks/lib:/home/suwi/ros2_4dof_arm/install/moveit_ros_warehouse/lib:/home/suwi/ros2_4dof_arm/install/moveit_ros_robot_interaction/lib:/home/suwi/ros2_4dof_arm/install/moveit_ros_perception/lib:/home/suwi/ros2_4dof_arm/install/moveit_ros_move_group/lib:/home/suwi/ros2_4dof_arm/install/moveit_planners_ompl/lib:/home/suwi/ros2_4dof_arm/install/moveit_ros_planning/lib:/home/suwi/ros2_4dof_arm/install/moveit_ros_occupancy_map_monitor/lib:/home/suwi/ros2_4dof_arm/install/moveit_resources_prbt_ikfast_manipulator_plugin/lib:/home/suwi/ros2_4dof_arm/install/moveit_planners_chomp/lib:/home/suwi/ros2_4dof_arm/install/moveit_kinematics/lib:/home/suwi/ros2_4dof_arm/install/moveit_chomp_optimizer_adapter/lib:/home/suwi/ros2_4dof_arm/install/chomp_motion_planner/lib:/home/suwi/ros2_4dof_arm/install/moveit_core/lib:/opt/ros/humble/opt/rviz_ogre_vendor/lib:/opt/ros/humble/lib/x86_64-linux-gnu:/opt/ros/humble/lib /usr/bin/cmake --install /home/suwi/ros2_4dof_arm/build/moveit_core
