[0.212s] Invoking command in '/home/suwi/ros2_4dof_arm/build/moveit_hybrid_planning': AMENT_PREFIX_PATH=/home/suwi/ros2_4dof_arm/install/moveit_ros_planning_interface:/home/suwi/ros2_4dof_arm/install/moveit_ros_move_group:/home/suwi/ros2_4dof_arm/install/moveit_ros_warehouse:/home/suwi/ros2_4dof_arm/install/moveit_planners_ompl:/home/suwi/ros2_4dof_arm/install/moveit_kinematics:/home/suwi/ros2_4dof_arm/install/moveit_ros_planning:/home/suwi/ros2_4dof_arm/install/moveit_simple_controller_manager:/home/suwi/ros2_4dof_arm/install/moveit_ros_occupancy_map_monitor:/home/suwi/ros2_4dof_arm/install/moveit_core:/home/suwi/ros2_4dof_arm/install/moveit_resources_panda_moveit_config:/home/suwi/ros2_4dof_arm/install/moveit_resources_fanuc_moveit_config:/home/suwi/ros2_4dof_arm/install/moveit_resources_pr2_description:/home/suwi/ros2_4dof_arm/install/moveit_resources_fanuc_description:/home/suwi/ros2_4dof_arm/install/moveit_msgs:/home/suwi/ros2_4dof_arm/install/moveit_configs_utils:${AMENT_PREFIX_PATH} CMAKE_PREFIX_PATH=/home/suwi/ros2_4dof_arm/install/moveit_ros_planning_interface:/home/suwi/ros2_4dof_arm/install/moveit_ros_move_group:/home/suwi/ros2_4dof_arm/install/moveit_ros_warehouse:/home/suwi/ros2_4dof_arm/install/moveit_planners_ompl:/home/suwi/ros2_4dof_arm/install/moveit_kinematics:/home/suwi/ros2_4dof_arm/install/moveit_ros_planning:/home/suwi/ros2_4dof_arm/install/moveit_simple_controller_manager:/home/suwi/ros2_4dof_arm/install/moveit_ros_occupancy_map_monitor:/home/suwi/ros2_4dof_arm/install/moveit_core:/home/suwi/ros2_4dof_arm/install/moveit_resources_panda_moveit_config:/home/suwi/ros2_4dof_arm/install/moveit_resources_fanuc_moveit_config:/home/suwi/ros2_4dof_arm/install/moveit_resources_pr2_description:/home/suwi/ros2_4dof_arm/install/moveit_resources_panda_description:/home/suwi/ros2_4dof_arm/install/moveit_resources_fanuc_description:/home/suwi/ros2_4dof_arm/install/moveit_msgs:/home/suwi/ros2_4dof_arm/install/moveit_common:/home/suwi/ros2_4dof_arm/src/four_dof_arm/install/four_dof_arm:/home/suwi/ros2_4dof_arm/install/four_dof_arm:/opt/ros/humble:/opt/ros/humble:/home/suwi/ros2_ws_prac/install/my_robot_control:/path/to/object_recognition_msgs/install:/home/suwi/ros2_ws_prac/install/pub_sub LD_LIBRARY_PATH=/home/suwi/ros2_4dof_arm/install/moveit_ros_planning_interface/lib:/home/suwi/ros2_4dof_arm/install/moveit_ros_move_group/lib:/home/suwi/ros2_4dof_arm/install/moveit_ros_warehouse/lib:/home/suwi/ros2_4dof_arm/install/moveit_planners_ompl/lib:/home/suwi/ros2_4dof_arm/install/moveit_kinematics/lib:/home/suwi/ros2_4dof_arm/install/moveit_ros_planning/lib:/home/suwi/ros2_4dof_arm/install/moveit_simple_controller_manager/lib:/home/suwi/ros2_4dof_arm/install/moveit_ros_occupancy_map_monitor/lib:/home/suwi/ros2_4dof_arm/install/moveit_core/lib:/home/suwi/ros2_4dof_arm/install/moveit_msgs/lib:${LD_LIBRARY_PATH} PATH=/home/suwi/ros2_4dof_arm/install/moveit_core/bin:${PATH} PYTHONPATH=/home/suwi/ros2_4dof_arm/install/moveit_msgs/local/lib/python3.10/dist-packages:/home/suwi/ros2_4dof_arm/install/moveit_configs_utils/lib/python3.10/site-packages:${PYTHONPATH} /usr/bin/cmake /home/suwi/ros2_4dof_arm/src/moveit2/moveit_ros/hybrid_planning -DCMAKE_INSTALL_PREFIX=/home/suwi/ros2_4dof_arm/install/moveit_hybrid_planning
[0.479s] -- The C compiler identification is GNU 11.4.0
[0.716s] -- The CXX compiler identification is GNU 11.4.0
[0.746s] -- Detecting C compiler ABI info
[1.107s] -- Detecting C compiler ABI info - done
[1.116s] -- Check for working C compiler: /usr/bin/cc - skipped
[1.117s] -- Detecting C compile features
[1.117s] -- Detecting C compile features - done
[1.126s] -- Detecting CXX compiler ABI info
[1.526s] -- Detecting CXX compiler ABI info - done
[1.535s] -- Check for working CXX compiler: /usr/bin/c++ - skipped
[1.536s] -- Detecting CXX compile features
[1.538s] -- Detecting CXX compile features - done
[1.560s] -- Found moveit_common: 2.5.8 (/home/suwi/ros2_4dof_arm/install/moveit_common/share/moveit_common/cmake)
[1.585s] -- Found ament_cmake: 1.3.11 (/opt/ros/humble/share/ament_cmake/cmake)
[2.079s] -- Found Python3: /usr/bin/python3 (found version "3.10.12") found components: Interpreter 
[2.763s] [0mmoveit_hybrid_planning: You did not request a specific build type: Choosing 'Release' for maximum performance[0m
[2.776s] -- Found moveit_core: 2.5.8 (/home/suwi/ros2_4dof_arm/install/moveit_core/share/moveit_core/cmake)
[4.028s] -- Found Boost: /usr/lib/x86_64-linux-gnu/cmake/Boost-1.74.0/BoostConfig.cmake (found version "1.74.0") found components: chrono date_time filesystem iostreams program_options regex serialization system thread 
[4.399s] -- Found parameter_traits: 0.4.0 (/opt/ros/humble/share/parameter_traits/cmake)
[4.749s] -- Found rosidl_generator_c: 3.1.6 (/opt/ros/humble/share/rosidl_generator_c/cmake)
[4.803s] -- Found rosidl_adapter: 3.1.6 (/opt/ros/humble/share/rosidl_adapter/cmake)
[4.866s] -- Found rosidl_generator_cpp: 3.1.6 (/opt/ros/humble/share/rosidl_generator_cpp/cmake)
[4.943s] -- Using all available rosidl_typesupport_c: rosidl_typesupport_fastrtps_c;rosidl_typesupport_introspection_c
[5.055s] -- Using all available rosidl_typesupport_cpp: rosidl_typesupport_fastrtps_cpp;rosidl_typesupport_introspection_cpp
[5.409s] -- Found rmw_implementation_cmake: 6.1.2 (/opt/ros/humble/share/rmw_implementation_cmake/cmake)
[5.438s] -- Found rmw_fastrtps_cpp: 6.2.7 (/opt/ros/humble/share/rmw_fastrtps_cpp/cmake)
[6.012s] -- Found OpenSSL: /usr/lib/x86_64-linux-gnu/libcrypto.so (found version "3.0.2")  
[6.115s] -- Found FastRTPS: /opt/ros/humble/include  
[6.289s] -- Using RMW implementation 'rmw_fastrtps_cpp' as default
[6.390s] -- Found Threads: TRUE  
[6.651s] -- Found Eigen3: TRUE (found version "3.4.0") 
[6.679s] -- Found rclcpp_lifecycle: 16.0.12 (/opt/ros/humble/share/rclcpp_lifecycle/cmake)
[6.791s] -- Found Boost: /usr/lib/x86_64-linux-gnu/cmake/Boost-1.74.0/BoostConfig.cmake (found version "1.74.0") found components: filesystem 
[7.410s] -- library: /usr/lib/x86_64-linux-gnu/libcurl.so
[7.667s] -- Ensuring Eigen3 include directory is part of orocos-kdl CMake target
[8.696s] -- Found moveit_ros_planning: 2.5.8 (/home/suwi/ros2_4dof_arm/install/moveit_ros_planning/share/moveit_ros_planning/cmake)
[8.706s] -- Found Boost: /usr/lib/x86_64-linux-gnu/cmake/Boost-1.74.0/BoostConfig.cmake (found version "1.74.0") found components: system filesystem date_time program_options thread chrono 
[8.747s] -- Found moveit_ros_planning_interface: 2.5.8 (/home/suwi/ros2_4dof_arm/install/moveit_ros_planning_interface/share/moveit_ros_planning_interface/cmake)
[8.756s] -- Found Boost: /usr/lib/x86_64-linux-gnu/cmake/Boost-1.74.0/BoostConfig.cmake (found version "1.74.0") found components: date_time filesystem program_options system thread 
[8.781s] -- Found Boost: /usr/lib/x86_64-linux-gnu/cmake/Boost-1.74.0/BoostConfig.cmake (found version "1.74.0") found components: thread system filesystem regex date_time program_options 
[8.839s] -- Found Boost: /usr/lib/x86_64-linux-gnu/cmake/Boost-1.74.0/BoostConfig.cmake (found version "1.74.0") found components: system filesystem date_time program_options thread 
[9.238s] -- Found ament_lint_auto: 0.12.12 (/opt/ros/humble/share/ament_lint_auto/cmake)
[9.266s] -- Found ament_cmake_gtest: 1.3.11 (/opt/ros/humble/share/ament_cmake_gtest/cmake)
[9.293s] -- Found ros_testing: 0.4.0 (/opt/ros/humble/share/ros_testing/cmake)
[9.321s] -- Found launch_testing_ament_cmake: 1.0.8 (/opt/ros/humble/share/launch_testing_ament_cmake/cmake)
[9.348s] -- Found python_cmake_module: 0.10.0 (/opt/ros/humble/share/python_cmake_module/cmake)
[9.420s] -- Found PythonInterp: /usr/bin/python3 (found suitable version "3.10.12", minimum required is "3.6") 
[9.444s] -- Found PythonLibs: /usr/lib/x86_64-linux-gnu/libpython3.10.so (found suitable version "3.10.12", minimum required is "3.5") 
[9.444s] -- Using PYTHON_EXECUTABLE: /usr/bin/python3
[9.444s] -- Using PYTHON_INCLUDE_DIRS: /usr/include/python3.10
[9.444s] -- Using PYTHON_LIBRARIES: /usr/lib/x86_64-linux-gnu/libpython3.10.so
[9.516s] -- Found PythonExtra: .so  
[9.532s] -- Found Boost: /usr/lib/x86_64-linux-gnu/cmake/Boost-1.74.0/BoostConfig.cmake (found version "1.74.0") found components: filesystem 
[9.758s] -- Configuring done
[11.528s] -- Generating done
[11.643s] -- Build files have been written to: /home/suwi/ros2_4dof_arm/build/moveit_hybrid_planning
[11.718s] Invoked command in '/home/suwi/ros2_4dof_arm/build/moveit_hybrid_planning' returned '0': AMENT_PREFIX_PATH=/home/suwi/ros2_4dof_arm/install/moveit_ros_planning_interface:/home/suwi/ros2_4dof_arm/install/moveit_ros_move_group:/home/suwi/ros2_4dof_arm/install/moveit_ros_warehouse:/home/suwi/ros2_4dof_arm/install/moveit_planners_ompl:/home/suwi/ros2_4dof_arm/install/moveit_kinematics:/home/suwi/ros2_4dof_arm/install/moveit_ros_planning:/home/suwi/ros2_4dof_arm/install/moveit_simple_controller_manager:/home/suwi/ros2_4dof_arm/install/moveit_ros_occupancy_map_monitor:/home/suwi/ros2_4dof_arm/install/moveit_core:/home/suwi/ros2_4dof_arm/install/moveit_resources_panda_moveit_config:/home/suwi/ros2_4dof_arm/install/moveit_resources_fanuc_moveit_config:/home/suwi/ros2_4dof_arm/install/moveit_resources_pr2_description:/home/suwi/ros2_4dof_arm/install/moveit_resources_fanuc_description:/home/suwi/ros2_4dof_arm/install/moveit_msgs:/home/suwi/ros2_4dof_arm/install/moveit_configs_utils:${AMENT_PREFIX_PATH} CMAKE_PREFIX_PATH=/home/suwi/ros2_4dof_arm/install/moveit_ros_planning_interface:/home/suwi/ros2_4dof_arm/install/moveit_ros_move_group:/home/suwi/ros2_4dof_arm/install/moveit_ros_warehouse:/home/suwi/ros2_4dof_arm/install/moveit_planners_ompl:/home/suwi/ros2_4dof_arm/install/moveit_kinematics:/home/suwi/ros2_4dof_arm/install/moveit_ros_planning:/home/suwi/ros2_4dof_arm/install/moveit_simple_controller_manager:/home/suwi/ros2_4dof_arm/install/moveit_ros_occupancy_map_monitor:/home/suwi/ros2_4dof_arm/install/moveit_core:/home/suwi/ros2_4dof_arm/install/moveit_resources_panda_moveit_config:/home/suwi/ros2_4dof_arm/install/moveit_resources_fanuc_moveit_config:/home/suwi/ros2_4dof_arm/install/moveit_resources_pr2_description:/home/suwi/ros2_4dof_arm/install/moveit_resources_panda_description:/home/suwi/ros2_4dof_arm/install/moveit_resources_fanuc_description:/home/suwi/ros2_4dof_arm/install/moveit_msgs:/home/suwi/ros2_4dof_arm/install/moveit_common:/home/suwi/ros2_4dof_arm/src/four_dof_arm/install/four_dof_arm:/home/suwi/ros2_4dof_arm/install/four_dof_arm:/opt/ros/humble:/opt/ros/humble:/home/suwi/ros2_ws_prac/install/my_robot_control:/path/to/object_recognition_msgs/install:/home/suwi/ros2_ws_prac/install/pub_sub LD_LIBRARY_PATH=/home/suwi/ros2_4dof_arm/install/moveit_ros_planning_interface/lib:/home/suwi/ros2_4dof_arm/install/moveit_ros_move_group/lib:/home/suwi/ros2_4dof_arm/install/moveit_ros_warehouse/lib:/home/suwi/ros2_4dof_arm/install/moveit_planners_ompl/lib:/home/suwi/ros2_4dof_arm/install/moveit_kinematics/lib:/home/suwi/ros2_4dof_arm/install/moveit_ros_planning/lib:/home/suwi/ros2_4dof_arm/install/moveit_simple_controller_manager/lib:/home/suwi/ros2_4dof_arm/install/moveit_ros_occupancy_map_monitor/lib:/home/suwi/ros2_4dof_arm/install/moveit_core/lib:/home/suwi/ros2_4dof_arm/install/moveit_msgs/lib:${LD_LIBRARY_PATH} PATH=/home/suwi/ros2_4dof_arm/install/moveit_core/bin:${PATH} PYTHONPATH=/home/suwi/ros2_4dof_arm/install/moveit_msgs/local/lib/python3.10/dist-packages:/home/suwi/ros2_4dof_arm/install/moveit_configs_utils/lib/python3.10/site-packages:${PYTHONPATH} /usr/bin/cmake /home/suwi/ros2_4dof_arm/src/moveit2/moveit_ros/hybrid_planning -DCMAKE_INSTALL_PREFIX=/home/suwi/ros2_4dof_arm/install/moveit_hybrid_planning
[11.720s] Invoking command in '/home/suwi/ros2_4dof_arm/build/moveit_hybrid_planning': AMENT_PREFIX_PATH=/home/suwi/ros2_4dof_arm/install/moveit_ros_planning_interface:/home/suwi/ros2_4dof_arm/install/moveit_ros_move_group:/home/suwi/ros2_4dof_arm/install/moveit_ros_warehouse:/home/suwi/ros2_4dof_arm/install/moveit_planners_ompl:/home/suwi/ros2_4dof_arm/install/moveit_kinematics:/home/suwi/ros2_4dof_arm/install/moveit_ros_planning:/home/suwi/ros2_4dof_arm/install/moveit_simple_controller_manager:/home/suwi/ros2_4dof_arm/install/moveit_ros_occupancy_map_monitor:/home/suwi/ros2_4dof_arm/install/moveit_core:/home/suwi/ros2_4dof_arm/install/moveit_resources_panda_moveit_config:/home/suwi/ros2_4dof_arm/install/moveit_resources_fanuc_moveit_config:/home/suwi/ros2_4dof_arm/install/moveit_resources_pr2_description:/home/suwi/ros2_4dof_arm/install/moveit_resources_fanuc_description:/home/suwi/ros2_4dof_arm/install/moveit_msgs:/home/suwi/ros2_4dof_arm/install/moveit_configs_utils:${AMENT_PREFIX_PATH} CMAKE_PREFIX_PATH=/home/suwi/ros2_4dof_arm/install/moveit_ros_planning_interface:/home/suwi/ros2_4dof_arm/install/moveit_ros_move_group:/home/suwi/ros2_4dof_arm/install/moveit_ros_warehouse:/home/suwi/ros2_4dof_arm/install/moveit_planners_ompl:/home/suwi/ros2_4dof_arm/install/moveit_kinematics:/home/suwi/ros2_4dof_arm/install/moveit_ros_planning:/home/suwi/ros2_4dof_arm/install/moveit_simple_controller_manager:/home/suwi/ros2_4dof_arm/install/moveit_ros_occupancy_map_monitor:/home/suwi/ros2_4dof_arm/install/moveit_core:/home/suwi/ros2_4dof_arm/install/moveit_resources_panda_moveit_config:/home/suwi/ros2_4dof_arm/install/moveit_resources_fanuc_moveit_config:/home/suwi/ros2_4dof_arm/install/moveit_resources_pr2_description:/home/suwi/ros2_4dof_arm/install/moveit_resources_panda_description:/home/suwi/ros2_4dof_arm/install/moveit_resources_fanuc_description:/home/suwi/ros2_4dof_arm/install/moveit_msgs:/home/suwi/ros2_4dof_arm/install/moveit_common:/home/suwi/ros2_4dof_arm/src/four_dof_arm/install/four_dof_arm:/home/suwi/ros2_4dof_arm/install/four_dof_arm:/opt/ros/humble:/opt/ros/humble:/home/suwi/ros2_ws_prac/install/my_robot_control:/path/to/object_recognition_msgs/install:/home/suwi/ros2_ws_prac/install/pub_sub LD_LIBRARY_PATH=/home/suwi/ros2_4dof_arm/install/moveit_ros_planning_interface/lib:/home/suwi/ros2_4dof_arm/install/moveit_ros_move_group/lib:/home/suwi/ros2_4dof_arm/install/moveit_ros_warehouse/lib:/home/suwi/ros2_4dof_arm/install/moveit_planners_ompl/lib:/home/suwi/ros2_4dof_arm/install/moveit_kinematics/lib:/home/suwi/ros2_4dof_arm/install/moveit_ros_planning/lib:/home/suwi/ros2_4dof_arm/install/moveit_simple_controller_manager/lib:/home/suwi/ros2_4dof_arm/install/moveit_ros_occupancy_map_monitor/lib:/home/suwi/ros2_4dof_arm/install/moveit_core/lib:/home/suwi/ros2_4dof_arm/install/moveit_msgs/lib:${LD_LIBRARY_PATH} PATH=/home/suwi/ros2_4dof_arm/install/moveit_core/bin:${PATH} PYTHONPATH=/home/suwi/ros2_4dof_arm/install/moveit_msgs/local/lib/python3.10/dist-packages:/home/suwi/ros2_4dof_arm/install/moveit_configs_utils/lib/python3.10/site-packages:${PYTHONPATH} /usr/bin/cmake --build /home/suwi/ros2_4dof_arm/build/moveit_hybrid_planning -- -j8 -l8
[12.061s] [  5%] [32mBuilding CXX object hybrid_planning_manager/hybrid_planning_manager_component/CMakeFiles/moveit_hybrid_planning_manager.dir/src/hybrid_planning_manager.cpp.o[0m
[12.068s] [ 10%] [32mBuilding CXX object global_planner/global_planner_component/CMakeFiles/moveit_global_planner_component.dir/src/global_planner_component.cpp.o[0m
[12.071s] [ 15%] [32mBuilding CXX object global_planner/global_planner_plugins/CMakeFiles/motion_planning_pipeline_plugin.dir/src/moveit_planning_pipeline.cpp.o[0m
[12.084s] [ 20%] [32mBuilding CXX object local_planner/local_planner_component/CMakeFiles/moveit_local_planner_component.dir/src/local_planner_component.cpp.o[0m
[12.089s] [ 25%] [32mBuilding CXX object local_planner/local_constraint_solver_plugins/CMakeFiles/forward_trajectory_plugin.dir/src/forward_trajectory.cpp.o[0m
[12.090s] [ 30%] [32mBuilding CXX object local_planner/trajectory_operator_plugins/CMakeFiles/simple_sampler_plugin.dir/src/simple_sampler.cpp.o[0m
[36.255s] [ 35%] [32m[1mLinking CXX shared library libsimple_sampler_plugin.so[0m
[37.542s] [ 35%] Built target simple_sampler_plugin
[50.658s] [ 40%] [32m[1mLinking CXX shared library libforward_trajectory_plugin.so[0m
[51.882s] [ 40%] Built target forward_trajectory_plugin
[53.938s] [ 45%] [32m[1mLinking CXX shared library libmotion_planning_pipeline_plugin.so[0m
[55.099s] [ 45%] Built target motion_planning_pipeline_plugin
[57.224s] [ 50%] [32m[1mLinking CXX shared library libmoveit_hybrid_planning_manager.so[0m
[58.816s] [ 50%] Built target moveit_hybrid_planning_manager
[58.952s] [ 55%] [32mBuilding CXX object hybrid_planning_manager/planner_logic_plugins/CMakeFiles/single_plan_execution_plugin.dir/src/single_plan_execution.cpp.o[0m
[63.393s] [ 60%] [32m[1mLinking CXX shared library libmoveit_global_planner_component.so[0m
[64.759s] [ 60%] Built target moveit_global_planner_component
[72.697s] [ 65%] [32m[1mLinking CXX shared library libsingle_plan_execution_plugin.so[0m
[73.689s] [ 65%] Built target single_plan_execution_plugin
[73.824s] [ 70%] [32mBuilding CXX object hybrid_planning_manager/planner_logic_plugins/CMakeFiles/replan_invalidated_trajectory_plugin.dir/src/replan_invalidated_trajectory.cpp.o[0m
[74.603s] [ 75%] [32m[1mLinking CXX shared library libmoveit_local_planner_component.so[0m
[75.979s] [ 75%] Built target moveit_local_planner_component
[86.900s] [ 80%] [32m[1mLinking CXX shared library libreplan_invalidated_trajectory_plugin.so[0m
[87.887s] [ 80%] Built target replan_invalidated_trajectory_plugin
[88.022s] [ 85%] [32mBuilding CXX object test/CMakeFiles/cancel_action.dir/cancel_action.cpp.o[0m
[88.024s] [ 90%] [32mBuilding CXX object test/CMakeFiles/hybrid_planning_demo_node.dir/hybrid_planning_demo_node.cpp.o[0m
[97.769s] [ 95%] [32m[1mLinking CXX executable cancel_action[0m
[98.794s] [ 95%] Built target cancel_action
[131.912s] [100%] [32m[1mLinking CXX executable hybrid_planning_demo_node[0m
[133.442s] [100%] Built target hybrid_planning_demo_node
[133.501s] Invoked command in '/home/suwi/ros2_4dof_arm/build/moveit_hybrid_planning' returned '0': AMENT_PREFIX_PATH=/home/suwi/ros2_4dof_arm/install/moveit_ros_planning_interface:/home/suwi/ros2_4dof_arm/install/moveit_ros_move_group:/home/suwi/ros2_4dof_arm/install/moveit_ros_warehouse:/home/suwi/ros2_4dof_arm/install/moveit_planners_ompl:/home/suwi/ros2_4dof_arm/install/moveit_kinematics:/home/suwi/ros2_4dof_arm/install/moveit_ros_planning:/home/suwi/ros2_4dof_arm/install/moveit_simple_controller_manager:/home/suwi/ros2_4dof_arm/install/moveit_ros_occupancy_map_monitor:/home/suwi/ros2_4dof_arm/install/moveit_core:/home/suwi/ros2_4dof_arm/install/moveit_resources_panda_moveit_config:/home/suwi/ros2_4dof_arm/install/moveit_resources_fanuc_moveit_config:/home/suwi/ros2_4dof_arm/install/moveit_resources_pr2_description:/home/suwi/ros2_4dof_arm/install/moveit_resources_fanuc_description:/home/suwi/ros2_4dof_arm/install/moveit_msgs:/home/suwi/ros2_4dof_arm/install/moveit_configs_utils:${AMENT_PREFIX_PATH} CMAKE_PREFIX_PATH=/home/suwi/ros2_4dof_arm/install/moveit_ros_planning_interface:/home/suwi/ros2_4dof_arm/install/moveit_ros_move_group:/home/suwi/ros2_4dof_arm/install/moveit_ros_warehouse:/home/suwi/ros2_4dof_arm/install/moveit_planners_ompl:/home/suwi/ros2_4dof_arm/install/moveit_kinematics:/home/suwi/ros2_4dof_arm/install/moveit_ros_planning:/home/suwi/ros2_4dof_arm/install/moveit_simple_controller_manager:/home/suwi/ros2_4dof_arm/install/moveit_ros_occupancy_map_monitor:/home/suwi/ros2_4dof_arm/install/moveit_core:/home/suwi/ros2_4dof_arm/install/moveit_resources_panda_moveit_config:/home/suwi/ros2_4dof_arm/install/moveit_resources_fanuc_moveit_config:/home/suwi/ros2_4dof_arm/install/moveit_resources_pr2_description:/home/suwi/ros2_4dof_arm/install/moveit_resources_panda_description:/home/suwi/ros2_4dof_arm/install/moveit_resources_fanuc_description:/home/suwi/ros2_4dof_arm/install/moveit_msgs:/home/suwi/ros2_4dof_arm/install/moveit_common:/home/suwi/ros2_4dof_arm/src/four_dof_arm/install/four_dof_arm:/home/suwi/ros2_4dof_arm/install/four_dof_arm:/opt/ros/humble:/opt/ros/humble:/home/suwi/ros2_ws_prac/install/my_robot_control:/path/to/object_recognition_msgs/install:/home/suwi/ros2_ws_prac/install/pub_sub LD_LIBRARY_PATH=/home/suwi/ros2_4dof_arm/install/moveit_ros_planning_interface/lib:/home/suwi/ros2_4dof_arm/install/moveit_ros_move_group/lib:/home/suwi/ros2_4dof_arm/install/moveit_ros_warehouse/lib:/home/suwi/ros2_4dof_arm/install/moveit_planners_ompl/lib:/home/suwi/ros2_4dof_arm/install/moveit_kinematics/lib:/home/suwi/ros2_4dof_arm/install/moveit_ros_planning/lib:/home/suwi/ros2_4dof_arm/install/moveit_simple_controller_manager/lib:/home/suwi/ros2_4dof_arm/install/moveit_ros_occupancy_map_monitor/lib:/home/suwi/ros2_4dof_arm/install/moveit_core/lib:/home/suwi/ros2_4dof_arm/install/moveit_msgs/lib:${LD_LIBRARY_PATH} PATH=/home/suwi/ros2_4dof_arm/install/moveit_core/bin:${PATH} PYTHONPATH=/home/suwi/ros2_4dof_arm/install/moveit_msgs/local/lib/python3.10/dist-packages:/home/suwi/ros2_4dof_arm/install/moveit_configs_utils/lib/python3.10/site-packages:${PYTHONPATH} /usr/bin/cmake --build /home/suwi/ros2_4dof_arm/build/moveit_hybrid_planning -- -j8 -l8
[133.510s] Invoking command in '/home/suwi/ros2_4dof_arm/build/moveit_hybrid_planning': AMENT_PREFIX_PATH=/home/suwi/ros2_4dof_arm/install/moveit_ros_planning_interface:/home/suwi/ros2_4dof_arm/install/moveit_ros_move_group:/home/suwi/ros2_4dof_arm/install/moveit_ros_warehouse:/home/suwi/ros2_4dof_arm/install/moveit_planners_ompl:/home/suwi/ros2_4dof_arm/install/moveit_kinematics:/home/suwi/ros2_4dof_arm/install/moveit_ros_planning:/home/suwi/ros2_4dof_arm/install/moveit_simple_controller_manager:/home/suwi/ros2_4dof_arm/install/moveit_ros_occupancy_map_monitor:/home/suwi/ros2_4dof_arm/install/moveit_core:/home/suwi/ros2_4dof_arm/install/moveit_resources_panda_moveit_config:/home/suwi/ros2_4dof_arm/install/moveit_resources_fanuc_moveit_config:/home/suwi/ros2_4dof_arm/install/moveit_resources_pr2_description:/home/suwi/ros2_4dof_arm/install/moveit_resources_fanuc_description:/home/suwi/ros2_4dof_arm/install/moveit_msgs:/home/suwi/ros2_4dof_arm/install/moveit_configs_utils:${AMENT_PREFIX_PATH} CMAKE_PREFIX_PATH=/home/suwi/ros2_4dof_arm/install/moveit_ros_planning_interface:/home/suwi/ros2_4dof_arm/install/moveit_ros_move_group:/home/suwi/ros2_4dof_arm/install/moveit_ros_warehouse:/home/suwi/ros2_4dof_arm/install/moveit_planners_ompl:/home/suwi/ros2_4dof_arm/install/moveit_kinematics:/home/suwi/ros2_4dof_arm/install/moveit_ros_planning:/home/suwi/ros2_4dof_arm/install/moveit_simple_controller_manager:/home/suwi/ros2_4dof_arm/install/moveit_ros_occupancy_map_monitor:/home/suwi/ros2_4dof_arm/install/moveit_core:/home/suwi/ros2_4dof_arm/install/moveit_resources_panda_moveit_config:/home/suwi/ros2_4dof_arm/install/moveit_resources_fanuc_moveit_config:/home/suwi/ros2_4dof_arm/install/moveit_resources_pr2_description:/home/suwi/ros2_4dof_arm/install/moveit_resources_panda_description:/home/suwi/ros2_4dof_arm/install/moveit_resources_fanuc_description:/home/suwi/ros2_4dof_arm/install/moveit_msgs:/home/suwi/ros2_4dof_arm/install/moveit_common:/home/suwi/ros2_4dof_arm/src/four_dof_arm/install/four_dof_arm:/home/suwi/ros2_4dof_arm/install/four_dof_arm:/opt/ros/humble:/opt/ros/humble:/home/suwi/ros2_ws_prac/install/my_robot_control:/path/to/object_recognition_msgs/install:/home/suwi/ros2_ws_prac/install/pub_sub LD_LIBRARY_PATH=/home/suwi/ros2_4dof_arm/install/moveit_ros_planning_interface/lib:/home/suwi/ros2_4dof_arm/install/moveit_ros_move_group/lib:/home/suwi/ros2_4dof_arm/install/moveit_ros_warehouse/lib:/home/suwi/ros2_4dof_arm/install/moveit_planners_ompl/lib:/home/suwi/ros2_4dof_arm/install/moveit_kinematics/lib:/home/suwi/ros2_4dof_arm/install/moveit_ros_planning/lib:/home/suwi/ros2_4dof_arm/install/moveit_simple_controller_manager/lib:/home/suwi/ros2_4dof_arm/install/moveit_ros_occupancy_map_monitor/lib:/home/suwi/ros2_4dof_arm/install/moveit_core/lib:/home/suwi/ros2_4dof_arm/install/moveit_msgs/lib:${LD_LIBRARY_PATH} PATH=/home/suwi/ros2_4dof_arm/install/moveit_core/bin:${PATH} PYTHONPATH=/home/suwi/ros2_4dof_arm/install/moveit_msgs/local/lib/python3.10/dist-packages:/home/suwi/ros2_4dof_arm/install/moveit_configs_utils/lib/python3.10/site-packages:${PYTHONPATH} /usr/bin/cmake --install /home/suwi/ros2_4dof_arm/build/moveit_hybrid_planning
[133.553s] -- Install configuration: "Release"
[133.557s] -- Installing: /home/suwi/ros2_4dof_arm/install/moveit_hybrid_planning/lib/libmoveit_global_planner_component.so.2.5.8
[133.571s] -- Set runtime path of "/home/suwi/ros2_4dof_arm/install/moveit_hybrid_planning/lib/libmoveit_global_planner_component.so.2.5.8" to ""
[133.572s] -- Installing: /home/suwi/ros2_4dof_arm/install/moveit_hybrid_planning/lib/libmoveit_global_planner_component.so
[133.573s] -- Installing: /home/suwi/ros2_4dof_arm/install/moveit_hybrid_planning/lib/libmoveit_hybrid_planning_manager.so.2.5.8
[133.592s] -- Set runtime path of "/home/suwi/ros2_4dof_arm/install/moveit_hybrid_planning/lib/libmoveit_hybrid_planning_manager.so.2.5.8" to ""
[133.592s] -- Installing: /home/suwi/ros2_4dof_arm/install/moveit_hybrid_planning/lib/libmoveit_hybrid_planning_manager.so
[133.593s] -- Installing: /home/suwi/ros2_4dof_arm/install/moveit_hybrid_planning/lib/libmoveit_local_planner_component.so.2.5.8
[133.610s] -- Set runtime path of "/home/suwi/ros2_4dof_arm/install/moveit_hybrid_planning/lib/libmoveit_local_planner_component.so.2.5.8" to ""
[133.611s] -- Installing: /home/suwi/ros2_4dof_arm/install/moveit_hybrid_planning/lib/libmoveit_local_planner_component.so
[133.611s] -- Installing: /home/suwi/ros2_4dof_arm/install/moveit_hybrid_planning/lib/libforward_trajectory_plugin.so.2.5.8
[133.616s] -- Set runtime path of "/home/suwi/ros2_4dof_arm/install/moveit_hybrid_planning/lib/libforward_trajectory_plugin.so.2.5.8" to ""
[133.617s] -- Installing: /home/suwi/ros2_4dof_arm/install/moveit_hybrid_planning/lib/libforward_trajectory_plugin.so
[133.618s] -- Installing: /home/suwi/ros2_4dof_arm/install/moveit_hybrid_planning/lib/libmotion_planning_pipeline_plugin.so.2.5.8
[133.623s] -- Set runtime path of "/home/suwi/ros2_4dof_arm/install/moveit_hybrid_planning/lib/libmotion_planning_pipeline_plugin.so.2.5.8" to ""
[133.623s] -- Installing: /home/suwi/ros2_4dof_arm/install/moveit_hybrid_planning/lib/libmotion_planning_pipeline_plugin.so
[133.624s] -- Installing: /home/suwi/ros2_4dof_arm/install/moveit_hybrid_planning/lib/libreplan_invalidated_trajectory_plugin.so.2.5.8
[133.628s] -- Set runtime path of "/home/suwi/ros2_4dof_arm/install/moveit_hybrid_planning/lib/libreplan_invalidated_trajectory_plugin.so.2.5.8" to ""
[133.629s] -- Installing: /home/suwi/ros2_4dof_arm/install/moveit_hybrid_planning/lib/libreplan_invalidated_trajectory_plugin.so
[133.630s] -- Installing: /home/suwi/ros2_4dof_arm/install/moveit_hybrid_planning/lib/libsimple_sampler_plugin.so.2.5.8
[133.634s] -- Set runtime path of "/home/suwi/ros2_4dof_arm/install/moveit_hybrid_planning/lib/libsimple_sampler_plugin.so.2.5.8" to ""
[133.634s] -- Installing: /home/suwi/ros2_4dof_arm/install/moveit_hybrid_planning/lib/libsimple_sampler_plugin.so
[133.635s] -- Installing: /home/suwi/ros2_4dof_arm/install/moveit_hybrid_planning/lib/libsingle_plan_execution_plugin.so.2.5.8
[133.640s] -- Set runtime path of "/home/suwi/ros2_4dof_arm/install/moveit_hybrid_planning/lib/libsingle_plan_execution_plugin.so.2.5.8" to ""
[133.640s] -- Installing: /home/suwi/ros2_4dof_arm/install/moveit_hybrid_planning/lib/libsingle_plan_execution_plugin.so
[133.641s] -- Installing: /home/suwi/ros2_4dof_arm/install/moveit_hybrid_planning/lib/moveit_hybrid_planning/cancel_action
[133.647s] -- Set runtime path of "/home/suwi/ros2_4dof_arm/install/moveit_hybrid_planning/lib/moveit_hybrid_planning/cancel_action" to ""
[133.648s] -- Installing: /home/suwi/ros2_4dof_arm/install/moveit_hybrid_planning/lib/moveit_hybrid_planning/hybrid_planning_demo_node
[133.660s] -- Set runtime path of "/home/suwi/ros2_4dof_arm/install/moveit_hybrid_planning/lib/moveit_hybrid_planning/hybrid_planning_demo_node" to ""
[133.661s] -- Installing: /home/suwi/ros2_4dof_arm/install/moveit_hybrid_planning/include
[133.662s] -- Installing: /home/suwi/ros2_4dof_arm/install/moveit_hybrid_planning/include/moveit
[133.662s] -- Installing: /home/suwi/ros2_4dof_arm/install/moveit_hybrid_planning/include/moveit/global_planner
[133.663s] -- Installing: /home/suwi/ros2_4dof_arm/install/moveit_hybrid_planning/include/moveit/global_planner/global_planner_component.h
[133.664s] -- Installing: /home/suwi/ros2_4dof_arm/install/moveit_hybrid_planning/include/moveit/global_planner/global_planner_interface.h
[133.664s] -- Up-to-date: /home/suwi/ros2_4dof_arm/install/moveit_hybrid_planning/include
[133.665s] -- Up-to-date: /home/suwi/ros2_4dof_arm/install/moveit_hybrid_planning/include/moveit
[133.665s] -- Up-to-date: /home/suwi/ros2_4dof_arm/install/moveit_hybrid_planning/include/moveit/global_planner
[133.666s] -- Installing: /home/suwi/ros2_4dof_arm/install/moveit_hybrid_planning/include/moveit/global_planner/moveit_planning_pipeline.h
[133.666s] -- Up-to-date: /home/suwi/ros2_4dof_arm/install/moveit_hybrid_planning/include
[133.666s] -- Up-to-date: /home/suwi/ros2_4dof_arm/install/moveit_hybrid_planning/include/moveit
[133.667s] -- Installing: /home/suwi/ros2_4dof_arm/install/moveit_hybrid_planning/include/moveit/hybrid_planning_manager
[133.667s] -- Installing: /home/suwi/ros2_4dof_arm/install/moveit_hybrid_planning/include/moveit/hybrid_planning_manager/moveit_error_code_interface.h
[133.668s] -- Installing: /home/suwi/ros2_4dof_arm/install/moveit_hybrid_planning/include/moveit/hybrid_planning_manager/planner_logic_interface.h
[133.669s] -- Installing: /home/suwi/ros2_4dof_arm/install/moveit_hybrid_planning/include/moveit/hybrid_planning_manager/hybrid_planning_events.h
[133.670s] -- Installing: /home/suwi/ros2_4dof_arm/install/moveit_hybrid_planning/include/moveit/hybrid_planning_manager/hybrid_planning_manager.h
[133.670s] -- Up-to-date: /home/suwi/ros2_4dof_arm/install/moveit_hybrid_planning/include
[133.671s] -- Up-to-date: /home/suwi/ros2_4dof_arm/install/moveit_hybrid_planning/include/moveit
[133.671s] -- Installing: /home/suwi/ros2_4dof_arm/install/moveit_hybrid_planning/include/moveit/planner_logic_plugins
[133.672s] -- Installing: /home/suwi/ros2_4dof_arm/install/moveit_hybrid_planning/include/moveit/planner_logic_plugins/replan_invalidated_trajectory.h
[133.672s] -- Installing: /home/suwi/ros2_4dof_arm/install/moveit_hybrid_planning/include/moveit/planner_logic_plugins/single_plan_execution.h
[133.673s] -- Up-to-date: /home/suwi/ros2_4dof_arm/install/moveit_hybrid_planning/include
[133.674s] -- Up-to-date: /home/suwi/ros2_4dof_arm/install/moveit_hybrid_planning/include/moveit
[133.675s] -- Installing: /home/suwi/ros2_4dof_arm/install/moveit_hybrid_planning/include/moveit/local_planner
[133.675s] -- Installing: /home/suwi/ros2_4dof_arm/install/moveit_hybrid_planning/include/moveit/local_planner/feedback_types.h
[133.676s] -- Installing: /home/suwi/ros2_4dof_arm/install/moveit_hybrid_planning/include/moveit/local_planner/local_planner_component.h
[133.676s] -- Installing: /home/suwi/ros2_4dof_arm/install/moveit_hybrid_planning/include/moveit/local_planner/trajectory_operator_interface.h
[133.677s] -- Installing: /home/suwi/ros2_4dof_arm/install/moveit_hybrid_planning/include/moveit/local_planner/local_constraint_solver_interface.h
[133.678s] -- Up-to-date: /home/suwi/ros2_4dof_arm/install/moveit_hybrid_planning/include
[133.678s] -- Up-to-date: /home/suwi/ros2_4dof_arm/install/moveit_hybrid_planning/include/moveit
[133.679s] -- Installing: /home/suwi/ros2_4dof_arm/install/moveit_hybrid_planning/include/moveit/trajectory_operator_plugins
[133.680s] -- Installing: /home/suwi/ros2_4dof_arm/install/moveit_hybrid_planning/include/moveit/trajectory_operator_plugins/simple_sampler.h
[133.681s] -- Up-to-date: /home/suwi/ros2_4dof_arm/install/moveit_hybrid_planning/include
[133.681s] -- Up-to-date: /home/suwi/ros2_4dof_arm/install/moveit_hybrid_planning/include/moveit
[133.682s] -- Installing: /home/suwi/ros2_4dof_arm/install/moveit_hybrid_planning/include/moveit/local_constraint_solver_plugins
[133.682s] -- Installing: /home/suwi/ros2_4dof_arm/install/moveit_hybrid_planning/include/moveit/local_constraint_solver_plugins/forward_trajectory.h
[133.683s] -- Installing: /home/suwi/ros2_4dof_arm/install/moveit_hybrid_planning/share/moveit_hybrid_planning/launch
[133.685s] -- Installing: /home/suwi/ros2_4dof_arm/install/moveit_hybrid_planning/share/moveit_hybrid_planning/launch/test_basic_integration.test.py
[133.686s] -- Installing: /home/suwi/ros2_4dof_arm/install/moveit_hybrid_planning/share/moveit_hybrid_planning/launch/hybrid_planning_demo.launch.py
[133.688s] -- Installing: /home/suwi/ros2_4dof_arm/install/moveit_hybrid_planning/share/moveit_hybrid_planning/launch/hybrid_planning_common.py
[133.690s] -- Installing: /home/suwi/ros2_4dof_arm/install/moveit_hybrid_planning/share/moveit_hybrid_planning/config
[133.691s] -- Installing: /home/suwi/ros2_4dof_arm/install/moveit_hybrid_planning/share/moveit_hybrid_planning/config/local_planner.yaml
[133.693s] -- Installing: /home/suwi/ros2_4dof_arm/install/moveit_hybrid_planning/share/moveit_hybrid_planning/config/hybrid_planning_manager.yaml
[133.695s] -- Installing: /home/suwi/ros2_4dof_arm/install/moveit_hybrid_planning/share/moveit_hybrid_planning/config/global_planner.yaml
[133.696s] -- Installing: /home/suwi/ros2_4dof_arm/install/moveit_hybrid_planning/share/moveit_hybrid_planning/config/demo_controller.yaml
[133.698s] -- Installing: /home/suwi/ros2_4dof_arm/install/moveit_hybrid_planning/share/moveit_hybrid_planning/config/hybrid_planning_demo.rviz
[133.699s] -- Installing: /home/suwi/ros2_4dof_arm/install/moveit_hybrid_planning/share/moveit_hybrid_planning/config/common_hybrid_planning_params.yaml
[133.701s] -- Installing: /home/suwi/ros2_4dof_arm/install/moveit_hybrid_planning/share/moveit_hybrid_planning/single_plan_execution_plugin.xml
[133.703s] -- Installing: /home/suwi/ros2_4dof_arm/install/moveit_hybrid_planning/share/moveit_hybrid_planning/moveit_planning_pipeline_plugin.xml
[133.704s] -- Installing: /home/suwi/ros2_4dof_arm/install/moveit_hybrid_planning/share/moveit_hybrid_planning/simple_sampler_plugin.xml
[133.706s] -- Installing: /home/suwi/ros2_4dof_arm/install/moveit_hybrid_planning/share/moveit_hybrid_planning/replan_invalidated_trajectory_plugin.xml
[133.707s] -- Installing: /home/suwi/ros2_4dof_arm/install/moveit_hybrid_planning/share/moveit_hybrid_planning/forward_trajectory_plugin.xml
[133.709s] -- Installing: /home/suwi/ros2_4dof_arm/install/moveit_hybrid_planning/share/moveit_hybrid_planning/environment/library_path.sh
[133.709s] -- Installing: /home/suwi/ros2_4dof_arm/install/moveit_hybrid_planning/share/moveit_hybrid_planning/environment/library_path.dsv
[133.711s] -- Installing: /home/suwi/ros2_4dof_arm/install/moveit_hybrid_planning/share/ament_index/resource_index/package_run_dependencies/moveit_hybrid_planning
[133.712s] -- Installing: /home/suwi/ros2_4dof_arm/install/moveit_hybrid_planning/share/ament_index/resource_index/parent_prefix_path/moveit_hybrid_planning
[133.713s] -- Installing: /home/suwi/ros2_4dof_arm/install/moveit_hybrid_planning/share/moveit_hybrid_planning/environment/ament_prefix_path.sh
[133.714s] -- Installing: /home/suwi/ros2_4dof_arm/install/moveit_hybrid_planning/share/moveit_hybrid_planning/environment/ament_prefix_path.dsv
[133.715s] -- Installing: /home/suwi/ros2_4dof_arm/install/moveit_hybrid_planning/share/moveit_hybrid_planning/environment/path.sh
[133.716s] -- Installing: /home/suwi/ros2_4dof_arm/install/moveit_hybrid_planning/share/moveit_hybrid_planning/environment/path.dsv
[133.717s] -- Installing: /home/suwi/ros2_4dof_arm/install/moveit_hybrid_planning/share/moveit_hybrid_planning/local_setup.bash
[133.717s] -- Installing: /home/suwi/ros2_4dof_arm/install/moveit_hybrid_planning/share/moveit_hybrid_planning/local_setup.sh
[133.718s] -- Installing: /home/suwi/ros2_4dof_arm/install/moveit_hybrid_planning/share/moveit_hybrid_planning/local_setup.zsh
[133.719s] -- Installing: /home/suwi/ros2_4dof_arm/install/moveit_hybrid_planning/share/moveit_hybrid_planning/local_setup.dsv
[133.720s] -- Installing: /home/suwi/ros2_4dof_arm/install/moveit_hybrid_planning/share/moveit_hybrid_planning/package.dsv
[133.721s] -- Installing: /home/suwi/ros2_4dof_arm/install/moveit_hybrid_planning/share/ament_index/resource_index/packages/moveit_hybrid_planning
[133.723s] -- Installing: /home/suwi/ros2_4dof_arm/install/moveit_hybrid_planning/share/ament_index/resource_index/moveit_hybrid_planning__pluginlib__plugin/moveit_hybrid_planning
[133.724s] -- Installing: /home/suwi/ros2_4dof_arm/install/moveit_hybrid_planning/share/ament_index/resource_index/rclcpp_components/moveit_hybrid_planning
[133.725s] -- Installing: /home/suwi/ros2_4dof_arm/install/moveit_hybrid_planning/share/moveit_hybrid_planning/cmake/export_moveit_hybrid_planningExport.cmake
[133.726s] -- Installing: /home/suwi/ros2_4dof_arm/install/moveit_hybrid_planning/share/moveit_hybrid_planning/cmake/export_moveit_hybrid_planningExport-release.cmake
[133.727s] -- Installing: /home/suwi/ros2_4dof_arm/install/moveit_hybrid_planning/share/moveit_hybrid_planning/cmake/ament_cmake_export_include_directories-extras.cmake
[133.728s] -- Installing: /home/suwi/ros2_4dof_arm/install/moveit_hybrid_planning/share/moveit_hybrid_planning/cmake/ament_cmake_export_libraries-extras.cmake
[133.729s] -- Installing: /home/suwi/ros2_4dof_arm/install/moveit_hybrid_planning/share/moveit_hybrid_planning/cmake/ament_cmake_export_dependencies-extras.cmake
[133.729s] -- Installing: /home/suwi/ros2_4dof_arm/install/moveit_hybrid_planning/share/moveit_hybrid_planning/cmake/ament_cmake_export_targets-extras.cmake
[133.730s] -- Installing: /home/suwi/ros2_4dof_arm/install/moveit_hybrid_planning/share/moveit_hybrid_planning/cmake/moveit_hybrid_planningConfig.cmake
[133.731s] -- Installing: /home/suwi/ros2_4dof_arm/install/moveit_hybrid_planning/share/moveit_hybrid_planning/cmake/moveit_hybrid_planningConfig-version.cmake
[133.733s] -- Installing: /home/suwi/ros2_4dof_arm/install/moveit_hybrid_planning/share/moveit_hybrid_planning/package.xml
[133.739s] Invoked command in '/home/suwi/ros2_4dof_arm/build/moveit_hybrid_planning' returned '0': AMENT_PREFIX_PATH=/home/suwi/ros2_4dof_arm/install/moveit_ros_planning_interface:/home/suwi/ros2_4dof_arm/install/moveit_ros_move_group:/home/suwi/ros2_4dof_arm/install/moveit_ros_warehouse:/home/suwi/ros2_4dof_arm/install/moveit_planners_ompl:/home/suwi/ros2_4dof_arm/install/moveit_kinematics:/home/suwi/ros2_4dof_arm/install/moveit_ros_planning:/home/suwi/ros2_4dof_arm/install/moveit_simple_controller_manager:/home/suwi/ros2_4dof_arm/install/moveit_ros_occupancy_map_monitor:/home/suwi/ros2_4dof_arm/install/moveit_core:/home/suwi/ros2_4dof_arm/install/moveit_resources_panda_moveit_config:/home/suwi/ros2_4dof_arm/install/moveit_resources_fanuc_moveit_config:/home/suwi/ros2_4dof_arm/install/moveit_resources_pr2_description:/home/suwi/ros2_4dof_arm/install/moveit_resources_fanuc_description:/home/suwi/ros2_4dof_arm/install/moveit_msgs:/home/suwi/ros2_4dof_arm/install/moveit_configs_utils:${AMENT_PREFIX_PATH} CMAKE_PREFIX_PATH=/home/suwi/ros2_4dof_arm/install/moveit_ros_planning_interface:/home/suwi/ros2_4dof_arm/install/moveit_ros_move_group:/home/suwi/ros2_4dof_arm/install/moveit_ros_warehouse:/home/suwi/ros2_4dof_arm/install/moveit_planners_ompl:/home/suwi/ros2_4dof_arm/install/moveit_kinematics:/home/suwi/ros2_4dof_arm/install/moveit_ros_planning:/home/suwi/ros2_4dof_arm/install/moveit_simple_controller_manager:/home/suwi/ros2_4dof_arm/install/moveit_ros_occupancy_map_monitor:/home/suwi/ros2_4dof_arm/install/moveit_core:/home/suwi/ros2_4dof_arm/install/moveit_resources_panda_moveit_config:/home/suwi/ros2_4dof_arm/install/moveit_resources_fanuc_moveit_config:/home/suwi/ros2_4dof_arm/install/moveit_resources_pr2_description:/home/suwi/ros2_4dof_arm/install/moveit_resources_panda_description:/home/suwi/ros2_4dof_arm/install/moveit_resources_fanuc_description:/home/suwi/ros2_4dof_arm/install/moveit_msgs:/home/suwi/ros2_4dof_arm/install/moveit_common:/home/suwi/ros2_4dof_arm/src/four_dof_arm/install/four_dof_arm:/home/suwi/ros2_4dof_arm/install/four_dof_arm:/opt/ros/humble:/opt/ros/humble:/home/suwi/ros2_ws_prac/install/my_robot_control:/path/to/object_recognition_msgs/install:/home/suwi/ros2_ws_prac/install/pub_sub LD_LIBRARY_PATH=/home/suwi/ros2_4dof_arm/install/moveit_ros_planning_interface/lib:/home/suwi/ros2_4dof_arm/install/moveit_ros_move_group/lib:/home/suwi/ros2_4dof_arm/install/moveit_ros_warehouse/lib:/home/suwi/ros2_4dof_arm/install/moveit_planners_ompl/lib:/home/suwi/ros2_4dof_arm/install/moveit_kinematics/lib:/home/suwi/ros2_4dof_arm/install/moveit_ros_planning/lib:/home/suwi/ros2_4dof_arm/install/moveit_simple_controller_manager/lib:/home/suwi/ros2_4dof_arm/install/moveit_ros_occupancy_map_monitor/lib:/home/suwi/ros2_4dof_arm/install/moveit_core/lib:/home/suwi/ros2_4dof_arm/install/moveit_msgs/lib:${LD_LIBRARY_PATH} PATH=/home/suwi/ros2_4dof_arm/install/moveit_core/bin:${PATH} PYTHONPATH=/home/suwi/ros2_4dof_arm/install/moveit_msgs/local/lib/python3.10/dist-packages:/home/suwi/ros2_4dof_arm/install/moveit_configs_utils/lib/python3.10/site-packages:${PYTHONPATH} /usr/bin/cmake --install /home/suwi/ros2_4dof_arm/build/moveit_hybrid_planning
