[0.165s] Invoking command in '/home/suwi/ros2_4dof_arm/build/moveit_resources_pr2_description': CMAKE_PREFIX_PATH=${CMAKE_PREFIX_PATH}:/home/suwi/ros2_ws_prac/install/pub_sub /usr/bin/cmake /home/suwi/ros2_4dof_arm/src/moveit_resources/pr2_description -DAMENT_CMAKE_SYMLINK_INSTALL=1 -DCMAKE_INSTALL_PREFIX=/home/suwi/ros2_4dof_arm/install/moveit_resources_pr2_description
[1.028s] -- The C compiler identification is GNU 11.4.0
[1.030s] -- The CXX compiler identification is GNU 11.4.0
[1.031s] -- Detecting C compiler ABI info
[1.046s] -- Detecting C compiler ABI info - done
[1.070s] -- Check for working C compiler: /usr/bin/cc - skipped
[1.071s] -- Detecting C compile features
[1.093s] -- Detecting C compile features - done
[1.097s] -- Detecting CXX compiler ABI info
[1.598s] -- Detecting CXX compiler ABI info - done
[1.626s] -- Check for working CXX compiler: /usr/bin/c++ - skipped
[1.626s] -- Detecting CXX compile features
[1.626s] -- Detecting CXX compile features - done
[1.634s] -- Found ament_cmake: 1.3.11 (/opt/ros/humble/share/ament_cmake/cmake)
[2.258s] -- Found Python3: /usr/bin/python3 (found version "3.10.12") found components: Interpreter 
[2.457s] -- Override CMake install command with custom implementation using symlinks instead of copying resources
[2.776s] -- Configuring done
[2.792s] -- Generating done
[2.810s] -- Build files have been written to: /home/suwi/ros2_4dof_arm/build/moveit_resources_pr2_description
[2.837s] Invoked command in '/home/suwi/ros2_4dof_arm/build/moveit_resources_pr2_description' returned '0': CMAKE_PREFIX_PATH=${CMAKE_PREFIX_PATH}:/home/suwi/ros2_ws_prac/install/pub_sub /usr/bin/cmake /home/suwi/ros2_4dof_arm/src/moveit_resources/pr2_description -DAMENT_CMAKE_SYMLINK_INSTALL=1 -DCMAKE_INSTALL_PREFIX=/home/suwi/ros2_4dof_arm/install/moveit_resources_pr2_description
[2.852s] Invoking command in '/home/suwi/ros2_4dof_arm/build/moveit_resources_pr2_description': CMAKE_PREFIX_PATH=${CMAKE_PREFIX_PATH}:/home/suwi/ros2_ws_prac/install/pub_sub /usr/bin/cmake --build /home/suwi/ros2_4dof_arm/build/moveit_resources_pr2_description -- -j8 -l8
[3.179s] Invoked command in '/home/suwi/ros2_4dof_arm/build/moveit_resources_pr2_description' returned '0': CMAKE_PREFIX_PATH=${CMAKE_PREFIX_PATH}:/home/suwi/ros2_ws_prac/install/pub_sub /usr/bin/cmake --build /home/suwi/ros2_4dof_arm/build/moveit_resources_pr2_description -- -j8 -l8
[3.188s] Invoking command in '/home/suwi/ros2_4dof_arm/build/moveit_resources_pr2_description': CMAKE_PREFIX_PATH=${CMAKE_PREFIX_PATH}:/home/suwi/ros2_ws_prac/install/pub_sub /usr/bin/cmake --install /home/suwi/ros2_4dof_arm/build/moveit_resources_pr2_description
[3.269s] -- Install configuration: ""
[3.270s] -- Execute custom install script
[3.270s] -- Symlinking: /home/suwi/ros2_4dof_arm/install/moveit_resources_pr2_description/share/ament_index/resource_index/package_run_dependencies/moveit_resources_pr2_description
[3.301s] -- Symlinking: /home/suwi/ros2_4dof_arm/install/moveit_resources_pr2_description/share/ament_index/resource_index/parent_prefix_path/moveit_resources_pr2_description
[3.380s] -- Symlinking: /home/suwi/ros2_4dof_arm/install/moveit_resources_pr2_description/share/moveit_resources_pr2_description/environment/ament_prefix_path.sh
[3.423s] -- Symlinking: /home/suwi/ros2_4dof_arm/install/moveit_resources_pr2_description/share/moveit_resources_pr2_description/environment/ament_prefix_path.dsv
[3.471s] -- Symlinking: /home/suwi/ros2_4dof_arm/install/moveit_resources_pr2_description/share/moveit_resources_pr2_description/environment/path.sh
[3.517s] -- Symlinking: /home/suwi/ros2_4dof_arm/install/moveit_resources_pr2_description/share/moveit_resources_pr2_description/environment/path.dsv
[3.574s] -- Symlinking: /home/suwi/ros2_4dof_arm/install/moveit_resources_pr2_description/share/moveit_resources_pr2_description/local_setup.bash
[3.625s] -- Symlinking: /home/suwi/ros2_4dof_arm/install/moveit_resources_pr2_description/share/moveit_resources_pr2_description/local_setup.sh
[3.674s] -- Symlinking: /home/suwi/ros2_4dof_arm/install/moveit_resources_pr2_description/share/moveit_resources_pr2_description/local_setup.zsh
[3.728s] -- Symlinking: /home/suwi/ros2_4dof_arm/install/moveit_resources_pr2_description/share/moveit_resources_pr2_description/local_setup.dsv
[3.784s] -- Symlinking: /home/suwi/ros2_4dof_arm/install/moveit_resources_pr2_description/share/moveit_resources_pr2_description/package.dsv
[3.840s] -- Symlinking: /home/suwi/ros2_4dof_arm/install/moveit_resources_pr2_description/share/ament_index/resource_index/packages/moveit_resources_pr2_description
[3.898s] -- Symlinking: /home/suwi/ros2_4dof_arm/install/moveit_resources_pr2_description/share/moveit_resources_pr2_description/cmake/moveit_resources_pr2_descriptionConfig.cmake
[3.958s] -- Symlinking: /home/suwi/ros2_4dof_arm/install/moveit_resources_pr2_description/share/moveit_resources_pr2_description/cmake/moveit_resources_pr2_descriptionConfig-version.cmake
[4.020s] -- Symlinking: /home/suwi/ros2_4dof_arm/install/moveit_resources_pr2_description/share/moveit_resources_pr2_description/package.xml
[4.055s] -- Symlinking: /home/suwi/ros2_4dof_arm/install/moveit_resources_pr2_description/share/moveit_resources_pr2_description/srdf/robot.xml
[4.127s] -- Symlinking: /home/suwi/ros2_4dof_arm/install/moveit_resources_pr2_description/share/moveit_resources_pr2_description/urdf/materials/textures/pr2_caster_texture.png
[4.170s] -- Symlinking: /home/suwi/ros2_4dof_arm/install/moveit_resources_pr2_description/share/moveit_resources_pr2_description/urdf/materials/textures/pr2_wheel_left.png
[4.210s] -- Symlinking: /home/suwi/ros2_4dof_arm/install/moveit_resources_pr2_description/share/moveit_resources_pr2_description/urdf/materials/textures/pr2_wheel_right.png
[4.253s] -- Symlinking: /home/suwi/ros2_4dof_arm/install/moveit_resources_pr2_description/share/moveit_resources_pr2_description/urdf/meshes/base_v0/base.dae
[4.292s] -- Symlinking: /home/suwi/ros2_4dof_arm/install/moveit_resources_pr2_description/share/moveit_resources_pr2_description/urdf/meshes/base_v0/base.stl
[4.334s] -- Symlinking: /home/suwi/ros2_4dof_arm/install/moveit_resources_pr2_description/share/moveit_resources_pr2_description/urdf/meshes/base_v0/base_L.stl
[4.377s] -- Symlinking: /home/suwi/ros2_4dof_arm/install/moveit_resources_pr2_description/share/moveit_resources_pr2_description/urdf/meshes/base_v0/base_color.tif
[4.418s] -- Symlinking: /home/suwi/ros2_4dof_arm/install/moveit_resources_pr2_description/share/moveit_resources_pr2_description/urdf/meshes/base_v0/base_normals.tif
[4.463s] -- Symlinking: /home/suwi/ros2_4dof_arm/install/moveit_resources_pr2_description/share/moveit_resources_pr2_description/urdf/meshes/base_v0/caster.stl
[4.503s] -- Symlinking: /home/suwi/ros2_4dof_arm/install/moveit_resources_pr2_description/share/moveit_resources_pr2_description/urdf/meshes/base_v0/caster_L.stl
[4.544s] -- Symlinking: /home/suwi/ros2_4dof_arm/install/moveit_resources_pr2_description/share/moveit_resources_pr2_description/urdf/meshes/base_v0/convex/base.dae
[4.587s] -- Symlinking: /home/suwi/ros2_4dof_arm/install/moveit_resources_pr2_description/share/moveit_resources_pr2_description/urdf/meshes/base_v0/convex/base.xml
[4.630s] -- Symlinking: /home/suwi/ros2_4dof_arm/install/moveit_resources_pr2_description/share/moveit_resources_pr2_description/urdf/meshes/base_v0/convex/base_L.dae
[4.674s] -- Symlinking: /home/suwi/ros2_4dof_arm/install/moveit_resources_pr2_description/share/moveit_resources_pr2_description/urdf/meshes/base_v0/convex/base_L.xml
[4.714s] -- Symlinking: /home/suwi/ros2_4dof_arm/install/moveit_resources_pr2_description/share/moveit_resources_pr2_description/urdf/meshes/base_v0/convex/base_L_convex.stla
[4.754s] -- Symlinking: /home/suwi/ros2_4dof_arm/install/moveit_resources_pr2_description/share/moveit_resources_pr2_description/urdf/meshes/base_v0/convex/base_L_convex.stlb
[4.800s] -- Symlinking: /home/suwi/ros2_4dof_arm/install/moveit_resources_pr2_description/share/moveit_resources_pr2_description/urdf/meshes/base_v0/convex/base_convex.stla
[4.840s] -- Symlinking: /home/suwi/ros2_4dof_arm/install/moveit_resources_pr2_description/share/moveit_resources_pr2_description/urdf/meshes/base_v0/convex/base_convex.stlb
[4.882s] -- Symlinking: /home/suwi/ros2_4dof_arm/install/moveit_resources_pr2_description/share/moveit_resources_pr2_description/urdf/meshes/base_v0/convex/caster.dae
[4.925s] -- Symlinking: /home/suwi/ros2_4dof_arm/install/moveit_resources_pr2_description/share/moveit_resources_pr2_description/urdf/meshes/base_v0/convex/caster.xml
[4.968s] -- Symlinking: /home/suwi/ros2_4dof_arm/install/moveit_resources_pr2_description/share/moveit_resources_pr2_description/urdf/meshes/base_v0/convex/caster_L.dae
[5.012s] -- Symlinking: /home/suwi/ros2_4dof_arm/install/moveit_resources_pr2_description/share/moveit_resources_pr2_description/urdf/meshes/base_v0/convex/caster_L.xml
[5.057s] -- Symlinking: /home/suwi/ros2_4dof_arm/install/moveit_resources_pr2_description/share/moveit_resources_pr2_description/urdf/meshes/base_v0/convex/caster_L_convex.stla
[5.095s] -- Symlinking: /home/suwi/ros2_4dof_arm/install/moveit_resources_pr2_description/share/moveit_resources_pr2_description/urdf/meshes/base_v0/convex/caster_L_convex.stlb
[5.136s] -- Symlinking: /home/suwi/ros2_4dof_arm/install/moveit_resources_pr2_description/share/moveit_resources_pr2_description/urdf/meshes/base_v0/convex/caster_convex.stla
[5.177s] -- Symlinking: /home/suwi/ros2_4dof_arm/install/moveit_resources_pr2_description/share/moveit_resources_pr2_description/urdf/meshes/base_v0/convex/caster_convex.stlb
[5.219s] -- Symlinking: /home/suwi/ros2_4dof_arm/install/moveit_resources_pr2_description/share/moveit_resources_pr2_description/urdf/meshes/base_v0/convex/pr2_wheel.dae
[5.261s] -- Symlinking: /home/suwi/ros2_4dof_arm/install/moveit_resources_pr2_description/share/moveit_resources_pr2_description/urdf/meshes/base_v0/convex/pr2_wheel.xml
[5.304s] -- Symlinking: /home/suwi/ros2_4dof_arm/install/moveit_resources_pr2_description/share/moveit_resources_pr2_description/urdf/meshes/base_v0/convex/pr2_wheel_convex.stla
[5.345s] -- Symlinking: /home/suwi/ros2_4dof_arm/install/moveit_resources_pr2_description/share/moveit_resources_pr2_description/urdf/meshes/base_v0/convex/pr2_wheel_convex.stlb
[5.388s] -- Symlinking: /home/suwi/ros2_4dof_arm/install/moveit_resources_pr2_description/share/moveit_resources_pr2_description/urdf/meshes/base_v0/convex/wheel.dae
[5.428s] -- Symlinking: /home/suwi/ros2_4dof_arm/install/moveit_resources_pr2_description/share/moveit_resources_pr2_description/urdf/meshes/base_v0/convex/wheel.xml
[5.471s] -- Symlinking: /home/suwi/ros2_4dof_arm/install/moveit_resources_pr2_description/share/moveit_resources_pr2_description/urdf/meshes/base_v0/convex/wheel_convex.stla
[5.515s] -- Symlinking: /home/suwi/ros2_4dof_arm/install/moveit_resources_pr2_description/share/moveit_resources_pr2_description/urdf/meshes/base_v0/convex/wheel_convex.stlb
[5.558s] -- Symlinking: /home/suwi/ros2_4dof_arm/install/moveit_resources_pr2_description/share/moveit_resources_pr2_description/urdf/meshes/base_v0/pr2_wheel.stl
[5.599s] -- Symlinking: /home/suwi/ros2_4dof_arm/install/moveit_resources_pr2_description/share/moveit_resources_pr2_description/urdf/meshes/base_v0/wheel.dae
[5.640s] -- Symlinking: /home/suwi/ros2_4dof_arm/install/moveit_resources_pr2_description/share/moveit_resources_pr2_description/urdf/meshes/base_v0/wheel.stl
[5.682s] -- Symlinking: /home/suwi/ros2_4dof_arm/install/moveit_resources_pr2_description/share/moveit_resources_pr2_description/urdf/meshes/base_v0/wheel_color.tif
[5.724s] -- Symlinking: /home/suwi/ros2_4dof_arm/install/moveit_resources_pr2_description/share/moveit_resources_pr2_description/urdf/meshes/base_v0/wheel_h.dae
[5.765s] -- Symlinking: /home/suwi/ros2_4dof_arm/install/moveit_resources_pr2_description/share/moveit_resources_pr2_description/urdf/meshes/base_v0/wheel_h_color.tif
[5.805s] -- Symlinking: /home/suwi/ros2_4dof_arm/install/moveit_resources_pr2_description/share/moveit_resources_pr2_description/urdf/meshes/base_v0/wheel_normals.tif
[5.849s] -- Symlinking: /home/suwi/ros2_4dof_arm/install/moveit_resources_pr2_description/share/moveit_resources_pr2_description/urdf/meshes/forearm_v0/convex/forearm.dae
[5.890s] -- Symlinking: /home/suwi/ros2_4dof_arm/install/moveit_resources_pr2_description/share/moveit_resources_pr2_description/urdf/meshes/forearm_v0/convex/forearm.xml
[5.931s] -- Symlinking: /home/suwi/ros2_4dof_arm/install/moveit_resources_pr2_description/share/moveit_resources_pr2_description/urdf/meshes/forearm_v0/convex/forearm_convex.stla
[5.973s] -- Symlinking: /home/suwi/ros2_4dof_arm/install/moveit_resources_pr2_description/share/moveit_resources_pr2_description/urdf/meshes/forearm_v0/convex/forearm_convex.stlb
[6.015s] -- Symlinking: /home/suwi/ros2_4dof_arm/install/moveit_resources_pr2_description/share/moveit_resources_pr2_description/urdf/meshes/forearm_v0/convex/wrist_flex.dae
[6.055s] -- Symlinking: /home/suwi/ros2_4dof_arm/install/moveit_resources_pr2_description/share/moveit_resources_pr2_description/urdf/meshes/forearm_v0/convex/wrist_flex.xml
[6.096s] -- Symlinking: /home/suwi/ros2_4dof_arm/install/moveit_resources_pr2_description/share/moveit_resources_pr2_description/urdf/meshes/forearm_v0/convex/wrist_flex_convex.stla
[6.136s] -- Symlinking: /home/suwi/ros2_4dof_arm/install/moveit_resources_pr2_description/share/moveit_resources_pr2_description/urdf/meshes/forearm_v0/convex/wrist_flex_convex.stlb
[6.177s] -- Symlinking: /home/suwi/ros2_4dof_arm/install/moveit_resources_pr2_description/share/moveit_resources_pr2_description/urdf/meshes/forearm_v0/convex/wrist_roll.dae
[6.219s] -- Symlinking: /home/suwi/ros2_4dof_arm/install/moveit_resources_pr2_description/share/moveit_resources_pr2_description/urdf/meshes/forearm_v0/convex/wrist_roll.xml
[6.259s] -- Symlinking: /home/suwi/ros2_4dof_arm/install/moveit_resources_pr2_description/share/moveit_resources_pr2_description/urdf/meshes/forearm_v0/convex/wrist_roll_L.dae
[6.300s] -- Symlinking: /home/suwi/ros2_4dof_arm/install/moveit_resources_pr2_description/share/moveit_resources_pr2_description/urdf/meshes/forearm_v0/convex/wrist_roll_L.xml
[6.341s] -- Symlinking: /home/suwi/ros2_4dof_arm/install/moveit_resources_pr2_description/share/moveit_resources_pr2_description/urdf/meshes/forearm_v0/convex/wrist_roll_L_convex.stla
[6.382s] -- Symlinking: /home/suwi/ros2_4dof_arm/install/moveit_resources_pr2_description/share/moveit_resources_pr2_description/urdf/meshes/forearm_v0/convex/wrist_roll_L_convex.stlb
[6.423s] -- Symlinking: /home/suwi/ros2_4dof_arm/install/moveit_resources_pr2_description/share/moveit_resources_pr2_description/urdf/meshes/forearm_v0/convex/wrist_roll_convex.stla
[6.463s] -- Symlinking: /home/suwi/ros2_4dof_arm/install/moveit_resources_pr2_description/share/moveit_resources_pr2_description/urdf/meshes/forearm_v0/convex/wrist_roll_convex.stlb
[6.503s] -- Symlinking: /home/suwi/ros2_4dof_arm/install/moveit_resources_pr2_description/share/moveit_resources_pr2_description/urdf/meshes/forearm_v0/forearm.dae
[6.543s] -- Symlinking: /home/suwi/ros2_4dof_arm/install/moveit_resources_pr2_description/share/moveit_resources_pr2_description/urdf/meshes/forearm_v0/forearm.jpg
[6.583s] -- Symlinking: /home/suwi/ros2_4dof_arm/install/moveit_resources_pr2_description/share/moveit_resources_pr2_description/urdf/meshes/forearm_v0/forearm.stl
[6.624s] -- Symlinking: /home/suwi/ros2_4dof_arm/install/moveit_resources_pr2_description/share/moveit_resources_pr2_description/urdf/meshes/forearm_v0/forearm_color.tif
[6.663s] -- Symlinking: /home/suwi/ros2_4dof_arm/install/moveit_resources_pr2_description/share/moveit_resources_pr2_description/urdf/meshes/forearm_v0/forearm_normals.tif
[6.703s] -- Symlinking: /home/suwi/ros2_4dof_arm/install/moveit_resources_pr2_description/share/moveit_resources_pr2_description/urdf/meshes/forearm_v0/wrist_color.tif
[6.744s] -- Symlinking: /home/suwi/ros2_4dof_arm/install/moveit_resources_pr2_description/share/moveit_resources_pr2_description/urdf/meshes/forearm_v0/wrist_flex.dae
[6.783s] -- Symlinking: /home/suwi/ros2_4dof_arm/install/moveit_resources_pr2_description/share/moveit_resources_pr2_description/urdf/meshes/forearm_v0/wrist_flex.stl
[6.824s] -- Symlinking: /home/suwi/ros2_4dof_arm/install/moveit_resources_pr2_description/share/moveit_resources_pr2_description/urdf/meshes/forearm_v0/wrist_normals.tif
[6.864s] -- Symlinking: /home/suwi/ros2_4dof_arm/install/moveit_resources_pr2_description/share/moveit_resources_pr2_description/urdf/meshes/forearm_v0/wrist_roll.stl
[6.906s] -- Symlinking: /home/suwi/ros2_4dof_arm/install/moveit_resources_pr2_description/share/moveit_resources_pr2_description/urdf/meshes/forearm_v0/wrist_roll_L.stl
[6.944s] -- Symlinking: /home/suwi/ros2_4dof_arm/install/moveit_resources_pr2_description/share/moveit_resources_pr2_description/urdf/meshes/gripper_v0/convex/finger_tip_l.dae
[6.985s] -- Symlinking: /home/suwi/ros2_4dof_arm/install/moveit_resources_pr2_description/share/moveit_resources_pr2_description/urdf/meshes/gripper_v0/convex/finger_tip_l.xml
[7.025s] -- Symlinking: /home/suwi/ros2_4dof_arm/install/moveit_resources_pr2_description/share/moveit_resources_pr2_description/urdf/meshes/gripper_v0/convex/finger_tip_l_convex.stla
[7.064s] -- Symlinking: /home/suwi/ros2_4dof_arm/install/moveit_resources_pr2_description/share/moveit_resources_pr2_description/urdf/meshes/gripper_v0/convex/finger_tip_l_convex.stlb
[7.103s] -- Symlinking: /home/suwi/ros2_4dof_arm/install/moveit_resources_pr2_description/share/moveit_resources_pr2_description/urdf/meshes/gripper_v0/convex/finger_tip_pad2_l.dae
[7.144s] -- Symlinking: /home/suwi/ros2_4dof_arm/install/moveit_resources_pr2_description/share/moveit_resources_pr2_description/urdf/meshes/gripper_v0/convex/finger_tip_pad2_l.xml
[7.183s] -- Symlinking: /home/suwi/ros2_4dof_arm/install/moveit_resources_pr2_description/share/moveit_resources_pr2_description/urdf/meshes/gripper_v0/convex/finger_tip_pad2_l_convex.stla
[7.232s] -- Symlinking: /home/suwi/ros2_4dof_arm/install/moveit_resources_pr2_description/share/moveit_resources_pr2_description/urdf/meshes/gripper_v0/convex/finger_tip_pad2_l_convex.stlb
[7.275s] -- Symlinking: /home/suwi/ros2_4dof_arm/install/moveit_resources_pr2_description/share/moveit_resources_pr2_description/urdf/meshes/gripper_v0/convex/finger_tip_pad2_r.dae
[7.317s] -- Symlinking: /home/suwi/ros2_4dof_arm/install/moveit_resources_pr2_description/share/moveit_resources_pr2_description/urdf/meshes/gripper_v0/convex/finger_tip_pad2_r.xml
[7.359s] -- Symlinking: /home/suwi/ros2_4dof_arm/install/moveit_resources_pr2_description/share/moveit_resources_pr2_description/urdf/meshes/gripper_v0/convex/finger_tip_pad2_r_convex.stla
[7.401s] -- Symlinking: /home/suwi/ros2_4dof_arm/install/moveit_resources_pr2_description/share/moveit_resources_pr2_description/urdf/meshes/gripper_v0/convex/finger_tip_pad2_r_convex.stlb
[7.441s] -- Symlinking: /home/suwi/ros2_4dof_arm/install/moveit_resources_pr2_description/share/moveit_resources_pr2_description/urdf/meshes/gripper_v0/convex/finger_tip_r.dae
[7.481s] -- Symlinking: /home/suwi/ros2_4dof_arm/install/moveit_resources_pr2_description/share/moveit_resources_pr2_description/urdf/meshes/gripper_v0/convex/finger_tip_r.xml
[7.520s] -- Symlinking: /home/suwi/ros2_4dof_arm/install/moveit_resources_pr2_description/share/moveit_resources_pr2_description/urdf/meshes/gripper_v0/convex/finger_tip_r_convex.stla
[7.559s] -- Symlinking: /home/suwi/ros2_4dof_arm/install/moveit_resources_pr2_description/share/moveit_resources_pr2_description/urdf/meshes/gripper_v0/convex/finger_tip_r_convex.stlb
[7.599s] -- Symlinking: /home/suwi/ros2_4dof_arm/install/moveit_resources_pr2_description/share/moveit_resources_pr2_description/urdf/meshes/gripper_v0/convex/gripper_palm.dae
[7.637s] -- Symlinking: /home/suwi/ros2_4dof_arm/install/moveit_resources_pr2_description/share/moveit_resources_pr2_description/urdf/meshes/gripper_v0/convex/gripper_palm.xml
[7.675s] -- Symlinking: /home/suwi/ros2_4dof_arm/install/moveit_resources_pr2_description/share/moveit_resources_pr2_description/urdf/meshes/gripper_v0/convex/gripper_palm_convex.stla
[7.713s] -- Symlinking: /home/suwi/ros2_4dof_arm/install/moveit_resources_pr2_description/share/moveit_resources_pr2_description/urdf/meshes/gripper_v0/convex/gripper_palm_convex.stlb
[7.752s] -- Symlinking: /home/suwi/ros2_4dof_arm/install/moveit_resources_pr2_description/share/moveit_resources_pr2_description/urdf/meshes/gripper_v0/convex/l_finger.dae
[7.791s] -- Symlinking: /home/suwi/ros2_4dof_arm/install/moveit_resources_pr2_description/share/moveit_resources_pr2_description/urdf/meshes/gripper_v0/convex/l_finger.xml
[7.830s] -- Symlinking: /home/suwi/ros2_4dof_arm/install/moveit_resources_pr2_description/share/moveit_resources_pr2_description/urdf/meshes/gripper_v0/convex/l_finger_convex.stla
[7.868s] -- Symlinking: /home/suwi/ros2_4dof_arm/install/moveit_resources_pr2_description/share/moveit_resources_pr2_description/urdf/meshes/gripper_v0/convex/l_finger_convex.stlb
[7.908s] -- Symlinking: /home/suwi/ros2_4dof_arm/install/moveit_resources_pr2_description/share/moveit_resources_pr2_description/urdf/meshes/gripper_v0/convex/l_finger_tip.dae
[7.946s] -- Symlinking: /home/suwi/ros2_4dof_arm/install/moveit_resources_pr2_description/share/moveit_resources_pr2_description/urdf/meshes/gripper_v0/convex/l_finger_tip.xml
[7.986s] -- Symlinking: /home/suwi/ros2_4dof_arm/install/moveit_resources_pr2_description/share/moveit_resources_pr2_description/urdf/meshes/gripper_v0/convex/l_finger_tip_convex.stla
[8.024s] -- Symlinking: /home/suwi/ros2_4dof_arm/install/moveit_resources_pr2_description/share/moveit_resources_pr2_description/urdf/meshes/gripper_v0/convex/l_finger_tip_convex.stlb
[8.063s] -- Symlinking: /home/suwi/ros2_4dof_arm/install/moveit_resources_pr2_description/share/moveit_resources_pr2_description/urdf/meshes/gripper_v0/convex/l_floating.dae
[8.102s] -- Symlinking: /home/suwi/ros2_4dof_arm/install/moveit_resources_pr2_description/share/moveit_resources_pr2_description/urdf/meshes/gripper_v0/convex/l_floating.xml
[8.141s] -- Symlinking: /home/suwi/ros2_4dof_arm/install/moveit_resources_pr2_description/share/moveit_resources_pr2_description/urdf/meshes/gripper_v0/convex/l_floating_convex.stla
[8.180s] -- Symlinking: /home/suwi/ros2_4dof_arm/install/moveit_resources_pr2_description/share/moveit_resources_pr2_description/urdf/meshes/gripper_v0/convex/l_floating_convex.stlb
[8.219s] -- Symlinking: /home/suwi/ros2_4dof_arm/install/moveit_resources_pr2_description/share/moveit_resources_pr2_description/urdf/meshes/gripper_v0/convex/upper_finger_l.dae
[8.258s] -- Symlinking: /home/suwi/ros2_4dof_arm/install/moveit_resources_pr2_description/share/moveit_resources_pr2_description/urdf/meshes/gripper_v0/convex/upper_finger_l.xml
[8.297s] -- Symlinking: /home/suwi/ros2_4dof_arm/install/moveit_resources_pr2_description/share/moveit_resources_pr2_description/urdf/meshes/gripper_v0/convex/upper_finger_l_convex.stla
[8.336s] -- Symlinking: /home/suwi/ros2_4dof_arm/install/moveit_resources_pr2_description/share/moveit_resources_pr2_description/urdf/meshes/gripper_v0/convex/upper_finger_l_convex.stlb
[8.375s] -- Symlinking: /home/suwi/ros2_4dof_arm/install/moveit_resources_pr2_description/share/moveit_resources_pr2_description/urdf/meshes/gripper_v0/convex/upper_finger_r.dae
[8.415s] -- Symlinking: /home/suwi/ros2_4dof_arm/install/moveit_resources_pr2_description/share/moveit_resources_pr2_description/urdf/meshes/gripper_v0/convex/upper_finger_r.xml
[8.453s] -- Symlinking: /home/suwi/ros2_4dof_arm/install/moveit_resources_pr2_description/share/moveit_resources_pr2_description/urdf/meshes/gripper_v0/convex/upper_finger_r_convex.stla
[8.492s] -- Symlinking: /home/suwi/ros2_4dof_arm/install/moveit_resources_pr2_description/share/moveit_resources_pr2_description/urdf/meshes/gripper_v0/convex/upper_finger_r_convex.stlb
[8.530s] -- Symlinking: /home/suwi/ros2_4dof_arm/install/moveit_resources_pr2_description/share/moveit_resources_pr2_description/urdf/meshes/gripper_v0/finger_H_Color_100430.tif
[8.568s] -- Symlinking: /home/suwi/ros2_4dof_arm/install/moveit_resources_pr2_description/share/moveit_resources_pr2_description/urdf/meshes/gripper_v0/finger_H_UV_100430.dae
[8.606s] -- Symlinking: /home/suwi/ros2_4dof_arm/install/moveit_resources_pr2_description/share/moveit_resources_pr2_description/urdf/meshes/gripper_v0/finger_tip_H_UV_100430.dae
[8.645s] -- Symlinking: /home/suwi/ros2_4dof_arm/install/moveit_resources_pr2_description/share/moveit_resources_pr2_description/urdf/meshes/gripper_v0/finger_tip_l.stl
[8.683s] -- Symlinking: /home/suwi/ros2_4dof_arm/install/moveit_resources_pr2_description/share/moveit_resources_pr2_description/urdf/meshes/gripper_v0/finger_tip_pad2_l.stl
[8.722s] -- Symlinking: /home/suwi/ros2_4dof_arm/install/moveit_resources_pr2_description/share/moveit_resources_pr2_description/urdf/meshes/gripper_v0/finger_tip_pad2_r.stl
[8.760s] -- Symlinking: /home/suwi/ros2_4dof_arm/install/moveit_resources_pr2_description/share/moveit_resources_pr2_description/urdf/meshes/gripper_v0/finger_tip_r.stl
[8.798s] -- Symlinking: /home/suwi/ros2_4dof_arm/install/moveit_resources_pr2_description/share/moveit_resources_pr2_description/urdf/meshes/gripper_v0/fingertip_H_Color_100430.tif
[8.837s] -- Symlinking: /home/suwi/ros2_4dof_arm/install/moveit_resources_pr2_description/share/moveit_resources_pr2_description/urdf/meshes/gripper_v0/float_H_Color_100430.tif
[8.876s] -- Symlinking: /home/suwi/ros2_4dof_arm/install/moveit_resources_pr2_description/share/moveit_resources_pr2_description/urdf/meshes/gripper_v0/float_H_UV_100430.dae
[8.915s] -- Symlinking: /home/suwi/ros2_4dof_arm/install/moveit_resources_pr2_description/share/moveit_resources_pr2_description/urdf/meshes/gripper_v0/gripper_palm.dae
[8.954s] -- Symlinking: /home/suwi/ros2_4dof_arm/install/moveit_resources_pr2_description/share/moveit_resources_pr2_description/urdf/meshes/gripper_v0/gripper_palm.stl
[8.993s] -- Symlinking: /home/suwi/ros2_4dof_arm/install/moveit_resources_pr2_description/share/moveit_resources_pr2_description/urdf/meshes/gripper_v0/gripper_palm_color.tif
[9.032s] -- Symlinking: /home/suwi/ros2_4dof_arm/install/moveit_resources_pr2_description/share/moveit_resources_pr2_description/urdf/meshes/gripper_v0/gripper_palm_normals.tif
[9.071s] -- Symlinking: /home/suwi/ros2_4dof_arm/install/moveit_resources_pr2_description/share/moveit_resources_pr2_description/urdf/meshes/gripper_v0/l_finger.dae
[9.110s] -- Symlinking: /home/suwi/ros2_4dof_arm/install/moveit_resources_pr2_description/share/moveit_resources_pr2_description/urdf/meshes/gripper_v0/l_finger.stl
[9.148s] -- Symlinking: /home/suwi/ros2_4dof_arm/install/moveit_resources_pr2_description/share/moveit_resources_pr2_description/urdf/meshes/gripper_v0/l_finger_color.tif
[9.185s] -- Symlinking: /home/suwi/ros2_4dof_arm/install/moveit_resources_pr2_description/share/moveit_resources_pr2_description/urdf/meshes/gripper_v0/l_finger_normals.tif
[9.224s] -- Symlinking: /home/suwi/ros2_4dof_arm/install/moveit_resources_pr2_description/share/moveit_resources_pr2_description/urdf/meshes/gripper_v0/l_finger_tip.dae
[9.262s] -- Symlinking: /home/suwi/ros2_4dof_arm/install/moveit_resources_pr2_description/share/moveit_resources_pr2_description/urdf/meshes/gripper_v0/l_finger_tip.stl
[9.301s] -- Symlinking: /home/suwi/ros2_4dof_arm/install/moveit_resources_pr2_description/share/moveit_resources_pr2_description/urdf/meshes/gripper_v0/l_finger_tip_color.tif
[9.338s] -- Symlinking: /home/suwi/ros2_4dof_arm/install/moveit_resources_pr2_description/share/moveit_resources_pr2_description/urdf/meshes/gripper_v0/l_finger_tip_normals.tif
[9.377s] -- Symlinking: /home/suwi/ros2_4dof_arm/install/moveit_resources_pr2_description/share/moveit_resources_pr2_description/urdf/meshes/gripper_v0/l_float.dae
[9.415s] -- Symlinking: /home/suwi/ros2_4dof_arm/install/moveit_resources_pr2_description/share/moveit_resources_pr2_description/urdf/meshes/gripper_v0/l_float_color.tif
[9.453s] -- Symlinking: /home/suwi/ros2_4dof_arm/install/moveit_resources_pr2_description/share/moveit_resources_pr2_description/urdf/meshes/gripper_v0/l_float_normals.tif
[9.491s] -- Symlinking: /home/suwi/ros2_4dof_arm/install/moveit_resources_pr2_description/share/moveit_resources_pr2_description/urdf/meshes/gripper_v0/l_floating.stl
[9.530s] -- Symlinking: /home/suwi/ros2_4dof_arm/install/moveit_resources_pr2_description/share/moveit_resources_pr2_description/urdf/meshes/gripper_v0/palm_H_Color_100430.tif
[9.569s] -- Symlinking: /home/suwi/ros2_4dof_arm/install/moveit_resources_pr2_description/share/moveit_resources_pr2_description/urdf/meshes/gripper_v0/palm_H_UV_100430.dae
[9.609s] -- Symlinking: /home/suwi/ros2_4dof_arm/install/moveit_resources_pr2_description/share/moveit_resources_pr2_description/urdf/meshes/gripper_v0/upper_finger_l.stl
[9.647s] -- Symlinking: /home/suwi/ros2_4dof_arm/install/moveit_resources_pr2_description/share/moveit_resources_pr2_description/urdf/meshes/gripper_v0/upper_finger_r.stl
[9.686s] -- Symlinking: /home/suwi/ros2_4dof_arm/install/moveit_resources_pr2_description/share/moveit_resources_pr2_description/urdf/meshes/head_v0/convex/head_pan.dae
[9.726s] -- Symlinking: /home/suwi/ros2_4dof_arm/install/moveit_resources_pr2_description/share/moveit_resources_pr2_description/urdf/meshes/head_v0/convex/head_pan.xml
[9.763s] -- Symlinking: /home/suwi/ros2_4dof_arm/install/moveit_resources_pr2_description/share/moveit_resources_pr2_description/urdf/meshes/head_v0/convex/head_pan_L.dae
[9.803s] -- Symlinking: /home/suwi/ros2_4dof_arm/install/moveit_resources_pr2_description/share/moveit_resources_pr2_description/urdf/meshes/head_v0/convex/head_pan_L.xml
[9.844s] -- Symlinking: /home/suwi/ros2_4dof_arm/install/moveit_resources_pr2_description/share/moveit_resources_pr2_description/urdf/meshes/head_v0/convex/head_pan_L_convex.stla
[9.881s] -- Symlinking: /home/suwi/ros2_4dof_arm/install/moveit_resources_pr2_description/share/moveit_resources_pr2_description/urdf/meshes/head_v0/convex/head_pan_L_convex.stlb
[9.920s] -- Symlinking: /home/suwi/ros2_4dof_arm/install/moveit_resources_pr2_description/share/moveit_resources_pr2_description/urdf/meshes/head_v0/convex/head_pan_convex.stla
[9.957s] -- Symlinking: /home/suwi/ros2_4dof_arm/install/moveit_resources_pr2_description/share/moveit_resources_pr2_description/urdf/meshes/head_v0/convex/head_pan_convex.stlb
[9.996s] -- Symlinking: /home/suwi/ros2_4dof_arm/install/moveit_resources_pr2_description/share/moveit_resources_pr2_description/urdf/meshes/head_v0/convex/head_tilt.dae
[10.033s] -- Symlinking: /home/suwi/ros2_4dof_arm/install/moveit_resources_pr2_description/share/moveit_resources_pr2_description/urdf/meshes/head_v0/convex/head_tilt.xml
[10.070s] -- Symlinking: /home/suwi/ros2_4dof_arm/install/moveit_resources_pr2_description/share/moveit_resources_pr2_description/urdf/meshes/head_v0/convex/head_tilt_L.dae
[10.111s] -- Symlinking: /home/suwi/ros2_4dof_arm/install/moveit_resources_pr2_description/share/moveit_resources_pr2_description/urdf/meshes/head_v0/convex/head_tilt_L.xml
[10.151s] -- Symlinking: /home/suwi/ros2_4dof_arm/install/moveit_resources_pr2_description/share/moveit_resources_pr2_description/urdf/meshes/head_v0/convex/head_tilt_L_convex.stla
[10.192s] -- Symlinking: /home/suwi/ros2_4dof_arm/install/moveit_resources_pr2_description/share/moveit_resources_pr2_description/urdf/meshes/head_v0/convex/head_tilt_L_convex.stlb
[10.231s] -- Symlinking: /home/suwi/ros2_4dof_arm/install/moveit_resources_pr2_description/share/moveit_resources_pr2_description/urdf/meshes/head_v0/convex/head_tilt_convex.stla
[10.269s] -- Symlinking: /home/suwi/ros2_4dof_arm/install/moveit_resources_pr2_description/share/moveit_resources_pr2_description/urdf/meshes/head_v0/convex/head_tilt_convex.stlb
[10.308s] -- Symlinking: /home/suwi/ros2_4dof_arm/install/moveit_resources_pr2_description/share/moveit_resources_pr2_description/urdf/meshes/head_v0/head_pan.dae
[10.347s] -- Symlinking: /home/suwi/ros2_4dof_arm/install/moveit_resources_pr2_description/share/moveit_resources_pr2_description/urdf/meshes/head_v0/head_pan.stl
[10.385s] -- Symlinking: /home/suwi/ros2_4dof_arm/install/moveit_resources_pr2_description/share/moveit_resources_pr2_description/urdf/meshes/head_v0/head_pan_L.stl
[10.424s] -- Symlinking: /home/suwi/ros2_4dof_arm/install/moveit_resources_pr2_description/share/moveit_resources_pr2_description/urdf/meshes/head_v0/head_pan_color.tif
[10.461s] -- Symlinking: /home/suwi/ros2_4dof_arm/install/moveit_resources_pr2_description/share/moveit_resources_pr2_description/urdf/meshes/head_v0/head_pan_normals.tif
[10.500s] -- Symlinking: /home/suwi/ros2_4dof_arm/install/moveit_resources_pr2_description/share/moveit_resources_pr2_description/urdf/meshes/head_v0/head_tilt.dae
[10.540s] -- Symlinking: /home/suwi/ros2_4dof_arm/install/moveit_resources_pr2_description/share/moveit_resources_pr2_description/urdf/meshes/head_v0/head_tilt.stl
[10.579s] -- Symlinking: /home/suwi/ros2_4dof_arm/install/moveit_resources_pr2_description/share/moveit_resources_pr2_description/urdf/meshes/head_v0/head_tilt_L.stl
[10.617s] -- Symlinking: /home/suwi/ros2_4dof_arm/install/moveit_resources_pr2_description/share/moveit_resources_pr2_description/urdf/meshes/head_v0/head_tilt_color.tif
[10.655s] -- Symlinking: /home/suwi/ros2_4dof_arm/install/moveit_resources_pr2_description/share/moveit_resources_pr2_description/urdf/meshes/head_v0/head_tilt_color_red.tif
[10.694s] -- Symlinking: /home/suwi/ros2_4dof_arm/install/moveit_resources_pr2_description/share/moveit_resources_pr2_description/urdf/meshes/head_v0/head_tilt_color_yellow.tif
[10.732s] -- Symlinking: /home/suwi/ros2_4dof_arm/install/moveit_resources_pr2_description/share/moveit_resources_pr2_description/urdf/meshes/head_v0/head_tilt_green.tif
[10.770s] -- Symlinking: /home/suwi/ros2_4dof_arm/install/moveit_resources_pr2_description/share/moveit_resources_pr2_description/urdf/meshes/head_v0/head_tilt_normals.tif
[10.809s] -- Symlinking: /home/suwi/ros2_4dof_arm/install/moveit_resources_pr2_description/share/moveit_resources_pr2_description/urdf/meshes/sensors/kinect_prosilica_v0/115x100_swept_back--coarse.STL
[10.847s] -- Symlinking: /home/suwi/ros2_4dof_arm/install/moveit_resources_pr2_description/share/moveit_resources_pr2_description/urdf/meshes/sensors/kinect_prosilica_v0/115x100_swept_back_no_sensors--coarse.STL
[10.886s] -- Symlinking: /home/suwi/ros2_4dof_arm/install/moveit_resources_pr2_description/share/moveit_resources_pr2_description/urdf/meshes/sensors/kinect_prosilica_v0/115x100_swept_fwd--coarse.STL
[10.924s] -- Symlinking: /home/suwi/ros2_4dof_arm/install/moveit_resources_pr2_description/share/moveit_resources_pr2_description/urdf/meshes/sensors/kinect_prosilica_v0/115x100_swept_fwd_no_sensors--coarse.STL
[10.964s] -- Symlinking: /home/suwi/ros2_4dof_arm/install/moveit_resources_pr2_description/share/moveit_resources_pr2_description/urdf/meshes/sensors/kinect_prosilica_v0/68-04546_Kinect_Sensor--coarse.STL
[11.002s] -- Symlinking: /home/suwi/ros2_4dof_arm/install/moveit_resources_pr2_description/share/moveit_resources_pr2_description/urdf/meshes/sensors/kinect_prosilica_v0/Prosilica_w_Lens--coarse.STL
[11.042s] -- Symlinking: /home/suwi/ros2_4dof_arm/install/moveit_resources_pr2_description/share/moveit_resources_pr2_description/urdf/meshes/sensors/kinect_v0/kinect.dae
[11.080s] -- Symlinking: /home/suwi/ros2_4dof_arm/install/moveit_resources_pr2_description/share/moveit_resources_pr2_description/urdf/meshes/sensors/kinect_v0/kinect.tga
[11.118s] -- Symlinking: /home/suwi/ros2_4dof_arm/install/moveit_resources_pr2_description/share/moveit_resources_pr2_description/urdf/meshes/sensors/kinect_v0/kinect_color.tga
[11.160s] -- Symlinking: /home/suwi/ros2_4dof_arm/install/moveit_resources_pr2_description/share/moveit_resources_pr2_description/urdf/meshes/sensors/kinect_v0/kinect_mount.stl
[11.199s] -- Symlinking: /home/suwi/ros2_4dof_arm/install/moveit_resources_pr2_description/share/moveit_resources_pr2_description/urdf/meshes/shoulder_v0/convex/shoulder_lift.dae
[11.239s] -- Symlinking: /home/suwi/ros2_4dof_arm/install/moveit_resources_pr2_description/share/moveit_resources_pr2_description/urdf/meshes/shoulder_v0/convex/shoulder_lift.xml
[11.276s] -- Symlinking: /home/suwi/ros2_4dof_arm/install/moveit_resources_pr2_description/share/moveit_resources_pr2_description/urdf/meshes/shoulder_v0/convex/shoulder_lift_convex.stla
[11.314s] -- Symlinking: /home/suwi/ros2_4dof_arm/install/moveit_resources_pr2_description/share/moveit_resources_pr2_description/urdf/meshes/shoulder_v0/convex/shoulder_lift_convex.stlb
[11.353s] -- Symlinking: /home/suwi/ros2_4dof_arm/install/moveit_resources_pr2_description/share/moveit_resources_pr2_description/urdf/meshes/shoulder_v0/convex/shoulder_pan.dae
[11.391s] -- Symlinking: /home/suwi/ros2_4dof_arm/install/moveit_resources_pr2_description/share/moveit_resources_pr2_description/urdf/meshes/shoulder_v0/convex/shoulder_pan.xml
[11.429s] -- Symlinking: /home/suwi/ros2_4dof_arm/install/moveit_resources_pr2_description/share/moveit_resources_pr2_description/urdf/meshes/shoulder_v0/convex/shoulder_pan_convex.stla
[11.468s] -- Symlinking: /home/suwi/ros2_4dof_arm/install/moveit_resources_pr2_description/share/moveit_resources_pr2_description/urdf/meshes/shoulder_v0/convex/shoulder_pan_convex.stlb
[11.505s] -- Symlinking: /home/suwi/ros2_4dof_arm/install/moveit_resources_pr2_description/share/moveit_resources_pr2_description/urdf/meshes/shoulder_v0/convex/shoulder_yaw.dae
[11.543s] -- Symlinking: /home/suwi/ros2_4dof_arm/install/moveit_resources_pr2_description/share/moveit_resources_pr2_description/urdf/meshes/shoulder_v0/convex/shoulder_yaw.xml
[11.583s] -- Symlinking: /home/suwi/ros2_4dof_arm/install/moveit_resources_pr2_description/share/moveit_resources_pr2_description/urdf/meshes/shoulder_v0/convex/shoulder_yaw_convex.stla
[11.622s] -- Symlinking: /home/suwi/ros2_4dof_arm/install/moveit_resources_pr2_description/share/moveit_resources_pr2_description/urdf/meshes/shoulder_v0/convex/shoulder_yaw_convex.stlb
[11.660s] -- Symlinking: /home/suwi/ros2_4dof_arm/install/moveit_resources_pr2_description/share/moveit_resources_pr2_description/urdf/meshes/shoulder_v0/convex/upper_arm_roll.dae
[11.699s] -- Symlinking: /home/suwi/ros2_4dof_arm/install/moveit_resources_pr2_description/share/moveit_resources_pr2_description/urdf/meshes/shoulder_v0/convex/upper_arm_roll.xml
[11.740s] -- Symlinking: /home/suwi/ros2_4dof_arm/install/moveit_resources_pr2_description/share/moveit_resources_pr2_description/urdf/meshes/shoulder_v0/convex/upper_arm_roll_L.dae
[11.778s] -- Symlinking: /home/suwi/ros2_4dof_arm/install/moveit_resources_pr2_description/share/moveit_resources_pr2_description/urdf/meshes/shoulder_v0/convex/upper_arm_roll_L.xml
[11.815s] -- Symlinking: /home/suwi/ros2_4dof_arm/install/moveit_resources_pr2_description/share/moveit_resources_pr2_description/urdf/meshes/shoulder_v0/convex/upper_arm_roll_L_convex.stla
[11.854s] -- Symlinking: /home/suwi/ros2_4dof_arm/install/moveit_resources_pr2_description/share/moveit_resources_pr2_description/urdf/meshes/shoulder_v0/convex/upper_arm_roll_L_convex.stlb
[11.891s] -- Symlinking: /home/suwi/ros2_4dof_arm/install/moveit_resources_pr2_description/share/moveit_resources_pr2_description/urdf/meshes/shoulder_v0/convex/upper_arm_roll_convex.stla
[11.931s] -- Symlinking: /home/suwi/ros2_4dof_arm/install/moveit_resources_pr2_description/share/moveit_resources_pr2_description/urdf/meshes/shoulder_v0/convex/upper_arm_roll_convex.stlb
[11.969s] -- Symlinking: /home/suwi/ros2_4dof_arm/install/moveit_resources_pr2_description/share/moveit_resources_pr2_description/urdf/meshes/shoulder_v0/shoulder_lift.dae
[12.009s] -- Symlinking: /home/suwi/ros2_4dof_arm/install/moveit_resources_pr2_description/share/moveit_resources_pr2_description/urdf/meshes/shoulder_v0/shoulder_lift.stl
[12.049s] -- Symlinking: /home/suwi/ros2_4dof_arm/install/moveit_resources_pr2_description/share/moveit_resources_pr2_description/urdf/meshes/shoulder_v0/shoulder_lift_color.tif
[12.088s] -- Symlinking: /home/suwi/ros2_4dof_arm/install/moveit_resources_pr2_description/share/moveit_resources_pr2_description/urdf/meshes/shoulder_v0/shoulder_lift_normals.tif
[12.128s] -- Symlinking: /home/suwi/ros2_4dof_arm/install/moveit_resources_pr2_description/share/moveit_resources_pr2_description/urdf/meshes/shoulder_v0/shoulder_pan.dae
[12.167s] -- Symlinking: /home/suwi/ros2_4dof_arm/install/moveit_resources_pr2_description/share/moveit_resources_pr2_description/urdf/meshes/shoulder_v0/shoulder_pan.stl
[12.206s] -- Symlinking: /home/suwi/ros2_4dof_arm/install/moveit_resources_pr2_description/share/moveit_resources_pr2_description/urdf/meshes/shoulder_v0/shoulder_pan_color.tif
[12.246s] -- Symlinking: /home/suwi/ros2_4dof_arm/install/moveit_resources_pr2_description/share/moveit_resources_pr2_description/urdf/meshes/shoulder_v0/shoulder_pan_normals.tif
[12.285s] -- Symlinking: /home/suwi/ros2_4dof_arm/install/moveit_resources_pr2_description/share/moveit_resources_pr2_description/urdf/meshes/shoulder_v0/shoulder_yaw.stl
[12.325s] -- Symlinking: /home/suwi/ros2_4dof_arm/install/moveit_resources_pr2_description/share/moveit_resources_pr2_description/urdf/meshes/shoulder_v0/upper_arm_roll.dae
[12.364s] -- Symlinking: /home/suwi/ros2_4dof_arm/install/moveit_resources_pr2_description/share/moveit_resources_pr2_description/urdf/meshes/shoulder_v0/upper_arm_roll.stl
[12.403s] -- Symlinking: /home/suwi/ros2_4dof_arm/install/moveit_resources_pr2_description/share/moveit_resources_pr2_description/urdf/meshes/shoulder_v0/upper_arm_roll_L.stl
[12.441s] -- Symlinking: /home/suwi/ros2_4dof_arm/install/moveit_resources_pr2_description/share/moveit_resources_pr2_description/urdf/meshes/shoulder_v0/upper_arm_roll_color.tif
[12.481s] -- Symlinking: /home/suwi/ros2_4dof_arm/install/moveit_resources_pr2_description/share/moveit_resources_pr2_description/urdf/meshes/shoulder_v0/upper_arm_roll_normals.tif
[12.520s] -- Symlinking: /home/suwi/ros2_4dof_arm/install/moveit_resources_pr2_description/share/moveit_resources_pr2_description/urdf/meshes/tilting_laser_v0/convex/hok_tilt.dae
[12.558s] -- Symlinking: /home/suwi/ros2_4dof_arm/install/moveit_resources_pr2_description/share/moveit_resources_pr2_description/urdf/meshes/tilting_laser_v0/convex/hok_tilt.xml
[12.595s] -- Symlinking: /home/suwi/ros2_4dof_arm/install/moveit_resources_pr2_description/share/moveit_resources_pr2_description/urdf/meshes/tilting_laser_v0/convex/hok_tilt_convex.stla
[12.635s] -- Symlinking: /home/suwi/ros2_4dof_arm/install/moveit_resources_pr2_description/share/moveit_resources_pr2_description/urdf/meshes/tilting_laser_v0/convex/hok_tilt_convex.stlb
[12.672s] -- Symlinking: /home/suwi/ros2_4dof_arm/install/moveit_resources_pr2_description/share/moveit_resources_pr2_description/urdf/meshes/tilting_laser_v0/convex/tilting_hokuyo.dae
[12.711s] -- Symlinking: /home/suwi/ros2_4dof_arm/install/moveit_resources_pr2_description/share/moveit_resources_pr2_description/urdf/meshes/tilting_laser_v0/convex/tilting_hokuyo.xml
[12.749s] -- Symlinking: /home/suwi/ros2_4dof_arm/install/moveit_resources_pr2_description/share/moveit_resources_pr2_description/urdf/meshes/tilting_laser_v0/convex/tilting_hokuyo_L.dae
[12.787s] -- Symlinking: /home/suwi/ros2_4dof_arm/install/moveit_resources_pr2_description/share/moveit_resources_pr2_description/urdf/meshes/tilting_laser_v0/convex/tilting_hokuyo_L.xml
[12.824s] -- Symlinking: /home/suwi/ros2_4dof_arm/install/moveit_resources_pr2_description/share/moveit_resources_pr2_description/urdf/meshes/tilting_laser_v0/convex/tilting_hokuyo_L_convex.stla
[12.864s] -- Symlinking: /home/suwi/ros2_4dof_arm/install/moveit_resources_pr2_description/share/moveit_resources_pr2_description/urdf/meshes/tilting_laser_v0/convex/tilting_hokuyo_L_convex.stlb
[12.902s] -- Symlinking: /home/suwi/ros2_4dof_arm/install/moveit_resources_pr2_description/share/moveit_resources_pr2_description/urdf/meshes/tilting_laser_v0/convex/tilting_hokuyo_convex.stla
[12.943s] -- Symlinking: /home/suwi/ros2_4dof_arm/install/moveit_resources_pr2_description/share/moveit_resources_pr2_description/urdf/meshes/tilting_laser_v0/convex/tilting_hokuyo_convex.stlb
[12.981s] -- Symlinking: /home/suwi/ros2_4dof_arm/install/moveit_resources_pr2_description/share/moveit_resources_pr2_description/urdf/meshes/tilting_laser_v0/hok_tilt.stl
[13.021s] -- Symlinking: /home/suwi/ros2_4dof_arm/install/moveit_resources_pr2_description/share/moveit_resources_pr2_description/urdf/meshes/tilting_laser_v0/tilting_hokuyo.dae
[13.059s] -- Symlinking: /home/suwi/ros2_4dof_arm/install/moveit_resources_pr2_description/share/moveit_resources_pr2_description/urdf/meshes/tilting_laser_v0/tilting_hokuyo.stl
[13.097s] -- Symlinking: /home/suwi/ros2_4dof_arm/install/moveit_resources_pr2_description/share/moveit_resources_pr2_description/urdf/meshes/tilting_laser_v0/tilting_hokuyo_L.stl
[13.136s] -- Symlinking: /home/suwi/ros2_4dof_arm/install/moveit_resources_pr2_description/share/moveit_resources_pr2_description/urdf/meshes/tilting_laser_v0/tilting_hokuyo_color.tif
[13.173s] -- Symlinking: /home/suwi/ros2_4dof_arm/install/moveit_resources_pr2_description/share/moveit_resources_pr2_description/urdf/meshes/tilting_laser_v0/tilting_hokuyo_normals.tif
[13.213s] -- Symlinking: /home/suwi/ros2_4dof_arm/install/moveit_resources_pr2_description/share/moveit_resources_pr2_description/urdf/meshes/torso_v0/convex/torso.dae
[13.251s] -- Symlinking: /home/suwi/ros2_4dof_arm/install/moveit_resources_pr2_description/share/moveit_resources_pr2_description/urdf/meshes/torso_v0/convex/torso.xml
[13.290s] -- Symlinking: /home/suwi/ros2_4dof_arm/install/moveit_resources_pr2_description/share/moveit_resources_pr2_description/urdf/meshes/torso_v0/convex/torso_convex.stla
[13.329s] -- Symlinking: /home/suwi/ros2_4dof_arm/install/moveit_resources_pr2_description/share/moveit_resources_pr2_description/urdf/meshes/torso_v0/convex/torso_convex.stlb
[13.368s] -- Symlinking: /home/suwi/ros2_4dof_arm/install/moveit_resources_pr2_description/share/moveit_resources_pr2_description/urdf/meshes/torso_v0/convex/torso_lift.dae
[13.405s] -- Symlinking: /home/suwi/ros2_4dof_arm/install/moveit_resources_pr2_description/share/moveit_resources_pr2_description/urdf/meshes/torso_v0/convex/torso_lift.xml
[13.446s] -- Symlinking: /home/suwi/ros2_4dof_arm/install/moveit_resources_pr2_description/share/moveit_resources_pr2_description/urdf/meshes/torso_v0/convex/torso_lift_L.dae
[13.486s] -- Symlinking: /home/suwi/ros2_4dof_arm/install/moveit_resources_pr2_description/share/moveit_resources_pr2_description/urdf/meshes/torso_v0/convex/torso_lift_L.xml
[13.527s] -- Symlinking: /home/suwi/ros2_4dof_arm/install/moveit_resources_pr2_description/share/moveit_resources_pr2_description/urdf/meshes/torso_v0/convex/torso_lift_L_convex.stla
[13.566s] -- Symlinking: /home/suwi/ros2_4dof_arm/install/moveit_resources_pr2_description/share/moveit_resources_pr2_description/urdf/meshes/torso_v0/convex/torso_lift_L_convex.stlb
[13.603s] -- Symlinking: /home/suwi/ros2_4dof_arm/install/moveit_resources_pr2_description/share/moveit_resources_pr2_description/urdf/meshes/torso_v0/convex/torso_lift_convex.stla
[13.645s] -- Symlinking: /home/suwi/ros2_4dof_arm/install/moveit_resources_pr2_description/share/moveit_resources_pr2_description/urdf/meshes/torso_v0/convex/torso_lift_convex.stlb
[13.684s] -- Symlinking: /home/suwi/ros2_4dof_arm/install/moveit_resources_pr2_description/share/moveit_resources_pr2_description/urdf/meshes/torso_v0/torso.stl
[13.723s] -- Symlinking: /home/suwi/ros2_4dof_arm/install/moveit_resources_pr2_description/share/moveit_resources_pr2_description/urdf/meshes/torso_v0/torso_lift.dae
[13.763s] -- Symlinking: /home/suwi/ros2_4dof_arm/install/moveit_resources_pr2_description/share/moveit_resources_pr2_description/urdf/meshes/torso_v0/torso_lift.stl
[13.801s] -- Symlinking: /home/suwi/ros2_4dof_arm/install/moveit_resources_pr2_description/share/moveit_resources_pr2_description/urdf/meshes/torso_v0/torso_lift_L.stl
[13.840s] -- Symlinking: /home/suwi/ros2_4dof_arm/install/moveit_resources_pr2_description/share/moveit_resources_pr2_description/urdf/meshes/torso_v0/torso_lift_color.tif
[13.877s] -- Symlinking: /home/suwi/ros2_4dof_arm/install/moveit_resources_pr2_description/share/moveit_resources_pr2_description/urdf/meshes/torso_v0/torso_lift_normals.tif
[13.919s] -- Symlinking: /home/suwi/ros2_4dof_arm/install/moveit_resources_pr2_description/share/moveit_resources_pr2_description/urdf/meshes/upper_arm_v0/convex/elbow_flex.dae
[13.959s] -- Symlinking: /home/suwi/ros2_4dof_arm/install/moveit_resources_pr2_description/share/moveit_resources_pr2_description/urdf/meshes/upper_arm_v0/convex/elbow_flex.xml
[13.997s] -- Symlinking: /home/suwi/ros2_4dof_arm/install/moveit_resources_pr2_description/share/moveit_resources_pr2_description/urdf/meshes/upper_arm_v0/convex/elbow_flex_convex.stla
[14.036s] -- Symlinking: /home/suwi/ros2_4dof_arm/install/moveit_resources_pr2_description/share/moveit_resources_pr2_description/urdf/meshes/upper_arm_v0/convex/elbow_flex_convex.stlb
[14.076s] -- Symlinking: /home/suwi/ros2_4dof_arm/install/moveit_resources_pr2_description/share/moveit_resources_pr2_description/urdf/meshes/upper_arm_v0/convex/forearm_roll.dae
[14.114s] -- Symlinking: /home/suwi/ros2_4dof_arm/install/moveit_resources_pr2_description/share/moveit_resources_pr2_description/urdf/meshes/upper_arm_v0/convex/forearm_roll.xml
[14.152s] -- Symlinking: /home/suwi/ros2_4dof_arm/install/moveit_resources_pr2_description/share/moveit_resources_pr2_description/urdf/meshes/upper_arm_v0/convex/forearm_roll_L.dae
[14.192s] -- Symlinking: /home/suwi/ros2_4dof_arm/install/moveit_resources_pr2_description/share/moveit_resources_pr2_description/urdf/meshes/upper_arm_v0/convex/forearm_roll_L.xml
[14.231s] -- Symlinking: /home/suwi/ros2_4dof_arm/install/moveit_resources_pr2_description/share/moveit_resources_pr2_description/urdf/meshes/upper_arm_v0/convex/forearm_roll_L_convex.stla
[14.269s] -- Symlinking: /home/suwi/ros2_4dof_arm/install/moveit_resources_pr2_description/share/moveit_resources_pr2_description/urdf/meshes/upper_arm_v0/convex/forearm_roll_L_convex.stlb
[14.307s] -- Symlinking: /home/suwi/ros2_4dof_arm/install/moveit_resources_pr2_description/share/moveit_resources_pr2_description/urdf/meshes/upper_arm_v0/convex/forearm_roll_convex.stla
[14.347s] -- Symlinking: /home/suwi/ros2_4dof_arm/install/moveit_resources_pr2_description/share/moveit_resources_pr2_description/urdf/meshes/upper_arm_v0/convex/forearm_roll_convex.stlb
[14.384s] -- Symlinking: /home/suwi/ros2_4dof_arm/install/moveit_resources_pr2_description/share/moveit_resources_pr2_description/urdf/meshes/upper_arm_v0/convex/upper_arm.dae
[14.423s] -- Symlinking: /home/suwi/ros2_4dof_arm/install/moveit_resources_pr2_description/share/moveit_resources_pr2_description/urdf/meshes/upper_arm_v0/convex/upper_arm.xml
[14.461s] -- Symlinking: /home/suwi/ros2_4dof_arm/install/moveit_resources_pr2_description/share/moveit_resources_pr2_description/urdf/meshes/upper_arm_v0/convex/upper_arm_convex.stla
[14.502s] -- Symlinking: /home/suwi/ros2_4dof_arm/install/moveit_resources_pr2_description/share/moveit_resources_pr2_description/urdf/meshes/upper_arm_v0/convex/upper_arm_convex.stlb
[14.540s] -- Symlinking: /home/suwi/ros2_4dof_arm/install/moveit_resources_pr2_description/share/moveit_resources_pr2_description/urdf/meshes/upper_arm_v0/elbow_flex.dae
[14.579s] -- Symlinking: /home/suwi/ros2_4dof_arm/install/moveit_resources_pr2_description/share/moveit_resources_pr2_description/urdf/meshes/upper_arm_v0/elbow_flex.stl
[14.617s] -- Symlinking: /home/suwi/ros2_4dof_arm/install/moveit_resources_pr2_description/share/moveit_resources_pr2_description/urdf/meshes/upper_arm_v0/elbow_flex_color.tif
[14.656s] -- Symlinking: /home/suwi/ros2_4dof_arm/install/moveit_resources_pr2_description/share/moveit_resources_pr2_description/urdf/meshes/upper_arm_v0/elbow_flex_normals.tif
[14.694s] -- Symlinking: /home/suwi/ros2_4dof_arm/install/moveit_resources_pr2_description/share/moveit_resources_pr2_description/urdf/meshes/upper_arm_v0/forearm_roll.stl
[14.733s] -- Symlinking: /home/suwi/ros2_4dof_arm/install/moveit_resources_pr2_description/share/moveit_resources_pr2_description/urdf/meshes/upper_arm_v0/forearm_roll_L.stl
[14.770s] -- Symlinking: /home/suwi/ros2_4dof_arm/install/moveit_resources_pr2_description/share/moveit_resources_pr2_description/urdf/meshes/upper_arm_v0/upper_arm.dae
[14.808s] -- Symlinking: /home/suwi/ros2_4dof_arm/install/moveit_resources_pr2_description/share/moveit_resources_pr2_description/urdf/meshes/upper_arm_v0/upper_arm.jpg
[14.849s] -- Symlinking: /home/suwi/ros2_4dof_arm/install/moveit_resources_pr2_description/share/moveit_resources_pr2_description/urdf/meshes/upper_arm_v0/upper_arm.stl
[14.887s] -- Symlinking: /home/suwi/ros2_4dof_arm/install/moveit_resources_pr2_description/share/moveit_resources_pr2_description/urdf/meshes/upper_arm_v0/upper_arm_color.tif
[14.924s] -- Symlinking: /home/suwi/ros2_4dof_arm/install/moveit_resources_pr2_description/share/moveit_resources_pr2_description/urdf/meshes/upper_arm_v0/upper_arm_normals.tif
[14.963s] -- Symlinking: /home/suwi/ros2_4dof_arm/install/moveit_resources_pr2_description/share/moveit_resources_pr2_description/urdf/robot.xml
[15.001s] -- Symlinking: /home/suwi/ros2_4dof_arm/install/moveit_resources_pr2_description/share/moveit_resources_pr2_description/kinect.dae
