[0.042s] Invoking command in '/home/suwi/ros2_4dof_arm/build/moveit_task_constructor_msgs': CMAKE_PREFIX_PATH=${CMAKE_PREFIX_PATH}:/home/suwi/ros2_ws_prac/install/pub_sub /usr/bin/cmake /home/suwi/ros2_4dof_arm/src/moveit_task_constructor/msgs -DCMAKE_INSTALL_PREFIX=/home/suwi/ros2_4dof_arm/install/moveit_task_constructor_msgs
[0.294s] -- The C compiler identification is GNU 11.4.0
[0.550s] -- The CXX compiler identification is GNU 11.4.0
[0.578s] -- Detecting C compiler ABI info
[0.915s] -- Detecting C compiler ABI info - done
[0.925s] -- Check for working C compiler: /usr/bin/cc - skipped
[0.927s] -- Detecting C compile features
[0.929s] -- Detecting C compile features - done
[0.937s] -- Detecting CXX compiler ABI info
[1.336s] -- Detecting CXX compiler ABI info - done
[1.346s] -- Check for working CXX compiler: /usr/bin/c++ - skipped
[1.348s] -- Detecting CXX compile features
[1.350s] -- Detecting CXX compile features - done
[1.361s] -- Found ament_cmake: 1.3.11 (/opt/ros/humble/share/ament_cmake/cmake)
[1.821s] -- Found Python3: /usr/bin/python3 (found version "3.10.12") found components: Interpreter 
[2.116s] -- Found builtin_interfaces: 1.2.1 (/opt/ros/humble/share/builtin_interfaces/cmake)
[2.228s] -- Found rosidl_generator_c: 3.1.6 (/opt/ros/humble/share/rosidl_generator_c/cmake)
[2.250s] -- Found rosidl_adapter: 3.1.6 (/opt/ros/humble/share/rosidl_adapter/cmake)
[2.282s] -- Found rosidl_generator_cpp: 3.1.6 (/opt/ros/humble/share/rosidl_generator_cpp/cmake)
[2.325s] -- Using all available rosidl_typesupport_c: rosidl_typesupport_fastrtps_c;rosidl_typesupport_introspection_c
[2.384s] -- Using all available rosidl_typesupport_cpp: rosidl_typesupport_fastrtps_cpp;rosidl_typesupport_introspection_cpp
[2.458s] [31mCMake Error at CMakeLists.txt:6 (find_package):
[2.458s]   By not providing "Findmoveit_msgs.cmake" in CMAKE_MODULE_PATH this project
[2.458s]   has asked CMake to find a package configuration file provided by
[2.459s]   "moveit_msgs", but CMake did not find one.
[2.459s] 
[2.459s]   Could not find a package configuration file provided by "moveit_msgs" with
[2.460s]   any of the following names:
[2.460s] 
[2.460s]     moveit_msgsConfig.cmake
[2.460s]     moveit_msgs-config.cmake
[2.461s] 
[2.461s]   Add the installation prefix of "moveit_msgs" to CMAKE_PREFIX_PATH or set
[2.461s]   "moveit_msgs_DIR" to a directory containing one of the above files.  If
[2.462s]   "moveit_msgs" provides a separate development package or SDK, be sure it
[2.462s]   has been installed.
[2.462s] 
[2.462s] [0m
[2.462s] -- Configuring incomplete, errors occurred!
[2.463s] See also "/home/suwi/ros2_4dof_arm/build/moveit_task_constructor_msgs/CMakeFiles/CMakeOutput.log".
[2.476s] Invoked command in '/home/suwi/ros2_4dof_arm/build/moveit_task_constructor_msgs' returned '1': CMAKE_PREFIX_PATH=${CMAKE_PREFIX_PATH}:/home/suwi/ros2_ws_prac/install/pub_sub /usr/bin/cmake /home/suwi/ros2_4dof_arm/src/moveit_task_constructor/msgs -DCMAKE_INSTALL_PREFIX=/home/suwi/ros2_4dof_arm/install/moveit_task_constructor_msgs
