[0.168s] Invoking command in '/home/suwi/ros2_4dof_arm/build/moveit_ros_planning': AMENT_PREFIX_PATH=/home/suwi/ros2_4dof_arm/install/moveit_configs_utils:/home/suwi/ros2_4dof_arm/install/pilz_industrial_motion_planner_testutils:/home/suwi/ros2_4dof_arm/install/moveit_runtime:/home/suwi/ros2_4dof_arm/install/moveit:/home/suwi/ros2_4dof_arm/install/moveit_planners:/home/suwi/ros2_4dof_arm/install/pilz_industrial_motion_planner:/home/suwi/ros2_4dof_arm/install/moveit_ros_control_interface:/home/suwi/ros2_4dof_arm/install/moveit_plugins:/home/suwi/ros2_4dof_arm/install/moveit_simple_controller_manager:/home/suwi/ros2_4dof_arm/install/moveit_setup_assistant:/home/suwi/ros2_4dof_arm/install/moveit_setup_srdf_plugins:/home/suwi/ros2_4dof_arm/install/moveit_setup_core_plugins:/home/suwi/ros2_4dof_arm/install/moveit_setup_controllers:/home/suwi/ros2_4dof_arm/install/moveit_setup_app_plugins:/home/suwi/ros2_4dof_arm/install/moveit_setup_framework:/home/suwi/ros2_4dof_arm/install/moveit_servo:/home/suwi/ros2_4dof_arm/install/moveit_ros:/home/suwi/ros2_4dof_arm/install/moveit_ros_visualization:/home/suwi/ros2_4dof_arm/install/moveit_hybrid_planning:/home/suwi/ros2_4dof_arm/install/moveit_ros_planning_interface:/home/suwi/ros2_4dof_arm/install/moveit_ros_benchmarks:/home/suwi/ros2_4dof_arm/install/moveit_ros_warehouse:/home/suwi/ros2_4dof_arm/install/moveit_ros_robot_interaction:/home/suwi/ros2_4dof_arm/install/moveit_ros_perception:/home/suwi/ros2_4dof_arm/install/moveit_resources_prbt_pg70_support:/home/suwi/ros2_4dof_arm/install/moveit_resources_prbt_moveit_config:/home/suwi/ros2_4dof_arm/install/moveit_ros_move_group:/home/suwi/ros2_4dof_arm/install/moveit_planners_ompl:/home/suwi/ros2_4dof_arm/install/moveit_ros_planning:/home/suwi/ros2_4dof_arm/install/moveit_ros_occupancy_map_monitor:/home/suwi/ros2_4dof_arm/install/moveit_resources_prbt_ikfast_manipulator_plugin:/home/suwi/ros2_4dof_arm/install/moveit_planners_chomp:/home/suwi/ros2_4dof_arm/install/moveit_kinematics:/home/suwi/ros2_4dof_arm/install/moveit_chomp_optimizer_adapter:/home/suwi/ros2_4dof_arm/install/chomp_motion_planner:/home/suwi/ros2_4dof_arm/install/moveit_core:/home/suwi/ros2_4dof_arm/install/moveit_msgs:/home/suwi/ros2_4dof_arm/install/moveit_resources_prbt_support:/home/suwi/ros2_4dof_arm/install/moveit_resources:/home/suwi/ros2_4dof_arm/install/moveit_resources_pr2_description:/home/suwi/ros2_4dof_arm/install/moveit_resources_panda_moveit_config:/home/suwi/ros2_4dof_arm/install/moveit_resources_panda_description:/home/suwi/ros2_4dof_arm/install/moveit_resources_fanuc_moveit_config:/home/suwi/ros2_4dof_arm/install/moveit_resources_fanuc_description:/home/suwi/ros2_4dof_arm/install/moveit_common:/home/suwi/ros2_4dof_arm/install/four_dof_arm:/home/suwi/ros2_4dof_arm/install/dobot_description:/home/suwi/ros2_4dof_arm/src/four_dof_arm/install/four_dof_arm:/home/suwi/ros2_ws_prac/install/pub_sub:/home/suwi/ros2_ws_prac/install/my_robot_control:/opt/ros/humble CMAKE_PREFIX_PATH=/home/suwi/ros2_4dof_arm/install/moveit_ros_occupancy_map_monitor:/home/suwi/ros2_4dof_arm/install/moveit_core:/home/suwi/ros2_4dof_arm/install/moveit_resources_panda_moveit_config:/home/suwi/ros2_4dof_arm/install/moveit_resources_pr2_description:/home/suwi/ros2_4dof_arm/install/moveit_resources_panda_description:/home/suwi/ros2_4dof_arm/install/moveit_msgs:/home/suwi/ros2_4dof_arm/install/moveit_common:/home/suwi/ros2_4dof_arm/install/pilz_industrial_motion_planner_testutils:/home/suwi/ros2_4dof_arm/install/moveit_runtime:/home/suwi/ros2_4dof_arm/install/moveit:/home/suwi/ros2_4dof_arm/install/moveit_planners:/home/suwi/ros2_4dof_arm/install/pilz_industrial_motion_planner:/home/suwi/ros2_4dof_arm/install/moveit_ros_control_interface:/home/suwi/ros2_4dof_arm/install/moveit_plugins:/home/suwi/ros2_4dof_arm/install/moveit_simple_controller_manager:/home/suwi/ros2_4dof_arm/install/moveit_setup_assistant:/home/suwi/ros2_4dof_arm/install/moveit_setup_srdf_plugins:/home/suwi/ros2_4dof_arm/install/moveit_setup_core_plugins:/home/suwi/ros2_4dof_arm/install/moveit_setup_controllers:/home/suwi/ros2_4dof_arm/install/moveit_setup_app_plugins:/home/suwi/ros2_4dof_arm/install/moveit_setup_framework:/home/suwi/ros2_4dof_arm/install/moveit_servo:/home/suwi/ros2_4dof_arm/install/moveit_ros:/home/suwi/ros2_4dof_arm/install/moveit_ros_visualization:/home/suwi/ros2_4dof_arm/install/moveit_hybrid_planning:/home/suwi/ros2_4dof_arm/install/moveit_ros_planning_interface:/home/suwi/ros2_4dof_arm/install/moveit_ros_benchmarks:/home/suwi/ros2_4dof_arm/install/moveit_ros_warehouse:/home/suwi/ros2_4dof_arm/install/moveit_ros_robot_interaction:/home/suwi/ros2_4dof_arm/install/moveit_ros_perception:/home/suwi/ros2_4dof_arm/install/moveit_resources_prbt_pg70_support:/home/suwi/ros2_4dof_arm/install/moveit_resources_prbt_moveit_config:/home/suwi/ros2_4dof_arm/install/moveit_ros_move_group:/home/suwi/ros2_4dof_arm/install/moveit_planners_ompl:/home/suwi/ros2_4dof_arm/install/moveit_ros_planning:/home/suwi/ros2_4dof_arm/install/moveit_resources_prbt_ikfast_manipulator_plugin:/home/suwi/ros2_4dof_arm/install/moveit_planners_chomp:/home/suwi/ros2_4dof_arm/install/moveit_kinematics:/home/suwi/ros2_4dof_arm/install/moveit_chomp_optimizer_adapter:/home/suwi/ros2_4dof_arm/install/chomp_motion_planner:/home/suwi/ros2_4dof_arm/install/moveit_resources_prbt_support:/home/suwi/ros2_4dof_arm/install/moveit_resources:/home/suwi/ros2_4dof_arm/install/moveit_resources_fanuc_moveit_config:/home/suwi/ros2_4dof_arm/install/moveit_resources_fanuc_description:/home/suwi/ros2_4dof_arm/install/four_dof_arm:/home/suwi/ros2_4dof_arm/install/dobot_description:/home/suwi/ros2_4dof_arm/src/four_dof_arm/install/four_dof_arm:/home/suwi/ros2_ws_prac/install/my_robot_control:/home/suwi/ros2_4dof_arm/install/moveit_configs_utils:/home/suwi/ros2_ws_prac/install/pub_sub:/opt/ros/humble LD_LIBRARY_PATH=/home/suwi/ros2_4dof_arm/install/moveit_ros_occupancy_map_monitor/lib:/home/suwi/ros2_4dof_arm/install/moveit_core/lib:/home/suwi/ros2_4dof_arm/install/moveit_msgs/lib:/home/suwi/ros2_4dof_arm/install/pilz_industrial_motion_planner_testutils/lib:/home/suwi/ros2_4dof_arm/install/pilz_industrial_motion_planner/lib:/home/suwi/ros2_4dof_arm/install/moveit_ros_control_interface/lib:/home/suwi/ros2_4dof_arm/install/moveit_simple_controller_manager/lib:/home/suwi/ros2_4dof_arm/install/moveit_setup_assistant/lib:/home/suwi/ros2_4dof_arm/install/moveit_setup_srdf_plugins/lib:/home/suwi/ros2_4dof_arm/install/moveit_setup_core_plugins/lib:/home/suwi/ros2_4dof_arm/install/moveit_setup_controllers/lib:/home/suwi/ros2_4dof_arm/install/moveit_setup_app_plugins/lib:/home/suwi/ros2_4dof_arm/install/moveit_setup_framework/lib:/home/suwi/ros2_4dof_arm/install/moveit_servo/lib:/home/suwi/ros2_4dof_arm/install/moveit_ros_visualization/lib:/home/suwi/ros2_4dof_arm/install/moveit_hybrid_planning/lib:/home/suwi/ros2_4dof_arm/install/moveit_ros_planning_interface/lib:/home/suwi/ros2_4dof_arm/install/moveit_ros_benchmarks/lib:/home/suwi/ros2_4dof_arm/install/moveit_ros_warehouse/lib:/home/suwi/ros2_4dof_arm/install/moveit_ros_robot_interaction/lib:/home/suwi/ros2_4dof_arm/install/moveit_ros_perception/lib:/home/suwi/ros2_4dof_arm/install/moveit_ros_move_group/lib:/home/suwi/ros2_4dof_arm/install/moveit_planners_ompl/lib:/home/suwi/ros2_4dof_arm/install/moveit_ros_planning/lib:/home/suwi/ros2_4dof_arm/install/moveit_resources_prbt_ikfast_manipulator_plugin/lib:/home/suwi/ros2_4dof_arm/install/moveit_planners_chomp/lib:/home/suwi/ros2_4dof_arm/install/moveit_kinematics/lib:/home/suwi/ros2_4dof_arm/install/moveit_chomp_optimizer_adapter/lib:/home/suwi/ros2_4dof_arm/install/chomp_motion_planner/lib:/opt/ros/humble/opt/rviz_ogre_vendor/lib:/opt/ros/humble/lib/x86_64-linux-gnu:/opt/ros/humble/lib PYTHONPATH=/home/suwi/ros2_4dof_arm/install/moveit_configs_utils/lib/python3.10/site-packages:/home/suwi/ros2_4dof_arm/install/moveit_msgs/local/lib/python3.10/dist-packages:/home/suwi/ros2_ws_prac/build/pub_sub:/home/suwi/ros2_ws_prac/install/pub_sub/lib/python3.10/site-packages:/opt/ros/humble/lib/python3.10/site-packages:/opt/ros/humble/local/lib/python3.10/dist-packages /usr/bin/cmake --build /home/suwi/ros2_4dof_arm/build/moveit_ros_planning -- -j8 -l8
[0.687s] [  4%] Built target moveit_rdf_loader
[0.700s] [  7%] Built target gmock_main
[0.700s] [ 11%] Built target gmock
[0.703s] [ 14%] Built target gtest_main
[0.717s] [ 17%] Built target moveit_planning_pipeline
[0.736s] [ 20%] Built target moveit_collision_plugin_loader
[0.742s] [ 23%] Built target moveit_list_request_adapter_plugins
[0.801s] [ 39%] Built target moveit_default_planning_request_adapter_plugins
[0.913s] [ 42%] Built target gtest
[0.948s] [ 45%] Built target moveit_kinematics_plugin_loader
[0.955s] [ 48%] Built target moveit_constraint_sampler_manager_loader
[1.183s] [ 51%] Built target moveit_robot_model_loader
[1.414s] [ 54%] Built target moveit_print_planning_model_info
[1.457s] [ 63%] Built target moveit_planning_scene_monitor
[1.765s] [ 66%] Built target current_state_monitor_tests
[1.772s] [ 72%] Built target trajectory_monitor_tests
[1.773s] [ 72%] Built target demo_scene
[1.784s] [ 76%] Built target planning_scene_monitor_test
[1.785s] [ 77%] Built target moveit_print_planning_scene_info
[1.786s] [ 80%] Built target moveit_display_random_state
[1.804s] [ 83%] Built target moveit_visualize_robot_collision_volume
[1.814s] [ 86%] Built target moveit_evaluate_collision_checking_speed
[2.027s] [ 89%] Built target moveit_publish_scene_from_text
[2.030s] [ 92%] Built target moveit_trajectory_execution_manager
[2.292s] [ 95%] Built target moveit_plan_execution
[2.293s] [100%] Built target moveit_cpp
[2.375s] Invoked command in '/home/suwi/ros2_4dof_arm/build/moveit_ros_planning' returned '0': AMENT_PREFIX_PATH=/home/suwi/ros2_4dof_arm/install/moveit_configs_utils:/home/suwi/ros2_4dof_arm/install/pilz_industrial_motion_planner_testutils:/home/suwi/ros2_4dof_arm/install/moveit_runtime:/home/suwi/ros2_4dof_arm/install/moveit:/home/suwi/ros2_4dof_arm/install/moveit_planners:/home/suwi/ros2_4dof_arm/install/pilz_industrial_motion_planner:/home/suwi/ros2_4dof_arm/install/moveit_ros_control_interface:/home/suwi/ros2_4dof_arm/install/moveit_plugins:/home/suwi/ros2_4dof_arm/install/moveit_simple_controller_manager:/home/suwi/ros2_4dof_arm/install/moveit_setup_assistant:/home/suwi/ros2_4dof_arm/install/moveit_setup_srdf_plugins:/home/suwi/ros2_4dof_arm/install/moveit_setup_core_plugins:/home/suwi/ros2_4dof_arm/install/moveit_setup_controllers:/home/suwi/ros2_4dof_arm/install/moveit_setup_app_plugins:/home/suwi/ros2_4dof_arm/install/moveit_setup_framework:/home/suwi/ros2_4dof_arm/install/moveit_servo:/home/suwi/ros2_4dof_arm/install/moveit_ros:/home/suwi/ros2_4dof_arm/install/moveit_ros_visualization:/home/suwi/ros2_4dof_arm/install/moveit_hybrid_planning:/home/suwi/ros2_4dof_arm/install/moveit_ros_planning_interface:/home/suwi/ros2_4dof_arm/install/moveit_ros_benchmarks:/home/suwi/ros2_4dof_arm/install/moveit_ros_warehouse:/home/suwi/ros2_4dof_arm/install/moveit_ros_robot_interaction:/home/suwi/ros2_4dof_arm/install/moveit_ros_perception:/home/suwi/ros2_4dof_arm/install/moveit_resources_prbt_pg70_support:/home/suwi/ros2_4dof_arm/install/moveit_resources_prbt_moveit_config:/home/suwi/ros2_4dof_arm/install/moveit_ros_move_group:/home/suwi/ros2_4dof_arm/install/moveit_planners_ompl:/home/suwi/ros2_4dof_arm/install/moveit_ros_planning:/home/suwi/ros2_4dof_arm/install/moveit_ros_occupancy_map_monitor:/home/suwi/ros2_4dof_arm/install/moveit_resources_prbt_ikfast_manipulator_plugin:/home/suwi/ros2_4dof_arm/install/moveit_planners_chomp:/home/suwi/ros2_4dof_arm/install/moveit_kinematics:/home/suwi/ros2_4dof_arm/install/moveit_chomp_optimizer_adapter:/home/suwi/ros2_4dof_arm/install/chomp_motion_planner:/home/suwi/ros2_4dof_arm/install/moveit_core:/home/suwi/ros2_4dof_arm/install/moveit_msgs:/home/suwi/ros2_4dof_arm/install/moveit_resources_prbt_support:/home/suwi/ros2_4dof_arm/install/moveit_resources:/home/suwi/ros2_4dof_arm/install/moveit_resources_pr2_description:/home/suwi/ros2_4dof_arm/install/moveit_resources_panda_moveit_config:/home/suwi/ros2_4dof_arm/install/moveit_resources_panda_description:/home/suwi/ros2_4dof_arm/install/moveit_resources_fanuc_moveit_config:/home/suwi/ros2_4dof_arm/install/moveit_resources_fanuc_description:/home/suwi/ros2_4dof_arm/install/moveit_common:/home/suwi/ros2_4dof_arm/install/four_dof_arm:/home/suwi/ros2_4dof_arm/install/dobot_description:/home/suwi/ros2_4dof_arm/src/four_dof_arm/install/four_dof_arm:/home/suwi/ros2_ws_prac/install/pub_sub:/home/suwi/ros2_ws_prac/install/my_robot_control:/opt/ros/humble CMAKE_PREFIX_PATH=/home/suwi/ros2_4dof_arm/install/moveit_ros_occupancy_map_monitor:/home/suwi/ros2_4dof_arm/install/moveit_core:/home/suwi/ros2_4dof_arm/install/moveit_resources_panda_moveit_config:/home/suwi/ros2_4dof_arm/install/moveit_resources_pr2_description:/home/suwi/ros2_4dof_arm/install/moveit_resources_panda_description:/home/suwi/ros2_4dof_arm/install/moveit_msgs:/home/suwi/ros2_4dof_arm/install/moveit_common:/home/suwi/ros2_4dof_arm/install/pilz_industrial_motion_planner_testutils:/home/suwi/ros2_4dof_arm/install/moveit_runtime:/home/suwi/ros2_4dof_arm/install/moveit:/home/suwi/ros2_4dof_arm/install/moveit_planners:/home/suwi/ros2_4dof_arm/install/pilz_industrial_motion_planner:/home/suwi/ros2_4dof_arm/install/moveit_ros_control_interface:/home/suwi/ros2_4dof_arm/install/moveit_plugins:/home/suwi/ros2_4dof_arm/install/moveit_simple_controller_manager:/home/suwi/ros2_4dof_arm/install/moveit_setup_assistant:/home/suwi/ros2_4dof_arm/install/moveit_setup_srdf_plugins:/home/suwi/ros2_4dof_arm/install/moveit_setup_core_plugins:/home/suwi/ros2_4dof_arm/install/moveit_setup_controllers:/home/suwi/ros2_4dof_arm/install/moveit_setup_app_plugins:/home/suwi/ros2_4dof_arm/install/moveit_setup_framework:/home/suwi/ros2_4dof_arm/install/moveit_servo:/home/suwi/ros2_4dof_arm/install/moveit_ros:/home/suwi/ros2_4dof_arm/install/moveit_ros_visualization:/home/suwi/ros2_4dof_arm/install/moveit_hybrid_planning:/home/suwi/ros2_4dof_arm/install/moveit_ros_planning_interface:/home/suwi/ros2_4dof_arm/install/moveit_ros_benchmarks:/home/suwi/ros2_4dof_arm/install/moveit_ros_warehouse:/home/suwi/ros2_4dof_arm/install/moveit_ros_robot_interaction:/home/suwi/ros2_4dof_arm/install/moveit_ros_perception:/home/suwi/ros2_4dof_arm/install/moveit_resources_prbt_pg70_support:/home/suwi/ros2_4dof_arm/install/moveit_resources_prbt_moveit_config:/home/suwi/ros2_4dof_arm/install/moveit_ros_move_group:/home/suwi/ros2_4dof_arm/install/moveit_planners_ompl:/home/suwi/ros2_4dof_arm/install/moveit_ros_planning:/home/suwi/ros2_4dof_arm/install/moveit_resources_prbt_ikfast_manipulator_plugin:/home/suwi/ros2_4dof_arm/install/moveit_planners_chomp:/home/suwi/ros2_4dof_arm/install/moveit_kinematics:/home/suwi/ros2_4dof_arm/install/moveit_chomp_optimizer_adapter:/home/suwi/ros2_4dof_arm/install/chomp_motion_planner:/home/suwi/ros2_4dof_arm/install/moveit_resources_prbt_support:/home/suwi/ros2_4dof_arm/install/moveit_resources:/home/suwi/ros2_4dof_arm/install/moveit_resources_fanuc_moveit_config:/home/suwi/ros2_4dof_arm/install/moveit_resources_fanuc_description:/home/suwi/ros2_4dof_arm/install/four_dof_arm:/home/suwi/ros2_4dof_arm/install/dobot_description:/home/suwi/ros2_4dof_arm/src/four_dof_arm/install/four_dof_arm:/home/suwi/ros2_ws_prac/install/my_robot_control:/home/suwi/ros2_4dof_arm/install/moveit_configs_utils:/home/suwi/ros2_ws_prac/install/pub_sub:/opt/ros/humble LD_LIBRARY_PATH=/home/suwi/ros2_4dof_arm/install/moveit_ros_occupancy_map_monitor/lib:/home/suwi/ros2_4dof_arm/install/moveit_core/lib:/home/suwi/ros2_4dof_arm/install/moveit_msgs/lib:/home/suwi/ros2_4dof_arm/install/pilz_industrial_motion_planner_testutils/lib:/home/suwi/ros2_4dof_arm/install/pilz_industrial_motion_planner/lib:/home/suwi/ros2_4dof_arm/install/moveit_ros_control_interface/lib:/home/suwi/ros2_4dof_arm/install/moveit_simple_controller_manager/lib:/home/suwi/ros2_4dof_arm/install/moveit_setup_assistant/lib:/home/suwi/ros2_4dof_arm/install/moveit_setup_srdf_plugins/lib:/home/suwi/ros2_4dof_arm/install/moveit_setup_core_plugins/lib:/home/suwi/ros2_4dof_arm/install/moveit_setup_controllers/lib:/home/suwi/ros2_4dof_arm/install/moveit_setup_app_plugins/lib:/home/suwi/ros2_4dof_arm/install/moveit_setup_framework/lib:/home/suwi/ros2_4dof_arm/install/moveit_servo/lib:/home/suwi/ros2_4dof_arm/install/moveit_ros_visualization/lib:/home/suwi/ros2_4dof_arm/install/moveit_hybrid_planning/lib:/home/suwi/ros2_4dof_arm/install/moveit_ros_planning_interface/lib:/home/suwi/ros2_4dof_arm/install/moveit_ros_benchmarks/lib:/home/suwi/ros2_4dof_arm/install/moveit_ros_warehouse/lib:/home/suwi/ros2_4dof_arm/install/moveit_ros_robot_interaction/lib:/home/suwi/ros2_4dof_arm/install/moveit_ros_perception/lib:/home/suwi/ros2_4dof_arm/install/moveit_ros_move_group/lib:/home/suwi/ros2_4dof_arm/install/moveit_planners_ompl/lib:/home/suwi/ros2_4dof_arm/install/moveit_ros_planning/lib:/home/suwi/ros2_4dof_arm/install/moveit_resources_prbt_ikfast_manipulator_plugin/lib:/home/suwi/ros2_4dof_arm/install/moveit_planners_chomp/lib:/home/suwi/ros2_4dof_arm/install/moveit_kinematics/lib:/home/suwi/ros2_4dof_arm/install/moveit_chomp_optimizer_adapter/lib:/home/suwi/ros2_4dof_arm/install/chomp_motion_planner/lib:/opt/ros/humble/opt/rviz_ogre_vendor/lib:/opt/ros/humble/lib/x86_64-linux-gnu:/opt/ros/humble/lib PYTHONPATH=/home/suwi/ros2_4dof_arm/install/moveit_configs_utils/lib/python3.10/site-packages:/home/suwi/ros2_4dof_arm/install/moveit_msgs/local/lib/python3.10/dist-packages:/home/suwi/ros2_ws_prac/build/pub_sub:/home/suwi/ros2_ws_prac/install/pub_sub/lib/python3.10/site-packages:/opt/ros/humble/lib/python3.10/site-packages:/opt/ros/humble/local/lib/python3.10/dist-packages /usr/bin/cmake --build /home/suwi/ros2_4dof_arm/build/moveit_ros_planning -- -j8 -l8
[2.381s] Invoking command in '/home/suwi/ros2_4dof_arm/build/moveit_ros_planning': AMENT_PREFIX_PATH=/home/suwi/ros2_4dof_arm/install/moveit_configs_utils:/home/suwi/ros2_4dof_arm/install/pilz_industrial_motion_planner_testutils:/home/suwi/ros2_4dof_arm/install/moveit_runtime:/home/suwi/ros2_4dof_arm/install/moveit:/home/suwi/ros2_4dof_arm/install/moveit_planners:/home/suwi/ros2_4dof_arm/install/pilz_industrial_motion_planner:/home/suwi/ros2_4dof_arm/install/moveit_ros_control_interface:/home/suwi/ros2_4dof_arm/install/moveit_plugins:/home/suwi/ros2_4dof_arm/install/moveit_simple_controller_manager:/home/suwi/ros2_4dof_arm/install/moveit_setup_assistant:/home/suwi/ros2_4dof_arm/install/moveit_setup_srdf_plugins:/home/suwi/ros2_4dof_arm/install/moveit_setup_core_plugins:/home/suwi/ros2_4dof_arm/install/moveit_setup_controllers:/home/suwi/ros2_4dof_arm/install/moveit_setup_app_plugins:/home/suwi/ros2_4dof_arm/install/moveit_setup_framework:/home/suwi/ros2_4dof_arm/install/moveit_servo:/home/suwi/ros2_4dof_arm/install/moveit_ros:/home/suwi/ros2_4dof_arm/install/moveit_ros_visualization:/home/suwi/ros2_4dof_arm/install/moveit_hybrid_planning:/home/suwi/ros2_4dof_arm/install/moveit_ros_planning_interface:/home/suwi/ros2_4dof_arm/install/moveit_ros_benchmarks:/home/suwi/ros2_4dof_arm/install/moveit_ros_warehouse:/home/suwi/ros2_4dof_arm/install/moveit_ros_robot_interaction:/home/suwi/ros2_4dof_arm/install/moveit_ros_perception:/home/suwi/ros2_4dof_arm/install/moveit_resources_prbt_pg70_support:/home/suwi/ros2_4dof_arm/install/moveit_resources_prbt_moveit_config:/home/suwi/ros2_4dof_arm/install/moveit_ros_move_group:/home/suwi/ros2_4dof_arm/install/moveit_planners_ompl:/home/suwi/ros2_4dof_arm/install/moveit_ros_planning:/home/suwi/ros2_4dof_arm/install/moveit_ros_occupancy_map_monitor:/home/suwi/ros2_4dof_arm/install/moveit_resources_prbt_ikfast_manipulator_plugin:/home/suwi/ros2_4dof_arm/install/moveit_planners_chomp:/home/suwi/ros2_4dof_arm/install/moveit_kinematics:/home/suwi/ros2_4dof_arm/install/moveit_chomp_optimizer_adapter:/home/suwi/ros2_4dof_arm/install/chomp_motion_planner:/home/suwi/ros2_4dof_arm/install/moveit_core:/home/suwi/ros2_4dof_arm/install/moveit_msgs:/home/suwi/ros2_4dof_arm/install/moveit_resources_prbt_support:/home/suwi/ros2_4dof_arm/install/moveit_resources:/home/suwi/ros2_4dof_arm/install/moveit_resources_pr2_description:/home/suwi/ros2_4dof_arm/install/moveit_resources_panda_moveit_config:/home/suwi/ros2_4dof_arm/install/moveit_resources_panda_description:/home/suwi/ros2_4dof_arm/install/moveit_resources_fanuc_moveit_config:/home/suwi/ros2_4dof_arm/install/moveit_resources_fanuc_description:/home/suwi/ros2_4dof_arm/install/moveit_common:/home/suwi/ros2_4dof_arm/install/four_dof_arm:/home/suwi/ros2_4dof_arm/install/dobot_description:/home/suwi/ros2_4dof_arm/src/four_dof_arm/install/four_dof_arm:/home/suwi/ros2_ws_prac/install/pub_sub:/home/suwi/ros2_ws_prac/install/my_robot_control:/opt/ros/humble CMAKE_PREFIX_PATH=/home/suwi/ros2_4dof_arm/install/moveit_ros_occupancy_map_monitor:/home/suwi/ros2_4dof_arm/install/moveit_core:/home/suwi/ros2_4dof_arm/install/moveit_resources_panda_moveit_config:/home/suwi/ros2_4dof_arm/install/moveit_resources_pr2_description:/home/suwi/ros2_4dof_arm/install/moveit_resources_panda_description:/home/suwi/ros2_4dof_arm/install/moveit_msgs:/home/suwi/ros2_4dof_arm/install/moveit_common:/home/suwi/ros2_4dof_arm/install/pilz_industrial_motion_planner_testutils:/home/suwi/ros2_4dof_arm/install/moveit_runtime:/home/suwi/ros2_4dof_arm/install/moveit:/home/suwi/ros2_4dof_arm/install/moveit_planners:/home/suwi/ros2_4dof_arm/install/pilz_industrial_motion_planner:/home/suwi/ros2_4dof_arm/install/moveit_ros_control_interface:/home/suwi/ros2_4dof_arm/install/moveit_plugins:/home/suwi/ros2_4dof_arm/install/moveit_simple_controller_manager:/home/suwi/ros2_4dof_arm/install/moveit_setup_assistant:/home/suwi/ros2_4dof_arm/install/moveit_setup_srdf_plugins:/home/suwi/ros2_4dof_arm/install/moveit_setup_core_plugins:/home/suwi/ros2_4dof_arm/install/moveit_setup_controllers:/home/suwi/ros2_4dof_arm/install/moveit_setup_app_plugins:/home/suwi/ros2_4dof_arm/install/moveit_setup_framework:/home/suwi/ros2_4dof_arm/install/moveit_servo:/home/suwi/ros2_4dof_arm/install/moveit_ros:/home/suwi/ros2_4dof_arm/install/moveit_ros_visualization:/home/suwi/ros2_4dof_arm/install/moveit_hybrid_planning:/home/suwi/ros2_4dof_arm/install/moveit_ros_planning_interface:/home/suwi/ros2_4dof_arm/install/moveit_ros_benchmarks:/home/suwi/ros2_4dof_arm/install/moveit_ros_warehouse:/home/suwi/ros2_4dof_arm/install/moveit_ros_robot_interaction:/home/suwi/ros2_4dof_arm/install/moveit_ros_perception:/home/suwi/ros2_4dof_arm/install/moveit_resources_prbt_pg70_support:/home/suwi/ros2_4dof_arm/install/moveit_resources_prbt_moveit_config:/home/suwi/ros2_4dof_arm/install/moveit_ros_move_group:/home/suwi/ros2_4dof_arm/install/moveit_planners_ompl:/home/suwi/ros2_4dof_arm/install/moveit_ros_planning:/home/suwi/ros2_4dof_arm/install/moveit_resources_prbt_ikfast_manipulator_plugin:/home/suwi/ros2_4dof_arm/install/moveit_planners_chomp:/home/suwi/ros2_4dof_arm/install/moveit_kinematics:/home/suwi/ros2_4dof_arm/install/moveit_chomp_optimizer_adapter:/home/suwi/ros2_4dof_arm/install/chomp_motion_planner:/home/suwi/ros2_4dof_arm/install/moveit_resources_prbt_support:/home/suwi/ros2_4dof_arm/install/moveit_resources:/home/suwi/ros2_4dof_arm/install/moveit_resources_fanuc_moveit_config:/home/suwi/ros2_4dof_arm/install/moveit_resources_fanuc_description:/home/suwi/ros2_4dof_arm/install/four_dof_arm:/home/suwi/ros2_4dof_arm/install/dobot_description:/home/suwi/ros2_4dof_arm/src/four_dof_arm/install/four_dof_arm:/home/suwi/ros2_ws_prac/install/my_robot_control:/home/suwi/ros2_4dof_arm/install/moveit_configs_utils:/home/suwi/ros2_ws_prac/install/pub_sub:/opt/ros/humble LD_LIBRARY_PATH=/home/suwi/ros2_4dof_arm/install/moveit_ros_occupancy_map_monitor/lib:/home/suwi/ros2_4dof_arm/install/moveit_core/lib:/home/suwi/ros2_4dof_arm/install/moveit_msgs/lib:/home/suwi/ros2_4dof_arm/install/pilz_industrial_motion_planner_testutils/lib:/home/suwi/ros2_4dof_arm/install/pilz_industrial_motion_planner/lib:/home/suwi/ros2_4dof_arm/install/moveit_ros_control_interface/lib:/home/suwi/ros2_4dof_arm/install/moveit_simple_controller_manager/lib:/home/suwi/ros2_4dof_arm/install/moveit_setup_assistant/lib:/home/suwi/ros2_4dof_arm/install/moveit_setup_srdf_plugins/lib:/home/suwi/ros2_4dof_arm/install/moveit_setup_core_plugins/lib:/home/suwi/ros2_4dof_arm/install/moveit_setup_controllers/lib:/home/suwi/ros2_4dof_arm/install/moveit_setup_app_plugins/lib:/home/suwi/ros2_4dof_arm/install/moveit_setup_framework/lib:/home/suwi/ros2_4dof_arm/install/moveit_servo/lib:/home/suwi/ros2_4dof_arm/install/moveit_ros_visualization/lib:/home/suwi/ros2_4dof_arm/install/moveit_hybrid_planning/lib:/home/suwi/ros2_4dof_arm/install/moveit_ros_planning_interface/lib:/home/suwi/ros2_4dof_arm/install/moveit_ros_benchmarks/lib:/home/suwi/ros2_4dof_arm/install/moveit_ros_warehouse/lib:/home/suwi/ros2_4dof_arm/install/moveit_ros_robot_interaction/lib:/home/suwi/ros2_4dof_arm/install/moveit_ros_perception/lib:/home/suwi/ros2_4dof_arm/install/moveit_ros_move_group/lib:/home/suwi/ros2_4dof_arm/install/moveit_planners_ompl/lib:/home/suwi/ros2_4dof_arm/install/moveit_ros_planning/lib:/home/suwi/ros2_4dof_arm/install/moveit_resources_prbt_ikfast_manipulator_plugin/lib:/home/suwi/ros2_4dof_arm/install/moveit_planners_chomp/lib:/home/suwi/ros2_4dof_arm/install/moveit_kinematics/lib:/home/suwi/ros2_4dof_arm/install/moveit_chomp_optimizer_adapter/lib:/home/suwi/ros2_4dof_arm/install/chomp_motion_planner/lib:/opt/ros/humble/opt/rviz_ogre_vendor/lib:/opt/ros/humble/lib/x86_64-linux-gnu:/opt/ros/humble/lib PYTHONPATH=/home/suwi/ros2_4dof_arm/install/moveit_configs_utils/lib/python3.10/site-packages:/home/suwi/ros2_4dof_arm/install/moveit_msgs/local/lib/python3.10/dist-packages:/home/suwi/ros2_ws_prac/build/pub_sub:/home/suwi/ros2_ws_prac/install/pub_sub/lib/python3.10/site-packages:/opt/ros/humble/lib/python3.10/site-packages:/opt/ros/humble/local/lib/python3.10/dist-packages /usr/bin/cmake --install /home/suwi/ros2_4dof_arm/build/moveit_ros_planning
[2.445s] -- Install configuration: "Release"
[2.446s] -- Up-to-date: /home/suwi/ros2_4dof_arm/install/moveit_ros_planning/include
[2.447s] -- Up-to-date: /home/suwi/ros2_4dof_arm/install/moveit_ros_planning/include/moveit
[2.448s] -- Up-to-date: /home/suwi/ros2_4dof_arm/install/moveit_ros_planning/include/moveit/rdf_loader
[2.448s] -- Up-to-date: /home/suwi/ros2_4dof_arm/install/moveit_ros_planning/include/moveit/rdf_loader/synchronized_string_parameter.h
[2.449s] -- Up-to-date: /home/suwi/ros2_4dof_arm/install/moveit_ros_planning/include/moveit/rdf_loader/rdf_loader.h
[2.449s] -- Up-to-date: /home/suwi/ros2_4dof_arm/install/moveit_ros_planning/share/moveit_ros_planning/rdf_loader/test/data
[2.450s] -- Up-to-date: /home/suwi/ros2_4dof_arm/install/moveit_ros_planning/share/moveit_ros_planning/rdf_loader/test/data/robin.srdf.xacro
[2.450s] -- Up-to-date: /home/suwi/ros2_4dof_arm/install/moveit_ros_planning/share/moveit_ros_planning/rdf_loader/test/data/kermit.srdf
[2.451s] -- Up-to-date: /home/suwi/ros2_4dof_arm/install/moveit_ros_planning/share/moveit_ros_planning/rdf_loader/test/data/kermit.urdf
[2.451s] -- Up-to-date: /home/suwi/ros2_4dof_arm/install/moveit_ros_planning/share/moveit_ros_planning/rdf_loader/test/data/gonzo.srdf
[2.452s] -- Up-to-date: /home/suwi/ros2_4dof_arm/install/moveit_ros_planning/share/moveit_ros_planning/rdf_loader/test/data/gonzo.urdf
[2.452s] -- Up-to-date: /home/suwi/ros2_4dof_arm/install/moveit_ros_planning/share/moveit_ros_planning/rdf_loader/test/launch
[2.453s] -- Up-to-date: /home/suwi/ros2_4dof_arm/install/moveit_ros_planning/share/moveit_ros_planning/rdf_loader/test/launch/test_rdf_integration.test.py
[2.453s] -- Up-to-date: /home/suwi/ros2_4dof_arm/install/moveit_ros_planning/include
[2.454s] -- Up-to-date: /home/suwi/ros2_4dof_arm/install/moveit_ros_planning/include/moveit
[2.454s] -- Up-to-date: /home/suwi/ros2_4dof_arm/install/moveit_ros_planning/include/moveit/collision_plugin_loader
[2.455s] -- Up-to-date: /home/suwi/ros2_4dof_arm/install/moveit_ros_planning/include/moveit/collision_plugin_loader/collision_plugin_loader.h
[2.455s] -- Up-to-date: /home/suwi/ros2_4dof_arm/install/moveit_ros_planning/include
[2.455s] -- Up-to-date: /home/suwi/ros2_4dof_arm/install/moveit_ros_planning/include/moveit
[2.456s] -- Up-to-date: /home/suwi/ros2_4dof_arm/install/moveit_ros_planning/include/moveit/kinematics_plugin_loader
[2.456s] -- Up-to-date: /home/suwi/ros2_4dof_arm/install/moveit_ros_planning/include/moveit/kinematics_plugin_loader/kinematics_plugin_loader.h
[2.457s] -- Up-to-date: /home/suwi/ros2_4dof_arm/install/moveit_ros_planning/include
[2.457s] -- Up-to-date: /home/suwi/ros2_4dof_arm/install/moveit_ros_planning/include/moveit
[2.457s] -- Up-to-date: /home/suwi/ros2_4dof_arm/install/moveit_ros_planning/include/moveit/robot_model_loader
[2.457s] -- Up-to-date: /home/suwi/ros2_4dof_arm/install/moveit_ros_planning/include/moveit/robot_model_loader/robot_model_loader.h
[2.457s] -- Up-to-date: /home/suwi/ros2_4dof_arm/install/moveit_ros_planning/include
[2.458s] -- Up-to-date: /home/suwi/ros2_4dof_arm/install/moveit_ros_planning/include/moveit
[2.458s] -- Up-to-date: /home/suwi/ros2_4dof_arm/install/moveit_ros_planning/include/moveit/constraint_sampler_manager_loader
[2.458s] -- Up-to-date: /home/suwi/ros2_4dof_arm/install/moveit_ros_planning/include/moveit/constraint_sampler_manager_loader/constraint_sampler_manager_loader.h
[2.459s] -- Up-to-date: /home/suwi/ros2_4dof_arm/install/moveit_ros_planning/include
[2.459s] -- Up-to-date: /home/suwi/ros2_4dof_arm/install/moveit_ros_planning/include/moveit
[2.459s] -- Up-to-date: /home/suwi/ros2_4dof_arm/install/moveit_ros_planning/include/moveit/planning_pipeline
[2.460s] -- Up-to-date: /home/suwi/ros2_4dof_arm/install/moveit_ros_planning/include/moveit/planning_pipeline/planning_pipeline.h
[2.460s] -- Up-to-date: /home/suwi/ros2_4dof_arm/install/moveit_ros_planning/include/moveit_planning_pipeline_export.h
[2.460s] -- Up-to-date: /home/suwi/ros2_4dof_arm/install/moveit_ros_planning/lib/moveit_ros_planning/moveit_list_request_adapter_plugins
[2.464s] -- Up-to-date: /home/suwi/ros2_4dof_arm/install/moveit_ros_planning/lib/moveit_ros_planning/demo_scene
[2.466s] -- Up-to-date: /home/suwi/ros2_4dof_arm/install/moveit_ros_planning/include
[2.468s] -- Up-to-date: /home/suwi/ros2_4dof_arm/install/moveit_ros_planning/include/moveit
[2.468s] -- Up-to-date: /home/suwi/ros2_4dof_arm/install/moveit_ros_planning/include/moveit/planning_scene_monitor
[2.468s] -- Up-to-date: /home/suwi/ros2_4dof_arm/install/moveit_ros_planning/include/moveit/planning_scene_monitor/trajectory_monitor_middleware_handle.hpp
[2.469s] -- Up-to-date: /home/suwi/ros2_4dof_arm/install/moveit_ros_planning/include/moveit/planning_scene_monitor/current_state_monitor_middleware_handle.hpp
[2.469s] -- Up-to-date: /home/suwi/ros2_4dof_arm/install/moveit_ros_planning/include/moveit/planning_scene_monitor/current_state_monitor.h
[2.469s] -- Up-to-date: /home/suwi/ros2_4dof_arm/install/moveit_ros_planning/include/moveit/planning_scene_monitor/planning_scene_monitor.h
[2.470s] -- Up-to-date: /home/suwi/ros2_4dof_arm/install/moveit_ros_planning/include/moveit/planning_scene_monitor/trajectory_monitor.h
[2.470s] -- Up-to-date: /home/suwi/ros2_4dof_arm/install/moveit_ros_planning/include/moveit_planning_scene_monitor_export.h
[2.472s] -- Up-to-date: /home/suwi/ros2_4dof_arm/install/moveit_ros_planning/lib/moveit_ros_planning/moveit_print_planning_model_info
[2.477s] -- Up-to-date: /home/suwi/ros2_4dof_arm/install/moveit_ros_planning/lib/moveit_ros_planning/moveit_print_planning_scene_info
[2.482s] -- Up-to-date: /home/suwi/ros2_4dof_arm/install/moveit_ros_planning/lib/moveit_ros_planning/moveit_display_random_state
[2.486s] -- Up-to-date: /home/suwi/ros2_4dof_arm/install/moveit_ros_planning/lib/moveit_ros_planning/moveit_visualize_robot_collision_volume
[2.491s] -- Up-to-date: /home/suwi/ros2_4dof_arm/install/moveit_ros_planning/lib/moveit_ros_planning/moveit_evaluate_collision_checking_speed
[2.496s] -- Up-to-date: /home/suwi/ros2_4dof_arm/install/moveit_ros_planning/lib/moveit_ros_planning/moveit_publish_scene_from_text
[2.499s] -- Up-to-date: /home/suwi/ros2_4dof_arm/install/moveit_ros_planning/include
[2.499s] -- Up-to-date: /home/suwi/ros2_4dof_arm/install/moveit_ros_planning/include/moveit
[2.499s] -- Up-to-date: /home/suwi/ros2_4dof_arm/install/moveit_ros_planning/include/moveit/trajectory_execution_manager
[2.501s] -- Up-to-date: /home/suwi/ros2_4dof_arm/install/moveit_ros_planning/include/moveit/trajectory_execution_manager/trajectory_execution_manager.h
[2.501s] -- Up-to-date: /home/suwi/ros2_4dof_arm/install/moveit_ros_planning/include/moveit_trajectory_execution_manager_export.h
[2.501s] -- Up-to-date: /home/suwi/ros2_4dof_arm/install/moveit_ros_planning/include
[2.502s] -- Up-to-date: /home/suwi/ros2_4dof_arm/install/moveit_ros_planning/include/moveit
[2.502s] -- Up-to-date: /home/suwi/ros2_4dof_arm/install/moveit_ros_planning/include/moveit/plan_execution
[2.503s] -- Up-to-date: /home/suwi/ros2_4dof_arm/install/moveit_ros_planning/include/moveit/plan_execution/plan_representation.h
[2.503s] -- Up-to-date: /home/suwi/ros2_4dof_arm/install/moveit_ros_planning/include/moveit/plan_execution/plan_execution.h
[2.503s] -- Up-to-date: /home/suwi/ros2_4dof_arm/install/moveit_ros_planning/include
[2.504s] -- Up-to-date: /home/suwi/ros2_4dof_arm/install/moveit_ros_planning/include/moveit
[2.504s] -- Up-to-date: /home/suwi/ros2_4dof_arm/install/moveit_ros_planning/include/moveit/moveit_cpp
[2.504s] -- Up-to-date: /home/suwi/ros2_4dof_arm/install/moveit_ros_planning/include/moveit/moveit_cpp/moveit_cpp.h
[2.505s] -- Up-to-date: /home/suwi/ros2_4dof_arm/install/moveit_ros_planning/include/moveit/moveit_cpp/planning_component.h
[2.505s] -- Up-to-date: /home/suwi/ros2_4dof_arm/install/moveit_ros_planning/lib/libmoveit_rdf_loader.so.2.5.8
[2.508s] -- Up-to-date: /home/suwi/ros2_4dof_arm/install/moveit_ros_planning/lib/libmoveit_rdf_loader.so
[2.511s] -- Up-to-date: /home/suwi/ros2_4dof_arm/install/moveit_ros_planning/lib/libmoveit_kinematics_plugin_loader.so.2.5.8
[2.513s] -- Up-to-date: /home/suwi/ros2_4dof_arm/install/moveit_ros_planning/lib/libmoveit_kinematics_plugin_loader.so
[2.515s] -- Up-to-date: /home/suwi/ros2_4dof_arm/install/moveit_ros_planning/lib/libmoveit_robot_model_loader.so.2.5.8
[2.518s] -- Up-to-date: /home/suwi/ros2_4dof_arm/install/moveit_ros_planning/lib/libmoveit_robot_model_loader.so
[2.521s] -- Up-to-date: /home/suwi/ros2_4dof_arm/install/moveit_ros_planning/lib/libmoveit_constraint_sampler_manager_loader.so.2.5.8
[2.523s] -- Up-to-date: /home/suwi/ros2_4dof_arm/install/moveit_ros_planning/lib/libmoveit_constraint_sampler_manager_loader.so
[2.526s] -- Up-to-date: /home/suwi/ros2_4dof_arm/install/moveit_ros_planning/lib/libmoveit_planning_pipeline.so.2.5.8
[2.528s] -- Up-to-date: /home/suwi/ros2_4dof_arm/install/moveit_ros_planning/lib/libmoveit_planning_pipeline.so
[2.531s] -- Up-to-date: /home/suwi/ros2_4dof_arm/install/moveit_ros_planning/lib/libmoveit_trajectory_execution_manager.so.2.5.8
[2.534s] -- Up-to-date: /home/suwi/ros2_4dof_arm/install/moveit_ros_planning/lib/libmoveit_trajectory_execution_manager.so
[2.536s] -- Up-to-date: /home/suwi/ros2_4dof_arm/install/moveit_ros_planning/lib/libmoveit_plan_execution.so.2.5.8
[2.539s] -- Up-to-date: /home/suwi/ros2_4dof_arm/install/moveit_ros_planning/lib/libmoveit_plan_execution.so
[2.541s] -- Up-to-date: /home/suwi/ros2_4dof_arm/install/moveit_ros_planning/lib/libmoveit_planning_scene_monitor.so.2.5.8
[2.544s] -- Up-to-date: /home/suwi/ros2_4dof_arm/install/moveit_ros_planning/lib/libmoveit_planning_scene_monitor.so
[2.546s] -- Up-to-date: /home/suwi/ros2_4dof_arm/install/moveit_ros_planning/lib/libmoveit_collision_plugin_loader.so.2.5.8
[2.549s] -- Up-to-date: /home/suwi/ros2_4dof_arm/install/moveit_ros_planning/lib/libmoveit_collision_plugin_loader.so
[2.551s] -- Up-to-date: /home/suwi/ros2_4dof_arm/install/moveit_ros_planning/lib/libmoveit_default_planning_request_adapter_plugins.so.2.5.8
[2.554s] -- Up-to-date: /home/suwi/ros2_4dof_arm/install/moveit_ros_planning/lib/libmoveit_default_planning_request_adapter_plugins.so
[2.556s] -- Up-to-date: /home/suwi/ros2_4dof_arm/install/moveit_ros_planning/lib/libmoveit_cpp.so.2.5.8
[2.559s] -- Up-to-date: /home/suwi/ros2_4dof_arm/install/moveit_ros_planning/lib/libmoveit_cpp.so
[2.560s] -- Up-to-date: /home/suwi/ros2_4dof_arm/install/moveit_ros_planning/share/moveit_ros_planning/environment/library_path.sh
[2.560s] -- Up-to-date: /home/suwi/ros2_4dof_arm/install/moveit_ros_planning/share/moveit_ros_planning/environment/library_path.dsv
[2.561s] -- Up-to-date: /home/suwi/ros2_4dof_arm/install/moveit_ros_planning/share/moveit_ros_planning/planning_request_adapters_plugin_description.xml
[2.561s] -- Up-to-date: /home/suwi/ros2_4dof_arm/install/moveit_ros_planning/share/ament_index/resource_index/package_run_dependencies/moveit_ros_planning
[2.562s] -- Up-to-date: /home/suwi/ros2_4dof_arm/install/moveit_ros_planning/share/ament_index/resource_index/parent_prefix_path/moveit_ros_planning
[2.562s] -- Up-to-date: /home/suwi/ros2_4dof_arm/install/moveit_ros_planning/share/moveit_ros_planning/environment/ament_prefix_path.sh
[2.563s] -- Up-to-date: /home/suwi/ros2_4dof_arm/install/moveit_ros_planning/share/moveit_ros_planning/environment/ament_prefix_path.dsv
[2.563s] -- Up-to-date: /home/suwi/ros2_4dof_arm/install/moveit_ros_planning/share/moveit_ros_planning/environment/path.sh
[2.563s] -- Up-to-date: /home/suwi/ros2_4dof_arm/install/moveit_ros_planning/share/moveit_ros_planning/environment/path.dsv
[2.564s] -- Up-to-date: /home/suwi/ros2_4dof_arm/install/moveit_ros_planning/share/moveit_ros_planning/local_setup.bash
[2.565s] -- Up-to-date: /home/suwi/ros2_4dof_arm/install/moveit_ros_planning/share/moveit_ros_planning/local_setup.sh
[2.565s] -- Up-to-date: /home/suwi/ros2_4dof_arm/install/moveit_ros_planning/share/moveit_ros_planning/local_setup.zsh
[2.566s] -- Up-to-date: /home/suwi/ros2_4dof_arm/install/moveit_ros_planning/share/moveit_ros_planning/local_setup.dsv
[2.566s] -- Installing: /home/suwi/ros2_4dof_arm/install/moveit_ros_planning/share/moveit_ros_planning/package.dsv
[2.567s] -- Up-to-date: /home/suwi/ros2_4dof_arm/install/moveit_ros_planning/share/ament_index/resource_index/packages/moveit_ros_planning
[2.568s] -- Up-to-date: /home/suwi/ros2_4dof_arm/install/moveit_ros_planning/share/ament_index/resource_index/moveit_core__pluginlib__plugin/moveit_ros_planning
[2.568s] -- Up-to-date: /home/suwi/ros2_4dof_arm/install/moveit_ros_planning/share/moveit_ros_planning/cmake/export_moveit_ros_planningExport.cmake
[2.568s] -- Up-to-date: /home/suwi/ros2_4dof_arm/install/moveit_ros_planning/share/moveit_ros_planning/cmake/export_moveit_ros_planningExport-release.cmake
[2.569s] -- Up-to-date: /home/suwi/ros2_4dof_arm/install/moveit_ros_planning/share/moveit_ros_planning/cmake/ConfigExtras.cmake
[2.569s] -- Up-to-date: /home/suwi/ros2_4dof_arm/install/moveit_ros_planning/share/moveit_ros_planning/cmake/ament_cmake_export_targets-extras.cmake
[2.569s] -- Up-to-date: /home/suwi/ros2_4dof_arm/install/moveit_ros_planning/share/moveit_ros_planning/cmake/ament_cmake_export_dependencies-extras.cmake
[2.570s] -- Up-to-date: /home/suwi/ros2_4dof_arm/install/moveit_ros_planning/share/moveit_ros_planning/cmake/moveit_ros_planningConfig.cmake
[2.572s] -- Up-to-date: /home/suwi/ros2_4dof_arm/install/moveit_ros_planning/share/moveit_ros_planning/cmake/moveit_ros_planningConfig-version.cmake
[2.573s] -- Up-to-date: /home/suwi/ros2_4dof_arm/install/moveit_ros_planning/share/moveit_ros_planning/package.xml
[2.575s] Invoked command in '/home/suwi/ros2_4dof_arm/build/moveit_ros_planning' returned '0': AMENT_PREFIX_PATH=/home/suwi/ros2_4dof_arm/install/moveit_configs_utils:/home/suwi/ros2_4dof_arm/install/pilz_industrial_motion_planner_testutils:/home/suwi/ros2_4dof_arm/install/moveit_runtime:/home/suwi/ros2_4dof_arm/install/moveit:/home/suwi/ros2_4dof_arm/install/moveit_planners:/home/suwi/ros2_4dof_arm/install/pilz_industrial_motion_planner:/home/suwi/ros2_4dof_arm/install/moveit_ros_control_interface:/home/suwi/ros2_4dof_arm/install/moveit_plugins:/home/suwi/ros2_4dof_arm/install/moveit_simple_controller_manager:/home/suwi/ros2_4dof_arm/install/moveit_setup_assistant:/home/suwi/ros2_4dof_arm/install/moveit_setup_srdf_plugins:/home/suwi/ros2_4dof_arm/install/moveit_setup_core_plugins:/home/suwi/ros2_4dof_arm/install/moveit_setup_controllers:/home/suwi/ros2_4dof_arm/install/moveit_setup_app_plugins:/home/suwi/ros2_4dof_arm/install/moveit_setup_framework:/home/suwi/ros2_4dof_arm/install/moveit_servo:/home/suwi/ros2_4dof_arm/install/moveit_ros:/home/suwi/ros2_4dof_arm/install/moveit_ros_visualization:/home/suwi/ros2_4dof_arm/install/moveit_hybrid_planning:/home/suwi/ros2_4dof_arm/install/moveit_ros_planning_interface:/home/suwi/ros2_4dof_arm/install/moveit_ros_benchmarks:/home/suwi/ros2_4dof_arm/install/moveit_ros_warehouse:/home/suwi/ros2_4dof_arm/install/moveit_ros_robot_interaction:/home/suwi/ros2_4dof_arm/install/moveit_ros_perception:/home/suwi/ros2_4dof_arm/install/moveit_resources_prbt_pg70_support:/home/suwi/ros2_4dof_arm/install/moveit_resources_prbt_moveit_config:/home/suwi/ros2_4dof_arm/install/moveit_ros_move_group:/home/suwi/ros2_4dof_arm/install/moveit_planners_ompl:/home/suwi/ros2_4dof_arm/install/moveit_ros_planning:/home/suwi/ros2_4dof_arm/install/moveit_ros_occupancy_map_monitor:/home/suwi/ros2_4dof_arm/install/moveit_resources_prbt_ikfast_manipulator_plugin:/home/suwi/ros2_4dof_arm/install/moveit_planners_chomp:/home/suwi/ros2_4dof_arm/install/moveit_kinematics:/home/suwi/ros2_4dof_arm/install/moveit_chomp_optimizer_adapter:/home/suwi/ros2_4dof_arm/install/chomp_motion_planner:/home/suwi/ros2_4dof_arm/install/moveit_core:/home/suwi/ros2_4dof_arm/install/moveit_msgs:/home/suwi/ros2_4dof_arm/install/moveit_resources_prbt_support:/home/suwi/ros2_4dof_arm/install/moveit_resources:/home/suwi/ros2_4dof_arm/install/moveit_resources_pr2_description:/home/suwi/ros2_4dof_arm/install/moveit_resources_panda_moveit_config:/home/suwi/ros2_4dof_arm/install/moveit_resources_panda_description:/home/suwi/ros2_4dof_arm/install/moveit_resources_fanuc_moveit_config:/home/suwi/ros2_4dof_arm/install/moveit_resources_fanuc_description:/home/suwi/ros2_4dof_arm/install/moveit_common:/home/suwi/ros2_4dof_arm/install/four_dof_arm:/home/suwi/ros2_4dof_arm/install/dobot_description:/home/suwi/ros2_4dof_arm/src/four_dof_arm/install/four_dof_arm:/home/suwi/ros2_ws_prac/install/pub_sub:/home/suwi/ros2_ws_prac/install/my_robot_control:/opt/ros/humble CMAKE_PREFIX_PATH=/home/suwi/ros2_4dof_arm/install/moveit_ros_occupancy_map_monitor:/home/suwi/ros2_4dof_arm/install/moveit_core:/home/suwi/ros2_4dof_arm/install/moveit_resources_panda_moveit_config:/home/suwi/ros2_4dof_arm/install/moveit_resources_pr2_description:/home/suwi/ros2_4dof_arm/install/moveit_resources_panda_description:/home/suwi/ros2_4dof_arm/install/moveit_msgs:/home/suwi/ros2_4dof_arm/install/moveit_common:/home/suwi/ros2_4dof_arm/install/pilz_industrial_motion_planner_testutils:/home/suwi/ros2_4dof_arm/install/moveit_runtime:/home/suwi/ros2_4dof_arm/install/moveit:/home/suwi/ros2_4dof_arm/install/moveit_planners:/home/suwi/ros2_4dof_arm/install/pilz_industrial_motion_planner:/home/suwi/ros2_4dof_arm/install/moveit_ros_control_interface:/home/suwi/ros2_4dof_arm/install/moveit_plugins:/home/suwi/ros2_4dof_arm/install/moveit_simple_controller_manager:/home/suwi/ros2_4dof_arm/install/moveit_setup_assistant:/home/suwi/ros2_4dof_arm/install/moveit_setup_srdf_plugins:/home/suwi/ros2_4dof_arm/install/moveit_setup_core_plugins:/home/suwi/ros2_4dof_arm/install/moveit_setup_controllers:/home/suwi/ros2_4dof_arm/install/moveit_setup_app_plugins:/home/suwi/ros2_4dof_arm/install/moveit_setup_framework:/home/suwi/ros2_4dof_arm/install/moveit_servo:/home/suwi/ros2_4dof_arm/install/moveit_ros:/home/suwi/ros2_4dof_arm/install/moveit_ros_visualization:/home/suwi/ros2_4dof_arm/install/moveit_hybrid_planning:/home/suwi/ros2_4dof_arm/install/moveit_ros_planning_interface:/home/suwi/ros2_4dof_arm/install/moveit_ros_benchmarks:/home/suwi/ros2_4dof_arm/install/moveit_ros_warehouse:/home/suwi/ros2_4dof_arm/install/moveit_ros_robot_interaction:/home/suwi/ros2_4dof_arm/install/moveit_ros_perception:/home/suwi/ros2_4dof_arm/install/moveit_resources_prbt_pg70_support:/home/suwi/ros2_4dof_arm/install/moveit_resources_prbt_moveit_config:/home/suwi/ros2_4dof_arm/install/moveit_ros_move_group:/home/suwi/ros2_4dof_arm/install/moveit_planners_ompl:/home/suwi/ros2_4dof_arm/install/moveit_ros_planning:/home/suwi/ros2_4dof_arm/install/moveit_resources_prbt_ikfast_manipulator_plugin:/home/suwi/ros2_4dof_arm/install/moveit_planners_chomp:/home/suwi/ros2_4dof_arm/install/moveit_kinematics:/home/suwi/ros2_4dof_arm/install/moveit_chomp_optimizer_adapter:/home/suwi/ros2_4dof_arm/install/chomp_motion_planner:/home/suwi/ros2_4dof_arm/install/moveit_resources_prbt_support:/home/suwi/ros2_4dof_arm/install/moveit_resources:/home/suwi/ros2_4dof_arm/install/moveit_resources_fanuc_moveit_config:/home/suwi/ros2_4dof_arm/install/moveit_resources_fanuc_description:/home/suwi/ros2_4dof_arm/install/four_dof_arm:/home/suwi/ros2_4dof_arm/install/dobot_description:/home/suwi/ros2_4dof_arm/src/four_dof_arm/install/four_dof_arm:/home/suwi/ros2_ws_prac/install/my_robot_control:/home/suwi/ros2_4dof_arm/install/moveit_configs_utils:/home/suwi/ros2_ws_prac/install/pub_sub:/opt/ros/humble LD_LIBRARY_PATH=/home/suwi/ros2_4dof_arm/install/moveit_ros_occupancy_map_monitor/lib:/home/suwi/ros2_4dof_arm/install/moveit_core/lib:/home/suwi/ros2_4dof_arm/install/moveit_msgs/lib:/home/suwi/ros2_4dof_arm/install/pilz_industrial_motion_planner_testutils/lib:/home/suwi/ros2_4dof_arm/install/pilz_industrial_motion_planner/lib:/home/suwi/ros2_4dof_arm/install/moveit_ros_control_interface/lib:/home/suwi/ros2_4dof_arm/install/moveit_simple_controller_manager/lib:/home/suwi/ros2_4dof_arm/install/moveit_setup_assistant/lib:/home/suwi/ros2_4dof_arm/install/moveit_setup_srdf_plugins/lib:/home/suwi/ros2_4dof_arm/install/moveit_setup_core_plugins/lib:/home/suwi/ros2_4dof_arm/install/moveit_setup_controllers/lib:/home/suwi/ros2_4dof_arm/install/moveit_setup_app_plugins/lib:/home/suwi/ros2_4dof_arm/install/moveit_setup_framework/lib:/home/suwi/ros2_4dof_arm/install/moveit_servo/lib:/home/suwi/ros2_4dof_arm/install/moveit_ros_visualization/lib:/home/suwi/ros2_4dof_arm/install/moveit_hybrid_planning/lib:/home/suwi/ros2_4dof_arm/install/moveit_ros_planning_interface/lib:/home/suwi/ros2_4dof_arm/install/moveit_ros_benchmarks/lib:/home/suwi/ros2_4dof_arm/install/moveit_ros_warehouse/lib:/home/suwi/ros2_4dof_arm/install/moveit_ros_robot_interaction/lib:/home/suwi/ros2_4dof_arm/install/moveit_ros_perception/lib:/home/suwi/ros2_4dof_arm/install/moveit_ros_move_group/lib:/home/suwi/ros2_4dof_arm/install/moveit_planners_ompl/lib:/home/suwi/ros2_4dof_arm/install/moveit_ros_planning/lib:/home/suwi/ros2_4dof_arm/install/moveit_resources_prbt_ikfast_manipulator_plugin/lib:/home/suwi/ros2_4dof_arm/install/moveit_planners_chomp/lib:/home/suwi/ros2_4dof_arm/install/moveit_kinematics/lib:/home/suwi/ros2_4dof_arm/install/moveit_chomp_optimizer_adapter/lib:/home/suwi/ros2_4dof_arm/install/chomp_motion_planner/lib:/opt/ros/humble/opt/rviz_ogre_vendor/lib:/opt/ros/humble/lib/x86_64-linux-gnu:/opt/ros/humble/lib PYTHONPATH=/home/suwi/ros2_4dof_arm/install/moveit_configs_utils/lib/python3.10/site-packages:/home/suwi/ros2_4dof_arm/install/moveit_msgs/local/lib/python3.10/dist-packages:/home/suwi/ros2_ws_prac/build/pub_sub:/home/suwi/ros2_ws_prac/install/pub_sub/lib/python3.10/site-packages:/opt/ros/humble/lib/python3.10/site-packages:/opt/ros/humble/local/lib/python3.10/dist-packages /usr/bin/cmake --install /home/suwi/ros2_4dof_arm/build/moveit_ros_planning
