[0.080s] Invoking command in '/home/suwi/ros2_4dof_arm/build/moveit_resources_pr2_description': CMAKE_PREFIX_PATH=${CMAKE_PREFIX_PATH}:/home/suwi/ros2_4dof_arm/install/moveit_configs_utils:/home/suwi/ros2_ws_prac/install/pub_sub /usr/bin/cmake --build /home/suwi/ros2_4dof_arm/build/moveit_resources_pr2_description -- -j8 -l8
[0.397s] Invoked command in '/home/suwi/ros2_4dof_arm/build/moveit_resources_pr2_description' returned '0': CMAKE_PREFIX_PATH=${CMAKE_PREFIX_PATH}:/home/suwi/ros2_4dof_arm/install/moveit_configs_utils:/home/suwi/ros2_ws_prac/install/pub_sub /usr/bin/cmake --build /home/suwi/ros2_4dof_arm/build/moveit_resources_pr2_description -- -j8 -l8
[0.408s] Invoking command in '/home/suwi/ros2_4dof_arm/build/moveit_resources_pr2_description': CMAKE_PREFIX_PATH=${CMAKE_PREFIX_PATH}:/home/suwi/ros2_4dof_arm/install/moveit_configs_utils:/home/suwi/ros2_ws_prac/install/pub_sub /usr/bin/cmake --install /home/suwi/ros2_4dof_arm/build/moveit_resources_pr2_description
[0.469s] -- Install configuration: ""
[0.471s] -- Execute custom install script
[0.472s] -- Up-to-date symlink: /home/suwi/ros2_4dof_arm/install/moveit_resources_pr2_description/share/ament_index/resource_index/package_run_dependencies/moveit_resources_pr2_description
[0.474s] -- Up-to-date symlink: /home/suwi/ros2_4dof_arm/install/moveit_resources_pr2_description/share/ament_index/resource_index/parent_prefix_path/moveit_resources_pr2_description
[0.475s] -- Up-to-date symlink: /home/suwi/ros2_4dof_arm/install/moveit_resources_pr2_description/share/moveit_resources_pr2_description/environment/ament_prefix_path.sh
[0.476s] -- Up-to-date symlink: /home/suwi/ros2_4dof_arm/install/moveit_resources_pr2_description/share/moveit_resources_pr2_description/environment/ament_prefix_path.dsv
[0.477s] -- Up-to-date symlink: /home/suwi/ros2_4dof_arm/install/moveit_resources_pr2_description/share/moveit_resources_pr2_description/environment/path.sh
[0.477s] -- Up-to-date symlink: /home/suwi/ros2_4dof_arm/install/moveit_resources_pr2_description/share/moveit_resources_pr2_description/environment/path.dsv
[0.479s] -- Up-to-date symlink: /home/suwi/ros2_4dof_arm/install/moveit_resources_pr2_description/share/moveit_resources_pr2_description/local_setup.bash
[0.479s] -- Up-to-date symlink: /home/suwi/ros2_4dof_arm/install/moveit_resources_pr2_description/share/moveit_resources_pr2_description/local_setup.sh
[0.481s] -- Up-to-date symlink: /home/suwi/ros2_4dof_arm/install/moveit_resources_pr2_description/share/moveit_resources_pr2_description/local_setup.zsh
[0.482s] -- Up-to-date symlink: /home/suwi/ros2_4dof_arm/install/moveit_resources_pr2_description/share/moveit_resources_pr2_description/local_setup.dsv
[0.482s] -- Symlinking: /home/suwi/ros2_4dof_arm/install/moveit_resources_pr2_description/share/moveit_resources_pr2_description/package.dsv
[0.552s] -- Up-to-date symlink: /home/suwi/ros2_4dof_arm/install/moveit_resources_pr2_description/share/ament_index/resource_index/packages/moveit_resources_pr2_description
[0.554s] -- Up-to-date symlink: /home/suwi/ros2_4dof_arm/install/moveit_resources_pr2_description/share/moveit_resources_pr2_description/cmake/moveit_resources_pr2_descriptionConfig.cmake
[0.556s] -- Up-to-date symlink: /home/suwi/ros2_4dof_arm/install/moveit_resources_pr2_description/share/moveit_resources_pr2_description/cmake/moveit_resources_pr2_descriptionConfig-version.cmake
[0.557s] -- Up-to-date symlink: /home/suwi/ros2_4dof_arm/install/moveit_resources_pr2_description/share/moveit_resources_pr2_description/package.xml
[0.561s] -- Up-to-date symlink: /home/suwi/ros2_4dof_arm/install/moveit_resources_pr2_description/share/moveit_resources_pr2_description/srdf/robot.xml
[0.613s] -- Up-to-date symlink: /home/suwi/ros2_4dof_arm/install/moveit_resources_pr2_description/share/moveit_resources_pr2_description/urdf/materials/textures/pr2_caster_texture.png
[0.614s] -- Up-to-date symlink: /home/suwi/ros2_4dof_arm/install/moveit_resources_pr2_description/share/moveit_resources_pr2_description/urdf/materials/textures/pr2_wheel_left.png
[0.616s] -- Up-to-date symlink: /home/suwi/ros2_4dof_arm/install/moveit_resources_pr2_description/share/moveit_resources_pr2_description/urdf/materials/textures/pr2_wheel_right.png
[0.619s] -- Up-to-date symlink: /home/suwi/ros2_4dof_arm/install/moveit_resources_pr2_description/share/moveit_resources_pr2_description/urdf/meshes/base_v0/base.dae
[0.620s] -- Up-to-date symlink: /home/suwi/ros2_4dof_arm/install/moveit_resources_pr2_description/share/moveit_resources_pr2_description/urdf/meshes/base_v0/base.stl
[0.622s] -- Up-to-date symlink: /home/suwi/ros2_4dof_arm/install/moveit_resources_pr2_description/share/moveit_resources_pr2_description/urdf/meshes/base_v0/base_L.stl
[0.624s] -- Up-to-date symlink: /home/suwi/ros2_4dof_arm/install/moveit_resources_pr2_description/share/moveit_resources_pr2_description/urdf/meshes/base_v0/base_color.tif
[0.625s] -- Up-to-date symlink: /home/suwi/ros2_4dof_arm/install/moveit_resources_pr2_description/share/moveit_resources_pr2_description/urdf/meshes/base_v0/base_normals.tif
[0.627s] -- Up-to-date symlink: /home/suwi/ros2_4dof_arm/install/moveit_resources_pr2_description/share/moveit_resources_pr2_description/urdf/meshes/base_v0/caster.stl
[0.628s] -- Up-to-date symlink: /home/suwi/ros2_4dof_arm/install/moveit_resources_pr2_description/share/moveit_resources_pr2_description/urdf/meshes/base_v0/caster_L.stl
[0.630s] -- Up-to-date symlink: /home/suwi/ros2_4dof_arm/install/moveit_resources_pr2_description/share/moveit_resources_pr2_description/urdf/meshes/base_v0/convex/base.dae
[0.632s] -- Up-to-date symlink: /home/suwi/ros2_4dof_arm/install/moveit_resources_pr2_description/share/moveit_resources_pr2_description/urdf/meshes/base_v0/convex/base.xml
[0.634s] -- Up-to-date symlink: /home/suwi/ros2_4dof_arm/install/moveit_resources_pr2_description/share/moveit_resources_pr2_description/urdf/meshes/base_v0/convex/base_L.dae
[0.636s] -- Up-to-date symlink: /home/suwi/ros2_4dof_arm/install/moveit_resources_pr2_description/share/moveit_resources_pr2_description/urdf/meshes/base_v0/convex/base_L.xml
[0.637s] -- Up-to-date symlink: /home/suwi/ros2_4dof_arm/install/moveit_resources_pr2_description/share/moveit_resources_pr2_description/urdf/meshes/base_v0/convex/base_L_convex.stla
[0.639s] -- Up-to-date symlink: /home/suwi/ros2_4dof_arm/install/moveit_resources_pr2_description/share/moveit_resources_pr2_description/urdf/meshes/base_v0/convex/base_L_convex.stlb
[0.641s] -- Up-to-date symlink: /home/suwi/ros2_4dof_arm/install/moveit_resources_pr2_description/share/moveit_resources_pr2_description/urdf/meshes/base_v0/convex/base_convex.stla
[0.643s] -- Up-to-date symlink: /home/suwi/ros2_4dof_arm/install/moveit_resources_pr2_description/share/moveit_resources_pr2_description/urdf/meshes/base_v0/convex/base_convex.stlb
[0.644s] -- Up-to-date symlink: /home/suwi/ros2_4dof_arm/install/moveit_resources_pr2_description/share/moveit_resources_pr2_description/urdf/meshes/base_v0/convex/caster.dae
[0.646s] -- Up-to-date symlink: /home/suwi/ros2_4dof_arm/install/moveit_resources_pr2_description/share/moveit_resources_pr2_description/urdf/meshes/base_v0/convex/caster.xml
[0.648s] -- Up-to-date symlink: /home/suwi/ros2_4dof_arm/install/moveit_resources_pr2_description/share/moveit_resources_pr2_description/urdf/meshes/base_v0/convex/caster_L.dae
[0.649s] -- Up-to-date symlink: /home/suwi/ros2_4dof_arm/install/moveit_resources_pr2_description/share/moveit_resources_pr2_description/urdf/meshes/base_v0/convex/caster_L.xml
[0.651s] -- Up-to-date symlink: /home/suwi/ros2_4dof_arm/install/moveit_resources_pr2_description/share/moveit_resources_pr2_description/urdf/meshes/base_v0/convex/caster_L_convex.stla
[0.653s] -- Up-to-date symlink: /home/suwi/ros2_4dof_arm/install/moveit_resources_pr2_description/share/moveit_resources_pr2_description/urdf/meshes/base_v0/convex/caster_L_convex.stlb
[0.655s] -- Up-to-date symlink: /home/suwi/ros2_4dof_arm/install/moveit_resources_pr2_description/share/moveit_resources_pr2_description/urdf/meshes/base_v0/convex/caster_convex.stla
[0.657s] -- Up-to-date symlink: /home/suwi/ros2_4dof_arm/install/moveit_resources_pr2_description/share/moveit_resources_pr2_description/urdf/meshes/base_v0/convex/caster_convex.stlb
[0.658s] -- Up-to-date symlink: /home/suwi/ros2_4dof_arm/install/moveit_resources_pr2_description/share/moveit_resources_pr2_description/urdf/meshes/base_v0/convex/pr2_wheel.dae
[0.660s] -- Up-to-date symlink: /home/suwi/ros2_4dof_arm/install/moveit_resources_pr2_description/share/moveit_resources_pr2_description/urdf/meshes/base_v0/convex/pr2_wheel.xml
[0.661s] -- Up-to-date symlink: /home/suwi/ros2_4dof_arm/install/moveit_resources_pr2_description/share/moveit_resources_pr2_description/urdf/meshes/base_v0/convex/pr2_wheel_convex.stla
[0.663s] -- Up-to-date symlink: /home/suwi/ros2_4dof_arm/install/moveit_resources_pr2_description/share/moveit_resources_pr2_description/urdf/meshes/base_v0/convex/pr2_wheel_convex.stlb
[0.664s] -- Up-to-date symlink: /home/suwi/ros2_4dof_arm/install/moveit_resources_pr2_description/share/moveit_resources_pr2_description/urdf/meshes/base_v0/convex/wheel.dae
[0.668s] -- Up-to-date symlink: /home/suwi/ros2_4dof_arm/install/moveit_resources_pr2_description/share/moveit_resources_pr2_description/urdf/meshes/base_v0/convex/wheel.xml
[0.670s] -- Up-to-date symlink: /home/suwi/ros2_4dof_arm/install/moveit_resources_pr2_description/share/moveit_resources_pr2_description/urdf/meshes/base_v0/convex/wheel_convex.stla
[0.671s] -- Up-to-date symlink: /home/suwi/ros2_4dof_arm/install/moveit_resources_pr2_description/share/moveit_resources_pr2_description/urdf/meshes/base_v0/convex/wheel_convex.stlb
[0.673s] -- Up-to-date symlink: /home/suwi/ros2_4dof_arm/install/moveit_resources_pr2_description/share/moveit_resources_pr2_description/urdf/meshes/base_v0/pr2_wheel.stl
[0.675s] -- Up-to-date symlink: /home/suwi/ros2_4dof_arm/install/moveit_resources_pr2_description/share/moveit_resources_pr2_description/urdf/meshes/base_v0/wheel.dae
[0.676s] -- Up-to-date symlink: /home/suwi/ros2_4dof_arm/install/moveit_resources_pr2_description/share/moveit_resources_pr2_description/urdf/meshes/base_v0/wheel.stl
[0.678s] -- Up-to-date symlink: /home/suwi/ros2_4dof_arm/install/moveit_resources_pr2_description/share/moveit_resources_pr2_description/urdf/meshes/base_v0/wheel_color.tif
[0.680s] -- Up-to-date symlink: /home/suwi/ros2_4dof_arm/install/moveit_resources_pr2_description/share/moveit_resources_pr2_description/urdf/meshes/base_v0/wheel_h.dae
[0.682s] -- Up-to-date symlink: /home/suwi/ros2_4dof_arm/install/moveit_resources_pr2_description/share/moveit_resources_pr2_description/urdf/meshes/base_v0/wheel_h_color.tif
[0.684s] -- Up-to-date symlink: /home/suwi/ros2_4dof_arm/install/moveit_resources_pr2_description/share/moveit_resources_pr2_description/urdf/meshes/base_v0/wheel_normals.tif
[0.687s] -- Up-to-date symlink: /home/suwi/ros2_4dof_arm/install/moveit_resources_pr2_description/share/moveit_resources_pr2_description/urdf/meshes/forearm_v0/convex/forearm.dae
[0.688s] -- Up-to-date symlink: /home/suwi/ros2_4dof_arm/install/moveit_resources_pr2_description/share/moveit_resources_pr2_description/urdf/meshes/forearm_v0/convex/forearm.xml
[0.690s] -- Up-to-date symlink: /home/suwi/ros2_4dof_arm/install/moveit_resources_pr2_description/share/moveit_resources_pr2_description/urdf/meshes/forearm_v0/convex/forearm_convex.stla
[0.692s] -- Up-to-date symlink: /home/suwi/ros2_4dof_arm/install/moveit_resources_pr2_description/share/moveit_resources_pr2_description/urdf/meshes/forearm_v0/convex/forearm_convex.stlb
[0.693s] -- Up-to-date symlink: /home/suwi/ros2_4dof_arm/install/moveit_resources_pr2_description/share/moveit_resources_pr2_description/urdf/meshes/forearm_v0/convex/wrist_flex.dae
[0.695s] -- Up-to-date symlink: /home/suwi/ros2_4dof_arm/install/moveit_resources_pr2_description/share/moveit_resources_pr2_description/urdf/meshes/forearm_v0/convex/wrist_flex.xml
[0.697s] -- Up-to-date symlink: /home/suwi/ros2_4dof_arm/install/moveit_resources_pr2_description/share/moveit_resources_pr2_description/urdf/meshes/forearm_v0/convex/wrist_flex_convex.stla
[0.698s] -- Up-to-date symlink: /home/suwi/ros2_4dof_arm/install/moveit_resources_pr2_description/share/moveit_resources_pr2_description/urdf/meshes/forearm_v0/convex/wrist_flex_convex.stlb
[0.700s] -- Up-to-date symlink: /home/suwi/ros2_4dof_arm/install/moveit_resources_pr2_description/share/moveit_resources_pr2_description/urdf/meshes/forearm_v0/convex/wrist_roll.dae
[0.702s] -- Up-to-date symlink: /home/suwi/ros2_4dof_arm/install/moveit_resources_pr2_description/share/moveit_resources_pr2_description/urdf/meshes/forearm_v0/convex/wrist_roll.xml
[0.704s] -- Up-to-date symlink: /home/suwi/ros2_4dof_arm/install/moveit_resources_pr2_description/share/moveit_resources_pr2_description/urdf/meshes/forearm_v0/convex/wrist_roll_L.dae
[0.706s] -- Up-to-date symlink: /home/suwi/ros2_4dof_arm/install/moveit_resources_pr2_description/share/moveit_resources_pr2_description/urdf/meshes/forearm_v0/convex/wrist_roll_L.xml
[0.708s] -- Up-to-date symlink: /home/suwi/ros2_4dof_arm/install/moveit_resources_pr2_description/share/moveit_resources_pr2_description/urdf/meshes/forearm_v0/convex/wrist_roll_L_convex.stla
[0.710s] -- Up-to-date symlink: /home/suwi/ros2_4dof_arm/install/moveit_resources_pr2_description/share/moveit_resources_pr2_description/urdf/meshes/forearm_v0/convex/wrist_roll_L_convex.stlb
[0.711s] -- Up-to-date symlink: /home/suwi/ros2_4dof_arm/install/moveit_resources_pr2_description/share/moveit_resources_pr2_description/urdf/meshes/forearm_v0/convex/wrist_roll_convex.stla
[0.713s] -- Up-to-date symlink: /home/suwi/ros2_4dof_arm/install/moveit_resources_pr2_description/share/moveit_resources_pr2_description/urdf/meshes/forearm_v0/convex/wrist_roll_convex.stlb
[0.715s] -- Up-to-date symlink: /home/suwi/ros2_4dof_arm/install/moveit_resources_pr2_description/share/moveit_resources_pr2_description/urdf/meshes/forearm_v0/forearm.dae
[0.716s] -- Up-to-date symlink: /home/suwi/ros2_4dof_arm/install/moveit_resources_pr2_description/share/moveit_resources_pr2_description/urdf/meshes/forearm_v0/forearm.jpg
[0.718s] -- Up-to-date symlink: /home/suwi/ros2_4dof_arm/install/moveit_resources_pr2_description/share/moveit_resources_pr2_description/urdf/meshes/forearm_v0/forearm.stl
[0.720s] -- Up-to-date symlink: /home/suwi/ros2_4dof_arm/install/moveit_resources_pr2_description/share/moveit_resources_pr2_description/urdf/meshes/forearm_v0/forearm_color.tif
[0.722s] -- Up-to-date symlink: /home/suwi/ros2_4dof_arm/install/moveit_resources_pr2_description/share/moveit_resources_pr2_description/urdf/meshes/forearm_v0/forearm_normals.tif
[0.724s] -- Up-to-date symlink: /home/suwi/ros2_4dof_arm/install/moveit_resources_pr2_description/share/moveit_resources_pr2_description/urdf/meshes/forearm_v0/wrist_color.tif
[0.725s] -- Up-to-date symlink: /home/suwi/ros2_4dof_arm/install/moveit_resources_pr2_description/share/moveit_resources_pr2_description/urdf/meshes/forearm_v0/wrist_flex.dae
[0.727s] -- Up-to-date symlink: /home/suwi/ros2_4dof_arm/install/moveit_resources_pr2_description/share/moveit_resources_pr2_description/urdf/meshes/forearm_v0/wrist_flex.stl
[0.729s] -- Up-to-date symlink: /home/suwi/ros2_4dof_arm/install/moveit_resources_pr2_description/share/moveit_resources_pr2_description/urdf/meshes/forearm_v0/wrist_normals.tif
[0.730s] -- Up-to-date symlink: /home/suwi/ros2_4dof_arm/install/moveit_resources_pr2_description/share/moveit_resources_pr2_description/urdf/meshes/forearm_v0/wrist_roll.stl
[0.732s] -- Up-to-date symlink: /home/suwi/ros2_4dof_arm/install/moveit_resources_pr2_description/share/moveit_resources_pr2_description/urdf/meshes/forearm_v0/wrist_roll_L.stl
[0.735s] -- Up-to-date symlink: /home/suwi/ros2_4dof_arm/install/moveit_resources_pr2_description/share/moveit_resources_pr2_description/urdf/meshes/gripper_v0/convex/finger_tip_l.dae
[0.737s] -- Up-to-date symlink: /home/suwi/ros2_4dof_arm/install/moveit_resources_pr2_description/share/moveit_resources_pr2_description/urdf/meshes/gripper_v0/convex/finger_tip_l.xml
[0.738s] -- Up-to-date symlink: /home/suwi/ros2_4dof_arm/install/moveit_resources_pr2_description/share/moveit_resources_pr2_description/urdf/meshes/gripper_v0/convex/finger_tip_l_convex.stla
[0.740s] -- Up-to-date symlink: /home/suwi/ros2_4dof_arm/install/moveit_resources_pr2_description/share/moveit_resources_pr2_description/urdf/meshes/gripper_v0/convex/finger_tip_l_convex.stlb
[0.742s] -- Up-to-date symlink: /home/suwi/ros2_4dof_arm/install/moveit_resources_pr2_description/share/moveit_resources_pr2_description/urdf/meshes/gripper_v0/convex/finger_tip_pad2_l.dae
[0.744s] -- Up-to-date symlink: /home/suwi/ros2_4dof_arm/install/moveit_resources_pr2_description/share/moveit_resources_pr2_description/urdf/meshes/gripper_v0/convex/finger_tip_pad2_l.xml
[0.745s] -- Up-to-date symlink: /home/suwi/ros2_4dof_arm/install/moveit_resources_pr2_description/share/moveit_resources_pr2_description/urdf/meshes/gripper_v0/convex/finger_tip_pad2_l_convex.stla
[0.747s] -- Up-to-date symlink: /home/suwi/ros2_4dof_arm/install/moveit_resources_pr2_description/share/moveit_resources_pr2_description/urdf/meshes/gripper_v0/convex/finger_tip_pad2_l_convex.stlb
[0.749s] -- Up-to-date symlink: /home/suwi/ros2_4dof_arm/install/moveit_resources_pr2_description/share/moveit_resources_pr2_description/urdf/meshes/gripper_v0/convex/finger_tip_pad2_r.dae
[0.750s] -- Up-to-date symlink: /home/suwi/ros2_4dof_arm/install/moveit_resources_pr2_description/share/moveit_resources_pr2_description/urdf/meshes/gripper_v0/convex/finger_tip_pad2_r.xml
[0.752s] -- Up-to-date symlink: /home/suwi/ros2_4dof_arm/install/moveit_resources_pr2_description/share/moveit_resources_pr2_description/urdf/meshes/gripper_v0/convex/finger_tip_pad2_r_convex.stla
[0.753s] -- Up-to-date symlink: /home/suwi/ros2_4dof_arm/install/moveit_resources_pr2_description/share/moveit_resources_pr2_description/urdf/meshes/gripper_v0/convex/finger_tip_pad2_r_convex.stlb
[0.755s] -- Up-to-date symlink: /home/suwi/ros2_4dof_arm/install/moveit_resources_pr2_description/share/moveit_resources_pr2_description/urdf/meshes/gripper_v0/convex/finger_tip_r.dae
[0.757s] -- Up-to-date symlink: /home/suwi/ros2_4dof_arm/install/moveit_resources_pr2_description/share/moveit_resources_pr2_description/urdf/meshes/gripper_v0/convex/finger_tip_r.xml
[0.759s] -- Up-to-date symlink: /home/suwi/ros2_4dof_arm/install/moveit_resources_pr2_description/share/moveit_resources_pr2_description/urdf/meshes/gripper_v0/convex/finger_tip_r_convex.stla
[0.761s] -- Up-to-date symlink: /home/suwi/ros2_4dof_arm/install/moveit_resources_pr2_description/share/moveit_resources_pr2_description/urdf/meshes/gripper_v0/convex/finger_tip_r_convex.stlb
[0.763s] -- Up-to-date symlink: /home/suwi/ros2_4dof_arm/install/moveit_resources_pr2_description/share/moveit_resources_pr2_description/urdf/meshes/gripper_v0/convex/gripper_palm.dae
[0.764s] -- Up-to-date symlink: /home/suwi/ros2_4dof_arm/install/moveit_resources_pr2_description/share/moveit_resources_pr2_description/urdf/meshes/gripper_v0/convex/gripper_palm.xml
[0.766s] -- Up-to-date symlink: /home/suwi/ros2_4dof_arm/install/moveit_resources_pr2_description/share/moveit_resources_pr2_description/urdf/meshes/gripper_v0/convex/gripper_palm_convex.stla
[0.768s] -- Up-to-date symlink: /home/suwi/ros2_4dof_arm/install/moveit_resources_pr2_description/share/moveit_resources_pr2_description/urdf/meshes/gripper_v0/convex/gripper_palm_convex.stlb
[0.769s] -- Up-to-date symlink: /home/suwi/ros2_4dof_arm/install/moveit_resources_pr2_description/share/moveit_resources_pr2_description/urdf/meshes/gripper_v0/convex/l_finger.dae
[0.771s] -- Up-to-date symlink: /home/suwi/ros2_4dof_arm/install/moveit_resources_pr2_description/share/moveit_resources_pr2_description/urdf/meshes/gripper_v0/convex/l_finger.xml
[0.773s] -- Up-to-date symlink: /home/suwi/ros2_4dof_arm/install/moveit_resources_pr2_description/share/moveit_resources_pr2_description/urdf/meshes/gripper_v0/convex/l_finger_convex.stla
[0.775s] -- Up-to-date symlink: /home/suwi/ros2_4dof_arm/install/moveit_resources_pr2_description/share/moveit_resources_pr2_description/urdf/meshes/gripper_v0/convex/l_finger_convex.stlb
[0.776s] -- Up-to-date symlink: /home/suwi/ros2_4dof_arm/install/moveit_resources_pr2_description/share/moveit_resources_pr2_description/urdf/meshes/gripper_v0/convex/l_finger_tip.dae
[0.778s] -- Up-to-date symlink: /home/suwi/ros2_4dof_arm/install/moveit_resources_pr2_description/share/moveit_resources_pr2_description/urdf/meshes/gripper_v0/convex/l_finger_tip.xml
[0.781s] -- Up-to-date symlink: /home/suwi/ros2_4dof_arm/install/moveit_resources_pr2_description/share/moveit_resources_pr2_description/urdf/meshes/gripper_v0/convex/l_finger_tip_convex.stla
[0.784s] -- Up-to-date symlink: /home/suwi/ros2_4dof_arm/install/moveit_resources_pr2_description/share/moveit_resources_pr2_description/urdf/meshes/gripper_v0/convex/l_finger_tip_convex.stlb
[0.784s] -- Up-to-date symlink: /home/suwi/ros2_4dof_arm/install/moveit_resources_pr2_description/share/moveit_resources_pr2_description/urdf/meshes/gripper_v0/convex/l_floating.dae
[0.786s] -- Up-to-date symlink: /home/suwi/ros2_4dof_arm/install/moveit_resources_pr2_description/share/moveit_resources_pr2_description/urdf/meshes/gripper_v0/convex/l_floating.xml
[0.788s] -- Up-to-date symlink: /home/suwi/ros2_4dof_arm/install/moveit_resources_pr2_description/share/moveit_resources_pr2_description/urdf/meshes/gripper_v0/convex/l_floating_convex.stla
[0.789s] -- Up-to-date symlink: /home/suwi/ros2_4dof_arm/install/moveit_resources_pr2_description/share/moveit_resources_pr2_description/urdf/meshes/gripper_v0/convex/l_floating_convex.stlb
[0.791s] -- Up-to-date symlink: /home/suwi/ros2_4dof_arm/install/moveit_resources_pr2_description/share/moveit_resources_pr2_description/urdf/meshes/gripper_v0/convex/upper_finger_l.dae
[0.792s] -- Up-to-date symlink: /home/suwi/ros2_4dof_arm/install/moveit_resources_pr2_description/share/moveit_resources_pr2_description/urdf/meshes/gripper_v0/convex/upper_finger_l.xml
[0.794s] -- Up-to-date symlink: /home/suwi/ros2_4dof_arm/install/moveit_resources_pr2_description/share/moveit_resources_pr2_description/urdf/meshes/gripper_v0/convex/upper_finger_l_convex.stla
[0.796s] -- Up-to-date symlink: /home/suwi/ros2_4dof_arm/install/moveit_resources_pr2_description/share/moveit_resources_pr2_description/urdf/meshes/gripper_v0/convex/upper_finger_l_convex.stlb
[0.798s] -- Up-to-date symlink: /home/suwi/ros2_4dof_arm/install/moveit_resources_pr2_description/share/moveit_resources_pr2_description/urdf/meshes/gripper_v0/convex/upper_finger_r.dae
[0.800s] -- Up-to-date symlink: /home/suwi/ros2_4dof_arm/install/moveit_resources_pr2_description/share/moveit_resources_pr2_description/urdf/meshes/gripper_v0/convex/upper_finger_r.xml
[0.802s] -- Up-to-date symlink: /home/suwi/ros2_4dof_arm/install/moveit_resources_pr2_description/share/moveit_resources_pr2_description/urdf/meshes/gripper_v0/convex/upper_finger_r_convex.stla
[0.804s] -- Up-to-date symlink: /home/suwi/ros2_4dof_arm/install/moveit_resources_pr2_description/share/moveit_resources_pr2_description/urdf/meshes/gripper_v0/convex/upper_finger_r_convex.stlb
[0.805s] -- Up-to-date symlink: /home/suwi/ros2_4dof_arm/install/moveit_resources_pr2_description/share/moveit_resources_pr2_description/urdf/meshes/gripper_v0/finger_H_Color_100430.tif
[0.807s] -- Up-to-date symlink: /home/suwi/ros2_4dof_arm/install/moveit_resources_pr2_description/share/moveit_resources_pr2_description/urdf/meshes/gripper_v0/finger_H_UV_100430.dae
[0.809s] -- Up-to-date symlink: /home/suwi/ros2_4dof_arm/install/moveit_resources_pr2_description/share/moveit_resources_pr2_description/urdf/meshes/gripper_v0/finger_tip_H_UV_100430.dae
[0.811s] -- Up-to-date symlink: /home/suwi/ros2_4dof_arm/install/moveit_resources_pr2_description/share/moveit_resources_pr2_description/urdf/meshes/gripper_v0/finger_tip_l.stl
[0.814s] -- Up-to-date symlink: /home/suwi/ros2_4dof_arm/install/moveit_resources_pr2_description/share/moveit_resources_pr2_description/urdf/meshes/gripper_v0/finger_tip_pad2_l.stl
[0.816s] -- Up-to-date symlink: /home/suwi/ros2_4dof_arm/install/moveit_resources_pr2_description/share/moveit_resources_pr2_description/urdf/meshes/gripper_v0/finger_tip_pad2_r.stl
[0.818s] -- Up-to-date symlink: /home/suwi/ros2_4dof_arm/install/moveit_resources_pr2_description/share/moveit_resources_pr2_description/urdf/meshes/gripper_v0/finger_tip_r.stl
[0.820s] -- Up-to-date symlink: /home/suwi/ros2_4dof_arm/install/moveit_resources_pr2_description/share/moveit_resources_pr2_description/urdf/meshes/gripper_v0/fingertip_H_Color_100430.tif
[0.821s] -- Up-to-date symlink: /home/suwi/ros2_4dof_arm/install/moveit_resources_pr2_description/share/moveit_resources_pr2_description/urdf/meshes/gripper_v0/float_H_Color_100430.tif
[0.824s] -- Up-to-date symlink: /home/suwi/ros2_4dof_arm/install/moveit_resources_pr2_description/share/moveit_resources_pr2_description/urdf/meshes/gripper_v0/float_H_UV_100430.dae
[0.825s] -- Up-to-date symlink: /home/suwi/ros2_4dof_arm/install/moveit_resources_pr2_description/share/moveit_resources_pr2_description/urdf/meshes/gripper_v0/gripper_palm.dae
[0.826s] -- Up-to-date symlink: /home/suwi/ros2_4dof_arm/install/moveit_resources_pr2_description/share/moveit_resources_pr2_description/urdf/meshes/gripper_v0/gripper_palm.stl
[0.828s] -- Up-to-date symlink: /home/suwi/ros2_4dof_arm/install/moveit_resources_pr2_description/share/moveit_resources_pr2_description/urdf/meshes/gripper_v0/gripper_palm_color.tif
[0.830s] -- Up-to-date symlink: /home/suwi/ros2_4dof_arm/install/moveit_resources_pr2_description/share/moveit_resources_pr2_description/urdf/meshes/gripper_v0/gripper_palm_normals.tif
[0.831s] -- Up-to-date symlink: /home/suwi/ros2_4dof_arm/install/moveit_resources_pr2_description/share/moveit_resources_pr2_description/urdf/meshes/gripper_v0/l_finger.dae
[0.833s] -- Up-to-date symlink: /home/suwi/ros2_4dof_arm/install/moveit_resources_pr2_description/share/moveit_resources_pr2_description/urdf/meshes/gripper_v0/l_finger.stl
[0.835s] -- Up-to-date symlink: /home/suwi/ros2_4dof_arm/install/moveit_resources_pr2_description/share/moveit_resources_pr2_description/urdf/meshes/gripper_v0/l_finger_color.tif
[0.836s] -- Up-to-date symlink: /home/suwi/ros2_4dof_arm/install/moveit_resources_pr2_description/share/moveit_resources_pr2_description/urdf/meshes/gripper_v0/l_finger_normals.tif
[0.838s] -- Up-to-date symlink: /home/suwi/ros2_4dof_arm/install/moveit_resources_pr2_description/share/moveit_resources_pr2_description/urdf/meshes/gripper_v0/l_finger_tip.dae
[0.839s] -- Up-to-date symlink: /home/suwi/ros2_4dof_arm/install/moveit_resources_pr2_description/share/moveit_resources_pr2_description/urdf/meshes/gripper_v0/l_finger_tip.stl
[0.841s] -- Up-to-date symlink: /home/suwi/ros2_4dof_arm/install/moveit_resources_pr2_description/share/moveit_resources_pr2_description/urdf/meshes/gripper_v0/l_finger_tip_color.tif
[0.843s] -- Up-to-date symlink: /home/suwi/ros2_4dof_arm/install/moveit_resources_pr2_description/share/moveit_resources_pr2_description/urdf/meshes/gripper_v0/l_finger_tip_normals.tif
[0.844s] -- Up-to-date symlink: /home/suwi/ros2_4dof_arm/install/moveit_resources_pr2_description/share/moveit_resources_pr2_description/urdf/meshes/gripper_v0/l_float.dae
[0.846s] -- Up-to-date symlink: /home/suwi/ros2_4dof_arm/install/moveit_resources_pr2_description/share/moveit_resources_pr2_description/urdf/meshes/gripper_v0/l_float_color.tif
[0.848s] -- Up-to-date symlink: /home/suwi/ros2_4dof_arm/install/moveit_resources_pr2_description/share/moveit_resources_pr2_description/urdf/meshes/gripper_v0/l_float_normals.tif
[0.850s] -- Up-to-date symlink: /home/suwi/ros2_4dof_arm/install/moveit_resources_pr2_description/share/moveit_resources_pr2_description/urdf/meshes/gripper_v0/l_floating.stl
[0.851s] -- Up-to-date symlink: /home/suwi/ros2_4dof_arm/install/moveit_resources_pr2_description/share/moveit_resources_pr2_description/urdf/meshes/gripper_v0/palm_H_Color_100430.tif
[0.853s] -- Up-to-date symlink: /home/suwi/ros2_4dof_arm/install/moveit_resources_pr2_description/share/moveit_resources_pr2_description/urdf/meshes/gripper_v0/palm_H_UV_100430.dae
[0.855s] -- Up-to-date symlink: /home/suwi/ros2_4dof_arm/install/moveit_resources_pr2_description/share/moveit_resources_pr2_description/urdf/meshes/gripper_v0/upper_finger_l.stl
[0.856s] -- Up-to-date symlink: /home/suwi/ros2_4dof_arm/install/moveit_resources_pr2_description/share/moveit_resources_pr2_description/urdf/meshes/gripper_v0/upper_finger_r.stl
[0.860s] -- Up-to-date symlink: /home/suwi/ros2_4dof_arm/install/moveit_resources_pr2_description/share/moveit_resources_pr2_description/urdf/meshes/head_v0/convex/head_pan.dae
[0.862s] -- Up-to-date symlink: /home/suwi/ros2_4dof_arm/install/moveit_resources_pr2_description/share/moveit_resources_pr2_description/urdf/meshes/head_v0/convex/head_pan.xml
[0.863s] -- Up-to-date symlink: /home/suwi/ros2_4dof_arm/install/moveit_resources_pr2_description/share/moveit_resources_pr2_description/urdf/meshes/head_v0/convex/head_pan_L.dae
[0.865s] -- Up-to-date symlink: /home/suwi/ros2_4dof_arm/install/moveit_resources_pr2_description/share/moveit_resources_pr2_description/urdf/meshes/head_v0/convex/head_pan_L.xml
[0.867s] -- Up-to-date symlink: /home/suwi/ros2_4dof_arm/install/moveit_resources_pr2_description/share/moveit_resources_pr2_description/urdf/meshes/head_v0/convex/head_pan_L_convex.stla
[0.869s] -- Up-to-date symlink: /home/suwi/ros2_4dof_arm/install/moveit_resources_pr2_description/share/moveit_resources_pr2_description/urdf/meshes/head_v0/convex/head_pan_L_convex.stlb
[0.871s] -- Up-to-date symlink: /home/suwi/ros2_4dof_arm/install/moveit_resources_pr2_description/share/moveit_resources_pr2_description/urdf/meshes/head_v0/convex/head_pan_convex.stla
[0.872s] -- Up-to-date symlink: /home/suwi/ros2_4dof_arm/install/moveit_resources_pr2_description/share/moveit_resources_pr2_description/urdf/meshes/head_v0/convex/head_pan_convex.stlb
[0.874s] -- Up-to-date symlink: /home/suwi/ros2_4dof_arm/install/moveit_resources_pr2_description/share/moveit_resources_pr2_description/urdf/meshes/head_v0/convex/head_tilt.dae
[0.875s] -- Up-to-date symlink: /home/suwi/ros2_4dof_arm/install/moveit_resources_pr2_description/share/moveit_resources_pr2_description/urdf/meshes/head_v0/convex/head_tilt.xml
[0.877s] -- Up-to-date symlink: /home/suwi/ros2_4dof_arm/install/moveit_resources_pr2_description/share/moveit_resources_pr2_description/urdf/meshes/head_v0/convex/head_tilt_L.dae
[0.879s] -- Up-to-date symlink: /home/suwi/ros2_4dof_arm/install/moveit_resources_pr2_description/share/moveit_resources_pr2_description/urdf/meshes/head_v0/convex/head_tilt_L.xml
[0.880s] -- Up-to-date symlink: /home/suwi/ros2_4dof_arm/install/moveit_resources_pr2_description/share/moveit_resources_pr2_description/urdf/meshes/head_v0/convex/head_tilt_L_convex.stla
[0.882s] -- Up-to-date symlink: /home/suwi/ros2_4dof_arm/install/moveit_resources_pr2_description/share/moveit_resources_pr2_description/urdf/meshes/head_v0/convex/head_tilt_L_convex.stlb
[0.884s] -- Up-to-date symlink: /home/suwi/ros2_4dof_arm/install/moveit_resources_pr2_description/share/moveit_resources_pr2_description/urdf/meshes/head_v0/convex/head_tilt_convex.stla
[0.885s] -- Up-to-date symlink: /home/suwi/ros2_4dof_arm/install/moveit_resources_pr2_description/share/moveit_resources_pr2_description/urdf/meshes/head_v0/convex/head_tilt_convex.stlb
[0.887s] -- Up-to-date symlink: /home/suwi/ros2_4dof_arm/install/moveit_resources_pr2_description/share/moveit_resources_pr2_description/urdf/meshes/head_v0/head_pan.dae
[0.888s] -- Up-to-date symlink: /home/suwi/ros2_4dof_arm/install/moveit_resources_pr2_description/share/moveit_resources_pr2_description/urdf/meshes/head_v0/head_pan.stl
[0.889s] -- Up-to-date symlink: /home/suwi/ros2_4dof_arm/install/moveit_resources_pr2_description/share/moveit_resources_pr2_description/urdf/meshes/head_v0/head_pan_L.stl
[0.891s] -- Up-to-date symlink: /home/suwi/ros2_4dof_arm/install/moveit_resources_pr2_description/share/moveit_resources_pr2_description/urdf/meshes/head_v0/head_pan_color.tif
[0.893s] -- Up-to-date symlink: /home/suwi/ros2_4dof_arm/install/moveit_resources_pr2_description/share/moveit_resources_pr2_description/urdf/meshes/head_v0/head_pan_normals.tif
[0.894s] -- Up-to-date symlink: /home/suwi/ros2_4dof_arm/install/moveit_resources_pr2_description/share/moveit_resources_pr2_description/urdf/meshes/head_v0/head_tilt.dae
[0.896s] -- Up-to-date symlink: /home/suwi/ros2_4dof_arm/install/moveit_resources_pr2_description/share/moveit_resources_pr2_description/urdf/meshes/head_v0/head_tilt.stl
[0.897s] -- Up-to-date symlink: /home/suwi/ros2_4dof_arm/install/moveit_resources_pr2_description/share/moveit_resources_pr2_description/urdf/meshes/head_v0/head_tilt_L.stl
[0.899s] -- Up-to-date symlink: /home/suwi/ros2_4dof_arm/install/moveit_resources_pr2_description/share/moveit_resources_pr2_description/urdf/meshes/head_v0/head_tilt_color.tif
[0.901s] -- Up-to-date symlink: /home/suwi/ros2_4dof_arm/install/moveit_resources_pr2_description/share/moveit_resources_pr2_description/urdf/meshes/head_v0/head_tilt_color_red.tif
[0.903s] -- Up-to-date symlink: /home/suwi/ros2_4dof_arm/install/moveit_resources_pr2_description/share/moveit_resources_pr2_description/urdf/meshes/head_v0/head_tilt_color_yellow.tif
[0.905s] -- Up-to-date symlink: /home/suwi/ros2_4dof_arm/install/moveit_resources_pr2_description/share/moveit_resources_pr2_description/urdf/meshes/head_v0/head_tilt_green.tif
[0.906s] -- Up-to-date symlink: /home/suwi/ros2_4dof_arm/install/moveit_resources_pr2_description/share/moveit_resources_pr2_description/urdf/meshes/head_v0/head_tilt_normals.tif
[0.911s] -- Up-to-date symlink: /home/suwi/ros2_4dof_arm/install/moveit_resources_pr2_description/share/moveit_resources_pr2_description/urdf/meshes/sensors/kinect_prosilica_v0/115x100_swept_back--coarse.STL
[0.912s] -- Up-to-date symlink: /home/suwi/ros2_4dof_arm/install/moveit_resources_pr2_description/share/moveit_resources_pr2_description/urdf/meshes/sensors/kinect_prosilica_v0/115x100_swept_back_no_sensors--coarse.STL
[0.914s] -- Up-to-date symlink: /home/suwi/ros2_4dof_arm/install/moveit_resources_pr2_description/share/moveit_resources_pr2_description/urdf/meshes/sensors/kinect_prosilica_v0/115x100_swept_fwd--coarse.STL
[0.916s] -- Up-to-date symlink: /home/suwi/ros2_4dof_arm/install/moveit_resources_pr2_description/share/moveit_resources_pr2_description/urdf/meshes/sensors/kinect_prosilica_v0/115x100_swept_fwd_no_sensors--coarse.STL
[0.918s] -- Up-to-date symlink: /home/suwi/ros2_4dof_arm/install/moveit_resources_pr2_description/share/moveit_resources_pr2_description/urdf/meshes/sensors/kinect_prosilica_v0/68-04546_Kinect_Sensor--coarse.STL
[0.920s] -- Up-to-date symlink: /home/suwi/ros2_4dof_arm/install/moveit_resources_pr2_description/share/moveit_resources_pr2_description/urdf/meshes/sensors/kinect_prosilica_v0/Prosilica_w_Lens--coarse.STL
[0.923s] -- Up-to-date symlink: /home/suwi/ros2_4dof_arm/install/moveit_resources_pr2_description/share/moveit_resources_pr2_description/urdf/meshes/sensors/kinect_v0/kinect.dae
[0.925s] -- Up-to-date symlink: /home/suwi/ros2_4dof_arm/install/moveit_resources_pr2_description/share/moveit_resources_pr2_description/urdf/meshes/sensors/kinect_v0/kinect.tga
[0.927s] -- Up-to-date symlink: /home/suwi/ros2_4dof_arm/install/moveit_resources_pr2_description/share/moveit_resources_pr2_description/urdf/meshes/sensors/kinect_v0/kinect_color.tga
[0.928s] -- Up-to-date symlink: /home/suwi/ros2_4dof_arm/install/moveit_resources_pr2_description/share/moveit_resources_pr2_description/urdf/meshes/sensors/kinect_v0/kinect_mount.stl
[0.932s] -- Up-to-date symlink: /home/suwi/ros2_4dof_arm/install/moveit_resources_pr2_description/share/moveit_resources_pr2_description/urdf/meshes/shoulder_v0/convex/shoulder_lift.dae
[0.933s] -- Up-to-date symlink: /home/suwi/ros2_4dof_arm/install/moveit_resources_pr2_description/share/moveit_resources_pr2_description/urdf/meshes/shoulder_v0/convex/shoulder_lift.xml
[0.935s] -- Up-to-date symlink: /home/suwi/ros2_4dof_arm/install/moveit_resources_pr2_description/share/moveit_resources_pr2_description/urdf/meshes/shoulder_v0/convex/shoulder_lift_convex.stla
[0.937s] -- Up-to-date symlink: /home/suwi/ros2_4dof_arm/install/moveit_resources_pr2_description/share/moveit_resources_pr2_description/urdf/meshes/shoulder_v0/convex/shoulder_lift_convex.stlb
[0.939s] -- Up-to-date symlink: /home/suwi/ros2_4dof_arm/install/moveit_resources_pr2_description/share/moveit_resources_pr2_description/urdf/meshes/shoulder_v0/convex/shoulder_pan.dae
[0.941s] -- Up-to-date symlink: /home/suwi/ros2_4dof_arm/install/moveit_resources_pr2_description/share/moveit_resources_pr2_description/urdf/meshes/shoulder_v0/convex/shoulder_pan.xml
[0.942s] -- Up-to-date symlink: /home/suwi/ros2_4dof_arm/install/moveit_resources_pr2_description/share/moveit_resources_pr2_description/urdf/meshes/shoulder_v0/convex/shoulder_pan_convex.stla
[0.944s] -- Up-to-date symlink: /home/suwi/ros2_4dof_arm/install/moveit_resources_pr2_description/share/moveit_resources_pr2_description/urdf/meshes/shoulder_v0/convex/shoulder_pan_convex.stlb
[0.946s] -- Up-to-date symlink: /home/suwi/ros2_4dof_arm/install/moveit_resources_pr2_description/share/moveit_resources_pr2_description/urdf/meshes/shoulder_v0/convex/shoulder_yaw.dae
[0.947s] -- Up-to-date symlink: /home/suwi/ros2_4dof_arm/install/moveit_resources_pr2_description/share/moveit_resources_pr2_description/urdf/meshes/shoulder_v0/convex/shoulder_yaw.xml
[0.949s] -- Up-to-date symlink: /home/suwi/ros2_4dof_arm/install/moveit_resources_pr2_description/share/moveit_resources_pr2_description/urdf/meshes/shoulder_v0/convex/shoulder_yaw_convex.stla
[0.951s] -- Up-to-date symlink: /home/suwi/ros2_4dof_arm/install/moveit_resources_pr2_description/share/moveit_resources_pr2_description/urdf/meshes/shoulder_v0/convex/shoulder_yaw_convex.stlb
[0.953s] -- Up-to-date symlink: /home/suwi/ros2_4dof_arm/install/moveit_resources_pr2_description/share/moveit_resources_pr2_description/urdf/meshes/shoulder_v0/convex/upper_arm_roll.dae
[0.954s] -- Up-to-date symlink: /home/suwi/ros2_4dof_arm/install/moveit_resources_pr2_description/share/moveit_resources_pr2_description/urdf/meshes/shoulder_v0/convex/upper_arm_roll.xml
[0.956s] -- Up-to-date symlink: /home/suwi/ros2_4dof_arm/install/moveit_resources_pr2_description/share/moveit_resources_pr2_description/urdf/meshes/shoulder_v0/convex/upper_arm_roll_L.dae
[0.958s] -- Up-to-date symlink: /home/suwi/ros2_4dof_arm/install/moveit_resources_pr2_description/share/moveit_resources_pr2_description/urdf/meshes/shoulder_v0/convex/upper_arm_roll_L.xml
[0.959s] -- Up-to-date symlink: /home/suwi/ros2_4dof_arm/install/moveit_resources_pr2_description/share/moveit_resources_pr2_description/urdf/meshes/shoulder_v0/convex/upper_arm_roll_L_convex.stla
[0.961s] -- Up-to-date symlink: /home/suwi/ros2_4dof_arm/install/moveit_resources_pr2_description/share/moveit_resources_pr2_description/urdf/meshes/shoulder_v0/convex/upper_arm_roll_L_convex.stlb
[0.962s] -- Up-to-date symlink: /home/suwi/ros2_4dof_arm/install/moveit_resources_pr2_description/share/moveit_resources_pr2_description/urdf/meshes/shoulder_v0/convex/upper_arm_roll_convex.stla
[0.964s] -- Up-to-date symlink: /home/suwi/ros2_4dof_arm/install/moveit_resources_pr2_description/share/moveit_resources_pr2_description/urdf/meshes/shoulder_v0/convex/upper_arm_roll_convex.stlb
[0.966s] -- Up-to-date symlink: /home/suwi/ros2_4dof_arm/install/moveit_resources_pr2_description/share/moveit_resources_pr2_description/urdf/meshes/shoulder_v0/shoulder_lift.dae
[0.967s] -- Up-to-date symlink: /home/suwi/ros2_4dof_arm/install/moveit_resources_pr2_description/share/moveit_resources_pr2_description/urdf/meshes/shoulder_v0/shoulder_lift.stl
[0.969s] -- Up-to-date symlink: /home/suwi/ros2_4dof_arm/install/moveit_resources_pr2_description/share/moveit_resources_pr2_description/urdf/meshes/shoulder_v0/shoulder_lift_color.tif
[0.970s] -- Up-to-date symlink: /home/suwi/ros2_4dof_arm/install/moveit_resources_pr2_description/share/moveit_resources_pr2_description/urdf/meshes/shoulder_v0/shoulder_lift_normals.tif
[0.972s] -- Up-to-date symlink: /home/suwi/ros2_4dof_arm/install/moveit_resources_pr2_description/share/moveit_resources_pr2_description/urdf/meshes/shoulder_v0/shoulder_pan.dae
[0.973s] -- Up-to-date symlink: /home/suwi/ros2_4dof_arm/install/moveit_resources_pr2_description/share/moveit_resources_pr2_description/urdf/meshes/shoulder_v0/shoulder_pan.stl
[0.975s] -- Up-to-date symlink: /home/suwi/ros2_4dof_arm/install/moveit_resources_pr2_description/share/moveit_resources_pr2_description/urdf/meshes/shoulder_v0/shoulder_pan_color.tif
[0.977s] -- Up-to-date symlink: /home/suwi/ros2_4dof_arm/install/moveit_resources_pr2_description/share/moveit_resources_pr2_description/urdf/meshes/shoulder_v0/shoulder_pan_normals.tif
[0.978s] -- Up-to-date symlink: /home/suwi/ros2_4dof_arm/install/moveit_resources_pr2_description/share/moveit_resources_pr2_description/urdf/meshes/shoulder_v0/shoulder_yaw.stl
[0.980s] -- Up-to-date symlink: /home/suwi/ros2_4dof_arm/install/moveit_resources_pr2_description/share/moveit_resources_pr2_description/urdf/meshes/shoulder_v0/upper_arm_roll.dae
[0.982s] -- Up-to-date symlink: /home/suwi/ros2_4dof_arm/install/moveit_resources_pr2_description/share/moveit_resources_pr2_description/urdf/meshes/shoulder_v0/upper_arm_roll.stl
[0.983s] -- Up-to-date symlink: /home/suwi/ros2_4dof_arm/install/moveit_resources_pr2_description/share/moveit_resources_pr2_description/urdf/meshes/shoulder_v0/upper_arm_roll_L.stl
[0.985s] -- Up-to-date symlink: /home/suwi/ros2_4dof_arm/install/moveit_resources_pr2_description/share/moveit_resources_pr2_description/urdf/meshes/shoulder_v0/upper_arm_roll_color.tif
[0.987s] -- Up-to-date symlink: /home/suwi/ros2_4dof_arm/install/moveit_resources_pr2_description/share/moveit_resources_pr2_description/urdf/meshes/shoulder_v0/upper_arm_roll_normals.tif
[0.990s] -- Up-to-date symlink: /home/suwi/ros2_4dof_arm/install/moveit_resources_pr2_description/share/moveit_resources_pr2_description/urdf/meshes/tilting_laser_v0/convex/hok_tilt.dae
[0.992s] -- Up-to-date symlink: /home/suwi/ros2_4dof_arm/install/moveit_resources_pr2_description/share/moveit_resources_pr2_description/urdf/meshes/tilting_laser_v0/convex/hok_tilt.xml
[0.994s] -- Up-to-date symlink: /home/suwi/ros2_4dof_arm/install/moveit_resources_pr2_description/share/moveit_resources_pr2_description/urdf/meshes/tilting_laser_v0/convex/hok_tilt_convex.stla
[0.995s] -- Up-to-date symlink: /home/suwi/ros2_4dof_arm/install/moveit_resources_pr2_description/share/moveit_resources_pr2_description/urdf/meshes/tilting_laser_v0/convex/hok_tilt_convex.stlb
[0.997s] -- Up-to-date symlink: /home/suwi/ros2_4dof_arm/install/moveit_resources_pr2_description/share/moveit_resources_pr2_description/urdf/meshes/tilting_laser_v0/convex/tilting_hokuyo.dae
[0.999s] -- Up-to-date symlink: /home/suwi/ros2_4dof_arm/install/moveit_resources_pr2_description/share/moveit_resources_pr2_description/urdf/meshes/tilting_laser_v0/convex/tilting_hokuyo.xml
[1.000s] -- Up-to-date symlink: /home/suwi/ros2_4dof_arm/install/moveit_resources_pr2_description/share/moveit_resources_pr2_description/urdf/meshes/tilting_laser_v0/convex/tilting_hokuyo_L.dae
[1.002s] -- Up-to-date symlink: /home/suwi/ros2_4dof_arm/install/moveit_resources_pr2_description/share/moveit_resources_pr2_description/urdf/meshes/tilting_laser_v0/convex/tilting_hokuyo_L.xml
[1.004s] -- Up-to-date symlink: /home/suwi/ros2_4dof_arm/install/moveit_resources_pr2_description/share/moveit_resources_pr2_description/urdf/meshes/tilting_laser_v0/convex/tilting_hokuyo_L_convex.stla
[1.006s] -- Up-to-date symlink: /home/suwi/ros2_4dof_arm/install/moveit_resources_pr2_description/share/moveit_resources_pr2_description/urdf/meshes/tilting_laser_v0/convex/tilting_hokuyo_L_convex.stlb
[1.007s] -- Up-to-date symlink: /home/suwi/ros2_4dof_arm/install/moveit_resources_pr2_description/share/moveit_resources_pr2_description/urdf/meshes/tilting_laser_v0/convex/tilting_hokuyo_convex.stla
[1.009s] -- Up-to-date symlink: /home/suwi/ros2_4dof_arm/install/moveit_resources_pr2_description/share/moveit_resources_pr2_description/urdf/meshes/tilting_laser_v0/convex/tilting_hokuyo_convex.stlb
[1.010s] -- Up-to-date symlink: /home/suwi/ros2_4dof_arm/install/moveit_resources_pr2_description/share/moveit_resources_pr2_description/urdf/meshes/tilting_laser_v0/hok_tilt.stl
[1.012s] -- Up-to-date symlink: /home/suwi/ros2_4dof_arm/install/moveit_resources_pr2_description/share/moveit_resources_pr2_description/urdf/meshes/tilting_laser_v0/tilting_hokuyo.dae
[1.015s] -- Up-to-date symlink: /home/suwi/ros2_4dof_arm/install/moveit_resources_pr2_description/share/moveit_resources_pr2_description/urdf/meshes/tilting_laser_v0/tilting_hokuyo.stl
[1.017s] -- Up-to-date symlink: /home/suwi/ros2_4dof_arm/install/moveit_resources_pr2_description/share/moveit_resources_pr2_description/urdf/meshes/tilting_laser_v0/tilting_hokuyo_L.stl
[1.018s] -- Up-to-date symlink: /home/suwi/ros2_4dof_arm/install/moveit_resources_pr2_description/share/moveit_resources_pr2_description/urdf/meshes/tilting_laser_v0/tilting_hokuyo_color.tif
[1.020s] -- Up-to-date symlink: /home/suwi/ros2_4dof_arm/install/moveit_resources_pr2_description/share/moveit_resources_pr2_description/urdf/meshes/tilting_laser_v0/tilting_hokuyo_normals.tif
[1.023s] -- Up-to-date symlink: /home/suwi/ros2_4dof_arm/install/moveit_resources_pr2_description/share/moveit_resources_pr2_description/urdf/meshes/torso_v0/convex/torso.dae
[1.025s] -- Up-to-date symlink: /home/suwi/ros2_4dof_arm/install/moveit_resources_pr2_description/share/moveit_resources_pr2_description/urdf/meshes/torso_v0/convex/torso.xml
[1.027s] -- Up-to-date symlink: /home/suwi/ros2_4dof_arm/install/moveit_resources_pr2_description/share/moveit_resources_pr2_description/urdf/meshes/torso_v0/convex/torso_convex.stla
[1.028s] -- Up-to-date symlink: /home/suwi/ros2_4dof_arm/install/moveit_resources_pr2_description/share/moveit_resources_pr2_description/urdf/meshes/torso_v0/convex/torso_convex.stlb
[1.030s] -- Up-to-date symlink: /home/suwi/ros2_4dof_arm/install/moveit_resources_pr2_description/share/moveit_resources_pr2_description/urdf/meshes/torso_v0/convex/torso_lift.dae
[1.032s] -- Up-to-date symlink: /home/suwi/ros2_4dof_arm/install/moveit_resources_pr2_description/share/moveit_resources_pr2_description/urdf/meshes/torso_v0/convex/torso_lift.xml
[1.034s] -- Up-to-date symlink: /home/suwi/ros2_4dof_arm/install/moveit_resources_pr2_description/share/moveit_resources_pr2_description/urdf/meshes/torso_v0/convex/torso_lift_L.dae
[1.035s] -- Up-to-date symlink: /home/suwi/ros2_4dof_arm/install/moveit_resources_pr2_description/share/moveit_resources_pr2_description/urdf/meshes/torso_v0/convex/torso_lift_L.xml
[1.037s] -- Up-to-date symlink: /home/suwi/ros2_4dof_arm/install/moveit_resources_pr2_description/share/moveit_resources_pr2_description/urdf/meshes/torso_v0/convex/torso_lift_L_convex.stla
[1.039s] -- Up-to-date symlink: /home/suwi/ros2_4dof_arm/install/moveit_resources_pr2_description/share/moveit_resources_pr2_description/urdf/meshes/torso_v0/convex/torso_lift_L_convex.stlb
[1.040s] -- Up-to-date symlink: /home/suwi/ros2_4dof_arm/install/moveit_resources_pr2_description/share/moveit_resources_pr2_description/urdf/meshes/torso_v0/convex/torso_lift_convex.stla
[1.042s] -- Up-to-date symlink: /home/suwi/ros2_4dof_arm/install/moveit_resources_pr2_description/share/moveit_resources_pr2_description/urdf/meshes/torso_v0/convex/torso_lift_convex.stlb
[1.044s] -- Up-to-date symlink: /home/suwi/ros2_4dof_arm/install/moveit_resources_pr2_description/share/moveit_resources_pr2_description/urdf/meshes/torso_v0/torso.stl
[1.045s] -- Up-to-date symlink: /home/suwi/ros2_4dof_arm/install/moveit_resources_pr2_description/share/moveit_resources_pr2_description/urdf/meshes/torso_v0/torso_lift.dae
[1.047s] -- Up-to-date symlink: /home/suwi/ros2_4dof_arm/install/moveit_resources_pr2_description/share/moveit_resources_pr2_description/urdf/meshes/torso_v0/torso_lift.stl
[1.048s] -- Up-to-date symlink: /home/suwi/ros2_4dof_arm/install/moveit_resources_pr2_description/share/moveit_resources_pr2_description/urdf/meshes/torso_v0/torso_lift_L.stl
[1.051s] -- Up-to-date symlink: /home/suwi/ros2_4dof_arm/install/moveit_resources_pr2_description/share/moveit_resources_pr2_description/urdf/meshes/torso_v0/torso_lift_color.tif
[1.052s] -- Up-to-date symlink: /home/suwi/ros2_4dof_arm/install/moveit_resources_pr2_description/share/moveit_resources_pr2_description/urdf/meshes/torso_v0/torso_lift_normals.tif
[1.056s] -- Up-to-date symlink: /home/suwi/ros2_4dof_arm/install/moveit_resources_pr2_description/share/moveit_resources_pr2_description/urdf/meshes/upper_arm_v0/convex/elbow_flex.dae
[1.057s] -- Up-to-date symlink: /home/suwi/ros2_4dof_arm/install/moveit_resources_pr2_description/share/moveit_resources_pr2_description/urdf/meshes/upper_arm_v0/convex/elbow_flex.xml
[1.059s] -- Up-to-date symlink: /home/suwi/ros2_4dof_arm/install/moveit_resources_pr2_description/share/moveit_resources_pr2_description/urdf/meshes/upper_arm_v0/convex/elbow_flex_convex.stla
[1.061s] -- Up-to-date symlink: /home/suwi/ros2_4dof_arm/install/moveit_resources_pr2_description/share/moveit_resources_pr2_description/urdf/meshes/upper_arm_v0/convex/elbow_flex_convex.stlb
[1.062s] -- Up-to-date symlink: /home/suwi/ros2_4dof_arm/install/moveit_resources_pr2_description/share/moveit_resources_pr2_description/urdf/meshes/upper_arm_v0/convex/forearm_roll.dae
[1.064s] -- Up-to-date symlink: /home/suwi/ros2_4dof_arm/install/moveit_resources_pr2_description/share/moveit_resources_pr2_description/urdf/meshes/upper_arm_v0/convex/forearm_roll.xml
[1.065s] -- Up-to-date symlink: /home/suwi/ros2_4dof_arm/install/moveit_resources_pr2_description/share/moveit_resources_pr2_description/urdf/meshes/upper_arm_v0/convex/forearm_roll_L.dae
[1.067s] -- Up-to-date symlink: /home/suwi/ros2_4dof_arm/install/moveit_resources_pr2_description/share/moveit_resources_pr2_description/urdf/meshes/upper_arm_v0/convex/forearm_roll_L.xml
[1.068s] -- Up-to-date symlink: /home/suwi/ros2_4dof_arm/install/moveit_resources_pr2_description/share/moveit_resources_pr2_description/urdf/meshes/upper_arm_v0/convex/forearm_roll_L_convex.stla
[1.070s] -- Up-to-date symlink: /home/suwi/ros2_4dof_arm/install/moveit_resources_pr2_description/share/moveit_resources_pr2_description/urdf/meshes/upper_arm_v0/convex/forearm_roll_L_convex.stlb
[1.072s] -- Up-to-date symlink: /home/suwi/ros2_4dof_arm/install/moveit_resources_pr2_description/share/moveit_resources_pr2_description/urdf/meshes/upper_arm_v0/convex/forearm_roll_convex.stla
[1.074s] -- Up-to-date symlink: /home/suwi/ros2_4dof_arm/install/moveit_resources_pr2_description/share/moveit_resources_pr2_description/urdf/meshes/upper_arm_v0/convex/forearm_roll_convex.stlb
[1.076s] -- Up-to-date symlink: /home/suwi/ros2_4dof_arm/install/moveit_resources_pr2_description/share/moveit_resources_pr2_description/urdf/meshes/upper_arm_v0/convex/upper_arm.dae
[1.077s] -- Up-to-date symlink: /home/suwi/ros2_4dof_arm/install/moveit_resources_pr2_description/share/moveit_resources_pr2_description/urdf/meshes/upper_arm_v0/convex/upper_arm.xml
[1.079s] -- Up-to-date symlink: /home/suwi/ros2_4dof_arm/install/moveit_resources_pr2_description/share/moveit_resources_pr2_description/urdf/meshes/upper_arm_v0/convex/upper_arm_convex.stla
[1.080s] -- Up-to-date symlink: /home/suwi/ros2_4dof_arm/install/moveit_resources_pr2_description/share/moveit_resources_pr2_description/urdf/meshes/upper_arm_v0/convex/upper_arm_convex.stlb
[1.082s] -- Up-to-date symlink: /home/suwi/ros2_4dof_arm/install/moveit_resources_pr2_description/share/moveit_resources_pr2_description/urdf/meshes/upper_arm_v0/elbow_flex.dae
[1.084s] -- Up-to-date symlink: /home/suwi/ros2_4dof_arm/install/moveit_resources_pr2_description/share/moveit_resources_pr2_description/urdf/meshes/upper_arm_v0/elbow_flex.stl
[1.085s] -- Up-to-date symlink: /home/suwi/ros2_4dof_arm/install/moveit_resources_pr2_description/share/moveit_resources_pr2_description/urdf/meshes/upper_arm_v0/elbow_flex_color.tif
[1.087s] -- Up-to-date symlink: /home/suwi/ros2_4dof_arm/install/moveit_resources_pr2_description/share/moveit_resources_pr2_description/urdf/meshes/upper_arm_v0/elbow_flex_normals.tif
[1.088s] -- Up-to-date symlink: /home/suwi/ros2_4dof_arm/install/moveit_resources_pr2_description/share/moveit_resources_pr2_description/urdf/meshes/upper_arm_v0/forearm_roll.stl
[1.090s] -- Up-to-date symlink: /home/suwi/ros2_4dof_arm/install/moveit_resources_pr2_description/share/moveit_resources_pr2_description/urdf/meshes/upper_arm_v0/forearm_roll_L.stl
[1.092s] -- Up-to-date symlink: /home/suwi/ros2_4dof_arm/install/moveit_resources_pr2_description/share/moveit_resources_pr2_description/urdf/meshes/upper_arm_v0/upper_arm.dae
[1.093s] -- Up-to-date symlink: /home/suwi/ros2_4dof_arm/install/moveit_resources_pr2_description/share/moveit_resources_pr2_description/urdf/meshes/upper_arm_v0/upper_arm.jpg
[1.095s] -- Up-to-date symlink: /home/suwi/ros2_4dof_arm/install/moveit_resources_pr2_description/share/moveit_resources_pr2_description/urdf/meshes/upper_arm_v0/upper_arm.stl
[1.096s] -- Up-to-date symlink: /home/suwi/ros2_4dof_arm/install/moveit_resources_pr2_description/share/moveit_resources_pr2_description/urdf/meshes/upper_arm_v0/upper_arm_color.tif
[1.098s] -- Up-to-date symlink: /home/suwi/ros2_4dof_arm/install/moveit_resources_pr2_description/share/moveit_resources_pr2_description/urdf/meshes/upper_arm_v0/upper_arm_normals.tif
[1.100s] -- Up-to-date symlink: /home/suwi/ros2_4dof_arm/install/moveit_resources_pr2_description/share/moveit_resources_pr2_description/urdf/robot.xml
[1.102s] -- Up-to-date symlink: /home/suwi/ros2_4dof_arm/install/moveit_resources_pr2_description/share/moveit_resources_pr2_description/kinect.dae
[1.109s] Invoked command in '/home/suwi/ros2_4dof_arm/build/moveit_resources_pr2_description' returned '0': CMAKE_PREFIX_PATH=${CMAKE_PREFIX_PATH}:/home/suwi/ros2_4dof_arm/install/moveit_configs_utils:/home/suwi/ros2_ws_prac/install/pub_sub /usr/bin/cmake --install /home/suwi/ros2_4dof_arm/build/moveit_resources_pr2_description
